[2025-07-30T15:46:00.253+0000] {local_task_job_runner.py:123} INFO - ::group::Pre task execution logs
[2025-07-30T15:46:00.417+0000] {taskinstance.py:2612} INFO - Dependencies all met for dep_context=non-requeueable deps ti=<TaskInstance: dag_json_to_doris.truncate_market_data manual__2025-07-30T15:45:49.325143+00:00 [queued]>
[2025-07-30T15:46:00.523+0000] {taskinstance.py:2612} INFO - Dependencies all met for dep_context=requeueable deps ti=<TaskInstance: dag_json_to_doris.truncate_market_data manual__2025-07-30T15:45:49.325143+00:00 [queued]>
[2025-07-30T15:46:00.524+0000] {taskinstance.py:2865} INFO - Starting attempt 1 of 2
[2025-07-30T15:46:00.571+0000] {taskinstance.py:2888} INFO - Executing <Task(SQLExecuteQueryOperator): truncate_market_data> on 2025-07-30 15:45:49.325143+00:00
[2025-07-30T15:46:00.619+0000] {warnings.py:112} WARNING - /home/***/.local/lib/python3.12/site-packages/***/task/task_runner/standard_task_runner.py:70: DeprecationWarning: This process (pid=272) is multi-threaded, use of fork() may lead to deadlocks in the child.
  pid = os.fork()

[2025-07-30T15:46:00.625+0000] {standard_task_runner.py:104} INFO - Running: ['***', 'tasks', 'run', 'dag_json_to_doris', 'truncate_market_data', 'manual__2025-07-30T15:45:49.325143+00:00', '--job-id', '188', '--raw', '--subdir', 'DAGS_FOLDER/dag_json_to_doris.py', '--cfg-path', '/tmp/tmp_c81zwbn']
[2025-07-30T15:46:00.630+0000] {standard_task_runner.py:72} INFO - Started process 286 to run task
[2025-07-30T15:46:00.630+0000] {standard_task_runner.py:105} INFO - Job 188: Subtask truncate_market_data
[2025-07-30T15:46:01.033+0000] {task_command.py:467} INFO - Running <TaskInstance: dag_json_to_doris.truncate_market_data manual__2025-07-30T15:45:49.325143+00:00 [running]> on host 7609641ebe00
[2025-07-30T15:46:01.454+0000] {taskinstance.py:3131} INFO - Exporting env vars: AIRFLOW_CTX_DAG_OWNER='reza' AIRFLOW_CTX_DAG_ID='dag_json_to_doris' AIRFLOW_CTX_TASK_ID='truncate_market_data' AIRFLOW_CTX_EXECUTION_DATE='2025-07-30T15:45:49.325143+00:00' AIRFLOW_CTX_TRY_NUMBER='1' AIRFLOW_CTX_DAG_RUN_ID='manual__2025-07-30T15:45:49.325143+00:00'
[2025-07-30T15:46:01.476+0000] {logging_mixin.py:190} INFO - Task instance is in running state
[2025-07-30T15:46:01.477+0000] {logging_mixin.py:190} INFO -  Previous state of the Task instance: queued
[2025-07-30T15:46:01.478+0000] {logging_mixin.py:190} INFO - Current task name:truncate_market_data state:running start_date:2025-07-30 15:46:00.440670+00:00
[2025-07-30T15:46:01.479+0000] {logging_mixin.py:190} INFO - Dag name:dag_json_to_doris and current dag run status:running
[2025-07-30T15:46:01.483+0000] {taskinstance.py:731} INFO - ::endgroup::
[2025-07-30T15:46:01.486+0000] {sql.py:266} INFO - Executing: truncate table raw.market_data
[2025-07-30T15:46:01.534+0000] {base.py:84} INFO - Retrieving connection 'mysql_doris_conn'
[2025-07-30T15:46:01.656+0000] {base.py:84} INFO - Retrieving connection 'mysql_doris_conn'
[2025-07-30T15:46:02.154+0000] {sql.py:509} INFO - Running statement: truncate table raw.market_data, parameters: None
[2025-07-30T15:46:02.304+0000] {sql.py:518} INFO - Rows affected: 0
[2025-07-30T15:46:02.409+0000] {taskinstance.py:340} INFO - ::group::Post task execution logs
[2025-07-30T15:46:02.410+0000] {taskinstance.py:352} INFO - Marking task as SUCCESS. dag_id=dag_json_to_doris, task_id=truncate_market_data, run_id=manual__2025-07-30T15:45:49.325143+00:00, execution_date=20250730T154549, start_date=20250730T154600, end_date=20250730T154602
[2025-07-30T15:46:02.454+0000] {logging_mixin.py:190} INFO - Task instance in success state
[2025-07-30T15:46:02.460+0000] {logging_mixin.py:190} INFO -  Previous state of the Task instance: running
[2025-07-30T15:46:02.460+0000] {logging_mixin.py:190} INFO - Dag name:dag_json_to_doris queued_at:2025-07-30 15:45:49.357987+00:00
[2025-07-30T15:46:02.461+0000] {logging_mixin.py:190} INFO - Task hostname:7609641ebe00 operator:SQLExecuteQueryOperator
[2025-07-30T15:46:02.538+0000] {local_task_job_runner.py:266} INFO - Task exited with return code 0
[2025-07-30T15:46:02.655+0000] {taskinstance.py:3900} INFO - 1 downstream tasks scheduled from follow-on schedule check
[2025-07-30T15:46:02.658+0000] {local_task_job_runner.py:245} INFO - ::endgroup::
