[2025-07-30T17:11:07.916+0000] {local_task_job_runner.py:123} INFO - ::group::Pre task execution logs
[2025-07-30T17:11:07.980+0000] {taskinstance.py:2612} INFO - Dependencies all met for dep_context=non-requeueable deps ti=<TaskInstance: dag_refined_to_business.exec_sql_asset_summary manual__2025-07-30T17:10:08.290460+00:00 [queued]>
[2025-07-30T17:11:08.004+0000] {taskinstance.py:2612} INFO - Dependencies all met for dep_context=requeueable deps ti=<TaskInstance: dag_refined_to_business.exec_sql_asset_summary manual__2025-07-30T17:10:08.290460+00:00 [queued]>
[2025-07-30T17:11:08.009+0000] {taskinstance.py:2865} INFO - Starting attempt 1 of 2
[2025-07-30T17:11:08.054+0000] {taskinstance.py:2888} INFO - Executing <Task(SQLExecuteQueryOperator): exec_sql_asset_summary> on 2025-07-30 17:10:08.290460+00:00
[2025-07-30T17:11:08.091+0000] {warnings.py:112} WARNING - /home/***/.local/lib/python3.12/site-packages/***/task/task_runner/standard_task_runner.py:70: DeprecationWarning: This process (pid=1442) is multi-threaded, use of fork() may lead to deadlocks in the child.
  pid = os.fork()

[2025-07-30T17:11:08.098+0000] {standard_task_runner.py:72} INFO - Started process 1451 to run task
[2025-07-30T17:11:08.109+0000] {standard_task_runner.py:104} INFO - Running: ['***', 'tasks', 'run', 'dag_refined_to_business', 'exec_sql_asset_summary', 'manual__2025-07-30T17:10:08.290460+00:00', '--job-id', '226', '--raw', '--subdir', 'DAGS_FOLDER/dag_redined_to_business.py', '--cfg-path', '/tmp/tmp2pei_t9u']
[2025-07-30T17:11:08.111+0000] {standard_task_runner.py:105} INFO - Job 226: Subtask exec_sql_asset_summary
[2025-07-30T17:11:08.260+0000] {task_command.py:467} INFO - Running <TaskInstance: dag_refined_to_business.exec_sql_asset_summary manual__2025-07-30T17:10:08.290460+00:00 [running]> on host 7609641ebe00
[2025-07-30T17:11:08.579+0000] {taskinstance.py:3131} INFO - Exporting env vars: AIRFLOW_CTX_DAG_OWNER='reza' AIRFLOW_CTX_DAG_ID='dag_refined_to_business' AIRFLOW_CTX_TASK_ID='exec_sql_asset_summary' AIRFLOW_CTX_EXECUTION_DATE='2025-07-30T17:10:08.290460+00:00' AIRFLOW_CTX_TRY_NUMBER='1' AIRFLOW_CTX_DAG_RUN_ID='manual__2025-07-30T17:10:08.290460+00:00'
[2025-07-30T17:11:08.608+0000] {logging_mixin.py:190} INFO - Task instance is in running state
[2025-07-30T17:11:08.611+0000] {logging_mixin.py:190} INFO -  Previous state of the Task instance: queued
[2025-07-30T17:11:08.612+0000] {logging_mixin.py:190} INFO - Current task name:exec_sql_asset_summary state:running start_date:2025-07-30 17:11:07.981367+00:00
[2025-07-30T17:11:08.612+0000] {logging_mixin.py:190} INFO - Dag name:dag_refined_to_business and current dag run status:running
[2025-07-30T17:11:08.615+0000] {taskinstance.py:731} INFO - ::endgroup::
[2025-07-30T17:11:08.622+0000] {sql.py:266} INFO - Executing: INSERT INTO business.asset_summary
SELECT
  symbol,
  name,
  current_price,
  market_cap,
  market_cap_rank,
  total_volume,
  last_updated
FROM refined.coingecko_flat;
[2025-07-30T17:11:08.660+0000] {base.py:84} INFO - Retrieving connection 'mysql_doris_conn'
[2025-07-30T17:11:08.768+0000] {base.py:84} INFO - Retrieving connection 'mysql_doris_conn'
[2025-07-30T17:11:09.068+0000] {sql.py:509} INFO - Running statement: INSERT INTO business.asset_summary
SELECT
  symbol,
  name,
  current_price,
  market_cap,
  market_cap_rank,
  total_volume,
  last_updated
FROM refined.coingecko_flat;, parameters: None
[2025-07-30T17:11:10.234+0000] {sql.py:518} INFO - Rows affected: 1000
[2025-07-30T17:11:10.490+0000] {taskinstance.py:340} INFO - ::group::Post task execution logs
[2025-07-30T17:11:10.495+0000] {taskinstance.py:352} INFO - Marking task as SUCCESS. dag_id=dag_refined_to_business, task_id=exec_sql_asset_summary, run_id=manual__2025-07-30T17:10:08.290460+00:00, execution_date=20250730T171008, start_date=20250730T171107, end_date=20250730T171110
[2025-07-30T17:11:11.031+0000] {logging_mixin.py:190} INFO - Task instance in success state
[2025-07-30T17:11:11.047+0000] {logging_mixin.py:190} INFO -  Previous state of the Task instance: running
[2025-07-30T17:11:11.049+0000] {logging_mixin.py:190} INFO - Dag name:dag_refined_to_business queued_at:2025-07-30 17:10:08.350823+00:00
[2025-07-30T17:11:11.050+0000] {logging_mixin.py:190} INFO - Task hostname:7609641ebe00 operator:SQLExecuteQueryOperator
[2025-07-30T17:11:11.141+0000] {local_task_job_runner.py:266} INFO - Task exited with return code 0
[2025-07-30T17:11:11.311+0000] {taskinstance.py:3900} INFO - 0 downstream tasks scheduled from follow-on schedule check
[2025-07-30T17:11:11.320+0000] {local_task_job_runner.py:245} INFO - ::endgroup::
