[2025-07-28T15:42:50.262+0000] {processor.py:186} INFO - Started process (PID=69) to work on /home/airflow/.local/lib/python3.12/site-packages/airflow/example_dags/example_subdag_operator.py
[2025-07-28T15:42:50.263+0000] {processor.py:914} INFO - Processing file /home/airflow/.local/lib/python3.12/site-packages/airflow/example_dags/example_subdag_operator.py for tasks to queue
[2025-07-28T15:42:50.265+0000] {logging_mixin.py:190} INFO - [2025-07-28T15:42:50.264+0000] {dagbag.py:587} INFO - Filling up the DagBag from /home/airflow/.local/lib/python3.12/site-packages/airflow/example_dags/example_subdag_operator.py
[2025-07-28T15:42:50.304+0000] {processor.py:925} INFO - DAG(s) 'example_subdag_operator.section-1', 'example_subdag_operator.section-2', 'example_subdag_operator' retrieved from /home/airflow/.local/lib/python3.12/site-packages/airflow/example_dags/example_subdag_operator.py
[2025-07-28T15:42:50.404+0000] {logging_mixin.py:190} INFO - [2025-07-28T15:42:50.404+0000] {override.py:1900} INFO - Created Permission View: can edit on DAG:example_subdag_operator
[2025-07-28T15:42:50.413+0000] {logging_mixin.py:190} INFO - [2025-07-28T15:42:50.413+0000] {override.py:1900} INFO - Created Permission View: can read on DAG:example_subdag_operator
[2025-07-28T15:42:50.417+0000] {logging_mixin.py:190} INFO - [2025-07-28T15:42:50.417+0000] {override.py:1900} INFO - Created Permission View: can delete on DAG:example_subdag_operator
[2025-07-28T15:42:50.429+0000] {logging_mixin.py:190} INFO - [2025-07-28T15:42:50.429+0000] {override.py:1900} INFO - Created Permission View: can read on DAG Run:example_subdag_operator
[2025-07-28T15:42:50.439+0000] {logging_mixin.py:190} INFO - [2025-07-28T15:42:50.438+0000] {override.py:1900} INFO - Created Permission View: can delete on DAG Run:example_subdag_operator
[2025-07-28T15:42:50.523+0000] {logging_mixin.py:190} INFO - [2025-07-28T15:42:50.522+0000] {override.py:1900} INFO - Created Permission View: can create on DAG Run:example_subdag_operator
[2025-07-28T15:42:50.530+0000] {logging_mixin.py:190} INFO - [2025-07-28T15:42:50.530+0000] {override.py:1900} INFO - Created Permission View: menu access on DAG Run:example_subdag_operator
[2025-07-28T15:42:50.531+0000] {logging_mixin.py:190} INFO - [2025-07-28T15:42:50.530+0000] {dag.py:3229} INFO - Sync 3 DAGs
[2025-07-28T15:42:50.541+0000] {logging_mixin.py:190} INFO - [2025-07-28T15:42:50.541+0000] {dag.py:3252} INFO - Creating ORM DAG for example_subdag_operator
[2025-07-28T15:42:50.542+0000] {logging_mixin.py:190} INFO - [2025-07-28T15:42:50.542+0000] {dag.py:3252} INFO - Creating ORM DAG for example_subdag_operator.section-2
[2025-07-28T15:42:50.542+0000] {logging_mixin.py:190} INFO - [2025-07-28T15:42:50.542+0000] {dag.py:3252} INFO - Creating ORM DAG for example_subdag_operator.section-1
[2025-07-28T15:42:50.552+0000] {logging_mixin.py:190} INFO - [2025-07-28T15:42:50.552+0000] {dag.py:4156} INFO - Setting next_dagrun for example_subdag_operator to 2022-01-01 00:00:00+00:00, run_after=2022-01-01 00:00:00+00:00
[2025-07-28T15:42:50.553+0000] {logging_mixin.py:190} INFO - [2025-07-28T15:42:50.553+0000] {dag.py:4156} INFO - Setting next_dagrun for example_subdag_operator.section-1 to None, run_after=None
[2025-07-28T15:42:50.553+0000] {logging_mixin.py:190} INFO - [2025-07-28T15:42:50.553+0000] {dag.py:4156} INFO - Setting next_dagrun for example_subdag_operator.section-2 to None, run_after=None
[2025-07-28T15:42:50.562+0000] {logging_mixin.py:190} INFO - [2025-07-28T15:42:50.561+0000] {dag.py:3229} INFO - Sync 2 DAGs
[2025-07-28T15:42:50.573+0000] {logging_mixin.py:190} INFO - [2025-07-28T15:42:50.573+0000] {dag.py:4156} INFO - Setting next_dagrun for example_subdag_operator.section-1 to None, run_after=None
[2025-07-28T15:42:50.576+0000] {logging_mixin.py:190} INFO - [2025-07-28T15:42:50.576+0000] {dag.py:4156} INFO - Setting next_dagrun for example_subdag_operator.section-2 to None, run_after=None
[2025-07-28T15:42:50.592+0000] {processor.py:208} INFO - Processing /home/airflow/.local/lib/python3.12/site-packages/airflow/example_dags/example_subdag_operator.py took 0.336 seconds
[2025-07-28T15:43:21.241+0000] {processor.py:186} INFO - Started process (PID=131) to work on /home/airflow/.local/lib/python3.12/site-packages/airflow/example_dags/example_subdag_operator.py
[2025-07-28T15:43:21.242+0000] {processor.py:914} INFO - Processing file /home/airflow/.local/lib/python3.12/site-packages/airflow/example_dags/example_subdag_operator.py for tasks to queue
[2025-07-28T15:43:21.244+0000] {logging_mixin.py:190} INFO - [2025-07-28T15:43:21.244+0000] {dagbag.py:587} INFO - Filling up the DagBag from /home/airflow/.local/lib/python3.12/site-packages/airflow/example_dags/example_subdag_operator.py
[2025-07-28T15:43:21.261+0000] {processor.py:925} INFO - DAG(s) 'example_subdag_operator.section-1', 'example_subdag_operator.section-2', 'example_subdag_operator' retrieved from /home/airflow/.local/lib/python3.12/site-packages/airflow/example_dags/example_subdag_operator.py
[2025-07-28T15:43:21.269+0000] {logging_mixin.py:190} INFO - [2025-07-28T15:43:21.269+0000] {dag.py:3229} INFO - Sync 3 DAGs
[2025-07-28T15:43:21.280+0000] {logging_mixin.py:190} INFO - [2025-07-28T15:43:21.280+0000] {dag.py:4156} INFO - Setting next_dagrun for example_subdag_operator to 2022-01-01 00:00:00+00:00, run_after=2022-01-01 00:00:00+00:00
[2025-07-28T15:43:21.282+0000] {logging_mixin.py:190} INFO - [2025-07-28T15:43:21.282+0000] {dag.py:4156} INFO - Setting next_dagrun for example_subdag_operator.section-1 to None, run_after=None
[2025-07-28T15:43:21.282+0000] {logging_mixin.py:190} INFO - [2025-07-28T15:43:21.282+0000] {dag.py:4156} INFO - Setting next_dagrun for example_subdag_operator.section-2 to None, run_after=None
[2025-07-28T15:43:21.287+0000] {logging_mixin.py:190} INFO - [2025-07-28T15:43:21.286+0000] {dag.py:3229} INFO - Sync 2 DAGs
[2025-07-28T15:43:21.292+0000] {logging_mixin.py:190} INFO - [2025-07-28T15:43:21.292+0000] {dag.py:4156} INFO - Setting next_dagrun for example_subdag_operator.section-1 to None, run_after=None
[2025-07-28T15:43:21.292+0000] {logging_mixin.py:190} INFO - [2025-07-28T15:43:21.292+0000] {dag.py:4156} INFO - Setting next_dagrun for example_subdag_operator.section-2 to None, run_after=None
[2025-07-28T15:43:21.298+0000] {processor.py:208} INFO - Processing /home/airflow/.local/lib/python3.12/site-packages/airflow/example_dags/example_subdag_operator.py took 0.062 seconds
[2025-07-28T15:43:52.109+0000] {processor.py:186} INFO - Started process (PID=193) to work on /home/airflow/.local/lib/python3.12/site-packages/airflow/example_dags/example_subdag_operator.py
[2025-07-28T15:43:52.110+0000] {processor.py:914} INFO - Processing file /home/airflow/.local/lib/python3.12/site-packages/airflow/example_dags/example_subdag_operator.py for tasks to queue
[2025-07-28T15:43:52.111+0000] {logging_mixin.py:190} INFO - [2025-07-28T15:43:52.111+0000] {dagbag.py:587} INFO - Filling up the DagBag from /home/airflow/.local/lib/python3.12/site-packages/airflow/example_dags/example_subdag_operator.py
[2025-07-28T15:43:52.124+0000] {processor.py:925} INFO - DAG(s) 'example_subdag_operator.section-1', 'example_subdag_operator.section-2', 'example_subdag_operator' retrieved from /home/airflow/.local/lib/python3.12/site-packages/airflow/example_dags/example_subdag_operator.py
[2025-07-28T15:43:52.130+0000] {logging_mixin.py:190} INFO - [2025-07-28T15:43:52.130+0000] {dag.py:3229} INFO - Sync 3 DAGs
[2025-07-28T15:43:52.139+0000] {logging_mixin.py:190} INFO - [2025-07-28T15:43:52.139+0000] {dag.py:4156} INFO - Setting next_dagrun for example_subdag_operator to 2022-01-01 00:00:00+00:00, run_after=2022-01-01 00:00:00+00:00
[2025-07-28T15:43:52.140+0000] {logging_mixin.py:190} INFO - [2025-07-28T15:43:52.140+0000] {dag.py:4156} INFO - Setting next_dagrun for example_subdag_operator.section-1 to None, run_after=None
[2025-07-28T15:43:52.141+0000] {logging_mixin.py:190} INFO - [2025-07-28T15:43:52.140+0000] {dag.py:4156} INFO - Setting next_dagrun for example_subdag_operator.section-2 to None, run_after=None
[2025-07-28T15:43:52.143+0000] {logging_mixin.py:190} INFO - [2025-07-28T15:43:52.143+0000] {dag.py:3229} INFO - Sync 2 DAGs
[2025-07-28T15:43:52.145+0000] {logging_mixin.py:190} INFO - [2025-07-28T15:43:52.145+0000] {dag.py:4156} INFO - Setting next_dagrun for example_subdag_operator.section-1 to None, run_after=None
[2025-07-28T15:43:52.145+0000] {logging_mixin.py:190} INFO - [2025-07-28T15:43:52.145+0000] {dag.py:4156} INFO - Setting next_dagrun for example_subdag_operator.section-2 to None, run_after=None
[2025-07-28T15:43:52.150+0000] {processor.py:208} INFO - Processing /home/airflow/.local/lib/python3.12/site-packages/airflow/example_dags/example_subdag_operator.py took 0.044 seconds
[2025-07-28T15:44:22.714+0000] {processor.py:186} INFO - Started process (PID=255) to work on /home/airflow/.local/lib/python3.12/site-packages/airflow/example_dags/example_subdag_operator.py
[2025-07-28T15:44:22.715+0000] {processor.py:914} INFO - Processing file /home/airflow/.local/lib/python3.12/site-packages/airflow/example_dags/example_subdag_operator.py for tasks to queue
[2025-07-28T15:44:22.716+0000] {logging_mixin.py:190} INFO - [2025-07-28T15:44:22.716+0000] {dagbag.py:587} INFO - Filling up the DagBag from /home/airflow/.local/lib/python3.12/site-packages/airflow/example_dags/example_subdag_operator.py
[2025-07-28T15:44:22.727+0000] {processor.py:925} INFO - DAG(s) 'example_subdag_operator.section-1', 'example_subdag_operator.section-2', 'example_subdag_operator' retrieved from /home/airflow/.local/lib/python3.12/site-packages/airflow/example_dags/example_subdag_operator.py
[2025-07-28T15:44:22.733+0000] {logging_mixin.py:190} INFO - [2025-07-28T15:44:22.733+0000] {dag.py:3229} INFO - Sync 3 DAGs
[2025-07-28T15:44:22.742+0000] {logging_mixin.py:190} INFO - [2025-07-28T15:44:22.742+0000] {dag.py:4156} INFO - Setting next_dagrun for example_subdag_operator to 2022-01-01 00:00:00+00:00, run_after=2022-01-01 00:00:00+00:00
[2025-07-28T15:44:22.743+0000] {logging_mixin.py:190} INFO - [2025-07-28T15:44:22.743+0000] {dag.py:4156} INFO - Setting next_dagrun for example_subdag_operator.section-1 to None, run_after=None
[2025-07-28T15:44:22.744+0000] {logging_mixin.py:190} INFO - [2025-07-28T15:44:22.744+0000] {dag.py:4156} INFO - Setting next_dagrun for example_subdag_operator.section-2 to None, run_after=None
[2025-07-28T15:44:22.746+0000] {logging_mixin.py:190} INFO - [2025-07-28T15:44:22.746+0000] {dag.py:3229} INFO - Sync 2 DAGs
[2025-07-28T15:44:22.748+0000] {logging_mixin.py:190} INFO - [2025-07-28T15:44:22.748+0000] {dag.py:4156} INFO - Setting next_dagrun for example_subdag_operator.section-1 to None, run_after=None
[2025-07-28T15:44:22.748+0000] {logging_mixin.py:190} INFO - [2025-07-28T15:44:22.748+0000] {dag.py:4156} INFO - Setting next_dagrun for example_subdag_operator.section-2 to None, run_after=None
[2025-07-28T15:44:22.752+0000] {processor.py:208} INFO - Processing /home/airflow/.local/lib/python3.12/site-packages/airflow/example_dags/example_subdag_operator.py took 0.041 seconds
[2025-07-28T15:44:53.168+0000] {processor.py:186} INFO - Started process (PID=317) to work on /home/airflow/.local/lib/python3.12/site-packages/airflow/example_dags/example_subdag_operator.py
[2025-07-28T15:44:53.168+0000] {processor.py:914} INFO - Processing file /home/airflow/.local/lib/python3.12/site-packages/airflow/example_dags/example_subdag_operator.py for tasks to queue
[2025-07-28T15:44:53.170+0000] {logging_mixin.py:190} INFO - [2025-07-28T15:44:53.169+0000] {dagbag.py:587} INFO - Filling up the DagBag from /home/airflow/.local/lib/python3.12/site-packages/airflow/example_dags/example_subdag_operator.py
[2025-07-28T15:44:53.183+0000] {processor.py:925} INFO - DAG(s) 'example_subdag_operator.section-1', 'example_subdag_operator.section-2', 'example_subdag_operator' retrieved from /home/airflow/.local/lib/python3.12/site-packages/airflow/example_dags/example_subdag_operator.py
[2025-07-28T15:44:53.189+0000] {logging_mixin.py:190} INFO - [2025-07-28T15:44:53.189+0000] {dag.py:3229} INFO - Sync 3 DAGs
[2025-07-28T15:44:53.198+0000] {logging_mixin.py:190} INFO - [2025-07-28T15:44:53.198+0000] {dag.py:4156} INFO - Setting next_dagrun for example_subdag_operator to 2022-01-01 00:00:00+00:00, run_after=2022-01-01 00:00:00+00:00
[2025-07-28T15:44:53.200+0000] {logging_mixin.py:190} INFO - [2025-07-28T15:44:53.200+0000] {dag.py:4156} INFO - Setting next_dagrun for example_subdag_operator.section-1 to None, run_after=None
[2025-07-28T15:44:53.201+0000] {logging_mixin.py:190} INFO - [2025-07-28T15:44:53.200+0000] {dag.py:4156} INFO - Setting next_dagrun for example_subdag_operator.section-2 to None, run_after=None
[2025-07-28T15:44:53.203+0000] {logging_mixin.py:190} INFO - [2025-07-28T15:44:53.203+0000] {dag.py:3229} INFO - Sync 2 DAGs
[2025-07-28T15:44:53.205+0000] {logging_mixin.py:190} INFO - [2025-07-28T15:44:53.205+0000] {dag.py:4156} INFO - Setting next_dagrun for example_subdag_operator.section-1 to None, run_after=None
[2025-07-28T15:44:53.206+0000] {logging_mixin.py:190} INFO - [2025-07-28T15:44:53.205+0000] {dag.py:4156} INFO - Setting next_dagrun for example_subdag_operator.section-2 to None, run_after=None
[2025-07-28T15:44:53.209+0000] {processor.py:208} INFO - Processing /home/airflow/.local/lib/python3.12/site-packages/airflow/example_dags/example_subdag_operator.py took 0.045 seconds
[2025-07-28T15:45:23.890+0000] {processor.py:186} INFO - Started process (PID=379) to work on /home/airflow/.local/lib/python3.12/site-packages/airflow/example_dags/example_subdag_operator.py
[2025-07-28T15:45:23.891+0000] {processor.py:914} INFO - Processing file /home/airflow/.local/lib/python3.12/site-packages/airflow/example_dags/example_subdag_operator.py for tasks to queue
[2025-07-28T15:45:23.892+0000] {logging_mixin.py:190} INFO - [2025-07-28T15:45:23.892+0000] {dagbag.py:587} INFO - Filling up the DagBag from /home/airflow/.local/lib/python3.12/site-packages/airflow/example_dags/example_subdag_operator.py
[2025-07-28T15:45:23.912+0000] {processor.py:925} INFO - DAG(s) 'example_subdag_operator.section-1', 'example_subdag_operator.section-2', 'example_subdag_operator' retrieved from /home/airflow/.local/lib/python3.12/site-packages/airflow/example_dags/example_subdag_operator.py
[2025-07-28T15:45:23.922+0000] {logging_mixin.py:190} INFO - [2025-07-28T15:45:23.922+0000] {dag.py:3229} INFO - Sync 3 DAGs
[2025-07-28T15:45:23.933+0000] {logging_mixin.py:190} INFO - [2025-07-28T15:45:23.933+0000] {dag.py:4156} INFO - Setting next_dagrun for example_subdag_operator to 2022-01-01 00:00:00+00:00, run_after=2022-01-01 00:00:00+00:00
[2025-07-28T15:45:23.935+0000] {logging_mixin.py:190} INFO - [2025-07-28T15:45:23.935+0000] {dag.py:4156} INFO - Setting next_dagrun for example_subdag_operator.section-1 to None, run_after=None
[2025-07-28T15:45:23.937+0000] {logging_mixin.py:190} INFO - [2025-07-28T15:45:23.937+0000] {dag.py:4156} INFO - Setting next_dagrun for example_subdag_operator.section-2 to None, run_after=None
[2025-07-28T15:45:23.943+0000] {logging_mixin.py:190} INFO - [2025-07-28T15:45:23.943+0000] {dag.py:3229} INFO - Sync 2 DAGs
[2025-07-28T15:45:23.949+0000] {logging_mixin.py:190} INFO - [2025-07-28T15:45:23.949+0000] {dag.py:4156} INFO - Setting next_dagrun for example_subdag_operator.section-1 to None, run_after=None
[2025-07-28T15:45:23.949+0000] {logging_mixin.py:190} INFO - [2025-07-28T15:45:23.949+0000] {dag.py:4156} INFO - Setting next_dagrun for example_subdag_operator.section-2 to None, run_after=None
[2025-07-28T15:45:23.954+0000] {processor.py:208} INFO - Processing /home/airflow/.local/lib/python3.12/site-packages/airflow/example_dags/example_subdag_operator.py took 0.068 seconds
[2025-07-28T15:45:54.849+0000] {processor.py:186} INFO - Started process (PID=441) to work on /home/airflow/.local/lib/python3.12/site-packages/airflow/example_dags/example_subdag_operator.py
[2025-07-28T15:45:54.849+0000] {processor.py:914} INFO - Processing file /home/airflow/.local/lib/python3.12/site-packages/airflow/example_dags/example_subdag_operator.py for tasks to queue
[2025-07-28T15:45:54.851+0000] {logging_mixin.py:190} INFO - [2025-07-28T15:45:54.850+0000] {dagbag.py:587} INFO - Filling up the DagBag from /home/airflow/.local/lib/python3.12/site-packages/airflow/example_dags/example_subdag_operator.py
[2025-07-28T15:45:54.866+0000] {processor.py:925} INFO - DAG(s) 'example_subdag_operator.section-1', 'example_subdag_operator.section-2', 'example_subdag_operator' retrieved from /home/airflow/.local/lib/python3.12/site-packages/airflow/example_dags/example_subdag_operator.py
[2025-07-28T15:45:54.874+0000] {logging_mixin.py:190} INFO - [2025-07-28T15:45:54.874+0000] {dag.py:3229} INFO - Sync 3 DAGs
[2025-07-28T15:45:54.887+0000] {logging_mixin.py:190} INFO - [2025-07-28T15:45:54.886+0000] {dag.py:4156} INFO - Setting next_dagrun for example_subdag_operator to 2022-01-01 00:00:00+00:00, run_after=2022-01-01 00:00:00+00:00
[2025-07-28T15:45:54.888+0000] {logging_mixin.py:190} INFO - [2025-07-28T15:45:54.888+0000] {dag.py:4156} INFO - Setting next_dagrun for example_subdag_operator.section-1 to None, run_after=None
[2025-07-28T15:45:54.892+0000] {logging_mixin.py:190} INFO - [2025-07-28T15:45:54.892+0000] {dag.py:4156} INFO - Setting next_dagrun for example_subdag_operator.section-2 to None, run_after=None
[2025-07-28T15:45:54.894+0000] {logging_mixin.py:190} INFO - [2025-07-28T15:45:54.894+0000] {dag.py:3229} INFO - Sync 2 DAGs
[2025-07-28T15:45:54.897+0000] {logging_mixin.py:190} INFO - [2025-07-28T15:45:54.897+0000] {dag.py:4156} INFO - Setting next_dagrun for example_subdag_operator.section-1 to None, run_after=None
[2025-07-28T15:45:54.897+0000] {logging_mixin.py:190} INFO - [2025-07-28T15:45:54.897+0000] {dag.py:4156} INFO - Setting next_dagrun for example_subdag_operator.section-2 to None, run_after=None
[2025-07-28T15:45:54.904+0000] {processor.py:208} INFO - Processing /home/airflow/.local/lib/python3.12/site-packages/airflow/example_dags/example_subdag_operator.py took 0.058 seconds
[2025-07-28T15:46:25.406+0000] {processor.py:186} INFO - Started process (PID=503) to work on /home/airflow/.local/lib/python3.12/site-packages/airflow/example_dags/example_subdag_operator.py
[2025-07-28T15:46:25.406+0000] {processor.py:914} INFO - Processing file /home/airflow/.local/lib/python3.12/site-packages/airflow/example_dags/example_subdag_operator.py for tasks to queue
[2025-07-28T15:46:25.408+0000] {logging_mixin.py:190} INFO - [2025-07-28T15:46:25.407+0000] {dagbag.py:587} INFO - Filling up the DagBag from /home/airflow/.local/lib/python3.12/site-packages/airflow/example_dags/example_subdag_operator.py
[2025-07-28T15:46:25.420+0000] {processor.py:925} INFO - DAG(s) 'example_subdag_operator.section-1', 'example_subdag_operator.section-2', 'example_subdag_operator' retrieved from /home/airflow/.local/lib/python3.12/site-packages/airflow/example_dags/example_subdag_operator.py
[2025-07-28T15:46:25.427+0000] {logging_mixin.py:190} INFO - [2025-07-28T15:46:25.427+0000] {dag.py:3229} INFO - Sync 3 DAGs
[2025-07-28T15:46:25.437+0000] {logging_mixin.py:190} INFO - [2025-07-28T15:46:25.437+0000] {dag.py:4156} INFO - Setting next_dagrun for example_subdag_operator to 2022-01-01 00:00:00+00:00, run_after=2022-01-01 00:00:00+00:00
[2025-07-28T15:46:25.439+0000] {logging_mixin.py:190} INFO - [2025-07-28T15:46:25.439+0000] {dag.py:4156} INFO - Setting next_dagrun for example_subdag_operator.section-1 to None, run_after=None
[2025-07-28T15:46:25.440+0000] {logging_mixin.py:190} INFO - [2025-07-28T15:46:25.440+0000] {dag.py:4156} INFO - Setting next_dagrun for example_subdag_operator.section-2 to None, run_after=None
[2025-07-28T15:46:25.443+0000] {logging_mixin.py:190} INFO - [2025-07-28T15:46:25.443+0000] {dag.py:3229} INFO - Sync 2 DAGs
[2025-07-28T15:46:25.445+0000] {logging_mixin.py:190} INFO - [2025-07-28T15:46:25.445+0000] {dag.py:4156} INFO - Setting next_dagrun for example_subdag_operator.section-1 to None, run_after=None
[2025-07-28T15:46:25.445+0000] {logging_mixin.py:190} INFO - [2025-07-28T15:46:25.445+0000] {dag.py:4156} INFO - Setting next_dagrun for example_subdag_operator.section-2 to None, run_after=None
[2025-07-28T15:46:25.449+0000] {processor.py:208} INFO - Processing /home/airflow/.local/lib/python3.12/site-packages/airflow/example_dags/example_subdag_operator.py took 0.048 seconds
[2025-07-28T15:46:55.922+0000] {processor.py:186} INFO - Started process (PID=565) to work on /home/airflow/.local/lib/python3.12/site-packages/airflow/example_dags/example_subdag_operator.py
[2025-07-28T15:46:55.923+0000] {processor.py:914} INFO - Processing file /home/airflow/.local/lib/python3.12/site-packages/airflow/example_dags/example_subdag_operator.py for tasks to queue
[2025-07-28T15:46:55.925+0000] {logging_mixin.py:190} INFO - [2025-07-28T15:46:55.924+0000] {dagbag.py:587} INFO - Filling up the DagBag from /home/airflow/.local/lib/python3.12/site-packages/airflow/example_dags/example_subdag_operator.py
[2025-07-28T15:46:55.944+0000] {processor.py:925} INFO - DAG(s) 'example_subdag_operator.section-1', 'example_subdag_operator.section-2', 'example_subdag_operator' retrieved from /home/airflow/.local/lib/python3.12/site-packages/airflow/example_dags/example_subdag_operator.py
[2025-07-28T15:46:55.951+0000] {logging_mixin.py:190} INFO - [2025-07-28T15:46:55.951+0000] {dag.py:3229} INFO - Sync 3 DAGs
[2025-07-28T15:46:55.962+0000] {logging_mixin.py:190} INFO - [2025-07-28T15:46:55.962+0000] {dag.py:4156} INFO - Setting next_dagrun for example_subdag_operator to 2022-01-01 00:00:00+00:00, run_after=2022-01-01 00:00:00+00:00
[2025-07-28T15:46:55.963+0000] {logging_mixin.py:190} INFO - [2025-07-28T15:46:55.963+0000] {dag.py:4156} INFO - Setting next_dagrun for example_subdag_operator.section-1 to None, run_after=None
[2025-07-28T15:46:55.964+0000] {logging_mixin.py:190} INFO - [2025-07-28T15:46:55.964+0000] {dag.py:4156} INFO - Setting next_dagrun for example_subdag_operator.section-2 to None, run_after=None
[2025-07-28T15:46:55.967+0000] {logging_mixin.py:190} INFO - [2025-07-28T15:46:55.967+0000] {dag.py:3229} INFO - Sync 2 DAGs
[2025-07-28T15:46:55.969+0000] {logging_mixin.py:190} INFO - [2025-07-28T15:46:55.969+0000] {dag.py:4156} INFO - Setting next_dagrun for example_subdag_operator.section-1 to None, run_after=None
[2025-07-28T15:46:55.969+0000] {logging_mixin.py:190} INFO - [2025-07-28T15:46:55.969+0000] {dag.py:4156} INFO - Setting next_dagrun for example_subdag_operator.section-2 to None, run_after=None
[2025-07-28T15:46:55.974+0000] {processor.py:208} INFO - Processing /home/airflow/.local/lib/python3.12/site-packages/airflow/example_dags/example_subdag_operator.py took 0.057 seconds
[2025-07-28T15:47:26.626+0000] {processor.py:186} INFO - Started process (PID=627) to work on /home/airflow/.local/lib/python3.12/site-packages/airflow/example_dags/example_subdag_operator.py
[2025-07-28T15:47:26.627+0000] {processor.py:914} INFO - Processing file /home/airflow/.local/lib/python3.12/site-packages/airflow/example_dags/example_subdag_operator.py for tasks to queue
[2025-07-28T15:47:26.628+0000] {logging_mixin.py:190} INFO - [2025-07-28T15:47:26.628+0000] {dagbag.py:587} INFO - Filling up the DagBag from /home/airflow/.local/lib/python3.12/site-packages/airflow/example_dags/example_subdag_operator.py
[2025-07-28T15:47:26.643+0000] {processor.py:925} INFO - DAG(s) 'example_subdag_operator.section-1', 'example_subdag_operator.section-2', 'example_subdag_operator' retrieved from /home/airflow/.local/lib/python3.12/site-packages/airflow/example_dags/example_subdag_operator.py
[2025-07-28T15:47:26.650+0000] {logging_mixin.py:190} INFO - [2025-07-28T15:47:26.650+0000] {dag.py:3229} INFO - Sync 3 DAGs
[2025-07-28T15:47:26.663+0000] {logging_mixin.py:190} INFO - [2025-07-28T15:47:26.662+0000] {dag.py:4156} INFO - Setting next_dagrun for example_subdag_operator to 2022-01-01 00:00:00+00:00, run_after=2022-01-01 00:00:00+00:00
[2025-07-28T15:47:26.664+0000] {logging_mixin.py:190} INFO - [2025-07-28T15:47:26.664+0000] {dag.py:4156} INFO - Setting next_dagrun for example_subdag_operator.section-1 to None, run_after=None
[2025-07-28T15:47:26.665+0000] {logging_mixin.py:190} INFO - [2025-07-28T15:47:26.665+0000] {dag.py:4156} INFO - Setting next_dagrun for example_subdag_operator.section-2 to None, run_after=None
[2025-07-28T15:47:26.668+0000] {logging_mixin.py:190} INFO - [2025-07-28T15:47:26.668+0000] {dag.py:3229} INFO - Sync 2 DAGs
[2025-07-28T15:47:26.671+0000] {logging_mixin.py:190} INFO - [2025-07-28T15:47:26.671+0000] {dag.py:4156} INFO - Setting next_dagrun for example_subdag_operator.section-1 to None, run_after=None
[2025-07-28T15:47:26.671+0000] {logging_mixin.py:190} INFO - [2025-07-28T15:47:26.671+0000] {dag.py:4156} INFO - Setting next_dagrun for example_subdag_operator.section-2 to None, run_after=None
[2025-07-28T15:47:26.676+0000] {processor.py:208} INFO - Processing /home/airflow/.local/lib/python3.12/site-packages/airflow/example_dags/example_subdag_operator.py took 0.054 seconds
[2025-07-28T15:47:57.418+0000] {processor.py:186} INFO - Started process (PID=689) to work on /home/airflow/.local/lib/python3.12/site-packages/airflow/example_dags/example_subdag_operator.py
[2025-07-28T15:47:57.419+0000] {processor.py:914} INFO - Processing file /home/airflow/.local/lib/python3.12/site-packages/airflow/example_dags/example_subdag_operator.py for tasks to queue
[2025-07-28T15:47:57.420+0000] {logging_mixin.py:190} INFO - [2025-07-28T15:47:57.419+0000] {dagbag.py:587} INFO - Filling up the DagBag from /home/airflow/.local/lib/python3.12/site-packages/airflow/example_dags/example_subdag_operator.py
[2025-07-28T15:47:57.437+0000] {processor.py:925} INFO - DAG(s) 'example_subdag_operator.section-1', 'example_subdag_operator.section-2', 'example_subdag_operator' retrieved from /home/airflow/.local/lib/python3.12/site-packages/airflow/example_dags/example_subdag_operator.py
[2025-07-28T15:47:57.455+0000] {logging_mixin.py:190} INFO - [2025-07-28T15:47:57.455+0000] {dag.py:3229} INFO - Sync 3 DAGs
[2025-07-28T15:47:57.507+0000] {logging_mixin.py:190} INFO - [2025-07-28T15:47:57.507+0000] {dag.py:4156} INFO - Setting next_dagrun for example_subdag_operator to 2022-01-01 00:00:00+00:00, run_after=2022-01-01 00:00:00+00:00
[2025-07-28T15:47:57.511+0000] {logging_mixin.py:190} INFO - [2025-07-28T15:47:57.511+0000] {dag.py:4156} INFO - Setting next_dagrun for example_subdag_operator.section-1 to None, run_after=None
[2025-07-28T15:47:57.512+0000] {logging_mixin.py:190} INFO - [2025-07-28T15:47:57.512+0000] {dag.py:4156} INFO - Setting next_dagrun for example_subdag_operator.section-2 to None, run_after=None
[2025-07-28T15:47:57.518+0000] {logging_mixin.py:190} INFO - [2025-07-28T15:47:57.518+0000] {dag.py:3229} INFO - Sync 2 DAGs
[2025-07-28T15:47:57.521+0000] {logging_mixin.py:190} INFO - [2025-07-28T15:47:57.521+0000] {dag.py:4156} INFO - Setting next_dagrun for example_subdag_operator.section-1 to None, run_after=None
[2025-07-28T15:47:57.521+0000] {logging_mixin.py:190} INFO - [2025-07-28T15:47:57.521+0000] {dag.py:4156} INFO - Setting next_dagrun for example_subdag_operator.section-2 to None, run_after=None
[2025-07-28T15:47:57.528+0000] {processor.py:208} INFO - Processing /home/airflow/.local/lib/python3.12/site-packages/airflow/example_dags/example_subdag_operator.py took 0.113 seconds
[2025-07-28T15:48:27.736+0000] {processor.py:186} INFO - Started process (PID=751) to work on /home/airflow/.local/lib/python3.12/site-packages/airflow/example_dags/example_subdag_operator.py
[2025-07-28T15:48:27.737+0000] {processor.py:914} INFO - Processing file /home/airflow/.local/lib/python3.12/site-packages/airflow/example_dags/example_subdag_operator.py for tasks to queue
[2025-07-28T15:48:27.739+0000] {logging_mixin.py:190} INFO - [2025-07-28T15:48:27.739+0000] {dagbag.py:587} INFO - Filling up the DagBag from /home/airflow/.local/lib/python3.12/site-packages/airflow/example_dags/example_subdag_operator.py
[2025-07-28T15:48:27.755+0000] {processor.py:925} INFO - DAG(s) 'example_subdag_operator.section-1', 'example_subdag_operator.section-2', 'example_subdag_operator' retrieved from /home/airflow/.local/lib/python3.12/site-packages/airflow/example_dags/example_subdag_operator.py
[2025-07-28T15:48:27.762+0000] {logging_mixin.py:190} INFO - [2025-07-28T15:48:27.762+0000] {dag.py:3229} INFO - Sync 3 DAGs
[2025-07-28T15:48:27.785+0000] {logging_mixin.py:190} INFO - [2025-07-28T15:48:27.784+0000] {dag.py:4156} INFO - Setting next_dagrun for example_subdag_operator to 2022-01-01 00:00:00+00:00, run_after=2022-01-01 00:00:00+00:00
[2025-07-28T15:48:27.792+0000] {logging_mixin.py:190} INFO - [2025-07-28T15:48:27.791+0000] {dag.py:4156} INFO - Setting next_dagrun for example_subdag_operator.section-1 to None, run_after=None
[2025-07-28T15:48:27.796+0000] {logging_mixin.py:190} INFO - [2025-07-28T15:48:27.795+0000] {dag.py:4156} INFO - Setting next_dagrun for example_subdag_operator.section-2 to None, run_after=None
[2025-07-28T15:48:27.854+0000] {logging_mixin.py:190} INFO - [2025-07-28T15:48:27.851+0000] {dag.py:3229} INFO - Sync 2 DAGs
[2025-07-28T15:48:27.902+0000] {logging_mixin.py:190} INFO - [2025-07-28T15:48:27.901+0000] {dag.py:4156} INFO - Setting next_dagrun for example_subdag_operator.section-1 to None, run_after=None
[2025-07-28T15:48:27.904+0000] {logging_mixin.py:190} INFO - [2025-07-28T15:48:27.903+0000] {dag.py:4156} INFO - Setting next_dagrun for example_subdag_operator.section-2 to None, run_after=None
[2025-07-28T15:48:28.003+0000] {processor.py:208} INFO - Processing /home/airflow/.local/lib/python3.12/site-packages/airflow/example_dags/example_subdag_operator.py took 0.274 seconds
[2025-07-28T15:48:59.003+0000] {processor.py:186} INFO - Started process (PID=813) to work on /home/airflow/.local/lib/python3.12/site-packages/airflow/example_dags/example_subdag_operator.py
[2025-07-28T15:48:59.006+0000] {processor.py:914} INFO - Processing file /home/airflow/.local/lib/python3.12/site-packages/airflow/example_dags/example_subdag_operator.py for tasks to queue
[2025-07-28T15:48:59.007+0000] {logging_mixin.py:190} INFO - [2025-07-28T15:48:59.007+0000] {dagbag.py:587} INFO - Filling up the DagBag from /home/airflow/.local/lib/python3.12/site-packages/airflow/example_dags/example_subdag_operator.py
[2025-07-28T15:48:59.024+0000] {processor.py:925} INFO - DAG(s) 'example_subdag_operator.section-1', 'example_subdag_operator.section-2', 'example_subdag_operator' retrieved from /home/airflow/.local/lib/python3.12/site-packages/airflow/example_dags/example_subdag_operator.py
[2025-07-28T15:48:59.032+0000] {logging_mixin.py:190} INFO - [2025-07-28T15:48:59.032+0000] {dag.py:3229} INFO - Sync 3 DAGs
[2025-07-28T15:48:59.042+0000] {logging_mixin.py:190} INFO - [2025-07-28T15:48:59.041+0000] {dag.py:4156} INFO - Setting next_dagrun for example_subdag_operator to 2022-01-01 00:00:00+00:00, run_after=2022-01-01 00:00:00+00:00
[2025-07-28T15:48:59.045+0000] {logging_mixin.py:190} INFO - [2025-07-28T15:48:59.045+0000] {dag.py:4156} INFO - Setting next_dagrun for example_subdag_operator.section-1 to None, run_after=None
[2025-07-28T15:48:59.046+0000] {logging_mixin.py:190} INFO - [2025-07-28T15:48:59.046+0000] {dag.py:4156} INFO - Setting next_dagrun for example_subdag_operator.section-2 to None, run_after=None
[2025-07-28T15:48:59.051+0000] {logging_mixin.py:190} INFO - [2025-07-28T15:48:59.051+0000] {dag.py:3229} INFO - Sync 2 DAGs
[2025-07-28T15:48:59.053+0000] {logging_mixin.py:190} INFO - [2025-07-28T15:48:59.053+0000] {dag.py:4156} INFO - Setting next_dagrun for example_subdag_operator.section-1 to None, run_after=None
[2025-07-28T15:48:59.054+0000] {logging_mixin.py:190} INFO - [2025-07-28T15:48:59.054+0000] {dag.py:4156} INFO - Setting next_dagrun for example_subdag_operator.section-2 to None, run_after=None
[2025-07-28T15:48:59.059+0000] {processor.py:208} INFO - Processing /home/airflow/.local/lib/python3.12/site-packages/airflow/example_dags/example_subdag_operator.py took 0.060 seconds
[2025-07-28T15:49:29.590+0000] {processor.py:186} INFO - Started process (PID=875) to work on /home/airflow/.local/lib/python3.12/site-packages/airflow/example_dags/example_subdag_operator.py
[2025-07-28T15:49:29.594+0000] {processor.py:914} INFO - Processing file /home/airflow/.local/lib/python3.12/site-packages/airflow/example_dags/example_subdag_operator.py for tasks to queue
[2025-07-28T15:49:29.595+0000] {logging_mixin.py:190} INFO - [2025-07-28T15:49:29.595+0000] {dagbag.py:587} INFO - Filling up the DagBag from /home/airflow/.local/lib/python3.12/site-packages/airflow/example_dags/example_subdag_operator.py
[2025-07-28T15:49:29.609+0000] {processor.py:925} INFO - DAG(s) 'example_subdag_operator.section-1', 'example_subdag_operator.section-2', 'example_subdag_operator' retrieved from /home/airflow/.local/lib/python3.12/site-packages/airflow/example_dags/example_subdag_operator.py
[2025-07-28T15:49:29.616+0000] {logging_mixin.py:190} INFO - [2025-07-28T15:49:29.615+0000] {dag.py:3229} INFO - Sync 3 DAGs
[2025-07-28T15:49:29.629+0000] {logging_mixin.py:190} INFO - [2025-07-28T15:49:29.629+0000] {dag.py:4156} INFO - Setting next_dagrun for example_subdag_operator to 2022-01-01 00:00:00+00:00, run_after=2022-01-01 00:00:00+00:00
[2025-07-28T15:49:29.638+0000] {logging_mixin.py:190} INFO - [2025-07-28T15:49:29.637+0000] {dag.py:4156} INFO - Setting next_dagrun for example_subdag_operator.section-1 to None, run_after=None
[2025-07-28T15:49:29.638+0000] {logging_mixin.py:190} INFO - [2025-07-28T15:49:29.638+0000] {dag.py:4156} INFO - Setting next_dagrun for example_subdag_operator.section-2 to None, run_after=None
[2025-07-28T15:49:29.641+0000] {logging_mixin.py:190} INFO - [2025-07-28T15:49:29.641+0000] {dag.py:3229} INFO - Sync 2 DAGs
[2025-07-28T15:49:29.643+0000] {logging_mixin.py:190} INFO - [2025-07-28T15:49:29.643+0000] {dag.py:4156} INFO - Setting next_dagrun for example_subdag_operator.section-1 to None, run_after=None
[2025-07-28T15:49:29.645+0000] {logging_mixin.py:190} INFO - [2025-07-28T15:49:29.644+0000] {dag.py:4156} INFO - Setting next_dagrun for example_subdag_operator.section-2 to None, run_after=None
[2025-07-28T15:49:29.649+0000] {processor.py:208} INFO - Processing /home/airflow/.local/lib/python3.12/site-packages/airflow/example_dags/example_subdag_operator.py took 0.063 seconds
[2025-07-28T15:50:00.137+0000] {processor.py:186} INFO - Started process (PID=937) to work on /home/airflow/.local/lib/python3.12/site-packages/airflow/example_dags/example_subdag_operator.py
[2025-07-28T15:50:00.138+0000] {processor.py:914} INFO - Processing file /home/airflow/.local/lib/python3.12/site-packages/airflow/example_dags/example_subdag_operator.py for tasks to queue
[2025-07-28T15:50:00.139+0000] {logging_mixin.py:190} INFO - [2025-07-28T15:50:00.139+0000] {dagbag.py:587} INFO - Filling up the DagBag from /home/airflow/.local/lib/python3.12/site-packages/airflow/example_dags/example_subdag_operator.py
[2025-07-28T15:50:00.152+0000] {processor.py:925} INFO - DAG(s) 'example_subdag_operator.section-1', 'example_subdag_operator.section-2', 'example_subdag_operator' retrieved from /home/airflow/.local/lib/python3.12/site-packages/airflow/example_dags/example_subdag_operator.py
[2025-07-28T15:50:00.158+0000] {logging_mixin.py:190} INFO - [2025-07-28T15:50:00.158+0000] {dag.py:3229} INFO - Sync 3 DAGs
[2025-07-28T15:50:00.168+0000] {logging_mixin.py:190} INFO - [2025-07-28T15:50:00.168+0000] {dag.py:4156} INFO - Setting next_dagrun for example_subdag_operator to 2022-01-01 00:00:00+00:00, run_after=2022-01-01 00:00:00+00:00
[2025-07-28T15:50:00.170+0000] {logging_mixin.py:190} INFO - [2025-07-28T15:50:00.170+0000] {dag.py:4156} INFO - Setting next_dagrun for example_subdag_operator.section-1 to None, run_after=None
[2025-07-28T15:50:00.170+0000] {logging_mixin.py:190} INFO - [2025-07-28T15:50:00.170+0000] {dag.py:4156} INFO - Setting next_dagrun for example_subdag_operator.section-2 to None, run_after=None
[2025-07-28T15:50:00.173+0000] {logging_mixin.py:190} INFO - [2025-07-28T15:50:00.173+0000] {dag.py:3229} INFO - Sync 2 DAGs
[2025-07-28T15:50:00.175+0000] {logging_mixin.py:190} INFO - [2025-07-28T15:50:00.175+0000] {dag.py:4156} INFO - Setting next_dagrun for example_subdag_operator.section-1 to None, run_after=None
[2025-07-28T15:50:00.176+0000] {logging_mixin.py:190} INFO - [2025-07-28T15:50:00.175+0000] {dag.py:4156} INFO - Setting next_dagrun for example_subdag_operator.section-2 to None, run_after=None
[2025-07-28T15:50:00.180+0000] {processor.py:208} INFO - Processing /home/airflow/.local/lib/python3.12/site-packages/airflow/example_dags/example_subdag_operator.py took 0.046 seconds
[2025-07-28T15:50:30.662+0000] {processor.py:186} INFO - Started process (PID=999) to work on /home/airflow/.local/lib/python3.12/site-packages/airflow/example_dags/example_subdag_operator.py
[2025-07-28T15:50:30.664+0000] {processor.py:914} INFO - Processing file /home/airflow/.local/lib/python3.12/site-packages/airflow/example_dags/example_subdag_operator.py for tasks to queue
[2025-07-28T15:50:30.667+0000] {logging_mixin.py:190} INFO - [2025-07-28T15:50:30.666+0000] {dagbag.py:587} INFO - Filling up the DagBag from /home/airflow/.local/lib/python3.12/site-packages/airflow/example_dags/example_subdag_operator.py
[2025-07-28T15:50:30.690+0000] {processor.py:925} INFO - DAG(s) 'example_subdag_operator.section-1', 'example_subdag_operator.section-2', 'example_subdag_operator' retrieved from /home/airflow/.local/lib/python3.12/site-packages/airflow/example_dags/example_subdag_operator.py
[2025-07-28T15:50:30.697+0000] {logging_mixin.py:190} INFO - [2025-07-28T15:50:30.697+0000] {dag.py:3229} INFO - Sync 3 DAGs
[2025-07-28T15:50:30.710+0000] {logging_mixin.py:190} INFO - [2025-07-28T15:50:30.710+0000] {dag.py:4156} INFO - Setting next_dagrun for example_subdag_operator to 2022-01-01 00:00:00+00:00, run_after=2022-01-01 00:00:00+00:00
[2025-07-28T15:50:30.715+0000] {logging_mixin.py:190} INFO - [2025-07-28T15:50:30.715+0000] {dag.py:4156} INFO - Setting next_dagrun for example_subdag_operator.section-1 to None, run_after=None
[2025-07-28T15:50:30.716+0000] {logging_mixin.py:190} INFO - [2025-07-28T15:50:30.716+0000] {dag.py:4156} INFO - Setting next_dagrun for example_subdag_operator.section-2 to None, run_after=None
[2025-07-28T15:50:30.721+0000] {logging_mixin.py:190} INFO - [2025-07-28T15:50:30.721+0000] {dag.py:3229} INFO - Sync 2 DAGs
[2025-07-28T15:50:30.724+0000] {logging_mixin.py:190} INFO - [2025-07-28T15:50:30.724+0000] {dag.py:4156} INFO - Setting next_dagrun for example_subdag_operator.section-1 to None, run_after=None
[2025-07-28T15:50:30.724+0000] {logging_mixin.py:190} INFO - [2025-07-28T15:50:30.724+0000] {dag.py:4156} INFO - Setting next_dagrun for example_subdag_operator.section-2 to None, run_after=None
[2025-07-28T15:50:30.733+0000] {processor.py:208} INFO - Processing /home/airflow/.local/lib/python3.12/site-packages/airflow/example_dags/example_subdag_operator.py took 0.078 seconds
[2025-07-28T15:51:01.780+0000] {processor.py:186} INFO - Started process (PID=1061) to work on /home/airflow/.local/lib/python3.12/site-packages/airflow/example_dags/example_subdag_operator.py
[2025-07-28T15:51:01.782+0000] {processor.py:914} INFO - Processing file /home/airflow/.local/lib/python3.12/site-packages/airflow/example_dags/example_subdag_operator.py for tasks to queue
[2025-07-28T15:51:01.783+0000] {logging_mixin.py:190} INFO - [2025-07-28T15:51:01.783+0000] {dagbag.py:587} INFO - Filling up the DagBag from /home/airflow/.local/lib/python3.12/site-packages/airflow/example_dags/example_subdag_operator.py
[2025-07-28T15:51:01.801+0000] {processor.py:925} INFO - DAG(s) 'example_subdag_operator.section-1', 'example_subdag_operator.section-2', 'example_subdag_operator' retrieved from /home/airflow/.local/lib/python3.12/site-packages/airflow/example_dags/example_subdag_operator.py
[2025-07-28T15:51:01.808+0000] {logging_mixin.py:190} INFO - [2025-07-28T15:51:01.808+0000] {dag.py:3229} INFO - Sync 3 DAGs
[2025-07-28T15:51:01.820+0000] {logging_mixin.py:190} INFO - [2025-07-28T15:51:01.819+0000] {dag.py:4156} INFO - Setting next_dagrun for example_subdag_operator to 2022-01-01 00:00:00+00:00, run_after=2022-01-01 00:00:00+00:00
[2025-07-28T15:51:01.823+0000] {logging_mixin.py:190} INFO - [2025-07-28T15:51:01.822+0000] {dag.py:4156} INFO - Setting next_dagrun for example_subdag_operator.section-1 to None, run_after=None
[2025-07-28T15:51:01.823+0000] {logging_mixin.py:190} INFO - [2025-07-28T15:51:01.823+0000] {dag.py:4156} INFO - Setting next_dagrun for example_subdag_operator.section-2 to None, run_after=None
[2025-07-28T15:51:01.826+0000] {logging_mixin.py:190} INFO - [2025-07-28T15:51:01.826+0000] {dag.py:3229} INFO - Sync 2 DAGs
[2025-07-28T15:51:01.829+0000] {logging_mixin.py:190} INFO - [2025-07-28T15:51:01.829+0000] {dag.py:4156} INFO - Setting next_dagrun for example_subdag_operator.section-1 to None, run_after=None
[2025-07-28T15:51:01.829+0000] {logging_mixin.py:190} INFO - [2025-07-28T15:51:01.829+0000] {dag.py:4156} INFO - Setting next_dagrun for example_subdag_operator.section-2 to None, run_after=None
[2025-07-28T15:51:01.833+0000] {processor.py:208} INFO - Processing /home/airflow/.local/lib/python3.12/site-packages/airflow/example_dags/example_subdag_operator.py took 0.057 seconds
[2025-07-28T15:51:32.306+0000] {processor.py:186} INFO - Started process (PID=1123) to work on /home/airflow/.local/lib/python3.12/site-packages/airflow/example_dags/example_subdag_operator.py
[2025-07-28T15:51:32.306+0000] {processor.py:914} INFO - Processing file /home/airflow/.local/lib/python3.12/site-packages/airflow/example_dags/example_subdag_operator.py for tasks to queue
[2025-07-28T15:51:32.308+0000] {logging_mixin.py:190} INFO - [2025-07-28T15:51:32.308+0000] {dagbag.py:587} INFO - Filling up the DagBag from /home/airflow/.local/lib/python3.12/site-packages/airflow/example_dags/example_subdag_operator.py
[2025-07-28T15:51:32.323+0000] {processor.py:925} INFO - DAG(s) 'example_subdag_operator.section-1', 'example_subdag_operator.section-2', 'example_subdag_operator' retrieved from /home/airflow/.local/lib/python3.12/site-packages/airflow/example_dags/example_subdag_operator.py
[2025-07-28T15:51:32.332+0000] {logging_mixin.py:190} INFO - [2025-07-28T15:51:32.332+0000] {dag.py:3229} INFO - Sync 3 DAGs
[2025-07-28T15:51:32.352+0000] {logging_mixin.py:190} INFO - [2025-07-28T15:51:32.351+0000] {dag.py:4156} INFO - Setting next_dagrun for example_subdag_operator to 2022-01-01 00:00:00+00:00, run_after=2022-01-01 00:00:00+00:00
[2025-07-28T15:51:32.357+0000] {logging_mixin.py:190} INFO - [2025-07-28T15:51:32.357+0000] {dag.py:4156} INFO - Setting next_dagrun for example_subdag_operator.section-1 to None, run_after=None
[2025-07-28T15:51:32.357+0000] {logging_mixin.py:190} INFO - [2025-07-28T15:51:32.357+0000] {dag.py:4156} INFO - Setting next_dagrun for example_subdag_operator.section-2 to None, run_after=None
[2025-07-28T15:51:32.367+0000] {logging_mixin.py:190} INFO - [2025-07-28T15:51:32.367+0000] {dag.py:3229} INFO - Sync 2 DAGs
[2025-07-28T15:51:32.370+0000] {logging_mixin.py:190} INFO - [2025-07-28T15:51:32.370+0000] {dag.py:4156} INFO - Setting next_dagrun for example_subdag_operator.section-1 to None, run_after=None
[2025-07-28T15:51:32.371+0000] {logging_mixin.py:190} INFO - [2025-07-28T15:51:32.371+0000] {dag.py:4156} INFO - Setting next_dagrun for example_subdag_operator.section-2 to None, run_after=None
[2025-07-28T15:51:32.375+0000] {processor.py:208} INFO - Processing /home/airflow/.local/lib/python3.12/site-packages/airflow/example_dags/example_subdag_operator.py took 0.074 seconds
[2025-07-28T15:52:02.775+0000] {processor.py:186} INFO - Started process (PID=1185) to work on /home/airflow/.local/lib/python3.12/site-packages/airflow/example_dags/example_subdag_operator.py
[2025-07-28T15:52:02.776+0000] {processor.py:914} INFO - Processing file /home/airflow/.local/lib/python3.12/site-packages/airflow/example_dags/example_subdag_operator.py for tasks to queue
[2025-07-28T15:52:02.778+0000] {logging_mixin.py:190} INFO - [2025-07-28T15:52:02.778+0000] {dagbag.py:587} INFO - Filling up the DagBag from /home/airflow/.local/lib/python3.12/site-packages/airflow/example_dags/example_subdag_operator.py
[2025-07-28T15:52:02.792+0000] {processor.py:925} INFO - DAG(s) 'example_subdag_operator.section-1', 'example_subdag_operator.section-2', 'example_subdag_operator' retrieved from /home/airflow/.local/lib/python3.12/site-packages/airflow/example_dags/example_subdag_operator.py
[2025-07-28T15:52:02.806+0000] {logging_mixin.py:190} INFO - [2025-07-28T15:52:02.805+0000] {dag.py:3229} INFO - Sync 3 DAGs
[2025-07-28T15:52:02.817+0000] {logging_mixin.py:190} INFO - [2025-07-28T15:52:02.817+0000] {dag.py:4156} INFO - Setting next_dagrun for example_subdag_operator to 2022-01-01 00:00:00+00:00, run_after=2022-01-01 00:00:00+00:00
[2025-07-28T15:52:02.819+0000] {logging_mixin.py:190} INFO - [2025-07-28T15:52:02.819+0000] {dag.py:4156} INFO - Setting next_dagrun for example_subdag_operator.section-1 to None, run_after=None
[2025-07-28T15:52:02.820+0000] {logging_mixin.py:190} INFO - [2025-07-28T15:52:02.820+0000] {dag.py:4156} INFO - Setting next_dagrun for example_subdag_operator.section-2 to None, run_after=None
[2025-07-28T15:52:02.823+0000] {logging_mixin.py:190} INFO - [2025-07-28T15:52:02.823+0000] {dag.py:3229} INFO - Sync 2 DAGs
[2025-07-28T15:52:02.825+0000] {logging_mixin.py:190} INFO - [2025-07-28T15:52:02.825+0000] {dag.py:4156} INFO - Setting next_dagrun for example_subdag_operator.section-1 to None, run_after=None
[2025-07-28T15:52:02.825+0000] {logging_mixin.py:190} INFO - [2025-07-28T15:52:02.825+0000] {dag.py:4156} INFO - Setting next_dagrun for example_subdag_operator.section-2 to None, run_after=None
[2025-07-28T15:52:02.829+0000] {processor.py:208} INFO - Processing /home/airflow/.local/lib/python3.12/site-packages/airflow/example_dags/example_subdag_operator.py took 0.057 seconds
[2025-07-28T15:52:33.762+0000] {processor.py:186} INFO - Started process (PID=1247) to work on /home/airflow/.local/lib/python3.12/site-packages/airflow/example_dags/example_subdag_operator.py
[2025-07-28T15:52:33.764+0000] {processor.py:914} INFO - Processing file /home/airflow/.local/lib/python3.12/site-packages/airflow/example_dags/example_subdag_operator.py for tasks to queue
[2025-07-28T15:52:33.765+0000] {logging_mixin.py:190} INFO - [2025-07-28T15:52:33.765+0000] {dagbag.py:587} INFO - Filling up the DagBag from /home/airflow/.local/lib/python3.12/site-packages/airflow/example_dags/example_subdag_operator.py
[2025-07-28T15:52:33.792+0000] {processor.py:925} INFO - DAG(s) 'example_subdag_operator.section-1', 'example_subdag_operator.section-2', 'example_subdag_operator' retrieved from /home/airflow/.local/lib/python3.12/site-packages/airflow/example_dags/example_subdag_operator.py
[2025-07-28T15:52:33.804+0000] {logging_mixin.py:190} INFO - [2025-07-28T15:52:33.804+0000] {dag.py:3229} INFO - Sync 3 DAGs
[2025-07-28T15:52:33.832+0000] {logging_mixin.py:190} INFO - [2025-07-28T15:52:33.831+0000] {dag.py:4156} INFO - Setting next_dagrun for example_subdag_operator to 2022-01-01 00:00:00+00:00, run_after=2022-01-01 00:00:00+00:00
[2025-07-28T15:52:33.839+0000] {logging_mixin.py:190} INFO - [2025-07-28T15:52:33.838+0000] {dag.py:4156} INFO - Setting next_dagrun for example_subdag_operator.section-1 to None, run_after=None
[2025-07-28T15:52:33.840+0000] {logging_mixin.py:190} INFO - [2025-07-28T15:52:33.839+0000] {dag.py:4156} INFO - Setting next_dagrun for example_subdag_operator.section-2 to None, run_after=None
[2025-07-28T15:52:33.845+0000] {logging_mixin.py:190} INFO - [2025-07-28T15:52:33.845+0000] {dag.py:3229} INFO - Sync 2 DAGs
[2025-07-28T15:52:33.854+0000] {logging_mixin.py:190} INFO - [2025-07-28T15:52:33.854+0000] {dag.py:4156} INFO - Setting next_dagrun for example_subdag_operator.section-1 to None, run_after=None
[2025-07-28T15:52:33.855+0000] {logging_mixin.py:190} INFO - [2025-07-28T15:52:33.854+0000] {dag.py:4156} INFO - Setting next_dagrun for example_subdag_operator.section-2 to None, run_after=None
[2025-07-28T15:52:33.866+0000] {processor.py:208} INFO - Processing /home/airflow/.local/lib/python3.12/site-packages/airflow/example_dags/example_subdag_operator.py took 0.107 seconds
[2025-07-28T15:53:04.061+0000] {processor.py:186} INFO - Started process (PID=1309) to work on /home/airflow/.local/lib/python3.12/site-packages/airflow/example_dags/example_subdag_operator.py
[2025-07-28T15:53:04.063+0000] {processor.py:914} INFO - Processing file /home/airflow/.local/lib/python3.12/site-packages/airflow/example_dags/example_subdag_operator.py for tasks to queue
[2025-07-28T15:53:04.065+0000] {logging_mixin.py:190} INFO - [2025-07-28T15:53:04.065+0000] {dagbag.py:587} INFO - Filling up the DagBag from /home/airflow/.local/lib/python3.12/site-packages/airflow/example_dags/example_subdag_operator.py
[2025-07-28T15:53:04.078+0000] {processor.py:925} INFO - DAG(s) 'example_subdag_operator.section-1', 'example_subdag_operator.section-2', 'example_subdag_operator' retrieved from /home/airflow/.local/lib/python3.12/site-packages/airflow/example_dags/example_subdag_operator.py
[2025-07-28T15:53:04.086+0000] {logging_mixin.py:190} INFO - [2025-07-28T15:53:04.086+0000] {dag.py:3229} INFO - Sync 3 DAGs
[2025-07-28T15:53:04.097+0000] {logging_mixin.py:190} INFO - [2025-07-28T15:53:04.097+0000] {dag.py:4156} INFO - Setting next_dagrun for example_subdag_operator to 2022-01-01 00:00:00+00:00, run_after=2022-01-01 00:00:00+00:00
[2025-07-28T15:53:04.099+0000] {logging_mixin.py:190} INFO - [2025-07-28T15:53:04.099+0000] {dag.py:4156} INFO - Setting next_dagrun for example_subdag_operator.section-1 to None, run_after=None
[2025-07-28T15:53:04.099+0000] {logging_mixin.py:190} INFO - [2025-07-28T15:53:04.099+0000] {dag.py:4156} INFO - Setting next_dagrun for example_subdag_operator.section-2 to None, run_after=None
[2025-07-28T15:53:04.102+0000] {logging_mixin.py:190} INFO - [2025-07-28T15:53:04.102+0000] {dag.py:3229} INFO - Sync 2 DAGs
[2025-07-28T15:53:04.104+0000] {logging_mixin.py:190} INFO - [2025-07-28T15:53:04.104+0000] {dag.py:4156} INFO - Setting next_dagrun for example_subdag_operator.section-1 to None, run_after=None
[2025-07-28T15:53:04.104+0000] {logging_mixin.py:190} INFO - [2025-07-28T15:53:04.104+0000] {dag.py:4156} INFO - Setting next_dagrun for example_subdag_operator.section-2 to None, run_after=None
[2025-07-28T15:53:04.108+0000] {processor.py:208} INFO - Processing /home/airflow/.local/lib/python3.12/site-packages/airflow/example_dags/example_subdag_operator.py took 0.051 seconds
[2025-07-28T15:53:35.039+0000] {processor.py:186} INFO - Started process (PID=1372) to work on /home/airflow/.local/lib/python3.12/site-packages/airflow/example_dags/example_subdag_operator.py
[2025-07-28T15:53:35.042+0000] {processor.py:914} INFO - Processing file /home/airflow/.local/lib/python3.12/site-packages/airflow/example_dags/example_subdag_operator.py for tasks to queue
[2025-07-28T15:53:35.047+0000] {logging_mixin.py:190} INFO - [2025-07-28T15:53:35.047+0000] {dagbag.py:587} INFO - Filling up the DagBag from /home/airflow/.local/lib/python3.12/site-packages/airflow/example_dags/example_subdag_operator.py
[2025-07-28T15:53:35.061+0000] {processor.py:925} INFO - DAG(s) 'example_subdag_operator.section-1', 'example_subdag_operator.section-2', 'example_subdag_operator' retrieved from /home/airflow/.local/lib/python3.12/site-packages/airflow/example_dags/example_subdag_operator.py
[2025-07-28T15:53:35.071+0000] {logging_mixin.py:190} INFO - [2025-07-28T15:53:35.071+0000] {dag.py:3229} INFO - Sync 3 DAGs
[2025-07-28T15:53:35.087+0000] {logging_mixin.py:190} INFO - [2025-07-28T15:53:35.086+0000] {dag.py:4156} INFO - Setting next_dagrun for example_subdag_operator to 2022-01-01 00:00:00+00:00, run_after=2022-01-01 00:00:00+00:00
[2025-07-28T15:53:35.090+0000] {logging_mixin.py:190} INFO - [2025-07-28T15:53:35.090+0000] {dag.py:4156} INFO - Setting next_dagrun for example_subdag_operator.section-1 to None, run_after=None
[2025-07-28T15:53:35.090+0000] {logging_mixin.py:190} INFO - [2025-07-28T15:53:35.090+0000] {dag.py:4156} INFO - Setting next_dagrun for example_subdag_operator.section-2 to None, run_after=None
[2025-07-28T15:53:35.094+0000] {logging_mixin.py:190} INFO - [2025-07-28T15:53:35.094+0000] {dag.py:3229} INFO - Sync 2 DAGs
[2025-07-28T15:53:35.099+0000] {logging_mixin.py:190} INFO - [2025-07-28T15:53:35.099+0000] {dag.py:4156} INFO - Setting next_dagrun for example_subdag_operator.section-1 to None, run_after=None
[2025-07-28T15:53:35.100+0000] {logging_mixin.py:190} INFO - [2025-07-28T15:53:35.100+0000] {dag.py:4156} INFO - Setting next_dagrun for example_subdag_operator.section-2 to None, run_after=None
[2025-07-28T15:53:35.107+0000] {processor.py:208} INFO - Processing /home/airflow/.local/lib/python3.12/site-packages/airflow/example_dags/example_subdag_operator.py took 0.071 seconds
[2025-07-28T15:54:05.884+0000] {processor.py:186} INFO - Started process (PID=1435) to work on /home/airflow/.local/lib/python3.12/site-packages/airflow/example_dags/example_subdag_operator.py
[2025-07-28T15:54:05.885+0000] {processor.py:914} INFO - Processing file /home/airflow/.local/lib/python3.12/site-packages/airflow/example_dags/example_subdag_operator.py for tasks to queue
[2025-07-28T15:54:05.886+0000] {logging_mixin.py:190} INFO - [2025-07-28T15:54:05.886+0000] {dagbag.py:587} INFO - Filling up the DagBag from /home/airflow/.local/lib/python3.12/site-packages/airflow/example_dags/example_subdag_operator.py
[2025-07-28T15:54:05.899+0000] {processor.py:925} INFO - DAG(s) 'example_subdag_operator.section-1', 'example_subdag_operator.section-2', 'example_subdag_operator' retrieved from /home/airflow/.local/lib/python3.12/site-packages/airflow/example_dags/example_subdag_operator.py
[2025-07-28T15:54:05.905+0000] {logging_mixin.py:190} INFO - [2025-07-28T15:54:05.905+0000] {dag.py:3229} INFO - Sync 3 DAGs
[2025-07-28T15:54:05.917+0000] {logging_mixin.py:190} INFO - [2025-07-28T15:54:05.917+0000] {dag.py:4156} INFO - Setting next_dagrun for example_subdag_operator to 2022-01-01 00:00:00+00:00, run_after=2022-01-01 00:00:00+00:00
[2025-07-28T15:54:05.919+0000] {logging_mixin.py:190} INFO - [2025-07-28T15:54:05.919+0000] {dag.py:4156} INFO - Setting next_dagrun for example_subdag_operator.section-1 to None, run_after=None
[2025-07-28T15:54:05.920+0000] {logging_mixin.py:190} INFO - [2025-07-28T15:54:05.920+0000] {dag.py:4156} INFO - Setting next_dagrun for example_subdag_operator.section-2 to None, run_after=None
[2025-07-28T15:54:05.922+0000] {logging_mixin.py:190} INFO - [2025-07-28T15:54:05.922+0000] {dag.py:3229} INFO - Sync 2 DAGs
[2025-07-28T15:54:05.924+0000] {logging_mixin.py:190} INFO - [2025-07-28T15:54:05.924+0000] {dag.py:4156} INFO - Setting next_dagrun for example_subdag_operator.section-1 to None, run_after=None
[2025-07-28T15:54:05.925+0000] {logging_mixin.py:190} INFO - [2025-07-28T15:54:05.925+0000] {dag.py:4156} INFO - Setting next_dagrun for example_subdag_operator.section-2 to None, run_after=None
[2025-07-28T15:54:05.929+0000] {processor.py:208} INFO - Processing /home/airflow/.local/lib/python3.12/site-packages/airflow/example_dags/example_subdag_operator.py took 0.048 seconds
[2025-07-28T15:54:36.676+0000] {processor.py:186} INFO - Started process (PID=1498) to work on /home/airflow/.local/lib/python3.12/site-packages/airflow/example_dags/example_subdag_operator.py
[2025-07-28T15:54:36.677+0000] {processor.py:914} INFO - Processing file /home/airflow/.local/lib/python3.12/site-packages/airflow/example_dags/example_subdag_operator.py for tasks to queue
[2025-07-28T15:54:36.678+0000] {logging_mixin.py:190} INFO - [2025-07-28T15:54:36.678+0000] {dagbag.py:587} INFO - Filling up the DagBag from /home/airflow/.local/lib/python3.12/site-packages/airflow/example_dags/example_subdag_operator.py
[2025-07-28T15:54:36.696+0000] {processor.py:925} INFO - DAG(s) 'example_subdag_operator.section-1', 'example_subdag_operator.section-2', 'example_subdag_operator' retrieved from /home/airflow/.local/lib/python3.12/site-packages/airflow/example_dags/example_subdag_operator.py
[2025-07-28T15:54:36.704+0000] {logging_mixin.py:190} INFO - [2025-07-28T15:54:36.703+0000] {dag.py:3229} INFO - Sync 3 DAGs
[2025-07-28T15:54:36.717+0000] {logging_mixin.py:190} INFO - [2025-07-28T15:54:36.716+0000] {dag.py:4156} INFO - Setting next_dagrun for example_subdag_operator to 2022-01-01 00:00:00+00:00, run_after=2022-01-01 00:00:00+00:00
[2025-07-28T15:54:36.719+0000] {logging_mixin.py:190} INFO - [2025-07-28T15:54:36.719+0000] {dag.py:4156} INFO - Setting next_dagrun for example_subdag_operator.section-1 to None, run_after=None
[2025-07-28T15:54:36.719+0000] {logging_mixin.py:190} INFO - [2025-07-28T15:54:36.719+0000] {dag.py:4156} INFO - Setting next_dagrun for example_subdag_operator.section-2 to None, run_after=None
[2025-07-28T15:54:36.722+0000] {logging_mixin.py:190} INFO - [2025-07-28T15:54:36.722+0000] {dag.py:3229} INFO - Sync 2 DAGs
[2025-07-28T15:54:36.725+0000] {logging_mixin.py:190} INFO - [2025-07-28T15:54:36.725+0000] {dag.py:4156} INFO - Setting next_dagrun for example_subdag_operator.section-1 to None, run_after=None
[2025-07-28T15:54:36.725+0000] {logging_mixin.py:190} INFO - [2025-07-28T15:54:36.725+0000] {dag.py:4156} INFO - Setting next_dagrun for example_subdag_operator.section-2 to None, run_after=None
[2025-07-28T15:54:36.730+0000] {processor.py:208} INFO - Processing /home/airflow/.local/lib/python3.12/site-packages/airflow/example_dags/example_subdag_operator.py took 0.057 seconds
[2025-07-28T15:55:08.625+0000] {processor.py:186} INFO - Started process (PID=1561) to work on /home/airflow/.local/lib/python3.12/site-packages/airflow/example_dags/example_subdag_operator.py
[2025-07-28T15:55:08.626+0000] {processor.py:914} INFO - Processing file /home/airflow/.local/lib/python3.12/site-packages/airflow/example_dags/example_subdag_operator.py for tasks to queue
[2025-07-28T15:55:08.628+0000] {logging_mixin.py:190} INFO - [2025-07-28T15:55:08.628+0000] {dagbag.py:587} INFO - Filling up the DagBag from /home/airflow/.local/lib/python3.12/site-packages/airflow/example_dags/example_subdag_operator.py
[2025-07-28T15:55:08.655+0000] {processor.py:925} INFO - DAG(s) 'example_subdag_operator.section-1', 'example_subdag_operator.section-2', 'example_subdag_operator' retrieved from /home/airflow/.local/lib/python3.12/site-packages/airflow/example_dags/example_subdag_operator.py
[2025-07-28T15:55:08.667+0000] {logging_mixin.py:190} INFO - [2025-07-28T15:55:08.667+0000] {dag.py:3229} INFO - Sync 3 DAGs
[2025-07-28T15:55:08.685+0000] {logging_mixin.py:190} INFO - [2025-07-28T15:55:08.685+0000] {dag.py:4156} INFO - Setting next_dagrun for example_subdag_operator to 2022-01-01 00:00:00+00:00, run_after=2022-01-01 00:00:00+00:00
[2025-07-28T15:55:08.689+0000] {logging_mixin.py:190} INFO - [2025-07-28T15:55:08.689+0000] {dag.py:4156} INFO - Setting next_dagrun for example_subdag_operator.section-1 to None, run_after=None
[2025-07-28T15:55:08.689+0000] {logging_mixin.py:190} INFO - [2025-07-28T15:55:08.689+0000] {dag.py:4156} INFO - Setting next_dagrun for example_subdag_operator.section-2 to None, run_after=None
[2025-07-28T15:55:08.693+0000] {logging_mixin.py:190} INFO - [2025-07-28T15:55:08.693+0000] {dag.py:3229} INFO - Sync 2 DAGs
[2025-07-28T15:55:08.695+0000] {logging_mixin.py:190} INFO - [2025-07-28T15:55:08.695+0000] {dag.py:4156} INFO - Setting next_dagrun for example_subdag_operator.section-1 to None, run_after=None
[2025-07-28T15:55:08.696+0000] {logging_mixin.py:190} INFO - [2025-07-28T15:55:08.696+0000] {dag.py:4156} INFO - Setting next_dagrun for example_subdag_operator.section-2 to None, run_after=None
[2025-07-28T15:55:08.702+0000] {processor.py:208} INFO - Processing /home/airflow/.local/lib/python3.12/site-packages/airflow/example_dags/example_subdag_operator.py took 0.080 seconds
[2025-07-28T15:55:39.385+0000] {processor.py:186} INFO - Started process (PID=1624) to work on /home/airflow/.local/lib/python3.12/site-packages/airflow/example_dags/example_subdag_operator.py
[2025-07-28T15:55:39.385+0000] {processor.py:914} INFO - Processing file /home/airflow/.local/lib/python3.12/site-packages/airflow/example_dags/example_subdag_operator.py for tasks to queue
[2025-07-28T15:55:39.387+0000] {logging_mixin.py:190} INFO - [2025-07-28T15:55:39.387+0000] {dagbag.py:587} INFO - Filling up the DagBag from /home/airflow/.local/lib/python3.12/site-packages/airflow/example_dags/example_subdag_operator.py
[2025-07-28T15:55:39.399+0000] {processor.py:925} INFO - DAG(s) 'example_subdag_operator.section-1', 'example_subdag_operator.section-2', 'example_subdag_operator' retrieved from /home/airflow/.local/lib/python3.12/site-packages/airflow/example_dags/example_subdag_operator.py
[2025-07-28T15:55:39.410+0000] {logging_mixin.py:190} INFO - [2025-07-28T15:55:39.410+0000] {dag.py:3229} INFO - Sync 3 DAGs
[2025-07-28T15:55:39.422+0000] {logging_mixin.py:190} INFO - [2025-07-28T15:55:39.422+0000] {dag.py:4156} INFO - Setting next_dagrun for example_subdag_operator to 2022-01-01 00:00:00+00:00, run_after=2022-01-01 00:00:00+00:00
[2025-07-28T15:55:39.423+0000] {logging_mixin.py:190} INFO - [2025-07-28T15:55:39.423+0000] {dag.py:4156} INFO - Setting next_dagrun for example_subdag_operator.section-1 to None, run_after=None
[2025-07-28T15:55:39.424+0000] {logging_mixin.py:190} INFO - [2025-07-28T15:55:39.424+0000] {dag.py:4156} INFO - Setting next_dagrun for example_subdag_operator.section-2 to None, run_after=None
[2025-07-28T15:55:39.427+0000] {logging_mixin.py:190} INFO - [2025-07-28T15:55:39.427+0000] {dag.py:3229} INFO - Sync 2 DAGs
[2025-07-28T15:55:39.429+0000] {logging_mixin.py:190} INFO - [2025-07-28T15:55:39.429+0000] {dag.py:4156} INFO - Setting next_dagrun for example_subdag_operator.section-1 to None, run_after=None
[2025-07-28T15:55:39.429+0000] {logging_mixin.py:190} INFO - [2025-07-28T15:55:39.429+0000] {dag.py:4156} INFO - Setting next_dagrun for example_subdag_operator.section-2 to None, run_after=None
[2025-07-28T15:55:39.433+0000] {processor.py:208} INFO - Processing /home/airflow/.local/lib/python3.12/site-packages/airflow/example_dags/example_subdag_operator.py took 0.051 seconds
[2025-07-28T15:56:10.200+0000] {processor.py:186} INFO - Started process (PID=1687) to work on /home/airflow/.local/lib/python3.12/site-packages/airflow/example_dags/example_subdag_operator.py
[2025-07-28T15:56:10.201+0000] {processor.py:914} INFO - Processing file /home/airflow/.local/lib/python3.12/site-packages/airflow/example_dags/example_subdag_operator.py for tasks to queue
[2025-07-28T15:56:10.203+0000] {logging_mixin.py:190} INFO - [2025-07-28T15:56:10.203+0000] {dagbag.py:587} INFO - Filling up the DagBag from /home/airflow/.local/lib/python3.12/site-packages/airflow/example_dags/example_subdag_operator.py
[2025-07-28T15:56:10.224+0000] {processor.py:925} INFO - DAG(s) 'example_subdag_operator.section-1', 'example_subdag_operator.section-2', 'example_subdag_operator' retrieved from /home/airflow/.local/lib/python3.12/site-packages/airflow/example_dags/example_subdag_operator.py
[2025-07-28T15:56:10.233+0000] {logging_mixin.py:190} INFO - [2025-07-28T15:56:10.232+0000] {dag.py:3229} INFO - Sync 3 DAGs
[2025-07-28T15:56:10.250+0000] {logging_mixin.py:190} INFO - [2025-07-28T15:56:10.250+0000] {dag.py:4156} INFO - Setting next_dagrun for example_subdag_operator to 2022-01-01 00:00:00+00:00, run_after=2022-01-01 00:00:00+00:00
[2025-07-28T15:56:10.253+0000] {logging_mixin.py:190} INFO - [2025-07-28T15:56:10.253+0000] {dag.py:4156} INFO - Setting next_dagrun for example_subdag_operator.section-1 to None, run_after=None
[2025-07-28T15:56:10.253+0000] {logging_mixin.py:190} INFO - [2025-07-28T15:56:10.253+0000] {dag.py:4156} INFO - Setting next_dagrun for example_subdag_operator.section-2 to None, run_after=None
[2025-07-28T15:56:10.258+0000] {logging_mixin.py:190} INFO - [2025-07-28T15:56:10.258+0000] {dag.py:3229} INFO - Sync 2 DAGs
[2025-07-28T15:56:10.261+0000] {logging_mixin.py:190} INFO - [2025-07-28T15:56:10.261+0000] {dag.py:4156} INFO - Setting next_dagrun for example_subdag_operator.section-1 to None, run_after=None
[2025-07-28T15:56:10.261+0000] {logging_mixin.py:190} INFO - [2025-07-28T15:56:10.261+0000] {dag.py:4156} INFO - Setting next_dagrun for example_subdag_operator.section-2 to None, run_after=None
[2025-07-28T15:56:10.266+0000] {processor.py:208} INFO - Processing /home/airflow/.local/lib/python3.12/site-packages/airflow/example_dags/example_subdag_operator.py took 0.070 seconds
[2025-07-28T15:56:40.947+0000] {processor.py:186} INFO - Started process (PID=1750) to work on /home/airflow/.local/lib/python3.12/site-packages/airflow/example_dags/example_subdag_operator.py
[2025-07-28T15:56:40.948+0000] {processor.py:914} INFO - Processing file /home/airflow/.local/lib/python3.12/site-packages/airflow/example_dags/example_subdag_operator.py for tasks to queue
[2025-07-28T15:56:40.950+0000] {logging_mixin.py:190} INFO - [2025-07-28T15:56:40.950+0000] {dagbag.py:587} INFO - Filling up the DagBag from /home/airflow/.local/lib/python3.12/site-packages/airflow/example_dags/example_subdag_operator.py
[2025-07-28T15:56:40.984+0000] {processor.py:925} INFO - DAG(s) 'example_subdag_operator.section-1', 'example_subdag_operator.section-2', 'example_subdag_operator' retrieved from /home/airflow/.local/lib/python3.12/site-packages/airflow/example_dags/example_subdag_operator.py
[2025-07-28T15:56:40.997+0000] {logging_mixin.py:190} INFO - [2025-07-28T15:56:40.996+0000] {dag.py:3229} INFO - Sync 3 DAGs
[2025-07-28T15:56:41.023+0000] {logging_mixin.py:190} INFO - [2025-07-28T15:56:41.023+0000] {dag.py:4156} INFO - Setting next_dagrun for example_subdag_operator to 2022-01-01 00:00:00+00:00, run_after=2022-01-01 00:00:00+00:00
[2025-07-28T15:56:41.026+0000] {logging_mixin.py:190} INFO - [2025-07-28T15:56:41.026+0000] {dag.py:4156} INFO - Setting next_dagrun for example_subdag_operator.section-1 to None, run_after=None
[2025-07-28T15:56:41.028+0000] {logging_mixin.py:190} INFO - [2025-07-28T15:56:41.027+0000] {dag.py:4156} INFO - Setting next_dagrun for example_subdag_operator.section-2 to None, run_after=None
[2025-07-28T15:56:41.033+0000] {logging_mixin.py:190} INFO - [2025-07-28T15:56:41.033+0000] {dag.py:3229} INFO - Sync 2 DAGs
[2025-07-28T15:56:41.038+0000] {logging_mixin.py:190} INFO - [2025-07-28T15:56:41.037+0000] {dag.py:4156} INFO - Setting next_dagrun for example_subdag_operator.section-1 to None, run_after=None
[2025-07-28T15:56:41.038+0000] {logging_mixin.py:190} INFO - [2025-07-28T15:56:41.038+0000] {dag.py:4156} INFO - Setting next_dagrun for example_subdag_operator.section-2 to None, run_after=None
[2025-07-28T15:56:41.046+0000] {processor.py:208} INFO - Processing /home/airflow/.local/lib/python3.12/site-packages/airflow/example_dags/example_subdag_operator.py took 0.104 seconds
[2025-07-28T15:57:11.761+0000] {processor.py:186} INFO - Started process (PID=1812) to work on /home/airflow/.local/lib/python3.12/site-packages/airflow/example_dags/example_subdag_operator.py
[2025-07-28T15:57:11.761+0000] {processor.py:914} INFO - Processing file /home/airflow/.local/lib/python3.12/site-packages/airflow/example_dags/example_subdag_operator.py for tasks to queue
[2025-07-28T15:57:11.763+0000] {logging_mixin.py:190} INFO - [2025-07-28T15:57:11.762+0000] {dagbag.py:587} INFO - Filling up the DagBag from /home/airflow/.local/lib/python3.12/site-packages/airflow/example_dags/example_subdag_operator.py
[2025-07-28T15:57:11.777+0000] {processor.py:925} INFO - DAG(s) 'example_subdag_operator.section-1', 'example_subdag_operator.section-2', 'example_subdag_operator' retrieved from /home/airflow/.local/lib/python3.12/site-packages/airflow/example_dags/example_subdag_operator.py
[2025-07-28T15:57:11.784+0000] {logging_mixin.py:190} INFO - [2025-07-28T15:57:11.784+0000] {dag.py:3229} INFO - Sync 3 DAGs
[2025-07-28T15:57:11.796+0000] {logging_mixin.py:190} INFO - [2025-07-28T15:57:11.796+0000] {dag.py:4156} INFO - Setting next_dagrun for example_subdag_operator to 2022-01-01 00:00:00+00:00, run_after=2022-01-01 00:00:00+00:00
[2025-07-28T15:57:11.798+0000] {logging_mixin.py:190} INFO - [2025-07-28T15:57:11.798+0000] {dag.py:4156} INFO - Setting next_dagrun for example_subdag_operator.section-1 to None, run_after=None
[2025-07-28T15:57:11.799+0000] {logging_mixin.py:190} INFO - [2025-07-28T15:57:11.799+0000] {dag.py:4156} INFO - Setting next_dagrun for example_subdag_operator.section-2 to None, run_after=None
[2025-07-28T15:57:11.802+0000] {logging_mixin.py:190} INFO - [2025-07-28T15:57:11.802+0000] {dag.py:3229} INFO - Sync 2 DAGs
[2025-07-28T15:57:11.804+0000] {logging_mixin.py:190} INFO - [2025-07-28T15:57:11.804+0000] {dag.py:4156} INFO - Setting next_dagrun for example_subdag_operator.section-1 to None, run_after=None
[2025-07-28T15:57:11.804+0000] {logging_mixin.py:190} INFO - [2025-07-28T15:57:11.804+0000] {dag.py:4156} INFO - Setting next_dagrun for example_subdag_operator.section-2 to None, run_after=None
[2025-07-28T15:57:11.808+0000] {processor.py:208} INFO - Processing /home/airflow/.local/lib/python3.12/site-packages/airflow/example_dags/example_subdag_operator.py took 0.051 seconds
[2025-07-28T15:57:43.329+0000] {processor.py:186} INFO - Started process (PID=1875) to work on /home/airflow/.local/lib/python3.12/site-packages/airflow/example_dags/example_subdag_operator.py
[2025-07-28T15:57:43.331+0000] {processor.py:914} INFO - Processing file /home/airflow/.local/lib/python3.12/site-packages/airflow/example_dags/example_subdag_operator.py for tasks to queue
[2025-07-28T15:57:43.333+0000] {logging_mixin.py:190} INFO - [2025-07-28T15:57:43.333+0000] {dagbag.py:587} INFO - Filling up the DagBag from /home/airflow/.local/lib/python3.12/site-packages/airflow/example_dags/example_subdag_operator.py
[2025-07-28T15:57:43.353+0000] {processor.py:925} INFO - DAG(s) 'example_subdag_operator.section-1', 'example_subdag_operator.section-2', 'example_subdag_operator' retrieved from /home/airflow/.local/lib/python3.12/site-packages/airflow/example_dags/example_subdag_operator.py
[2025-07-28T15:57:43.364+0000] {logging_mixin.py:190} INFO - [2025-07-28T15:57:43.364+0000] {dag.py:3229} INFO - Sync 3 DAGs
[2025-07-28T15:57:43.383+0000] {logging_mixin.py:190} INFO - [2025-07-28T15:57:43.383+0000] {dag.py:4156} INFO - Setting next_dagrun for example_subdag_operator to 2022-01-01 00:00:00+00:00, run_after=2022-01-01 00:00:00+00:00
[2025-07-28T15:57:43.385+0000] {logging_mixin.py:190} INFO - [2025-07-28T15:57:43.385+0000] {dag.py:4156} INFO - Setting next_dagrun for example_subdag_operator.section-1 to None, run_after=None
[2025-07-28T15:57:43.386+0000] {logging_mixin.py:190} INFO - [2025-07-28T15:57:43.386+0000] {dag.py:4156} INFO - Setting next_dagrun for example_subdag_operator.section-2 to None, run_after=None
[2025-07-28T15:57:43.390+0000] {logging_mixin.py:190} INFO - [2025-07-28T15:57:43.390+0000] {dag.py:3229} INFO - Sync 2 DAGs
[2025-07-28T15:57:43.393+0000] {logging_mixin.py:190} INFO - [2025-07-28T15:57:43.393+0000] {dag.py:4156} INFO - Setting next_dagrun for example_subdag_operator.section-1 to None, run_after=None
[2025-07-28T15:57:43.393+0000] {logging_mixin.py:190} INFO - [2025-07-28T15:57:43.393+0000] {dag.py:4156} INFO - Setting next_dagrun for example_subdag_operator.section-2 to None, run_after=None
[2025-07-28T15:57:43.398+0000] {processor.py:208} INFO - Processing /home/airflow/.local/lib/python3.12/site-packages/airflow/example_dags/example_subdag_operator.py took 0.074 seconds
[2025-07-28T15:58:14.278+0000] {processor.py:186} INFO - Started process (PID=1938) to work on /home/airflow/.local/lib/python3.12/site-packages/airflow/example_dags/example_subdag_operator.py
[2025-07-28T15:58:14.279+0000] {processor.py:914} INFO - Processing file /home/airflow/.local/lib/python3.12/site-packages/airflow/example_dags/example_subdag_operator.py for tasks to queue
[2025-07-28T15:58:14.280+0000] {logging_mixin.py:190} INFO - [2025-07-28T15:58:14.280+0000] {dagbag.py:587} INFO - Filling up the DagBag from /home/airflow/.local/lib/python3.12/site-packages/airflow/example_dags/example_subdag_operator.py
[2025-07-28T15:58:14.295+0000] {processor.py:925} INFO - DAG(s) 'example_subdag_operator.section-1', 'example_subdag_operator.section-2', 'example_subdag_operator' retrieved from /home/airflow/.local/lib/python3.12/site-packages/airflow/example_dags/example_subdag_operator.py
[2025-07-28T15:58:14.302+0000] {logging_mixin.py:190} INFO - [2025-07-28T15:58:14.302+0000] {dag.py:3229} INFO - Sync 3 DAGs
[2025-07-28T15:58:14.312+0000] {logging_mixin.py:190} INFO - [2025-07-28T15:58:14.312+0000] {dag.py:4156} INFO - Setting next_dagrun for example_subdag_operator to 2022-01-01 00:00:00+00:00, run_after=2022-01-01 00:00:00+00:00
[2025-07-28T15:58:14.314+0000] {logging_mixin.py:190} INFO - [2025-07-28T15:58:14.314+0000] {dag.py:4156} INFO - Setting next_dagrun for example_subdag_operator.section-1 to None, run_after=None
[2025-07-28T15:58:14.314+0000] {logging_mixin.py:190} INFO - [2025-07-28T15:58:14.314+0000] {dag.py:4156} INFO - Setting next_dagrun for example_subdag_operator.section-2 to None, run_after=None
[2025-07-28T15:58:14.317+0000] {logging_mixin.py:190} INFO - [2025-07-28T15:58:14.317+0000] {dag.py:3229} INFO - Sync 2 DAGs
[2025-07-28T15:58:14.319+0000] {logging_mixin.py:190} INFO - [2025-07-28T15:58:14.319+0000] {dag.py:4156} INFO - Setting next_dagrun for example_subdag_operator.section-1 to None, run_after=None
[2025-07-28T15:58:14.319+0000] {logging_mixin.py:190} INFO - [2025-07-28T15:58:14.319+0000] {dag.py:4156} INFO - Setting next_dagrun for example_subdag_operator.section-2 to None, run_after=None
[2025-07-28T15:58:14.323+0000] {processor.py:208} INFO - Processing /home/airflow/.local/lib/python3.12/site-packages/airflow/example_dags/example_subdag_operator.py took 0.049 seconds
[2025-07-28T15:58:46.203+0000] {processor.py:186} INFO - Started process (PID=2001) to work on /home/airflow/.local/lib/python3.12/site-packages/airflow/example_dags/example_subdag_operator.py
[2025-07-28T15:58:46.204+0000] {processor.py:914} INFO - Processing file /home/airflow/.local/lib/python3.12/site-packages/airflow/example_dags/example_subdag_operator.py for tasks to queue
[2025-07-28T15:58:46.205+0000] {logging_mixin.py:190} INFO - [2025-07-28T15:58:46.205+0000] {dagbag.py:587} INFO - Filling up the DagBag from /home/airflow/.local/lib/python3.12/site-packages/airflow/example_dags/example_subdag_operator.py
[2025-07-28T15:58:46.219+0000] {processor.py:925} INFO - DAG(s) 'example_subdag_operator.section-1', 'example_subdag_operator.section-2', 'example_subdag_operator' retrieved from /home/airflow/.local/lib/python3.12/site-packages/airflow/example_dags/example_subdag_operator.py
[2025-07-28T15:58:46.226+0000] {logging_mixin.py:190} INFO - [2025-07-28T15:58:46.226+0000] {dag.py:3229} INFO - Sync 3 DAGs
[2025-07-28T15:58:46.235+0000] {logging_mixin.py:190} INFO - [2025-07-28T15:58:46.235+0000] {dag.py:4156} INFO - Setting next_dagrun for example_subdag_operator to 2022-01-01 00:00:00+00:00, run_after=2022-01-01 00:00:00+00:00
[2025-07-28T15:58:46.237+0000] {logging_mixin.py:190} INFO - [2025-07-28T15:58:46.237+0000] {dag.py:4156} INFO - Setting next_dagrun for example_subdag_operator.section-1 to None, run_after=None
[2025-07-28T15:58:46.237+0000] {logging_mixin.py:190} INFO - [2025-07-28T15:58:46.237+0000] {dag.py:4156} INFO - Setting next_dagrun for example_subdag_operator.section-2 to None, run_after=None
[2025-07-28T15:58:46.240+0000] {logging_mixin.py:190} INFO - [2025-07-28T15:58:46.240+0000] {dag.py:3229} INFO - Sync 2 DAGs
[2025-07-28T15:58:46.242+0000] {logging_mixin.py:190} INFO - [2025-07-28T15:58:46.242+0000] {dag.py:4156} INFO - Setting next_dagrun for example_subdag_operator.section-1 to None, run_after=None
[2025-07-28T15:58:46.243+0000] {logging_mixin.py:190} INFO - [2025-07-28T15:58:46.243+0000] {dag.py:4156} INFO - Setting next_dagrun for example_subdag_operator.section-2 to None, run_after=None
[2025-07-28T15:58:46.250+0000] {processor.py:208} INFO - Processing /home/airflow/.local/lib/python3.12/site-packages/airflow/example_dags/example_subdag_operator.py took 0.049 seconds
[2025-07-28T15:59:16.670+0000] {processor.py:186} INFO - Started process (PID=2063) to work on /home/airflow/.local/lib/python3.12/site-packages/airflow/example_dags/example_subdag_operator.py
[2025-07-28T15:59:16.671+0000] {processor.py:914} INFO - Processing file /home/airflow/.local/lib/python3.12/site-packages/airflow/example_dags/example_subdag_operator.py for tasks to queue
[2025-07-28T15:59:16.673+0000] {logging_mixin.py:190} INFO - [2025-07-28T15:59:16.673+0000] {dagbag.py:587} INFO - Filling up the DagBag from /home/airflow/.local/lib/python3.12/site-packages/airflow/example_dags/example_subdag_operator.py
[2025-07-28T15:59:16.689+0000] {processor.py:925} INFO - DAG(s) 'example_subdag_operator.section-1', 'example_subdag_operator.section-2', 'example_subdag_operator' retrieved from /home/airflow/.local/lib/python3.12/site-packages/airflow/example_dags/example_subdag_operator.py
[2025-07-28T15:59:16.696+0000] {logging_mixin.py:190} INFO - [2025-07-28T15:59:16.695+0000] {dag.py:3229} INFO - Sync 3 DAGs
[2025-07-28T15:59:16.708+0000] {logging_mixin.py:190} INFO - [2025-07-28T15:59:16.708+0000] {dag.py:4156} INFO - Setting next_dagrun for example_subdag_operator to 2022-01-01 00:00:00+00:00, run_after=2022-01-01 00:00:00+00:00
[2025-07-28T15:59:16.709+0000] {logging_mixin.py:190} INFO - [2025-07-28T15:59:16.709+0000] {dag.py:4156} INFO - Setting next_dagrun for example_subdag_operator.section-1 to None, run_after=None
[2025-07-28T15:59:16.710+0000] {logging_mixin.py:190} INFO - [2025-07-28T15:59:16.710+0000] {dag.py:4156} INFO - Setting next_dagrun for example_subdag_operator.section-2 to None, run_after=None
[2025-07-28T15:59:16.713+0000] {logging_mixin.py:190} INFO - [2025-07-28T15:59:16.713+0000] {dag.py:3229} INFO - Sync 2 DAGs
[2025-07-28T15:59:16.715+0000] {logging_mixin.py:190} INFO - [2025-07-28T15:59:16.715+0000] {dag.py:4156} INFO - Setting next_dagrun for example_subdag_operator.section-1 to None, run_after=None
[2025-07-28T15:59:16.715+0000] {logging_mixin.py:190} INFO - [2025-07-28T15:59:16.715+0000] {dag.py:4156} INFO - Setting next_dagrun for example_subdag_operator.section-2 to None, run_after=None
[2025-07-28T15:59:16.719+0000] {processor.py:208} INFO - Processing /home/airflow/.local/lib/python3.12/site-packages/airflow/example_dags/example_subdag_operator.py took 0.053 seconds
[2025-07-28T15:59:46.761+0000] {processor.py:186} INFO - Started process (PID=2126) to work on /home/airflow/.local/lib/python3.12/site-packages/airflow/example_dags/example_subdag_operator.py
[2025-07-28T15:59:46.763+0000] {processor.py:914} INFO - Processing file /home/airflow/.local/lib/python3.12/site-packages/airflow/example_dags/example_subdag_operator.py for tasks to queue
[2025-07-28T15:59:46.767+0000] {logging_mixin.py:190} INFO - [2025-07-28T15:59:46.767+0000] {dagbag.py:587} INFO - Filling up the DagBag from /home/airflow/.local/lib/python3.12/site-packages/airflow/example_dags/example_subdag_operator.py
[2025-07-28T15:59:46.786+0000] {processor.py:925} INFO - DAG(s) 'example_subdag_operator.section-1', 'example_subdag_operator.section-2', 'example_subdag_operator' retrieved from /home/airflow/.local/lib/python3.12/site-packages/airflow/example_dags/example_subdag_operator.py
[2025-07-28T15:59:46.793+0000] {logging_mixin.py:190} INFO - [2025-07-28T15:59:46.792+0000] {dag.py:3229} INFO - Sync 3 DAGs
[2025-07-28T15:59:46.802+0000] {logging_mixin.py:190} INFO - [2025-07-28T15:59:46.802+0000] {dag.py:4156} INFO - Setting next_dagrun for example_subdag_operator to 2022-01-01 00:00:00+00:00, run_after=2022-01-01 00:00:00+00:00
[2025-07-28T15:59:46.804+0000] {logging_mixin.py:190} INFO - [2025-07-28T15:59:46.804+0000] {dag.py:4156} INFO - Setting next_dagrun for example_subdag_operator.section-1 to None, run_after=None
[2025-07-28T15:59:46.804+0000] {logging_mixin.py:190} INFO - [2025-07-28T15:59:46.804+0000] {dag.py:4156} INFO - Setting next_dagrun for example_subdag_operator.section-2 to None, run_after=None
[2025-07-28T15:59:46.807+0000] {logging_mixin.py:190} INFO - [2025-07-28T15:59:46.807+0000] {dag.py:3229} INFO - Sync 2 DAGs
[2025-07-28T15:59:46.809+0000] {logging_mixin.py:190} INFO - [2025-07-28T15:59:46.809+0000] {dag.py:4156} INFO - Setting next_dagrun for example_subdag_operator.section-1 to None, run_after=None
[2025-07-28T15:59:46.809+0000] {logging_mixin.py:190} INFO - [2025-07-28T15:59:46.809+0000] {dag.py:4156} INFO - Setting next_dagrun for example_subdag_operator.section-2 to None, run_after=None
[2025-07-28T15:59:46.813+0000] {processor.py:208} INFO - Processing /home/airflow/.local/lib/python3.12/site-packages/airflow/example_dags/example_subdag_operator.py took 0.057 seconds
[2025-07-28T16:00:18.077+0000] {processor.py:186} INFO - Started process (PID=2188) to work on /home/airflow/.local/lib/python3.12/site-packages/airflow/example_dags/example_subdag_operator.py
[2025-07-28T16:00:18.081+0000] {processor.py:914} INFO - Processing file /home/airflow/.local/lib/python3.12/site-packages/airflow/example_dags/example_subdag_operator.py for tasks to queue
[2025-07-28T16:00:18.083+0000] {logging_mixin.py:190} INFO - [2025-07-28T16:00:18.083+0000] {dagbag.py:587} INFO - Filling up the DagBag from /home/airflow/.local/lib/python3.12/site-packages/airflow/example_dags/example_subdag_operator.py
[2025-07-28T16:00:18.108+0000] {processor.py:925} INFO - DAG(s) 'example_subdag_operator.section-1', 'example_subdag_operator.section-2', 'example_subdag_operator' retrieved from /home/airflow/.local/lib/python3.12/site-packages/airflow/example_dags/example_subdag_operator.py
[2025-07-28T16:00:18.125+0000] {logging_mixin.py:190} INFO - [2025-07-28T16:00:18.125+0000] {dag.py:3229} INFO - Sync 3 DAGs
[2025-07-28T16:00:18.144+0000] {logging_mixin.py:190} INFO - [2025-07-28T16:00:18.143+0000] {dag.py:4156} INFO - Setting next_dagrun for example_subdag_operator to 2022-01-01 00:00:00+00:00, run_after=2022-01-01 00:00:00+00:00
[2025-07-28T16:00:18.146+0000] {logging_mixin.py:190} INFO - [2025-07-28T16:00:18.146+0000] {dag.py:4156} INFO - Setting next_dagrun for example_subdag_operator.section-1 to None, run_after=None
[2025-07-28T16:00:18.147+0000] {logging_mixin.py:190} INFO - [2025-07-28T16:00:18.147+0000] {dag.py:4156} INFO - Setting next_dagrun for example_subdag_operator.section-2 to None, run_after=None
[2025-07-28T16:00:18.153+0000] {logging_mixin.py:190} INFO - [2025-07-28T16:00:18.153+0000] {dag.py:3229} INFO - Sync 2 DAGs
[2025-07-28T16:00:18.158+0000] {logging_mixin.py:190} INFO - [2025-07-28T16:00:18.158+0000] {dag.py:4156} INFO - Setting next_dagrun for example_subdag_operator.section-1 to None, run_after=None
[2025-07-28T16:00:18.160+0000] {logging_mixin.py:190} INFO - [2025-07-28T16:00:18.160+0000] {dag.py:4156} INFO - Setting next_dagrun for example_subdag_operator.section-2 to None, run_after=None
[2025-07-28T16:00:18.170+0000] {processor.py:208} INFO - Processing /home/airflow/.local/lib/python3.12/site-packages/airflow/example_dags/example_subdag_operator.py took 0.103 seconds
[2025-07-28T16:00:48.913+0000] {processor.py:186} INFO - Started process (PID=2251) to work on /home/airflow/.local/lib/python3.12/site-packages/airflow/example_dags/example_subdag_operator.py
[2025-07-28T16:00:48.913+0000] {processor.py:914} INFO - Processing file /home/airflow/.local/lib/python3.12/site-packages/airflow/example_dags/example_subdag_operator.py for tasks to queue
[2025-07-28T16:00:48.915+0000] {logging_mixin.py:190} INFO - [2025-07-28T16:00:48.915+0000] {dagbag.py:587} INFO - Filling up the DagBag from /home/airflow/.local/lib/python3.12/site-packages/airflow/example_dags/example_subdag_operator.py
[2025-07-28T16:00:48.933+0000] {processor.py:925} INFO - DAG(s) 'example_subdag_operator.section-1', 'example_subdag_operator.section-2', 'example_subdag_operator' retrieved from /home/airflow/.local/lib/python3.12/site-packages/airflow/example_dags/example_subdag_operator.py
[2025-07-28T16:00:48.942+0000] {logging_mixin.py:190} INFO - [2025-07-28T16:00:48.942+0000] {dag.py:3229} INFO - Sync 3 DAGs
[2025-07-28T16:00:48.954+0000] {logging_mixin.py:190} INFO - [2025-07-28T16:00:48.954+0000] {dag.py:4156} INFO - Setting next_dagrun for example_subdag_operator to 2022-01-01 00:00:00+00:00, run_after=2022-01-01 00:00:00+00:00
[2025-07-28T16:00:48.956+0000] {logging_mixin.py:190} INFO - [2025-07-28T16:00:48.956+0000] {dag.py:4156} INFO - Setting next_dagrun for example_subdag_operator.section-1 to None, run_after=None
[2025-07-28T16:00:48.956+0000] {logging_mixin.py:190} INFO - [2025-07-28T16:00:48.956+0000] {dag.py:4156} INFO - Setting next_dagrun for example_subdag_operator.section-2 to None, run_after=None
[2025-07-28T16:00:48.960+0000] {logging_mixin.py:190} INFO - [2025-07-28T16:00:48.959+0000] {dag.py:3229} INFO - Sync 2 DAGs
[2025-07-28T16:00:48.962+0000] {logging_mixin.py:190} INFO - [2025-07-28T16:00:48.962+0000] {dag.py:4156} INFO - Setting next_dagrun for example_subdag_operator.section-1 to None, run_after=None
[2025-07-28T16:00:48.962+0000] {logging_mixin.py:190} INFO - [2025-07-28T16:00:48.962+0000] {dag.py:4156} INFO - Setting next_dagrun for example_subdag_operator.section-2 to None, run_after=None
[2025-07-28T16:00:48.967+0000] {processor.py:208} INFO - Processing /home/airflow/.local/lib/python3.12/site-packages/airflow/example_dags/example_subdag_operator.py took 0.059 seconds
