[2025-07-28T15:42:46.280+0000] {processor.py:186} INFO - Started process (PID=54) to work on /home/airflow/.local/lib/python3.12/site-packages/airflow/example_dags/example_bash_decorator.py
[2025-07-28T15:42:46.283+0000] {processor.py:914} INFO - Processing file /home/airflow/.local/lib/python3.12/site-packages/airflow/example_dags/example_bash_decorator.py for tasks to queue
[2025-07-28T15:42:46.287+0000] {logging_mixin.py:190} INFO - [2025-07-28T15:42:46.286+0000] {dagbag.py:587} INFO - Filling up the DagBag from /home/airflow/.local/lib/python3.12/site-packages/airflow/example_dags/example_bash_decorator.py
[2025-07-28T15:42:46.348+0000] {processor.py:925} INFO - DAG(s) 'example_bash_decorator' retrieved from /home/airflow/.local/lib/python3.12/site-packages/airflow/example_dags/example_bash_decorator.py
[2025-07-28T15:42:46.649+0000] {logging_mixin.py:190} INFO - [2025-07-28T15:42:46.647+0000] {override.py:1900} INFO - Created Permission View: can edit on DAG:example_bash_decorator
[2025-07-28T15:42:46.659+0000] {logging_mixin.py:190} INFO - [2025-07-28T15:42:46.659+0000] {override.py:1900} INFO - Created Permission View: can read on DAG:example_bash_decorator
[2025-07-28T15:42:46.664+0000] {logging_mixin.py:190} INFO - [2025-07-28T15:42:46.664+0000] {override.py:1900} INFO - Created Permission View: can delete on DAG:example_bash_decorator
[2025-07-28T15:42:46.669+0000] {logging_mixin.py:190} INFO - [2025-07-28T15:42:46.668+0000] {override.py:1900} INFO - Created Permission View: can read on DAG Run:example_bash_decorator
[2025-07-28T15:42:46.672+0000] {logging_mixin.py:190} INFO - [2025-07-28T15:42:46.671+0000] {override.py:1900} INFO - Created Permission View: can delete on DAG Run:example_bash_decorator
[2025-07-28T15:42:46.681+0000] {logging_mixin.py:190} INFO - [2025-07-28T15:42:46.680+0000] {override.py:1900} INFO - Created Permission View: can create on DAG Run:example_bash_decorator
[2025-07-28T15:42:46.686+0000] {logging_mixin.py:190} INFO - [2025-07-28T15:42:46.686+0000] {override.py:1900} INFO - Created Permission View: menu access on DAG Run:example_bash_decorator
[2025-07-28T15:42:46.688+0000] {logging_mixin.py:190} INFO - [2025-07-28T15:42:46.687+0000] {dag.py:3229} INFO - Sync 1 DAGs
[2025-07-28T15:42:46.714+0000] {logging_mixin.py:190} INFO - [2025-07-28T15:42:46.713+0000] {dag.py:3252} INFO - Creating ORM DAG for example_bash_decorator
[2025-07-28T15:42:46.715+0000] {logging_mixin.py:190} INFO - [2025-07-28T15:42:46.715+0000] {dag.py:4156} INFO - Setting next_dagrun for example_bash_decorator to None, run_after=None
[2025-07-28T15:42:46.747+0000] {processor.py:208} INFO - Processing /home/airflow/.local/lib/python3.12/site-packages/airflow/example_dags/example_bash_decorator.py took 0.480 seconds
[2025-07-28T15:43:17.467+0000] {processor.py:186} INFO - Started process (PID=115) to work on /home/airflow/.local/lib/python3.12/site-packages/airflow/example_dags/example_bash_decorator.py
[2025-07-28T15:43:17.469+0000] {processor.py:914} INFO - Processing file /home/airflow/.local/lib/python3.12/site-packages/airflow/example_dags/example_bash_decorator.py for tasks to queue
[2025-07-28T15:43:17.475+0000] {logging_mixin.py:190} INFO - [2025-07-28T15:43:17.474+0000] {dagbag.py:587} INFO - Filling up the DagBag from /home/airflow/.local/lib/python3.12/site-packages/airflow/example_dags/example_bash_decorator.py
[2025-07-28T15:43:17.514+0000] {processor.py:925} INFO - DAG(s) 'example_bash_decorator' retrieved from /home/airflow/.local/lib/python3.12/site-packages/airflow/example_dags/example_bash_decorator.py
[2025-07-28T15:43:17.559+0000] {logging_mixin.py:190} INFO - [2025-07-28T15:43:17.559+0000] {dag.py:3229} INFO - Sync 1 DAGs
[2025-07-28T15:43:17.587+0000] {logging_mixin.py:190} INFO - [2025-07-28T15:43:17.586+0000] {dag.py:4156} INFO - Setting next_dagrun for example_bash_decorator to None, run_after=None
[2025-07-28T15:43:17.605+0000] {processor.py:208} INFO - Processing /home/airflow/.local/lib/python3.12/site-packages/airflow/example_dags/example_bash_decorator.py took 0.153 seconds
[2025-07-28T15:43:48.168+0000] {processor.py:186} INFO - Started process (PID=177) to work on /home/airflow/.local/lib/python3.12/site-packages/airflow/example_dags/example_bash_decorator.py
[2025-07-28T15:43:48.171+0000] {processor.py:914} INFO - Processing file /home/airflow/.local/lib/python3.12/site-packages/airflow/example_dags/example_bash_decorator.py for tasks to queue
[2025-07-28T15:43:48.178+0000] {logging_mixin.py:190} INFO - [2025-07-28T15:43:48.177+0000] {dagbag.py:587} INFO - Filling up the DagBag from /home/airflow/.local/lib/python3.12/site-packages/airflow/example_dags/example_bash_decorator.py
[2025-07-28T15:43:48.202+0000] {processor.py:925} INFO - DAG(s) 'example_bash_decorator' retrieved from /home/airflow/.local/lib/python3.12/site-packages/airflow/example_dags/example_bash_decorator.py
[2025-07-28T15:43:48.221+0000] {logging_mixin.py:190} INFO - [2025-07-28T15:43:48.221+0000] {dag.py:3229} INFO - Sync 1 DAGs
[2025-07-28T15:43:48.234+0000] {logging_mixin.py:190} INFO - [2025-07-28T15:43:48.234+0000] {dag.py:4156} INFO - Setting next_dagrun for example_bash_decorator to None, run_after=None
[2025-07-28T15:43:48.247+0000] {processor.py:208} INFO - Processing /home/airflow/.local/lib/python3.12/site-packages/airflow/example_dags/example_bash_decorator.py took 0.088 seconds
[2025-07-28T15:44:19.119+0000] {processor.py:186} INFO - Started process (PID=245) to work on /home/airflow/.local/lib/python3.12/site-packages/airflow/example_dags/example_bash_decorator.py
[2025-07-28T15:44:19.122+0000] {processor.py:914} INFO - Processing file /home/airflow/.local/lib/python3.12/site-packages/airflow/example_dags/example_bash_decorator.py for tasks to queue
[2025-07-28T15:44:19.123+0000] {logging_mixin.py:190} INFO - [2025-07-28T15:44:19.123+0000] {dagbag.py:587} INFO - Filling up the DagBag from /home/airflow/.local/lib/python3.12/site-packages/airflow/example_dags/example_bash_decorator.py
[2025-07-28T15:44:19.142+0000] {processor.py:925} INFO - DAG(s) 'example_bash_decorator' retrieved from /home/airflow/.local/lib/python3.12/site-packages/airflow/example_dags/example_bash_decorator.py
[2025-07-28T15:44:19.157+0000] {logging_mixin.py:190} INFO - [2025-07-28T15:44:19.157+0000] {dag.py:3229} INFO - Sync 1 DAGs
[2025-07-28T15:44:19.170+0000] {logging_mixin.py:190} INFO - [2025-07-28T15:44:19.170+0000] {dag.py:4156} INFO - Setting next_dagrun for example_bash_decorator to None, run_after=None
[2025-07-28T15:44:19.181+0000] {processor.py:208} INFO - Processing /home/airflow/.local/lib/python3.12/site-packages/airflow/example_dags/example_bash_decorator.py took 0.069 seconds
[2025-07-28T15:44:49.418+0000] {processor.py:186} INFO - Started process (PID=307) to work on /home/airflow/.local/lib/python3.12/site-packages/airflow/example_dags/example_bash_decorator.py
[2025-07-28T15:44:49.420+0000] {processor.py:914} INFO - Processing file /home/airflow/.local/lib/python3.12/site-packages/airflow/example_dags/example_bash_decorator.py for tasks to queue
[2025-07-28T15:44:49.427+0000] {logging_mixin.py:190} INFO - [2025-07-28T15:44:49.427+0000] {dagbag.py:587} INFO - Filling up the DagBag from /home/airflow/.local/lib/python3.12/site-packages/airflow/example_dags/example_bash_decorator.py
[2025-07-28T15:44:49.451+0000] {processor.py:925} INFO - DAG(s) 'example_bash_decorator' retrieved from /home/airflow/.local/lib/python3.12/site-packages/airflow/example_dags/example_bash_decorator.py
[2025-07-28T15:44:49.485+0000] {logging_mixin.py:190} INFO - [2025-07-28T15:44:49.485+0000] {dag.py:3229} INFO - Sync 1 DAGs
[2025-07-28T15:44:49.511+0000] {logging_mixin.py:190} INFO - [2025-07-28T15:44:49.511+0000] {dag.py:4156} INFO - Setting next_dagrun for example_bash_decorator to None, run_after=None
[2025-07-28T15:44:49.570+0000] {processor.py:208} INFO - Processing /home/airflow/.local/lib/python3.12/site-packages/airflow/example_dags/example_bash_decorator.py took 0.159 seconds
[2025-07-28T15:45:20.248+0000] {processor.py:186} INFO - Started process (PID=369) to work on /home/airflow/.local/lib/python3.12/site-packages/airflow/example_dags/example_bash_decorator.py
[2025-07-28T15:45:20.250+0000] {processor.py:914} INFO - Processing file /home/airflow/.local/lib/python3.12/site-packages/airflow/example_dags/example_bash_decorator.py for tasks to queue
[2025-07-28T15:45:20.258+0000] {logging_mixin.py:190} INFO - [2025-07-28T15:45:20.257+0000] {dagbag.py:587} INFO - Filling up the DagBag from /home/airflow/.local/lib/python3.12/site-packages/airflow/example_dags/example_bash_decorator.py
[2025-07-28T15:45:20.298+0000] {processor.py:925} INFO - DAG(s) 'example_bash_decorator' retrieved from /home/airflow/.local/lib/python3.12/site-packages/airflow/example_dags/example_bash_decorator.py
[2025-07-28T15:45:20.327+0000] {logging_mixin.py:190} INFO - [2025-07-28T15:45:20.327+0000] {dag.py:3229} INFO - Sync 1 DAGs
[2025-07-28T15:45:20.345+0000] {logging_mixin.py:190} INFO - [2025-07-28T15:45:20.345+0000] {dag.py:4156} INFO - Setting next_dagrun for example_bash_decorator to None, run_after=None
[2025-07-28T15:45:20.362+0000] {processor.py:208} INFO - Processing /home/airflow/.local/lib/python3.12/site-packages/airflow/example_dags/example_bash_decorator.py took 0.126 seconds
[2025-07-28T15:45:51.264+0000] {processor.py:186} INFO - Started process (PID=431) to work on /home/airflow/.local/lib/python3.12/site-packages/airflow/example_dags/example_bash_decorator.py
[2025-07-28T15:45:51.267+0000] {processor.py:914} INFO - Processing file /home/airflow/.local/lib/python3.12/site-packages/airflow/example_dags/example_bash_decorator.py for tasks to queue
[2025-07-28T15:45:51.275+0000] {logging_mixin.py:190} INFO - [2025-07-28T15:45:51.273+0000] {dagbag.py:587} INFO - Filling up the DagBag from /home/airflow/.local/lib/python3.12/site-packages/airflow/example_dags/example_bash_decorator.py
[2025-07-28T15:45:51.295+0000] {processor.py:925} INFO - DAG(s) 'example_bash_decorator' retrieved from /home/airflow/.local/lib/python3.12/site-packages/airflow/example_dags/example_bash_decorator.py
[2025-07-28T15:45:51.316+0000] {logging_mixin.py:190} INFO - [2025-07-28T15:45:51.316+0000] {dag.py:3229} INFO - Sync 1 DAGs
[2025-07-28T15:45:51.335+0000] {logging_mixin.py:190} INFO - [2025-07-28T15:45:51.335+0000] {dag.py:4156} INFO - Setting next_dagrun for example_bash_decorator to None, run_after=None
[2025-07-28T15:45:51.348+0000] {processor.py:208} INFO - Processing /home/airflow/.local/lib/python3.12/site-packages/airflow/example_dags/example_bash_decorator.py took 0.091 seconds
[2025-07-28T15:46:21.853+0000] {processor.py:186} INFO - Started process (PID=493) to work on /home/airflow/.local/lib/python3.12/site-packages/airflow/example_dags/example_bash_decorator.py
[2025-07-28T15:46:21.855+0000] {processor.py:914} INFO - Processing file /home/airflow/.local/lib/python3.12/site-packages/airflow/example_dags/example_bash_decorator.py for tasks to queue
[2025-07-28T15:46:21.859+0000] {logging_mixin.py:190} INFO - [2025-07-28T15:46:21.859+0000] {dagbag.py:587} INFO - Filling up the DagBag from /home/airflow/.local/lib/python3.12/site-packages/airflow/example_dags/example_bash_decorator.py
[2025-07-28T15:46:21.880+0000] {processor.py:925} INFO - DAG(s) 'example_bash_decorator' retrieved from /home/airflow/.local/lib/python3.12/site-packages/airflow/example_dags/example_bash_decorator.py
[2025-07-28T15:46:21.918+0000] {logging_mixin.py:190} INFO - [2025-07-28T15:46:21.918+0000] {dag.py:3229} INFO - Sync 1 DAGs
[2025-07-28T15:46:21.935+0000] {logging_mixin.py:190} INFO - [2025-07-28T15:46:21.935+0000] {dag.py:4156} INFO - Setting next_dagrun for example_bash_decorator to None, run_after=None
[2025-07-28T15:46:21.947+0000] {processor.py:208} INFO - Processing /home/airflow/.local/lib/python3.12/site-packages/airflow/example_dags/example_bash_decorator.py took 0.102 seconds
[2025-07-28T15:46:52.402+0000] {processor.py:186} INFO - Started process (PID=555) to work on /home/airflow/.local/lib/python3.12/site-packages/airflow/example_dags/example_bash_decorator.py
[2025-07-28T15:46:52.404+0000] {processor.py:914} INFO - Processing file /home/airflow/.local/lib/python3.12/site-packages/airflow/example_dags/example_bash_decorator.py for tasks to queue
[2025-07-28T15:46:52.411+0000] {logging_mixin.py:190} INFO - [2025-07-28T15:46:52.411+0000] {dagbag.py:587} INFO - Filling up the DagBag from /home/airflow/.local/lib/python3.12/site-packages/airflow/example_dags/example_bash_decorator.py
[2025-07-28T15:46:52.436+0000] {processor.py:925} INFO - DAG(s) 'example_bash_decorator' retrieved from /home/airflow/.local/lib/python3.12/site-packages/airflow/example_dags/example_bash_decorator.py
[2025-07-28T15:46:52.452+0000] {logging_mixin.py:190} INFO - [2025-07-28T15:46:52.452+0000] {dag.py:3229} INFO - Sync 1 DAGs
[2025-07-28T15:46:52.464+0000] {logging_mixin.py:190} INFO - [2025-07-28T15:46:52.464+0000] {dag.py:4156} INFO - Setting next_dagrun for example_bash_decorator to None, run_after=None
[2025-07-28T15:46:52.475+0000] {processor.py:208} INFO - Processing /home/airflow/.local/lib/python3.12/site-packages/airflow/example_dags/example_bash_decorator.py took 0.084 seconds
[2025-07-28T15:47:22.822+0000] {processor.py:186} INFO - Started process (PID=617) to work on /home/airflow/.local/lib/python3.12/site-packages/airflow/example_dags/example_bash_decorator.py
[2025-07-28T15:47:22.825+0000] {processor.py:914} INFO - Processing file /home/airflow/.local/lib/python3.12/site-packages/airflow/example_dags/example_bash_decorator.py for tasks to queue
[2025-07-28T15:47:22.829+0000] {logging_mixin.py:190} INFO - [2025-07-28T15:47:22.829+0000] {dagbag.py:587} INFO - Filling up the DagBag from /home/airflow/.local/lib/python3.12/site-packages/airflow/example_dags/example_bash_decorator.py
[2025-07-28T15:47:22.855+0000] {processor.py:925} INFO - DAG(s) 'example_bash_decorator' retrieved from /home/airflow/.local/lib/python3.12/site-packages/airflow/example_dags/example_bash_decorator.py
[2025-07-28T15:47:22.880+0000] {logging_mixin.py:190} INFO - [2025-07-28T15:47:22.880+0000] {dag.py:3229} INFO - Sync 1 DAGs
[2025-07-28T15:47:22.893+0000] {logging_mixin.py:190} INFO - [2025-07-28T15:47:22.893+0000] {dag.py:4156} INFO - Setting next_dagrun for example_bash_decorator to None, run_after=None
[2025-07-28T15:47:22.906+0000] {processor.py:208} INFO - Processing /home/airflow/.local/lib/python3.12/site-packages/airflow/example_dags/example_bash_decorator.py took 0.097 seconds
[2025-07-28T15:47:53.722+0000] {processor.py:186} INFO - Started process (PID=679) to work on /home/airflow/.local/lib/python3.12/site-packages/airflow/example_dags/example_bash_decorator.py
[2025-07-28T15:47:53.723+0000] {processor.py:914} INFO - Processing file /home/airflow/.local/lib/python3.12/site-packages/airflow/example_dags/example_bash_decorator.py for tasks to queue
[2025-07-28T15:47:53.729+0000] {logging_mixin.py:190} INFO - [2025-07-28T15:47:53.728+0000] {dagbag.py:587} INFO - Filling up the DagBag from /home/airflow/.local/lib/python3.12/site-packages/airflow/example_dags/example_bash_decorator.py
[2025-07-28T15:47:53.754+0000] {processor.py:925} INFO - DAG(s) 'example_bash_decorator' retrieved from /home/airflow/.local/lib/python3.12/site-packages/airflow/example_dags/example_bash_decorator.py
[2025-07-28T15:47:53.783+0000] {logging_mixin.py:190} INFO - [2025-07-28T15:47:53.783+0000] {dag.py:3229} INFO - Sync 1 DAGs
[2025-07-28T15:47:53.796+0000] {logging_mixin.py:190} INFO - [2025-07-28T15:47:53.796+0000] {dag.py:4156} INFO - Setting next_dagrun for example_bash_decorator to None, run_after=None
[2025-07-28T15:47:53.812+0000] {processor.py:208} INFO - Processing /home/airflow/.local/lib/python3.12/site-packages/airflow/example_dags/example_bash_decorator.py took 0.099 seconds
[2025-07-28T15:48:23.943+0000] {processor.py:186} INFO - Started process (PID=741) to work on /home/airflow/.local/lib/python3.12/site-packages/airflow/example_dags/example_bash_decorator.py
[2025-07-28T15:48:23.946+0000] {processor.py:914} INFO - Processing file /home/airflow/.local/lib/python3.12/site-packages/airflow/example_dags/example_bash_decorator.py for tasks to queue
[2025-07-28T15:48:23.953+0000] {logging_mixin.py:190} INFO - [2025-07-28T15:48:23.952+0000] {dagbag.py:587} INFO - Filling up the DagBag from /home/airflow/.local/lib/python3.12/site-packages/airflow/example_dags/example_bash_decorator.py
[2025-07-28T15:48:23.982+0000] {processor.py:925} INFO - DAG(s) 'example_bash_decorator' retrieved from /home/airflow/.local/lib/python3.12/site-packages/airflow/example_dags/example_bash_decorator.py
[2025-07-28T15:48:24.008+0000] {logging_mixin.py:190} INFO - [2025-07-28T15:48:24.008+0000] {dag.py:3229} INFO - Sync 1 DAGs
[2025-07-28T15:48:24.041+0000] {logging_mixin.py:190} INFO - [2025-07-28T15:48:24.041+0000] {dag.py:4156} INFO - Setting next_dagrun for example_bash_decorator to None, run_after=None
[2025-07-28T15:48:24.064+0000] {processor.py:208} INFO - Processing /home/airflow/.local/lib/python3.12/site-packages/airflow/example_dags/example_bash_decorator.py took 0.144 seconds
[2025-07-28T15:48:54.271+0000] {processor.py:186} INFO - Started process (PID=803) to work on /home/airflow/.local/lib/python3.12/site-packages/airflow/example_dags/example_bash_decorator.py
[2025-07-28T15:48:54.273+0000] {processor.py:914} INFO - Processing file /home/airflow/.local/lib/python3.12/site-packages/airflow/example_dags/example_bash_decorator.py for tasks to queue
[2025-07-28T15:48:54.277+0000] {logging_mixin.py:190} INFO - [2025-07-28T15:48:54.277+0000] {dagbag.py:587} INFO - Filling up the DagBag from /home/airflow/.local/lib/python3.12/site-packages/airflow/example_dags/example_bash_decorator.py
[2025-07-28T15:48:54.304+0000] {processor.py:925} INFO - DAG(s) 'example_bash_decorator' retrieved from /home/airflow/.local/lib/python3.12/site-packages/airflow/example_dags/example_bash_decorator.py
[2025-07-28T15:48:54.332+0000] {logging_mixin.py:190} INFO - [2025-07-28T15:48:54.332+0000] {dag.py:3229} INFO - Sync 1 DAGs
[2025-07-28T15:48:54.352+0000] {logging_mixin.py:190} INFO - [2025-07-28T15:48:54.352+0000] {dag.py:4156} INFO - Setting next_dagrun for example_bash_decorator to None, run_after=None
[2025-07-28T15:48:54.363+0000] {processor.py:208} INFO - Processing /home/airflow/.local/lib/python3.12/site-packages/airflow/example_dags/example_bash_decorator.py took 0.100 seconds
[2025-07-28T15:49:24.870+0000] {processor.py:186} INFO - Started process (PID=865) to work on /home/airflow/.local/lib/python3.12/site-packages/airflow/example_dags/example_bash_decorator.py
[2025-07-28T15:49:24.871+0000] {processor.py:914} INFO - Processing file /home/airflow/.local/lib/python3.12/site-packages/airflow/example_dags/example_bash_decorator.py for tasks to queue
[2025-07-28T15:49:24.880+0000] {logging_mixin.py:190} INFO - [2025-07-28T15:49:24.879+0000] {dagbag.py:587} INFO - Filling up the DagBag from /home/airflow/.local/lib/python3.12/site-packages/airflow/example_dags/example_bash_decorator.py
[2025-07-28T15:49:24.904+0000] {processor.py:925} INFO - DAG(s) 'example_bash_decorator' retrieved from /home/airflow/.local/lib/python3.12/site-packages/airflow/example_dags/example_bash_decorator.py
[2025-07-28T15:49:24.930+0000] {logging_mixin.py:190} INFO - [2025-07-28T15:49:24.930+0000] {dag.py:3229} INFO - Sync 1 DAGs
[2025-07-28T15:49:24.954+0000] {logging_mixin.py:190} INFO - [2025-07-28T15:49:24.954+0000] {dag.py:4156} INFO - Setting next_dagrun for example_bash_decorator to None, run_after=None
[2025-07-28T15:49:24.975+0000] {processor.py:208} INFO - Processing /home/airflow/.local/lib/python3.12/site-packages/airflow/example_dags/example_bash_decorator.py took 0.114 seconds
[2025-07-28T15:49:55.406+0000] {processor.py:186} INFO - Started process (PID=927) to work on /home/airflow/.local/lib/python3.12/site-packages/airflow/example_dags/example_bash_decorator.py
[2025-07-28T15:49:55.408+0000] {processor.py:914} INFO - Processing file /home/airflow/.local/lib/python3.12/site-packages/airflow/example_dags/example_bash_decorator.py for tasks to queue
[2025-07-28T15:49:55.412+0000] {logging_mixin.py:190} INFO - [2025-07-28T15:49:55.411+0000] {dagbag.py:587} INFO - Filling up the DagBag from /home/airflow/.local/lib/python3.12/site-packages/airflow/example_dags/example_bash_decorator.py
[2025-07-28T15:49:55.435+0000] {processor.py:925} INFO - DAG(s) 'example_bash_decorator' retrieved from /home/airflow/.local/lib/python3.12/site-packages/airflow/example_dags/example_bash_decorator.py
[2025-07-28T15:49:55.462+0000] {logging_mixin.py:190} INFO - [2025-07-28T15:49:55.462+0000] {dag.py:3229} INFO - Sync 1 DAGs
[2025-07-28T15:49:55.478+0000] {logging_mixin.py:190} INFO - [2025-07-28T15:49:55.478+0000] {dag.py:4156} INFO - Setting next_dagrun for example_bash_decorator to None, run_after=None
[2025-07-28T15:49:55.491+0000] {processor.py:208} INFO - Processing /home/airflow/.local/lib/python3.12/site-packages/airflow/example_dags/example_bash_decorator.py took 0.095 seconds
[2025-07-28T15:50:25.860+0000] {processor.py:186} INFO - Started process (PID=989) to work on /home/airflow/.local/lib/python3.12/site-packages/airflow/example_dags/example_bash_decorator.py
[2025-07-28T15:50:25.863+0000] {processor.py:914} INFO - Processing file /home/airflow/.local/lib/python3.12/site-packages/airflow/example_dags/example_bash_decorator.py for tasks to queue
[2025-07-28T15:50:25.867+0000] {logging_mixin.py:190} INFO - [2025-07-28T15:50:25.866+0000] {dagbag.py:587} INFO - Filling up the DagBag from /home/airflow/.local/lib/python3.12/site-packages/airflow/example_dags/example_bash_decorator.py
[2025-07-28T15:50:25.902+0000] {processor.py:925} INFO - DAG(s) 'example_bash_decorator' retrieved from /home/airflow/.local/lib/python3.12/site-packages/airflow/example_dags/example_bash_decorator.py
[2025-07-28T15:50:25.932+0000] {logging_mixin.py:190} INFO - [2025-07-28T15:50:25.932+0000] {dag.py:3229} INFO - Sync 1 DAGs
[2025-07-28T15:50:25.952+0000] {logging_mixin.py:190} INFO - [2025-07-28T15:50:25.951+0000] {dag.py:4156} INFO - Setting next_dagrun for example_bash_decorator to None, run_after=None
[2025-07-28T15:50:25.965+0000] {processor.py:208} INFO - Processing /home/airflow/.local/lib/python3.12/site-packages/airflow/example_dags/example_bash_decorator.py took 0.117 seconds
[2025-07-28T15:50:57.040+0000] {processor.py:186} INFO - Started process (PID=1051) to work on /home/airflow/.local/lib/python3.12/site-packages/airflow/example_dags/example_bash_decorator.py
[2025-07-28T15:50:57.043+0000] {processor.py:914} INFO - Processing file /home/airflow/.local/lib/python3.12/site-packages/airflow/example_dags/example_bash_decorator.py for tasks to queue
[2025-07-28T15:50:57.046+0000] {logging_mixin.py:190} INFO - [2025-07-28T15:50:57.046+0000] {dagbag.py:587} INFO - Filling up the DagBag from /home/airflow/.local/lib/python3.12/site-packages/airflow/example_dags/example_bash_decorator.py
[2025-07-28T15:50:57.069+0000] {processor.py:925} INFO - DAG(s) 'example_bash_decorator' retrieved from /home/airflow/.local/lib/python3.12/site-packages/airflow/example_dags/example_bash_decorator.py
[2025-07-28T15:50:57.097+0000] {logging_mixin.py:190} INFO - [2025-07-28T15:50:57.096+0000] {dag.py:3229} INFO - Sync 1 DAGs
[2025-07-28T15:50:57.110+0000] {logging_mixin.py:190} INFO - [2025-07-28T15:50:57.110+0000] {dag.py:4156} INFO - Setting next_dagrun for example_bash_decorator to None, run_after=None
[2025-07-28T15:50:57.123+0000] {processor.py:208} INFO - Processing /home/airflow/.local/lib/python3.12/site-packages/airflow/example_dags/example_bash_decorator.py took 0.088 seconds
[2025-07-28T15:51:27.608+0000] {processor.py:186} INFO - Started process (PID=1113) to work on /home/airflow/.local/lib/python3.12/site-packages/airflow/example_dags/example_bash_decorator.py
[2025-07-28T15:51:27.609+0000] {processor.py:914} INFO - Processing file /home/airflow/.local/lib/python3.12/site-packages/airflow/example_dags/example_bash_decorator.py for tasks to queue
[2025-07-28T15:51:27.620+0000] {logging_mixin.py:190} INFO - [2025-07-28T15:51:27.620+0000] {dagbag.py:587} INFO - Filling up the DagBag from /home/airflow/.local/lib/python3.12/site-packages/airflow/example_dags/example_bash_decorator.py
[2025-07-28T15:51:27.647+0000] {processor.py:925} INFO - DAG(s) 'example_bash_decorator' retrieved from /home/airflow/.local/lib/python3.12/site-packages/airflow/example_dags/example_bash_decorator.py
[2025-07-28T15:51:27.680+0000] {logging_mixin.py:190} INFO - [2025-07-28T15:51:27.680+0000] {dag.py:3229} INFO - Sync 1 DAGs
[2025-07-28T15:51:27.711+0000] {logging_mixin.py:190} INFO - [2025-07-28T15:51:27.711+0000] {dag.py:4156} INFO - Setting next_dagrun for example_bash_decorator to None, run_after=None
[2025-07-28T15:51:27.726+0000] {processor.py:208} INFO - Processing /home/airflow/.local/lib/python3.12/site-packages/airflow/example_dags/example_bash_decorator.py took 0.129 seconds
[2025-07-28T15:51:58.068+0000] {processor.py:186} INFO - Started process (PID=1175) to work on /home/airflow/.local/lib/python3.12/site-packages/airflow/example_dags/example_bash_decorator.py
[2025-07-28T15:51:58.070+0000] {processor.py:914} INFO - Processing file /home/airflow/.local/lib/python3.12/site-packages/airflow/example_dags/example_bash_decorator.py for tasks to queue
[2025-07-28T15:51:58.073+0000] {logging_mixin.py:190} INFO - [2025-07-28T15:51:58.073+0000] {dagbag.py:587} INFO - Filling up the DagBag from /home/airflow/.local/lib/python3.12/site-packages/airflow/example_dags/example_bash_decorator.py
[2025-07-28T15:51:58.096+0000] {processor.py:925} INFO - DAG(s) 'example_bash_decorator' retrieved from /home/airflow/.local/lib/python3.12/site-packages/airflow/example_dags/example_bash_decorator.py
[2025-07-28T15:51:58.120+0000] {logging_mixin.py:190} INFO - [2025-07-28T15:51:58.120+0000] {dag.py:3229} INFO - Sync 1 DAGs
[2025-07-28T15:51:58.138+0000] {logging_mixin.py:190} INFO - [2025-07-28T15:51:58.138+0000] {dag.py:4156} INFO - Setting next_dagrun for example_bash_decorator to None, run_after=None
[2025-07-28T15:51:58.155+0000] {processor.py:208} INFO - Processing /home/airflow/.local/lib/python3.12/site-packages/airflow/example_dags/example_bash_decorator.py took 0.097 seconds
[2025-07-28T15:52:28.428+0000] {processor.py:186} INFO - Started process (PID=1237) to work on /home/airflow/.local/lib/python3.12/site-packages/airflow/example_dags/example_bash_decorator.py
[2025-07-28T15:52:28.430+0000] {processor.py:914} INFO - Processing file /home/airflow/.local/lib/python3.12/site-packages/airflow/example_dags/example_bash_decorator.py for tasks to queue
[2025-07-28T15:52:28.441+0000] {logging_mixin.py:190} INFO - [2025-07-28T15:52:28.440+0000] {dagbag.py:587} INFO - Filling up the DagBag from /home/airflow/.local/lib/python3.12/site-packages/airflow/example_dags/example_bash_decorator.py
[2025-07-28T15:52:28.482+0000] {processor.py:925} INFO - DAG(s) 'example_bash_decorator' retrieved from /home/airflow/.local/lib/python3.12/site-packages/airflow/example_dags/example_bash_decorator.py
[2025-07-28T15:52:28.539+0000] {logging_mixin.py:190} INFO - [2025-07-28T15:52:28.539+0000] {dag.py:3229} INFO - Sync 1 DAGs
[2025-07-28T15:52:28.563+0000] {logging_mixin.py:190} INFO - [2025-07-28T15:52:28.562+0000] {dag.py:4156} INFO - Setting next_dagrun for example_bash_decorator to None, run_after=None
[2025-07-28T15:52:28.591+0000] {processor.py:208} INFO - Processing /home/airflow/.local/lib/python3.12/site-packages/airflow/example_dags/example_bash_decorator.py took 0.177 seconds
[2025-07-28T15:52:59.219+0000] {processor.py:186} INFO - Started process (PID=1299) to work on /home/airflow/.local/lib/python3.12/site-packages/airflow/example_dags/example_bash_decorator.py
[2025-07-28T15:52:59.223+0000] {processor.py:914} INFO - Processing file /home/airflow/.local/lib/python3.12/site-packages/airflow/example_dags/example_bash_decorator.py for tasks to queue
[2025-07-28T15:52:59.226+0000] {logging_mixin.py:190} INFO - [2025-07-28T15:52:59.226+0000] {dagbag.py:587} INFO - Filling up the DagBag from /home/airflow/.local/lib/python3.12/site-packages/airflow/example_dags/example_bash_decorator.py
[2025-07-28T15:52:59.257+0000] {processor.py:925} INFO - DAG(s) 'example_bash_decorator' retrieved from /home/airflow/.local/lib/python3.12/site-packages/airflow/example_dags/example_bash_decorator.py
[2025-07-28T15:52:59.325+0000] {logging_mixin.py:190} INFO - [2025-07-28T15:52:59.325+0000] {dag.py:3229} INFO - Sync 1 DAGs
[2025-07-28T15:52:59.342+0000] {logging_mixin.py:190} INFO - [2025-07-28T15:52:59.342+0000] {dag.py:4156} INFO - Setting next_dagrun for example_bash_decorator to None, run_after=None
[2025-07-28T15:52:59.360+0000] {processor.py:208} INFO - Processing /home/airflow/.local/lib/python3.12/site-packages/airflow/example_dags/example_bash_decorator.py took 0.155 seconds
[2025-07-28T15:53:29.986+0000] {processor.py:186} INFO - Started process (PID=1362) to work on /home/airflow/.local/lib/python3.12/site-packages/airflow/example_dags/example_bash_decorator.py
[2025-07-28T15:53:29.988+0000] {processor.py:914} INFO - Processing file /home/airflow/.local/lib/python3.12/site-packages/airflow/example_dags/example_bash_decorator.py for tasks to queue
[2025-07-28T15:53:29.993+0000] {logging_mixin.py:190} INFO - [2025-07-28T15:53:29.993+0000] {dagbag.py:587} INFO - Filling up the DagBag from /home/airflow/.local/lib/python3.12/site-packages/airflow/example_dags/example_bash_decorator.py
[2025-07-28T15:53:30.016+0000] {processor.py:925} INFO - DAG(s) 'example_bash_decorator' retrieved from /home/airflow/.local/lib/python3.12/site-packages/airflow/example_dags/example_bash_decorator.py
[2025-07-28T15:53:30.129+0000] {logging_mixin.py:190} INFO - [2025-07-28T15:53:30.128+0000] {dag.py:3229} INFO - Sync 1 DAGs
[2025-07-28T15:53:30.152+0000] {logging_mixin.py:190} INFO - [2025-07-28T15:53:30.152+0000] {dag.py:4156} INFO - Setting next_dagrun for example_bash_decorator to None, run_after=None
[2025-07-28T15:53:30.177+0000] {processor.py:208} INFO - Processing /home/airflow/.local/lib/python3.12/site-packages/airflow/example_dags/example_bash_decorator.py took 0.203 seconds
[2025-07-28T15:54:00.994+0000] {processor.py:186} INFO - Started process (PID=1425) to work on /home/airflow/.local/lib/python3.12/site-packages/airflow/example_dags/example_bash_decorator.py
[2025-07-28T15:54:00.995+0000] {processor.py:914} INFO - Processing file /home/airflow/.local/lib/python3.12/site-packages/airflow/example_dags/example_bash_decorator.py for tasks to queue
[2025-07-28T15:54:01.002+0000] {logging_mixin.py:190} INFO - [2025-07-28T15:54:00.999+0000] {dagbag.py:587} INFO - Filling up the DagBag from /home/airflow/.local/lib/python3.12/site-packages/airflow/example_dags/example_bash_decorator.py
[2025-07-28T15:54:01.038+0000] {processor.py:925} INFO - DAG(s) 'example_bash_decorator' retrieved from /home/airflow/.local/lib/python3.12/site-packages/airflow/example_dags/example_bash_decorator.py
[2025-07-28T15:54:01.086+0000] {logging_mixin.py:190} INFO - [2025-07-28T15:54:01.086+0000] {dag.py:3229} INFO - Sync 1 DAGs
[2025-07-28T15:54:01.108+0000] {logging_mixin.py:190} INFO - [2025-07-28T15:54:01.107+0000] {dag.py:4156} INFO - Setting next_dagrun for example_bash_decorator to None, run_after=None
[2025-07-28T15:54:01.134+0000] {processor.py:208} INFO - Processing /home/airflow/.local/lib/python3.12/site-packages/airflow/example_dags/example_bash_decorator.py took 0.196 seconds
[2025-07-28T15:54:31.954+0000] {processor.py:186} INFO - Started process (PID=1488) to work on /home/airflow/.local/lib/python3.12/site-packages/airflow/example_dags/example_bash_decorator.py
[2025-07-28T15:54:31.957+0000] {processor.py:914} INFO - Processing file /home/airflow/.local/lib/python3.12/site-packages/airflow/example_dags/example_bash_decorator.py for tasks to queue
[2025-07-28T15:54:31.959+0000] {logging_mixin.py:190} INFO - [2025-07-28T15:54:31.959+0000] {dagbag.py:587} INFO - Filling up the DagBag from /home/airflow/.local/lib/python3.12/site-packages/airflow/example_dags/example_bash_decorator.py
[2025-07-28T15:54:31.982+0000] {processor.py:925} INFO - DAG(s) 'example_bash_decorator' retrieved from /home/airflow/.local/lib/python3.12/site-packages/airflow/example_dags/example_bash_decorator.py
[2025-07-28T15:54:32.030+0000] {logging_mixin.py:190} INFO - [2025-07-28T15:54:32.030+0000] {dag.py:3229} INFO - Sync 1 DAGs
[2025-07-28T15:54:32.047+0000] {logging_mixin.py:190} INFO - [2025-07-28T15:54:32.047+0000] {dag.py:4156} INFO - Setting next_dagrun for example_bash_decorator to None, run_after=None
[2025-07-28T15:54:32.069+0000] {processor.py:208} INFO - Processing /home/airflow/.local/lib/python3.12/site-packages/airflow/example_dags/example_bash_decorator.py took 0.132 seconds
[2025-07-28T15:55:02.734+0000] {processor.py:186} INFO - Started process (PID=1551) to work on /home/airflow/.local/lib/python3.12/site-packages/airflow/example_dags/example_bash_decorator.py
[2025-07-28T15:55:02.736+0000] {processor.py:914} INFO - Processing file /home/airflow/.local/lib/python3.12/site-packages/airflow/example_dags/example_bash_decorator.py for tasks to queue
[2025-07-28T15:55:02.745+0000] {logging_mixin.py:190} INFO - [2025-07-28T15:55:02.745+0000] {dagbag.py:587} INFO - Filling up the DagBag from /home/airflow/.local/lib/python3.12/site-packages/airflow/example_dags/example_bash_decorator.py
[2025-07-28T15:55:02.791+0000] {processor.py:925} INFO - DAG(s) 'example_bash_decorator' retrieved from /home/airflow/.local/lib/python3.12/site-packages/airflow/example_dags/example_bash_decorator.py
[2025-07-28T15:55:02.847+0000] {logging_mixin.py:190} INFO - [2025-07-28T15:55:02.847+0000] {dag.py:3229} INFO - Sync 1 DAGs
[2025-07-28T15:55:02.860+0000] {logging_mixin.py:190} INFO - [2025-07-28T15:55:02.860+0000] {dag.py:4156} INFO - Setting next_dagrun for example_bash_decorator to None, run_after=None
[2025-07-28T15:55:02.870+0000] {processor.py:208} INFO - Processing /home/airflow/.local/lib/python3.12/site-packages/airflow/example_dags/example_bash_decorator.py took 0.146 seconds
[2025-07-28T15:55:33.666+0000] {processor.py:186} INFO - Started process (PID=1614) to work on /home/airflow/.local/lib/python3.12/site-packages/airflow/example_dags/example_bash_decorator.py
[2025-07-28T15:55:33.667+0000] {processor.py:914} INFO - Processing file /home/airflow/.local/lib/python3.12/site-packages/airflow/example_dags/example_bash_decorator.py for tasks to queue
[2025-07-28T15:55:33.670+0000] {logging_mixin.py:190} INFO - [2025-07-28T15:55:33.670+0000] {dagbag.py:587} INFO - Filling up the DagBag from /home/airflow/.local/lib/python3.12/site-packages/airflow/example_dags/example_bash_decorator.py
[2025-07-28T15:55:33.694+0000] {processor.py:925} INFO - DAG(s) 'example_bash_decorator' retrieved from /home/airflow/.local/lib/python3.12/site-packages/airflow/example_dags/example_bash_decorator.py
[2025-07-28T15:55:33.721+0000] {logging_mixin.py:190} INFO - [2025-07-28T15:55:33.721+0000] {dag.py:3229} INFO - Sync 1 DAGs
[2025-07-28T15:55:33.735+0000] {logging_mixin.py:190} INFO - [2025-07-28T15:55:33.735+0000] {dag.py:4156} INFO - Setting next_dagrun for example_bash_decorator to None, run_after=None
[2025-07-28T15:55:33.746+0000] {processor.py:208} INFO - Processing /home/airflow/.local/lib/python3.12/site-packages/airflow/example_dags/example_bash_decorator.py took 0.087 seconds
[2025-07-28T15:56:04.632+0000] {processor.py:186} INFO - Started process (PID=1677) to work on /home/airflow/.local/lib/python3.12/site-packages/airflow/example_dags/example_bash_decorator.py
[2025-07-28T15:56:04.640+0000] {processor.py:914} INFO - Processing file /home/airflow/.local/lib/python3.12/site-packages/airflow/example_dags/example_bash_decorator.py for tasks to queue
[2025-07-28T15:56:04.678+0000] {logging_mixin.py:190} INFO - [2025-07-28T15:56:04.673+0000] {dagbag.py:587} INFO - Filling up the DagBag from /home/airflow/.local/lib/python3.12/site-packages/airflow/example_dags/example_bash_decorator.py
[2025-07-28T15:56:04.803+0000] {processor.py:925} INFO - DAG(s) 'example_bash_decorator' retrieved from /home/airflow/.local/lib/python3.12/site-packages/airflow/example_dags/example_bash_decorator.py
[2025-07-28T15:56:04.929+0000] {logging_mixin.py:190} INFO - [2025-07-28T15:56:04.929+0000] {dag.py:3229} INFO - Sync 1 DAGs
[2025-07-28T15:56:05.012+0000] {logging_mixin.py:190} INFO - [2025-07-28T15:56:05.012+0000] {dag.py:4156} INFO - Setting next_dagrun for example_bash_decorator to None, run_after=None
[2025-07-28T15:56:05.075+0000] {processor.py:208} INFO - Processing /home/airflow/.local/lib/python3.12/site-packages/airflow/example_dags/example_bash_decorator.py took 0.486 seconds
[2025-07-28T15:56:35.746+0000] {processor.py:186} INFO - Started process (PID=1740) to work on /home/airflow/.local/lib/python3.12/site-packages/airflow/example_dags/example_bash_decorator.py
[2025-07-28T15:56:35.751+0000] {processor.py:914} INFO - Processing file /home/airflow/.local/lib/python3.12/site-packages/airflow/example_dags/example_bash_decorator.py for tasks to queue
[2025-07-28T15:56:35.755+0000] {logging_mixin.py:190} INFO - [2025-07-28T15:56:35.754+0000] {dagbag.py:587} INFO - Filling up the DagBag from /home/airflow/.local/lib/python3.12/site-packages/airflow/example_dags/example_bash_decorator.py
[2025-07-28T15:56:35.798+0000] {processor.py:925} INFO - DAG(s) 'example_bash_decorator' retrieved from /home/airflow/.local/lib/python3.12/site-packages/airflow/example_dags/example_bash_decorator.py
[2025-07-28T15:56:35.843+0000] {logging_mixin.py:190} INFO - [2025-07-28T15:56:35.842+0000] {dag.py:3229} INFO - Sync 1 DAGs
[2025-07-28T15:56:35.877+0000] {logging_mixin.py:190} INFO - [2025-07-28T15:56:35.877+0000] {dag.py:4156} INFO - Setting next_dagrun for example_bash_decorator to None, run_after=None
[2025-07-28T15:56:35.900+0000] {processor.py:208} INFO - Processing /home/airflow/.local/lib/python3.12/site-packages/airflow/example_dags/example_bash_decorator.py took 0.175 seconds
[2025-07-28T15:57:06.168+0000] {processor.py:186} INFO - Started process (PID=1803) to work on /home/airflow/.local/lib/python3.12/site-packages/airflow/example_dags/example_bash_decorator.py
[2025-07-28T15:57:06.170+0000] {processor.py:914} INFO - Processing file /home/airflow/.local/lib/python3.12/site-packages/airflow/example_dags/example_bash_decorator.py for tasks to queue
[2025-07-28T15:57:06.176+0000] {logging_mixin.py:190} INFO - [2025-07-28T15:57:06.176+0000] {dagbag.py:587} INFO - Filling up the DagBag from /home/airflow/.local/lib/python3.12/site-packages/airflow/example_dags/example_bash_decorator.py
[2025-07-28T15:57:06.196+0000] {processor.py:925} INFO - DAG(s) 'example_bash_decorator' retrieved from /home/airflow/.local/lib/python3.12/site-packages/airflow/example_dags/example_bash_decorator.py
[2025-07-28T15:57:06.222+0000] {logging_mixin.py:190} INFO - [2025-07-28T15:57:06.222+0000] {dag.py:3229} INFO - Sync 1 DAGs
[2025-07-28T15:57:06.235+0000] {logging_mixin.py:190} INFO - [2025-07-28T15:57:06.235+0000] {dag.py:4156} INFO - Setting next_dagrun for example_bash_decorator to None, run_after=None
[2025-07-28T15:57:06.252+0000] {processor.py:208} INFO - Processing /home/airflow/.local/lib/python3.12/site-packages/airflow/example_dags/example_bash_decorator.py took 0.092 seconds
[2025-07-28T15:57:37.105+0000] {processor.py:186} INFO - Started process (PID=1865) to work on /home/airflow/.local/lib/python3.12/site-packages/airflow/example_dags/example_bash_decorator.py
[2025-07-28T15:57:37.106+0000] {processor.py:914} INFO - Processing file /home/airflow/.local/lib/python3.12/site-packages/airflow/example_dags/example_bash_decorator.py for tasks to queue
[2025-07-28T15:57:37.117+0000] {logging_mixin.py:190} INFO - [2025-07-28T15:57:37.110+0000] {dagbag.py:587} INFO - Filling up the DagBag from /home/airflow/.local/lib/python3.12/site-packages/airflow/example_dags/example_bash_decorator.py
[2025-07-28T15:57:37.141+0000] {processor.py:925} INFO - DAG(s) 'example_bash_decorator' retrieved from /home/airflow/.local/lib/python3.12/site-packages/airflow/example_dags/example_bash_decorator.py
[2025-07-28T15:57:37.179+0000] {logging_mixin.py:190} INFO - [2025-07-28T15:57:37.179+0000] {dag.py:3229} INFO - Sync 1 DAGs
[2025-07-28T15:57:37.198+0000] {logging_mixin.py:190} INFO - [2025-07-28T15:57:37.198+0000] {dag.py:4156} INFO - Setting next_dagrun for example_bash_decorator to None, run_after=None
[2025-07-28T15:57:37.220+0000] {processor.py:208} INFO - Processing /home/airflow/.local/lib/python3.12/site-packages/airflow/example_dags/example_bash_decorator.py took 0.122 seconds
[2025-07-28T15:58:08.149+0000] {processor.py:186} INFO - Started process (PID=1928) to work on /home/airflow/.local/lib/python3.12/site-packages/airflow/example_dags/example_bash_decorator.py
[2025-07-28T15:58:08.151+0000] {processor.py:914} INFO - Processing file /home/airflow/.local/lib/python3.12/site-packages/airflow/example_dags/example_bash_decorator.py for tasks to queue
[2025-07-28T15:58:08.156+0000] {logging_mixin.py:190} INFO - [2025-07-28T15:58:08.155+0000] {dagbag.py:587} INFO - Filling up the DagBag from /home/airflow/.local/lib/python3.12/site-packages/airflow/example_dags/example_bash_decorator.py
[2025-07-28T15:58:08.182+0000] {processor.py:925} INFO - DAG(s) 'example_bash_decorator' retrieved from /home/airflow/.local/lib/python3.12/site-packages/airflow/example_dags/example_bash_decorator.py
[2025-07-28T15:58:08.226+0000] {logging_mixin.py:190} INFO - [2025-07-28T15:58:08.226+0000] {dag.py:3229} INFO - Sync 1 DAGs
[2025-07-28T15:58:08.245+0000] {logging_mixin.py:190} INFO - [2025-07-28T15:58:08.245+0000] {dag.py:4156} INFO - Setting next_dagrun for example_bash_decorator to None, run_after=None
[2025-07-28T15:58:08.266+0000] {processor.py:208} INFO - Processing /home/airflow/.local/lib/python3.12/site-packages/airflow/example_dags/example_bash_decorator.py took 0.126 seconds
[2025-07-28T15:58:38.797+0000] {processor.py:186} INFO - Started process (PID=1991) to work on /home/airflow/.local/lib/python3.12/site-packages/airflow/example_dags/example_bash_decorator.py
[2025-07-28T15:58:38.799+0000] {processor.py:914} INFO - Processing file /home/airflow/.local/lib/python3.12/site-packages/airflow/example_dags/example_bash_decorator.py for tasks to queue
[2025-07-28T15:58:38.806+0000] {logging_mixin.py:190} INFO - [2025-07-28T15:58:38.805+0000] {dagbag.py:587} INFO - Filling up the DagBag from /home/airflow/.local/lib/python3.12/site-packages/airflow/example_dags/example_bash_decorator.py
[2025-07-28T15:58:38.829+0000] {processor.py:925} INFO - DAG(s) 'example_bash_decorator' retrieved from /home/airflow/.local/lib/python3.12/site-packages/airflow/example_dags/example_bash_decorator.py
[2025-07-28T15:58:38.856+0000] {logging_mixin.py:190} INFO - [2025-07-28T15:58:38.856+0000] {dag.py:3229} INFO - Sync 1 DAGs
[2025-07-28T15:58:38.871+0000] {logging_mixin.py:190} INFO - [2025-07-28T15:58:38.870+0000] {dag.py:4156} INFO - Setting next_dagrun for example_bash_decorator to None, run_after=None
[2025-07-28T15:58:38.887+0000] {processor.py:208} INFO - Processing /home/airflow/.local/lib/python3.12/site-packages/airflow/example_dags/example_bash_decorator.py took 0.100 seconds
[2025-07-28T15:59:09.671+0000] {processor.py:186} INFO - Started process (PID=2053) to work on /home/airflow/.local/lib/python3.12/site-packages/airflow/example_dags/example_bash_decorator.py
[2025-07-28T15:59:09.680+0000] {processor.py:914} INFO - Processing file /home/airflow/.local/lib/python3.12/site-packages/airflow/example_dags/example_bash_decorator.py for tasks to queue
[2025-07-28T15:59:09.699+0000] {logging_mixin.py:190} INFO - [2025-07-28T15:59:09.698+0000] {dagbag.py:587} INFO - Filling up the DagBag from /home/airflow/.local/lib/python3.12/site-packages/airflow/example_dags/example_bash_decorator.py
[2025-07-28T15:59:09.739+0000] {processor.py:925} INFO - DAG(s) 'example_bash_decorator' retrieved from /home/airflow/.local/lib/python3.12/site-packages/airflow/example_dags/example_bash_decorator.py
[2025-07-28T15:59:09.767+0000] {logging_mixin.py:190} INFO - [2025-07-28T15:59:09.767+0000] {dag.py:3229} INFO - Sync 1 DAGs
[2025-07-28T15:59:09.787+0000] {logging_mixin.py:190} INFO - [2025-07-28T15:59:09.787+0000] {dag.py:4156} INFO - Setting next_dagrun for example_bash_decorator to None, run_after=None
[2025-07-28T15:59:09.806+0000] {processor.py:208} INFO - Processing /home/airflow/.local/lib/python3.12/site-packages/airflow/example_dags/example_bash_decorator.py took 0.147 seconds
[2025-07-28T15:59:39.832+0000] {processor.py:186} INFO - Started process (PID=2116) to work on /home/airflow/.local/lib/python3.12/site-packages/airflow/example_dags/example_bash_decorator.py
[2025-07-28T15:59:39.836+0000] {processor.py:914} INFO - Processing file /home/airflow/.local/lib/python3.12/site-packages/airflow/example_dags/example_bash_decorator.py for tasks to queue
[2025-07-28T15:59:39.838+0000] {logging_mixin.py:190} INFO - [2025-07-28T15:59:39.838+0000] {dagbag.py:587} INFO - Filling up the DagBag from /home/airflow/.local/lib/python3.12/site-packages/airflow/example_dags/example_bash_decorator.py
[2025-07-28T15:59:39.848+0000] {processor.py:925} INFO - DAG(s) 'example_bash_decorator' retrieved from /home/airflow/.local/lib/python3.12/site-packages/airflow/example_dags/example_bash_decorator.py
[2025-07-28T15:59:39.866+0000] {logging_mixin.py:190} INFO - [2025-07-28T15:59:39.866+0000] {dag.py:3229} INFO - Sync 1 DAGs
[2025-07-28T15:59:39.873+0000] {logging_mixin.py:190} INFO - [2025-07-28T15:59:39.873+0000] {dag.py:4156} INFO - Setting next_dagrun for example_bash_decorator to None, run_after=None
[2025-07-28T15:59:39.884+0000] {processor.py:208} INFO - Processing /home/airflow/.local/lib/python3.12/site-packages/airflow/example_dags/example_bash_decorator.py took 0.055 seconds
[2025-07-28T16:00:10.761+0000] {processor.py:186} INFO - Started process (PID=2174) to work on /home/airflow/.local/lib/python3.12/site-packages/airflow/example_dags/example_bash_decorator.py
[2025-07-28T16:00:10.763+0000] {processor.py:914} INFO - Processing file /home/airflow/.local/lib/python3.12/site-packages/airflow/example_dags/example_bash_decorator.py for tasks to queue
[2025-07-28T16:00:10.765+0000] {logging_mixin.py:190} INFO - [2025-07-28T16:00:10.765+0000] {dagbag.py:587} INFO - Filling up the DagBag from /home/airflow/.local/lib/python3.12/site-packages/airflow/example_dags/example_bash_decorator.py
[2025-07-28T16:00:10.779+0000] {processor.py:925} INFO - DAG(s) 'example_bash_decorator' retrieved from /home/airflow/.local/lib/python3.12/site-packages/airflow/example_dags/example_bash_decorator.py
[2025-07-28T16:00:10.798+0000] {logging_mixin.py:190} INFO - [2025-07-28T16:00:10.798+0000] {dag.py:3229} INFO - Sync 1 DAGs
[2025-07-28T16:00:10.812+0000] {logging_mixin.py:190} INFO - [2025-07-28T16:00:10.812+0000] {dag.py:4156} INFO - Setting next_dagrun for example_bash_decorator to None, run_after=None
[2025-07-28T16:00:10.828+0000] {processor.py:208} INFO - Processing /home/airflow/.local/lib/python3.12/site-packages/airflow/example_dags/example_bash_decorator.py took 0.072 seconds
[2025-07-28T16:00:41.798+0000] {processor.py:186} INFO - Started process (PID=2237) to work on /home/airflow/.local/lib/python3.12/site-packages/airflow/example_dags/example_bash_decorator.py
[2025-07-28T16:00:41.800+0000] {processor.py:914} INFO - Processing file /home/airflow/.local/lib/python3.12/site-packages/airflow/example_dags/example_bash_decorator.py for tasks to queue
[2025-07-28T16:00:41.802+0000] {logging_mixin.py:190} INFO - [2025-07-28T16:00:41.802+0000] {dagbag.py:587} INFO - Filling up the DagBag from /home/airflow/.local/lib/python3.12/site-packages/airflow/example_dags/example_bash_decorator.py
[2025-07-28T16:00:41.829+0000] {processor.py:925} INFO - DAG(s) 'example_bash_decorator' retrieved from /home/airflow/.local/lib/python3.12/site-packages/airflow/example_dags/example_bash_decorator.py
[2025-07-28T16:00:41.850+0000] {logging_mixin.py:190} INFO - [2025-07-28T16:00:41.850+0000] {dag.py:3229} INFO - Sync 1 DAGs
[2025-07-28T16:00:41.864+0000] {logging_mixin.py:190} INFO - [2025-07-28T16:00:41.864+0000] {dag.py:4156} INFO - Setting next_dagrun for example_bash_decorator to None, run_after=None
[2025-07-28T16:00:41.885+0000] {processor.py:208} INFO - Processing /home/airflow/.local/lib/python3.12/site-packages/airflow/example_dags/example_bash_decorator.py took 0.094 seconds
