[2025-07-28T15:42:52.247+0000] {processor.py:186} INFO - Started process (PID=80) to work on /home/airflow/.local/lib/python3.12/site-packages/airflow/example_dags/example_python_operator.py
[2025-07-28T15:42:52.251+0000] {processor.py:914} INFO - Processing file /home/airflow/.local/lib/python3.12/site-packages/airflow/example_dags/example_python_operator.py for tasks to queue
[2025-07-28T15:42:52.256+0000] {logging_mixin.py:190} INFO - [2025-07-28T15:42:52.255+0000] {dagbag.py:587} INFO - Filling up the DagBag from /home/airflow/.local/lib/python3.12/site-packages/airflow/example_dags/example_python_operator.py
[2025-07-28T15:42:52.279+0000] {processor.py:925} INFO - DAG(s) 'example_python_operator' retrieved from /home/airflow/.local/lib/python3.12/site-packages/airflow/example_dags/example_python_operator.py
[2025-07-28T15:42:52.381+0000] {logging_mixin.py:190} INFO - [2025-07-28T15:42:52.380+0000] {override.py:1900} INFO - Created Permission View: can edit on DAG:example_python_operator
[2025-07-28T15:42:52.393+0000] {logging_mixin.py:190} INFO - [2025-07-28T15:42:52.393+0000] {override.py:1900} INFO - Created Permission View: can read on DAG:example_python_operator
[2025-07-28T15:42:52.400+0000] {logging_mixin.py:190} INFO - [2025-07-28T15:42:52.400+0000] {override.py:1900} INFO - Created Permission View: can delete on DAG:example_python_operator
[2025-07-28T15:42:52.408+0000] {logging_mixin.py:190} INFO - [2025-07-28T15:42:52.407+0000] {override.py:1900} INFO - Created Permission View: can read on DAG Run:example_python_operator
[2025-07-28T15:42:52.417+0000] {logging_mixin.py:190} INFO - [2025-07-28T15:42:52.417+0000] {override.py:1900} INFO - Created Permission View: can delete on DAG Run:example_python_operator
[2025-07-28T15:42:52.424+0000] {logging_mixin.py:190} INFO - [2025-07-28T15:42:52.424+0000] {override.py:1900} INFO - Created Permission View: can create on DAG Run:example_python_operator
[2025-07-28T15:42:52.434+0000] {logging_mixin.py:190} INFO - [2025-07-28T15:42:52.433+0000] {override.py:1900} INFO - Created Permission View: menu access on DAG Run:example_python_operator
[2025-07-28T15:42:52.435+0000] {logging_mixin.py:190} INFO - [2025-07-28T15:42:52.435+0000] {dag.py:3229} INFO - Sync 1 DAGs
[2025-07-28T15:42:52.473+0000] {logging_mixin.py:190} INFO - [2025-07-28T15:42:52.472+0000] {dag.py:3252} INFO - Creating ORM DAG for example_python_operator
[2025-07-28T15:42:52.475+0000] {logging_mixin.py:190} INFO - [2025-07-28T15:42:52.475+0000] {dag.py:4156} INFO - Setting next_dagrun for example_python_operator to None, run_after=None
[2025-07-28T15:42:52.546+0000] {processor.py:208} INFO - Processing /home/airflow/.local/lib/python3.12/site-packages/airflow/example_dags/example_python_operator.py took 0.316 seconds
[2025-07-28T15:43:22.734+0000] {processor.py:186} INFO - Started process (PID=142) to work on /home/airflow/.local/lib/python3.12/site-packages/airflow/example_dags/example_python_operator.py
[2025-07-28T15:43:22.737+0000] {processor.py:914} INFO - Processing file /home/airflow/.local/lib/python3.12/site-packages/airflow/example_dags/example_python_operator.py for tasks to queue
[2025-07-28T15:43:22.739+0000] {logging_mixin.py:190} INFO - [2025-07-28T15:43:22.739+0000] {dagbag.py:587} INFO - Filling up the DagBag from /home/airflow/.local/lib/python3.12/site-packages/airflow/example_dags/example_python_operator.py
[2025-07-28T15:43:22.747+0000] {processor.py:925} INFO - DAG(s) 'example_python_operator' retrieved from /home/airflow/.local/lib/python3.12/site-packages/airflow/example_dags/example_python_operator.py
[2025-07-28T15:43:22.762+0000] {logging_mixin.py:190} INFO - [2025-07-28T15:43:22.762+0000] {dag.py:3229} INFO - Sync 1 DAGs
[2025-07-28T15:43:22.770+0000] {logging_mixin.py:190} INFO - [2025-07-28T15:43:22.770+0000] {dag.py:4156} INFO - Setting next_dagrun for example_python_operator to None, run_after=None
[2025-07-28T15:43:22.784+0000] {processor.py:208} INFO - Processing /home/airflow/.local/lib/python3.12/site-packages/airflow/example_dags/example_python_operator.py took 0.055 seconds
[2025-07-28T15:43:53.507+0000] {processor.py:186} INFO - Started process (PID=204) to work on /home/airflow/.local/lib/python3.12/site-packages/airflow/example_dags/example_python_operator.py
[2025-07-28T15:43:53.511+0000] {processor.py:914} INFO - Processing file /home/airflow/.local/lib/python3.12/site-packages/airflow/example_dags/example_python_operator.py for tasks to queue
[2025-07-28T15:43:53.513+0000] {logging_mixin.py:190} INFO - [2025-07-28T15:43:53.512+0000] {dagbag.py:587} INFO - Filling up the DagBag from /home/airflow/.local/lib/python3.12/site-packages/airflow/example_dags/example_python_operator.py
[2025-07-28T15:43:53.520+0000] {processor.py:925} INFO - DAG(s) 'example_python_operator' retrieved from /home/airflow/.local/lib/python3.12/site-packages/airflow/example_dags/example_python_operator.py
[2025-07-28T15:43:53.535+0000] {logging_mixin.py:190} INFO - [2025-07-28T15:43:53.535+0000] {dag.py:3229} INFO - Sync 1 DAGs
[2025-07-28T15:43:53.543+0000] {logging_mixin.py:190} INFO - [2025-07-28T15:43:53.543+0000] {dag.py:4156} INFO - Setting next_dagrun for example_python_operator to None, run_after=None
[2025-07-28T15:43:53.550+0000] {processor.py:208} INFO - Processing /home/airflow/.local/lib/python3.12/site-packages/airflow/example_dags/example_python_operator.py took 0.046 seconds
[2025-07-28T15:44:24.097+0000] {processor.py:186} INFO - Started process (PID=266) to work on /home/airflow/.local/lib/python3.12/site-packages/airflow/example_dags/example_python_operator.py
[2025-07-28T15:44:24.097+0000] {processor.py:914} INFO - Processing file /home/airflow/.local/lib/python3.12/site-packages/airflow/example_dags/example_python_operator.py for tasks to queue
[2025-07-28T15:44:24.099+0000] {logging_mixin.py:190} INFO - [2025-07-28T15:44:24.098+0000] {dagbag.py:587} INFO - Filling up the DagBag from /home/airflow/.local/lib/python3.12/site-packages/airflow/example_dags/example_python_operator.py
[2025-07-28T15:44:24.105+0000] {processor.py:925} INFO - DAG(s) 'example_python_operator' retrieved from /home/airflow/.local/lib/python3.12/site-packages/airflow/example_dags/example_python_operator.py
[2025-07-28T15:44:24.116+0000] {logging_mixin.py:190} INFO - [2025-07-28T15:44:24.116+0000] {dag.py:3229} INFO - Sync 1 DAGs
[2025-07-28T15:44:24.123+0000] {logging_mixin.py:190} INFO - [2025-07-28T15:44:24.122+0000] {dag.py:4156} INFO - Setting next_dagrun for example_python_operator to None, run_after=None
[2025-07-28T15:44:24.129+0000] {processor.py:208} INFO - Processing /home/airflow/.local/lib/python3.12/site-packages/airflow/example_dags/example_python_operator.py took 0.035 seconds
[2025-07-28T15:44:54.602+0000] {processor.py:186} INFO - Started process (PID=328) to work on /home/airflow/.local/lib/python3.12/site-packages/airflow/example_dags/example_python_operator.py
[2025-07-28T15:44:54.603+0000] {processor.py:914} INFO - Processing file /home/airflow/.local/lib/python3.12/site-packages/airflow/example_dags/example_python_operator.py for tasks to queue
[2025-07-28T15:44:54.604+0000] {logging_mixin.py:190} INFO - [2025-07-28T15:44:54.604+0000] {dagbag.py:587} INFO - Filling up the DagBag from /home/airflow/.local/lib/python3.12/site-packages/airflow/example_dags/example_python_operator.py
[2025-07-28T15:44:54.611+0000] {processor.py:925} INFO - DAG(s) 'example_python_operator' retrieved from /home/airflow/.local/lib/python3.12/site-packages/airflow/example_dags/example_python_operator.py
[2025-07-28T15:44:54.620+0000] {logging_mixin.py:190} INFO - [2025-07-28T15:44:54.620+0000] {dag.py:3229} INFO - Sync 1 DAGs
[2025-07-28T15:44:54.626+0000] {logging_mixin.py:190} INFO - [2025-07-28T15:44:54.626+0000] {dag.py:4156} INFO - Setting next_dagrun for example_python_operator to None, run_after=None
[2025-07-28T15:44:54.633+0000] {processor.py:208} INFO - Processing /home/airflow/.local/lib/python3.12/site-packages/airflow/example_dags/example_python_operator.py took 0.034 seconds
[2025-07-28T15:45:25.400+0000] {processor.py:186} INFO - Started process (PID=390) to work on /home/airflow/.local/lib/python3.12/site-packages/airflow/example_dags/example_python_operator.py
[2025-07-28T15:45:25.401+0000] {processor.py:914} INFO - Processing file /home/airflow/.local/lib/python3.12/site-packages/airflow/example_dags/example_python_operator.py for tasks to queue
[2025-07-28T15:45:25.403+0000] {logging_mixin.py:190} INFO - [2025-07-28T15:45:25.403+0000] {dagbag.py:587} INFO - Filling up the DagBag from /home/airflow/.local/lib/python3.12/site-packages/airflow/example_dags/example_python_operator.py
[2025-07-28T15:45:25.410+0000] {processor.py:925} INFO - DAG(s) 'example_python_operator' retrieved from /home/airflow/.local/lib/python3.12/site-packages/airflow/example_dags/example_python_operator.py
[2025-07-28T15:45:25.421+0000] {logging_mixin.py:190} INFO - [2025-07-28T15:45:25.420+0000] {dag.py:3229} INFO - Sync 1 DAGs
[2025-07-28T15:45:25.429+0000] {logging_mixin.py:190} INFO - [2025-07-28T15:45:25.429+0000] {dag.py:4156} INFO - Setting next_dagrun for example_python_operator to None, run_after=None
[2025-07-28T15:45:25.437+0000] {processor.py:208} INFO - Processing /home/airflow/.local/lib/python3.12/site-packages/airflow/example_dags/example_python_operator.py took 0.045 seconds
[2025-07-28T15:45:56.205+0000] {processor.py:186} INFO - Started process (PID=452) to work on /home/airflow/.local/lib/python3.12/site-packages/airflow/example_dags/example_python_operator.py
[2025-07-28T15:45:56.206+0000] {processor.py:914} INFO - Processing file /home/airflow/.local/lib/python3.12/site-packages/airflow/example_dags/example_python_operator.py for tasks to queue
[2025-07-28T15:45:56.208+0000] {logging_mixin.py:190} INFO - [2025-07-28T15:45:56.208+0000] {dagbag.py:587} INFO - Filling up the DagBag from /home/airflow/.local/lib/python3.12/site-packages/airflow/example_dags/example_python_operator.py
[2025-07-28T15:45:56.216+0000] {processor.py:925} INFO - DAG(s) 'example_python_operator' retrieved from /home/airflow/.local/lib/python3.12/site-packages/airflow/example_dags/example_python_operator.py
[2025-07-28T15:45:56.237+0000] {logging_mixin.py:190} INFO - [2025-07-28T15:45:56.237+0000] {dag.py:3229} INFO - Sync 1 DAGs
[2025-07-28T15:45:56.247+0000] {logging_mixin.py:190} INFO - [2025-07-28T15:45:56.247+0000] {dag.py:4156} INFO - Setting next_dagrun for example_python_operator to None, run_after=None
[2025-07-28T15:45:56.257+0000] {processor.py:208} INFO - Processing /home/airflow/.local/lib/python3.12/site-packages/airflow/example_dags/example_python_operator.py took 0.055 seconds
[2025-07-28T15:46:26.808+0000] {processor.py:186} INFO - Started process (PID=514) to work on /home/airflow/.local/lib/python3.12/site-packages/airflow/example_dags/example_python_operator.py
[2025-07-28T15:46:26.810+0000] {processor.py:914} INFO - Processing file /home/airflow/.local/lib/python3.12/site-packages/airflow/example_dags/example_python_operator.py for tasks to queue
[2025-07-28T15:46:26.811+0000] {logging_mixin.py:190} INFO - [2025-07-28T15:46:26.811+0000] {dagbag.py:587} INFO - Filling up the DagBag from /home/airflow/.local/lib/python3.12/site-packages/airflow/example_dags/example_python_operator.py
[2025-07-28T15:46:26.821+0000] {processor.py:925} INFO - DAG(s) 'example_python_operator' retrieved from /home/airflow/.local/lib/python3.12/site-packages/airflow/example_dags/example_python_operator.py
[2025-07-28T15:46:26.832+0000] {logging_mixin.py:190} INFO - [2025-07-28T15:46:26.832+0000] {dag.py:3229} INFO - Sync 1 DAGs
[2025-07-28T15:46:26.837+0000] {logging_mixin.py:190} INFO - [2025-07-28T15:46:26.837+0000] {dag.py:4156} INFO - Setting next_dagrun for example_python_operator to None, run_after=None
[2025-07-28T15:46:26.844+0000] {processor.py:208} INFO - Processing /home/airflow/.local/lib/python3.12/site-packages/airflow/example_dags/example_python_operator.py took 0.039 seconds
[2025-07-28T15:46:57.355+0000] {processor.py:186} INFO - Started process (PID=576) to work on /home/airflow/.local/lib/python3.12/site-packages/airflow/example_dags/example_python_operator.py
[2025-07-28T15:46:57.356+0000] {processor.py:914} INFO - Processing file /home/airflow/.local/lib/python3.12/site-packages/airflow/example_dags/example_python_operator.py for tasks to queue
[2025-07-28T15:46:57.357+0000] {logging_mixin.py:190} INFO - [2025-07-28T15:46:57.357+0000] {dagbag.py:587} INFO - Filling up the DagBag from /home/airflow/.local/lib/python3.12/site-packages/airflow/example_dags/example_python_operator.py
[2025-07-28T15:46:57.363+0000] {processor.py:925} INFO - DAG(s) 'example_python_operator' retrieved from /home/airflow/.local/lib/python3.12/site-packages/airflow/example_dags/example_python_operator.py
[2025-07-28T15:46:57.374+0000] {logging_mixin.py:190} INFO - [2025-07-28T15:46:57.374+0000] {dag.py:3229} INFO - Sync 1 DAGs
[2025-07-28T15:46:57.381+0000] {logging_mixin.py:190} INFO - [2025-07-28T15:46:57.381+0000] {dag.py:4156} INFO - Setting next_dagrun for example_python_operator to None, run_after=None
[2025-07-28T15:46:57.387+0000] {processor.py:208} INFO - Processing /home/airflow/.local/lib/python3.12/site-packages/airflow/example_dags/example_python_operator.py took 0.036 seconds
[2025-07-28T15:47:28.232+0000] {processor.py:186} INFO - Started process (PID=638) to work on /home/airflow/.local/lib/python3.12/site-packages/airflow/example_dags/example_python_operator.py
[2025-07-28T15:47:28.233+0000] {processor.py:914} INFO - Processing file /home/airflow/.local/lib/python3.12/site-packages/airflow/example_dags/example_python_operator.py for tasks to queue
[2025-07-28T15:47:28.236+0000] {logging_mixin.py:190} INFO - [2025-07-28T15:47:28.235+0000] {dagbag.py:587} INFO - Filling up the DagBag from /home/airflow/.local/lib/python3.12/site-packages/airflow/example_dags/example_python_operator.py
[2025-07-28T15:47:28.246+0000] {processor.py:925} INFO - DAG(s) 'example_python_operator' retrieved from /home/airflow/.local/lib/python3.12/site-packages/airflow/example_dags/example_python_operator.py
[2025-07-28T15:47:28.260+0000] {logging_mixin.py:190} INFO - [2025-07-28T15:47:28.260+0000] {dag.py:3229} INFO - Sync 1 DAGs
[2025-07-28T15:47:28.268+0000] {logging_mixin.py:190} INFO - [2025-07-28T15:47:28.268+0000] {dag.py:4156} INFO - Setting next_dagrun for example_python_operator to None, run_after=None
[2025-07-28T15:47:28.288+0000] {processor.py:208} INFO - Processing /home/airflow/.local/lib/python3.12/site-packages/airflow/example_dags/example_python_operator.py took 0.059 seconds
[2025-07-28T15:47:59.079+0000] {processor.py:186} INFO - Started process (PID=700) to work on /home/airflow/.local/lib/python3.12/site-packages/airflow/example_dags/example_python_operator.py
[2025-07-28T15:47:59.079+0000] {processor.py:914} INFO - Processing file /home/airflow/.local/lib/python3.12/site-packages/airflow/example_dags/example_python_operator.py for tasks to queue
[2025-07-28T15:47:59.083+0000] {logging_mixin.py:190} INFO - [2025-07-28T15:47:59.083+0000] {dagbag.py:587} INFO - Filling up the DagBag from /home/airflow/.local/lib/python3.12/site-packages/airflow/example_dags/example_python_operator.py
[2025-07-28T15:47:59.096+0000] {processor.py:925} INFO - DAG(s) 'example_python_operator' retrieved from /home/airflow/.local/lib/python3.12/site-packages/airflow/example_dags/example_python_operator.py
[2025-07-28T15:47:59.110+0000] {logging_mixin.py:190} INFO - [2025-07-28T15:47:59.110+0000] {dag.py:3229} INFO - Sync 1 DAGs
[2025-07-28T15:47:59.117+0000] {logging_mixin.py:190} INFO - [2025-07-28T15:47:59.117+0000] {dag.py:4156} INFO - Setting next_dagrun for example_python_operator to None, run_after=None
[2025-07-28T15:47:59.125+0000] {processor.py:208} INFO - Processing /home/airflow/.local/lib/python3.12/site-packages/airflow/example_dags/example_python_operator.py took 0.050 seconds
[2025-07-28T15:48:29.547+0000] {processor.py:186} INFO - Started process (PID=762) to work on /home/airflow/.local/lib/python3.12/site-packages/airflow/example_dags/example_python_operator.py
[2025-07-28T15:48:29.548+0000] {processor.py:914} INFO - Processing file /home/airflow/.local/lib/python3.12/site-packages/airflow/example_dags/example_python_operator.py for tasks to queue
[2025-07-28T15:48:29.549+0000] {logging_mixin.py:190} INFO - [2025-07-28T15:48:29.549+0000] {dagbag.py:587} INFO - Filling up the DagBag from /home/airflow/.local/lib/python3.12/site-packages/airflow/example_dags/example_python_operator.py
[2025-07-28T15:48:29.556+0000] {processor.py:925} INFO - DAG(s) 'example_python_operator' retrieved from /home/airflow/.local/lib/python3.12/site-packages/airflow/example_dags/example_python_operator.py
[2025-07-28T15:48:29.567+0000] {logging_mixin.py:190} INFO - [2025-07-28T15:48:29.567+0000] {dag.py:3229} INFO - Sync 1 DAGs
[2025-07-28T15:48:29.572+0000] {logging_mixin.py:190} INFO - [2025-07-28T15:48:29.572+0000] {dag.py:4156} INFO - Setting next_dagrun for example_python_operator to None, run_after=None
[2025-07-28T15:48:29.578+0000] {processor.py:208} INFO - Processing /home/airflow/.local/lib/python3.12/site-packages/airflow/example_dags/example_python_operator.py took 0.034 seconds
[2025-07-28T15:49:00.489+0000] {processor.py:186} INFO - Started process (PID=824) to work on /home/airflow/.local/lib/python3.12/site-packages/airflow/example_dags/example_python_operator.py
[2025-07-28T15:49:00.492+0000] {processor.py:914} INFO - Processing file /home/airflow/.local/lib/python3.12/site-packages/airflow/example_dags/example_python_operator.py for tasks to queue
[2025-07-28T15:49:00.494+0000] {logging_mixin.py:190} INFO - [2025-07-28T15:49:00.493+0000] {dagbag.py:587} INFO - Filling up the DagBag from /home/airflow/.local/lib/python3.12/site-packages/airflow/example_dags/example_python_operator.py
[2025-07-28T15:49:00.505+0000] {processor.py:925} INFO - DAG(s) 'example_python_operator' retrieved from /home/airflow/.local/lib/python3.12/site-packages/airflow/example_dags/example_python_operator.py
[2025-07-28T15:49:00.519+0000] {logging_mixin.py:190} INFO - [2025-07-28T15:49:00.519+0000] {dag.py:3229} INFO - Sync 1 DAGs
[2025-07-28T15:49:00.528+0000] {logging_mixin.py:190} INFO - [2025-07-28T15:49:00.528+0000] {dag.py:4156} INFO - Setting next_dagrun for example_python_operator to None, run_after=None
[2025-07-28T15:49:00.537+0000] {processor.py:208} INFO - Processing /home/airflow/.local/lib/python3.12/site-packages/airflow/example_dags/example_python_operator.py took 0.052 seconds
[2025-07-28T15:49:31.004+0000] {processor.py:186} INFO - Started process (PID=886) to work on /home/airflow/.local/lib/python3.12/site-packages/airflow/example_dags/example_python_operator.py
[2025-07-28T15:49:31.005+0000] {processor.py:914} INFO - Processing file /home/airflow/.local/lib/python3.12/site-packages/airflow/example_dags/example_python_operator.py for tasks to queue
[2025-07-28T15:49:31.010+0000] {logging_mixin.py:190} INFO - [2025-07-28T15:49:31.010+0000] {dagbag.py:587} INFO - Filling up the DagBag from /home/airflow/.local/lib/python3.12/site-packages/airflow/example_dags/example_python_operator.py
[2025-07-28T15:49:31.022+0000] {processor.py:925} INFO - DAG(s) 'example_python_operator' retrieved from /home/airflow/.local/lib/python3.12/site-packages/airflow/example_dags/example_python_operator.py
[2025-07-28T15:49:31.035+0000] {logging_mixin.py:190} INFO - [2025-07-28T15:49:31.035+0000] {dag.py:3229} INFO - Sync 1 DAGs
[2025-07-28T15:49:31.040+0000] {logging_mixin.py:190} INFO - [2025-07-28T15:49:31.040+0000] {dag.py:4156} INFO - Setting next_dagrun for example_python_operator to None, run_after=None
[2025-07-28T15:49:31.048+0000] {processor.py:208} INFO - Processing /home/airflow/.local/lib/python3.12/site-packages/airflow/example_dags/example_python_operator.py took 0.048 seconds
[2025-07-28T15:50:01.749+0000] {processor.py:186} INFO - Started process (PID=948) to work on /home/airflow/.local/lib/python3.12/site-packages/airflow/example_dags/example_python_operator.py
[2025-07-28T15:50:01.750+0000] {processor.py:914} INFO - Processing file /home/airflow/.local/lib/python3.12/site-packages/airflow/example_dags/example_python_operator.py for tasks to queue
[2025-07-28T15:50:01.751+0000] {logging_mixin.py:190} INFO - [2025-07-28T15:50:01.751+0000] {dagbag.py:587} INFO - Filling up the DagBag from /home/airflow/.local/lib/python3.12/site-packages/airflow/example_dags/example_python_operator.py
[2025-07-28T15:50:01.757+0000] {processor.py:925} INFO - DAG(s) 'example_python_operator' retrieved from /home/airflow/.local/lib/python3.12/site-packages/airflow/example_dags/example_python_operator.py
[2025-07-28T15:50:01.766+0000] {logging_mixin.py:190} INFO - [2025-07-28T15:50:01.766+0000] {dag.py:3229} INFO - Sync 1 DAGs
[2025-07-28T15:50:01.772+0000] {logging_mixin.py:190} INFO - [2025-07-28T15:50:01.772+0000] {dag.py:4156} INFO - Setting next_dagrun for example_python_operator to None, run_after=None
[2025-07-28T15:50:01.778+0000] {processor.py:208} INFO - Processing /home/airflow/.local/lib/python3.12/site-packages/airflow/example_dags/example_python_operator.py took 0.031 seconds
[2025-07-28T15:50:32.061+0000] {processor.py:186} INFO - Started process (PID=1010) to work on /home/airflow/.local/lib/python3.12/site-packages/airflow/example_dags/example_python_operator.py
[2025-07-28T15:50:32.062+0000] {processor.py:914} INFO - Processing file /home/airflow/.local/lib/python3.12/site-packages/airflow/example_dags/example_python_operator.py for tasks to queue
[2025-07-28T15:50:32.064+0000] {logging_mixin.py:190} INFO - [2025-07-28T15:50:32.064+0000] {dagbag.py:587} INFO - Filling up the DagBag from /home/airflow/.local/lib/python3.12/site-packages/airflow/example_dags/example_python_operator.py
[2025-07-28T15:50:32.071+0000] {processor.py:925} INFO - DAG(s) 'example_python_operator' retrieved from /home/airflow/.local/lib/python3.12/site-packages/airflow/example_dags/example_python_operator.py
[2025-07-28T15:50:32.092+0000] {logging_mixin.py:190} INFO - [2025-07-28T15:50:32.091+0000] {dag.py:3229} INFO - Sync 1 DAGs
[2025-07-28T15:50:32.101+0000] {logging_mixin.py:190} INFO - [2025-07-28T15:50:32.101+0000] {dag.py:4156} INFO - Setting next_dagrun for example_python_operator to None, run_after=None
[2025-07-28T15:50:32.110+0000] {processor.py:208} INFO - Processing /home/airflow/.local/lib/python3.12/site-packages/airflow/example_dags/example_python_operator.py took 0.053 seconds
[2025-07-28T15:51:02.275+0000] {processor.py:186} INFO - Started process (PID=1072) to work on /home/airflow/.local/lib/python3.12/site-packages/airflow/example_dags/example_python_operator.py
[2025-07-28T15:51:02.278+0000] {processor.py:914} INFO - Processing file /home/airflow/.local/lib/python3.12/site-packages/airflow/example_dags/example_python_operator.py for tasks to queue
[2025-07-28T15:51:02.280+0000] {logging_mixin.py:190} INFO - [2025-07-28T15:51:02.280+0000] {dagbag.py:587} INFO - Filling up the DagBag from /home/airflow/.local/lib/python3.12/site-packages/airflow/example_dags/example_python_operator.py
[2025-07-28T15:51:02.291+0000] {processor.py:925} INFO - DAG(s) 'example_python_operator' retrieved from /home/airflow/.local/lib/python3.12/site-packages/airflow/example_dags/example_python_operator.py
[2025-07-28T15:51:02.304+0000] {logging_mixin.py:190} INFO - [2025-07-28T15:51:02.304+0000] {dag.py:3229} INFO - Sync 1 DAGs
[2025-07-28T15:51:02.311+0000] {logging_mixin.py:190} INFO - [2025-07-28T15:51:02.311+0000] {dag.py:4156} INFO - Setting next_dagrun for example_python_operator to None, run_after=None
[2025-07-28T15:51:02.319+0000] {processor.py:208} INFO - Processing /home/airflow/.local/lib/python3.12/site-packages/airflow/example_dags/example_python_operator.py took 0.048 seconds
[2025-07-28T15:51:32.830+0000] {processor.py:186} INFO - Started process (PID=1134) to work on /home/airflow/.local/lib/python3.12/site-packages/airflow/example_dags/example_python_operator.py
[2025-07-28T15:51:32.831+0000] {processor.py:914} INFO - Processing file /home/airflow/.local/lib/python3.12/site-packages/airflow/example_dags/example_python_operator.py for tasks to queue
[2025-07-28T15:51:32.832+0000] {logging_mixin.py:190} INFO - [2025-07-28T15:51:32.832+0000] {dagbag.py:587} INFO - Filling up the DagBag from /home/airflow/.local/lib/python3.12/site-packages/airflow/example_dags/example_python_operator.py
[2025-07-28T15:51:32.841+0000] {processor.py:925} INFO - DAG(s) 'example_python_operator' retrieved from /home/airflow/.local/lib/python3.12/site-packages/airflow/example_dags/example_python_operator.py
[2025-07-28T15:51:32.858+0000] {logging_mixin.py:190} INFO - [2025-07-28T15:51:32.858+0000] {dag.py:3229} INFO - Sync 1 DAGs
[2025-07-28T15:51:32.866+0000] {logging_mixin.py:190} INFO - [2025-07-28T15:51:32.866+0000] {dag.py:4156} INFO - Setting next_dagrun for example_python_operator to None, run_after=None
[2025-07-28T15:51:32.875+0000] {processor.py:208} INFO - Processing /home/airflow/.local/lib/python3.12/site-packages/airflow/example_dags/example_python_operator.py took 0.049 seconds
[2025-07-28T15:52:03.131+0000] {processor.py:186} INFO - Started process (PID=1196) to work on /home/airflow/.local/lib/python3.12/site-packages/airflow/example_dags/example_python_operator.py
[2025-07-28T15:52:03.132+0000] {processor.py:914} INFO - Processing file /home/airflow/.local/lib/python3.12/site-packages/airflow/example_dags/example_python_operator.py for tasks to queue
[2025-07-28T15:52:03.134+0000] {logging_mixin.py:190} INFO - [2025-07-28T15:52:03.133+0000] {dagbag.py:587} INFO - Filling up the DagBag from /home/airflow/.local/lib/python3.12/site-packages/airflow/example_dags/example_python_operator.py
[2025-07-28T15:52:03.140+0000] {processor.py:925} INFO - DAG(s) 'example_python_operator' retrieved from /home/airflow/.local/lib/python3.12/site-packages/airflow/example_dags/example_python_operator.py
[2025-07-28T15:52:03.151+0000] {logging_mixin.py:190} INFO - [2025-07-28T15:52:03.151+0000] {dag.py:3229} INFO - Sync 1 DAGs
[2025-07-28T15:52:03.157+0000] {logging_mixin.py:190} INFO - [2025-07-28T15:52:03.157+0000] {dag.py:4156} INFO - Setting next_dagrun for example_python_operator to None, run_after=None
[2025-07-28T15:52:03.164+0000] {processor.py:208} INFO - Processing /home/airflow/.local/lib/python3.12/site-packages/airflow/example_dags/example_python_operator.py took 0.036 seconds
[2025-07-28T15:52:34.217+0000] {processor.py:186} INFO - Started process (PID=1258) to work on /home/airflow/.local/lib/python3.12/site-packages/airflow/example_dags/example_python_operator.py
[2025-07-28T15:52:34.218+0000] {processor.py:914} INFO - Processing file /home/airflow/.local/lib/python3.12/site-packages/airflow/example_dags/example_python_operator.py for tasks to queue
[2025-07-28T15:52:34.219+0000] {logging_mixin.py:190} INFO - [2025-07-28T15:52:34.219+0000] {dagbag.py:587} INFO - Filling up the DagBag from /home/airflow/.local/lib/python3.12/site-packages/airflow/example_dags/example_python_operator.py
[2025-07-28T15:52:34.227+0000] {processor.py:925} INFO - DAG(s) 'example_python_operator' retrieved from /home/airflow/.local/lib/python3.12/site-packages/airflow/example_dags/example_python_operator.py
[2025-07-28T15:52:34.239+0000] {logging_mixin.py:190} INFO - [2025-07-28T15:52:34.239+0000] {dag.py:3229} INFO - Sync 1 DAGs
[2025-07-28T15:52:34.245+0000] {logging_mixin.py:190} INFO - [2025-07-28T15:52:34.245+0000] {dag.py:4156} INFO - Setting next_dagrun for example_python_operator to None, run_after=None
[2025-07-28T15:52:34.252+0000] {processor.py:208} INFO - Processing /home/airflow/.local/lib/python3.12/site-packages/airflow/example_dags/example_python_operator.py took 0.038 seconds
[2025-07-28T15:53:04.384+0000] {processor.py:186} INFO - Started process (PID=1320) to work on /home/airflow/.local/lib/python3.12/site-packages/airflow/example_dags/example_python_operator.py
[2025-07-28T15:53:04.384+0000] {processor.py:914} INFO - Processing file /home/airflow/.local/lib/python3.12/site-packages/airflow/example_dags/example_python_operator.py for tasks to queue
[2025-07-28T15:53:04.386+0000] {logging_mixin.py:190} INFO - [2025-07-28T15:53:04.386+0000] {dagbag.py:587} INFO - Filling up the DagBag from /home/airflow/.local/lib/python3.12/site-packages/airflow/example_dags/example_python_operator.py
[2025-07-28T15:53:04.399+0000] {processor.py:925} INFO - DAG(s) 'example_python_operator' retrieved from /home/airflow/.local/lib/python3.12/site-packages/airflow/example_dags/example_python_operator.py
[2025-07-28T15:53:04.413+0000] {logging_mixin.py:190} INFO - [2025-07-28T15:53:04.413+0000] {dag.py:3229} INFO - Sync 1 DAGs
[2025-07-28T15:53:04.423+0000] {logging_mixin.py:190} INFO - [2025-07-28T15:53:04.423+0000] {dag.py:4156} INFO - Setting next_dagrun for example_python_operator to None, run_after=None
[2025-07-28T15:53:04.431+0000] {processor.py:208} INFO - Processing /home/airflow/.local/lib/python3.12/site-packages/airflow/example_dags/example_python_operator.py took 0.050 seconds
[2025-07-28T15:53:35.384+0000] {processor.py:186} INFO - Started process (PID=1383) to work on /home/airflow/.local/lib/python3.12/site-packages/airflow/example_dags/example_python_operator.py
[2025-07-28T15:53:35.384+0000] {processor.py:914} INFO - Processing file /home/airflow/.local/lib/python3.12/site-packages/airflow/example_dags/example_python_operator.py for tasks to queue
[2025-07-28T15:53:35.385+0000] {logging_mixin.py:190} INFO - [2025-07-28T15:53:35.385+0000] {dagbag.py:587} INFO - Filling up the DagBag from /home/airflow/.local/lib/python3.12/site-packages/airflow/example_dags/example_python_operator.py
[2025-07-28T15:53:35.391+0000] {processor.py:925} INFO - DAG(s) 'example_python_operator' retrieved from /home/airflow/.local/lib/python3.12/site-packages/airflow/example_dags/example_python_operator.py
[2025-07-28T15:53:35.400+0000] {logging_mixin.py:190} INFO - [2025-07-28T15:53:35.400+0000] {dag.py:3229} INFO - Sync 1 DAGs
[2025-07-28T15:53:35.409+0000] {logging_mixin.py:190} INFO - [2025-07-28T15:53:35.409+0000] {dag.py:4156} INFO - Setting next_dagrun for example_python_operator to None, run_after=None
[2025-07-28T15:53:35.416+0000] {processor.py:208} INFO - Processing /home/airflow/.local/lib/python3.12/site-packages/airflow/example_dags/example_python_operator.py took 0.035 seconds
[2025-07-28T15:54:06.239+0000] {processor.py:186} INFO - Started process (PID=1446) to work on /home/airflow/.local/lib/python3.12/site-packages/airflow/example_dags/example_python_operator.py
[2025-07-28T15:54:06.240+0000] {processor.py:914} INFO - Processing file /home/airflow/.local/lib/python3.12/site-packages/airflow/example_dags/example_python_operator.py for tasks to queue
[2025-07-28T15:54:06.242+0000] {logging_mixin.py:190} INFO - [2025-07-28T15:54:06.242+0000] {dagbag.py:587} INFO - Filling up the DagBag from /home/airflow/.local/lib/python3.12/site-packages/airflow/example_dags/example_python_operator.py
[2025-07-28T15:54:06.254+0000] {processor.py:925} INFO - DAG(s) 'example_python_operator' retrieved from /home/airflow/.local/lib/python3.12/site-packages/airflow/example_dags/example_python_operator.py
[2025-07-28T15:54:06.263+0000] {logging_mixin.py:190} INFO - [2025-07-28T15:54:06.263+0000] {dag.py:3229} INFO - Sync 1 DAGs
[2025-07-28T15:54:06.269+0000] {logging_mixin.py:190} INFO - [2025-07-28T15:54:06.269+0000] {dag.py:4156} INFO - Setting next_dagrun for example_python_operator to None, run_after=None
[2025-07-28T15:54:06.275+0000] {processor.py:208} INFO - Processing /home/airflow/.local/lib/python3.12/site-packages/airflow/example_dags/example_python_operator.py took 0.040 seconds
[2025-07-28T15:54:37.034+0000] {processor.py:186} INFO - Started process (PID=1509) to work on /home/airflow/.local/lib/python3.12/site-packages/airflow/example_dags/example_python_operator.py
[2025-07-28T15:54:37.035+0000] {processor.py:914} INFO - Processing file /home/airflow/.local/lib/python3.12/site-packages/airflow/example_dags/example_python_operator.py for tasks to queue
[2025-07-28T15:54:37.036+0000] {logging_mixin.py:190} INFO - [2025-07-28T15:54:37.036+0000] {dagbag.py:587} INFO - Filling up the DagBag from /home/airflow/.local/lib/python3.12/site-packages/airflow/example_dags/example_python_operator.py
[2025-07-28T15:54:37.047+0000] {processor.py:925} INFO - DAG(s) 'example_python_operator' retrieved from /home/airflow/.local/lib/python3.12/site-packages/airflow/example_dags/example_python_operator.py
[2025-07-28T15:54:37.058+0000] {logging_mixin.py:190} INFO - [2025-07-28T15:54:37.058+0000] {dag.py:3229} INFO - Sync 1 DAGs
[2025-07-28T15:54:37.064+0000] {logging_mixin.py:190} INFO - [2025-07-28T15:54:37.064+0000] {dag.py:4156} INFO - Setting next_dagrun for example_python_operator to None, run_after=None
[2025-07-28T15:54:37.071+0000] {processor.py:208} INFO - Processing /home/airflow/.local/lib/python3.12/site-packages/airflow/example_dags/example_python_operator.py took 0.041 seconds
[2025-07-28T15:55:09.802+0000] {processor.py:186} INFO - Started process (PID=1572) to work on /home/airflow/.local/lib/python3.12/site-packages/airflow/example_dags/example_python_operator.py
[2025-07-28T15:55:09.802+0000] {processor.py:914} INFO - Processing file /home/airflow/.local/lib/python3.12/site-packages/airflow/example_dags/example_python_operator.py for tasks to queue
[2025-07-28T15:55:09.803+0000] {logging_mixin.py:190} INFO - [2025-07-28T15:55:09.803+0000] {dagbag.py:587} INFO - Filling up the DagBag from /home/airflow/.local/lib/python3.12/site-packages/airflow/example_dags/example_python_operator.py
[2025-07-28T15:55:09.815+0000] {processor.py:925} INFO - DAG(s) 'example_python_operator' retrieved from /home/airflow/.local/lib/python3.12/site-packages/airflow/example_dags/example_python_operator.py
[2025-07-28T15:55:09.824+0000] {logging_mixin.py:190} INFO - [2025-07-28T15:55:09.824+0000] {dag.py:3229} INFO - Sync 1 DAGs
[2025-07-28T15:55:09.831+0000] {logging_mixin.py:190} INFO - [2025-07-28T15:55:09.830+0000] {dag.py:4156} INFO - Setting next_dagrun for example_python_operator to None, run_after=None
[2025-07-28T15:55:09.838+0000] {processor.py:208} INFO - Processing /home/airflow/.local/lib/python3.12/site-packages/airflow/example_dags/example_python_operator.py took 0.038 seconds
[2025-07-28T15:55:40.834+0000] {processor.py:186} INFO - Started process (PID=1635) to work on /home/airflow/.local/lib/python3.12/site-packages/airflow/example_dags/example_python_operator.py
[2025-07-28T15:55:40.834+0000] {processor.py:914} INFO - Processing file /home/airflow/.local/lib/python3.12/site-packages/airflow/example_dags/example_python_operator.py for tasks to queue
[2025-07-28T15:55:40.836+0000] {logging_mixin.py:190} INFO - [2025-07-28T15:55:40.836+0000] {dagbag.py:587} INFO - Filling up the DagBag from /home/airflow/.local/lib/python3.12/site-packages/airflow/example_dags/example_python_operator.py
[2025-07-28T15:55:40.843+0000] {processor.py:925} INFO - DAG(s) 'example_python_operator' retrieved from /home/airflow/.local/lib/python3.12/site-packages/airflow/example_dags/example_python_operator.py
[2025-07-28T15:55:40.860+0000] {logging_mixin.py:190} INFO - [2025-07-28T15:55:40.860+0000] {dag.py:3229} INFO - Sync 1 DAGs
[2025-07-28T15:55:40.867+0000] {logging_mixin.py:190} INFO - [2025-07-28T15:55:40.867+0000] {dag.py:4156} INFO - Setting next_dagrun for example_python_operator to None, run_after=None
[2025-07-28T15:55:40.881+0000] {processor.py:208} INFO - Processing /home/airflow/.local/lib/python3.12/site-packages/airflow/example_dags/example_python_operator.py took 0.051 seconds
[2025-07-28T15:56:27.843+0000] {processor.py:186} INFO - Started process (PID=1704) to work on /home/airflow/.local/lib/python3.12/site-packages/airflow/example_dags/example_python_operator.py
[2025-07-28T15:56:27.846+0000] {processor.py:914} INFO - Processing file /home/airflow/.local/lib/python3.12/site-packages/airflow/example_dags/example_python_operator.py for tasks to queue
[2025-07-28T15:56:27.855+0000] {logging_mixin.py:190} INFO - [2025-07-28T15:56:27.855+0000] {dagbag.py:587} INFO - Filling up the DagBag from /home/airflow/.local/lib/python3.12/site-packages/airflow/example_dags/example_python_operator.py
[2025-07-28T15:56:27.936+0000] {processor.py:925} INFO - DAG(s) 'example_python_operator' retrieved from /home/airflow/.local/lib/python3.12/site-packages/airflow/example_dags/example_python_operator.py
[2025-07-28T15:56:28.027+0000] {logging_mixin.py:190} INFO - [2025-07-28T15:56:28.025+0000] {dag.py:3229} INFO - Sync 1 DAGs
[2025-07-28T15:56:28.082+0000] {logging_mixin.py:190} INFO - [2025-07-28T15:56:28.082+0000] {dag.py:4156} INFO - Setting next_dagrun for example_python_operator to None, run_after=None
[2025-07-28T15:56:28.122+0000] {processor.py:208} INFO - Processing /home/airflow/.local/lib/python3.12/site-packages/airflow/example_dags/example_python_operator.py took 0.296 seconds
[2025-07-28T15:56:58.345+0000] {processor.py:186} INFO - Started process (PID=1767) to work on /home/airflow/.local/lib/python3.12/site-packages/airflow/example_dags/example_python_operator.py
[2025-07-28T15:56:58.347+0000] {processor.py:914} INFO - Processing file /home/airflow/.local/lib/python3.12/site-packages/airflow/example_dags/example_python_operator.py for tasks to queue
[2025-07-28T15:56:58.353+0000] {logging_mixin.py:190} INFO - [2025-07-28T15:56:58.352+0000] {dagbag.py:587} INFO - Filling up the DagBag from /home/airflow/.local/lib/python3.12/site-packages/airflow/example_dags/example_python_operator.py
[2025-07-28T15:56:58.376+0000] {processor.py:925} INFO - DAG(s) 'example_python_operator' retrieved from /home/airflow/.local/lib/python3.12/site-packages/airflow/example_dags/example_python_operator.py
[2025-07-28T15:56:58.405+0000] {logging_mixin.py:190} INFO - [2025-07-28T15:56:58.405+0000] {dag.py:3229} INFO - Sync 1 DAGs
[2025-07-28T15:56:58.417+0000] {logging_mixin.py:190} INFO - [2025-07-28T15:56:58.417+0000] {dag.py:4156} INFO - Setting next_dagrun for example_python_operator to None, run_after=None
[2025-07-28T15:56:58.425+0000] {processor.py:208} INFO - Processing /home/airflow/.local/lib/python3.12/site-packages/airflow/example_dags/example_python_operator.py took 0.092 seconds
[2025-07-28T15:57:29.366+0000] {processor.py:186} INFO - Started process (PID=1829) to work on /home/airflow/.local/lib/python3.12/site-packages/airflow/example_dags/example_python_operator.py
[2025-07-28T15:57:29.367+0000] {processor.py:914} INFO - Processing file /home/airflow/.local/lib/python3.12/site-packages/airflow/example_dags/example_python_operator.py for tasks to queue
[2025-07-28T15:57:29.368+0000] {logging_mixin.py:190} INFO - [2025-07-28T15:57:29.368+0000] {dagbag.py:587} INFO - Filling up the DagBag from /home/airflow/.local/lib/python3.12/site-packages/airflow/example_dags/example_python_operator.py
[2025-07-28T15:57:29.376+0000] {processor.py:925} INFO - DAG(s) 'example_python_operator' retrieved from /home/airflow/.local/lib/python3.12/site-packages/airflow/example_dags/example_python_operator.py
[2025-07-28T15:57:29.390+0000] {logging_mixin.py:190} INFO - [2025-07-28T15:57:29.390+0000] {dag.py:3229} INFO - Sync 1 DAGs
[2025-07-28T15:57:29.403+0000] {logging_mixin.py:190} INFO - [2025-07-28T15:57:29.403+0000] {dag.py:4156} INFO - Setting next_dagrun for example_python_operator to None, run_after=None
[2025-07-28T15:57:29.415+0000] {processor.py:208} INFO - Processing /home/airflow/.local/lib/python3.12/site-packages/airflow/example_dags/example_python_operator.py took 0.053 seconds
[2025-07-28T15:58:00.098+0000] {processor.py:186} INFO - Started process (PID=1892) to work on /home/airflow/.local/lib/python3.12/site-packages/airflow/example_dags/example_python_operator.py
[2025-07-28T15:58:00.098+0000] {processor.py:914} INFO - Processing file /home/airflow/.local/lib/python3.12/site-packages/airflow/example_dags/example_python_operator.py for tasks to queue
[2025-07-28T15:58:00.100+0000] {logging_mixin.py:190} INFO - [2025-07-28T15:58:00.100+0000] {dagbag.py:587} INFO - Filling up the DagBag from /home/airflow/.local/lib/python3.12/site-packages/airflow/example_dags/example_python_operator.py
[2025-07-28T15:58:00.109+0000] {processor.py:925} INFO - DAG(s) 'example_python_operator' retrieved from /home/airflow/.local/lib/python3.12/site-packages/airflow/example_dags/example_python_operator.py
[2025-07-28T15:58:00.125+0000] {logging_mixin.py:190} INFO - [2025-07-28T15:58:00.125+0000] {dag.py:3229} INFO - Sync 1 DAGs
[2025-07-28T15:58:00.132+0000] {logging_mixin.py:190} INFO - [2025-07-28T15:58:00.132+0000] {dag.py:4156} INFO - Setting next_dagrun for example_python_operator to None, run_after=None
[2025-07-28T15:58:00.139+0000] {processor.py:208} INFO - Processing /home/airflow/.local/lib/python3.12/site-packages/airflow/example_dags/example_python_operator.py took 0.047 seconds
[2025-07-28T15:58:30.899+0000] {processor.py:186} INFO - Started process (PID=1955) to work on /home/airflow/.local/lib/python3.12/site-packages/airflow/example_dags/example_python_operator.py
[2025-07-28T15:58:30.899+0000] {processor.py:914} INFO - Processing file /home/airflow/.local/lib/python3.12/site-packages/airflow/example_dags/example_python_operator.py for tasks to queue
[2025-07-28T15:58:30.901+0000] {logging_mixin.py:190} INFO - [2025-07-28T15:58:30.901+0000] {dagbag.py:587} INFO - Filling up the DagBag from /home/airflow/.local/lib/python3.12/site-packages/airflow/example_dags/example_python_operator.py
[2025-07-28T15:58:30.912+0000] {processor.py:925} INFO - DAG(s) 'example_python_operator' retrieved from /home/airflow/.local/lib/python3.12/site-packages/airflow/example_dags/example_python_operator.py
[2025-07-28T15:58:30.930+0000] {logging_mixin.py:190} INFO - [2025-07-28T15:58:30.930+0000] {dag.py:3229} INFO - Sync 1 DAGs
[2025-07-28T15:58:30.941+0000] {logging_mixin.py:190} INFO - [2025-07-28T15:58:30.941+0000] {dag.py:4156} INFO - Setting next_dagrun for example_python_operator to None, run_after=None
[2025-07-28T15:58:30.951+0000] {processor.py:208} INFO - Processing /home/airflow/.local/lib/python3.12/site-packages/airflow/example_dags/example_python_operator.py took 0.056 seconds
[2025-07-28T15:59:01.352+0000] {processor.py:186} INFO - Started process (PID=2017) to work on /home/airflow/.local/lib/python3.12/site-packages/airflow/example_dags/example_python_operator.py
[2025-07-28T15:59:01.353+0000] {processor.py:914} INFO - Processing file /home/airflow/.local/lib/python3.12/site-packages/airflow/example_dags/example_python_operator.py for tasks to queue
[2025-07-28T15:59:01.355+0000] {logging_mixin.py:190} INFO - [2025-07-28T15:59:01.355+0000] {dagbag.py:587} INFO - Filling up the DagBag from /home/airflow/.local/lib/python3.12/site-packages/airflow/example_dags/example_python_operator.py
[2025-07-28T15:59:01.369+0000] {processor.py:925} INFO - DAG(s) 'example_python_operator' retrieved from /home/airflow/.local/lib/python3.12/site-packages/airflow/example_dags/example_python_operator.py
[2025-07-28T15:59:01.401+0000] {logging_mixin.py:190} INFO - [2025-07-28T15:59:01.401+0000] {dag.py:3229} INFO - Sync 1 DAGs
[2025-07-28T15:59:01.418+0000] {logging_mixin.py:190} INFO - [2025-07-28T15:59:01.418+0000] {dag.py:4156} INFO - Setting next_dagrun for example_python_operator to None, run_after=None
[2025-07-28T15:59:01.436+0000] {processor.py:208} INFO - Processing /home/airflow/.local/lib/python3.12/site-packages/airflow/example_dags/example_python_operator.py took 0.091 seconds
[2025-07-28T15:59:31.482+0000] {processor.py:186} INFO - Started process (PID=2079) to work on /home/airflow/.local/lib/python3.12/site-packages/airflow/example_dags/example_python_operator.py
[2025-07-28T15:59:31.482+0000] {processor.py:914} INFO - Processing file /home/airflow/.local/lib/python3.12/site-packages/airflow/example_dags/example_python_operator.py for tasks to queue
[2025-07-28T15:59:31.484+0000] {logging_mixin.py:190} INFO - [2025-07-28T15:59:31.484+0000] {dagbag.py:587} INFO - Filling up the DagBag from /home/airflow/.local/lib/python3.12/site-packages/airflow/example_dags/example_python_operator.py
[2025-07-28T15:59:31.491+0000] {processor.py:925} INFO - DAG(s) 'example_python_operator' retrieved from /home/airflow/.local/lib/python3.12/site-packages/airflow/example_dags/example_python_operator.py
[2025-07-28T15:59:31.505+0000] {logging_mixin.py:190} INFO - [2025-07-28T15:59:31.505+0000] {dag.py:3229} INFO - Sync 1 DAGs
[2025-07-28T15:59:31.513+0000] {logging_mixin.py:190} INFO - [2025-07-28T15:59:31.513+0000] {dag.py:4156} INFO - Setting next_dagrun for example_python_operator to None, run_after=None
[2025-07-28T15:59:31.523+0000] {processor.py:208} INFO - Processing /home/airflow/.local/lib/python3.12/site-packages/airflow/example_dags/example_python_operator.py took 0.044 seconds
[2025-07-28T16:00:01.931+0000] {processor.py:186} INFO - Started process (PID=2142) to work on /home/airflow/.local/lib/python3.12/site-packages/airflow/example_dags/example_python_operator.py
[2025-07-28T16:00:01.938+0000] {processor.py:914} INFO - Processing file /home/airflow/.local/lib/python3.12/site-packages/airflow/example_dags/example_python_operator.py for tasks to queue
[2025-07-28T16:00:01.940+0000] {logging_mixin.py:190} INFO - [2025-07-28T16:00:01.940+0000] {dagbag.py:587} INFO - Filling up the DagBag from /home/airflow/.local/lib/python3.12/site-packages/airflow/example_dags/example_python_operator.py
[2025-07-28T16:00:01.952+0000] {processor.py:925} INFO - DAG(s) 'example_python_operator' retrieved from /home/airflow/.local/lib/python3.12/site-packages/airflow/example_dags/example_python_operator.py
[2025-07-28T16:00:01.971+0000] {logging_mixin.py:190} INFO - [2025-07-28T16:00:01.971+0000] {dag.py:3229} INFO - Sync 1 DAGs
[2025-07-28T16:00:01.981+0000] {logging_mixin.py:190} INFO - [2025-07-28T16:00:01.981+0000] {dag.py:4156} INFO - Setting next_dagrun for example_python_operator to None, run_after=None
[2025-07-28T16:00:01.993+0000] {processor.py:208} INFO - Processing /home/airflow/.local/lib/python3.12/site-packages/airflow/example_dags/example_python_operator.py took 0.067 seconds
[2025-07-28T16:00:32.841+0000] {processor.py:186} INFO - Started process (PID=2205) to work on /home/airflow/.local/lib/python3.12/site-packages/airflow/example_dags/example_python_operator.py
[2025-07-28T16:00:32.842+0000] {processor.py:914} INFO - Processing file /home/airflow/.local/lib/python3.12/site-packages/airflow/example_dags/example_python_operator.py for tasks to queue
[2025-07-28T16:00:32.846+0000] {logging_mixin.py:190} INFO - [2025-07-28T16:00:32.846+0000] {dagbag.py:587} INFO - Filling up the DagBag from /home/airflow/.local/lib/python3.12/site-packages/airflow/example_dags/example_python_operator.py
[2025-07-28T16:00:32.862+0000] {processor.py:925} INFO - DAG(s) 'example_python_operator' retrieved from /home/airflow/.local/lib/python3.12/site-packages/airflow/example_dags/example_python_operator.py
[2025-07-28T16:00:32.915+0000] {logging_mixin.py:190} INFO - [2025-07-28T16:00:32.914+0000] {dag.py:3229} INFO - Sync 1 DAGs
[2025-07-28T16:00:32.924+0000] {logging_mixin.py:190} INFO - [2025-07-28T16:00:32.924+0000] {dag.py:4156} INFO - Setting next_dagrun for example_python_operator to None, run_after=None
[2025-07-28T16:00:32.934+0000] {processor.py:208} INFO - Processing /home/airflow/.local/lib/python3.12/site-packages/airflow/example_dags/example_python_operator.py took 0.107 seconds
[2025-07-28T16:01:03.647+0000] {processor.py:186} INFO - Started process (PID=2268) to work on /home/airflow/.local/lib/python3.12/site-packages/airflow/example_dags/example_python_operator.py
[2025-07-28T16:01:03.649+0000] {processor.py:914} INFO - Processing file /home/airflow/.local/lib/python3.12/site-packages/airflow/example_dags/example_python_operator.py for tasks to queue
[2025-07-28T16:01:03.654+0000] {logging_mixin.py:190} INFO - [2025-07-28T16:01:03.653+0000] {dagbag.py:587} INFO - Filling up the DagBag from /home/airflow/.local/lib/python3.12/site-packages/airflow/example_dags/example_python_operator.py
[2025-07-28T16:01:03.672+0000] {processor.py:925} INFO - DAG(s) 'example_python_operator' retrieved from /home/airflow/.local/lib/python3.12/site-packages/airflow/example_dags/example_python_operator.py
[2025-07-28T16:01:03.699+0000] {logging_mixin.py:190} INFO - [2025-07-28T16:01:03.698+0000] {dag.py:3229} INFO - Sync 1 DAGs
[2025-07-28T16:01:03.706+0000] {logging_mixin.py:190} INFO - [2025-07-28T16:01:03.706+0000] {dag.py:4156} INFO - Setting next_dagrun for example_python_operator to None, run_after=None
[2025-07-28T16:01:03.716+0000] {processor.py:208} INFO - Processing /home/airflow/.local/lib/python3.12/site-packages/airflow/example_dags/example_python_operator.py took 0.077 seconds
