[2025-07-28T15:42:53.704+0000] {processor.py:186} INFO - Started process (PID=94) to work on /home/airflow/.local/lib/python3.12/site-packages/airflow/example_dags/example_outlet_event_extra.py
[2025-07-28T15:42:53.705+0000] {processor.py:914} INFO - Processing file /home/airflow/.local/lib/python3.12/site-packages/airflow/example_dags/example_outlet_event_extra.py for tasks to queue
[2025-07-28T15:42:53.706+0000] {logging_mixin.py:190} INFO - [2025-07-28T15:42:53.706+0000] {dagbag.py:587} INFO - Filling up the DagBag from /home/airflow/.local/lib/python3.12/site-packages/airflow/example_dags/example_outlet_event_extra.py
[2025-07-28T15:42:53.817+0000] {processor.py:925} INFO - DAG(s) 'dataset_with_extra_by_context', 'dataset_with_extra_by_yield', 'dataset_with_extra_from_classic_operator' retrieved from /home/airflow/.local/lib/python3.12/site-packages/airflow/example_dags/example_outlet_event_extra.py
[2025-07-28T15:42:53.889+0000] {logging_mixin.py:190} INFO - [2025-07-28T15:42:53.889+0000] {override.py:1900} INFO - Created Permission View: can edit on DAG:dataset_with_extra_by_context
[2025-07-28T15:42:53.894+0000] {logging_mixin.py:190} INFO - [2025-07-28T15:42:53.894+0000] {override.py:1900} INFO - Created Permission View: can read on DAG:dataset_with_extra_by_context
[2025-07-28T15:42:53.896+0000] {logging_mixin.py:190} INFO - [2025-07-28T15:42:53.896+0000] {override.py:1900} INFO - Created Permission View: can delete on DAG:dataset_with_extra_by_context
[2025-07-28T15:42:53.898+0000] {logging_mixin.py:190} INFO - [2025-07-28T15:42:53.898+0000] {override.py:1900} INFO - Created Permission View: can read on DAG Run:dataset_with_extra_by_context
[2025-07-28T15:42:53.901+0000] {logging_mixin.py:190} INFO - [2025-07-28T15:42:53.901+0000] {override.py:1900} INFO - Created Permission View: can delete on DAG Run:dataset_with_extra_by_context
[2025-07-28T15:42:53.903+0000] {logging_mixin.py:190} INFO - [2025-07-28T15:42:53.903+0000] {override.py:1900} INFO - Created Permission View: can create on DAG Run:dataset_with_extra_by_context
[2025-07-28T15:42:53.905+0000] {logging_mixin.py:190} INFO - [2025-07-28T15:42:53.905+0000] {override.py:1900} INFO - Created Permission View: menu access on DAG Run:dataset_with_extra_by_context
[2025-07-28T15:42:53.912+0000] {logging_mixin.py:190} INFO - [2025-07-28T15:42:53.911+0000] {override.py:1900} INFO - Created Permission View: can edit on DAG:dataset_with_extra_by_yield
[2025-07-28T15:42:53.914+0000] {logging_mixin.py:190} INFO - [2025-07-28T15:42:53.914+0000] {override.py:1900} INFO - Created Permission View: can read on DAG:dataset_with_extra_by_yield
[2025-07-28T15:42:53.917+0000] {logging_mixin.py:190} INFO - [2025-07-28T15:42:53.917+0000] {override.py:1900} INFO - Created Permission View: can delete on DAG:dataset_with_extra_by_yield
[2025-07-28T15:42:53.920+0000] {logging_mixin.py:190} INFO - [2025-07-28T15:42:53.920+0000] {override.py:1900} INFO - Created Permission View: can read on DAG Run:dataset_with_extra_by_yield
[2025-07-28T15:42:53.923+0000] {logging_mixin.py:190} INFO - [2025-07-28T15:42:53.923+0000] {override.py:1900} INFO - Created Permission View: can delete on DAG Run:dataset_with_extra_by_yield
[2025-07-28T15:42:53.926+0000] {logging_mixin.py:190} INFO - [2025-07-28T15:42:53.926+0000] {override.py:1900} INFO - Created Permission View: can create on DAG Run:dataset_with_extra_by_yield
[2025-07-28T15:42:53.929+0000] {logging_mixin.py:190} INFO - [2025-07-28T15:42:53.928+0000] {override.py:1900} INFO - Created Permission View: menu access on DAG Run:dataset_with_extra_by_yield
[2025-07-28T15:42:53.937+0000] {logging_mixin.py:190} INFO - [2025-07-28T15:42:53.937+0000] {override.py:1900} INFO - Created Permission View: can edit on DAG:dataset_with_extra_from_classic_operator
[2025-07-28T15:42:53.940+0000] {logging_mixin.py:190} INFO - [2025-07-28T15:42:53.940+0000] {override.py:1900} INFO - Created Permission View: can read on DAG:dataset_with_extra_from_classic_operator
[2025-07-28T15:42:53.943+0000] {logging_mixin.py:190} INFO - [2025-07-28T15:42:53.943+0000] {override.py:1900} INFO - Created Permission View: can delete on DAG:dataset_with_extra_from_classic_operator
[2025-07-28T15:42:53.946+0000] {logging_mixin.py:190} INFO - [2025-07-28T15:42:53.945+0000] {override.py:1900} INFO - Created Permission View: can read on DAG Run:dataset_with_extra_from_classic_operator
[2025-07-28T15:42:53.949+0000] {logging_mixin.py:190} INFO - [2025-07-28T15:42:53.949+0000] {override.py:1900} INFO - Created Permission View: can delete on DAG Run:dataset_with_extra_from_classic_operator
[2025-07-28T15:42:53.951+0000] {logging_mixin.py:190} INFO - [2025-07-28T15:42:53.951+0000] {override.py:1900} INFO - Created Permission View: can create on DAG Run:dataset_with_extra_from_classic_operator
[2025-07-28T15:42:53.954+0000] {logging_mixin.py:190} INFO - [2025-07-28T15:42:53.953+0000] {override.py:1900} INFO - Created Permission View: menu access on DAG Run:dataset_with_extra_from_classic_operator
[2025-07-28T15:42:53.954+0000] {logging_mixin.py:190} INFO - [2025-07-28T15:42:53.954+0000] {dag.py:3229} INFO - Sync 3 DAGs
[2025-07-28T15:42:53.960+0000] {logging_mixin.py:190} INFO - [2025-07-28T15:42:53.960+0000] {dag.py:3252} INFO - Creating ORM DAG for dataset_with_extra_by_yield
[2025-07-28T15:42:53.960+0000] {logging_mixin.py:190} INFO - [2025-07-28T15:42:53.960+0000] {dag.py:3252} INFO - Creating ORM DAG for dataset_with_extra_by_context
[2025-07-28T15:42:53.961+0000] {logging_mixin.py:190} INFO - [2025-07-28T15:42:53.961+0000] {dag.py:3252} INFO - Creating ORM DAG for dataset_with_extra_from_classic_operator
[2025-07-28T15:42:53.967+0000] {logging_mixin.py:190} INFO - [2025-07-28T15:42:53.967+0000] {dag.py:4156} INFO - Setting next_dagrun for dataset_with_extra_by_context to 2025-07-27 00:00:00+00:00, run_after=2025-07-28 00:00:00+00:00
[2025-07-28T15:42:53.968+0000] {logging_mixin.py:190} INFO - [2025-07-28T15:42:53.968+0000] {dag.py:4156} INFO - Setting next_dagrun for dataset_with_extra_by_yield to 2025-07-27 00:00:00+00:00, run_after=2025-07-28 00:00:00+00:00
[2025-07-28T15:42:53.968+0000] {logging_mixin.py:190} INFO - [2025-07-28T15:42:53.968+0000] {dag.py:4156} INFO - Setting next_dagrun for dataset_with_extra_from_classic_operator to 2025-07-27 00:00:00+00:00, run_after=2025-07-28 00:00:00+00:00
[2025-07-28T15:42:53.984+0000] {processor.py:208} INFO - Processing /home/airflow/.local/lib/python3.12/site-packages/airflow/example_dags/example_outlet_event_extra.py took 0.283 seconds
[2025-07-28T15:43:24.221+0000] {processor.py:186} INFO - Started process (PID=156) to work on /home/airflow/.local/lib/python3.12/site-packages/airflow/example_dags/example_outlet_event_extra.py
[2025-07-28T15:43:24.222+0000] {processor.py:914} INFO - Processing file /home/airflow/.local/lib/python3.12/site-packages/airflow/example_dags/example_outlet_event_extra.py for tasks to queue
[2025-07-28T15:43:24.224+0000] {logging_mixin.py:190} INFO - [2025-07-28T15:43:24.224+0000] {dagbag.py:587} INFO - Filling up the DagBag from /home/airflow/.local/lib/python3.12/site-packages/airflow/example_dags/example_outlet_event_extra.py
[2025-07-28T15:43:24.329+0000] {processor.py:925} INFO - DAG(s) 'dataset_with_extra_by_context', 'dataset_with_extra_by_yield', 'dataset_with_extra_from_classic_operator' retrieved from /home/airflow/.local/lib/python3.12/site-packages/airflow/example_dags/example_outlet_event_extra.py
[2025-07-28T15:43:24.343+0000] {logging_mixin.py:190} INFO - [2025-07-28T15:43:24.343+0000] {dag.py:3229} INFO - Sync 3 DAGs
[2025-07-28T15:43:24.354+0000] {logging_mixin.py:190} INFO - [2025-07-28T15:43:24.354+0000] {dag.py:4156} INFO - Setting next_dagrun for dataset_with_extra_by_context to 2025-07-27 00:00:00+00:00, run_after=2025-07-28 00:00:00+00:00
[2025-07-28T15:43:24.356+0000] {logging_mixin.py:190} INFO - [2025-07-28T15:43:24.356+0000] {dag.py:4156} INFO - Setting next_dagrun for dataset_with_extra_by_yield to 2025-07-27 00:00:00+00:00, run_after=2025-07-28 00:00:00+00:00
[2025-07-28T15:43:24.357+0000] {logging_mixin.py:190} INFO - [2025-07-28T15:43:24.357+0000] {dag.py:4156} INFO - Setting next_dagrun for dataset_with_extra_from_classic_operator to 2025-07-27 00:00:00+00:00, run_after=2025-07-28 00:00:00+00:00
[2025-07-28T15:43:24.366+0000] {processor.py:208} INFO - Processing /home/airflow/.local/lib/python3.12/site-packages/airflow/example_dags/example_outlet_event_extra.py took 0.148 seconds
[2025-07-28T15:43:55.007+0000] {processor.py:186} INFO - Started process (PID=218) to work on /home/airflow/.local/lib/python3.12/site-packages/airflow/example_dags/example_outlet_event_extra.py
[2025-07-28T15:43:55.008+0000] {processor.py:914} INFO - Processing file /home/airflow/.local/lib/python3.12/site-packages/airflow/example_dags/example_outlet_event_extra.py for tasks to queue
[2025-07-28T15:43:55.010+0000] {logging_mixin.py:190} INFO - [2025-07-28T15:43:55.009+0000] {dagbag.py:587} INFO - Filling up the DagBag from /home/airflow/.local/lib/python3.12/site-packages/airflow/example_dags/example_outlet_event_extra.py
[2025-07-28T15:43:55.104+0000] {processor.py:925} INFO - DAG(s) 'dataset_with_extra_by_context', 'dataset_with_extra_by_yield', 'dataset_with_extra_from_classic_operator' retrieved from /home/airflow/.local/lib/python3.12/site-packages/airflow/example_dags/example_outlet_event_extra.py
[2025-07-28T15:43:55.122+0000] {logging_mixin.py:190} INFO - [2025-07-28T15:43:55.122+0000] {dag.py:3229} INFO - Sync 3 DAGs
[2025-07-28T15:43:55.139+0000] {logging_mixin.py:190} INFO - [2025-07-28T15:43:55.139+0000] {dag.py:4156} INFO - Setting next_dagrun for dataset_with_extra_by_context to 2025-07-27 00:00:00+00:00, run_after=2025-07-28 00:00:00+00:00
[2025-07-28T15:43:55.141+0000] {logging_mixin.py:190} INFO - [2025-07-28T15:43:55.141+0000] {dag.py:4156} INFO - Setting next_dagrun for dataset_with_extra_by_yield to 2025-07-27 00:00:00+00:00, run_after=2025-07-28 00:00:00+00:00
[2025-07-28T15:43:55.142+0000] {logging_mixin.py:190} INFO - [2025-07-28T15:43:55.142+0000] {dag.py:4156} INFO - Setting next_dagrun for dataset_with_extra_from_classic_operator to 2025-07-27 00:00:00+00:00, run_after=2025-07-28 00:00:00+00:00
[2025-07-28T15:43:55.157+0000] {processor.py:208} INFO - Processing /home/airflow/.local/lib/python3.12/site-packages/airflow/example_dags/example_outlet_event_extra.py took 0.153 seconds
[2025-07-28T15:44:25.557+0000] {processor.py:186} INFO - Started process (PID=281) to work on /home/airflow/.local/lib/python3.12/site-packages/airflow/example_dags/example_outlet_event_extra.py
[2025-07-28T15:44:25.561+0000] {processor.py:914} INFO - Processing file /home/airflow/.local/lib/python3.12/site-packages/airflow/example_dags/example_outlet_event_extra.py for tasks to queue
[2025-07-28T15:44:25.562+0000] {logging_mixin.py:190} INFO - [2025-07-28T15:44:25.562+0000] {dagbag.py:587} INFO - Filling up the DagBag from /home/airflow/.local/lib/python3.12/site-packages/airflow/example_dags/example_outlet_event_extra.py
[2025-07-28T15:44:25.664+0000] {processor.py:925} INFO - DAG(s) 'dataset_with_extra_from_classic_operator', 'dataset_with_extra_by_yield', 'dataset_with_extra_by_context' retrieved from /home/airflow/.local/lib/python3.12/site-packages/airflow/example_dags/example_outlet_event_extra.py
[2025-07-28T15:44:25.679+0000] {logging_mixin.py:190} INFO - [2025-07-28T15:44:25.678+0000] {dag.py:3229} INFO - Sync 3 DAGs
[2025-07-28T15:44:25.695+0000] {logging_mixin.py:190} INFO - [2025-07-28T15:44:25.695+0000] {dag.py:4156} INFO - Setting next_dagrun for dataset_with_extra_by_context to 2025-07-27 00:00:00+00:00, run_after=2025-07-28 00:00:00+00:00
[2025-07-28T15:44:25.698+0000] {logging_mixin.py:190} INFO - [2025-07-28T15:44:25.698+0000] {dag.py:4156} INFO - Setting next_dagrun for dataset_with_extra_by_yield to 2025-07-27 00:00:00+00:00, run_after=2025-07-28 00:00:00+00:00
[2025-07-28T15:44:25.699+0000] {logging_mixin.py:190} INFO - [2025-07-28T15:44:25.699+0000] {dag.py:4156} INFO - Setting next_dagrun for dataset_with_extra_from_classic_operator to 2025-07-27 00:00:00+00:00, run_after=2025-07-28 00:00:00+00:00
[2025-07-28T15:44:25.708+0000] {processor.py:208} INFO - Processing /home/airflow/.local/lib/python3.12/site-packages/airflow/example_dags/example_outlet_event_extra.py took 0.154 seconds
[2025-07-28T15:44:56.087+0000] {processor.py:186} INFO - Started process (PID=343) to work on /home/airflow/.local/lib/python3.12/site-packages/airflow/example_dags/example_outlet_event_extra.py
[2025-07-28T15:44:56.088+0000] {processor.py:914} INFO - Processing file /home/airflow/.local/lib/python3.12/site-packages/airflow/example_dags/example_outlet_event_extra.py for tasks to queue
[2025-07-28T15:44:56.089+0000] {logging_mixin.py:190} INFO - [2025-07-28T15:44:56.089+0000] {dagbag.py:587} INFO - Filling up the DagBag from /home/airflow/.local/lib/python3.12/site-packages/airflow/example_dags/example_outlet_event_extra.py
[2025-07-28T15:44:56.183+0000] {processor.py:925} INFO - DAG(s) 'dataset_with_extra_by_context', 'dataset_with_extra_by_yield', 'dataset_with_extra_from_classic_operator' retrieved from /home/airflow/.local/lib/python3.12/site-packages/airflow/example_dags/example_outlet_event_extra.py
[2025-07-28T15:44:56.195+0000] {logging_mixin.py:190} INFO - [2025-07-28T15:44:56.194+0000] {dag.py:3229} INFO - Sync 3 DAGs
[2025-07-28T15:44:56.205+0000] {logging_mixin.py:190} INFO - [2025-07-28T15:44:56.205+0000] {dag.py:4156} INFO - Setting next_dagrun for dataset_with_extra_by_context to 2025-07-27 00:00:00+00:00, run_after=2025-07-28 00:00:00+00:00
[2025-07-28T15:44:56.207+0000] {logging_mixin.py:190} INFO - [2025-07-28T15:44:56.207+0000] {dag.py:4156} INFO - Setting next_dagrun for dataset_with_extra_by_yield to 2025-07-27 00:00:00+00:00, run_after=2025-07-28 00:00:00+00:00
[2025-07-28T15:44:56.208+0000] {logging_mixin.py:190} INFO - [2025-07-28T15:44:56.208+0000] {dag.py:4156} INFO - Setting next_dagrun for dataset_with_extra_from_classic_operator to 2025-07-27 00:00:00+00:00, run_after=2025-07-28 00:00:00+00:00
[2025-07-28T15:44:56.216+0000] {processor.py:208} INFO - Processing /home/airflow/.local/lib/python3.12/site-packages/airflow/example_dags/example_outlet_event_extra.py took 0.132 seconds
[2025-07-28T15:45:26.922+0000] {processor.py:186} INFO - Started process (PID=404) to work on /home/airflow/.local/lib/python3.12/site-packages/airflow/example_dags/example_outlet_event_extra.py
[2025-07-28T15:45:26.923+0000] {processor.py:914} INFO - Processing file /home/airflow/.local/lib/python3.12/site-packages/airflow/example_dags/example_outlet_event_extra.py for tasks to queue
[2025-07-28T15:45:26.928+0000] {logging_mixin.py:190} INFO - [2025-07-28T15:45:26.928+0000] {dagbag.py:587} INFO - Filling up the DagBag from /home/airflow/.local/lib/python3.12/site-packages/airflow/example_dags/example_outlet_event_extra.py
[2025-07-28T15:45:27.074+0000] {processor.py:925} INFO - DAG(s) 'dataset_with_extra_by_context', 'dataset_with_extra_by_yield', 'dataset_with_extra_from_classic_operator' retrieved from /home/airflow/.local/lib/python3.12/site-packages/airflow/example_dags/example_outlet_event_extra.py
[2025-07-28T15:45:27.098+0000] {logging_mixin.py:190} INFO - [2025-07-28T15:45:27.098+0000] {dag.py:3229} INFO - Sync 3 DAGs
[2025-07-28T15:45:27.112+0000] {logging_mixin.py:190} INFO - [2025-07-28T15:45:27.112+0000] {dag.py:4156} INFO - Setting next_dagrun for dataset_with_extra_by_context to 2025-07-27 00:00:00+00:00, run_after=2025-07-28 00:00:00+00:00
[2025-07-28T15:45:27.114+0000] {logging_mixin.py:190} INFO - [2025-07-28T15:45:27.114+0000] {dag.py:4156} INFO - Setting next_dagrun for dataset_with_extra_by_yield to 2025-07-27 00:00:00+00:00, run_after=2025-07-28 00:00:00+00:00
[2025-07-28T15:45:27.115+0000] {logging_mixin.py:190} INFO - [2025-07-28T15:45:27.115+0000] {dag.py:4156} INFO - Setting next_dagrun for dataset_with_extra_from_classic_operator to 2025-07-27 00:00:00+00:00, run_after=2025-07-28 00:00:00+00:00
[2025-07-28T15:45:27.131+0000] {processor.py:208} INFO - Processing /home/airflow/.local/lib/python3.12/site-packages/airflow/example_dags/example_outlet_event_extra.py took 0.213 seconds
[2025-07-28T15:45:57.800+0000] {processor.py:186} INFO - Started process (PID=466) to work on /home/airflow/.local/lib/python3.12/site-packages/airflow/example_dags/example_outlet_event_extra.py
[2025-07-28T15:45:57.801+0000] {processor.py:914} INFO - Processing file /home/airflow/.local/lib/python3.12/site-packages/airflow/example_dags/example_outlet_event_extra.py for tasks to queue
[2025-07-28T15:45:57.803+0000] {logging_mixin.py:190} INFO - [2025-07-28T15:45:57.803+0000] {dagbag.py:587} INFO - Filling up the DagBag from /home/airflow/.local/lib/python3.12/site-packages/airflow/example_dags/example_outlet_event_extra.py
[2025-07-28T15:45:57.893+0000] {processor.py:925} INFO - DAG(s) 'dataset_with_extra_by_context', 'dataset_with_extra_from_classic_operator', 'dataset_with_extra_by_yield' retrieved from /home/airflow/.local/lib/python3.12/site-packages/airflow/example_dags/example_outlet_event_extra.py
[2025-07-28T15:45:57.908+0000] {logging_mixin.py:190} INFO - [2025-07-28T15:45:57.907+0000] {dag.py:3229} INFO - Sync 3 DAGs
[2025-07-28T15:45:57.919+0000] {logging_mixin.py:190} INFO - [2025-07-28T15:45:57.919+0000] {dag.py:4156} INFO - Setting next_dagrun for dataset_with_extra_by_context to 2025-07-27 00:00:00+00:00, run_after=2025-07-28 00:00:00+00:00
[2025-07-28T15:45:57.921+0000] {logging_mixin.py:190} INFO - [2025-07-28T15:45:57.921+0000] {dag.py:4156} INFO - Setting next_dagrun for dataset_with_extra_by_yield to 2025-07-27 00:00:00+00:00, run_after=2025-07-28 00:00:00+00:00
[2025-07-28T15:45:57.922+0000] {logging_mixin.py:190} INFO - [2025-07-28T15:45:57.922+0000] {dag.py:4156} INFO - Setting next_dagrun for dataset_with_extra_from_classic_operator to 2025-07-27 00:00:00+00:00, run_after=2025-07-28 00:00:00+00:00
[2025-07-28T15:45:57.932+0000] {processor.py:208} INFO - Processing /home/airflow/.local/lib/python3.12/site-packages/airflow/example_dags/example_outlet_event_extra.py took 0.135 seconds
[2025-07-28T15:46:28.299+0000] {processor.py:186} INFO - Started process (PID=528) to work on /home/airflow/.local/lib/python3.12/site-packages/airflow/example_dags/example_outlet_event_extra.py
[2025-07-28T15:46:28.300+0000] {processor.py:914} INFO - Processing file /home/airflow/.local/lib/python3.12/site-packages/airflow/example_dags/example_outlet_event_extra.py for tasks to queue
[2025-07-28T15:46:28.302+0000] {logging_mixin.py:190} INFO - [2025-07-28T15:46:28.301+0000] {dagbag.py:587} INFO - Filling up the DagBag from /home/airflow/.local/lib/python3.12/site-packages/airflow/example_dags/example_outlet_event_extra.py
[2025-07-28T15:46:28.395+0000] {processor.py:925} INFO - DAG(s) 'dataset_with_extra_by_yield', 'dataset_with_extra_by_context', 'dataset_with_extra_from_classic_operator' retrieved from /home/airflow/.local/lib/python3.12/site-packages/airflow/example_dags/example_outlet_event_extra.py
[2025-07-28T15:46:28.412+0000] {logging_mixin.py:190} INFO - [2025-07-28T15:46:28.412+0000] {dag.py:3229} INFO - Sync 3 DAGs
[2025-07-28T15:46:28.424+0000] {logging_mixin.py:190} INFO - [2025-07-28T15:46:28.424+0000] {dag.py:4156} INFO - Setting next_dagrun for dataset_with_extra_by_context to 2025-07-27 00:00:00+00:00, run_after=2025-07-28 00:00:00+00:00
[2025-07-28T15:46:28.426+0000] {logging_mixin.py:190} INFO - [2025-07-28T15:46:28.426+0000] {dag.py:4156} INFO - Setting next_dagrun for dataset_with_extra_by_yield to 2025-07-27 00:00:00+00:00, run_after=2025-07-28 00:00:00+00:00
[2025-07-28T15:46:28.427+0000] {logging_mixin.py:190} INFO - [2025-07-28T15:46:28.427+0000] {dag.py:4156} INFO - Setting next_dagrun for dataset_with_extra_from_classic_operator to 2025-07-27 00:00:00+00:00, run_after=2025-07-28 00:00:00+00:00
[2025-07-28T15:46:28.435+0000] {processor.py:208} INFO - Processing /home/airflow/.local/lib/python3.12/site-packages/airflow/example_dags/example_outlet_event_extra.py took 0.139 seconds
[2025-07-28T15:46:58.795+0000] {processor.py:186} INFO - Started process (PID=590) to work on /home/airflow/.local/lib/python3.12/site-packages/airflow/example_dags/example_outlet_event_extra.py
[2025-07-28T15:46:58.798+0000] {processor.py:914} INFO - Processing file /home/airflow/.local/lib/python3.12/site-packages/airflow/example_dags/example_outlet_event_extra.py for tasks to queue
[2025-07-28T15:46:58.801+0000] {logging_mixin.py:190} INFO - [2025-07-28T15:46:58.801+0000] {dagbag.py:587} INFO - Filling up the DagBag from /home/airflow/.local/lib/python3.12/site-packages/airflow/example_dags/example_outlet_event_extra.py
[2025-07-28T15:46:58.899+0000] {processor.py:925} INFO - DAG(s) 'dataset_with_extra_by_context', 'dataset_with_extra_from_classic_operator', 'dataset_with_extra_by_yield' retrieved from /home/airflow/.local/lib/python3.12/site-packages/airflow/example_dags/example_outlet_event_extra.py
[2025-07-28T15:46:58.925+0000] {logging_mixin.py:190} INFO - [2025-07-28T15:46:58.925+0000] {dag.py:3229} INFO - Sync 3 DAGs
[2025-07-28T15:46:58.942+0000] {logging_mixin.py:190} INFO - [2025-07-28T15:46:58.942+0000] {dag.py:4156} INFO - Setting next_dagrun for dataset_with_extra_by_context to 2025-07-27 00:00:00+00:00, run_after=2025-07-28 00:00:00+00:00
[2025-07-28T15:46:58.945+0000] {logging_mixin.py:190} INFO - [2025-07-28T15:46:58.945+0000] {dag.py:4156} INFO - Setting next_dagrun for dataset_with_extra_by_yield to 2025-07-27 00:00:00+00:00, run_after=2025-07-28 00:00:00+00:00
[2025-07-28T15:46:58.946+0000] {logging_mixin.py:190} INFO - [2025-07-28T15:46:58.946+0000] {dag.py:4156} INFO - Setting next_dagrun for dataset_with_extra_from_classic_operator to 2025-07-27 00:00:00+00:00, run_after=2025-07-28 00:00:00+00:00
[2025-07-28T15:46:58.957+0000] {processor.py:208} INFO - Processing /home/airflow/.local/lib/python3.12/site-packages/airflow/example_dags/example_outlet_event_extra.py took 0.165 seconds
[2025-07-28T15:47:30.463+0000] {processor.py:186} INFO - Started process (PID=652) to work on /home/airflow/.local/lib/python3.12/site-packages/airflow/example_dags/example_outlet_event_extra.py
[2025-07-28T15:47:30.464+0000] {processor.py:914} INFO - Processing file /home/airflow/.local/lib/python3.12/site-packages/airflow/example_dags/example_outlet_event_extra.py for tasks to queue
[2025-07-28T15:47:30.467+0000] {logging_mixin.py:190} INFO - [2025-07-28T15:47:30.466+0000] {dagbag.py:587} INFO - Filling up the DagBag from /home/airflow/.local/lib/python3.12/site-packages/airflow/example_dags/example_outlet_event_extra.py
[2025-07-28T15:47:30.626+0000] {processor.py:925} INFO - DAG(s) 'dataset_with_extra_by_context', 'dataset_with_extra_by_yield', 'dataset_with_extra_from_classic_operator' retrieved from /home/airflow/.local/lib/python3.12/site-packages/airflow/example_dags/example_outlet_event_extra.py
[2025-07-28T15:47:30.642+0000] {logging_mixin.py:190} INFO - [2025-07-28T15:47:30.642+0000] {dag.py:3229} INFO - Sync 3 DAGs
[2025-07-28T15:47:30.656+0000] {logging_mixin.py:190} INFO - [2025-07-28T15:47:30.656+0000] {dag.py:4156} INFO - Setting next_dagrun for dataset_with_extra_by_context to 2025-07-27 00:00:00+00:00, run_after=2025-07-28 00:00:00+00:00
[2025-07-28T15:47:30.659+0000] {logging_mixin.py:190} INFO - [2025-07-28T15:47:30.659+0000] {dag.py:4156} INFO - Setting next_dagrun for dataset_with_extra_by_yield to 2025-07-27 00:00:00+00:00, run_after=2025-07-28 00:00:00+00:00
[2025-07-28T15:47:30.661+0000] {logging_mixin.py:190} INFO - [2025-07-28T15:47:30.660+0000] {dag.py:4156} INFO - Setting next_dagrun for dataset_with_extra_from_classic_operator to 2025-07-27 00:00:00+00:00, run_after=2025-07-28 00:00:00+00:00
[2025-07-28T15:47:30.676+0000] {processor.py:208} INFO - Processing /home/airflow/.local/lib/python3.12/site-packages/airflow/example_dags/example_outlet_event_extra.py took 0.218 seconds
[2025-07-28T15:48:00.793+0000] {processor.py:186} INFO - Started process (PID=714) to work on /home/airflow/.local/lib/python3.12/site-packages/airflow/example_dags/example_outlet_event_extra.py
[2025-07-28T15:48:00.794+0000] {processor.py:914} INFO - Processing file /home/airflow/.local/lib/python3.12/site-packages/airflow/example_dags/example_outlet_event_extra.py for tasks to queue
[2025-07-28T15:48:00.795+0000] {logging_mixin.py:190} INFO - [2025-07-28T15:48:00.795+0000] {dagbag.py:587} INFO - Filling up the DagBag from /home/airflow/.local/lib/python3.12/site-packages/airflow/example_dags/example_outlet_event_extra.py
[2025-07-28T15:48:00.923+0000] {processor.py:925} INFO - DAG(s) 'dataset_with_extra_from_classic_operator', 'dataset_with_extra_by_yield', 'dataset_with_extra_by_context' retrieved from /home/airflow/.local/lib/python3.12/site-packages/airflow/example_dags/example_outlet_event_extra.py
[2025-07-28T15:48:00.953+0000] {logging_mixin.py:190} INFO - [2025-07-28T15:48:00.953+0000] {dag.py:3229} INFO - Sync 3 DAGs
[2025-07-28T15:48:00.979+0000] {logging_mixin.py:190} INFO - [2025-07-28T15:48:00.979+0000] {dag.py:4156} INFO - Setting next_dagrun for dataset_with_extra_by_context to 2025-07-27 00:00:00+00:00, run_after=2025-07-28 00:00:00+00:00
[2025-07-28T15:48:00.982+0000] {logging_mixin.py:190} INFO - [2025-07-28T15:48:00.981+0000] {dag.py:4156} INFO - Setting next_dagrun for dataset_with_extra_by_yield to 2025-07-27 00:00:00+00:00, run_after=2025-07-28 00:00:00+00:00
[2025-07-28T15:48:00.983+0000] {logging_mixin.py:190} INFO - [2025-07-28T15:48:00.983+0000] {dag.py:4156} INFO - Setting next_dagrun for dataset_with_extra_from_classic_operator to 2025-07-27 00:00:00+00:00, run_after=2025-07-28 00:00:00+00:00
[2025-07-28T15:48:00.997+0000] {processor.py:208} INFO - Processing /home/airflow/.local/lib/python3.12/site-packages/airflow/example_dags/example_outlet_event_extra.py took 0.208 seconds
[2025-07-28T15:48:31.115+0000] {processor.py:186} INFO - Started process (PID=776) to work on /home/airflow/.local/lib/python3.12/site-packages/airflow/example_dags/example_outlet_event_extra.py
[2025-07-28T15:48:31.116+0000] {processor.py:914} INFO - Processing file /home/airflow/.local/lib/python3.12/site-packages/airflow/example_dags/example_outlet_event_extra.py for tasks to queue
[2025-07-28T15:48:31.118+0000] {logging_mixin.py:190} INFO - [2025-07-28T15:48:31.118+0000] {dagbag.py:587} INFO - Filling up the DagBag from /home/airflow/.local/lib/python3.12/site-packages/airflow/example_dags/example_outlet_event_extra.py
[2025-07-28T15:48:31.225+0000] {processor.py:925} INFO - DAG(s) 'dataset_with_extra_from_classic_operator', 'dataset_with_extra_by_context', 'dataset_with_extra_by_yield' retrieved from /home/airflow/.local/lib/python3.12/site-packages/airflow/example_dags/example_outlet_event_extra.py
[2025-07-28T15:48:31.246+0000] {logging_mixin.py:190} INFO - [2025-07-28T15:48:31.245+0000] {dag.py:3229} INFO - Sync 3 DAGs
[2025-07-28T15:48:31.261+0000] {logging_mixin.py:190} INFO - [2025-07-28T15:48:31.261+0000] {dag.py:4156} INFO - Setting next_dagrun for dataset_with_extra_by_context to 2025-07-27 00:00:00+00:00, run_after=2025-07-28 00:00:00+00:00
[2025-07-28T15:48:31.263+0000] {logging_mixin.py:190} INFO - [2025-07-28T15:48:31.263+0000] {dag.py:4156} INFO - Setting next_dagrun for dataset_with_extra_by_yield to 2025-07-27 00:00:00+00:00, run_after=2025-07-28 00:00:00+00:00
[2025-07-28T15:48:31.264+0000] {logging_mixin.py:190} INFO - [2025-07-28T15:48:31.264+0000] {dag.py:4156} INFO - Setting next_dagrun for dataset_with_extra_from_classic_operator to 2025-07-27 00:00:00+00:00, run_after=2025-07-28 00:00:00+00:00
[2025-07-28T15:48:31.274+0000] {processor.py:208} INFO - Processing /home/airflow/.local/lib/python3.12/site-packages/airflow/example_dags/example_outlet_event_extra.py took 0.163 seconds
[2025-07-28T15:49:01.895+0000] {processor.py:186} INFO - Started process (PID=838) to work on /home/airflow/.local/lib/python3.12/site-packages/airflow/example_dags/example_outlet_event_extra.py
[2025-07-28T15:49:01.896+0000] {processor.py:914} INFO - Processing file /home/airflow/.local/lib/python3.12/site-packages/airflow/example_dags/example_outlet_event_extra.py for tasks to queue
[2025-07-28T15:49:01.898+0000] {logging_mixin.py:190} INFO - [2025-07-28T15:49:01.898+0000] {dagbag.py:587} INFO - Filling up the DagBag from /home/airflow/.local/lib/python3.12/site-packages/airflow/example_dags/example_outlet_event_extra.py
[2025-07-28T15:49:01.977+0000] {processor.py:925} INFO - DAG(s) 'dataset_with_extra_from_classic_operator', 'dataset_with_extra_by_yield', 'dataset_with_extra_by_context' retrieved from /home/airflow/.local/lib/python3.12/site-packages/airflow/example_dags/example_outlet_event_extra.py
[2025-07-28T15:49:01.991+0000] {logging_mixin.py:190} INFO - [2025-07-28T15:49:01.991+0000] {dag.py:3229} INFO - Sync 3 DAGs
[2025-07-28T15:49:02.004+0000] {logging_mixin.py:190} INFO - [2025-07-28T15:49:02.004+0000] {dag.py:4156} INFO - Setting next_dagrun for dataset_with_extra_by_context to 2025-07-27 00:00:00+00:00, run_after=2025-07-28 00:00:00+00:00
[2025-07-28T15:49:02.007+0000] {logging_mixin.py:190} INFO - [2025-07-28T15:49:02.007+0000] {dag.py:4156} INFO - Setting next_dagrun for dataset_with_extra_by_yield to 2025-07-27 00:00:00+00:00, run_after=2025-07-28 00:00:00+00:00
[2025-07-28T15:49:02.009+0000] {logging_mixin.py:190} INFO - [2025-07-28T15:49:02.009+0000] {dag.py:4156} INFO - Setting next_dagrun for dataset_with_extra_from_classic_operator to 2025-07-27 00:00:00+00:00, run_after=2025-07-28 00:00:00+00:00
[2025-07-28T15:49:02.027+0000] {processor.py:208} INFO - Processing /home/airflow/.local/lib/python3.12/site-packages/airflow/example_dags/example_outlet_event_extra.py took 0.136 seconds
[2025-07-28T15:49:32.453+0000] {processor.py:186} INFO - Started process (PID=900) to work on /home/airflow/.local/lib/python3.12/site-packages/airflow/example_dags/example_outlet_event_extra.py
[2025-07-28T15:49:32.453+0000] {processor.py:914} INFO - Processing file /home/airflow/.local/lib/python3.12/site-packages/airflow/example_dags/example_outlet_event_extra.py for tasks to queue
[2025-07-28T15:49:32.455+0000] {logging_mixin.py:190} INFO - [2025-07-28T15:49:32.455+0000] {dagbag.py:587} INFO - Filling up the DagBag from /home/airflow/.local/lib/python3.12/site-packages/airflow/example_dags/example_outlet_event_extra.py
[2025-07-28T15:49:32.538+0000] {processor.py:925} INFO - DAG(s) 'dataset_with_extra_from_classic_operator', 'dataset_with_extra_by_context', 'dataset_with_extra_by_yield' retrieved from /home/airflow/.local/lib/python3.12/site-packages/airflow/example_dags/example_outlet_event_extra.py
[2025-07-28T15:49:32.557+0000] {logging_mixin.py:190} INFO - [2025-07-28T15:49:32.557+0000] {dag.py:3229} INFO - Sync 3 DAGs
[2025-07-28T15:49:32.574+0000] {logging_mixin.py:190} INFO - [2025-07-28T15:49:32.574+0000] {dag.py:4156} INFO - Setting next_dagrun for dataset_with_extra_by_context to 2025-07-27 00:00:00+00:00, run_after=2025-07-28 00:00:00+00:00
[2025-07-28T15:49:32.576+0000] {logging_mixin.py:190} INFO - [2025-07-28T15:49:32.576+0000] {dag.py:4156} INFO - Setting next_dagrun for dataset_with_extra_by_yield to 2025-07-27 00:00:00+00:00, run_after=2025-07-28 00:00:00+00:00
[2025-07-28T15:49:32.577+0000] {logging_mixin.py:190} INFO - [2025-07-28T15:49:32.577+0000] {dag.py:4156} INFO - Setting next_dagrun for dataset_with_extra_from_classic_operator to 2025-07-27 00:00:00+00:00, run_after=2025-07-28 00:00:00+00:00
[2025-07-28T15:49:32.589+0000] {processor.py:208} INFO - Processing /home/airflow/.local/lib/python3.12/site-packages/airflow/example_dags/example_outlet_event_extra.py took 0.139 seconds
[2025-07-28T15:50:03.479+0000] {processor.py:186} INFO - Started process (PID=962) to work on /home/airflow/.local/lib/python3.12/site-packages/airflow/example_dags/example_outlet_event_extra.py
[2025-07-28T15:50:03.480+0000] {processor.py:914} INFO - Processing file /home/airflow/.local/lib/python3.12/site-packages/airflow/example_dags/example_outlet_event_extra.py for tasks to queue
[2025-07-28T15:50:03.483+0000] {logging_mixin.py:190} INFO - [2025-07-28T15:50:03.483+0000] {dagbag.py:587} INFO - Filling up the DagBag from /home/airflow/.local/lib/python3.12/site-packages/airflow/example_dags/example_outlet_event_extra.py
[2025-07-28T15:50:03.637+0000] {processor.py:925} INFO - DAG(s) 'dataset_with_extra_by_yield', 'dataset_with_extra_by_context', 'dataset_with_extra_from_classic_operator' retrieved from /home/airflow/.local/lib/python3.12/site-packages/airflow/example_dags/example_outlet_event_extra.py
[2025-07-28T15:50:03.658+0000] {logging_mixin.py:190} INFO - [2025-07-28T15:50:03.657+0000] {dag.py:3229} INFO - Sync 3 DAGs
[2025-07-28T15:50:03.674+0000] {logging_mixin.py:190} INFO - [2025-07-28T15:50:03.674+0000] {dag.py:4156} INFO - Setting next_dagrun for dataset_with_extra_by_context to 2025-07-27 00:00:00+00:00, run_after=2025-07-28 00:00:00+00:00
[2025-07-28T15:50:03.679+0000] {logging_mixin.py:190} INFO - [2025-07-28T15:50:03.679+0000] {dag.py:4156} INFO - Setting next_dagrun for dataset_with_extra_by_yield to 2025-07-27 00:00:00+00:00, run_after=2025-07-28 00:00:00+00:00
[2025-07-28T15:50:03.682+0000] {logging_mixin.py:190} INFO - [2025-07-28T15:50:03.681+0000] {dag.py:4156} INFO - Setting next_dagrun for dataset_with_extra_from_classic_operator to 2025-07-27 00:00:00+00:00, run_after=2025-07-28 00:00:00+00:00
[2025-07-28T15:50:03.700+0000] {processor.py:208} INFO - Processing /home/airflow/.local/lib/python3.12/site-packages/airflow/example_dags/example_outlet_event_extra.py took 0.227 seconds
[2025-07-28T15:50:33.776+0000] {processor.py:186} INFO - Started process (PID=1025) to work on /home/airflow/.local/lib/python3.12/site-packages/airflow/example_dags/example_outlet_event_extra.py
[2025-07-28T15:50:33.777+0000] {processor.py:914} INFO - Processing file /home/airflow/.local/lib/python3.12/site-packages/airflow/example_dags/example_outlet_event_extra.py for tasks to queue
[2025-07-28T15:50:33.778+0000] {logging_mixin.py:190} INFO - [2025-07-28T15:50:33.778+0000] {dagbag.py:587} INFO - Filling up the DagBag from /home/airflow/.local/lib/python3.12/site-packages/airflow/example_dags/example_outlet_event_extra.py
[2025-07-28T15:50:33.873+0000] {processor.py:925} INFO - DAG(s) 'dataset_with_extra_by_context', 'dataset_with_extra_by_yield', 'dataset_with_extra_from_classic_operator' retrieved from /home/airflow/.local/lib/python3.12/site-packages/airflow/example_dags/example_outlet_event_extra.py
[2025-07-28T15:50:33.883+0000] {logging_mixin.py:190} INFO - [2025-07-28T15:50:33.883+0000] {dag.py:3229} INFO - Sync 3 DAGs
[2025-07-28T15:50:33.895+0000] {logging_mixin.py:190} INFO - [2025-07-28T15:50:33.895+0000] {dag.py:4156} INFO - Setting next_dagrun for dataset_with_extra_by_context to 2025-07-27 00:00:00+00:00, run_after=2025-07-28 00:00:00+00:00
[2025-07-28T15:50:33.897+0000] {logging_mixin.py:190} INFO - [2025-07-28T15:50:33.897+0000] {dag.py:4156} INFO - Setting next_dagrun for dataset_with_extra_by_yield to 2025-07-27 00:00:00+00:00, run_after=2025-07-28 00:00:00+00:00
[2025-07-28T15:50:33.898+0000] {logging_mixin.py:190} INFO - [2025-07-28T15:50:33.898+0000] {dag.py:4156} INFO - Setting next_dagrun for dataset_with_extra_from_classic_operator to 2025-07-27 00:00:00+00:00, run_after=2025-07-28 00:00:00+00:00
[2025-07-28T15:50:33.906+0000] {processor.py:208} INFO - Processing /home/airflow/.local/lib/python3.12/site-packages/airflow/example_dags/example_outlet_event_extra.py took 0.133 seconds
[2025-07-28T15:51:04.836+0000] {processor.py:186} INFO - Started process (PID=1086) to work on /home/airflow/.local/lib/python3.12/site-packages/airflow/example_dags/example_outlet_event_extra.py
[2025-07-28T15:51:04.840+0000] {processor.py:914} INFO - Processing file /home/airflow/.local/lib/python3.12/site-packages/airflow/example_dags/example_outlet_event_extra.py for tasks to queue
[2025-07-28T15:51:04.844+0000] {logging_mixin.py:190} INFO - [2025-07-28T15:51:04.844+0000] {dagbag.py:587} INFO - Filling up the DagBag from /home/airflow/.local/lib/python3.12/site-packages/airflow/example_dags/example_outlet_event_extra.py
[2025-07-28T15:51:04.946+0000] {processor.py:925} INFO - DAG(s) 'dataset_with_extra_by_yield', 'dataset_with_extra_by_context', 'dataset_with_extra_from_classic_operator' retrieved from /home/airflow/.local/lib/python3.12/site-packages/airflow/example_dags/example_outlet_event_extra.py
[2025-07-28T15:51:04.966+0000] {logging_mixin.py:190} INFO - [2025-07-28T15:51:04.966+0000] {dag.py:3229} INFO - Sync 3 DAGs
[2025-07-28T15:51:04.978+0000] {logging_mixin.py:190} INFO - [2025-07-28T15:51:04.978+0000] {dag.py:4156} INFO - Setting next_dagrun for dataset_with_extra_by_context to 2025-07-27 00:00:00+00:00, run_after=2025-07-28 00:00:00+00:00
[2025-07-28T15:51:04.980+0000] {logging_mixin.py:190} INFO - [2025-07-28T15:51:04.980+0000] {dag.py:4156} INFO - Setting next_dagrun for dataset_with_extra_by_yield to 2025-07-27 00:00:00+00:00, run_after=2025-07-28 00:00:00+00:00
[2025-07-28T15:51:04.981+0000] {logging_mixin.py:190} INFO - [2025-07-28T15:51:04.981+0000] {dag.py:4156} INFO - Setting next_dagrun for dataset_with_extra_from_classic_operator to 2025-07-27 00:00:00+00:00, run_after=2025-07-28 00:00:00+00:00
[2025-07-28T15:51:04.989+0000] {processor.py:208} INFO - Processing /home/airflow/.local/lib/python3.12/site-packages/airflow/example_dags/example_outlet_event_extra.py took 0.156 seconds
[2025-07-28T15:51:35.744+0000] {processor.py:186} INFO - Started process (PID=1148) to work on /home/airflow/.local/lib/python3.12/site-packages/airflow/example_dags/example_outlet_event_extra.py
[2025-07-28T15:51:35.745+0000] {processor.py:914} INFO - Processing file /home/airflow/.local/lib/python3.12/site-packages/airflow/example_dags/example_outlet_event_extra.py for tasks to queue
[2025-07-28T15:51:35.749+0000] {logging_mixin.py:190} INFO - [2025-07-28T15:51:35.749+0000] {dagbag.py:587} INFO - Filling up the DagBag from /home/airflow/.local/lib/python3.12/site-packages/airflow/example_dags/example_outlet_event_extra.py
[2025-07-28T15:51:35.860+0000] {processor.py:925} INFO - DAG(s) 'dataset_with_extra_by_yield', 'dataset_with_extra_from_classic_operator', 'dataset_with_extra_by_context' retrieved from /home/airflow/.local/lib/python3.12/site-packages/airflow/example_dags/example_outlet_event_extra.py
[2025-07-28T15:51:35.881+0000] {logging_mixin.py:190} INFO - [2025-07-28T15:51:35.881+0000] {dag.py:3229} INFO - Sync 3 DAGs
[2025-07-28T15:51:35.913+0000] {logging_mixin.py:190} INFO - [2025-07-28T15:51:35.913+0000] {dag.py:4156} INFO - Setting next_dagrun for dataset_with_extra_by_context to 2025-07-27 00:00:00+00:00, run_after=2025-07-28 00:00:00+00:00
[2025-07-28T15:51:35.917+0000] {logging_mixin.py:190} INFO - [2025-07-28T15:51:35.917+0000] {dag.py:4156} INFO - Setting next_dagrun for dataset_with_extra_by_yield to 2025-07-27 00:00:00+00:00, run_after=2025-07-28 00:00:00+00:00
[2025-07-28T15:51:35.922+0000] {logging_mixin.py:190} INFO - [2025-07-28T15:51:35.922+0000] {dag.py:4156} INFO - Setting next_dagrun for dataset_with_extra_from_classic_operator to 2025-07-27 00:00:00+00:00, run_after=2025-07-28 00:00:00+00:00
[2025-07-28T15:51:35.932+0000] {processor.py:208} INFO - Processing /home/airflow/.local/lib/python3.12/site-packages/airflow/example_dags/example_outlet_event_extra.py took 0.192 seconds
[2025-07-28T15:52:06.953+0000] {processor.py:186} INFO - Started process (PID=1210) to work on /home/airflow/.local/lib/python3.12/site-packages/airflow/example_dags/example_outlet_event_extra.py
[2025-07-28T15:52:06.955+0000] {processor.py:914} INFO - Processing file /home/airflow/.local/lib/python3.12/site-packages/airflow/example_dags/example_outlet_event_extra.py for tasks to queue
[2025-07-28T15:52:06.956+0000] {logging_mixin.py:190} INFO - [2025-07-28T15:52:06.956+0000] {dagbag.py:587} INFO - Filling up the DagBag from /home/airflow/.local/lib/python3.12/site-packages/airflow/example_dags/example_outlet_event_extra.py
[2025-07-28T15:52:07.051+0000] {processor.py:925} INFO - DAG(s) 'dataset_with_extra_by_context', 'dataset_with_extra_by_yield', 'dataset_with_extra_from_classic_operator' retrieved from /home/airflow/.local/lib/python3.12/site-packages/airflow/example_dags/example_outlet_event_extra.py
[2025-07-28T15:52:07.063+0000] {logging_mixin.py:190} INFO - [2025-07-28T15:52:07.063+0000] {dag.py:3229} INFO - Sync 3 DAGs
[2025-07-28T15:52:07.077+0000] {logging_mixin.py:190} INFO - [2025-07-28T15:52:07.077+0000] {dag.py:4156} INFO - Setting next_dagrun for dataset_with_extra_by_context to 2025-07-27 00:00:00+00:00, run_after=2025-07-28 00:00:00+00:00
[2025-07-28T15:52:07.079+0000] {logging_mixin.py:190} INFO - [2025-07-28T15:52:07.079+0000] {dag.py:4156} INFO - Setting next_dagrun for dataset_with_extra_by_yield to 2025-07-27 00:00:00+00:00, run_after=2025-07-28 00:00:00+00:00
[2025-07-28T15:52:07.080+0000] {logging_mixin.py:190} INFO - [2025-07-28T15:52:07.079+0000] {dag.py:4156} INFO - Setting next_dagrun for dataset_with_extra_from_classic_operator to 2025-07-27 00:00:00+00:00, run_after=2025-07-28 00:00:00+00:00
[2025-07-28T15:52:07.097+0000] {processor.py:208} INFO - Processing /home/airflow/.local/lib/python3.12/site-packages/airflow/example_dags/example_outlet_event_extra.py took 0.147 seconds
[2025-07-28T15:52:37.995+0000] {processor.py:186} INFO - Started process (PID=1272) to work on /home/airflow/.local/lib/python3.12/site-packages/airflow/example_dags/example_outlet_event_extra.py
[2025-07-28T15:52:37.997+0000] {processor.py:914} INFO - Processing file /home/airflow/.local/lib/python3.12/site-packages/airflow/example_dags/example_outlet_event_extra.py for tasks to queue
[2025-07-28T15:52:37.999+0000] {logging_mixin.py:190} INFO - [2025-07-28T15:52:37.999+0000] {dagbag.py:587} INFO - Filling up the DagBag from /home/airflow/.local/lib/python3.12/site-packages/airflow/example_dags/example_outlet_event_extra.py
[2025-07-28T15:52:38.112+0000] {processor.py:925} INFO - DAG(s) 'dataset_with_extra_by_yield', 'dataset_with_extra_from_classic_operator', 'dataset_with_extra_by_context' retrieved from /home/airflow/.local/lib/python3.12/site-packages/airflow/example_dags/example_outlet_event_extra.py
[2025-07-28T15:52:38.124+0000] {logging_mixin.py:190} INFO - [2025-07-28T15:52:38.124+0000] {dag.py:3229} INFO - Sync 3 DAGs
[2025-07-28T15:52:38.138+0000] {logging_mixin.py:190} INFO - [2025-07-28T15:52:38.138+0000] {dag.py:4156} INFO - Setting next_dagrun for dataset_with_extra_by_context to 2025-07-27 00:00:00+00:00, run_after=2025-07-28 00:00:00+00:00
[2025-07-28T15:52:38.140+0000] {logging_mixin.py:190} INFO - [2025-07-28T15:52:38.140+0000] {dag.py:4156} INFO - Setting next_dagrun for dataset_with_extra_by_yield to 2025-07-27 00:00:00+00:00, run_after=2025-07-28 00:00:00+00:00
[2025-07-28T15:52:38.141+0000] {logging_mixin.py:190} INFO - [2025-07-28T15:52:38.141+0000] {dag.py:4156} INFO - Setting next_dagrun for dataset_with_extra_from_classic_operator to 2025-07-27 00:00:00+00:00, run_after=2025-07-28 00:00:00+00:00
[2025-07-28T15:52:38.151+0000] {processor.py:208} INFO - Processing /home/airflow/.local/lib/python3.12/site-packages/airflow/example_dags/example_outlet_event_extra.py took 0.161 seconds
[2025-07-28T15:53:08.919+0000] {processor.py:186} INFO - Started process (PID=1334) to work on /home/airflow/.local/lib/python3.12/site-packages/airflow/example_dags/example_outlet_event_extra.py
[2025-07-28T15:53:08.920+0000] {processor.py:914} INFO - Processing file /home/airflow/.local/lib/python3.12/site-packages/airflow/example_dags/example_outlet_event_extra.py for tasks to queue
[2025-07-28T15:53:08.922+0000] {logging_mixin.py:190} INFO - [2025-07-28T15:53:08.922+0000] {dagbag.py:587} INFO - Filling up the DagBag from /home/airflow/.local/lib/python3.12/site-packages/airflow/example_dags/example_outlet_event_extra.py
[2025-07-28T15:53:09.038+0000] {processor.py:925} INFO - DAG(s) 'dataset_with_extra_from_classic_operator', 'dataset_with_extra_by_yield', 'dataset_with_extra_by_context' retrieved from /home/airflow/.local/lib/python3.12/site-packages/airflow/example_dags/example_outlet_event_extra.py
[2025-07-28T15:53:09.055+0000] {logging_mixin.py:190} INFO - [2025-07-28T15:53:09.055+0000] {dag.py:3229} INFO - Sync 3 DAGs
[2025-07-28T15:53:09.073+0000] {logging_mixin.py:190} INFO - [2025-07-28T15:53:09.073+0000] {dag.py:4156} INFO - Setting next_dagrun for dataset_with_extra_by_context to 2025-07-27 00:00:00+00:00, run_after=2025-07-28 00:00:00+00:00
[2025-07-28T15:53:09.075+0000] {logging_mixin.py:190} INFO - [2025-07-28T15:53:09.075+0000] {dag.py:4156} INFO - Setting next_dagrun for dataset_with_extra_by_yield to 2025-07-27 00:00:00+00:00, run_after=2025-07-28 00:00:00+00:00
[2025-07-28T15:53:09.076+0000] {logging_mixin.py:190} INFO - [2025-07-28T15:53:09.076+0000] {dag.py:4156} INFO - Setting next_dagrun for dataset_with_extra_from_classic_operator to 2025-07-27 00:00:00+00:00, run_after=2025-07-28 00:00:00+00:00
[2025-07-28T15:53:09.086+0000] {processor.py:208} INFO - Processing /home/airflow/.local/lib/python3.12/site-packages/airflow/example_dags/example_outlet_event_extra.py took 0.170 seconds
[2025-07-28T15:53:40.082+0000] {processor.py:186} INFO - Started process (PID=1397) to work on /home/airflow/.local/lib/python3.12/site-packages/airflow/example_dags/example_outlet_event_extra.py
[2025-07-28T15:53:40.084+0000] {processor.py:914} INFO - Processing file /home/airflow/.local/lib/python3.12/site-packages/airflow/example_dags/example_outlet_event_extra.py for tasks to queue
[2025-07-28T15:53:40.085+0000] {logging_mixin.py:190} INFO - [2025-07-28T15:53:40.085+0000] {dagbag.py:587} INFO - Filling up the DagBag from /home/airflow/.local/lib/python3.12/site-packages/airflow/example_dags/example_outlet_event_extra.py
[2025-07-28T15:53:40.545+0000] {processor.py:925} INFO - DAG(s) 'dataset_with_extra_by_context', 'dataset_with_extra_by_yield', 'dataset_with_extra_from_classic_operator' retrieved from /home/airflow/.local/lib/python3.12/site-packages/airflow/example_dags/example_outlet_event_extra.py
[2025-07-28T15:53:40.608+0000] {logging_mixin.py:190} INFO - [2025-07-28T15:53:40.607+0000] {dag.py:3229} INFO - Sync 3 DAGs
[2025-07-28T15:53:40.639+0000] {logging_mixin.py:190} INFO - [2025-07-28T15:53:40.638+0000] {dag.py:4156} INFO - Setting next_dagrun for dataset_with_extra_by_context to 2025-07-27 00:00:00+00:00, run_after=2025-07-28 00:00:00+00:00
[2025-07-28T15:53:40.641+0000] {logging_mixin.py:190} INFO - [2025-07-28T15:53:40.641+0000] {dag.py:4156} INFO - Setting next_dagrun for dataset_with_extra_by_yield to 2025-07-27 00:00:00+00:00, run_after=2025-07-28 00:00:00+00:00
[2025-07-28T15:53:40.643+0000] {logging_mixin.py:190} INFO - [2025-07-28T15:53:40.643+0000] {dag.py:4156} INFO - Setting next_dagrun for dataset_with_extra_from_classic_operator to 2025-07-27 00:00:00+00:00, run_after=2025-07-28 00:00:00+00:00
[2025-07-28T15:53:40.659+0000] {processor.py:208} INFO - Processing /home/airflow/.local/lib/python3.12/site-packages/airflow/example_dags/example_outlet_event_extra.py took 0.580 seconds
[2025-07-28T15:54:10.908+0000] {processor.py:186} INFO - Started process (PID=1461) to work on /home/airflow/.local/lib/python3.12/site-packages/airflow/example_dags/example_outlet_event_extra.py
[2025-07-28T15:54:10.909+0000] {processor.py:914} INFO - Processing file /home/airflow/.local/lib/python3.12/site-packages/airflow/example_dags/example_outlet_event_extra.py for tasks to queue
[2025-07-28T15:54:10.910+0000] {logging_mixin.py:190} INFO - [2025-07-28T15:54:10.910+0000] {dagbag.py:587} INFO - Filling up the DagBag from /home/airflow/.local/lib/python3.12/site-packages/airflow/example_dags/example_outlet_event_extra.py
[2025-07-28T15:54:11.041+0000] {processor.py:925} INFO - DAG(s) 'dataset_with_extra_by_yield', 'dataset_with_extra_from_classic_operator', 'dataset_with_extra_by_context' retrieved from /home/airflow/.local/lib/python3.12/site-packages/airflow/example_dags/example_outlet_event_extra.py
[2025-07-28T15:54:11.054+0000] {logging_mixin.py:190} INFO - [2025-07-28T15:54:11.054+0000] {dag.py:3229} INFO - Sync 3 DAGs
[2025-07-28T15:54:11.067+0000] {logging_mixin.py:190} INFO - [2025-07-28T15:54:11.067+0000] {dag.py:4156} INFO - Setting next_dagrun for dataset_with_extra_by_context to 2025-07-27 00:00:00+00:00, run_after=2025-07-28 00:00:00+00:00
[2025-07-28T15:54:11.069+0000] {logging_mixin.py:190} INFO - [2025-07-28T15:54:11.069+0000] {dag.py:4156} INFO - Setting next_dagrun for dataset_with_extra_by_yield to 2025-07-27 00:00:00+00:00, run_after=2025-07-28 00:00:00+00:00
[2025-07-28T15:54:11.070+0000] {logging_mixin.py:190} INFO - [2025-07-28T15:54:11.070+0000] {dag.py:4156} INFO - Setting next_dagrun for dataset_with_extra_from_classic_operator to 2025-07-27 00:00:00+00:00, run_after=2025-07-28 00:00:00+00:00
[2025-07-28T15:54:11.078+0000] {processor.py:208} INFO - Processing /home/airflow/.local/lib/python3.12/site-packages/airflow/example_dags/example_outlet_event_extra.py took 0.175 seconds
[2025-07-28T15:54:41.737+0000] {processor.py:186} INFO - Started process (PID=1523) to work on /home/airflow/.local/lib/python3.12/site-packages/airflow/example_dags/example_outlet_event_extra.py
[2025-07-28T15:54:41.739+0000] {processor.py:914} INFO - Processing file /home/airflow/.local/lib/python3.12/site-packages/airflow/example_dags/example_outlet_event_extra.py for tasks to queue
[2025-07-28T15:54:41.742+0000] {logging_mixin.py:190} INFO - [2025-07-28T15:54:41.741+0000] {dagbag.py:587} INFO - Filling up the DagBag from /home/airflow/.local/lib/python3.12/site-packages/airflow/example_dags/example_outlet_event_extra.py
[2025-07-28T15:54:41.859+0000] {processor.py:925} INFO - DAG(s) 'dataset_with_extra_from_classic_operator', 'dataset_with_extra_by_yield', 'dataset_with_extra_by_context' retrieved from /home/airflow/.local/lib/python3.12/site-packages/airflow/example_dags/example_outlet_event_extra.py
[2025-07-28T15:54:41.873+0000] {logging_mixin.py:190} INFO - [2025-07-28T15:54:41.873+0000] {dag.py:3229} INFO - Sync 3 DAGs
[2025-07-28T15:54:41.885+0000] {logging_mixin.py:190} INFO - [2025-07-28T15:54:41.885+0000] {dag.py:4156} INFO - Setting next_dagrun for dataset_with_extra_by_context to 2025-07-27 00:00:00+00:00, run_after=2025-07-28 00:00:00+00:00
[2025-07-28T15:54:41.887+0000] {logging_mixin.py:190} INFO - [2025-07-28T15:54:41.887+0000] {dag.py:4156} INFO - Setting next_dagrun for dataset_with_extra_by_yield to 2025-07-27 00:00:00+00:00, run_after=2025-07-28 00:00:00+00:00
[2025-07-28T15:54:41.888+0000] {logging_mixin.py:190} INFO - [2025-07-28T15:54:41.888+0000] {dag.py:4156} INFO - Setting next_dagrun for dataset_with_extra_from_classic_operator to 2025-07-27 00:00:00+00:00, run_after=2025-07-28 00:00:00+00:00
[2025-07-28T15:54:41.898+0000] {processor.py:208} INFO - Processing /home/airflow/.local/lib/python3.12/site-packages/airflow/example_dags/example_outlet_event_extra.py took 0.163 seconds
[2025-07-28T15:55:12.442+0000] {processor.py:186} INFO - Started process (PID=1586) to work on /home/airflow/.local/lib/python3.12/site-packages/airflow/example_dags/example_outlet_event_extra.py
[2025-07-28T15:55:12.442+0000] {processor.py:914} INFO - Processing file /home/airflow/.local/lib/python3.12/site-packages/airflow/example_dags/example_outlet_event_extra.py for tasks to queue
[2025-07-28T15:55:12.444+0000] {logging_mixin.py:190} INFO - [2025-07-28T15:55:12.444+0000] {dagbag.py:587} INFO - Filling up the DagBag from /home/airflow/.local/lib/python3.12/site-packages/airflow/example_dags/example_outlet_event_extra.py
[2025-07-28T15:55:12.568+0000] {processor.py:925} INFO - DAG(s) 'dataset_with_extra_by_yield', 'dataset_with_extra_from_classic_operator', 'dataset_with_extra_by_context' retrieved from /home/airflow/.local/lib/python3.12/site-packages/airflow/example_dags/example_outlet_event_extra.py
[2025-07-28T15:55:12.583+0000] {logging_mixin.py:190} INFO - [2025-07-28T15:55:12.583+0000] {dag.py:3229} INFO - Sync 3 DAGs
[2025-07-28T15:55:12.608+0000] {logging_mixin.py:190} INFO - [2025-07-28T15:55:12.608+0000] {dag.py:4156} INFO - Setting next_dagrun for dataset_with_extra_by_context to 2025-07-27 00:00:00+00:00, run_after=2025-07-28 00:00:00+00:00
[2025-07-28T15:55:12.611+0000] {logging_mixin.py:190} INFO - [2025-07-28T15:55:12.611+0000] {dag.py:4156} INFO - Setting next_dagrun for dataset_with_extra_by_yield to 2025-07-27 00:00:00+00:00, run_after=2025-07-28 00:00:00+00:00
[2025-07-28T15:55:12.616+0000] {logging_mixin.py:190} INFO - [2025-07-28T15:55:12.616+0000] {dag.py:4156} INFO - Setting next_dagrun for dataset_with_extra_from_classic_operator to 2025-07-27 00:00:00+00:00, run_after=2025-07-28 00:00:00+00:00
[2025-07-28T15:55:12.626+0000] {processor.py:208} INFO - Processing /home/airflow/.local/lib/python3.12/site-packages/airflow/example_dags/example_outlet_event_extra.py took 0.191 seconds
[2025-07-28T15:55:43.452+0000] {processor.py:186} INFO - Started process (PID=1649) to work on /home/airflow/.local/lib/python3.12/site-packages/airflow/example_dags/example_outlet_event_extra.py
[2025-07-28T15:55:43.453+0000] {processor.py:914} INFO - Processing file /home/airflow/.local/lib/python3.12/site-packages/airflow/example_dags/example_outlet_event_extra.py for tasks to queue
[2025-07-28T15:55:43.455+0000] {logging_mixin.py:190} INFO - [2025-07-28T15:55:43.454+0000] {dagbag.py:587} INFO - Filling up the DagBag from /home/airflow/.local/lib/python3.12/site-packages/airflow/example_dags/example_outlet_event_extra.py
[2025-07-28T15:55:43.582+0000] {processor.py:925} INFO - DAG(s) 'dataset_with_extra_by_context', 'dataset_with_extra_by_yield', 'dataset_with_extra_from_classic_operator' retrieved from /home/airflow/.local/lib/python3.12/site-packages/airflow/example_dags/example_outlet_event_extra.py
[2025-07-28T15:55:43.598+0000] {logging_mixin.py:190} INFO - [2025-07-28T15:55:43.598+0000] {dag.py:3229} INFO - Sync 3 DAGs
[2025-07-28T15:55:43.614+0000] {logging_mixin.py:190} INFO - [2025-07-28T15:55:43.614+0000] {dag.py:4156} INFO - Setting next_dagrun for dataset_with_extra_by_context to 2025-07-27 00:00:00+00:00, run_after=2025-07-28 00:00:00+00:00
[2025-07-28T15:55:43.616+0000] {logging_mixin.py:190} INFO - [2025-07-28T15:55:43.616+0000] {dag.py:4156} INFO - Setting next_dagrun for dataset_with_extra_by_yield to 2025-07-27 00:00:00+00:00, run_after=2025-07-28 00:00:00+00:00
[2025-07-28T15:55:43.617+0000] {logging_mixin.py:190} INFO - [2025-07-28T15:55:43.617+0000] {dag.py:4156} INFO - Setting next_dagrun for dataset_with_extra_from_classic_operator to 2025-07-27 00:00:00+00:00, run_after=2025-07-28 00:00:00+00:00
[2025-07-28T15:55:43.625+0000] {processor.py:208} INFO - Processing /home/airflow/.local/lib/python3.12/site-packages/airflow/example_dags/example_outlet_event_extra.py took 0.177 seconds
[2025-07-28T15:56:31.767+0000] {processor.py:186} INFO - Started process (PID=1719) to work on /home/airflow/.local/lib/python3.12/site-packages/airflow/example_dags/example_outlet_event_extra.py
[2025-07-28T15:56:31.768+0000] {processor.py:914} INFO - Processing file /home/airflow/.local/lib/python3.12/site-packages/airflow/example_dags/example_outlet_event_extra.py for tasks to queue
[2025-07-28T15:56:31.771+0000] {logging_mixin.py:190} INFO - [2025-07-28T15:56:31.770+0000] {dagbag.py:587} INFO - Filling up the DagBag from /home/airflow/.local/lib/python3.12/site-packages/airflow/example_dags/example_outlet_event_extra.py
[2025-07-28T15:56:32.131+0000] {processor.py:925} INFO - DAG(s) 'dataset_with_extra_from_classic_operator', 'dataset_with_extra_by_context', 'dataset_with_extra_by_yield' retrieved from /home/airflow/.local/lib/python3.12/site-packages/airflow/example_dags/example_outlet_event_extra.py
[2025-07-28T15:56:32.242+0000] {logging_mixin.py:190} INFO - [2025-07-28T15:56:32.241+0000] {dag.py:3229} INFO - Sync 3 DAGs
[2025-07-28T15:56:32.276+0000] {logging_mixin.py:190} INFO - [2025-07-28T15:56:32.276+0000] {dag.py:4156} INFO - Setting next_dagrun for dataset_with_extra_by_context to 2025-07-27 00:00:00+00:00, run_after=2025-07-28 00:00:00+00:00
[2025-07-28T15:56:32.284+0000] {logging_mixin.py:190} INFO - [2025-07-28T15:56:32.284+0000] {dag.py:4156} INFO - Setting next_dagrun for dataset_with_extra_by_yield to 2025-07-27 00:00:00+00:00, run_after=2025-07-28 00:00:00+00:00
[2025-07-28T15:56:32.289+0000] {logging_mixin.py:190} INFO - [2025-07-28T15:56:32.289+0000] {dag.py:4156} INFO - Setting next_dagrun for dataset_with_extra_from_classic_operator to 2025-07-27 00:00:00+00:00, run_after=2025-07-28 00:00:00+00:00
[2025-07-28T15:56:32.327+0000] {processor.py:208} INFO - Processing /home/airflow/.local/lib/python3.12/site-packages/airflow/example_dags/example_outlet_event_extra.py took 0.566 seconds
[2025-07-28T15:57:02.370+0000] {processor.py:186} INFO - Started process (PID=1782) to work on /home/airflow/.local/lib/python3.12/site-packages/airflow/example_dags/example_outlet_event_extra.py
[2025-07-28T15:57:02.371+0000] {processor.py:914} INFO - Processing file /home/airflow/.local/lib/python3.12/site-packages/airflow/example_dags/example_outlet_event_extra.py for tasks to queue
[2025-07-28T15:57:02.372+0000] {logging_mixin.py:190} INFO - [2025-07-28T15:57:02.372+0000] {dagbag.py:587} INFO - Filling up the DagBag from /home/airflow/.local/lib/python3.12/site-packages/airflow/example_dags/example_outlet_event_extra.py
[2025-07-28T15:57:02.579+0000] {processor.py:925} INFO - DAG(s) 'dataset_with_extra_by_yield', 'dataset_with_extra_from_classic_operator', 'dataset_with_extra_by_context' retrieved from /home/airflow/.local/lib/python3.12/site-packages/airflow/example_dags/example_outlet_event_extra.py
[2025-07-28T15:57:02.608+0000] {logging_mixin.py:190} INFO - [2025-07-28T15:57:02.608+0000] {dag.py:3229} INFO - Sync 3 DAGs
[2025-07-28T15:57:03.537+0000] {logging_mixin.py:190} INFO - [2025-07-28T15:57:03.536+0000] {dag.py:4156} INFO - Setting next_dagrun for dataset_with_extra_by_context to 2025-07-27 00:00:00+00:00, run_after=2025-07-28 00:00:00+00:00
[2025-07-28T15:57:03.544+0000] {logging_mixin.py:190} INFO - [2025-07-28T15:57:03.544+0000] {dag.py:4156} INFO - Setting next_dagrun for dataset_with_extra_by_yield to 2025-07-27 00:00:00+00:00, run_after=2025-07-28 00:00:00+00:00
[2025-07-28T15:57:03.549+0000] {logging_mixin.py:190} INFO - [2025-07-28T15:57:03.549+0000] {dag.py:4156} INFO - Setting next_dagrun for dataset_with_extra_from_classic_operator to 2025-07-27 00:00:00+00:00, run_after=2025-07-28 00:00:00+00:00
[2025-07-28T15:57:03.571+0000] {processor.py:208} INFO - Processing /home/airflow/.local/lib/python3.12/site-packages/airflow/example_dags/example_outlet_event_extra.py took 1.206 seconds
[2025-07-28T15:57:34.577+0000] {processor.py:186} INFO - Started process (PID=1849) to work on /home/airflow/.local/lib/python3.12/site-packages/airflow/example_dags/example_outlet_event_extra.py
[2025-07-28T15:57:34.579+0000] {processor.py:914} INFO - Processing file /home/airflow/.local/lib/python3.12/site-packages/airflow/example_dags/example_outlet_event_extra.py for tasks to queue
[2025-07-28T15:57:34.582+0000] {logging_mixin.py:190} INFO - [2025-07-28T15:57:34.581+0000] {dagbag.py:587} INFO - Filling up the DagBag from /home/airflow/.local/lib/python3.12/site-packages/airflow/example_dags/example_outlet_event_extra.py
[2025-07-28T15:57:34.741+0000] {processor.py:925} INFO - DAG(s) 'dataset_with_extra_by_yield', 'dataset_with_extra_by_context', 'dataset_with_extra_from_classic_operator' retrieved from /home/airflow/.local/lib/python3.12/site-packages/airflow/example_dags/example_outlet_event_extra.py
[2025-07-28T15:57:34.760+0000] {logging_mixin.py:190} INFO - [2025-07-28T15:57:34.759+0000] {dag.py:3229} INFO - Sync 3 DAGs
[2025-07-28T15:57:34.782+0000] {logging_mixin.py:190} INFO - [2025-07-28T15:57:34.781+0000] {dag.py:4156} INFO - Setting next_dagrun for dataset_with_extra_by_context to 2025-07-27 00:00:00+00:00, run_after=2025-07-28 00:00:00+00:00
[2025-07-28T15:57:34.786+0000] {logging_mixin.py:190} INFO - [2025-07-28T15:57:34.786+0000] {dag.py:4156} INFO - Setting next_dagrun for dataset_with_extra_by_yield to 2025-07-27 00:00:00+00:00, run_after=2025-07-28 00:00:00+00:00
[2025-07-28T15:57:34.792+0000] {logging_mixin.py:190} INFO - [2025-07-28T15:57:34.791+0000] {dag.py:4156} INFO - Setting next_dagrun for dataset_with_extra_from_classic_operator to 2025-07-27 00:00:00+00:00, run_after=2025-07-28 00:00:00+00:00
[2025-07-28T15:57:35.319+0000] {processor.py:208} INFO - Processing /home/airflow/.local/lib/python3.12/site-packages/airflow/example_dags/example_outlet_event_extra.py took 0.750 seconds
[2025-07-28T15:58:05.537+0000] {processor.py:186} INFO - Started process (PID=1915) to work on /home/airflow/.local/lib/python3.12/site-packages/airflow/example_dags/example_outlet_event_extra.py
[2025-07-28T15:58:05.538+0000] {processor.py:914} INFO - Processing file /home/airflow/.local/lib/python3.12/site-packages/airflow/example_dags/example_outlet_event_extra.py for tasks to queue
[2025-07-28T15:58:05.539+0000] {logging_mixin.py:190} INFO - [2025-07-28T15:58:05.539+0000] {dagbag.py:587} INFO - Filling up the DagBag from /home/airflow/.local/lib/python3.12/site-packages/airflow/example_dags/example_outlet_event_extra.py
[2025-07-28T15:58:05.634+0000] {processor.py:925} INFO - DAG(s) 'dataset_with_extra_by_yield', 'dataset_with_extra_from_classic_operator', 'dataset_with_extra_by_context' retrieved from /home/airflow/.local/lib/python3.12/site-packages/airflow/example_dags/example_outlet_event_extra.py
[2025-07-28T15:58:05.652+0000] {logging_mixin.py:190} INFO - [2025-07-28T15:58:05.652+0000] {dag.py:3229} INFO - Sync 3 DAGs
[2025-07-28T15:58:05.666+0000] {logging_mixin.py:190} INFO - [2025-07-28T15:58:05.666+0000] {dag.py:4156} INFO - Setting next_dagrun for dataset_with_extra_by_context to 2025-07-27 00:00:00+00:00, run_after=2025-07-28 00:00:00+00:00
[2025-07-28T15:58:05.668+0000] {logging_mixin.py:190} INFO - [2025-07-28T15:58:05.668+0000] {dag.py:4156} INFO - Setting next_dagrun for dataset_with_extra_by_yield to 2025-07-27 00:00:00+00:00, run_after=2025-07-28 00:00:00+00:00
[2025-07-28T15:58:05.669+0000] {logging_mixin.py:190} INFO - [2025-07-28T15:58:05.669+0000] {dag.py:4156} INFO - Setting next_dagrun for dataset_with_extra_from_classic_operator to 2025-07-27 00:00:00+00:00, run_after=2025-07-28 00:00:00+00:00
[2025-07-28T15:58:05.680+0000] {processor.py:208} INFO - Processing /home/airflow/.local/lib/python3.12/site-packages/airflow/example_dags/example_outlet_event_extra.py took 0.147 seconds
[2025-07-28T15:58:35.837+0000] {processor.py:186} INFO - Started process (PID=1975) to work on /home/airflow/.local/lib/python3.12/site-packages/airflow/example_dags/example_outlet_event_extra.py
[2025-07-28T15:58:35.840+0000] {processor.py:914} INFO - Processing file /home/airflow/.local/lib/python3.12/site-packages/airflow/example_dags/example_outlet_event_extra.py for tasks to queue
[2025-07-28T15:58:35.843+0000] {logging_mixin.py:190} INFO - [2025-07-28T15:58:35.843+0000] {dagbag.py:587} INFO - Filling up the DagBag from /home/airflow/.local/lib/python3.12/site-packages/airflow/example_dags/example_outlet_event_extra.py
[2025-07-28T15:58:36.021+0000] {processor.py:925} INFO - DAG(s) 'dataset_with_extra_by_context', 'dataset_with_extra_by_yield', 'dataset_with_extra_from_classic_operator' retrieved from /home/airflow/.local/lib/python3.12/site-packages/airflow/example_dags/example_outlet_event_extra.py
[2025-07-28T15:58:36.051+0000] {logging_mixin.py:190} INFO - [2025-07-28T15:58:36.051+0000] {dag.py:3229} INFO - Sync 3 DAGs
[2025-07-28T15:58:36.071+0000] {logging_mixin.py:190} INFO - [2025-07-28T15:58:36.071+0000] {dag.py:4156} INFO - Setting next_dagrun for dataset_with_extra_by_context to 2025-07-27 00:00:00+00:00, run_after=2025-07-28 00:00:00+00:00
[2025-07-28T15:58:36.073+0000] {logging_mixin.py:190} INFO - [2025-07-28T15:58:36.073+0000] {dag.py:4156} INFO - Setting next_dagrun for dataset_with_extra_by_yield to 2025-07-27 00:00:00+00:00, run_after=2025-07-28 00:00:00+00:00
[2025-07-28T15:58:36.074+0000] {logging_mixin.py:190} INFO - [2025-07-28T15:58:36.074+0000] {dag.py:4156} INFO - Setting next_dagrun for dataset_with_extra_from_classic_operator to 2025-07-27 00:00:00+00:00, run_after=2025-07-28 00:00:00+00:00
[2025-07-28T15:58:36.086+0000] {processor.py:208} INFO - Processing /home/airflow/.local/lib/python3.12/site-packages/airflow/example_dags/example_outlet_event_extra.py took 0.266 seconds
[2025-07-28T15:59:06.124+0000] {processor.py:186} INFO - Started process (PID=2037) to work on /home/airflow/.local/lib/python3.12/site-packages/airflow/example_dags/example_outlet_event_extra.py
[2025-07-28T15:59:06.125+0000] {processor.py:914} INFO - Processing file /home/airflow/.local/lib/python3.12/site-packages/airflow/example_dags/example_outlet_event_extra.py for tasks to queue
[2025-07-28T15:59:06.126+0000] {logging_mixin.py:190} INFO - [2025-07-28T15:59:06.126+0000] {dagbag.py:587} INFO - Filling up the DagBag from /home/airflow/.local/lib/python3.12/site-packages/airflow/example_dags/example_outlet_event_extra.py
[2025-07-28T15:59:06.250+0000] {processor.py:925} INFO - DAG(s) 'dataset_with_extra_from_classic_operator', 'dataset_with_extra_by_yield', 'dataset_with_extra_by_context' retrieved from /home/airflow/.local/lib/python3.12/site-packages/airflow/example_dags/example_outlet_event_extra.py
[2025-07-28T15:59:06.605+0000] {logging_mixin.py:190} INFO - [2025-07-28T15:59:06.605+0000] {dag.py:3229} INFO - Sync 3 DAGs
[2025-07-28T15:59:06.623+0000] {logging_mixin.py:190} INFO - [2025-07-28T15:59:06.623+0000] {dag.py:4156} INFO - Setting next_dagrun for dataset_with_extra_by_context to 2025-07-27 00:00:00+00:00, run_after=2025-07-28 00:00:00+00:00
[2025-07-28T15:59:06.627+0000] {logging_mixin.py:190} INFO - [2025-07-28T15:59:06.627+0000] {dag.py:4156} INFO - Setting next_dagrun for dataset_with_extra_by_yield to 2025-07-27 00:00:00+00:00, run_after=2025-07-28 00:00:00+00:00
[2025-07-28T15:59:06.628+0000] {logging_mixin.py:190} INFO - [2025-07-28T15:59:06.628+0000] {dag.py:4156} INFO - Setting next_dagrun for dataset_with_extra_from_classic_operator to 2025-07-27 00:00:00+00:00, run_after=2025-07-28 00:00:00+00:00
[2025-07-28T15:59:06.638+0000] {processor.py:208} INFO - Processing /home/airflow/.local/lib/python3.12/site-packages/airflow/example_dags/example_outlet_event_extra.py took 0.518 seconds
[2025-07-28T15:59:36.758+0000] {processor.py:186} INFO - Started process (PID=2104) to work on /home/airflow/.local/lib/python3.12/site-packages/airflow/example_dags/example_outlet_event_extra.py
[2025-07-28T15:59:36.761+0000] {processor.py:914} INFO - Processing file /home/airflow/.local/lib/python3.12/site-packages/airflow/example_dags/example_outlet_event_extra.py for tasks to queue
[2025-07-28T15:59:36.764+0000] {logging_mixin.py:190} INFO - [2025-07-28T15:59:36.763+0000] {dagbag.py:587} INFO - Filling up the DagBag from /home/airflow/.local/lib/python3.12/site-packages/airflow/example_dags/example_outlet_event_extra.py
[2025-07-28T15:59:36.859+0000] {processor.py:925} INFO - DAG(s) 'dataset_with_extra_by_yield', 'dataset_with_extra_by_context', 'dataset_with_extra_from_classic_operator' retrieved from /home/airflow/.local/lib/python3.12/site-packages/airflow/example_dags/example_outlet_event_extra.py
[2025-07-28T15:59:37.109+0000] {logging_mixin.py:190} INFO - [2025-07-28T15:59:37.109+0000] {dag.py:3229} INFO - Sync 3 DAGs
[2025-07-28T15:59:37.125+0000] {logging_mixin.py:190} INFO - [2025-07-28T15:59:37.125+0000] {dag.py:4156} INFO - Setting next_dagrun for dataset_with_extra_by_context to 2025-07-27 00:00:00+00:00, run_after=2025-07-28 00:00:00+00:00
[2025-07-28T15:59:37.127+0000] {logging_mixin.py:190} INFO - [2025-07-28T15:59:37.127+0000] {dag.py:4156} INFO - Setting next_dagrun for dataset_with_extra_by_yield to 2025-07-27 00:00:00+00:00, run_after=2025-07-28 00:00:00+00:00
[2025-07-28T15:59:37.128+0000] {logging_mixin.py:190} INFO - [2025-07-28T15:59:37.128+0000] {dag.py:4156} INFO - Setting next_dagrun for dataset_with_extra_from_classic_operator to 2025-07-27 00:00:00+00:00, run_after=2025-07-28 00:00:00+00:00
[2025-07-28T15:59:37.136+0000] {processor.py:208} INFO - Processing /home/airflow/.local/lib/python3.12/site-packages/airflow/example_dags/example_outlet_event_extra.py took 0.381 seconds
[2025-07-28T16:00:07.217+0000] {processor.py:186} INFO - Started process (PID=2168) to work on /home/airflow/.local/lib/python3.12/site-packages/airflow/example_dags/example_outlet_event_extra.py
[2025-07-28T16:00:07.219+0000] {processor.py:914} INFO - Processing file /home/airflow/.local/lib/python3.12/site-packages/airflow/example_dags/example_outlet_event_extra.py for tasks to queue
[2025-07-28T16:00:07.221+0000] {logging_mixin.py:190} INFO - [2025-07-28T16:00:07.221+0000] {dagbag.py:587} INFO - Filling up the DagBag from /home/airflow/.local/lib/python3.12/site-packages/airflow/example_dags/example_outlet_event_extra.py
[2025-07-28T16:00:07.324+0000] {processor.py:925} INFO - DAG(s) 'dataset_with_extra_by_context', 'dataset_with_extra_from_classic_operator', 'dataset_with_extra_by_yield' retrieved from /home/airflow/.local/lib/python3.12/site-packages/airflow/example_dags/example_outlet_event_extra.py
[2025-07-28T16:00:07.518+0000] {logging_mixin.py:190} INFO - [2025-07-28T16:00:07.518+0000] {dag.py:3229} INFO - Sync 3 DAGs
[2025-07-28T16:00:07.528+0000] {logging_mixin.py:190} INFO - [2025-07-28T16:00:07.528+0000] {dag.py:4156} INFO - Setting next_dagrun for dataset_with_extra_by_context to 2025-07-27 00:00:00+00:00, run_after=2025-07-28 00:00:00+00:00
[2025-07-28T16:00:07.530+0000] {logging_mixin.py:190} INFO - [2025-07-28T16:00:07.530+0000] {dag.py:4156} INFO - Setting next_dagrun for dataset_with_extra_by_yield to 2025-07-27 00:00:00+00:00, run_after=2025-07-28 00:00:00+00:00
[2025-07-28T16:00:07.531+0000] {logging_mixin.py:190} INFO - [2025-07-28T16:00:07.531+0000] {dag.py:4156} INFO - Setting next_dagrun for dataset_with_extra_from_classic_operator to 2025-07-27 00:00:00+00:00, run_after=2025-07-28 00:00:00+00:00
[2025-07-28T16:00:07.538+0000] {processor.py:208} INFO - Processing /home/airflow/.local/lib/python3.12/site-packages/airflow/example_dags/example_outlet_event_extra.py took 0.325 seconds
[2025-07-28T16:00:37.843+0000] {processor.py:186} INFO - Started process (PID=2221) to work on /home/airflow/.local/lib/python3.12/site-packages/airflow/example_dags/example_outlet_event_extra.py
[2025-07-28T16:00:37.844+0000] {processor.py:914} INFO - Processing file /home/airflow/.local/lib/python3.12/site-packages/airflow/example_dags/example_outlet_event_extra.py for tasks to queue
[2025-07-28T16:00:37.847+0000] {logging_mixin.py:190} INFO - [2025-07-28T16:00:37.847+0000] {dagbag.py:587} INFO - Filling up the DagBag from /home/airflow/.local/lib/python3.12/site-packages/airflow/example_dags/example_outlet_event_extra.py
[2025-07-28T16:00:37.983+0000] {processor.py:925} INFO - DAG(s) 'dataset_with_extra_by_yield', 'dataset_with_extra_from_classic_operator', 'dataset_with_extra_by_context' retrieved from /home/airflow/.local/lib/python3.12/site-packages/airflow/example_dags/example_outlet_event_extra.py
[2025-07-28T16:00:38.002+0000] {logging_mixin.py:190} INFO - [2025-07-28T16:00:38.001+0000] {dag.py:3229} INFO - Sync 3 DAGs
[2025-07-28T16:00:38.259+0000] {logging_mixin.py:190} INFO - [2025-07-28T16:00:38.258+0000] {dag.py:4156} INFO - Setting next_dagrun for dataset_with_extra_by_context to 2025-07-27 00:00:00+00:00, run_after=2025-07-28 00:00:00+00:00
[2025-07-28T16:00:38.265+0000] {logging_mixin.py:190} INFO - [2025-07-28T16:00:38.265+0000] {dag.py:4156} INFO - Setting next_dagrun for dataset_with_extra_by_yield to 2025-07-27 00:00:00+00:00, run_after=2025-07-28 00:00:00+00:00
[2025-07-28T16:00:38.267+0000] {logging_mixin.py:190} INFO - [2025-07-28T16:00:38.267+0000] {dag.py:4156} INFO - Setting next_dagrun for dataset_with_extra_from_classic_operator to 2025-07-27 00:00:00+00:00, run_after=2025-07-28 00:00:00+00:00
[2025-07-28T16:00:38.283+0000] {processor.py:208} INFO - Processing /home/airflow/.local/lib/python3.12/site-packages/airflow/example_dags/example_outlet_event_extra.py took 0.446 seconds
[2025-07-28T16:01:08.548+0000] {processor.py:186} INFO - Started process (PID=2284) to work on /home/airflow/.local/lib/python3.12/site-packages/airflow/example_dags/example_outlet_event_extra.py
[2025-07-28T16:01:08.551+0000] {processor.py:914} INFO - Processing file /home/airflow/.local/lib/python3.12/site-packages/airflow/example_dags/example_outlet_event_extra.py for tasks to queue
[2025-07-28T16:01:08.553+0000] {logging_mixin.py:190} INFO - [2025-07-28T16:01:08.552+0000] {dagbag.py:587} INFO - Filling up the DagBag from /home/airflow/.local/lib/python3.12/site-packages/airflow/example_dags/example_outlet_event_extra.py
[2025-07-28T16:01:08.687+0000] {processor.py:925} INFO - DAG(s) 'dataset_with_extra_from_classic_operator', 'dataset_with_extra_by_context', 'dataset_with_extra_by_yield' retrieved from /home/airflow/.local/lib/python3.12/site-packages/airflow/example_dags/example_outlet_event_extra.py
[2025-07-28T16:01:08.710+0000] {logging_mixin.py:190} INFO - [2025-07-28T16:01:08.709+0000] {dag.py:3229} INFO - Sync 3 DAGs
[2025-07-28T16:01:09.727+0000] {logging_mixin.py:190} INFO - [2025-07-28T16:01:09.726+0000] {dag.py:4156} INFO - Setting next_dagrun for dataset_with_extra_by_context to 2025-07-27 00:00:00+00:00, run_after=2025-07-28 00:00:00+00:00
[2025-07-28T16:01:09.745+0000] {logging_mixin.py:190} INFO - [2025-07-28T16:01:09.745+0000] {dag.py:4156} INFO - Setting next_dagrun for dataset_with_extra_by_yield to 2025-07-27 00:00:00+00:00, run_after=2025-07-28 00:00:00+00:00
[2025-07-28T16:01:09.752+0000] {logging_mixin.py:190} INFO - [2025-07-28T16:01:09.751+0000] {dag.py:4156} INFO - Setting next_dagrun for dataset_with_extra_from_classic_operator to 2025-07-27 00:00:00+00:00, run_after=2025-07-28 00:00:00+00:00
[2025-07-28T16:01:09.798+0000] {processor.py:208} INFO - Processing /home/airflow/.local/lib/python3.12/site-packages/airflow/example_dags/example_outlet_event_extra.py took 1.255 seconds
