[2025-07-28T15:42:54.331+0000] {processor.py:186} INFO - Started process (PID=102) to work on /home/airflow/.local/lib/python3.12/site-packages/airflow/example_dags/example_workday_timetable.py
[2025-07-28T15:42:54.332+0000] {processor.py:914} INFO - Processing file /home/airflow/.local/lib/python3.12/site-packages/airflow/example_dags/example_workday_timetable.py for tasks to queue
[2025-07-28T15:42:54.334+0000] {logging_mixin.py:190} INFO - [2025-07-28T15:42:54.333+0000] {dagbag.py:587} INFO - Filling up the DagBag from /home/airflow/.local/lib/python3.12/site-packages/airflow/example_dags/example_workday_timetable.py
[2025-07-28T15:42:54.337+0000] {processor.py:925} INFO - DAG(s) 'example_workday_timetable' retrieved from /home/airflow/.local/lib/python3.12/site-packages/airflow/example_dags/example_workday_timetable.py
[2025-07-28T15:42:54.382+0000] {logging_mixin.py:190} INFO - [2025-07-28T15:42:54.382+0000] {override.py:1900} INFO - Created Permission View: can edit on DAG:example_workday_timetable
[2025-07-28T15:42:54.388+0000] {logging_mixin.py:190} INFO - [2025-07-28T15:42:54.388+0000] {override.py:1900} INFO - Created Permission View: can read on DAG:example_workday_timetable
[2025-07-28T15:42:54.393+0000] {logging_mixin.py:190} INFO - [2025-07-28T15:42:54.393+0000] {override.py:1900} INFO - Created Permission View: can delete on DAG:example_workday_timetable
[2025-07-28T15:42:54.395+0000] {logging_mixin.py:190} INFO - [2025-07-28T15:42:54.395+0000] {override.py:1900} INFO - Created Permission View: can read on DAG Run:example_workday_timetable
[2025-07-28T15:42:54.397+0000] {logging_mixin.py:190} INFO - [2025-07-28T15:42:54.397+0000] {override.py:1900} INFO - Created Permission View: can delete on DAG Run:example_workday_timetable
[2025-07-28T15:42:54.399+0000] {logging_mixin.py:190} INFO - [2025-07-28T15:42:54.399+0000] {override.py:1900} INFO - Created Permission View: can create on DAG Run:example_workday_timetable
[2025-07-28T15:42:54.401+0000] {logging_mixin.py:190} INFO - [2025-07-28T15:42:54.401+0000] {override.py:1900} INFO - Created Permission View: menu access on DAG Run:example_workday_timetable
[2025-07-28T15:42:54.401+0000] {logging_mixin.py:190} INFO - [2025-07-28T15:42:54.401+0000] {dag.py:3229} INFO - Sync 1 DAGs
[2025-07-28T15:42:54.407+0000] {logging_mixin.py:190} INFO - [2025-07-28T15:42:54.407+0000] {dag.py:3252} INFO - Creating ORM DAG for example_workday_timetable
[2025-07-28T15:42:54.470+0000] {logging_mixin.py:190} INFO - [2025-07-28T15:42:54.469+0000] {dag.py:4156} INFO - Setting next_dagrun for example_workday_timetable to 2021-01-04 00:00:00+00:00, run_after=2021-01-05 00:00:00+00:00
[2025-07-28T15:42:54.479+0000] {processor.py:208} INFO - Processing /home/airflow/.local/lib/python3.12/site-packages/airflow/example_dags/example_workday_timetable.py took 0.151 seconds
[2025-07-28T15:43:24.502+0000] {processor.py:186} INFO - Started process (PID=164) to work on /home/airflow/.local/lib/python3.12/site-packages/airflow/example_dags/example_workday_timetable.py
[2025-07-28T15:43:24.503+0000] {processor.py:914} INFO - Processing file /home/airflow/.local/lib/python3.12/site-packages/airflow/example_dags/example_workday_timetable.py for tasks to queue
[2025-07-28T15:43:24.504+0000] {logging_mixin.py:190} INFO - [2025-07-28T15:43:24.504+0000] {dagbag.py:587} INFO - Filling up the DagBag from /home/airflow/.local/lib/python3.12/site-packages/airflow/example_dags/example_workday_timetable.py
[2025-07-28T15:43:24.508+0000] {processor.py:925} INFO - DAG(s) 'example_workday_timetable' retrieved from /home/airflow/.local/lib/python3.12/site-packages/airflow/example_dags/example_workday_timetable.py
[2025-07-28T15:43:24.519+0000] {logging_mixin.py:190} INFO - [2025-07-28T15:43:24.518+0000] {dag.py:3229} INFO - Sync 1 DAGs
[2025-07-28T15:43:24.580+0000] {logging_mixin.py:190} INFO - [2025-07-28T15:43:24.580+0000] {dag.py:4156} INFO - Setting next_dagrun for example_workday_timetable to 2021-01-04 00:00:00+00:00, run_after=2021-01-05 00:00:00+00:00
[2025-07-28T15:43:24.589+0000] {processor.py:208} INFO - Processing /home/airflow/.local/lib/python3.12/site-packages/airflow/example_dags/example_workday_timetable.py took 0.090 seconds
[2025-07-28T15:43:55.474+0000] {processor.py:186} INFO - Started process (PID=226) to work on /home/airflow/.local/lib/python3.12/site-packages/airflow/example_dags/example_workday_timetable.py
[2025-07-28T15:43:55.475+0000] {processor.py:914} INFO - Processing file /home/airflow/.local/lib/python3.12/site-packages/airflow/example_dags/example_workday_timetable.py for tasks to queue
[2025-07-28T15:43:55.477+0000] {logging_mixin.py:190} INFO - [2025-07-28T15:43:55.476+0000] {dagbag.py:587} INFO - Filling up the DagBag from /home/airflow/.local/lib/python3.12/site-packages/airflow/example_dags/example_workday_timetable.py
[2025-07-28T15:43:55.481+0000] {processor.py:925} INFO - DAG(s) 'example_workday_timetable' retrieved from /home/airflow/.local/lib/python3.12/site-packages/airflow/example_dags/example_workday_timetable.py
[2025-07-28T15:43:55.494+0000] {logging_mixin.py:190} INFO - [2025-07-28T15:43:55.494+0000] {dag.py:3229} INFO - Sync 1 DAGs
[2025-07-28T15:43:55.545+0000] {logging_mixin.py:190} INFO - [2025-07-28T15:43:55.544+0000] {dag.py:4156} INFO - Setting next_dagrun for example_workday_timetable to 2021-01-04 00:00:00+00:00, run_after=2021-01-05 00:00:00+00:00
[2025-07-28T15:43:55.557+0000] {processor.py:208} INFO - Processing /home/airflow/.local/lib/python3.12/site-packages/airflow/example_dags/example_workday_timetable.py took 0.087 seconds
[2025-07-28T15:44:25.815+0000] {processor.py:186} INFO - Started process (PID=288) to work on /home/airflow/.local/lib/python3.12/site-packages/airflow/example_dags/example_workday_timetable.py
[2025-07-28T15:44:25.816+0000] {processor.py:914} INFO - Processing file /home/airflow/.local/lib/python3.12/site-packages/airflow/example_dags/example_workday_timetable.py for tasks to queue
[2025-07-28T15:44:25.818+0000] {logging_mixin.py:190} INFO - [2025-07-28T15:44:25.817+0000] {dagbag.py:587} INFO - Filling up the DagBag from /home/airflow/.local/lib/python3.12/site-packages/airflow/example_dags/example_workday_timetable.py
[2025-07-28T15:44:25.821+0000] {processor.py:925} INFO - DAG(s) 'example_workday_timetable' retrieved from /home/airflow/.local/lib/python3.12/site-packages/airflow/example_dags/example_workday_timetable.py
[2025-07-28T15:44:25.831+0000] {logging_mixin.py:190} INFO - [2025-07-28T15:44:25.831+0000] {dag.py:3229} INFO - Sync 1 DAGs
[2025-07-28T15:44:25.870+0000] {logging_mixin.py:190} INFO - [2025-07-28T15:44:25.870+0000] {dag.py:4156} INFO - Setting next_dagrun for example_workday_timetable to 2021-01-04 00:00:00+00:00, run_after=2021-01-05 00:00:00+00:00
[2025-07-28T15:44:25.880+0000] {processor.py:208} INFO - Processing /home/airflow/.local/lib/python3.12/site-packages/airflow/example_dags/example_workday_timetable.py took 0.069 seconds
[2025-07-28T15:44:56.322+0000] {processor.py:186} INFO - Started process (PID=350) to work on /home/airflow/.local/lib/python3.12/site-packages/airflow/example_dags/example_workday_timetable.py
[2025-07-28T15:44:56.322+0000] {processor.py:914} INFO - Processing file /home/airflow/.local/lib/python3.12/site-packages/airflow/example_dags/example_workday_timetable.py for tasks to queue
[2025-07-28T15:44:56.323+0000] {logging_mixin.py:190} INFO - [2025-07-28T15:44:56.323+0000] {dagbag.py:587} INFO - Filling up the DagBag from /home/airflow/.local/lib/python3.12/site-packages/airflow/example_dags/example_workday_timetable.py
[2025-07-28T15:44:56.327+0000] {processor.py:925} INFO - DAG(s) 'example_workday_timetable' retrieved from /home/airflow/.local/lib/python3.12/site-packages/airflow/example_dags/example_workday_timetable.py
[2025-07-28T15:44:56.337+0000] {logging_mixin.py:190} INFO - [2025-07-28T15:44:56.337+0000] {dag.py:3229} INFO - Sync 1 DAGs
[2025-07-28T15:44:56.410+0000] {logging_mixin.py:190} INFO - [2025-07-28T15:44:56.410+0000] {dag.py:4156} INFO - Setting next_dagrun for example_workday_timetable to 2021-01-04 00:00:00+00:00, run_after=2021-01-05 00:00:00+00:00
[2025-07-28T15:44:56.420+0000] {processor.py:208} INFO - Processing /home/airflow/.local/lib/python3.12/site-packages/airflow/example_dags/example_workday_timetable.py took 0.101 seconds
[2025-07-28T15:45:27.308+0000] {processor.py:186} INFO - Started process (PID=412) to work on /home/airflow/.local/lib/python3.12/site-packages/airflow/example_dags/example_workday_timetable.py
[2025-07-28T15:45:27.308+0000] {processor.py:914} INFO - Processing file /home/airflow/.local/lib/python3.12/site-packages/airflow/example_dags/example_workday_timetable.py for tasks to queue
[2025-07-28T15:45:27.310+0000] {logging_mixin.py:190} INFO - [2025-07-28T15:45:27.310+0000] {dagbag.py:587} INFO - Filling up the DagBag from /home/airflow/.local/lib/python3.12/site-packages/airflow/example_dags/example_workday_timetable.py
[2025-07-28T15:45:27.313+0000] {processor.py:925} INFO - DAG(s) 'example_workday_timetable' retrieved from /home/airflow/.local/lib/python3.12/site-packages/airflow/example_dags/example_workday_timetable.py
[2025-07-28T15:45:27.323+0000] {logging_mixin.py:190} INFO - [2025-07-28T15:45:27.323+0000] {dag.py:3229} INFO - Sync 1 DAGs
[2025-07-28T15:45:27.367+0000] {logging_mixin.py:190} INFO - [2025-07-28T15:45:27.367+0000] {dag.py:4156} INFO - Setting next_dagrun for example_workday_timetable to 2021-01-04 00:00:00+00:00, run_after=2021-01-05 00:00:00+00:00
[2025-07-28T15:45:27.376+0000] {processor.py:208} INFO - Processing /home/airflow/.local/lib/python3.12/site-packages/airflow/example_dags/example_workday_timetable.py took 0.071 seconds
[2025-07-28T15:45:58.067+0000] {processor.py:186} INFO - Started process (PID=474) to work on /home/airflow/.local/lib/python3.12/site-packages/airflow/example_dags/example_workday_timetable.py
[2025-07-28T15:45:58.069+0000] {processor.py:914} INFO - Processing file /home/airflow/.local/lib/python3.12/site-packages/airflow/example_dags/example_workday_timetable.py for tasks to queue
[2025-07-28T15:45:58.070+0000] {logging_mixin.py:190} INFO - [2025-07-28T15:45:58.070+0000] {dagbag.py:587} INFO - Filling up the DagBag from /home/airflow/.local/lib/python3.12/site-packages/airflow/example_dags/example_workday_timetable.py
[2025-07-28T15:45:58.074+0000] {processor.py:925} INFO - DAG(s) 'example_workday_timetable' retrieved from /home/airflow/.local/lib/python3.12/site-packages/airflow/example_dags/example_workday_timetable.py
[2025-07-28T15:45:58.105+0000] {logging_mixin.py:190} INFO - [2025-07-28T15:45:58.105+0000] {dag.py:3229} INFO - Sync 1 DAGs
[2025-07-28T15:45:58.157+0000] {logging_mixin.py:190} INFO - [2025-07-28T15:45:58.157+0000] {dag.py:4156} INFO - Setting next_dagrun for example_workday_timetable to 2021-01-04 00:00:00+00:00, run_after=2021-01-05 00:00:00+00:00
[2025-07-28T15:45:58.169+0000] {processor.py:208} INFO - Processing /home/airflow/.local/lib/python3.12/site-packages/airflow/example_dags/example_workday_timetable.py took 0.104 seconds
[2025-07-28T15:46:28.587+0000] {processor.py:186} INFO - Started process (PID=536) to work on /home/airflow/.local/lib/python3.12/site-packages/airflow/example_dags/example_workday_timetable.py
[2025-07-28T15:46:28.588+0000] {processor.py:914} INFO - Processing file /home/airflow/.local/lib/python3.12/site-packages/airflow/example_dags/example_workday_timetable.py for tasks to queue
[2025-07-28T15:46:28.589+0000] {logging_mixin.py:190} INFO - [2025-07-28T15:46:28.589+0000] {dagbag.py:587} INFO - Filling up the DagBag from /home/airflow/.local/lib/python3.12/site-packages/airflow/example_dags/example_workday_timetable.py
[2025-07-28T15:46:28.592+0000] {processor.py:925} INFO - DAG(s) 'example_workday_timetable' retrieved from /home/airflow/.local/lib/python3.12/site-packages/airflow/example_dags/example_workday_timetable.py
[2025-07-28T15:46:28.613+0000] {logging_mixin.py:190} INFO - [2025-07-28T15:46:28.613+0000] {dag.py:3229} INFO - Sync 1 DAGs
[2025-07-28T15:46:28.653+0000] {logging_mixin.py:190} INFO - [2025-07-28T15:46:28.653+0000] {dag.py:4156} INFO - Setting next_dagrun for example_workday_timetable to 2021-01-04 00:00:00+00:00, run_after=2021-01-05 00:00:00+00:00
[2025-07-28T15:46:28.661+0000] {processor.py:208} INFO - Processing /home/airflow/.local/lib/python3.12/site-packages/airflow/example_dags/example_workday_timetable.py took 0.077 seconds
[2025-07-28T15:46:59.113+0000] {processor.py:186} INFO - Started process (PID=598) to work on /home/airflow/.local/lib/python3.12/site-packages/airflow/example_dags/example_workday_timetable.py
[2025-07-28T15:46:59.114+0000] {processor.py:914} INFO - Processing file /home/airflow/.local/lib/python3.12/site-packages/airflow/example_dags/example_workday_timetable.py for tasks to queue
[2025-07-28T15:46:59.115+0000] {logging_mixin.py:190} INFO - [2025-07-28T15:46:59.115+0000] {dagbag.py:587} INFO - Filling up the DagBag from /home/airflow/.local/lib/python3.12/site-packages/airflow/example_dags/example_workday_timetable.py
[2025-07-28T15:46:59.118+0000] {processor.py:925} INFO - DAG(s) 'example_workday_timetable' retrieved from /home/airflow/.local/lib/python3.12/site-packages/airflow/example_dags/example_workday_timetable.py
[2025-07-28T15:46:59.129+0000] {logging_mixin.py:190} INFO - [2025-07-28T15:46:59.129+0000] {dag.py:3229} INFO - Sync 1 DAGs
[2025-07-28T15:46:59.167+0000] {logging_mixin.py:190} INFO - [2025-07-28T15:46:59.166+0000] {dag.py:4156} INFO - Setting next_dagrun for example_workday_timetable to 2021-01-04 00:00:00+00:00, run_after=2021-01-05 00:00:00+00:00
[2025-07-28T15:46:59.173+0000] {processor.py:208} INFO - Processing /home/airflow/.local/lib/python3.12/site-packages/airflow/example_dags/example_workday_timetable.py took 0.064 seconds
[2025-07-28T15:47:30.824+0000] {processor.py:186} INFO - Started process (PID=660) to work on /home/airflow/.local/lib/python3.12/site-packages/airflow/example_dags/example_workday_timetable.py
[2025-07-28T15:47:30.825+0000] {processor.py:914} INFO - Processing file /home/airflow/.local/lib/python3.12/site-packages/airflow/example_dags/example_workday_timetable.py for tasks to queue
[2025-07-28T15:47:30.827+0000] {logging_mixin.py:190} INFO - [2025-07-28T15:47:30.827+0000] {dagbag.py:587} INFO - Filling up the DagBag from /home/airflow/.local/lib/python3.12/site-packages/airflow/example_dags/example_workday_timetable.py
[2025-07-28T15:47:30.829+0000] {processor.py:925} INFO - DAG(s) 'example_workday_timetable' retrieved from /home/airflow/.local/lib/python3.12/site-packages/airflow/example_dags/example_workday_timetable.py
[2025-07-28T15:47:30.873+0000] {logging_mixin.py:190} INFO - [2025-07-28T15:47:30.872+0000] {dag.py:3229} INFO - Sync 1 DAGs
[2025-07-28T15:47:30.929+0000] {logging_mixin.py:190} INFO - [2025-07-28T15:47:30.929+0000] {dag.py:4156} INFO - Setting next_dagrun for example_workday_timetable to 2021-01-04 00:00:00+00:00, run_after=2021-01-05 00:00:00+00:00
[2025-07-28T15:47:30.941+0000] {processor.py:208} INFO - Processing /home/airflow/.local/lib/python3.12/site-packages/airflow/example_dags/example_workday_timetable.py took 0.120 seconds
[2025-07-28T15:48:01.200+0000] {processor.py:186} INFO - Started process (PID=722) to work on /home/airflow/.local/lib/python3.12/site-packages/airflow/example_dags/example_workday_timetable.py
[2025-07-28T15:48:01.200+0000] {processor.py:914} INFO - Processing file /home/airflow/.local/lib/python3.12/site-packages/airflow/example_dags/example_workday_timetable.py for tasks to queue
[2025-07-28T15:48:01.202+0000] {logging_mixin.py:190} INFO - [2025-07-28T15:48:01.202+0000] {dagbag.py:587} INFO - Filling up the DagBag from /home/airflow/.local/lib/python3.12/site-packages/airflow/example_dags/example_workday_timetable.py
[2025-07-28T15:48:01.205+0000] {processor.py:925} INFO - DAG(s) 'example_workday_timetable' retrieved from /home/airflow/.local/lib/python3.12/site-packages/airflow/example_dags/example_workday_timetable.py
[2025-07-28T15:48:01.215+0000] {logging_mixin.py:190} INFO - [2025-07-28T15:48:01.215+0000] {dag.py:3229} INFO - Sync 1 DAGs
[2025-07-28T15:48:01.250+0000] {logging_mixin.py:190} INFO - [2025-07-28T15:48:01.250+0000] {dag.py:4156} INFO - Setting next_dagrun for example_workday_timetable to 2021-01-04 00:00:00+00:00, run_after=2021-01-05 00:00:00+00:00
[2025-07-28T15:48:01.262+0000] {processor.py:208} INFO - Processing /home/airflow/.local/lib/python3.12/site-packages/airflow/example_dags/example_workday_timetable.py took 0.065 seconds
[2025-07-28T15:48:31.429+0000] {processor.py:186} INFO - Started process (PID=784) to work on /home/airflow/.local/lib/python3.12/site-packages/airflow/example_dags/example_workday_timetable.py
[2025-07-28T15:48:31.433+0000] {processor.py:914} INFO - Processing file /home/airflow/.local/lib/python3.12/site-packages/airflow/example_dags/example_workday_timetable.py for tasks to queue
[2025-07-28T15:48:31.434+0000] {logging_mixin.py:190} INFO - [2025-07-28T15:48:31.433+0000] {dagbag.py:587} INFO - Filling up the DagBag from /home/airflow/.local/lib/python3.12/site-packages/airflow/example_dags/example_workday_timetable.py
[2025-07-28T15:48:31.437+0000] {processor.py:925} INFO - DAG(s) 'example_workday_timetable' retrieved from /home/airflow/.local/lib/python3.12/site-packages/airflow/example_dags/example_workday_timetable.py
[2025-07-28T15:48:31.451+0000] {logging_mixin.py:190} INFO - [2025-07-28T15:48:31.450+0000] {dag.py:3229} INFO - Sync 1 DAGs
[2025-07-28T15:48:31.489+0000] {logging_mixin.py:190} INFO - [2025-07-28T15:48:31.489+0000] {dag.py:4156} INFO - Setting next_dagrun for example_workday_timetable to 2021-01-04 00:00:00+00:00, run_after=2021-01-05 00:00:00+00:00
[2025-07-28T15:48:31.500+0000] {processor.py:208} INFO - Processing /home/airflow/.local/lib/python3.12/site-packages/airflow/example_dags/example_workday_timetable.py took 0.075 seconds
[2025-07-28T15:49:02.207+0000] {processor.py:186} INFO - Started process (PID=846) to work on /home/airflow/.local/lib/python3.12/site-packages/airflow/example_dags/example_workday_timetable.py
[2025-07-28T15:49:02.208+0000] {processor.py:914} INFO - Processing file /home/airflow/.local/lib/python3.12/site-packages/airflow/example_dags/example_workday_timetable.py for tasks to queue
[2025-07-28T15:49:02.210+0000] {logging_mixin.py:190} INFO - [2025-07-28T15:49:02.209+0000] {dagbag.py:587} INFO - Filling up the DagBag from /home/airflow/.local/lib/python3.12/site-packages/airflow/example_dags/example_workday_timetable.py
[2025-07-28T15:49:02.213+0000] {processor.py:925} INFO - DAG(s) 'example_workday_timetable' retrieved from /home/airflow/.local/lib/python3.12/site-packages/airflow/example_dags/example_workday_timetable.py
[2025-07-28T15:49:02.223+0000] {logging_mixin.py:190} INFO - [2025-07-28T15:49:02.223+0000] {dag.py:3229} INFO - Sync 1 DAGs
[2025-07-28T15:49:02.265+0000] {logging_mixin.py:190} INFO - [2025-07-28T15:49:02.265+0000] {dag.py:4156} INFO - Setting next_dagrun for example_workday_timetable to 2021-01-04 00:00:00+00:00, run_after=2021-01-05 00:00:00+00:00
[2025-07-28T15:49:02.275+0000] {processor.py:208} INFO - Processing /home/airflow/.local/lib/python3.12/site-packages/airflow/example_dags/example_workday_timetable.py took 0.072 seconds
[2025-07-28T15:49:32.759+0000] {processor.py:186} INFO - Started process (PID=908) to work on /home/airflow/.local/lib/python3.12/site-packages/airflow/example_dags/example_workday_timetable.py
[2025-07-28T15:49:32.760+0000] {processor.py:914} INFO - Processing file /home/airflow/.local/lib/python3.12/site-packages/airflow/example_dags/example_workday_timetable.py for tasks to queue
[2025-07-28T15:49:32.761+0000] {logging_mixin.py:190} INFO - [2025-07-28T15:49:32.761+0000] {dagbag.py:587} INFO - Filling up the DagBag from /home/airflow/.local/lib/python3.12/site-packages/airflow/example_dags/example_workday_timetable.py
[2025-07-28T15:49:32.764+0000] {processor.py:925} INFO - DAG(s) 'example_workday_timetable' retrieved from /home/airflow/.local/lib/python3.12/site-packages/airflow/example_dags/example_workday_timetable.py
[2025-07-28T15:49:32.775+0000] {logging_mixin.py:190} INFO - [2025-07-28T15:49:32.774+0000] {dag.py:3229} INFO - Sync 1 DAGs
[2025-07-28T15:49:32.822+0000] {logging_mixin.py:190} INFO - [2025-07-28T15:49:32.822+0000] {dag.py:4156} INFO - Setting next_dagrun for example_workday_timetable to 2021-01-04 00:00:00+00:00, run_after=2021-01-05 00:00:00+00:00
[2025-07-28T15:49:32.834+0000] {processor.py:208} INFO - Processing /home/airflow/.local/lib/python3.12/site-packages/airflow/example_dags/example_workday_timetable.py took 0.079 seconds
[2025-07-28T15:50:03.967+0000] {processor.py:186} INFO - Started process (PID=970) to work on /home/airflow/.local/lib/python3.12/site-packages/airflow/example_dags/example_workday_timetable.py
[2025-07-28T15:50:03.968+0000] {processor.py:914} INFO - Processing file /home/airflow/.local/lib/python3.12/site-packages/airflow/example_dags/example_workday_timetable.py for tasks to queue
[2025-07-28T15:50:03.976+0000] {logging_mixin.py:190} INFO - [2025-07-28T15:50:03.976+0000] {dagbag.py:587} INFO - Filling up the DagBag from /home/airflow/.local/lib/python3.12/site-packages/airflow/example_dags/example_workday_timetable.py
[2025-07-28T15:50:03.982+0000] {processor.py:925} INFO - DAG(s) 'example_workday_timetable' retrieved from /home/airflow/.local/lib/python3.12/site-packages/airflow/example_dags/example_workday_timetable.py
[2025-07-28T15:50:03.992+0000] {logging_mixin.py:190} INFO - [2025-07-28T15:50:03.992+0000] {dag.py:3229} INFO - Sync 1 DAGs
[2025-07-28T15:50:04.062+0000] {logging_mixin.py:190} INFO - [2025-07-28T15:50:04.062+0000] {dag.py:4156} INFO - Setting next_dagrun for example_workday_timetable to 2021-01-04 00:00:00+00:00, run_after=2021-01-05 00:00:00+00:00
[2025-07-28T15:50:04.086+0000] {processor.py:208} INFO - Processing /home/airflow/.local/lib/python3.12/site-packages/airflow/example_dags/example_workday_timetable.py took 0.122 seconds
[2025-07-28T15:50:35.107+0000] {processor.py:186} INFO - Started process (PID=1032) to work on /home/airflow/.local/lib/python3.12/site-packages/airflow/example_dags/example_workday_timetable.py
[2025-07-28T15:50:35.109+0000] {processor.py:914} INFO - Processing file /home/airflow/.local/lib/python3.12/site-packages/airflow/example_dags/example_workday_timetable.py for tasks to queue
[2025-07-28T15:50:35.115+0000] {logging_mixin.py:190} INFO - [2025-07-28T15:50:35.113+0000] {dagbag.py:587} INFO - Filling up the DagBag from /home/airflow/.local/lib/python3.12/site-packages/airflow/example_dags/example_workday_timetable.py
[2025-07-28T15:50:35.129+0000] {processor.py:925} INFO - DAG(s) 'example_workday_timetable' retrieved from /home/airflow/.local/lib/python3.12/site-packages/airflow/example_dags/example_workday_timetable.py
[2025-07-28T15:50:35.165+0000] {logging_mixin.py:190} INFO - [2025-07-28T15:50:35.165+0000] {dag.py:3229} INFO - Sync 1 DAGs
[2025-07-28T15:50:35.235+0000] {logging_mixin.py:190} INFO - [2025-07-28T15:50:35.235+0000] {dag.py:4156} INFO - Setting next_dagrun for example_workday_timetable to 2021-01-04 00:00:00+00:00, run_after=2021-01-05 00:00:00+00:00
[2025-07-28T15:50:35.263+0000] {processor.py:208} INFO - Processing /home/airflow/.local/lib/python3.12/site-packages/airflow/example_dags/example_workday_timetable.py took 0.169 seconds
[2025-07-28T15:51:06.216+0000] {processor.py:186} INFO - Started process (PID=1094) to work on /home/airflow/.local/lib/python3.12/site-packages/airflow/example_dags/example_workday_timetable.py
[2025-07-28T15:51:06.221+0000] {processor.py:914} INFO - Processing file /home/airflow/.local/lib/python3.12/site-packages/airflow/example_dags/example_workday_timetable.py for tasks to queue
[2025-07-28T15:51:06.226+0000] {logging_mixin.py:190} INFO - [2025-07-28T15:51:06.225+0000] {dagbag.py:587} INFO - Filling up the DagBag from /home/airflow/.local/lib/python3.12/site-packages/airflow/example_dags/example_workday_timetable.py
[2025-07-28T15:51:06.245+0000] {processor.py:925} INFO - DAG(s) 'example_workday_timetable' retrieved from /home/airflow/.local/lib/python3.12/site-packages/airflow/example_dags/example_workday_timetable.py
[2025-07-28T15:51:06.281+0000] {logging_mixin.py:190} INFO - [2025-07-28T15:51:06.281+0000] {dag.py:3229} INFO - Sync 1 DAGs
[2025-07-28T15:51:06.462+0000] {logging_mixin.py:190} INFO - [2025-07-28T15:51:06.459+0000] {dag.py:4156} INFO - Setting next_dagrun for example_workday_timetable to 2021-01-04 00:00:00+00:00, run_after=2021-01-05 00:00:00+00:00
[2025-07-28T15:51:06.549+0000] {processor.py:208} INFO - Processing /home/airflow/.local/lib/python3.12/site-packages/airflow/example_dags/example_workday_timetable.py took 0.353 seconds
[2025-07-28T15:51:37.190+0000] {processor.py:186} INFO - Started process (PID=1156) to work on /home/airflow/.local/lib/python3.12/site-packages/airflow/example_dags/example_workday_timetable.py
[2025-07-28T15:51:37.194+0000] {processor.py:914} INFO - Processing file /home/airflow/.local/lib/python3.12/site-packages/airflow/example_dags/example_workday_timetable.py for tasks to queue
[2025-07-28T15:51:37.198+0000] {logging_mixin.py:190} INFO - [2025-07-28T15:51:37.197+0000] {dagbag.py:587} INFO - Filling up the DagBag from /home/airflow/.local/lib/python3.12/site-packages/airflow/example_dags/example_workday_timetable.py
[2025-07-28T15:51:37.212+0000] {processor.py:925} INFO - DAG(s) 'example_workday_timetable' retrieved from /home/airflow/.local/lib/python3.12/site-packages/airflow/example_dags/example_workday_timetable.py
[2025-07-28T15:51:37.259+0000] {logging_mixin.py:190} INFO - [2025-07-28T15:51:37.258+0000] {dag.py:3229} INFO - Sync 1 DAGs
[2025-07-28T15:51:37.319+0000] {logging_mixin.py:190} INFO - [2025-07-28T15:51:37.319+0000] {dag.py:4156} INFO - Setting next_dagrun for example_workday_timetable to 2021-01-04 00:00:00+00:00, run_after=2021-01-05 00:00:00+00:00
[2025-07-28T15:51:37.337+0000] {processor.py:208} INFO - Processing /home/airflow/.local/lib/python3.12/site-packages/airflow/example_dags/example_workday_timetable.py took 0.167 seconds
[2025-07-28T15:52:08.314+0000] {processor.py:186} INFO - Started process (PID=1218) to work on /home/airflow/.local/lib/python3.12/site-packages/airflow/example_dags/example_workday_timetable.py
[2025-07-28T15:52:08.318+0000] {processor.py:914} INFO - Processing file /home/airflow/.local/lib/python3.12/site-packages/airflow/example_dags/example_workday_timetable.py for tasks to queue
[2025-07-28T15:52:08.322+0000] {logging_mixin.py:190} INFO - [2025-07-28T15:52:08.322+0000] {dagbag.py:587} INFO - Filling up the DagBag from /home/airflow/.local/lib/python3.12/site-packages/airflow/example_dags/example_workday_timetable.py
[2025-07-28T15:52:08.337+0000] {processor.py:925} INFO - DAG(s) 'example_workday_timetable' retrieved from /home/airflow/.local/lib/python3.12/site-packages/airflow/example_dags/example_workday_timetable.py
[2025-07-28T15:52:08.364+0000] {logging_mixin.py:190} INFO - [2025-07-28T15:52:08.363+0000] {dag.py:3229} INFO - Sync 1 DAGs
[2025-07-28T15:52:08.421+0000] {logging_mixin.py:190} INFO - [2025-07-28T15:52:08.420+0000] {dag.py:4156} INFO - Setting next_dagrun for example_workday_timetable to 2021-01-04 00:00:00+00:00, run_after=2021-01-05 00:00:00+00:00
[2025-07-28T15:52:08.435+0000] {processor.py:208} INFO - Processing /home/airflow/.local/lib/python3.12/site-packages/airflow/example_dags/example_workday_timetable.py took 0.134 seconds
[2025-07-28T15:52:39.318+0000] {processor.py:186} INFO - Started process (PID=1280) to work on /home/airflow/.local/lib/python3.12/site-packages/airflow/example_dags/example_workday_timetable.py
[2025-07-28T15:52:39.320+0000] {processor.py:914} INFO - Processing file /home/airflow/.local/lib/python3.12/site-packages/airflow/example_dags/example_workday_timetable.py for tasks to queue
[2025-07-28T15:52:39.323+0000] {logging_mixin.py:190} INFO - [2025-07-28T15:52:39.323+0000] {dagbag.py:587} INFO - Filling up the DagBag from /home/airflow/.local/lib/python3.12/site-packages/airflow/example_dags/example_workday_timetable.py
[2025-07-28T15:52:39.339+0000] {processor.py:925} INFO - DAG(s) 'example_workday_timetable' retrieved from /home/airflow/.local/lib/python3.12/site-packages/airflow/example_dags/example_workday_timetable.py
[2025-07-28T15:52:39.378+0000] {logging_mixin.py:190} INFO - [2025-07-28T15:52:39.378+0000] {dag.py:3229} INFO - Sync 1 DAGs
[2025-07-28T15:52:39.497+0000] {logging_mixin.py:190} INFO - [2025-07-28T15:52:39.497+0000] {dag.py:4156} INFO - Setting next_dagrun for example_workday_timetable to 2021-01-04 00:00:00+00:00, run_after=2021-01-05 00:00:00+00:00
[2025-07-28T15:52:39.513+0000] {processor.py:208} INFO - Processing /home/airflow/.local/lib/python3.12/site-packages/airflow/example_dags/example_workday_timetable.py took 0.213 seconds
[2025-07-28T15:53:10.211+0000] {processor.py:186} INFO - Started process (PID=1342) to work on /home/airflow/.local/lib/python3.12/site-packages/airflow/example_dags/example_workday_timetable.py
[2025-07-28T15:53:10.212+0000] {processor.py:914} INFO - Processing file /home/airflow/.local/lib/python3.12/site-packages/airflow/example_dags/example_workday_timetable.py for tasks to queue
[2025-07-28T15:53:10.214+0000] {logging_mixin.py:190} INFO - [2025-07-28T15:53:10.214+0000] {dagbag.py:587} INFO - Filling up the DagBag from /home/airflow/.local/lib/python3.12/site-packages/airflow/example_dags/example_workday_timetable.py
[2025-07-28T15:53:10.220+0000] {processor.py:925} INFO - DAG(s) 'example_workday_timetable' retrieved from /home/airflow/.local/lib/python3.12/site-packages/airflow/example_dags/example_workday_timetable.py
[2025-07-28T15:53:10.233+0000] {logging_mixin.py:190} INFO - [2025-07-28T15:53:10.233+0000] {dag.py:3229} INFO - Sync 1 DAGs
[2025-07-28T15:53:10.310+0000] {logging_mixin.py:190} INFO - [2025-07-28T15:53:10.310+0000] {dag.py:4156} INFO - Setting next_dagrun for example_workday_timetable to 2021-01-04 00:00:00+00:00, run_after=2021-01-05 00:00:00+00:00
[2025-07-28T15:53:10.331+0000] {processor.py:208} INFO - Processing /home/airflow/.local/lib/python3.12/site-packages/airflow/example_dags/example_workday_timetable.py took 0.127 seconds
[2025-07-28T15:53:40.933+0000] {processor.py:186} INFO - Started process (PID=1405) to work on /home/airflow/.local/lib/python3.12/site-packages/airflow/example_dags/example_workday_timetable.py
[2025-07-28T15:53:40.935+0000] {processor.py:914} INFO - Processing file /home/airflow/.local/lib/python3.12/site-packages/airflow/example_dags/example_workday_timetable.py for tasks to queue
[2025-07-28T15:53:40.938+0000] {logging_mixin.py:190} INFO - [2025-07-28T15:53:40.938+0000] {dagbag.py:587} INFO - Filling up the DagBag from /home/airflow/.local/lib/python3.12/site-packages/airflow/example_dags/example_workday_timetable.py
[2025-07-28T15:53:40.945+0000] {processor.py:925} INFO - DAG(s) 'example_workday_timetable' retrieved from /home/airflow/.local/lib/python3.12/site-packages/airflow/example_dags/example_workday_timetable.py
[2025-07-28T15:53:40.982+0000] {logging_mixin.py:190} INFO - [2025-07-28T15:53:40.982+0000] {dag.py:3229} INFO - Sync 1 DAGs
[2025-07-28T15:53:41.119+0000] {logging_mixin.py:190} INFO - [2025-07-28T15:53:41.119+0000] {dag.py:4156} INFO - Setting next_dagrun for example_workday_timetable to 2021-01-04 00:00:00+00:00, run_after=2021-01-05 00:00:00+00:00
[2025-07-28T15:53:41.143+0000] {processor.py:208} INFO - Processing /home/airflow/.local/lib/python3.12/site-packages/airflow/example_dags/example_workday_timetable.py took 0.217 seconds
[2025-07-28T15:54:11.174+0000] {processor.py:186} INFO - Started process (PID=1468) to work on /home/airflow/.local/lib/python3.12/site-packages/airflow/example_dags/example_workday_timetable.py
[2025-07-28T15:54:11.174+0000] {processor.py:914} INFO - Processing file /home/airflow/.local/lib/python3.12/site-packages/airflow/example_dags/example_workday_timetable.py for tasks to queue
[2025-07-28T15:54:11.175+0000] {logging_mixin.py:190} INFO - [2025-07-28T15:54:11.175+0000] {dagbag.py:587} INFO - Filling up the DagBag from /home/airflow/.local/lib/python3.12/site-packages/airflow/example_dags/example_workday_timetable.py
[2025-07-28T15:54:11.179+0000] {processor.py:925} INFO - DAG(s) 'example_workday_timetable' retrieved from /home/airflow/.local/lib/python3.12/site-packages/airflow/example_dags/example_workday_timetable.py
[2025-07-28T15:54:11.187+0000] {logging_mixin.py:190} INFO - [2025-07-28T15:54:11.187+0000] {dag.py:3229} INFO - Sync 1 DAGs
[2025-07-28T15:54:11.249+0000] {logging_mixin.py:190} INFO - [2025-07-28T15:54:11.249+0000] {dag.py:4156} INFO - Setting next_dagrun for example_workday_timetable to 2021-01-04 00:00:00+00:00, run_after=2021-01-05 00:00:00+00:00
[2025-07-28T15:54:11.256+0000] {processor.py:208} INFO - Processing /home/airflow/.local/lib/python3.12/site-packages/airflow/example_dags/example_workday_timetable.py took 0.085 seconds
[2025-07-28T15:54:42.011+0000] {processor.py:186} INFO - Started process (PID=1531) to work on /home/airflow/.local/lib/python3.12/site-packages/airflow/example_dags/example_workday_timetable.py
[2025-07-28T15:54:42.012+0000] {processor.py:914} INFO - Processing file /home/airflow/.local/lib/python3.12/site-packages/airflow/example_dags/example_workday_timetable.py for tasks to queue
[2025-07-28T15:54:42.014+0000] {logging_mixin.py:190} INFO - [2025-07-28T15:54:42.013+0000] {dagbag.py:587} INFO - Filling up the DagBag from /home/airflow/.local/lib/python3.12/site-packages/airflow/example_dags/example_workday_timetable.py
[2025-07-28T15:54:42.017+0000] {processor.py:925} INFO - DAG(s) 'example_workday_timetable' retrieved from /home/airflow/.local/lib/python3.12/site-packages/airflow/example_dags/example_workday_timetable.py
[2025-07-28T15:54:42.026+0000] {logging_mixin.py:190} INFO - [2025-07-28T15:54:42.026+0000] {dag.py:3229} INFO - Sync 1 DAGs
[2025-07-28T15:54:42.096+0000] {logging_mixin.py:190} INFO - [2025-07-28T15:54:42.096+0000] {dag.py:4156} INFO - Setting next_dagrun for example_workday_timetable to 2021-01-04 00:00:00+00:00, run_after=2021-01-05 00:00:00+00:00
[2025-07-28T15:54:42.104+0000] {processor.py:208} INFO - Processing /home/airflow/.local/lib/python3.12/site-packages/airflow/example_dags/example_workday_timetable.py took 0.095 seconds
[2025-07-28T15:55:12.732+0000] {processor.py:186} INFO - Started process (PID=1594) to work on /home/airflow/.local/lib/python3.12/site-packages/airflow/example_dags/example_workday_timetable.py
[2025-07-28T15:55:12.733+0000] {processor.py:914} INFO - Processing file /home/airflow/.local/lib/python3.12/site-packages/airflow/example_dags/example_workday_timetable.py for tasks to queue
[2025-07-28T15:55:12.734+0000] {logging_mixin.py:190} INFO - [2025-07-28T15:55:12.734+0000] {dagbag.py:587} INFO - Filling up the DagBag from /home/airflow/.local/lib/python3.12/site-packages/airflow/example_dags/example_workday_timetable.py
[2025-07-28T15:55:12.737+0000] {processor.py:925} INFO - DAG(s) 'example_workday_timetable' retrieved from /home/airflow/.local/lib/python3.12/site-packages/airflow/example_dags/example_workday_timetable.py
[2025-07-28T15:55:12.746+0000] {logging_mixin.py:190} INFO - [2025-07-28T15:55:12.746+0000] {dag.py:3229} INFO - Sync 1 DAGs
[2025-07-28T15:55:12.810+0000] {logging_mixin.py:190} INFO - [2025-07-28T15:55:12.810+0000] {dag.py:4156} INFO - Setting next_dagrun for example_workday_timetable to 2021-01-04 00:00:00+00:00, run_after=2021-01-05 00:00:00+00:00
[2025-07-28T15:55:12.818+0000] {processor.py:208} INFO - Processing /home/airflow/.local/lib/python3.12/site-packages/airflow/example_dags/example_workday_timetable.py took 0.089 seconds
[2025-07-28T15:55:43.774+0000] {processor.py:186} INFO - Started process (PID=1657) to work on /home/airflow/.local/lib/python3.12/site-packages/airflow/example_dags/example_workday_timetable.py
[2025-07-28T15:55:43.775+0000] {processor.py:914} INFO - Processing file /home/airflow/.local/lib/python3.12/site-packages/airflow/example_dags/example_workday_timetable.py for tasks to queue
[2025-07-28T15:55:43.776+0000] {logging_mixin.py:190} INFO - [2025-07-28T15:55:43.776+0000] {dagbag.py:587} INFO - Filling up the DagBag from /home/airflow/.local/lib/python3.12/site-packages/airflow/example_dags/example_workday_timetable.py
[2025-07-28T15:55:43.779+0000] {processor.py:925} INFO - DAG(s) 'example_workday_timetable' retrieved from /home/airflow/.local/lib/python3.12/site-packages/airflow/example_dags/example_workday_timetable.py
[2025-07-28T15:55:43.787+0000] {logging_mixin.py:190} INFO - [2025-07-28T15:55:43.787+0000] {dag.py:3229} INFO - Sync 1 DAGs
[2025-07-28T15:55:43.848+0000] {logging_mixin.py:190} INFO - [2025-07-28T15:55:43.848+0000] {dag.py:4156} INFO - Setting next_dagrun for example_workday_timetable to 2021-01-04 00:00:00+00:00, run_after=2021-01-05 00:00:00+00:00
[2025-07-28T15:55:43.855+0000] {processor.py:208} INFO - Processing /home/airflow/.local/lib/python3.12/site-packages/airflow/example_dags/example_workday_timetable.py took 0.084 seconds
[2025-07-28T15:56:32.556+0000] {processor.py:186} INFO - Started process (PID=1727) to work on /home/airflow/.local/lib/python3.12/site-packages/airflow/example_dags/example_workday_timetable.py
[2025-07-28T15:56:32.558+0000] {processor.py:914} INFO - Processing file /home/airflow/.local/lib/python3.12/site-packages/airflow/example_dags/example_workday_timetable.py for tasks to queue
[2025-07-28T15:56:32.562+0000] {logging_mixin.py:190} INFO - [2025-07-28T15:56:32.561+0000] {dagbag.py:587} INFO - Filling up the DagBag from /home/airflow/.local/lib/python3.12/site-packages/airflow/example_dags/example_workday_timetable.py
[2025-07-28T15:56:32.568+0000] {processor.py:925} INFO - DAG(s) 'example_workday_timetable' retrieved from /home/airflow/.local/lib/python3.12/site-packages/airflow/example_dags/example_workday_timetable.py
[2025-07-28T15:56:32.605+0000] {logging_mixin.py:190} INFO - [2025-07-28T15:56:32.605+0000] {dag.py:3229} INFO - Sync 1 DAGs
[2025-07-28T15:56:33.041+0000] {logging_mixin.py:190} INFO - [2025-07-28T15:56:33.040+0000] {dag.py:4156} INFO - Setting next_dagrun for example_workday_timetable to 2021-01-04 00:00:00+00:00, run_after=2021-01-05 00:00:00+00:00
[2025-07-28T15:56:33.134+0000] {processor.py:208} INFO - Processing /home/airflow/.local/lib/python3.12/site-packages/airflow/example_dags/example_workday_timetable.py took 0.581 seconds
[2025-07-28T15:57:03.650+0000] {processor.py:186} INFO - Started process (PID=1790) to work on /home/airflow/.local/lib/python3.12/site-packages/airflow/example_dags/example_workday_timetable.py
[2025-07-28T15:57:03.653+0000] {processor.py:914} INFO - Processing file /home/airflow/.local/lib/python3.12/site-packages/airflow/example_dags/example_workday_timetable.py for tasks to queue
[2025-07-28T15:57:03.655+0000] {logging_mixin.py:190} INFO - [2025-07-28T15:57:03.655+0000] {dagbag.py:587} INFO - Filling up the DagBag from /home/airflow/.local/lib/python3.12/site-packages/airflow/example_dags/example_workday_timetable.py
[2025-07-28T15:57:03.661+0000] {processor.py:925} INFO - DAG(s) 'example_workday_timetable' retrieved from /home/airflow/.local/lib/python3.12/site-packages/airflow/example_dags/example_workday_timetable.py
[2025-07-28T15:57:03.676+0000] {logging_mixin.py:190} INFO - [2025-07-28T15:57:03.676+0000] {dag.py:3229} INFO - Sync 1 DAGs
[2025-07-28T15:57:03.761+0000] {logging_mixin.py:190} INFO - [2025-07-28T15:57:03.761+0000] {dag.py:4156} INFO - Setting next_dagrun for example_workday_timetable to 2021-01-04 00:00:00+00:00, run_after=2021-01-05 00:00:00+00:00
[2025-07-28T15:57:03.776+0000] {processor.py:208} INFO - Processing /home/airflow/.local/lib/python3.12/site-packages/airflow/example_dags/example_workday_timetable.py took 0.131 seconds
[2025-07-28T15:57:34.765+0000] {processor.py:186} INFO - Started process (PID=1852) to work on /home/airflow/.local/lib/python3.12/site-packages/airflow/example_dags/example_workday_timetable.py
[2025-07-28T15:57:34.766+0000] {processor.py:914} INFO - Processing file /home/airflow/.local/lib/python3.12/site-packages/airflow/example_dags/example_workday_timetable.py for tasks to queue
[2025-07-28T15:57:34.769+0000] {logging_mixin.py:190} INFO - [2025-07-28T15:57:34.769+0000] {dagbag.py:587} INFO - Filling up the DagBag from /home/airflow/.local/lib/python3.12/site-packages/airflow/example_dags/example_workday_timetable.py
[2025-07-28T15:57:34.774+0000] {processor.py:925} INFO - DAG(s) 'example_workday_timetable' retrieved from /home/airflow/.local/lib/python3.12/site-packages/airflow/example_dags/example_workday_timetable.py
[2025-07-28T15:57:34.799+0000] {logging_mixin.py:190} INFO - [2025-07-28T15:57:34.798+0000] {dag.py:3229} INFO - Sync 1 DAGs
[2025-07-28T15:57:34.952+0000] {logging_mixin.py:190} INFO - [2025-07-28T15:57:34.951+0000] {dag.py:4156} INFO - Setting next_dagrun for example_workday_timetable to 2021-01-04 00:00:00+00:00, run_after=2021-01-05 00:00:00+00:00
[2025-07-28T15:57:34.979+0000] {processor.py:208} INFO - Processing /home/airflow/.local/lib/python3.12/site-packages/airflow/example_dags/example_workday_timetable.py took 0.220 seconds
[2025-07-28T15:58:05.372+0000] {processor.py:186} INFO - Started process (PID=1914) to work on /home/airflow/.local/lib/python3.12/site-packages/airflow/example_dags/example_workday_timetable.py
[2025-07-28T15:58:05.373+0000] {processor.py:914} INFO - Processing file /home/airflow/.local/lib/python3.12/site-packages/airflow/example_dags/example_workday_timetable.py for tasks to queue
[2025-07-28T15:58:05.376+0000] {logging_mixin.py:190} INFO - [2025-07-28T15:58:05.376+0000] {dagbag.py:587} INFO - Filling up the DagBag from /home/airflow/.local/lib/python3.12/site-packages/airflow/example_dags/example_workday_timetable.py
[2025-07-28T15:58:05.380+0000] {processor.py:925} INFO - DAG(s) 'example_workday_timetable' retrieved from /home/airflow/.local/lib/python3.12/site-packages/airflow/example_dags/example_workday_timetable.py
[2025-07-28T15:58:05.395+0000] {logging_mixin.py:190} INFO - [2025-07-28T15:58:05.394+0000] {dag.py:3229} INFO - Sync 1 DAGs
[2025-07-28T15:58:05.499+0000] {logging_mixin.py:190} INFO - [2025-07-28T15:58:05.499+0000] {dag.py:4156} INFO - Setting next_dagrun for example_workday_timetable to 2021-01-04 00:00:00+00:00, run_after=2021-01-05 00:00:00+00:00
[2025-07-28T15:58:05.510+0000] {processor.py:208} INFO - Processing /home/airflow/.local/lib/python3.12/site-packages/airflow/example_dags/example_workday_timetable.py took 0.150 seconds
[2025-07-28T15:58:36.051+0000] {processor.py:186} INFO - Started process (PID=1978) to work on /home/airflow/.local/lib/python3.12/site-packages/airflow/example_dags/example_workday_timetable.py
[2025-07-28T15:58:36.052+0000] {processor.py:914} INFO - Processing file /home/airflow/.local/lib/python3.12/site-packages/airflow/example_dags/example_workday_timetable.py for tasks to queue
[2025-07-28T15:58:36.053+0000] {logging_mixin.py:190} INFO - [2025-07-28T15:58:36.053+0000] {dagbag.py:587} INFO - Filling up the DagBag from /home/airflow/.local/lib/python3.12/site-packages/airflow/example_dags/example_workday_timetable.py
[2025-07-28T15:58:36.057+0000] {processor.py:925} INFO - DAG(s) 'example_workday_timetable' retrieved from /home/airflow/.local/lib/python3.12/site-packages/airflow/example_dags/example_workday_timetable.py
[2025-07-28T15:58:36.071+0000] {logging_mixin.py:190} INFO - [2025-07-28T15:58:36.071+0000] {dag.py:3229} INFO - Sync 1 DAGs
[2025-07-28T15:58:36.148+0000] {logging_mixin.py:190} INFO - [2025-07-28T15:58:36.148+0000] {dag.py:4156} INFO - Setting next_dagrun for example_workday_timetable to 2021-01-04 00:00:00+00:00, run_after=2021-01-05 00:00:00+00:00
[2025-07-28T15:58:36.162+0000] {processor.py:208} INFO - Processing /home/airflow/.local/lib/python3.12/site-packages/airflow/example_dags/example_workday_timetable.py took 0.121 seconds
[2025-07-28T15:59:06.290+0000] {processor.py:186} INFO - Started process (PID=2040) to work on /home/airflow/.local/lib/python3.12/site-packages/airflow/example_dags/example_workday_timetable.py
[2025-07-28T15:59:06.291+0000] {processor.py:914} INFO - Processing file /home/airflow/.local/lib/python3.12/site-packages/airflow/example_dags/example_workday_timetable.py for tasks to queue
[2025-07-28T15:59:06.293+0000] {logging_mixin.py:190} INFO - [2025-07-28T15:59:06.293+0000] {dagbag.py:587} INFO - Filling up the DagBag from /home/airflow/.local/lib/python3.12/site-packages/airflow/example_dags/example_workday_timetable.py
[2025-07-28T15:59:06.299+0000] {processor.py:925} INFO - DAG(s) 'example_workday_timetable' retrieved from /home/airflow/.local/lib/python3.12/site-packages/airflow/example_dags/example_workday_timetable.py
[2025-07-28T15:59:06.316+0000] {logging_mixin.py:190} INFO - [2025-07-28T15:59:06.316+0000] {dag.py:3229} INFO - Sync 1 DAGs
[2025-07-28T15:59:06.401+0000] {logging_mixin.py:190} INFO - [2025-07-28T15:59:06.400+0000] {dag.py:4156} INFO - Setting next_dagrun for example_workday_timetable to 2021-01-04 00:00:00+00:00, run_after=2021-01-05 00:00:00+00:00
[2025-07-28T15:59:06.422+0000] {processor.py:208} INFO - Processing /home/airflow/.local/lib/python3.12/site-packages/airflow/example_dags/example_workday_timetable.py took 0.137 seconds
[2025-07-28T15:59:36.680+0000] {processor.py:186} INFO - Started process (PID=2102) to work on /home/airflow/.local/lib/python3.12/site-packages/airflow/example_dags/example_workday_timetable.py
[2025-07-28T15:59:36.681+0000] {processor.py:914} INFO - Processing file /home/airflow/.local/lib/python3.12/site-packages/airflow/example_dags/example_workday_timetable.py for tasks to queue
[2025-07-28T15:59:36.682+0000] {logging_mixin.py:190} INFO - [2025-07-28T15:59:36.682+0000] {dagbag.py:587} INFO - Filling up the DagBag from /home/airflow/.local/lib/python3.12/site-packages/airflow/example_dags/example_workday_timetable.py
[2025-07-28T15:59:36.686+0000] {processor.py:925} INFO - DAG(s) 'example_workday_timetable' retrieved from /home/airflow/.local/lib/python3.12/site-packages/airflow/example_dags/example_workday_timetable.py
[2025-07-28T15:59:36.697+0000] {logging_mixin.py:190} INFO - [2025-07-28T15:59:36.697+0000] {dag.py:3229} INFO - Sync 1 DAGs
[2025-07-28T15:59:36.730+0000] {logging_mixin.py:190} INFO - [2025-07-28T15:59:36.730+0000] {dag.py:4156} INFO - Setting next_dagrun for example_workday_timetable to 2021-01-04 00:00:00+00:00, run_after=2021-01-05 00:00:00+00:00
[2025-07-28T15:59:36.738+0000] {processor.py:208} INFO - Processing /home/airflow/.local/lib/python3.12/site-packages/airflow/example_dags/example_workday_timetable.py took 0.062 seconds
[2025-07-28T16:00:07.097+0000] {processor.py:186} INFO - Started process (PID=2165) to work on /home/airflow/.local/lib/python3.12/site-packages/airflow/example_dags/example_workday_timetable.py
[2025-07-28T16:00:07.098+0000] {processor.py:914} INFO - Processing file /home/airflow/.local/lib/python3.12/site-packages/airflow/example_dags/example_workday_timetable.py for tasks to queue
[2025-07-28T16:00:07.099+0000] {logging_mixin.py:190} INFO - [2025-07-28T16:00:07.099+0000] {dagbag.py:587} INFO - Filling up the DagBag from /home/airflow/.local/lib/python3.12/site-packages/airflow/example_dags/example_workday_timetable.py
[2025-07-28T16:00:07.103+0000] {processor.py:925} INFO - DAG(s) 'example_workday_timetable' retrieved from /home/airflow/.local/lib/python3.12/site-packages/airflow/example_dags/example_workday_timetable.py
[2025-07-28T16:00:07.114+0000] {logging_mixin.py:190} INFO - [2025-07-28T16:00:07.114+0000] {dag.py:3229} INFO - Sync 1 DAGs
[2025-07-28T16:00:07.167+0000] {logging_mixin.py:190} INFO - [2025-07-28T16:00:07.167+0000] {dag.py:4156} INFO - Setting next_dagrun for example_workday_timetable to 2021-01-04 00:00:00+00:00, run_after=2021-01-05 00:00:00+00:00
[2025-07-28T16:00:07.190+0000] {processor.py:208} INFO - Processing /home/airflow/.local/lib/python3.12/site-packages/airflow/example_dags/example_workday_timetable.py took 0.096 seconds
[2025-07-28T16:00:38.351+0000] {processor.py:186} INFO - Started process (PID=2229) to work on /home/airflow/.local/lib/python3.12/site-packages/airflow/example_dags/example_workday_timetable.py
[2025-07-28T16:00:38.354+0000] {processor.py:914} INFO - Processing file /home/airflow/.local/lib/python3.12/site-packages/airflow/example_dags/example_workday_timetable.py for tasks to queue
[2025-07-28T16:00:38.356+0000] {logging_mixin.py:190} INFO - [2025-07-28T16:00:38.356+0000] {dagbag.py:587} INFO - Filling up the DagBag from /home/airflow/.local/lib/python3.12/site-packages/airflow/example_dags/example_workday_timetable.py
[2025-07-28T16:00:38.360+0000] {processor.py:925} INFO - DAG(s) 'example_workday_timetable' retrieved from /home/airflow/.local/lib/python3.12/site-packages/airflow/example_dags/example_workday_timetable.py
[2025-07-28T16:00:38.383+0000] {logging_mixin.py:190} INFO - [2025-07-28T16:00:38.382+0000] {dag.py:3229} INFO - Sync 1 DAGs
[2025-07-28T16:00:38.431+0000] {logging_mixin.py:190} INFO - [2025-07-28T16:00:38.431+0000] {dag.py:4156} INFO - Setting next_dagrun for example_workday_timetable to 2021-01-04 00:00:00+00:00, run_after=2021-01-05 00:00:00+00:00
[2025-07-28T16:00:38.440+0000] {processor.py:208} INFO - Processing /home/airflow/.local/lib/python3.12/site-packages/airflow/example_dags/example_workday_timetable.py took 0.093 seconds
