[2025-07-28T15:42:51.475+0000] {processor.py:186} INFO - Started process (PID=76) to work on /home/airflow/.local/lib/python3.12/site-packages/airflow/example_dags/example_short_circuit_decorator.py
[2025-07-28T15:42:51.476+0000] {processor.py:914} INFO - Processing file /home/airflow/.local/lib/python3.12/site-packages/airflow/example_dags/example_short_circuit_decorator.py for tasks to queue
[2025-07-28T15:42:51.479+0000] {logging_mixin.py:190} INFO - [2025-07-28T15:42:51.478+0000] {dagbag.py:587} INFO - Filling up the DagBag from /home/airflow/.local/lib/python3.12/site-packages/airflow/example_dags/example_short_circuit_decorator.py
[2025-07-28T15:42:51.491+0000] {processor.py:925} INFO - DAG(s) 'example_short_circuit_decorator' retrieved from /home/airflow/.local/lib/python3.12/site-packages/airflow/example_dags/example_short_circuit_decorator.py
[2025-07-28T15:42:51.664+0000] {logging_mixin.py:190} INFO - [2025-07-28T15:42:51.660+0000] {override.py:1900} INFO - Created Permission View: can edit on DAG:example_short_circuit_decorator
[2025-07-28T15:42:51.678+0000] {logging_mixin.py:190} INFO - [2025-07-28T15:42:51.678+0000] {override.py:1900} INFO - Created Permission View: can read on DAG:example_short_circuit_decorator
[2025-07-28T15:42:51.681+0000] {logging_mixin.py:190} INFO - [2025-07-28T15:42:51.681+0000] {override.py:1900} INFO - Created Permission View: can delete on DAG:example_short_circuit_decorator
[2025-07-28T15:42:51.684+0000] {logging_mixin.py:190} INFO - [2025-07-28T15:42:51.684+0000] {override.py:1900} INFO - Created Permission View: can read on DAG Run:example_short_circuit_decorator
[2025-07-28T15:42:51.690+0000] {logging_mixin.py:190} INFO - [2025-07-28T15:42:51.689+0000] {override.py:1900} INFO - Created Permission View: can delete on DAG Run:example_short_circuit_decorator
[2025-07-28T15:42:51.693+0000] {logging_mixin.py:190} INFO - [2025-07-28T15:42:51.693+0000] {override.py:1900} INFO - Created Permission View: can create on DAG Run:example_short_circuit_decorator
[2025-07-28T15:42:51.696+0000] {logging_mixin.py:190} INFO - [2025-07-28T15:42:51.696+0000] {override.py:1900} INFO - Created Permission View: menu access on DAG Run:example_short_circuit_decorator
[2025-07-28T15:42:51.696+0000] {logging_mixin.py:190} INFO - [2025-07-28T15:42:51.696+0000] {dag.py:3229} INFO - Sync 1 DAGs
[2025-07-28T15:42:51.706+0000] {logging_mixin.py:190} INFO - [2025-07-28T15:42:51.706+0000] {dag.py:3252} INFO - Creating ORM DAG for example_short_circuit_decorator
[2025-07-28T15:42:51.707+0000] {logging_mixin.py:190} INFO - [2025-07-28T15:42:51.707+0000] {dag.py:4156} INFO - Setting next_dagrun for example_short_circuit_decorator to None, run_after=None
[2025-07-28T15:42:51.718+0000] {processor.py:208} INFO - Processing /home/airflow/.local/lib/python3.12/site-packages/airflow/example_dags/example_short_circuit_decorator.py took 0.256 seconds
[2025-07-28T15:43:22.482+0000] {processor.py:186} INFO - Started process (PID=138) to work on /home/airflow/.local/lib/python3.12/site-packages/airflow/example_dags/example_short_circuit_decorator.py
[2025-07-28T15:43:22.485+0000] {processor.py:914} INFO - Processing file /home/airflow/.local/lib/python3.12/site-packages/airflow/example_dags/example_short_circuit_decorator.py for tasks to queue
[2025-07-28T15:43:22.489+0000] {logging_mixin.py:190} INFO - [2025-07-28T15:43:22.489+0000] {dagbag.py:587} INFO - Filling up the DagBag from /home/airflow/.local/lib/python3.12/site-packages/airflow/example_dags/example_short_circuit_decorator.py
[2025-07-28T15:43:22.499+0000] {processor.py:925} INFO - DAG(s) 'example_short_circuit_decorator' retrieved from /home/airflow/.local/lib/python3.12/site-packages/airflow/example_dags/example_short_circuit_decorator.py
[2025-07-28T15:43:22.536+0000] {logging_mixin.py:190} INFO - [2025-07-28T15:43:22.536+0000] {dag.py:3229} INFO - Sync 1 DAGs
[2025-07-28T15:43:22.558+0000] {logging_mixin.py:190} INFO - [2025-07-28T15:43:22.558+0000] {dag.py:4156} INFO - Setting next_dagrun for example_short_circuit_decorator to None, run_after=None
[2025-07-28T15:43:22.575+0000] {processor.py:208} INFO - Processing /home/airflow/.local/lib/python3.12/site-packages/airflow/example_dags/example_short_circuit_decorator.py took 0.100 seconds
[2025-07-28T15:43:53.307+0000] {processor.py:186} INFO - Started process (PID=200) to work on /home/airflow/.local/lib/python3.12/site-packages/airflow/example_dags/example_short_circuit_decorator.py
[2025-07-28T15:43:53.308+0000] {processor.py:914} INFO - Processing file /home/airflow/.local/lib/python3.12/site-packages/airflow/example_dags/example_short_circuit_decorator.py for tasks to queue
[2025-07-28T15:43:53.311+0000] {logging_mixin.py:190} INFO - [2025-07-28T15:43:53.311+0000] {dagbag.py:587} INFO - Filling up the DagBag from /home/airflow/.local/lib/python3.12/site-packages/airflow/example_dags/example_short_circuit_decorator.py
[2025-07-28T15:43:53.320+0000] {processor.py:925} INFO - DAG(s) 'example_short_circuit_decorator' retrieved from /home/airflow/.local/lib/python3.12/site-packages/airflow/example_dags/example_short_circuit_decorator.py
[2025-07-28T15:43:53.338+0000] {logging_mixin.py:190} INFO - [2025-07-28T15:43:53.338+0000] {dag.py:3229} INFO - Sync 1 DAGs
[2025-07-28T15:43:53.348+0000] {logging_mixin.py:190} INFO - [2025-07-28T15:43:53.348+0000] {dag.py:4156} INFO - Setting next_dagrun for example_short_circuit_decorator to None, run_after=None
[2025-07-28T15:43:53.357+0000] {processor.py:208} INFO - Processing /home/airflow/.local/lib/python3.12/site-packages/airflow/example_dags/example_short_circuit_decorator.py took 0.056 seconds
[2025-07-28T15:44:23.933+0000] {processor.py:186} INFO - Started process (PID=262) to work on /home/airflow/.local/lib/python3.12/site-packages/airflow/example_dags/example_short_circuit_decorator.py
[2025-07-28T15:44:23.934+0000] {processor.py:914} INFO - Processing file /home/airflow/.local/lib/python3.12/site-packages/airflow/example_dags/example_short_circuit_decorator.py for tasks to queue
[2025-07-28T15:44:23.938+0000] {logging_mixin.py:190} INFO - [2025-07-28T15:44:23.938+0000] {dagbag.py:587} INFO - Filling up the DagBag from /home/airflow/.local/lib/python3.12/site-packages/airflow/example_dags/example_short_circuit_decorator.py
[2025-07-28T15:44:23.947+0000] {processor.py:925} INFO - DAG(s) 'example_short_circuit_decorator' retrieved from /home/airflow/.local/lib/python3.12/site-packages/airflow/example_dags/example_short_circuit_decorator.py
[2025-07-28T15:44:23.964+0000] {logging_mixin.py:190} INFO - [2025-07-28T15:44:23.964+0000] {dag.py:3229} INFO - Sync 1 DAGs
[2025-07-28T15:44:23.972+0000] {logging_mixin.py:190} INFO - [2025-07-28T15:44:23.972+0000] {dag.py:4156} INFO - Setting next_dagrun for example_short_circuit_decorator to None, run_after=None
[2025-07-28T15:44:23.980+0000] {processor.py:208} INFO - Processing /home/airflow/.local/lib/python3.12/site-packages/airflow/example_dags/example_short_circuit_decorator.py took 0.054 seconds
[2025-07-28T15:44:54.411+0000] {processor.py:186} INFO - Started process (PID=324) to work on /home/airflow/.local/lib/python3.12/site-packages/airflow/example_dags/example_short_circuit_decorator.py
[2025-07-28T15:44:54.413+0000] {processor.py:914} INFO - Processing file /home/airflow/.local/lib/python3.12/site-packages/airflow/example_dags/example_short_circuit_decorator.py for tasks to queue
[2025-07-28T15:44:54.415+0000] {logging_mixin.py:190} INFO - [2025-07-28T15:44:54.415+0000] {dagbag.py:587} INFO - Filling up the DagBag from /home/airflow/.local/lib/python3.12/site-packages/airflow/example_dags/example_short_circuit_decorator.py
[2025-07-28T15:44:54.424+0000] {processor.py:925} INFO - DAG(s) 'example_short_circuit_decorator' retrieved from /home/airflow/.local/lib/python3.12/site-packages/airflow/example_dags/example_short_circuit_decorator.py
[2025-07-28T15:44:54.441+0000] {logging_mixin.py:190} INFO - [2025-07-28T15:44:54.441+0000] {dag.py:3229} INFO - Sync 1 DAGs
[2025-07-28T15:44:54.450+0000] {logging_mixin.py:190} INFO - [2025-07-28T15:44:54.450+0000] {dag.py:4156} INFO - Setting next_dagrun for example_short_circuit_decorator to None, run_after=None
[2025-07-28T15:44:54.458+0000] {processor.py:208} INFO - Processing /home/airflow/.local/lib/python3.12/site-packages/airflow/example_dags/example_short_circuit_decorator.py took 0.056 seconds
[2025-07-28T15:45:25.143+0000] {processor.py:186} INFO - Started process (PID=386) to work on /home/airflow/.local/lib/python3.12/site-packages/airflow/example_dags/example_short_circuit_decorator.py
[2025-07-28T15:45:25.144+0000] {processor.py:914} INFO - Processing file /home/airflow/.local/lib/python3.12/site-packages/airflow/example_dags/example_short_circuit_decorator.py for tasks to queue
[2025-07-28T15:45:25.147+0000] {logging_mixin.py:190} INFO - [2025-07-28T15:45:25.147+0000] {dagbag.py:587} INFO - Filling up the DagBag from /home/airflow/.local/lib/python3.12/site-packages/airflow/example_dags/example_short_circuit_decorator.py
[2025-07-28T15:45:25.157+0000] {processor.py:925} INFO - DAG(s) 'example_short_circuit_decorator' retrieved from /home/airflow/.local/lib/python3.12/site-packages/airflow/example_dags/example_short_circuit_decorator.py
[2025-07-28T15:45:25.180+0000] {logging_mixin.py:190} INFO - [2025-07-28T15:45:25.179+0000] {dag.py:3229} INFO - Sync 1 DAGs
[2025-07-28T15:45:25.195+0000] {logging_mixin.py:190} INFO - [2025-07-28T15:45:25.195+0000] {dag.py:4156} INFO - Setting next_dagrun for example_short_circuit_decorator to None, run_after=None
[2025-07-28T15:45:25.208+0000] {processor.py:208} INFO - Processing /home/airflow/.local/lib/python3.12/site-packages/airflow/example_dags/example_short_circuit_decorator.py took 0.071 seconds
[2025-07-28T15:45:56.048+0000] {processor.py:186} INFO - Started process (PID=448) to work on /home/airflow/.local/lib/python3.12/site-packages/airflow/example_dags/example_short_circuit_decorator.py
[2025-07-28T15:45:56.052+0000] {processor.py:914} INFO - Processing file /home/airflow/.local/lib/python3.12/site-packages/airflow/example_dags/example_short_circuit_decorator.py for tasks to queue
[2025-07-28T15:45:56.056+0000] {logging_mixin.py:190} INFO - [2025-07-28T15:45:56.056+0000] {dagbag.py:587} INFO - Filling up the DagBag from /home/airflow/.local/lib/python3.12/site-packages/airflow/example_dags/example_short_circuit_decorator.py
[2025-07-28T15:45:56.064+0000] {processor.py:925} INFO - DAG(s) 'example_short_circuit_decorator' retrieved from /home/airflow/.local/lib/python3.12/site-packages/airflow/example_dags/example_short_circuit_decorator.py
[2025-07-28T15:45:56.079+0000] {logging_mixin.py:190} INFO - [2025-07-28T15:45:56.079+0000] {dag.py:3229} INFO - Sync 1 DAGs
[2025-07-28T15:45:56.086+0000] {logging_mixin.py:190} INFO - [2025-07-28T15:45:56.086+0000] {dag.py:4156} INFO - Setting next_dagrun for example_short_circuit_decorator to None, run_after=None
[2025-07-28T15:45:56.094+0000] {processor.py:208} INFO - Processing /home/airflow/.local/lib/python3.12/site-packages/airflow/example_dags/example_short_circuit_decorator.py took 0.051 seconds
[2025-07-28T15:46:26.595+0000] {processor.py:186} INFO - Started process (PID=510) to work on /home/airflow/.local/lib/python3.12/site-packages/airflow/example_dags/example_short_circuit_decorator.py
[2025-07-28T15:46:26.596+0000] {processor.py:914} INFO - Processing file /home/airflow/.local/lib/python3.12/site-packages/airflow/example_dags/example_short_circuit_decorator.py for tasks to queue
[2025-07-28T15:46:26.599+0000] {logging_mixin.py:190} INFO - [2025-07-28T15:46:26.598+0000] {dagbag.py:587} INFO - Filling up the DagBag from /home/airflow/.local/lib/python3.12/site-packages/airflow/example_dags/example_short_circuit_decorator.py
[2025-07-28T15:46:26.607+0000] {processor.py:925} INFO - DAG(s) 'example_short_circuit_decorator' retrieved from /home/airflow/.local/lib/python3.12/site-packages/airflow/example_dags/example_short_circuit_decorator.py
[2025-07-28T15:46:26.628+0000] {logging_mixin.py:190} INFO - [2025-07-28T15:46:26.628+0000] {dag.py:3229} INFO - Sync 1 DAGs
[2025-07-28T15:46:26.638+0000] {logging_mixin.py:190} INFO - [2025-07-28T15:46:26.638+0000] {dag.py:4156} INFO - Setting next_dagrun for example_short_circuit_decorator to None, run_after=None
[2025-07-28T15:46:26.656+0000] {processor.py:208} INFO - Processing /home/airflow/.local/lib/python3.12/site-packages/airflow/example_dags/example_short_circuit_decorator.py took 0.067 seconds
[2025-07-28T15:46:57.204+0000] {processor.py:186} INFO - Started process (PID=572) to work on /home/airflow/.local/lib/python3.12/site-packages/airflow/example_dags/example_short_circuit_decorator.py
[2025-07-28T15:46:57.205+0000] {processor.py:914} INFO - Processing file /home/airflow/.local/lib/python3.12/site-packages/airflow/example_dags/example_short_circuit_decorator.py for tasks to queue
[2025-07-28T15:46:57.207+0000] {logging_mixin.py:190} INFO - [2025-07-28T15:46:57.207+0000] {dagbag.py:587} INFO - Filling up the DagBag from /home/airflow/.local/lib/python3.12/site-packages/airflow/example_dags/example_short_circuit_decorator.py
[2025-07-28T15:46:57.214+0000] {processor.py:925} INFO - DAG(s) 'example_short_circuit_decorator' retrieved from /home/airflow/.local/lib/python3.12/site-packages/airflow/example_dags/example_short_circuit_decorator.py
[2025-07-28T15:46:57.228+0000] {logging_mixin.py:190} INFO - [2025-07-28T15:46:57.228+0000] {dag.py:3229} INFO - Sync 1 DAGs
[2025-07-28T15:46:57.236+0000] {logging_mixin.py:190} INFO - [2025-07-28T15:46:57.236+0000] {dag.py:4156} INFO - Setting next_dagrun for example_short_circuit_decorator to None, run_after=None
[2025-07-28T15:46:57.244+0000] {processor.py:208} INFO - Processing /home/airflow/.local/lib/python3.12/site-packages/airflow/example_dags/example_short_circuit_decorator.py took 0.044 seconds
[2025-07-28T15:47:27.844+0000] {processor.py:186} INFO - Started process (PID=634) to work on /home/airflow/.local/lib/python3.12/site-packages/airflow/example_dags/example_short_circuit_decorator.py
[2025-07-28T15:47:27.848+0000] {processor.py:914} INFO - Processing file /home/airflow/.local/lib/python3.12/site-packages/airflow/example_dags/example_short_circuit_decorator.py for tasks to queue
[2025-07-28T15:47:27.850+0000] {logging_mixin.py:190} INFO - [2025-07-28T15:47:27.850+0000] {dagbag.py:587} INFO - Filling up the DagBag from /home/airflow/.local/lib/python3.12/site-packages/airflow/example_dags/example_short_circuit_decorator.py
[2025-07-28T15:47:27.870+0000] {processor.py:925} INFO - DAG(s) 'example_short_circuit_decorator' retrieved from /home/airflow/.local/lib/python3.12/site-packages/airflow/example_dags/example_short_circuit_decorator.py
[2025-07-28T15:47:27.901+0000] {logging_mixin.py:190} INFO - [2025-07-28T15:47:27.901+0000] {dag.py:3229} INFO - Sync 1 DAGs
[2025-07-28T15:47:27.914+0000] {logging_mixin.py:190} INFO - [2025-07-28T15:47:27.914+0000] {dag.py:4156} INFO - Setting next_dagrun for example_short_circuit_decorator to None, run_after=None
[2025-07-28T15:47:27.928+0000] {processor.py:208} INFO - Processing /home/airflow/.local/lib/python3.12/site-packages/airflow/example_dags/example_short_circuit_decorator.py took 0.091 seconds
[2025-07-28T15:47:58.801+0000] {processor.py:186} INFO - Started process (PID=696) to work on /home/airflow/.local/lib/python3.12/site-packages/airflow/example_dags/example_short_circuit_decorator.py
[2025-07-28T15:47:58.802+0000] {processor.py:914} INFO - Processing file /home/airflow/.local/lib/python3.12/site-packages/airflow/example_dags/example_short_circuit_decorator.py for tasks to queue
[2025-07-28T15:47:58.803+0000] {logging_mixin.py:190} INFO - [2025-07-28T15:47:58.803+0000] {dagbag.py:587} INFO - Filling up the DagBag from /home/airflow/.local/lib/python3.12/site-packages/airflow/example_dags/example_short_circuit_decorator.py
[2025-07-28T15:47:58.810+0000] {processor.py:925} INFO - DAG(s) 'example_short_circuit_decorator' retrieved from /home/airflow/.local/lib/python3.12/site-packages/airflow/example_dags/example_short_circuit_decorator.py
[2025-07-28T15:47:58.830+0000] {logging_mixin.py:190} INFO - [2025-07-28T15:47:58.830+0000] {dag.py:3229} INFO - Sync 1 DAGs
[2025-07-28T15:47:58.838+0000] {logging_mixin.py:190} INFO - [2025-07-28T15:47:58.838+0000] {dag.py:4156} INFO - Setting next_dagrun for example_short_circuit_decorator to None, run_after=None
[2025-07-28T15:47:58.848+0000] {processor.py:208} INFO - Processing /home/airflow/.local/lib/python3.12/site-packages/airflow/example_dags/example_short_circuit_decorator.py took 0.056 seconds
[2025-07-28T15:48:29.321+0000] {processor.py:186} INFO - Started process (PID=758) to work on /home/airflow/.local/lib/python3.12/site-packages/airflow/example_dags/example_short_circuit_decorator.py
[2025-07-28T15:48:29.322+0000] {processor.py:914} INFO - Processing file /home/airflow/.local/lib/python3.12/site-packages/airflow/example_dags/example_short_circuit_decorator.py for tasks to queue
[2025-07-28T15:48:29.324+0000] {logging_mixin.py:190} INFO - [2025-07-28T15:48:29.324+0000] {dagbag.py:587} INFO - Filling up the DagBag from /home/airflow/.local/lib/python3.12/site-packages/airflow/example_dags/example_short_circuit_decorator.py
[2025-07-28T15:48:29.343+0000] {processor.py:925} INFO - DAG(s) 'example_short_circuit_decorator' retrieved from /home/airflow/.local/lib/python3.12/site-packages/airflow/example_dags/example_short_circuit_decorator.py
[2025-07-28T15:48:29.363+0000] {logging_mixin.py:190} INFO - [2025-07-28T15:48:29.363+0000] {dag.py:3229} INFO - Sync 1 DAGs
[2025-07-28T15:48:29.379+0000] {logging_mixin.py:190} INFO - [2025-07-28T15:48:29.379+0000] {dag.py:4156} INFO - Setting next_dagrun for example_short_circuit_decorator to None, run_after=None
[2025-07-28T15:48:29.391+0000] {processor.py:208} INFO - Processing /home/airflow/.local/lib/python3.12/site-packages/airflow/example_dags/example_short_circuit_decorator.py took 0.074 seconds
[2025-07-28T15:49:00.226+0000] {processor.py:186} INFO - Started process (PID=820) to work on /home/airflow/.local/lib/python3.12/site-packages/airflow/example_dags/example_short_circuit_decorator.py
[2025-07-28T15:49:00.227+0000] {processor.py:914} INFO - Processing file /home/airflow/.local/lib/python3.12/site-packages/airflow/example_dags/example_short_circuit_decorator.py for tasks to queue
[2025-07-28T15:49:00.229+0000] {logging_mixin.py:190} INFO - [2025-07-28T15:49:00.229+0000] {dagbag.py:587} INFO - Filling up the DagBag from /home/airflow/.local/lib/python3.12/site-packages/airflow/example_dags/example_short_circuit_decorator.py
[2025-07-28T15:49:00.246+0000] {processor.py:925} INFO - DAG(s) 'example_short_circuit_decorator' retrieved from /home/airflow/.local/lib/python3.12/site-packages/airflow/example_dags/example_short_circuit_decorator.py
[2025-07-28T15:49:00.271+0000] {logging_mixin.py:190} INFO - [2025-07-28T15:49:00.271+0000] {dag.py:3229} INFO - Sync 1 DAGs
[2025-07-28T15:49:00.284+0000] {logging_mixin.py:190} INFO - [2025-07-28T15:49:00.284+0000] {dag.py:4156} INFO - Setting next_dagrun for example_short_circuit_decorator to None, run_after=None
[2025-07-28T15:49:00.300+0000] {processor.py:208} INFO - Processing /home/airflow/.local/lib/python3.12/site-packages/airflow/example_dags/example_short_circuit_decorator.py took 0.080 seconds
[2025-07-28T15:49:30.817+0000] {processor.py:186} INFO - Started process (PID=882) to work on /home/airflow/.local/lib/python3.12/site-packages/airflow/example_dags/example_short_circuit_decorator.py
[2025-07-28T15:49:30.819+0000] {processor.py:914} INFO - Processing file /home/airflow/.local/lib/python3.12/site-packages/airflow/example_dags/example_short_circuit_decorator.py for tasks to queue
[2025-07-28T15:49:30.823+0000] {logging_mixin.py:190} INFO - [2025-07-28T15:49:30.823+0000] {dagbag.py:587} INFO - Filling up the DagBag from /home/airflow/.local/lib/python3.12/site-packages/airflow/example_dags/example_short_circuit_decorator.py
[2025-07-28T15:49:30.831+0000] {processor.py:925} INFO - DAG(s) 'example_short_circuit_decorator' retrieved from /home/airflow/.local/lib/python3.12/site-packages/airflow/example_dags/example_short_circuit_decorator.py
[2025-07-28T15:49:30.849+0000] {logging_mixin.py:190} INFO - [2025-07-28T15:49:30.849+0000] {dag.py:3229} INFO - Sync 1 DAGs
[2025-07-28T15:49:30.858+0000] {logging_mixin.py:190} INFO - [2025-07-28T15:49:30.858+0000] {dag.py:4156} INFO - Setting next_dagrun for example_short_circuit_decorator to None, run_after=None
[2025-07-28T15:49:30.867+0000] {processor.py:208} INFO - Processing /home/airflow/.local/lib/python3.12/site-packages/airflow/example_dags/example_short_circuit_decorator.py took 0.056 seconds
[2025-07-28T15:50:01.438+0000] {processor.py:186} INFO - Started process (PID=944) to work on /home/airflow/.local/lib/python3.12/site-packages/airflow/example_dags/example_short_circuit_decorator.py
[2025-07-28T15:50:01.440+0000] {processor.py:914} INFO - Processing file /home/airflow/.local/lib/python3.12/site-packages/airflow/example_dags/example_short_circuit_decorator.py for tasks to queue
[2025-07-28T15:50:01.443+0000] {logging_mixin.py:190} INFO - [2025-07-28T15:50:01.443+0000] {dagbag.py:587} INFO - Filling up the DagBag from /home/airflow/.local/lib/python3.12/site-packages/airflow/example_dags/example_short_circuit_decorator.py
[2025-07-28T15:50:01.467+0000] {processor.py:925} INFO - DAG(s) 'example_short_circuit_decorator' retrieved from /home/airflow/.local/lib/python3.12/site-packages/airflow/example_dags/example_short_circuit_decorator.py
[2025-07-28T15:50:01.517+0000] {logging_mixin.py:190} INFO - [2025-07-28T15:50:01.517+0000] {dag.py:3229} INFO - Sync 1 DAGs
[2025-07-28T15:50:01.534+0000] {logging_mixin.py:190} INFO - [2025-07-28T15:50:01.534+0000] {dag.py:4156} INFO - Setting next_dagrun for example_short_circuit_decorator to None, run_after=None
[2025-07-28T15:50:01.549+0000] {processor.py:208} INFO - Processing /home/airflow/.local/lib/python3.12/site-packages/airflow/example_dags/example_short_circuit_decorator.py took 0.118 seconds
[2025-07-28T15:50:31.883+0000] {processor.py:186} INFO - Started process (PID=1006) to work on /home/airflow/.local/lib/python3.12/site-packages/airflow/example_dags/example_short_circuit_decorator.py
[2025-07-28T15:50:31.884+0000] {processor.py:914} INFO - Processing file /home/airflow/.local/lib/python3.12/site-packages/airflow/example_dags/example_short_circuit_decorator.py for tasks to queue
[2025-07-28T15:50:31.885+0000] {logging_mixin.py:190} INFO - [2025-07-28T15:50:31.885+0000] {dagbag.py:587} INFO - Filling up the DagBag from /home/airflow/.local/lib/python3.12/site-packages/airflow/example_dags/example_short_circuit_decorator.py
[2025-07-28T15:50:31.894+0000] {processor.py:925} INFO - DAG(s) 'example_short_circuit_decorator' retrieved from /home/airflow/.local/lib/python3.12/site-packages/airflow/example_dags/example_short_circuit_decorator.py
[2025-07-28T15:50:31.909+0000] {logging_mixin.py:190} INFO - [2025-07-28T15:50:31.909+0000] {dag.py:3229} INFO - Sync 1 DAGs
[2025-07-28T15:50:31.916+0000] {logging_mixin.py:190} INFO - [2025-07-28T15:50:31.916+0000] {dag.py:4156} INFO - Setting next_dagrun for example_short_circuit_decorator to None, run_after=None
[2025-07-28T15:50:31.923+0000] {processor.py:208} INFO - Processing /home/airflow/.local/lib/python3.12/site-packages/airflow/example_dags/example_short_circuit_decorator.py took 0.044 seconds
[2025-07-28T15:51:01.979+0000] {processor.py:186} INFO - Started process (PID=1067) to work on /home/airflow/.local/lib/python3.12/site-packages/airflow/example_dags/example_short_circuit_decorator.py
[2025-07-28T15:51:01.980+0000] {processor.py:914} INFO - Processing file /home/airflow/.local/lib/python3.12/site-packages/airflow/example_dags/example_short_circuit_decorator.py for tasks to queue
[2025-07-28T15:51:01.981+0000] {logging_mixin.py:190} INFO - [2025-07-28T15:51:01.981+0000] {dagbag.py:587} INFO - Filling up the DagBag from /home/airflow/.local/lib/python3.12/site-packages/airflow/example_dags/example_short_circuit_decorator.py
[2025-07-28T15:51:01.991+0000] {processor.py:925} INFO - DAG(s) 'example_short_circuit_decorator' retrieved from /home/airflow/.local/lib/python3.12/site-packages/airflow/example_dags/example_short_circuit_decorator.py
[2025-07-28T15:51:02.009+0000] {logging_mixin.py:190} INFO - [2025-07-28T15:51:02.009+0000] {dag.py:3229} INFO - Sync 1 DAGs
[2025-07-28T15:51:02.015+0000] {logging_mixin.py:190} INFO - [2025-07-28T15:51:02.015+0000] {dag.py:4156} INFO - Setting next_dagrun for example_short_circuit_decorator to None, run_after=None
[2025-07-28T15:51:02.027+0000] {processor.py:208} INFO - Processing /home/airflow/.local/lib/python3.12/site-packages/airflow/example_dags/example_short_circuit_decorator.py took 0.052 seconds
[2025-07-28T15:51:32.603+0000] {processor.py:186} INFO - Started process (PID=1130) to work on /home/airflow/.local/lib/python3.12/site-packages/airflow/example_dags/example_short_circuit_decorator.py
[2025-07-28T15:51:32.603+0000] {processor.py:914} INFO - Processing file /home/airflow/.local/lib/python3.12/site-packages/airflow/example_dags/example_short_circuit_decorator.py for tasks to queue
[2025-07-28T15:51:32.605+0000] {logging_mixin.py:190} INFO - [2025-07-28T15:51:32.605+0000] {dagbag.py:587} INFO - Filling up the DagBag from /home/airflow/.local/lib/python3.12/site-packages/airflow/example_dags/example_short_circuit_decorator.py
[2025-07-28T15:51:32.614+0000] {processor.py:925} INFO - DAG(s) 'example_short_circuit_decorator' retrieved from /home/airflow/.local/lib/python3.12/site-packages/airflow/example_dags/example_short_circuit_decorator.py
[2025-07-28T15:51:32.628+0000] {logging_mixin.py:190} INFO - [2025-07-28T15:51:32.628+0000] {dag.py:3229} INFO - Sync 1 DAGs
[2025-07-28T15:51:32.635+0000] {logging_mixin.py:190} INFO - [2025-07-28T15:51:32.635+0000] {dag.py:4156} INFO - Setting next_dagrun for example_short_circuit_decorator to None, run_after=None
[2025-07-28T15:51:32.644+0000] {processor.py:208} INFO - Processing /home/airflow/.local/lib/python3.12/site-packages/airflow/example_dags/example_short_circuit_decorator.py took 0.052 seconds
[2025-07-28T15:52:02.982+0000] {processor.py:186} INFO - Started process (PID=1192) to work on /home/airflow/.local/lib/python3.12/site-packages/airflow/example_dags/example_short_circuit_decorator.py
[2025-07-28T15:52:02.983+0000] {processor.py:914} INFO - Processing file /home/airflow/.local/lib/python3.12/site-packages/airflow/example_dags/example_short_circuit_decorator.py for tasks to queue
[2025-07-28T15:52:02.984+0000] {logging_mixin.py:190} INFO - [2025-07-28T15:52:02.984+0000] {dagbag.py:587} INFO - Filling up the DagBag from /home/airflow/.local/lib/python3.12/site-packages/airflow/example_dags/example_short_circuit_decorator.py
[2025-07-28T15:52:02.989+0000] {processor.py:925} INFO - DAG(s) 'example_short_circuit_decorator' retrieved from /home/airflow/.local/lib/python3.12/site-packages/airflow/example_dags/example_short_circuit_decorator.py
[2025-07-28T15:52:03.001+0000] {logging_mixin.py:190} INFO - [2025-07-28T15:52:03.001+0000] {dag.py:3229} INFO - Sync 1 DAGs
[2025-07-28T15:52:03.008+0000] {logging_mixin.py:190} INFO - [2025-07-28T15:52:03.007+0000] {dag.py:4156} INFO - Setting next_dagrun for example_short_circuit_decorator to None, run_after=None
[2025-07-28T15:52:03.016+0000] {processor.py:208} INFO - Processing /home/airflow/.local/lib/python3.12/site-packages/airflow/example_dags/example_short_circuit_decorator.py took 0.037 seconds
[2025-07-28T15:52:34.039+0000] {processor.py:186} INFO - Started process (PID=1254) to work on /home/airflow/.local/lib/python3.12/site-packages/airflow/example_dags/example_short_circuit_decorator.py
[2025-07-28T15:52:34.039+0000] {processor.py:914} INFO - Processing file /home/airflow/.local/lib/python3.12/site-packages/airflow/example_dags/example_short_circuit_decorator.py for tasks to queue
[2025-07-28T15:52:34.041+0000] {logging_mixin.py:190} INFO - [2025-07-28T15:52:34.041+0000] {dagbag.py:587} INFO - Filling up the DagBag from /home/airflow/.local/lib/python3.12/site-packages/airflow/example_dags/example_short_circuit_decorator.py
[2025-07-28T15:52:34.047+0000] {processor.py:925} INFO - DAG(s) 'example_short_circuit_decorator' retrieved from /home/airflow/.local/lib/python3.12/site-packages/airflow/example_dags/example_short_circuit_decorator.py
[2025-07-28T15:52:34.061+0000] {logging_mixin.py:190} INFO - [2025-07-28T15:52:34.061+0000] {dag.py:3229} INFO - Sync 1 DAGs
[2025-07-28T15:52:34.070+0000] {logging_mixin.py:190} INFO - [2025-07-28T15:52:34.070+0000] {dag.py:4156} INFO - Setting next_dagrun for example_short_circuit_decorator to None, run_after=None
[2025-07-28T15:52:34.078+0000] {processor.py:208} INFO - Processing /home/airflow/.local/lib/python3.12/site-packages/airflow/example_dags/example_short_circuit_decorator.py took 0.043 seconds
[2025-07-28T15:53:04.230+0000] {processor.py:186} INFO - Started process (PID=1316) to work on /home/airflow/.local/lib/python3.12/site-packages/airflow/example_dags/example_short_circuit_decorator.py
[2025-07-28T15:53:04.231+0000] {processor.py:914} INFO - Processing file /home/airflow/.local/lib/python3.12/site-packages/airflow/example_dags/example_short_circuit_decorator.py for tasks to queue
[2025-07-28T15:53:04.232+0000] {logging_mixin.py:190} INFO - [2025-07-28T15:53:04.232+0000] {dagbag.py:587} INFO - Filling up the DagBag from /home/airflow/.local/lib/python3.12/site-packages/airflow/example_dags/example_short_circuit_decorator.py
[2025-07-28T15:53:04.237+0000] {processor.py:925} INFO - DAG(s) 'example_short_circuit_decorator' retrieved from /home/airflow/.local/lib/python3.12/site-packages/airflow/example_dags/example_short_circuit_decorator.py
[2025-07-28T15:53:04.247+0000] {logging_mixin.py:190} INFO - [2025-07-28T15:53:04.247+0000] {dag.py:3229} INFO - Sync 1 DAGs
[2025-07-28T15:53:04.253+0000] {logging_mixin.py:190} INFO - [2025-07-28T15:53:04.253+0000] {dag.py:4156} INFO - Setting next_dagrun for example_short_circuit_decorator to None, run_after=None
[2025-07-28T15:53:04.261+0000] {processor.py:208} INFO - Processing /home/airflow/.local/lib/python3.12/site-packages/airflow/example_dags/example_short_circuit_decorator.py took 0.034 seconds
[2025-07-28T15:53:35.237+0000] {processor.py:186} INFO - Started process (PID=1379) to work on /home/airflow/.local/lib/python3.12/site-packages/airflow/example_dags/example_short_circuit_decorator.py
[2025-07-28T15:53:35.238+0000] {processor.py:914} INFO - Processing file /home/airflow/.local/lib/python3.12/site-packages/airflow/example_dags/example_short_circuit_decorator.py for tasks to queue
[2025-07-28T15:53:35.239+0000] {logging_mixin.py:190} INFO - [2025-07-28T15:53:35.239+0000] {dagbag.py:587} INFO - Filling up the DagBag from /home/airflow/.local/lib/python3.12/site-packages/airflow/example_dags/example_short_circuit_decorator.py
[2025-07-28T15:53:35.244+0000] {processor.py:925} INFO - DAG(s) 'example_short_circuit_decorator' retrieved from /home/airflow/.local/lib/python3.12/site-packages/airflow/example_dags/example_short_circuit_decorator.py
[2025-07-28T15:53:35.255+0000] {logging_mixin.py:190} INFO - [2025-07-28T15:53:35.254+0000] {dag.py:3229} INFO - Sync 1 DAGs
[2025-07-28T15:53:35.261+0000] {logging_mixin.py:190} INFO - [2025-07-28T15:53:35.261+0000] {dag.py:4156} INFO - Setting next_dagrun for example_short_circuit_decorator to None, run_after=None
[2025-07-28T15:53:35.268+0000] {processor.py:208} INFO - Processing /home/airflow/.local/lib/python3.12/site-packages/airflow/example_dags/example_short_circuit_decorator.py took 0.033 seconds
[2025-07-28T15:54:06.049+0000] {processor.py:186} INFO - Started process (PID=1441) to work on /home/airflow/.local/lib/python3.12/site-packages/airflow/example_dags/example_short_circuit_decorator.py
[2025-07-28T15:54:06.049+0000] {processor.py:914} INFO - Processing file /home/airflow/.local/lib/python3.12/site-packages/airflow/example_dags/example_short_circuit_decorator.py for tasks to queue
[2025-07-28T15:54:06.050+0000] {logging_mixin.py:190} INFO - [2025-07-28T15:54:06.050+0000] {dagbag.py:587} INFO - Filling up the DagBag from /home/airflow/.local/lib/python3.12/site-packages/airflow/example_dags/example_short_circuit_decorator.py
[2025-07-28T15:54:06.055+0000] {processor.py:925} INFO - DAG(s) 'example_short_circuit_decorator' retrieved from /home/airflow/.local/lib/python3.12/site-packages/airflow/example_dags/example_short_circuit_decorator.py
[2025-07-28T15:54:06.066+0000] {logging_mixin.py:190} INFO - [2025-07-28T15:54:06.066+0000] {dag.py:3229} INFO - Sync 1 DAGs
[2025-07-28T15:54:06.073+0000] {logging_mixin.py:190} INFO - [2025-07-28T15:54:06.073+0000] {dag.py:4156} INFO - Setting next_dagrun for example_short_circuit_decorator to None, run_after=None
[2025-07-28T15:54:06.081+0000] {processor.py:208} INFO - Processing /home/airflow/.local/lib/python3.12/site-packages/airflow/example_dags/example_short_circuit_decorator.py took 0.035 seconds
[2025-07-28T15:54:36.863+0000] {processor.py:186} INFO - Started process (PID=1505) to work on /home/airflow/.local/lib/python3.12/site-packages/airflow/example_dags/example_short_circuit_decorator.py
[2025-07-28T15:54:36.864+0000] {processor.py:914} INFO - Processing file /home/airflow/.local/lib/python3.12/site-packages/airflow/example_dags/example_short_circuit_decorator.py for tasks to queue
[2025-07-28T15:54:36.865+0000] {logging_mixin.py:190} INFO - [2025-07-28T15:54:36.865+0000] {dagbag.py:587} INFO - Filling up the DagBag from /home/airflow/.local/lib/python3.12/site-packages/airflow/example_dags/example_short_circuit_decorator.py
[2025-07-28T15:54:36.870+0000] {processor.py:925} INFO - DAG(s) 'example_short_circuit_decorator' retrieved from /home/airflow/.local/lib/python3.12/site-packages/airflow/example_dags/example_short_circuit_decorator.py
[2025-07-28T15:54:36.882+0000] {logging_mixin.py:190} INFO - [2025-07-28T15:54:36.882+0000] {dag.py:3229} INFO - Sync 1 DAGs
[2025-07-28T15:54:36.889+0000] {logging_mixin.py:190} INFO - [2025-07-28T15:54:36.889+0000] {dag.py:4156} INFO - Setting next_dagrun for example_short_circuit_decorator to None, run_after=None
[2025-07-28T15:54:36.897+0000] {processor.py:208} INFO - Processing /home/airflow/.local/lib/python3.12/site-packages/airflow/example_dags/example_short_circuit_decorator.py took 0.036 seconds
[2025-07-28T15:55:09.698+0000] {processor.py:186} INFO - Started process (PID=1568) to work on /home/airflow/.local/lib/python3.12/site-packages/airflow/example_dags/example_short_circuit_decorator.py
[2025-07-28T15:55:09.699+0000] {processor.py:914} INFO - Processing file /home/airflow/.local/lib/python3.12/site-packages/airflow/example_dags/example_short_circuit_decorator.py for tasks to queue
[2025-07-28T15:55:09.701+0000] {logging_mixin.py:190} INFO - [2025-07-28T15:55:09.700+0000] {dagbag.py:587} INFO - Filling up the DagBag from /home/airflow/.local/lib/python3.12/site-packages/airflow/example_dags/example_short_circuit_decorator.py
[2025-07-28T15:55:09.710+0000] {processor.py:925} INFO - DAG(s) 'example_short_circuit_decorator' retrieved from /home/airflow/.local/lib/python3.12/site-packages/airflow/example_dags/example_short_circuit_decorator.py
[2025-07-28T15:55:09.730+0000] {logging_mixin.py:190} INFO - [2025-07-28T15:55:09.730+0000] {dag.py:3229} INFO - Sync 1 DAGs
[2025-07-28T15:55:09.737+0000] {logging_mixin.py:190} INFO - [2025-07-28T15:55:09.737+0000] {dag.py:4156} INFO - Setting next_dagrun for example_short_circuit_decorator to None, run_after=None
[2025-07-28T15:55:09.746+0000] {processor.py:208} INFO - Processing /home/airflow/.local/lib/python3.12/site-packages/airflow/example_dags/example_short_circuit_decorator.py took 0.056 seconds
[2025-07-28T15:55:40.595+0000] {processor.py:186} INFO - Started process (PID=1631) to work on /home/airflow/.local/lib/python3.12/site-packages/airflow/example_dags/example_short_circuit_decorator.py
[2025-07-28T15:55:40.596+0000] {processor.py:914} INFO - Processing file /home/airflow/.local/lib/python3.12/site-packages/airflow/example_dags/example_short_circuit_decorator.py for tasks to queue
[2025-07-28T15:55:40.599+0000] {logging_mixin.py:190} INFO - [2025-07-28T15:55:40.598+0000] {dagbag.py:587} INFO - Filling up the DagBag from /home/airflow/.local/lib/python3.12/site-packages/airflow/example_dags/example_short_circuit_decorator.py
[2025-07-28T15:55:40.611+0000] {processor.py:925} INFO - DAG(s) 'example_short_circuit_decorator' retrieved from /home/airflow/.local/lib/python3.12/site-packages/airflow/example_dags/example_short_circuit_decorator.py
[2025-07-28T15:55:40.641+0000] {logging_mixin.py:190} INFO - [2025-07-28T15:55:40.641+0000] {dag.py:3229} INFO - Sync 1 DAGs
[2025-07-28T15:55:40.653+0000] {logging_mixin.py:190} INFO - [2025-07-28T15:55:40.652+0000] {dag.py:4156} INFO - Setting next_dagrun for example_short_circuit_decorator to None, run_after=None
[2025-07-28T15:55:40.665+0000] {processor.py:208} INFO - Processing /home/airflow/.local/lib/python3.12/site-packages/airflow/example_dags/example_short_circuit_decorator.py took 0.078 seconds
[2025-07-28T15:56:11.840+0000] {processor.py:186} INFO - Started process (PID=1694) to work on /home/airflow/.local/lib/python3.12/site-packages/airflow/example_dags/example_short_circuit_decorator.py
[2025-07-28T15:56:11.850+0000] {processor.py:914} INFO - Processing file /home/airflow/.local/lib/python3.12/site-packages/airflow/example_dags/example_short_circuit_decorator.py for tasks to queue
[2025-07-28T15:56:11.891+0000] {logging_mixin.py:190} INFO - [2025-07-28T15:56:11.883+0000] {dagbag.py:587} INFO - Filling up the DagBag from /home/airflow/.local/lib/python3.12/site-packages/airflow/example_dags/example_short_circuit_decorator.py
[2025-07-28T15:56:12.811+0000] {processor.py:925} INFO - DAG(s) 'example_short_circuit_decorator' retrieved from /home/airflow/.local/lib/python3.12/site-packages/airflow/example_dags/example_short_circuit_decorator.py
[2025-07-28T15:56:21.335+0000] {logging_mixin.py:190} INFO - [2025-07-28T15:56:21.310+0000] {dag.py:3229} INFO - Sync 1 DAGs
[2025-07-28T15:56:26.992+0000] {logging_mixin.py:190} INFO - [2025-07-28T15:56:26.972+0000] {dag.py:4156} INFO - Setting next_dagrun for example_short_circuit_decorator to None, run_after=None
[2025-07-28T15:56:27.260+0000] {processor.py:208} INFO - Processing /home/airflow/.local/lib/python3.12/site-packages/airflow/example_dags/example_short_circuit_decorator.py took 15.480 seconds
[2025-07-28T15:56:57.789+0000] {processor.py:186} INFO - Started process (PID=1763) to work on /home/airflow/.local/lib/python3.12/site-packages/airflow/example_dags/example_short_circuit_decorator.py
[2025-07-28T15:56:57.791+0000] {processor.py:914} INFO - Processing file /home/airflow/.local/lib/python3.12/site-packages/airflow/example_dags/example_short_circuit_decorator.py for tasks to queue
[2025-07-28T15:56:57.794+0000] {logging_mixin.py:190} INFO - [2025-07-28T15:56:57.794+0000] {dagbag.py:587} INFO - Filling up the DagBag from /home/airflow/.local/lib/python3.12/site-packages/airflow/example_dags/example_short_circuit_decorator.py
[2025-07-28T15:56:57.814+0000] {processor.py:925} INFO - DAG(s) 'example_short_circuit_decorator' retrieved from /home/airflow/.local/lib/python3.12/site-packages/airflow/example_dags/example_short_circuit_decorator.py
[2025-07-28T15:56:57.878+0000] {logging_mixin.py:190} INFO - [2025-07-28T15:56:57.878+0000] {dag.py:3229} INFO - Sync 1 DAGs
[2025-07-28T15:56:57.903+0000] {logging_mixin.py:190} INFO - [2025-07-28T15:56:57.902+0000] {dag.py:4156} INFO - Setting next_dagrun for example_short_circuit_decorator to None, run_after=None
[2025-07-28T15:56:57.925+0000] {processor.py:208} INFO - Processing /home/airflow/.local/lib/python3.12/site-packages/airflow/example_dags/example_short_circuit_decorator.py took 0.144 seconds
[2025-07-28T15:57:28.133+0000] {processor.py:186} INFO - Started process (PID=1824) to work on /home/airflow/.local/lib/python3.12/site-packages/airflow/example_dags/example_short_circuit_decorator.py
[2025-07-28T15:57:28.135+0000] {processor.py:914} INFO - Processing file /home/airflow/.local/lib/python3.12/site-packages/airflow/example_dags/example_short_circuit_decorator.py for tasks to queue
[2025-07-28T15:57:28.138+0000] {logging_mixin.py:190} INFO - [2025-07-28T15:57:28.138+0000] {dagbag.py:587} INFO - Filling up the DagBag from /home/airflow/.local/lib/python3.12/site-packages/airflow/example_dags/example_short_circuit_decorator.py
[2025-07-28T15:57:28.157+0000] {processor.py:925} INFO - DAG(s) 'example_short_circuit_decorator' retrieved from /home/airflow/.local/lib/python3.12/site-packages/airflow/example_dags/example_short_circuit_decorator.py
[2025-07-28T15:57:28.190+0000] {logging_mixin.py:190} INFO - [2025-07-28T15:57:28.190+0000] {dag.py:3229} INFO - Sync 1 DAGs
[2025-07-28T15:57:28.205+0000] {logging_mixin.py:190} INFO - [2025-07-28T15:57:28.205+0000] {dag.py:4156} INFO - Setting next_dagrun for example_short_circuit_decorator to None, run_after=None
[2025-07-28T15:57:28.221+0000] {processor.py:208} INFO - Processing /home/airflow/.local/lib/python3.12/site-packages/airflow/example_dags/example_short_circuit_decorator.py took 0.097 seconds
[2025-07-28T15:57:58.873+0000] {processor.py:186} INFO - Started process (PID=1887) to work on /home/airflow/.local/lib/python3.12/site-packages/airflow/example_dags/example_short_circuit_decorator.py
[2025-07-28T15:57:58.876+0000] {processor.py:914} INFO - Processing file /home/airflow/.local/lib/python3.12/site-packages/airflow/example_dags/example_short_circuit_decorator.py for tasks to queue
[2025-07-28T15:57:58.880+0000] {logging_mixin.py:190} INFO - [2025-07-28T15:57:58.880+0000] {dagbag.py:587} INFO - Filling up the DagBag from /home/airflow/.local/lib/python3.12/site-packages/airflow/example_dags/example_short_circuit_decorator.py
[2025-07-28T15:57:58.893+0000] {processor.py:925} INFO - DAG(s) 'example_short_circuit_decorator' retrieved from /home/airflow/.local/lib/python3.12/site-packages/airflow/example_dags/example_short_circuit_decorator.py
[2025-07-28T15:57:58.920+0000] {logging_mixin.py:190} INFO - [2025-07-28T15:57:58.920+0000] {dag.py:3229} INFO - Sync 1 DAGs
[2025-07-28T15:57:58.934+0000] {logging_mixin.py:190} INFO - [2025-07-28T15:57:58.934+0000] {dag.py:4156} INFO - Setting next_dagrun for example_short_circuit_decorator to None, run_after=None
[2025-07-28T15:57:58.952+0000] {processor.py:208} INFO - Processing /home/airflow/.local/lib/python3.12/site-packages/airflow/example_dags/example_short_circuit_decorator.py took 0.092 seconds
[2025-07-28T15:58:29.677+0000] {processor.py:186} INFO - Started process (PID=1950) to work on /home/airflow/.local/lib/python3.12/site-packages/airflow/example_dags/example_short_circuit_decorator.py
[2025-07-28T15:58:29.681+0000] {processor.py:914} INFO - Processing file /home/airflow/.local/lib/python3.12/site-packages/airflow/example_dags/example_short_circuit_decorator.py for tasks to queue
[2025-07-28T15:58:29.688+0000] {logging_mixin.py:190} INFO - [2025-07-28T15:58:29.687+0000] {dagbag.py:587} INFO - Filling up the DagBag from /home/airflow/.local/lib/python3.12/site-packages/airflow/example_dags/example_short_circuit_decorator.py
[2025-07-28T15:58:29.706+0000] {processor.py:925} INFO - DAG(s) 'example_short_circuit_decorator' retrieved from /home/airflow/.local/lib/python3.12/site-packages/airflow/example_dags/example_short_circuit_decorator.py
[2025-07-28T15:58:29.735+0000] {logging_mixin.py:190} INFO - [2025-07-28T15:58:29.735+0000] {dag.py:3229} INFO - Sync 1 DAGs
[2025-07-28T15:58:29.754+0000] {logging_mixin.py:190} INFO - [2025-07-28T15:58:29.753+0000] {dag.py:4156} INFO - Setting next_dagrun for example_short_circuit_decorator to None, run_after=None
[2025-07-28T15:58:29.771+0000] {processor.py:208} INFO - Processing /home/airflow/.local/lib/python3.12/site-packages/airflow/example_dags/example_short_circuit_decorator.py took 0.107 seconds
[2025-07-28T15:58:59.931+0000] {processor.py:186} INFO - Started process (PID=2012) to work on /home/airflow/.local/lib/python3.12/site-packages/airflow/example_dags/example_short_circuit_decorator.py
[2025-07-28T15:58:59.936+0000] {processor.py:914} INFO - Processing file /home/airflow/.local/lib/python3.12/site-packages/airflow/example_dags/example_short_circuit_decorator.py for tasks to queue
[2025-07-28T15:58:59.943+0000] {logging_mixin.py:190} INFO - [2025-07-28T15:58:59.942+0000] {dagbag.py:587} INFO - Filling up the DagBag from /home/airflow/.local/lib/python3.12/site-packages/airflow/example_dags/example_short_circuit_decorator.py
[2025-07-28T15:58:59.957+0000] {processor.py:925} INFO - DAG(s) 'example_short_circuit_decorator' retrieved from /home/airflow/.local/lib/python3.12/site-packages/airflow/example_dags/example_short_circuit_decorator.py
[2025-07-28T15:59:00.002+0000] {logging_mixin.py:190} INFO - [2025-07-28T15:58:59.999+0000] {dag.py:3229} INFO - Sync 1 DAGs
[2025-07-28T15:59:00.042+0000] {logging_mixin.py:190} INFO - [2025-07-28T15:59:00.042+0000] {dag.py:4156} INFO - Setting next_dagrun for example_short_circuit_decorator to None, run_after=None
[2025-07-28T15:59:00.069+0000] {processor.py:208} INFO - Processing /home/airflow/.local/lib/python3.12/site-packages/airflow/example_dags/example_short_circuit_decorator.py took 0.155 seconds
[2025-07-28T15:59:30.162+0000] {processor.py:186} INFO - Started process (PID=2075) to work on /home/airflow/.local/lib/python3.12/site-packages/airflow/example_dags/example_short_circuit_decorator.py
[2025-07-28T15:59:30.166+0000] {processor.py:914} INFO - Processing file /home/airflow/.local/lib/python3.12/site-packages/airflow/example_dags/example_short_circuit_decorator.py for tasks to queue
[2025-07-28T15:59:30.173+0000] {logging_mixin.py:190} INFO - [2025-07-28T15:59:30.172+0000] {dagbag.py:587} INFO - Filling up the DagBag from /home/airflow/.local/lib/python3.12/site-packages/airflow/example_dags/example_short_circuit_decorator.py
[2025-07-28T15:59:30.203+0000] {processor.py:925} INFO - DAG(s) 'example_short_circuit_decorator' retrieved from /home/airflow/.local/lib/python3.12/site-packages/airflow/example_dags/example_short_circuit_decorator.py
[2025-07-28T15:59:30.232+0000] {logging_mixin.py:190} INFO - [2025-07-28T15:59:30.232+0000] {dag.py:3229} INFO - Sync 1 DAGs
[2025-07-28T15:59:30.250+0000] {logging_mixin.py:190} INFO - [2025-07-28T15:59:30.250+0000] {dag.py:4156} INFO - Setting next_dagrun for example_short_circuit_decorator to None, run_after=None
[2025-07-28T15:59:30.268+0000] {processor.py:208} INFO - Processing /home/airflow/.local/lib/python3.12/site-packages/airflow/example_dags/example_short_circuit_decorator.py took 0.122 seconds
[2025-07-28T16:00:00.782+0000] {processor.py:186} INFO - Started process (PID=2138) to work on /home/airflow/.local/lib/python3.12/site-packages/airflow/example_dags/example_short_circuit_decorator.py
[2025-07-28T16:00:00.788+0000] {processor.py:914} INFO - Processing file /home/airflow/.local/lib/python3.12/site-packages/airflow/example_dags/example_short_circuit_decorator.py for tasks to queue
[2025-07-28T16:00:00.793+0000] {logging_mixin.py:190} INFO - [2025-07-28T16:00:00.793+0000] {dagbag.py:587} INFO - Filling up the DagBag from /home/airflow/.local/lib/python3.12/site-packages/airflow/example_dags/example_short_circuit_decorator.py
[2025-07-28T16:00:00.811+0000] {processor.py:925} INFO - DAG(s) 'example_short_circuit_decorator' retrieved from /home/airflow/.local/lib/python3.12/site-packages/airflow/example_dags/example_short_circuit_decorator.py
[2025-07-28T16:00:00.835+0000] {logging_mixin.py:190} INFO - [2025-07-28T16:00:00.834+0000] {dag.py:3229} INFO - Sync 1 DAGs
[2025-07-28T16:00:00.853+0000] {logging_mixin.py:190} INFO - [2025-07-28T16:00:00.852+0000] {dag.py:4156} INFO - Setting next_dagrun for example_short_circuit_decorator to None, run_after=None
[2025-07-28T16:00:00.868+0000] {processor.py:208} INFO - Processing /home/airflow/.local/lib/python3.12/site-packages/airflow/example_dags/example_short_circuit_decorator.py took 0.095 seconds
[2025-07-28T16:00:31.670+0000] {processor.py:186} INFO - Started process (PID=2201) to work on /home/airflow/.local/lib/python3.12/site-packages/airflow/example_dags/example_short_circuit_decorator.py
[2025-07-28T16:00:31.672+0000] {processor.py:914} INFO - Processing file /home/airflow/.local/lib/python3.12/site-packages/airflow/example_dags/example_short_circuit_decorator.py for tasks to queue
[2025-07-28T16:00:31.677+0000] {logging_mixin.py:190} INFO - [2025-07-28T16:00:31.676+0000] {dagbag.py:587} INFO - Filling up the DagBag from /home/airflow/.local/lib/python3.12/site-packages/airflow/example_dags/example_short_circuit_decorator.py
[2025-07-28T16:00:31.698+0000] {processor.py:925} INFO - DAG(s) 'example_short_circuit_decorator' retrieved from /home/airflow/.local/lib/python3.12/site-packages/airflow/example_dags/example_short_circuit_decorator.py
[2025-07-28T16:00:31.736+0000] {logging_mixin.py:190} INFO - [2025-07-28T16:00:31.736+0000] {dag.py:3229} INFO - Sync 1 DAGs
[2025-07-28T16:00:31.754+0000] {logging_mixin.py:190} INFO - [2025-07-28T16:00:31.754+0000] {dag.py:4156} INFO - Setting next_dagrun for example_short_circuit_decorator to None, run_after=None
[2025-07-28T16:00:31.772+0000] {processor.py:208} INFO - Processing /home/airflow/.local/lib/python3.12/site-packages/airflow/example_dags/example_short_circuit_decorator.py took 0.119 seconds
[2025-07-28T16:01:02.459+0000] {processor.py:186} INFO - Started process (PID=2264) to work on /home/airflow/.local/lib/python3.12/site-packages/airflow/example_dags/example_short_circuit_decorator.py
[2025-07-28T16:01:02.463+0000] {processor.py:914} INFO - Processing file /home/airflow/.local/lib/python3.12/site-packages/airflow/example_dags/example_short_circuit_decorator.py for tasks to queue
[2025-07-28T16:01:02.469+0000] {logging_mixin.py:190} INFO - [2025-07-28T16:01:02.469+0000] {dagbag.py:587} INFO - Filling up the DagBag from /home/airflow/.local/lib/python3.12/site-packages/airflow/example_dags/example_short_circuit_decorator.py
[2025-07-28T16:01:02.485+0000] {processor.py:925} INFO - DAG(s) 'example_short_circuit_decorator' retrieved from /home/airflow/.local/lib/python3.12/site-packages/airflow/example_dags/example_short_circuit_decorator.py
[2025-07-28T16:01:02.520+0000] {logging_mixin.py:190} INFO - [2025-07-28T16:01:02.520+0000] {dag.py:3229} INFO - Sync 1 DAGs
[2025-07-28T16:01:02.533+0000] {logging_mixin.py:190} INFO - [2025-07-28T16:01:02.533+0000] {dag.py:4156} INFO - Setting next_dagrun for example_short_circuit_decorator to None, run_after=None
[2025-07-28T16:01:02.550+0000] {processor.py:208} INFO - Processing /home/airflow/.local/lib/python3.12/site-packages/airflow/example_dags/example_short_circuit_decorator.py took 0.111 seconds
