[2025-07-28T15:42:51.187+0000] {processor.py:186} INFO - Started process (PID=75) to work on /home/airflow/.local/lib/python3.12/site-packages/airflow/example_dags/example_dataset_alias_with_no_taskflow.py
[2025-07-28T15:42:51.189+0000] {processor.py:914} INFO - Processing file /home/airflow/.local/lib/python3.12/site-packages/airflow/example_dags/example_dataset_alias_with_no_taskflow.py for tasks to queue
[2025-07-28T15:42:51.194+0000] {logging_mixin.py:190} INFO - [2025-07-28T15:42:51.193+0000] {dagbag.py:587} INFO - Filling up the DagBag from /home/airflow/.local/lib/python3.12/site-packages/airflow/example_dags/example_dataset_alias_with_no_taskflow.py
[2025-07-28T15:42:51.462+0000] {processor.py:925} INFO - DAG(s) 'dataset_s3_bucket_producer_with_no_taskflow', 'dataset_alias_example_alias_consumer_with_no_taskflow', 'dataset_alias_example_alias_producer_with_no_taskflow', 'dataset_s3_bucket_consumer_with_no_taskflow' retrieved from /home/airflow/.local/lib/python3.12/site-packages/airflow/example_dags/example_dataset_alias_with_no_taskflow.py
[2025-07-28T15:42:51.552+0000] {logging_mixin.py:190} INFO - [2025-07-28T15:42:51.552+0000] {override.py:1900} INFO - Created Permission View: can edit on DAG:dataset_s3_bucket_producer_with_no_taskflow
[2025-07-28T15:42:51.557+0000] {logging_mixin.py:190} INFO - [2025-07-28T15:42:51.557+0000] {override.py:1900} INFO - Created Permission View: can read on DAG:dataset_s3_bucket_producer_with_no_taskflow
[2025-07-28T15:42:51.562+0000] {logging_mixin.py:190} INFO - [2025-07-28T15:42:51.561+0000] {override.py:1900} INFO - Created Permission View: can delete on DAG:dataset_s3_bucket_producer_with_no_taskflow
[2025-07-28T15:42:51.568+0000] {logging_mixin.py:190} INFO - [2025-07-28T15:42:51.568+0000] {override.py:1900} INFO - Created Permission View: can read on DAG Run:dataset_s3_bucket_producer_with_no_taskflow
[2025-07-28T15:42:51.572+0000] {logging_mixin.py:190} INFO - [2025-07-28T15:42:51.572+0000] {override.py:1900} INFO - Created Permission View: can delete on DAG Run:dataset_s3_bucket_producer_with_no_taskflow
[2025-07-28T15:42:51.583+0000] {logging_mixin.py:190} INFO - [2025-07-28T15:42:51.583+0000] {override.py:1900} INFO - Created Permission View: can create on DAG Run:dataset_s3_bucket_producer_with_no_taskflow
[2025-07-28T15:42:51.603+0000] {logging_mixin.py:190} INFO - [2025-07-28T15:42:51.602+0000] {override.py:1900} INFO - Created Permission View: menu access on DAG Run:dataset_s3_bucket_producer_with_no_taskflow
[2025-07-28T15:42:51.656+0000] {logging_mixin.py:190} INFO - [2025-07-28T15:42:51.656+0000] {override.py:1900} INFO - Created Permission View: can edit on DAG:dataset_alias_example_alias_consumer_with_no_taskflow
[2025-07-28T15:42:51.673+0000] {logging_mixin.py:190} INFO - [2025-07-28T15:42:51.673+0000] {override.py:1900} INFO - Created Permission View: can read on DAG:dataset_alias_example_alias_consumer_with_no_taskflow
[2025-07-28T15:42:51.677+0000] {logging_mixin.py:190} INFO - [2025-07-28T15:42:51.677+0000] {override.py:1900} INFO - Created Permission View: can delete on DAG:dataset_alias_example_alias_consumer_with_no_taskflow
[2025-07-28T15:42:51.680+0000] {logging_mixin.py:190} INFO - [2025-07-28T15:42:51.680+0000] {override.py:1900} INFO - Created Permission View: can read on DAG Run:dataset_alias_example_alias_consumer_with_no_taskflow
[2025-07-28T15:42:51.683+0000] {logging_mixin.py:190} INFO - [2025-07-28T15:42:51.683+0000] {override.py:1900} INFO - Created Permission View: can delete on DAG Run:dataset_alias_example_alias_consumer_with_no_taskflow
[2025-07-28T15:42:51.686+0000] {logging_mixin.py:190} INFO - [2025-07-28T15:42:51.685+0000] {override.py:1900} INFO - Created Permission View: can create on DAG Run:dataset_alias_example_alias_consumer_with_no_taskflow
[2025-07-28T15:42:51.690+0000] {logging_mixin.py:190} INFO - [2025-07-28T15:42:51.690+0000] {override.py:1900} INFO - Created Permission View: menu access on DAG Run:dataset_alias_example_alias_consumer_with_no_taskflow
[2025-07-28T15:42:51.697+0000] {logging_mixin.py:190} INFO - [2025-07-28T15:42:51.697+0000] {override.py:1900} INFO - Created Permission View: can edit on DAG:dataset_alias_example_alias_producer_with_no_taskflow
[2025-07-28T15:42:51.704+0000] {logging_mixin.py:190} INFO - [2025-07-28T15:42:51.703+0000] {override.py:1900} INFO - Created Permission View: can read on DAG:dataset_alias_example_alias_producer_with_no_taskflow
[2025-07-28T15:42:51.709+0000] {logging_mixin.py:190} INFO - [2025-07-28T15:42:51.709+0000] {override.py:1900} INFO - Created Permission View: can delete on DAG:dataset_alias_example_alias_producer_with_no_taskflow
[2025-07-28T15:42:51.713+0000] {logging_mixin.py:190} INFO - [2025-07-28T15:42:51.713+0000] {override.py:1900} INFO - Created Permission View: can read on DAG Run:dataset_alias_example_alias_producer_with_no_taskflow
[2025-07-28T15:42:51.716+0000] {logging_mixin.py:190} INFO - [2025-07-28T15:42:51.716+0000] {override.py:1900} INFO - Created Permission View: can delete on DAG Run:dataset_alias_example_alias_producer_with_no_taskflow
[2025-07-28T15:42:51.719+0000] {logging_mixin.py:190} INFO - [2025-07-28T15:42:51.719+0000] {override.py:1900} INFO - Created Permission View: can create on DAG Run:dataset_alias_example_alias_producer_with_no_taskflow
[2025-07-28T15:42:51.727+0000] {logging_mixin.py:190} INFO - [2025-07-28T15:42:51.726+0000] {override.py:1900} INFO - Created Permission View: menu access on DAG Run:dataset_alias_example_alias_producer_with_no_taskflow
[2025-07-28T15:42:51.747+0000] {logging_mixin.py:190} INFO - [2025-07-28T15:42:51.745+0000] {override.py:1900} INFO - Created Permission View: can edit on DAG:dataset_s3_bucket_consumer_with_no_taskflow
[2025-07-28T15:42:51.756+0000] {logging_mixin.py:190} INFO - [2025-07-28T15:42:51.756+0000] {override.py:1900} INFO - Created Permission View: can read on DAG:dataset_s3_bucket_consumer_with_no_taskflow
[2025-07-28T15:42:51.762+0000] {logging_mixin.py:190} INFO - [2025-07-28T15:42:51.762+0000] {override.py:1900} INFO - Created Permission View: can delete on DAG:dataset_s3_bucket_consumer_with_no_taskflow
[2025-07-28T15:42:51.767+0000] {logging_mixin.py:190} INFO - [2025-07-28T15:42:51.767+0000] {override.py:1900} INFO - Created Permission View: can read on DAG Run:dataset_s3_bucket_consumer_with_no_taskflow
[2025-07-28T15:42:51.770+0000] {logging_mixin.py:190} INFO - [2025-07-28T15:42:51.770+0000] {override.py:1900} INFO - Created Permission View: can delete on DAG Run:dataset_s3_bucket_consumer_with_no_taskflow
[2025-07-28T15:42:51.776+0000] {logging_mixin.py:190} INFO - [2025-07-28T15:42:51.774+0000] {override.py:1900} INFO - Created Permission View: can create on DAG Run:dataset_s3_bucket_consumer_with_no_taskflow
[2025-07-28T15:42:51.791+0000] {logging_mixin.py:190} INFO - [2025-07-28T15:42:51.791+0000] {override.py:1900} INFO - Created Permission View: menu access on DAG Run:dataset_s3_bucket_consumer_with_no_taskflow
[2025-07-28T15:42:51.792+0000] {logging_mixin.py:190} INFO - [2025-07-28T15:42:51.792+0000] {dag.py:3229} INFO - Sync 4 DAGs
[2025-07-28T15:42:51.808+0000] {logging_mixin.py:190} INFO - [2025-07-28T15:42:51.808+0000] {dag.py:3252} INFO - Creating ORM DAG for dataset_s3_bucket_producer_with_no_taskflow
[2025-07-28T15:42:51.809+0000] {logging_mixin.py:190} INFO - [2025-07-28T15:42:51.809+0000] {dag.py:3252} INFO - Creating ORM DAG for dataset_s3_bucket_consumer_with_no_taskflow
[2025-07-28T15:42:51.811+0000] {logging_mixin.py:190} INFO - [2025-07-28T15:42:51.810+0000] {dag.py:3252} INFO - Creating ORM DAG for dataset_alias_example_alias_consumer_with_no_taskflow
[2025-07-28T15:42:51.811+0000] {logging_mixin.py:190} INFO - [2025-07-28T15:42:51.811+0000] {dag.py:3252} INFO - Creating ORM DAG for dataset_alias_example_alias_producer_with_no_taskflow
[2025-07-28T15:42:51.825+0000] {logging_mixin.py:190} INFO - [2025-07-28T15:42:51.824+0000] {dag.py:4156} INFO - Setting next_dagrun for dataset_alias_example_alias_consumer_with_no_taskflow to None, run_after=None
[2025-07-28T15:42:51.827+0000] {logging_mixin.py:190} INFO - [2025-07-28T15:42:51.826+0000] {dag.py:4156} INFO - Setting next_dagrun for dataset_alias_example_alias_producer_with_no_taskflow to None, run_after=None
[2025-07-28T15:42:51.828+0000] {logging_mixin.py:190} INFO - [2025-07-28T15:42:51.828+0000] {dag.py:4156} INFO - Setting next_dagrun for dataset_s3_bucket_consumer_with_no_taskflow to None, run_after=None
[2025-07-28T15:42:51.829+0000] {logging_mixin.py:190} INFO - [2025-07-28T15:42:51.828+0000] {dag.py:4156} INFO - Setting next_dagrun for dataset_s3_bucket_producer_with_no_taskflow to None, run_after=None
[2025-07-28T15:42:51.886+0000] {processor.py:208} INFO - Processing /home/airflow/.local/lib/python3.12/site-packages/airflow/example_dags/example_dataset_alias_with_no_taskflow.py took 0.713 seconds
[2025-07-28T15:43:22.477+0000] {processor.py:186} INFO - Started process (PID=137) to work on /home/airflow/.local/lib/python3.12/site-packages/airflow/example_dags/example_dataset_alias_with_no_taskflow.py
[2025-07-28T15:43:22.481+0000] {processor.py:914} INFO - Processing file /home/airflow/.local/lib/python3.12/site-packages/airflow/example_dags/example_dataset_alias_with_no_taskflow.py for tasks to queue
[2025-07-28T15:43:22.483+0000] {logging_mixin.py:190} INFO - [2025-07-28T15:43:22.482+0000] {dagbag.py:587} INFO - Filling up the DagBag from /home/airflow/.local/lib/python3.12/site-packages/airflow/example_dags/example_dataset_alias_with_no_taskflow.py
[2025-07-28T15:43:22.649+0000] {processor.py:925} INFO - DAG(s) 'dataset_s3_bucket_consumer_with_no_taskflow', 'dataset_alias_example_alias_consumer_with_no_taskflow', 'dataset_s3_bucket_producer_with_no_taskflow', 'dataset_alias_example_alias_producer_with_no_taskflow' retrieved from /home/airflow/.local/lib/python3.12/site-packages/airflow/example_dags/example_dataset_alias_with_no_taskflow.py
[2025-07-28T15:43:22.662+0000] {logging_mixin.py:190} INFO - [2025-07-28T15:43:22.661+0000] {dag.py:3229} INFO - Sync 4 DAGs
[2025-07-28T15:43:22.678+0000] {logging_mixin.py:190} INFO - [2025-07-28T15:43:22.677+0000] {dag.py:4156} INFO - Setting next_dagrun for dataset_alias_example_alias_consumer_with_no_taskflow to None, run_after=None
[2025-07-28T15:43:22.679+0000] {logging_mixin.py:190} INFO - [2025-07-28T15:43:22.679+0000] {dag.py:4156} INFO - Setting next_dagrun for dataset_alias_example_alias_producer_with_no_taskflow to None, run_after=None
[2025-07-28T15:43:22.680+0000] {logging_mixin.py:190} INFO - [2025-07-28T15:43:22.680+0000] {dag.py:4156} INFO - Setting next_dagrun for dataset_s3_bucket_consumer_with_no_taskflow to None, run_after=None
[2025-07-28T15:43:22.681+0000] {logging_mixin.py:190} INFO - [2025-07-28T15:43:22.681+0000] {dag.py:4156} INFO - Setting next_dagrun for dataset_s3_bucket_producer_with_no_taskflow to None, run_after=None
[2025-07-28T15:43:22.691+0000] {processor.py:208} INFO - Processing /home/airflow/.local/lib/python3.12/site-packages/airflow/example_dags/example_dataset_alias_with_no_taskflow.py took 0.227 seconds
[2025-07-28T15:43:53.302+0000] {processor.py:186} INFO - Started process (PID=199) to work on /home/airflow/.local/lib/python3.12/site-packages/airflow/example_dags/example_dataset_alias_with_no_taskflow.py
[2025-07-28T15:43:53.305+0000] {processor.py:914} INFO - Processing file /home/airflow/.local/lib/python3.12/site-packages/airflow/example_dags/example_dataset_alias_with_no_taskflow.py for tasks to queue
[2025-07-28T15:43:53.308+0000] {logging_mixin.py:190} INFO - [2025-07-28T15:43:53.308+0000] {dagbag.py:587} INFO - Filling up the DagBag from /home/airflow/.local/lib/python3.12/site-packages/airflow/example_dags/example_dataset_alias_with_no_taskflow.py
[2025-07-28T15:43:53.427+0000] {processor.py:925} INFO - DAG(s) 'dataset_s3_bucket_producer_with_no_taskflow', 'dataset_s3_bucket_consumer_with_no_taskflow', 'dataset_alias_example_alias_producer_with_no_taskflow', 'dataset_alias_example_alias_consumer_with_no_taskflow' retrieved from /home/airflow/.local/lib/python3.12/site-packages/airflow/example_dags/example_dataset_alias_with_no_taskflow.py
[2025-07-28T15:43:53.441+0000] {logging_mixin.py:190} INFO - [2025-07-28T15:43:53.440+0000] {dag.py:3229} INFO - Sync 4 DAGs
[2025-07-28T15:43:53.452+0000] {logging_mixin.py:190} INFO - [2025-07-28T15:43:53.452+0000] {dag.py:4156} INFO - Setting next_dagrun for dataset_alias_example_alias_consumer_with_no_taskflow to None, run_after=None
[2025-07-28T15:43:53.454+0000] {logging_mixin.py:190} INFO - [2025-07-28T15:43:53.454+0000] {dag.py:4156} INFO - Setting next_dagrun for dataset_alias_example_alias_producer_with_no_taskflow to None, run_after=None
[2025-07-28T15:43:53.454+0000] {logging_mixin.py:190} INFO - [2025-07-28T15:43:53.454+0000] {dag.py:4156} INFO - Setting next_dagrun for dataset_s3_bucket_consumer_with_no_taskflow to None, run_after=None
[2025-07-28T15:43:53.455+0000] {logging_mixin.py:190} INFO - [2025-07-28T15:43:53.455+0000] {dag.py:4156} INFO - Setting next_dagrun for dataset_s3_bucket_producer_with_no_taskflow to None, run_after=None
[2025-07-28T15:43:53.468+0000] {processor.py:208} INFO - Processing /home/airflow/.local/lib/python3.12/site-packages/airflow/example_dags/example_dataset_alias_with_no_taskflow.py took 0.172 seconds
[2025-07-28T15:44:23.928+0000] {processor.py:186} INFO - Started process (PID=261) to work on /home/airflow/.local/lib/python3.12/site-packages/airflow/example_dags/example_dataset_alias_with_no_taskflow.py
[2025-07-28T15:44:23.930+0000] {processor.py:914} INFO - Processing file /home/airflow/.local/lib/python3.12/site-packages/airflow/example_dags/example_dataset_alias_with_no_taskflow.py for tasks to queue
[2025-07-28T15:44:23.932+0000] {logging_mixin.py:190} INFO - [2025-07-28T15:44:23.932+0000] {dagbag.py:587} INFO - Filling up the DagBag from /home/airflow/.local/lib/python3.12/site-packages/airflow/example_dags/example_dataset_alias_with_no_taskflow.py
[2025-07-28T15:44:24.028+0000] {processor.py:925} INFO - DAG(s) 'dataset_s3_bucket_consumer_with_no_taskflow', 'dataset_alias_example_alias_producer_with_no_taskflow', 'dataset_alias_example_alias_consumer_with_no_taskflow', 'dataset_s3_bucket_producer_with_no_taskflow' retrieved from /home/airflow/.local/lib/python3.12/site-packages/airflow/example_dags/example_dataset_alias_with_no_taskflow.py
[2025-07-28T15:44:24.037+0000] {logging_mixin.py:190} INFO - [2025-07-28T15:44:24.037+0000] {dag.py:3229} INFO - Sync 4 DAGs
[2025-07-28T15:44:24.048+0000] {logging_mixin.py:190} INFO - [2025-07-28T15:44:24.048+0000] {dag.py:4156} INFO - Setting next_dagrun for dataset_alias_example_alias_consumer_with_no_taskflow to None, run_after=None
[2025-07-28T15:44:24.049+0000] {logging_mixin.py:190} INFO - [2025-07-28T15:44:24.049+0000] {dag.py:4156} INFO - Setting next_dagrun for dataset_alias_example_alias_producer_with_no_taskflow to None, run_after=None
[2025-07-28T15:44:24.049+0000] {logging_mixin.py:190} INFO - [2025-07-28T15:44:24.049+0000] {dag.py:4156} INFO - Setting next_dagrun for dataset_s3_bucket_consumer_with_no_taskflow to None, run_after=None
[2025-07-28T15:44:24.050+0000] {logging_mixin.py:190} INFO - [2025-07-28T15:44:24.050+0000] {dag.py:4156} INFO - Setting next_dagrun for dataset_s3_bucket_producer_with_no_taskflow to None, run_after=None
[2025-07-28T15:44:24.059+0000] {processor.py:208} INFO - Processing /home/airflow/.local/lib/python3.12/site-packages/airflow/example_dags/example_dataset_alias_with_no_taskflow.py took 0.140 seconds
[2025-07-28T15:44:54.404+0000] {processor.py:186} INFO - Started process (PID=323) to work on /home/airflow/.local/lib/python3.12/site-packages/airflow/example_dags/example_dataset_alias_with_no_taskflow.py
[2025-07-28T15:44:54.406+0000] {processor.py:914} INFO - Processing file /home/airflow/.local/lib/python3.12/site-packages/airflow/example_dags/example_dataset_alias_with_no_taskflow.py for tasks to queue
[2025-07-28T15:44:54.410+0000] {logging_mixin.py:190} INFO - [2025-07-28T15:44:54.410+0000] {dagbag.py:587} INFO - Filling up the DagBag from /home/airflow/.local/lib/python3.12/site-packages/airflow/example_dags/example_dataset_alias_with_no_taskflow.py
[2025-07-28T15:44:54.510+0000] {processor.py:925} INFO - DAG(s) 'dataset_alias_example_alias_producer_with_no_taskflow', 'dataset_alias_example_alias_consumer_with_no_taskflow', 'dataset_s3_bucket_consumer_with_no_taskflow', 'dataset_s3_bucket_producer_with_no_taskflow' retrieved from /home/airflow/.local/lib/python3.12/site-packages/airflow/example_dags/example_dataset_alias_with_no_taskflow.py
[2025-07-28T15:44:54.524+0000] {logging_mixin.py:190} INFO - [2025-07-28T15:44:54.524+0000] {dag.py:3229} INFO - Sync 4 DAGs
[2025-07-28T15:44:54.540+0000] {logging_mixin.py:190} INFO - [2025-07-28T15:44:54.540+0000] {dag.py:4156} INFO - Setting next_dagrun for dataset_alias_example_alias_consumer_with_no_taskflow to None, run_after=None
[2025-07-28T15:44:54.541+0000] {logging_mixin.py:190} INFO - [2025-07-28T15:44:54.541+0000] {dag.py:4156} INFO - Setting next_dagrun for dataset_alias_example_alias_producer_with_no_taskflow to None, run_after=None
[2025-07-28T15:44:54.541+0000] {logging_mixin.py:190} INFO - [2025-07-28T15:44:54.541+0000] {dag.py:4156} INFO - Setting next_dagrun for dataset_s3_bucket_consumer_with_no_taskflow to None, run_after=None
[2025-07-28T15:44:54.542+0000] {logging_mixin.py:190} INFO - [2025-07-28T15:44:54.542+0000] {dag.py:4156} INFO - Setting next_dagrun for dataset_s3_bucket_producer_with_no_taskflow to None, run_after=None
[2025-07-28T15:44:54.550+0000] {processor.py:208} INFO - Processing /home/airflow/.local/lib/python3.12/site-packages/airflow/example_dags/example_dataset_alias_with_no_taskflow.py took 0.158 seconds
[2025-07-28T15:45:25.141+0000] {processor.py:186} INFO - Started process (PID=385) to work on /home/airflow/.local/lib/python3.12/site-packages/airflow/example_dags/example_dataset_alias_with_no_taskflow.py
[2025-07-28T15:45:25.143+0000] {processor.py:914} INFO - Processing file /home/airflow/.local/lib/python3.12/site-packages/airflow/example_dags/example_dataset_alias_with_no_taskflow.py for tasks to queue
[2025-07-28T15:45:25.146+0000] {logging_mixin.py:190} INFO - [2025-07-28T15:45:25.146+0000] {dagbag.py:587} INFO - Filling up the DagBag from /home/airflow/.local/lib/python3.12/site-packages/airflow/example_dags/example_dataset_alias_with_no_taskflow.py
[2025-07-28T15:45:25.325+0000] {processor.py:925} INFO - DAG(s) 'dataset_alias_example_alias_producer_with_no_taskflow', 'dataset_s3_bucket_consumer_with_no_taskflow', 'dataset_s3_bucket_producer_with_no_taskflow', 'dataset_alias_example_alias_consumer_with_no_taskflow' retrieved from /home/airflow/.local/lib/python3.12/site-packages/airflow/example_dags/example_dataset_alias_with_no_taskflow.py
[2025-07-28T15:45:25.337+0000] {logging_mixin.py:190} INFO - [2025-07-28T15:45:25.337+0000] {dag.py:3229} INFO - Sync 4 DAGs
[2025-07-28T15:45:25.356+0000] {logging_mixin.py:190} INFO - [2025-07-28T15:45:25.356+0000] {dag.py:4156} INFO - Setting next_dagrun for dataset_alias_example_alias_consumer_with_no_taskflow to None, run_after=None
[2025-07-28T15:45:25.357+0000] {logging_mixin.py:190} INFO - [2025-07-28T15:45:25.357+0000] {dag.py:4156} INFO - Setting next_dagrun for dataset_alias_example_alias_producer_with_no_taskflow to None, run_after=None
[2025-07-28T15:45:25.358+0000] {logging_mixin.py:190} INFO - [2025-07-28T15:45:25.358+0000] {dag.py:4156} INFO - Setting next_dagrun for dataset_s3_bucket_consumer_with_no_taskflow to None, run_after=None
[2025-07-28T15:45:25.358+0000] {logging_mixin.py:190} INFO - [2025-07-28T15:45:25.358+0000] {dag.py:4156} INFO - Setting next_dagrun for dataset_s3_bucket_producer_with_no_taskflow to None, run_after=None
[2025-07-28T15:45:25.368+0000] {processor.py:208} INFO - Processing /home/airflow/.local/lib/python3.12/site-packages/airflow/example_dags/example_dataset_alias_with_no_taskflow.py took 0.240 seconds
[2025-07-28T15:45:56.044+0000] {processor.py:186} INFO - Started process (PID=447) to work on /home/airflow/.local/lib/python3.12/site-packages/airflow/example_dags/example_dataset_alias_with_no_taskflow.py
[2025-07-28T15:45:56.046+0000] {processor.py:914} INFO - Processing file /home/airflow/.local/lib/python3.12/site-packages/airflow/example_dags/example_dataset_alias_with_no_taskflow.py for tasks to queue
[2025-07-28T15:45:56.048+0000] {logging_mixin.py:190} INFO - [2025-07-28T15:45:56.048+0000] {dagbag.py:587} INFO - Filling up the DagBag from /home/airflow/.local/lib/python3.12/site-packages/airflow/example_dags/example_dataset_alias_with_no_taskflow.py
[2025-07-28T15:45:56.142+0000] {processor.py:925} INFO - DAG(s) 'dataset_alias_example_alias_consumer_with_no_taskflow', 'dataset_s3_bucket_producer_with_no_taskflow', 'dataset_alias_example_alias_producer_with_no_taskflow', 'dataset_s3_bucket_consumer_with_no_taskflow' retrieved from /home/airflow/.local/lib/python3.12/site-packages/airflow/example_dags/example_dataset_alias_with_no_taskflow.py
[2025-07-28T15:45:56.150+0000] {logging_mixin.py:190} INFO - [2025-07-28T15:45:56.150+0000] {dag.py:3229} INFO - Sync 4 DAGs
[2025-07-28T15:45:56.162+0000] {logging_mixin.py:190} INFO - [2025-07-28T15:45:56.162+0000] {dag.py:4156} INFO - Setting next_dagrun for dataset_alias_example_alias_consumer_with_no_taskflow to None, run_after=None
[2025-07-28T15:45:56.165+0000] {logging_mixin.py:190} INFO - [2025-07-28T15:45:56.165+0000] {dag.py:4156} INFO - Setting next_dagrun for dataset_alias_example_alias_producer_with_no_taskflow to None, run_after=None
[2025-07-28T15:45:56.165+0000] {logging_mixin.py:190} INFO - [2025-07-28T15:45:56.165+0000] {dag.py:4156} INFO - Setting next_dagrun for dataset_s3_bucket_consumer_with_no_taskflow to None, run_after=None
[2025-07-28T15:45:56.169+0000] {logging_mixin.py:190} INFO - [2025-07-28T15:45:56.169+0000] {dag.py:4156} INFO - Setting next_dagrun for dataset_s3_bucket_producer_with_no_taskflow to None, run_after=None
[2025-07-28T15:45:56.183+0000] {processor.py:208} INFO - Processing /home/airflow/.local/lib/python3.12/site-packages/airflow/example_dags/example_dataset_alias_with_no_taskflow.py took 0.145 seconds
[2025-07-28T15:46:26.590+0000] {processor.py:186} INFO - Started process (PID=509) to work on /home/airflow/.local/lib/python3.12/site-packages/airflow/example_dags/example_dataset_alias_with_no_taskflow.py
[2025-07-28T15:46:26.593+0000] {processor.py:914} INFO - Processing file /home/airflow/.local/lib/python3.12/site-packages/airflow/example_dags/example_dataset_alias_with_no_taskflow.py for tasks to queue
[2025-07-28T15:46:26.596+0000] {logging_mixin.py:190} INFO - [2025-07-28T15:46:26.596+0000] {dagbag.py:587} INFO - Filling up the DagBag from /home/airflow/.local/lib/python3.12/site-packages/airflow/example_dags/example_dataset_alias_with_no_taskflow.py
[2025-07-28T15:46:26.716+0000] {processor.py:925} INFO - DAG(s) 'dataset_s3_bucket_producer_with_no_taskflow', 'dataset_alias_example_alias_consumer_with_no_taskflow', 'dataset_alias_example_alias_producer_with_no_taskflow', 'dataset_s3_bucket_consumer_with_no_taskflow' retrieved from /home/airflow/.local/lib/python3.12/site-packages/airflow/example_dags/example_dataset_alias_with_no_taskflow.py
[2025-07-28T15:46:26.731+0000] {logging_mixin.py:190} INFO - [2025-07-28T15:46:26.731+0000] {dag.py:3229} INFO - Sync 4 DAGs
[2025-07-28T15:46:26.744+0000] {logging_mixin.py:190} INFO - [2025-07-28T15:46:26.743+0000] {dag.py:4156} INFO - Setting next_dagrun for dataset_alias_example_alias_consumer_with_no_taskflow to None, run_after=None
[2025-07-28T15:46:26.745+0000] {logging_mixin.py:190} INFO - [2025-07-28T15:46:26.745+0000] {dag.py:4156} INFO - Setting next_dagrun for dataset_alias_example_alias_producer_with_no_taskflow to None, run_after=None
[2025-07-28T15:46:26.745+0000] {logging_mixin.py:190} INFO - [2025-07-28T15:46:26.745+0000] {dag.py:4156} INFO - Setting next_dagrun for dataset_s3_bucket_consumer_with_no_taskflow to None, run_after=None
[2025-07-28T15:46:26.746+0000] {logging_mixin.py:190} INFO - [2025-07-28T15:46:26.746+0000] {dag.py:4156} INFO - Setting next_dagrun for dataset_s3_bucket_producer_with_no_taskflow to None, run_after=None
[2025-07-28T15:46:26.758+0000] {processor.py:208} INFO - Processing /home/airflow/.local/lib/python3.12/site-packages/airflow/example_dags/example_dataset_alias_with_no_taskflow.py took 0.177 seconds
[2025-07-28T15:46:57.202+0000] {processor.py:186} INFO - Started process (PID=571) to work on /home/airflow/.local/lib/python3.12/site-packages/airflow/example_dags/example_dataset_alias_with_no_taskflow.py
[2025-07-28T15:46:57.203+0000] {processor.py:914} INFO - Processing file /home/airflow/.local/lib/python3.12/site-packages/airflow/example_dags/example_dataset_alias_with_no_taskflow.py for tasks to queue
[2025-07-28T15:46:57.205+0000] {logging_mixin.py:190} INFO - [2025-07-28T15:46:57.205+0000] {dagbag.py:587} INFO - Filling up the DagBag from /home/airflow/.local/lib/python3.12/site-packages/airflow/example_dags/example_dataset_alias_with_no_taskflow.py
[2025-07-28T15:46:57.300+0000] {processor.py:925} INFO - DAG(s) 'dataset_alias_example_alias_producer_with_no_taskflow', 'dataset_alias_example_alias_consumer_with_no_taskflow', 'dataset_s3_bucket_producer_with_no_taskflow', 'dataset_s3_bucket_consumer_with_no_taskflow' retrieved from /home/airflow/.local/lib/python3.12/site-packages/airflow/example_dags/example_dataset_alias_with_no_taskflow.py
[2025-07-28T15:46:57.308+0000] {logging_mixin.py:190} INFO - [2025-07-28T15:46:57.308+0000] {dag.py:3229} INFO - Sync 4 DAGs
[2025-07-28T15:46:57.318+0000] {logging_mixin.py:190} INFO - [2025-07-28T15:46:57.318+0000] {dag.py:4156} INFO - Setting next_dagrun for dataset_alias_example_alias_consumer_with_no_taskflow to None, run_after=None
[2025-07-28T15:46:57.319+0000] {logging_mixin.py:190} INFO - [2025-07-28T15:46:57.319+0000] {dag.py:4156} INFO - Setting next_dagrun for dataset_alias_example_alias_producer_with_no_taskflow to None, run_after=None
[2025-07-28T15:46:57.320+0000] {logging_mixin.py:190} INFO - [2025-07-28T15:46:57.320+0000] {dag.py:4156} INFO - Setting next_dagrun for dataset_s3_bucket_consumer_with_no_taskflow to None, run_after=None
[2025-07-28T15:46:57.320+0000] {logging_mixin.py:190} INFO - [2025-07-28T15:46:57.320+0000] {dag.py:4156} INFO - Setting next_dagrun for dataset_s3_bucket_producer_with_no_taskflow to None, run_after=None
[2025-07-28T15:46:57.329+0000] {processor.py:208} INFO - Processing /home/airflow/.local/lib/python3.12/site-packages/airflow/example_dags/example_dataset_alias_with_no_taskflow.py took 0.134 seconds
[2025-07-28T15:47:27.842+0000] {processor.py:186} INFO - Started process (PID=633) to work on /home/airflow/.local/lib/python3.12/site-packages/airflow/example_dags/example_dataset_alias_with_no_taskflow.py
[2025-07-28T15:47:27.846+0000] {processor.py:914} INFO - Processing file /home/airflow/.local/lib/python3.12/site-packages/airflow/example_dags/example_dataset_alias_with_no_taskflow.py for tasks to queue
[2025-07-28T15:47:27.850+0000] {logging_mixin.py:190} INFO - [2025-07-28T15:47:27.850+0000] {dagbag.py:587} INFO - Filling up the DagBag from /home/airflow/.local/lib/python3.12/site-packages/airflow/example_dags/example_dataset_alias_with_no_taskflow.py
[2025-07-28T15:47:28.088+0000] {processor.py:925} INFO - DAG(s) 'dataset_s3_bucket_producer_with_no_taskflow', 'dataset_alias_example_alias_consumer_with_no_taskflow', 'dataset_s3_bucket_consumer_with_no_taskflow', 'dataset_alias_example_alias_producer_with_no_taskflow' retrieved from /home/airflow/.local/lib/python3.12/site-packages/airflow/example_dags/example_dataset_alias_with_no_taskflow.py
[2025-07-28T15:47:28.115+0000] {logging_mixin.py:190} INFO - [2025-07-28T15:47:28.115+0000] {dag.py:3229} INFO - Sync 4 DAGs
[2025-07-28T15:47:28.152+0000] {logging_mixin.py:190} INFO - [2025-07-28T15:47:28.151+0000] {dag.py:4156} INFO - Setting next_dagrun for dataset_alias_example_alias_consumer_with_no_taskflow to None, run_after=None
[2025-07-28T15:47:28.158+0000] {logging_mixin.py:190} INFO - [2025-07-28T15:47:28.158+0000] {dag.py:4156} INFO - Setting next_dagrun for dataset_alias_example_alias_producer_with_no_taskflow to None, run_after=None
[2025-07-28T15:47:28.159+0000] {logging_mixin.py:190} INFO - [2025-07-28T15:47:28.159+0000] {dag.py:4156} INFO - Setting next_dagrun for dataset_s3_bucket_consumer_with_no_taskflow to None, run_after=None
[2025-07-28T15:47:28.160+0000] {logging_mixin.py:190} INFO - [2025-07-28T15:47:28.160+0000] {dag.py:4156} INFO - Setting next_dagrun for dataset_s3_bucket_producer_with_no_taskflow to None, run_after=None
[2025-07-28T15:47:28.176+0000] {processor.py:208} INFO - Processing /home/airflow/.local/lib/python3.12/site-packages/airflow/example_dags/example_dataset_alias_with_no_taskflow.py took 0.346 seconds
[2025-07-28T15:47:58.787+0000] {processor.py:186} INFO - Started process (PID=695) to work on /home/airflow/.local/lib/python3.12/site-packages/airflow/example_dags/example_dataset_alias_with_no_taskflow.py
[2025-07-28T15:47:58.788+0000] {processor.py:914} INFO - Processing file /home/airflow/.local/lib/python3.12/site-packages/airflow/example_dags/example_dataset_alias_with_no_taskflow.py for tasks to queue
[2025-07-28T15:47:58.791+0000] {logging_mixin.py:190} INFO - [2025-07-28T15:47:58.791+0000] {dagbag.py:587} INFO - Filling up the DagBag from /home/airflow/.local/lib/python3.12/site-packages/airflow/example_dags/example_dataset_alias_with_no_taskflow.py
[2025-07-28T15:47:58.951+0000] {processor.py:925} INFO - DAG(s) 'dataset_s3_bucket_consumer_with_no_taskflow', 'dataset_alias_example_alias_producer_with_no_taskflow', 'dataset_alias_example_alias_consumer_with_no_taskflow', 'dataset_s3_bucket_producer_with_no_taskflow' retrieved from /home/airflow/.local/lib/python3.12/site-packages/airflow/example_dags/example_dataset_alias_with_no_taskflow.py
[2025-07-28T15:47:58.967+0000] {logging_mixin.py:190} INFO - [2025-07-28T15:47:58.967+0000] {dag.py:3229} INFO - Sync 4 DAGs
[2025-07-28T15:47:58.980+0000] {logging_mixin.py:190} INFO - [2025-07-28T15:47:58.979+0000] {dag.py:4156} INFO - Setting next_dagrun for dataset_alias_example_alias_consumer_with_no_taskflow to None, run_after=None
[2025-07-28T15:47:58.981+0000] {logging_mixin.py:190} INFO - [2025-07-28T15:47:58.981+0000] {dag.py:4156} INFO - Setting next_dagrun for dataset_alias_example_alias_producer_with_no_taskflow to None, run_after=None
[2025-07-28T15:47:58.982+0000] {logging_mixin.py:190} INFO - [2025-07-28T15:47:58.982+0000] {dag.py:4156} INFO - Setting next_dagrun for dataset_s3_bucket_consumer_with_no_taskflow to None, run_after=None
[2025-07-28T15:47:58.982+0000] {logging_mixin.py:190} INFO - [2025-07-28T15:47:58.982+0000] {dag.py:4156} INFO - Setting next_dagrun for dataset_s3_bucket_producer_with_no_taskflow to None, run_after=None
[2025-07-28T15:47:58.997+0000] {processor.py:208} INFO - Processing /home/airflow/.local/lib/python3.12/site-packages/airflow/example_dags/example_dataset_alias_with_no_taskflow.py took 0.219 seconds
[2025-07-28T15:48:29.318+0000] {processor.py:186} INFO - Started process (PID=757) to work on /home/airflow/.local/lib/python3.12/site-packages/airflow/example_dags/example_dataset_alias_with_no_taskflow.py
[2025-07-28T15:48:29.322+0000] {processor.py:914} INFO - Processing file /home/airflow/.local/lib/python3.12/site-packages/airflow/example_dags/example_dataset_alias_with_no_taskflow.py for tasks to queue
[2025-07-28T15:48:29.324+0000] {logging_mixin.py:190} INFO - [2025-07-28T15:48:29.324+0000] {dagbag.py:587} INFO - Filling up the DagBag from /home/airflow/.local/lib/python3.12/site-packages/airflow/example_dags/example_dataset_alias_with_no_taskflow.py
[2025-07-28T15:48:29.473+0000] {processor.py:925} INFO - DAG(s) 'dataset_alias_example_alias_producer_with_no_taskflow', 'dataset_alias_example_alias_consumer_with_no_taskflow', 'dataset_s3_bucket_producer_with_no_taskflow', 'dataset_s3_bucket_consumer_with_no_taskflow' retrieved from /home/airflow/.local/lib/python3.12/site-packages/airflow/example_dags/example_dataset_alias_with_no_taskflow.py
[2025-07-28T15:48:29.484+0000] {logging_mixin.py:190} INFO - [2025-07-28T15:48:29.484+0000] {dag.py:3229} INFO - Sync 4 DAGs
[2025-07-28T15:48:29.497+0000] {logging_mixin.py:190} INFO - [2025-07-28T15:48:29.497+0000] {dag.py:4156} INFO - Setting next_dagrun for dataset_alias_example_alias_consumer_with_no_taskflow to None, run_after=None
[2025-07-28T15:48:29.499+0000] {logging_mixin.py:190} INFO - [2025-07-28T15:48:29.498+0000] {dag.py:4156} INFO - Setting next_dagrun for dataset_alias_example_alias_producer_with_no_taskflow to None, run_after=None
[2025-07-28T15:48:29.499+0000] {logging_mixin.py:190} INFO - [2025-07-28T15:48:29.499+0000] {dag.py:4156} INFO - Setting next_dagrun for dataset_s3_bucket_consumer_with_no_taskflow to None, run_after=None
[2025-07-28T15:48:29.500+0000] {logging_mixin.py:190} INFO - [2025-07-28T15:48:29.500+0000] {dag.py:4156} INFO - Setting next_dagrun for dataset_s3_bucket_producer_with_no_taskflow to None, run_after=None
[2025-07-28T15:48:29.511+0000] {processor.py:208} INFO - Processing /home/airflow/.local/lib/python3.12/site-packages/airflow/example_dags/example_dataset_alias_with_no_taskflow.py took 0.198 seconds
[2025-07-28T15:49:00.224+0000] {processor.py:186} INFO - Started process (PID=819) to work on /home/airflow/.local/lib/python3.12/site-packages/airflow/example_dags/example_dataset_alias_with_no_taskflow.py
[2025-07-28T15:49:00.225+0000] {processor.py:914} INFO - Processing file /home/airflow/.local/lib/python3.12/site-packages/airflow/example_dags/example_dataset_alias_with_no_taskflow.py for tasks to queue
[2025-07-28T15:49:00.228+0000] {logging_mixin.py:190} INFO - [2025-07-28T15:49:00.228+0000] {dagbag.py:587} INFO - Filling up the DagBag from /home/airflow/.local/lib/python3.12/site-packages/airflow/example_dags/example_dataset_alias_with_no_taskflow.py
[2025-07-28T15:49:00.392+0000] {processor.py:925} INFO - DAG(s) 'dataset_alias_example_alias_producer_with_no_taskflow', 'dataset_s3_bucket_consumer_with_no_taskflow', 'dataset_s3_bucket_producer_with_no_taskflow', 'dataset_alias_example_alias_consumer_with_no_taskflow' retrieved from /home/airflow/.local/lib/python3.12/site-packages/airflow/example_dags/example_dataset_alias_with_no_taskflow.py
[2025-07-28T15:49:00.410+0000] {logging_mixin.py:190} INFO - [2025-07-28T15:49:00.410+0000] {dag.py:3229} INFO - Sync 4 DAGs
[2025-07-28T15:49:00.428+0000] {logging_mixin.py:190} INFO - [2025-07-28T15:49:00.427+0000] {dag.py:4156} INFO - Setting next_dagrun for dataset_alias_example_alias_consumer_with_no_taskflow to None, run_after=None
[2025-07-28T15:49:00.431+0000] {logging_mixin.py:190} INFO - [2025-07-28T15:49:00.431+0000] {dag.py:4156} INFO - Setting next_dagrun for dataset_alias_example_alias_producer_with_no_taskflow to None, run_after=None
[2025-07-28T15:49:00.432+0000] {logging_mixin.py:190} INFO - [2025-07-28T15:49:00.431+0000] {dag.py:4156} INFO - Setting next_dagrun for dataset_s3_bucket_consumer_with_no_taskflow to None, run_after=None
[2025-07-28T15:49:00.432+0000] {logging_mixin.py:190} INFO - [2025-07-28T15:49:00.432+0000] {dag.py:4156} INFO - Setting next_dagrun for dataset_s3_bucket_producer_with_no_taskflow to None, run_after=None
[2025-07-28T15:49:00.452+0000] {processor.py:208} INFO - Processing /home/airflow/.local/lib/python3.12/site-packages/airflow/example_dags/example_dataset_alias_with_no_taskflow.py took 0.238 seconds
[2025-07-28T15:49:30.812+0000] {processor.py:186} INFO - Started process (PID=881) to work on /home/airflow/.local/lib/python3.12/site-packages/airflow/example_dags/example_dataset_alias_with_no_taskflow.py
[2025-07-28T15:49:30.813+0000] {processor.py:914} INFO - Processing file /home/airflow/.local/lib/python3.12/site-packages/airflow/example_dags/example_dataset_alias_with_no_taskflow.py for tasks to queue
[2025-07-28T15:49:30.816+0000] {logging_mixin.py:190} INFO - [2025-07-28T15:49:30.816+0000] {dagbag.py:587} INFO - Filling up the DagBag from /home/airflow/.local/lib/python3.12/site-packages/airflow/example_dags/example_dataset_alias_with_no_taskflow.py
[2025-07-28T15:49:30.930+0000] {processor.py:925} INFO - DAG(s) 'dataset_alias_example_alias_consumer_with_no_taskflow', 'dataset_s3_bucket_consumer_with_no_taskflow', 'dataset_s3_bucket_producer_with_no_taskflow', 'dataset_alias_example_alias_producer_with_no_taskflow' retrieved from /home/airflow/.local/lib/python3.12/site-packages/airflow/example_dags/example_dataset_alias_with_no_taskflow.py
[2025-07-28T15:49:30.943+0000] {logging_mixin.py:190} INFO - [2025-07-28T15:49:30.943+0000] {dag.py:3229} INFO - Sync 4 DAGs
[2025-07-28T15:49:30.960+0000] {logging_mixin.py:190} INFO - [2025-07-28T15:49:30.960+0000] {dag.py:4156} INFO - Setting next_dagrun for dataset_alias_example_alias_consumer_with_no_taskflow to None, run_after=None
[2025-07-28T15:49:30.961+0000] {logging_mixin.py:190} INFO - [2025-07-28T15:49:30.961+0000] {dag.py:4156} INFO - Setting next_dagrun for dataset_alias_example_alias_producer_with_no_taskflow to None, run_after=None
[2025-07-28T15:49:30.962+0000] {logging_mixin.py:190} INFO - [2025-07-28T15:49:30.962+0000] {dag.py:4156} INFO - Setting next_dagrun for dataset_s3_bucket_consumer_with_no_taskflow to None, run_after=None
[2025-07-28T15:49:30.963+0000] {logging_mixin.py:190} INFO - [2025-07-28T15:49:30.963+0000] {dag.py:4156} INFO - Setting next_dagrun for dataset_s3_bucket_producer_with_no_taskflow to None, run_after=None
[2025-07-28T15:49:30.975+0000] {processor.py:208} INFO - Processing /home/airflow/.local/lib/python3.12/site-packages/airflow/example_dags/example_dataset_alias_with_no_taskflow.py took 0.171 seconds
[2025-07-28T15:50:01.438+0000] {processor.py:186} INFO - Started process (PID=943) to work on /home/airflow/.local/lib/python3.12/site-packages/airflow/example_dags/example_dataset_alias_with_no_taskflow.py
[2025-07-28T15:50:01.440+0000] {processor.py:914} INFO - Processing file /home/airflow/.local/lib/python3.12/site-packages/airflow/example_dags/example_dataset_alias_with_no_taskflow.py for tasks to queue
[2025-07-28T15:50:01.443+0000] {logging_mixin.py:190} INFO - [2025-07-28T15:50:01.443+0000] {dagbag.py:587} INFO - Filling up the DagBag from /home/airflow/.local/lib/python3.12/site-packages/airflow/example_dags/example_dataset_alias_with_no_taskflow.py
[2025-07-28T15:50:01.640+0000] {processor.py:925} INFO - DAG(s) 'dataset_s3_bucket_consumer_with_no_taskflow', 'dataset_alias_example_alias_producer_with_no_taskflow', 'dataset_alias_example_alias_consumer_with_no_taskflow', 'dataset_s3_bucket_producer_with_no_taskflow' retrieved from /home/airflow/.local/lib/python3.12/site-packages/airflow/example_dags/example_dataset_alias_with_no_taskflow.py
[2025-07-28T15:50:01.654+0000] {logging_mixin.py:190} INFO - [2025-07-28T15:50:01.654+0000] {dag.py:3229} INFO - Sync 4 DAGs
[2025-07-28T15:50:01.671+0000] {logging_mixin.py:190} INFO - [2025-07-28T15:50:01.671+0000] {dag.py:4156} INFO - Setting next_dagrun for dataset_alias_example_alias_consumer_with_no_taskflow to None, run_after=None
[2025-07-28T15:50:01.674+0000] {logging_mixin.py:190} INFO - [2025-07-28T15:50:01.674+0000] {dag.py:4156} INFO - Setting next_dagrun for dataset_alias_example_alias_producer_with_no_taskflow to None, run_after=None
[2025-07-28T15:50:01.675+0000] {logging_mixin.py:190} INFO - [2025-07-28T15:50:01.675+0000] {dag.py:4156} INFO - Setting next_dagrun for dataset_s3_bucket_consumer_with_no_taskflow to None, run_after=None
[2025-07-28T15:50:01.676+0000] {logging_mixin.py:190} INFO - [2025-07-28T15:50:01.676+0000] {dag.py:4156} INFO - Setting next_dagrun for dataset_s3_bucket_producer_with_no_taskflow to None, run_after=None
[2025-07-28T15:50:01.687+0000] {processor.py:208} INFO - Processing /home/airflow/.local/lib/python3.12/site-packages/airflow/example_dags/example_dataset_alias_with_no_taskflow.py took 0.271 seconds
[2025-07-28T15:50:31.881+0000] {processor.py:186} INFO - Started process (PID=1005) to work on /home/airflow/.local/lib/python3.12/site-packages/airflow/example_dags/example_dataset_alias_with_no_taskflow.py
[2025-07-28T15:50:31.883+0000] {processor.py:914} INFO - Processing file /home/airflow/.local/lib/python3.12/site-packages/airflow/example_dags/example_dataset_alias_with_no_taskflow.py for tasks to queue
[2025-07-28T15:50:31.885+0000] {logging_mixin.py:190} INFO - [2025-07-28T15:50:31.885+0000] {dagbag.py:587} INFO - Filling up the DagBag from /home/airflow/.local/lib/python3.12/site-packages/airflow/example_dags/example_dataset_alias_with_no_taskflow.py
[2025-07-28T15:50:31.987+0000] {processor.py:925} INFO - DAG(s) 'dataset_alias_example_alias_producer_with_no_taskflow', 'dataset_alias_example_alias_consumer_with_no_taskflow', 'dataset_s3_bucket_consumer_with_no_taskflow', 'dataset_s3_bucket_producer_with_no_taskflow' retrieved from /home/airflow/.local/lib/python3.12/site-packages/airflow/example_dags/example_dataset_alias_with_no_taskflow.py
[2025-07-28T15:50:31.999+0000] {logging_mixin.py:190} INFO - [2025-07-28T15:50:31.999+0000] {dag.py:3229} INFO - Sync 4 DAGs
[2025-07-28T15:50:32.016+0000] {logging_mixin.py:190} INFO - [2025-07-28T15:50:32.016+0000] {dag.py:4156} INFO - Setting next_dagrun for dataset_alias_example_alias_consumer_with_no_taskflow to None, run_after=None
[2025-07-28T15:50:32.018+0000] {logging_mixin.py:190} INFO - [2025-07-28T15:50:32.018+0000] {dag.py:4156} INFO - Setting next_dagrun for dataset_alias_example_alias_producer_with_no_taskflow to None, run_after=None
[2025-07-28T15:50:32.019+0000] {logging_mixin.py:190} INFO - [2025-07-28T15:50:32.019+0000] {dag.py:4156} INFO - Setting next_dagrun for dataset_s3_bucket_consumer_with_no_taskflow to None, run_after=None
[2025-07-28T15:50:32.020+0000] {logging_mixin.py:190} INFO - [2025-07-28T15:50:32.019+0000] {dag.py:4156} INFO - Setting next_dagrun for dataset_s3_bucket_producer_with_no_taskflow to None, run_after=None
[2025-07-28T15:50:32.033+0000] {processor.py:208} INFO - Processing /home/airflow/.local/lib/python3.12/site-packages/airflow/example_dags/example_dataset_alias_with_no_taskflow.py took 0.157 seconds
[2025-07-28T15:51:02.064+0000] {processor.py:186} INFO - Started process (PID=1069) to work on /home/airflow/.local/lib/python3.12/site-packages/airflow/example_dags/example_dataset_alias_with_no_taskflow.py
[2025-07-28T15:51:02.065+0000] {processor.py:914} INFO - Processing file /home/airflow/.local/lib/python3.12/site-packages/airflow/example_dags/example_dataset_alias_with_no_taskflow.py for tasks to queue
[2025-07-28T15:51:02.067+0000] {logging_mixin.py:190} INFO - [2025-07-28T15:51:02.066+0000] {dagbag.py:587} INFO - Filling up the DagBag from /home/airflow/.local/lib/python3.12/site-packages/airflow/example_dags/example_dataset_alias_with_no_taskflow.py
[2025-07-28T15:51:02.221+0000] {processor.py:925} INFO - DAG(s) 'dataset_alias_example_alias_producer_with_no_taskflow', 'dataset_s3_bucket_consumer_with_no_taskflow', 'dataset_s3_bucket_producer_with_no_taskflow', 'dataset_alias_example_alias_consumer_with_no_taskflow' retrieved from /home/airflow/.local/lib/python3.12/site-packages/airflow/example_dags/example_dataset_alias_with_no_taskflow.py
[2025-07-28T15:51:02.237+0000] {logging_mixin.py:190} INFO - [2025-07-28T15:51:02.237+0000] {dag.py:3229} INFO - Sync 4 DAGs
[2025-07-28T15:51:02.258+0000] {logging_mixin.py:190} INFO - [2025-07-28T15:51:02.258+0000] {dag.py:4156} INFO - Setting next_dagrun for dataset_alias_example_alias_consumer_with_no_taskflow to None, run_after=None
[2025-07-28T15:51:02.259+0000] {logging_mixin.py:190} INFO - [2025-07-28T15:51:02.259+0000] {dag.py:4156} INFO - Setting next_dagrun for dataset_alias_example_alias_producer_with_no_taskflow to None, run_after=None
[2025-07-28T15:51:02.260+0000] {logging_mixin.py:190} INFO - [2025-07-28T15:51:02.260+0000] {dag.py:4156} INFO - Setting next_dagrun for dataset_s3_bucket_consumer_with_no_taskflow to None, run_after=None
[2025-07-28T15:51:02.261+0000] {logging_mixin.py:190} INFO - [2025-07-28T15:51:02.261+0000] {dag.py:4156} INFO - Setting next_dagrun for dataset_s3_bucket_producer_with_no_taskflow to None, run_after=None
[2025-07-28T15:51:02.273+0000] {processor.py:208} INFO - Processing /home/airflow/.local/lib/python3.12/site-packages/airflow/example_dags/example_dataset_alias_with_no_taskflow.py took 0.213 seconds
[2025-07-28T15:51:32.564+0000] {processor.py:186} INFO - Started process (PID=1129) to work on /home/airflow/.local/lib/python3.12/site-packages/airflow/example_dags/example_dataset_alias_with_no_taskflow.py
[2025-07-28T15:51:32.565+0000] {processor.py:914} INFO - Processing file /home/airflow/.local/lib/python3.12/site-packages/airflow/example_dags/example_dataset_alias_with_no_taskflow.py for tasks to queue
[2025-07-28T15:51:32.567+0000] {logging_mixin.py:190} INFO - [2025-07-28T15:51:32.567+0000] {dagbag.py:587} INFO - Filling up the DagBag from /home/airflow/.local/lib/python3.12/site-packages/airflow/example_dags/example_dataset_alias_with_no_taskflow.py
[2025-07-28T15:51:32.666+0000] {processor.py:925} INFO - DAG(s) 'dataset_alias_example_alias_consumer_with_no_taskflow', 'dataset_s3_bucket_consumer_with_no_taskflow', 'dataset_alias_example_alias_producer_with_no_taskflow', 'dataset_s3_bucket_producer_with_no_taskflow' retrieved from /home/airflow/.local/lib/python3.12/site-packages/airflow/example_dags/example_dataset_alias_with_no_taskflow.py
[2025-07-28T15:51:32.699+0000] {logging_mixin.py:190} INFO - [2025-07-28T15:51:32.698+0000] {dag.py:3229} INFO - Sync 4 DAGs
[2025-07-28T15:51:32.734+0000] {logging_mixin.py:190} INFO - [2025-07-28T15:51:32.734+0000] {dag.py:4156} INFO - Setting next_dagrun for dataset_alias_example_alias_consumer_with_no_taskflow to None, run_after=None
[2025-07-28T15:51:32.737+0000] {logging_mixin.py:190} INFO - [2025-07-28T15:51:32.737+0000] {dag.py:4156} INFO - Setting next_dagrun for dataset_alias_example_alias_producer_with_no_taskflow to None, run_after=None
[2025-07-28T15:51:32.738+0000] {logging_mixin.py:190} INFO - [2025-07-28T15:51:32.738+0000] {dag.py:4156} INFO - Setting next_dagrun for dataset_s3_bucket_consumer_with_no_taskflow to None, run_after=None
[2025-07-28T15:51:32.739+0000] {logging_mixin.py:190} INFO - [2025-07-28T15:51:32.739+0000] {dag.py:4156} INFO - Setting next_dagrun for dataset_s3_bucket_producer_with_no_taskflow to None, run_after=None
[2025-07-28T15:51:32.752+0000] {processor.py:208} INFO - Processing /home/airflow/.local/lib/python3.12/site-packages/airflow/example_dags/example_dataset_alias_with_no_taskflow.py took 0.192 seconds
[2025-07-28T15:52:02.957+0000] {processor.py:186} INFO - Started process (PID=1191) to work on /home/airflow/.local/lib/python3.12/site-packages/airflow/example_dags/example_dataset_alias_with_no_taskflow.py
[2025-07-28T15:52:02.960+0000] {processor.py:914} INFO - Processing file /home/airflow/.local/lib/python3.12/site-packages/airflow/example_dags/example_dataset_alias_with_no_taskflow.py for tasks to queue
[2025-07-28T15:52:02.962+0000] {logging_mixin.py:190} INFO - [2025-07-28T15:52:02.961+0000] {dagbag.py:587} INFO - Filling up the DagBag from /home/airflow/.local/lib/python3.12/site-packages/airflow/example_dags/example_dataset_alias_with_no_taskflow.py
[2025-07-28T15:52:03.046+0000] {processor.py:925} INFO - DAG(s) 'dataset_s3_bucket_consumer_with_no_taskflow', 'dataset_alias_example_alias_consumer_with_no_taskflow', 'dataset_s3_bucket_producer_with_no_taskflow', 'dataset_alias_example_alias_producer_with_no_taskflow' retrieved from /home/airflow/.local/lib/python3.12/site-packages/airflow/example_dags/example_dataset_alias_with_no_taskflow.py
[2025-07-28T15:52:03.058+0000] {logging_mixin.py:190} INFO - [2025-07-28T15:52:03.058+0000] {dag.py:3229} INFO - Sync 4 DAGs
[2025-07-28T15:52:03.069+0000] {logging_mixin.py:190} INFO - [2025-07-28T15:52:03.068+0000] {dag.py:4156} INFO - Setting next_dagrun for dataset_alias_example_alias_consumer_with_no_taskflow to None, run_after=None
[2025-07-28T15:52:03.070+0000] {logging_mixin.py:190} INFO - [2025-07-28T15:52:03.070+0000] {dag.py:4156} INFO - Setting next_dagrun for dataset_alias_example_alias_producer_with_no_taskflow to None, run_after=None
[2025-07-28T15:52:03.070+0000] {logging_mixin.py:190} INFO - [2025-07-28T15:52:03.070+0000] {dag.py:4156} INFO - Setting next_dagrun for dataset_s3_bucket_consumer_with_no_taskflow to None, run_after=None
[2025-07-28T15:52:03.071+0000] {logging_mixin.py:190} INFO - [2025-07-28T15:52:03.070+0000] {dag.py:4156} INFO - Setting next_dagrun for dataset_s3_bucket_producer_with_no_taskflow to None, run_after=None
[2025-07-28T15:52:03.079+0000] {processor.py:208} INFO - Processing /home/airflow/.local/lib/python3.12/site-packages/airflow/example_dags/example_dataset_alias_with_no_taskflow.py took 0.125 seconds
[2025-07-28T15:52:34.024+0000] {processor.py:186} INFO - Started process (PID=1253) to work on /home/airflow/.local/lib/python3.12/site-packages/airflow/example_dags/example_dataset_alias_with_no_taskflow.py
[2025-07-28T15:52:34.027+0000] {processor.py:914} INFO - Processing file /home/airflow/.local/lib/python3.12/site-packages/airflow/example_dags/example_dataset_alias_with_no_taskflow.py for tasks to queue
[2025-07-28T15:52:34.028+0000] {logging_mixin.py:190} INFO - [2025-07-28T15:52:34.028+0000] {dagbag.py:587} INFO - Filling up the DagBag from /home/airflow/.local/lib/python3.12/site-packages/airflow/example_dags/example_dataset_alias_with_no_taskflow.py
[2025-07-28T15:52:34.138+0000] {processor.py:925} INFO - DAG(s) 'dataset_s3_bucket_consumer_with_no_taskflow', 'dataset_alias_example_alias_producer_with_no_taskflow', 'dataset_s3_bucket_producer_with_no_taskflow', 'dataset_alias_example_alias_consumer_with_no_taskflow' retrieved from /home/airflow/.local/lib/python3.12/site-packages/airflow/example_dags/example_dataset_alias_with_no_taskflow.py
[2025-07-28T15:52:34.149+0000] {logging_mixin.py:190} INFO - [2025-07-28T15:52:34.149+0000] {dag.py:3229} INFO - Sync 4 DAGs
[2025-07-28T15:52:34.160+0000] {logging_mixin.py:190} INFO - [2025-07-28T15:52:34.160+0000] {dag.py:4156} INFO - Setting next_dagrun for dataset_alias_example_alias_consumer_with_no_taskflow to None, run_after=None
[2025-07-28T15:52:34.161+0000] {logging_mixin.py:190} INFO - [2025-07-28T15:52:34.161+0000] {dag.py:4156} INFO - Setting next_dagrun for dataset_alias_example_alias_producer_with_no_taskflow to None, run_after=None
[2025-07-28T15:52:34.162+0000] {logging_mixin.py:190} INFO - [2025-07-28T15:52:34.162+0000] {dag.py:4156} INFO - Setting next_dagrun for dataset_s3_bucket_consumer_with_no_taskflow to None, run_after=None
[2025-07-28T15:52:34.162+0000] {logging_mixin.py:190} INFO - [2025-07-28T15:52:34.162+0000] {dag.py:4156} INFO - Setting next_dagrun for dataset_s3_bucket_producer_with_no_taskflow to None, run_after=None
[2025-07-28T15:52:34.171+0000] {processor.py:208} INFO - Processing /home/airflow/.local/lib/python3.12/site-packages/airflow/example_dags/example_dataset_alias_with_no_taskflow.py took 0.150 seconds
[2025-07-28T15:53:04.225+0000] {processor.py:186} INFO - Started process (PID=1315) to work on /home/airflow/.local/lib/python3.12/site-packages/airflow/example_dags/example_dataset_alias_with_no_taskflow.py
[2025-07-28T15:53:04.227+0000] {processor.py:914} INFO - Processing file /home/airflow/.local/lib/python3.12/site-packages/airflow/example_dags/example_dataset_alias_with_no_taskflow.py for tasks to queue
[2025-07-28T15:53:04.228+0000] {logging_mixin.py:190} INFO - [2025-07-28T15:53:04.228+0000] {dagbag.py:587} INFO - Filling up the DagBag from /home/airflow/.local/lib/python3.12/site-packages/airflow/example_dags/example_dataset_alias_with_no_taskflow.py
[2025-07-28T15:53:04.315+0000] {processor.py:925} INFO - DAG(s) 'dataset_alias_example_alias_producer_with_no_taskflow', 'dataset_alias_example_alias_consumer_with_no_taskflow', 'dataset_s3_bucket_producer_with_no_taskflow', 'dataset_s3_bucket_consumer_with_no_taskflow' retrieved from /home/airflow/.local/lib/python3.12/site-packages/airflow/example_dags/example_dataset_alias_with_no_taskflow.py
[2025-07-28T15:53:04.324+0000] {logging_mixin.py:190} INFO - [2025-07-28T15:53:04.324+0000] {dag.py:3229} INFO - Sync 4 DAGs
[2025-07-28T15:53:04.334+0000] {logging_mixin.py:190} INFO - [2025-07-28T15:53:04.334+0000] {dag.py:4156} INFO - Setting next_dagrun for dataset_alias_example_alias_consumer_with_no_taskflow to None, run_after=None
[2025-07-28T15:53:04.336+0000] {logging_mixin.py:190} INFO - [2025-07-28T15:53:04.336+0000] {dag.py:4156} INFO - Setting next_dagrun for dataset_alias_example_alias_producer_with_no_taskflow to None, run_after=None
[2025-07-28T15:53:04.336+0000] {logging_mixin.py:190} INFO - [2025-07-28T15:53:04.336+0000] {dag.py:4156} INFO - Setting next_dagrun for dataset_s3_bucket_consumer_with_no_taskflow to None, run_after=None
[2025-07-28T15:53:04.337+0000] {logging_mixin.py:190} INFO - [2025-07-28T15:53:04.337+0000] {dag.py:4156} INFO - Setting next_dagrun for dataset_s3_bucket_producer_with_no_taskflow to None, run_after=None
[2025-07-28T15:53:04.353+0000] {processor.py:208} INFO - Processing /home/airflow/.local/lib/python3.12/site-packages/airflow/example_dags/example_dataset_alias_with_no_taskflow.py took 0.131 seconds
[2025-07-28T15:53:35.224+0000] {processor.py:186} INFO - Started process (PID=1378) to work on /home/airflow/.local/lib/python3.12/site-packages/airflow/example_dags/example_dataset_alias_with_no_taskflow.py
[2025-07-28T15:53:35.226+0000] {processor.py:914} INFO - Processing file /home/airflow/.local/lib/python3.12/site-packages/airflow/example_dags/example_dataset_alias_with_no_taskflow.py for tasks to queue
[2025-07-28T15:53:35.228+0000] {logging_mixin.py:190} INFO - [2025-07-28T15:53:35.227+0000] {dagbag.py:587} INFO - Filling up the DagBag from /home/airflow/.local/lib/python3.12/site-packages/airflow/example_dags/example_dataset_alias_with_no_taskflow.py
[2025-07-28T15:53:35.317+0000] {processor.py:925} INFO - DAG(s) 'dataset_alias_example_alias_producer_with_no_taskflow', 'dataset_s3_bucket_producer_with_no_taskflow', 'dataset_s3_bucket_consumer_with_no_taskflow', 'dataset_alias_example_alias_consumer_with_no_taskflow' retrieved from /home/airflow/.local/lib/python3.12/site-packages/airflow/example_dags/example_dataset_alias_with_no_taskflow.py
[2025-07-28T15:53:35.328+0000] {logging_mixin.py:190} INFO - [2025-07-28T15:53:35.328+0000] {dag.py:3229} INFO - Sync 4 DAGs
[2025-07-28T15:53:35.345+0000] {logging_mixin.py:190} INFO - [2025-07-28T15:53:35.345+0000] {dag.py:4156} INFO - Setting next_dagrun for dataset_alias_example_alias_consumer_with_no_taskflow to None, run_after=None
[2025-07-28T15:53:35.347+0000] {logging_mixin.py:190} INFO - [2025-07-28T15:53:35.347+0000] {dag.py:4156} INFO - Setting next_dagrun for dataset_alias_example_alias_producer_with_no_taskflow to None, run_after=None
[2025-07-28T15:53:35.347+0000] {logging_mixin.py:190} INFO - [2025-07-28T15:53:35.347+0000] {dag.py:4156} INFO - Setting next_dagrun for dataset_s3_bucket_consumer_with_no_taskflow to None, run_after=None
[2025-07-28T15:53:35.348+0000] {logging_mixin.py:190} INFO - [2025-07-28T15:53:35.348+0000] {dag.py:4156} INFO - Setting next_dagrun for dataset_s3_bucket_producer_with_no_taskflow to None, run_after=None
[2025-07-28T15:53:35.358+0000] {processor.py:208} INFO - Processing /home/airflow/.local/lib/python3.12/site-packages/airflow/example_dags/example_dataset_alias_with_no_taskflow.py took 0.138 seconds
[2025-07-28T15:54:06.096+0000] {processor.py:186} INFO - Started process (PID=1443) to work on /home/airflow/.local/lib/python3.12/site-packages/airflow/example_dags/example_dataset_alias_with_no_taskflow.py
[2025-07-28T15:54:06.097+0000] {processor.py:914} INFO - Processing file /home/airflow/.local/lib/python3.12/site-packages/airflow/example_dags/example_dataset_alias_with_no_taskflow.py for tasks to queue
[2025-07-28T15:54:06.099+0000] {logging_mixin.py:190} INFO - [2025-07-28T15:54:06.099+0000] {dagbag.py:587} INFO - Filling up the DagBag from /home/airflow/.local/lib/python3.12/site-packages/airflow/example_dags/example_dataset_alias_with_no_taskflow.py
[2025-07-28T15:54:06.213+0000] {processor.py:925} INFO - DAG(s) 'dataset_alias_example_alias_consumer_with_no_taskflow', 'dataset_s3_bucket_producer_with_no_taskflow', 'dataset_s3_bucket_consumer_with_no_taskflow', 'dataset_alias_example_alias_producer_with_no_taskflow' retrieved from /home/airflow/.local/lib/python3.12/site-packages/airflow/example_dags/example_dataset_alias_with_no_taskflow.py
[2025-07-28T15:54:06.221+0000] {logging_mixin.py:190} INFO - [2025-07-28T15:54:06.221+0000] {dag.py:3229} INFO - Sync 4 DAGs
[2025-07-28T15:54:06.232+0000] {logging_mixin.py:190} INFO - [2025-07-28T15:54:06.232+0000] {dag.py:4156} INFO - Setting next_dagrun for dataset_alias_example_alias_consumer_with_no_taskflow to None, run_after=None
[2025-07-28T15:54:06.234+0000] {logging_mixin.py:190} INFO - [2025-07-28T15:54:06.234+0000] {dag.py:4156} INFO - Setting next_dagrun for dataset_alias_example_alias_producer_with_no_taskflow to None, run_after=None
[2025-07-28T15:54:06.235+0000] {logging_mixin.py:190} INFO - [2025-07-28T15:54:06.235+0000] {dag.py:4156} INFO - Setting next_dagrun for dataset_s3_bucket_consumer_with_no_taskflow to None, run_after=None
[2025-07-28T15:54:06.235+0000] {logging_mixin.py:190} INFO - [2025-07-28T15:54:06.235+0000] {dag.py:4156} INFO - Setting next_dagrun for dataset_s3_bucket_producer_with_no_taskflow to None, run_after=None
[2025-07-28T15:54:06.247+0000] {processor.py:208} INFO - Processing /home/airflow/.local/lib/python3.12/site-packages/airflow/example_dags/example_dataset_alias_with_no_taskflow.py took 0.154 seconds
[2025-07-28T15:54:36.849+0000] {processor.py:186} INFO - Started process (PID=1504) to work on /home/airflow/.local/lib/python3.12/site-packages/airflow/example_dags/example_dataset_alias_with_no_taskflow.py
[2025-07-28T15:54:36.853+0000] {processor.py:914} INFO - Processing file /home/airflow/.local/lib/python3.12/site-packages/airflow/example_dags/example_dataset_alias_with_no_taskflow.py for tasks to queue
[2025-07-28T15:54:36.854+0000] {logging_mixin.py:190} INFO - [2025-07-28T15:54:36.854+0000] {dagbag.py:587} INFO - Filling up the DagBag from /home/airflow/.local/lib/python3.12/site-packages/airflow/example_dags/example_dataset_alias_with_no_taskflow.py
[2025-07-28T15:54:36.945+0000] {processor.py:925} INFO - DAG(s) 'dataset_alias_example_alias_producer_with_no_taskflow', 'dataset_alias_example_alias_consumer_with_no_taskflow', 'dataset_s3_bucket_producer_with_no_taskflow', 'dataset_s3_bucket_consumer_with_no_taskflow' retrieved from /home/airflow/.local/lib/python3.12/site-packages/airflow/example_dags/example_dataset_alias_with_no_taskflow.py
[2025-07-28T15:54:36.955+0000] {logging_mixin.py:190} INFO - [2025-07-28T15:54:36.955+0000] {dag.py:3229} INFO - Sync 4 DAGs
[2025-07-28T15:54:36.968+0000] {logging_mixin.py:190} INFO - [2025-07-28T15:54:36.968+0000] {dag.py:4156} INFO - Setting next_dagrun for dataset_alias_example_alias_consumer_with_no_taskflow to None, run_after=None
[2025-07-28T15:54:36.969+0000] {logging_mixin.py:190} INFO - [2025-07-28T15:54:36.969+0000] {dag.py:4156} INFO - Setting next_dagrun for dataset_alias_example_alias_producer_with_no_taskflow to None, run_after=None
[2025-07-28T15:54:36.970+0000] {logging_mixin.py:190} INFO - [2025-07-28T15:54:36.969+0000] {dag.py:4156} INFO - Setting next_dagrun for dataset_s3_bucket_consumer_with_no_taskflow to None, run_after=None
[2025-07-28T15:54:36.970+0000] {logging_mixin.py:190} INFO - [2025-07-28T15:54:36.970+0000] {dag.py:4156} INFO - Setting next_dagrun for dataset_s3_bucket_producer_with_no_taskflow to None, run_after=None
[2025-07-28T15:54:36.990+0000] {processor.py:208} INFO - Processing /home/airflow/.local/lib/python3.12/site-packages/airflow/example_dags/example_dataset_alias_with_no_taskflow.py took 0.144 seconds
[2025-07-28T15:55:09.126+0000] {processor.py:186} INFO - Started process (PID=1567) to work on /home/airflow/.local/lib/python3.12/site-packages/airflow/example_dags/example_dataset_alias_with_no_taskflow.py
[2025-07-28T15:55:09.127+0000] {processor.py:914} INFO - Processing file /home/airflow/.local/lib/python3.12/site-packages/airflow/example_dags/example_dataset_alias_with_no_taskflow.py for tasks to queue
[2025-07-28T15:55:09.128+0000] {logging_mixin.py:190} INFO - [2025-07-28T15:55:09.128+0000] {dagbag.py:587} INFO - Filling up the DagBag from /home/airflow/.local/lib/python3.12/site-packages/airflow/example_dags/example_dataset_alias_with_no_taskflow.py
[2025-07-28T15:55:09.500+0000] {processor.py:925} INFO - DAG(s) 'dataset_s3_bucket_consumer_with_no_taskflow', 'dataset_alias_example_alias_consumer_with_no_taskflow', 'dataset_alias_example_alias_producer_with_no_taskflow', 'dataset_s3_bucket_producer_with_no_taskflow' retrieved from /home/airflow/.local/lib/python3.12/site-packages/airflow/example_dags/example_dataset_alias_with_no_taskflow.py
[2025-07-28T15:55:09.566+0000] {logging_mixin.py:190} INFO - [2025-07-28T15:55:09.565+0000] {dag.py:3229} INFO - Sync 4 DAGs
[2025-07-28T15:55:09.589+0000] {logging_mixin.py:190} INFO - [2025-07-28T15:55:09.589+0000] {dag.py:4156} INFO - Setting next_dagrun for dataset_alias_example_alias_consumer_with_no_taskflow to None, run_after=None
[2025-07-28T15:55:09.591+0000] {logging_mixin.py:190} INFO - [2025-07-28T15:55:09.591+0000] {dag.py:4156} INFO - Setting next_dagrun for dataset_alias_example_alias_producer_with_no_taskflow to None, run_after=None
[2025-07-28T15:55:09.592+0000] {logging_mixin.py:190} INFO - [2025-07-28T15:55:09.591+0000] {dag.py:4156} INFO - Setting next_dagrun for dataset_s3_bucket_consumer_with_no_taskflow to None, run_after=None
[2025-07-28T15:55:09.592+0000] {logging_mixin.py:190} INFO - [2025-07-28T15:55:09.592+0000] {dag.py:4156} INFO - Setting next_dagrun for dataset_s3_bucket_producer_with_no_taskflow to None, run_after=None
[2025-07-28T15:55:09.643+0000] {processor.py:208} INFO - Processing /home/airflow/.local/lib/python3.12/site-packages/airflow/example_dags/example_dataset_alias_with_no_taskflow.py took 0.522 seconds
[2025-07-28T15:55:40.595+0000] {processor.py:186} INFO - Started process (PID=1630) to work on /home/airflow/.local/lib/python3.12/site-packages/airflow/example_dags/example_dataset_alias_with_no_taskflow.py
[2025-07-28T15:55:40.596+0000] {processor.py:914} INFO - Processing file /home/airflow/.local/lib/python3.12/site-packages/airflow/example_dags/example_dataset_alias_with_no_taskflow.py for tasks to queue
[2025-07-28T15:55:40.599+0000] {logging_mixin.py:190} INFO - [2025-07-28T15:55:40.598+0000] {dagbag.py:587} INFO - Filling up the DagBag from /home/airflow/.local/lib/python3.12/site-packages/airflow/example_dags/example_dataset_alias_with_no_taskflow.py
[2025-07-28T15:55:40.744+0000] {processor.py:925} INFO - DAG(s) 'dataset_alias_example_alias_consumer_with_no_taskflow', 'dataset_alias_example_alias_producer_with_no_taskflow', 'dataset_s3_bucket_consumer_with_no_taskflow', 'dataset_s3_bucket_producer_with_no_taskflow' retrieved from /home/airflow/.local/lib/python3.12/site-packages/airflow/example_dags/example_dataset_alias_with_no_taskflow.py
[2025-07-28T15:55:40.757+0000] {logging_mixin.py:190} INFO - [2025-07-28T15:55:40.757+0000] {dag.py:3229} INFO - Sync 4 DAGs
[2025-07-28T15:55:40.778+0000] {logging_mixin.py:190} INFO - [2025-07-28T15:55:40.778+0000] {dag.py:4156} INFO - Setting next_dagrun for dataset_alias_example_alias_consumer_with_no_taskflow to None, run_after=None
[2025-07-28T15:55:40.780+0000] {logging_mixin.py:190} INFO - [2025-07-28T15:55:40.780+0000] {dag.py:4156} INFO - Setting next_dagrun for dataset_alias_example_alias_producer_with_no_taskflow to None, run_after=None
[2025-07-28T15:55:40.781+0000] {logging_mixin.py:190} INFO - [2025-07-28T15:55:40.781+0000] {dag.py:4156} INFO - Setting next_dagrun for dataset_s3_bucket_consumer_with_no_taskflow to None, run_after=None
[2025-07-28T15:55:40.782+0000] {logging_mixin.py:190} INFO - [2025-07-28T15:55:40.782+0000] {dag.py:4156} INFO - Setting next_dagrun for dataset_s3_bucket_producer_with_no_taskflow to None, run_after=None
[2025-07-28T15:55:40.796+0000] {processor.py:208} INFO - Processing /home/airflow/.local/lib/python3.12/site-packages/airflow/example_dags/example_dataset_alias_with_no_taskflow.py took 0.210 seconds
[2025-07-28T15:56:11.840+0000] {processor.py:186} INFO - Started process (PID=1693) to work on /home/airflow/.local/lib/python3.12/site-packages/airflow/example_dags/example_dataset_alias_with_no_taskflow.py
[2025-07-28T15:56:11.849+0000] {processor.py:914} INFO - Processing file /home/airflow/.local/lib/python3.12/site-packages/airflow/example_dags/example_dataset_alias_with_no_taskflow.py for tasks to queue
[2025-07-28T15:56:11.891+0000] {logging_mixin.py:190} INFO - [2025-07-28T15:56:11.882+0000] {dagbag.py:587} INFO - Filling up the DagBag from /home/airflow/.local/lib/python3.12/site-packages/airflow/example_dags/example_dataset_alias_with_no_taskflow.py
[2025-07-28T15:56:27.229+0000] {processor.py:925} INFO - DAG(s) 'dataset_alias_example_alias_producer_with_no_taskflow', 'dataset_s3_bucket_consumer_with_no_taskflow', 'dataset_alias_example_alias_consumer_with_no_taskflow', 'dataset_s3_bucket_producer_with_no_taskflow' retrieved from /home/airflow/.local/lib/python3.12/site-packages/airflow/example_dags/example_dataset_alias_with_no_taskflow.py
[2025-07-28T15:56:27.347+0000] {logging_mixin.py:190} INFO - [2025-07-28T15:56:27.346+0000] {dag.py:3229} INFO - Sync 4 DAGs
[2025-07-28T15:56:27.396+0000] {logging_mixin.py:190} INFO - [2025-07-28T15:56:27.396+0000] {dag.py:4156} INFO - Setting next_dagrun for dataset_alias_example_alias_consumer_with_no_taskflow to None, run_after=None
[2025-07-28T15:56:27.401+0000] {logging_mixin.py:190} INFO - [2025-07-28T15:56:27.401+0000] {dag.py:4156} INFO - Setting next_dagrun for dataset_alias_example_alias_producer_with_no_taskflow to None, run_after=None
[2025-07-28T15:56:27.403+0000] {logging_mixin.py:190} INFO - [2025-07-28T15:56:27.403+0000] {dag.py:4156} INFO - Setting next_dagrun for dataset_s3_bucket_consumer_with_no_taskflow to None, run_after=None
[2025-07-28T15:56:27.407+0000] {logging_mixin.py:190} INFO - [2025-07-28T15:56:27.406+0000] {dag.py:4156} INFO - Setting next_dagrun for dataset_s3_bucket_producer_with_no_taskflow to None, run_after=None
[2025-07-28T15:56:27.435+0000] {processor.py:208} INFO - Processing /home/airflow/.local/lib/python3.12/site-packages/airflow/example_dags/example_dataset_alias_with_no_taskflow.py took 15.657 seconds
[2025-07-28T15:56:57.785+0000] {processor.py:186} INFO - Started process (PID=1762) to work on /home/airflow/.local/lib/python3.12/site-packages/airflow/example_dags/example_dataset_alias_with_no_taskflow.py
[2025-07-28T15:56:57.787+0000] {processor.py:914} INFO - Processing file /home/airflow/.local/lib/python3.12/site-packages/airflow/example_dags/example_dataset_alias_with_no_taskflow.py for tasks to queue
[2025-07-28T15:56:57.793+0000] {logging_mixin.py:190} INFO - [2025-07-28T15:56:57.793+0000] {dagbag.py:587} INFO - Filling up the DagBag from /home/airflow/.local/lib/python3.12/site-packages/airflow/example_dags/example_dataset_alias_with_no_taskflow.py
[2025-07-28T15:56:58.025+0000] {processor.py:925} INFO - DAG(s) 'dataset_alias_example_alias_producer_with_no_taskflow', 'dataset_s3_bucket_consumer_with_no_taskflow', 'dataset_alias_example_alias_consumer_with_no_taskflow', 'dataset_s3_bucket_producer_with_no_taskflow' retrieved from /home/airflow/.local/lib/python3.12/site-packages/airflow/example_dags/example_dataset_alias_with_no_taskflow.py
[2025-07-28T15:56:58.038+0000] {logging_mixin.py:190} INFO - [2025-07-28T15:56:58.038+0000] {dag.py:3229} INFO - Sync 4 DAGs
[2025-07-28T15:56:58.419+0000] {logging_mixin.py:190} INFO - [2025-07-28T15:56:58.419+0000] {dag.py:4156} INFO - Setting next_dagrun for dataset_alias_example_alias_consumer_with_no_taskflow to None, run_after=None
[2025-07-28T15:56:58.420+0000] {logging_mixin.py:190} INFO - [2025-07-28T15:56:58.420+0000] {dag.py:4156} INFO - Setting next_dagrun for dataset_alias_example_alias_producer_with_no_taskflow to None, run_after=None
[2025-07-28T15:56:58.421+0000] {logging_mixin.py:190} INFO - [2025-07-28T15:56:58.421+0000] {dag.py:4156} INFO - Setting next_dagrun for dataset_s3_bucket_consumer_with_no_taskflow to None, run_after=None
[2025-07-28T15:56:58.422+0000] {logging_mixin.py:190} INFO - [2025-07-28T15:56:58.421+0000] {dag.py:4156} INFO - Setting next_dagrun for dataset_s3_bucket_producer_with_no_taskflow to None, run_after=None
[2025-07-28T15:56:58.430+0000] {processor.py:208} INFO - Processing /home/airflow/.local/lib/python3.12/site-packages/airflow/example_dags/example_dataset_alias_with_no_taskflow.py took 0.662 seconds
[2025-07-28T15:57:29.280+0000] {processor.py:186} INFO - Started process (PID=1827) to work on /home/airflow/.local/lib/python3.12/site-packages/airflow/example_dags/example_dataset_alias_with_no_taskflow.py
[2025-07-28T15:57:29.281+0000] {processor.py:914} INFO - Processing file /home/airflow/.local/lib/python3.12/site-packages/airflow/example_dags/example_dataset_alias_with_no_taskflow.py for tasks to queue
[2025-07-28T15:57:29.285+0000] {logging_mixin.py:190} INFO - [2025-07-28T15:57:29.284+0000] {dagbag.py:587} INFO - Filling up the DagBag from /home/airflow/.local/lib/python3.12/site-packages/airflow/example_dags/example_dataset_alias_with_no_taskflow.py
[2025-07-28T15:57:29.437+0000] {processor.py:925} INFO - DAG(s) 'dataset_alias_example_alias_producer_with_no_taskflow', 'dataset_alias_example_alias_consumer_with_no_taskflow', 'dataset_s3_bucket_consumer_with_no_taskflow', 'dataset_s3_bucket_producer_with_no_taskflow' retrieved from /home/airflow/.local/lib/python3.12/site-packages/airflow/example_dags/example_dataset_alias_with_no_taskflow.py
[2025-07-28T15:57:29.447+0000] {logging_mixin.py:190} INFO - [2025-07-28T15:57:29.447+0000] {dag.py:3229} INFO - Sync 4 DAGs
[2025-07-28T15:57:29.458+0000] {logging_mixin.py:190} INFO - [2025-07-28T15:57:29.458+0000] {dag.py:4156} INFO - Setting next_dagrun for dataset_alias_example_alias_consumer_with_no_taskflow to None, run_after=None
[2025-07-28T15:57:29.460+0000] {logging_mixin.py:190} INFO - [2025-07-28T15:57:29.460+0000] {dag.py:4156} INFO - Setting next_dagrun for dataset_alias_example_alias_producer_with_no_taskflow to None, run_after=None
[2025-07-28T15:57:29.461+0000] {logging_mixin.py:190} INFO - [2025-07-28T15:57:29.461+0000] {dag.py:4156} INFO - Setting next_dagrun for dataset_s3_bucket_consumer_with_no_taskflow to None, run_after=None
[2025-07-28T15:57:29.461+0000] {logging_mixin.py:190} INFO - [2025-07-28T15:57:29.461+0000] {dag.py:4156} INFO - Setting next_dagrun for dataset_s3_bucket_producer_with_no_taskflow to None, run_after=None
[2025-07-28T15:57:29.735+0000] {processor.py:208} INFO - Processing /home/airflow/.local/lib/python3.12/site-packages/airflow/example_dags/example_dataset_alias_with_no_taskflow.py took 0.462 seconds
[2025-07-28T15:58:00.014+0000] {processor.py:186} INFO - Started process (PID=1890) to work on /home/airflow/.local/lib/python3.12/site-packages/airflow/example_dags/example_dataset_alias_with_no_taskflow.py
[2025-07-28T15:58:00.016+0000] {processor.py:914} INFO - Processing file /home/airflow/.local/lib/python3.12/site-packages/airflow/example_dags/example_dataset_alias_with_no_taskflow.py for tasks to queue
[2025-07-28T15:58:00.021+0000] {logging_mixin.py:190} INFO - [2025-07-28T15:58:00.021+0000] {dagbag.py:587} INFO - Filling up the DagBag from /home/airflow/.local/lib/python3.12/site-packages/airflow/example_dags/example_dataset_alias_with_no_taskflow.py
[2025-07-28T15:58:00.189+0000] {processor.py:925} INFO - DAG(s) 'dataset_s3_bucket_producer_with_no_taskflow', 'dataset_s3_bucket_consumer_with_no_taskflow', 'dataset_alias_example_alias_producer_with_no_taskflow', 'dataset_alias_example_alias_consumer_with_no_taskflow' retrieved from /home/airflow/.local/lib/python3.12/site-packages/airflow/example_dags/example_dataset_alias_with_no_taskflow.py
[2025-07-28T15:58:00.203+0000] {logging_mixin.py:190} INFO - [2025-07-28T15:58:00.203+0000] {dag.py:3229} INFO - Sync 4 DAGs
[2025-07-28T15:58:00.214+0000] {logging_mixin.py:190} INFO - [2025-07-28T15:58:00.214+0000] {dag.py:4156} INFO - Setting next_dagrun for dataset_alias_example_alias_consumer_with_no_taskflow to None, run_after=None
[2025-07-28T15:58:00.215+0000] {logging_mixin.py:190} INFO - [2025-07-28T15:58:00.215+0000] {dag.py:4156} INFO - Setting next_dagrun for dataset_alias_example_alias_producer_with_no_taskflow to None, run_after=None
[2025-07-28T15:58:00.216+0000] {logging_mixin.py:190} INFO - [2025-07-28T15:58:00.216+0000] {dag.py:4156} INFO - Setting next_dagrun for dataset_s3_bucket_consumer_with_no_taskflow to None, run_after=None
[2025-07-28T15:58:00.217+0000] {logging_mixin.py:190} INFO - [2025-07-28T15:58:00.217+0000] {dag.py:4156} INFO - Setting next_dagrun for dataset_s3_bucket_producer_with_no_taskflow to None, run_after=None
[2025-07-28T15:58:00.226+0000] {processor.py:208} INFO - Processing /home/airflow/.local/lib/python3.12/site-packages/airflow/example_dags/example_dataset_alias_with_no_taskflow.py took 0.228 seconds
[2025-07-28T15:58:30.816+0000] {processor.py:186} INFO - Started process (PID=1953) to work on /home/airflow/.local/lib/python3.12/site-packages/airflow/example_dags/example_dataset_alias_with_no_taskflow.py
[2025-07-28T15:58:30.817+0000] {processor.py:914} INFO - Processing file /home/airflow/.local/lib/python3.12/site-packages/airflow/example_dags/example_dataset_alias_with_no_taskflow.py for tasks to queue
[2025-07-28T15:58:30.818+0000] {logging_mixin.py:190} INFO - [2025-07-28T15:58:30.818+0000] {dagbag.py:587} INFO - Filling up the DagBag from /home/airflow/.local/lib/python3.12/site-packages/airflow/example_dags/example_dataset_alias_with_no_taskflow.py
[2025-07-28T15:58:31.005+0000] {processor.py:925} INFO - DAG(s) 'dataset_alias_example_alias_producer_with_no_taskflow', 'dataset_s3_bucket_producer_with_no_taskflow', 'dataset_alias_example_alias_consumer_with_no_taskflow', 'dataset_s3_bucket_consumer_with_no_taskflow' retrieved from /home/airflow/.local/lib/python3.12/site-packages/airflow/example_dags/example_dataset_alias_with_no_taskflow.py
[2025-07-28T15:58:31.019+0000] {logging_mixin.py:190} INFO - [2025-07-28T15:58:31.019+0000] {dag.py:3229} INFO - Sync 4 DAGs
[2025-07-28T15:58:31.032+0000] {logging_mixin.py:190} INFO - [2025-07-28T15:58:31.032+0000] {dag.py:4156} INFO - Setting next_dagrun for dataset_alias_example_alias_consumer_with_no_taskflow to None, run_after=None
[2025-07-28T15:58:31.033+0000] {logging_mixin.py:190} INFO - [2025-07-28T15:58:31.033+0000] {dag.py:4156} INFO - Setting next_dagrun for dataset_alias_example_alias_producer_with_no_taskflow to None, run_after=None
[2025-07-28T15:58:31.034+0000] {logging_mixin.py:190} INFO - [2025-07-28T15:58:31.033+0000] {dag.py:4156} INFO - Setting next_dagrun for dataset_s3_bucket_consumer_with_no_taskflow to None, run_after=None
[2025-07-28T15:58:31.034+0000] {logging_mixin.py:190} INFO - [2025-07-28T15:58:31.034+0000] {dag.py:4156} INFO - Setting next_dagrun for dataset_s3_bucket_producer_with_no_taskflow to None, run_after=None
[2025-07-28T15:58:31.043+0000] {processor.py:208} INFO - Processing /home/airflow/.local/lib/python3.12/site-packages/airflow/example_dags/example_dataset_alias_with_no_taskflow.py took 0.233 seconds
[2025-07-28T15:59:01.193+0000] {processor.py:186} INFO - Started process (PID=2015) to work on /home/airflow/.local/lib/python3.12/site-packages/airflow/example_dags/example_dataset_alias_with_no_taskflow.py
[2025-07-28T15:59:01.196+0000] {processor.py:914} INFO - Processing file /home/airflow/.local/lib/python3.12/site-packages/airflow/example_dags/example_dataset_alias_with_no_taskflow.py for tasks to queue
[2025-07-28T15:59:01.205+0000] {logging_mixin.py:190} INFO - [2025-07-28T15:59:01.204+0000] {dagbag.py:587} INFO - Filling up the DagBag from /home/airflow/.local/lib/python3.12/site-packages/airflow/example_dags/example_dataset_alias_with_no_taskflow.py
[2025-07-28T15:59:01.477+0000] {processor.py:925} INFO - DAG(s) 'dataset_alias_example_alias_consumer_with_no_taskflow', 'dataset_alias_example_alias_producer_with_no_taskflow', 'dataset_s3_bucket_consumer_with_no_taskflow', 'dataset_s3_bucket_producer_with_no_taskflow' retrieved from /home/airflow/.local/lib/python3.12/site-packages/airflow/example_dags/example_dataset_alias_with_no_taskflow.py
[2025-07-28T15:59:01.490+0000] {logging_mixin.py:190} INFO - [2025-07-28T15:59:01.489+0000] {dag.py:3229} INFO - Sync 4 DAGs
[2025-07-28T15:59:01.934+0000] {logging_mixin.py:190} INFO - [2025-07-28T15:59:01.934+0000] {dag.py:4156} INFO - Setting next_dagrun for dataset_alias_example_alias_consumer_with_no_taskflow to None, run_after=None
[2025-07-28T15:59:01.937+0000] {logging_mixin.py:190} INFO - [2025-07-28T15:59:01.937+0000] {dag.py:4156} INFO - Setting next_dagrun for dataset_alias_example_alias_producer_with_no_taskflow to None, run_after=None
[2025-07-28T15:59:01.938+0000] {logging_mixin.py:190} INFO - [2025-07-28T15:59:01.938+0000] {dag.py:4156} INFO - Setting next_dagrun for dataset_s3_bucket_consumer_with_no_taskflow to None, run_after=None
[2025-07-28T15:59:01.939+0000] {logging_mixin.py:190} INFO - [2025-07-28T15:59:01.938+0000] {dag.py:4156} INFO - Setting next_dagrun for dataset_s3_bucket_producer_with_no_taskflow to None, run_after=None
[2025-07-28T15:59:01.949+0000] {processor.py:208} INFO - Processing /home/airflow/.local/lib/python3.12/site-packages/airflow/example_dags/example_dataset_alias_with_no_taskflow.py took 0.775 seconds
[2025-07-28T15:59:32.572+0000] {processor.py:186} INFO - Started process (PID=2081) to work on /home/airflow/.local/lib/python3.12/site-packages/airflow/example_dags/example_dataset_alias_with_no_taskflow.py
[2025-07-28T15:59:32.574+0000] {processor.py:914} INFO - Processing file /home/airflow/.local/lib/python3.12/site-packages/airflow/example_dags/example_dataset_alias_with_no_taskflow.py for tasks to queue
[2025-07-28T15:59:32.577+0000] {logging_mixin.py:190} INFO - [2025-07-28T15:59:32.577+0000] {dagbag.py:587} INFO - Filling up the DagBag from /home/airflow/.local/lib/python3.12/site-packages/airflow/example_dags/example_dataset_alias_with_no_taskflow.py
[2025-07-28T15:59:32.811+0000] {processor.py:925} INFO - DAG(s) 'dataset_alias_example_alias_consumer_with_no_taskflow', 'dataset_s3_bucket_consumer_with_no_taskflow', 'dataset_s3_bucket_producer_with_no_taskflow', 'dataset_alias_example_alias_producer_with_no_taskflow' retrieved from /home/airflow/.local/lib/python3.12/site-packages/airflow/example_dags/example_dataset_alias_with_no_taskflow.py
[2025-07-28T15:59:32.833+0000] {logging_mixin.py:190} INFO - [2025-07-28T15:59:32.833+0000] {dag.py:3229} INFO - Sync 4 DAGs
[2025-07-28T15:59:33.152+0000] {logging_mixin.py:190} INFO - [2025-07-28T15:59:33.152+0000] {dag.py:4156} INFO - Setting next_dagrun for dataset_alias_example_alias_consumer_with_no_taskflow to None, run_after=None
[2025-07-28T15:59:33.154+0000] {logging_mixin.py:190} INFO - [2025-07-28T15:59:33.153+0000] {dag.py:4156} INFO - Setting next_dagrun for dataset_alias_example_alias_producer_with_no_taskflow to None, run_after=None
[2025-07-28T15:59:33.154+0000] {logging_mixin.py:190} INFO - [2025-07-28T15:59:33.154+0000] {dag.py:4156} INFO - Setting next_dagrun for dataset_s3_bucket_consumer_with_no_taskflow to None, run_after=None
[2025-07-28T15:59:33.155+0000] {logging_mixin.py:190} INFO - [2025-07-28T15:59:33.155+0000] {dag.py:4156} INFO - Setting next_dagrun for dataset_s3_bucket_producer_with_no_taskflow to None, run_after=None
[2025-07-28T15:59:33.175+0000] {processor.py:208} INFO - Processing /home/airflow/.local/lib/python3.12/site-packages/airflow/example_dags/example_dataset_alias_with_no_taskflow.py took 0.613 seconds
[2025-07-28T16:00:04.133+0000] {processor.py:186} INFO - Started process (PID=2148) to work on /home/airflow/.local/lib/python3.12/site-packages/airflow/example_dags/example_dataset_alias_with_no_taskflow.py
[2025-07-28T16:00:04.134+0000] {processor.py:914} INFO - Processing file /home/airflow/.local/lib/python3.12/site-packages/airflow/example_dags/example_dataset_alias_with_no_taskflow.py for tasks to queue
[2025-07-28T16:00:04.136+0000] {logging_mixin.py:190} INFO - [2025-07-28T16:00:04.135+0000] {dagbag.py:587} INFO - Filling up the DagBag from /home/airflow/.local/lib/python3.12/site-packages/airflow/example_dags/example_dataset_alias_with_no_taskflow.py
[2025-07-28T16:00:04.262+0000] {processor.py:925} INFO - DAG(s) 'dataset_s3_bucket_producer_with_no_taskflow', 'dataset_alias_example_alias_producer_with_no_taskflow', 'dataset_alias_example_alias_consumer_with_no_taskflow', 'dataset_s3_bucket_consumer_with_no_taskflow' retrieved from /home/airflow/.local/lib/python3.12/site-packages/airflow/example_dags/example_dataset_alias_with_no_taskflow.py
[2025-07-28T16:00:04.275+0000] {logging_mixin.py:190} INFO - [2025-07-28T16:00:04.275+0000] {dag.py:3229} INFO - Sync 4 DAGs
[2025-07-28T16:00:04.500+0000] {logging_mixin.py:190} INFO - [2025-07-28T16:00:04.500+0000] {dag.py:4156} INFO - Setting next_dagrun for dataset_alias_example_alias_consumer_with_no_taskflow to None, run_after=None
[2025-07-28T16:00:04.501+0000] {logging_mixin.py:190} INFO - [2025-07-28T16:00:04.501+0000] {dag.py:4156} INFO - Setting next_dagrun for dataset_alias_example_alias_producer_with_no_taskflow to None, run_after=None
[2025-07-28T16:00:04.501+0000] {logging_mixin.py:190} INFO - [2025-07-28T16:00:04.501+0000] {dag.py:4156} INFO - Setting next_dagrun for dataset_s3_bucket_consumer_with_no_taskflow to None, run_after=None
[2025-07-28T16:00:04.502+0000] {logging_mixin.py:190} INFO - [2025-07-28T16:00:04.502+0000] {dag.py:4156} INFO - Setting next_dagrun for dataset_s3_bucket_producer_with_no_taskflow to None, run_after=None
[2025-07-28T16:00:04.509+0000] {processor.py:208} INFO - Processing /home/airflow/.local/lib/python3.12/site-packages/airflow/example_dags/example_dataset_alias_with_no_taskflow.py took 0.381 seconds
[2025-07-28T16:00:35.177+0000] {processor.py:186} INFO - Started process (PID=2211) to work on /home/airflow/.local/lib/python3.12/site-packages/airflow/example_dags/example_dataset_alias_with_no_taskflow.py
[2025-07-28T16:00:35.187+0000] {processor.py:914} INFO - Processing file /home/airflow/.local/lib/python3.12/site-packages/airflow/example_dags/example_dataset_alias_with_no_taskflow.py for tasks to queue
[2025-07-28T16:00:35.193+0000] {logging_mixin.py:190} INFO - [2025-07-28T16:00:35.193+0000] {dagbag.py:587} INFO - Filling up the DagBag from /home/airflow/.local/lib/python3.12/site-packages/airflow/example_dags/example_dataset_alias_with_no_taskflow.py
[2025-07-28T16:00:35.387+0000] {processor.py:925} INFO - DAG(s) 'dataset_alias_example_alias_producer_with_no_taskflow', 'dataset_s3_bucket_consumer_with_no_taskflow', 'dataset_alias_example_alias_consumer_with_no_taskflow', 'dataset_s3_bucket_producer_with_no_taskflow' retrieved from /home/airflow/.local/lib/python3.12/site-packages/airflow/example_dags/example_dataset_alias_with_no_taskflow.py
[2025-07-28T16:00:35.397+0000] {logging_mixin.py:190} INFO - [2025-07-28T16:00:35.397+0000] {dag.py:3229} INFO - Sync 4 DAGs
[2025-07-28T16:00:35.721+0000] {logging_mixin.py:190} INFO - [2025-07-28T16:00:35.721+0000] {dag.py:4156} INFO - Setting next_dagrun for dataset_alias_example_alias_consumer_with_no_taskflow to None, run_after=None
[2025-07-28T16:00:35.722+0000] {logging_mixin.py:190} INFO - [2025-07-28T16:00:35.722+0000] {dag.py:4156} INFO - Setting next_dagrun for dataset_alias_example_alias_producer_with_no_taskflow to None, run_after=None
[2025-07-28T16:00:35.723+0000] {logging_mixin.py:190} INFO - [2025-07-28T16:00:35.723+0000] {dag.py:4156} INFO - Setting next_dagrun for dataset_s3_bucket_consumer_with_no_taskflow to None, run_after=None
[2025-07-28T16:00:35.723+0000] {logging_mixin.py:190} INFO - [2025-07-28T16:00:35.723+0000] {dag.py:4156} INFO - Setting next_dagrun for dataset_s3_bucket_producer_with_no_taskflow to None, run_after=None
[2025-07-28T16:00:35.733+0000] {processor.py:208} INFO - Processing /home/airflow/.local/lib/python3.12/site-packages/airflow/example_dags/example_dataset_alias_with_no_taskflow.py took 0.569 seconds
[2025-07-28T16:01:05.985+0000] {processor.py:186} INFO - Started process (PID=2274) to work on /home/airflow/.local/lib/python3.12/site-packages/airflow/example_dags/example_dataset_alias_with_no_taskflow.py
[2025-07-28T16:01:05.986+0000] {processor.py:914} INFO - Processing file /home/airflow/.local/lib/python3.12/site-packages/airflow/example_dags/example_dataset_alias_with_no_taskflow.py for tasks to queue
[2025-07-28T16:01:05.990+0000] {logging_mixin.py:190} INFO - [2025-07-28T16:01:05.989+0000] {dagbag.py:587} INFO - Filling up the DagBag from /home/airflow/.local/lib/python3.12/site-packages/airflow/example_dags/example_dataset_alias_with_no_taskflow.py
[2025-07-28T16:01:06.129+0000] {processor.py:925} INFO - DAG(s) 'dataset_s3_bucket_producer_with_no_taskflow', 'dataset_s3_bucket_consumer_with_no_taskflow', 'dataset_alias_example_alias_producer_with_no_taskflow', 'dataset_alias_example_alias_consumer_with_no_taskflow' retrieved from /home/airflow/.local/lib/python3.12/site-packages/airflow/example_dags/example_dataset_alias_with_no_taskflow.py
[2025-07-28T16:01:06.140+0000] {logging_mixin.py:190} INFO - [2025-07-28T16:01:06.140+0000] {dag.py:3229} INFO - Sync 4 DAGs
[2025-07-28T16:01:06.372+0000] {logging_mixin.py:190} INFO - [2025-07-28T16:01:06.372+0000] {dag.py:4156} INFO - Setting next_dagrun for dataset_alias_example_alias_consumer_with_no_taskflow to None, run_after=None
[2025-07-28T16:01:06.373+0000] {logging_mixin.py:190} INFO - [2025-07-28T16:01:06.373+0000] {dag.py:4156} INFO - Setting next_dagrun for dataset_alias_example_alias_producer_with_no_taskflow to None, run_after=None
[2025-07-28T16:01:06.373+0000] {logging_mixin.py:190} INFO - [2025-07-28T16:01:06.373+0000] {dag.py:4156} INFO - Setting next_dagrun for dataset_s3_bucket_consumer_with_no_taskflow to None, run_after=None
[2025-07-28T16:01:06.374+0000] {logging_mixin.py:190} INFO - [2025-07-28T16:01:06.374+0000] {dag.py:4156} INFO - Setting next_dagrun for dataset_s3_bucket_producer_with_no_taskflow to None, run_after=None
[2025-07-28T16:01:06.382+0000] {processor.py:208} INFO - Processing /home/airflow/.local/lib/python3.12/site-packages/airflow/example_dags/example_dataset_alias_with_no_taskflow.py took 0.403 seconds
