[2025-07-28T15:42:50.643+0000] {processor.py:186} INFO - Started process (PID=72) to work on /home/airflow/.local/lib/python3.12/site-packages/airflow/example_dags/example_task_group.py
[2025-07-28T15:42:50.644+0000] {processor.py:914} INFO - Processing file /home/airflow/.local/lib/python3.12/site-packages/airflow/example_dags/example_task_group.py for tasks to queue
[2025-07-28T15:42:50.647+0000] {logging_mixin.py:190} INFO - [2025-07-28T15:42:50.646+0000] {dagbag.py:587} INFO - Filling up the DagBag from /home/airflow/.local/lib/python3.12/site-packages/airflow/example_dags/example_task_group.py
[2025-07-28T15:42:50.659+0000] {processor.py:925} INFO - DAG(s) 'example_task_group' retrieved from /home/airflow/.local/lib/python3.12/site-packages/airflow/example_dags/example_task_group.py
[2025-07-28T15:42:50.762+0000] {logging_mixin.py:190} INFO - [2025-07-28T15:42:50.761+0000] {override.py:1900} INFO - Created Permission View: can edit on DAG:example_task_group
[2025-07-28T15:42:50.806+0000] {logging_mixin.py:190} INFO - [2025-07-28T15:42:50.805+0000] {override.py:1900} INFO - Created Permission View: can read on DAG:example_task_group
[2025-07-28T15:42:50.831+0000] {logging_mixin.py:190} INFO - [2025-07-28T15:42:50.831+0000] {override.py:1900} INFO - Created Permission View: can delete on DAG:example_task_group
[2025-07-28T15:42:50.840+0000] {logging_mixin.py:190} INFO - [2025-07-28T15:42:50.840+0000] {override.py:1900} INFO - Created Permission View: can read on DAG Run:example_task_group
[2025-07-28T15:42:50.845+0000] {logging_mixin.py:190} INFO - [2025-07-28T15:42:50.844+0000] {override.py:1900} INFO - Created Permission View: can delete on DAG Run:example_task_group
[2025-07-28T15:42:50.851+0000] {logging_mixin.py:190} INFO - [2025-07-28T15:42:50.850+0000] {override.py:1900} INFO - Created Permission View: can create on DAG Run:example_task_group
[2025-07-28T15:42:50.854+0000] {logging_mixin.py:190} INFO - [2025-07-28T15:42:50.854+0000] {override.py:1900} INFO - Created Permission View: menu access on DAG Run:example_task_group
[2025-07-28T15:42:50.854+0000] {logging_mixin.py:190} INFO - [2025-07-28T15:42:50.854+0000] {dag.py:3229} INFO - Sync 1 DAGs
[2025-07-28T15:42:50.868+0000] {logging_mixin.py:190} INFO - [2025-07-28T15:42:50.868+0000] {dag.py:3252} INFO - Creating ORM DAG for example_task_group
[2025-07-28T15:42:50.869+0000] {logging_mixin.py:190} INFO - [2025-07-28T15:42:50.869+0000] {dag.py:4156} INFO - Setting next_dagrun for example_task_group to None, run_after=None
[2025-07-28T15:42:50.884+0000] {processor.py:208} INFO - Processing /home/airflow/.local/lib/python3.12/site-packages/airflow/example_dags/example_task_group.py took 0.250 seconds
[2025-07-28T15:43:21.362+0000] {processor.py:186} INFO - Started process (PID=134) to work on /home/airflow/.local/lib/python3.12/site-packages/airflow/example_dags/example_task_group.py
[2025-07-28T15:43:21.363+0000] {processor.py:914} INFO - Processing file /home/airflow/.local/lib/python3.12/site-packages/airflow/example_dags/example_task_group.py for tasks to queue
[2025-07-28T15:43:21.364+0000] {logging_mixin.py:190} INFO - [2025-07-28T15:43:21.364+0000] {dagbag.py:587} INFO - Filling up the DagBag from /home/airflow/.local/lib/python3.12/site-packages/airflow/example_dags/example_task_group.py
[2025-07-28T15:43:21.368+0000] {processor.py:925} INFO - DAG(s) 'example_task_group' retrieved from /home/airflow/.local/lib/python3.12/site-packages/airflow/example_dags/example_task_group.py
[2025-07-28T15:43:21.378+0000] {logging_mixin.py:190} INFO - [2025-07-28T15:43:21.378+0000] {dag.py:3229} INFO - Sync 1 DAGs
[2025-07-28T15:43:21.384+0000] {logging_mixin.py:190} INFO - [2025-07-28T15:43:21.384+0000] {dag.py:4156} INFO - Setting next_dagrun for example_task_group to None, run_after=None
[2025-07-28T15:43:21.391+0000] {processor.py:208} INFO - Processing /home/airflow/.local/lib/python3.12/site-packages/airflow/example_dags/example_task_group.py took 0.032 seconds
[2025-07-28T15:43:52.217+0000] {processor.py:186} INFO - Started process (PID=196) to work on /home/airflow/.local/lib/python3.12/site-packages/airflow/example_dags/example_task_group.py
[2025-07-28T15:43:52.218+0000] {processor.py:914} INFO - Processing file /home/airflow/.local/lib/python3.12/site-packages/airflow/example_dags/example_task_group.py for tasks to queue
[2025-07-28T15:43:52.221+0000] {logging_mixin.py:190} INFO - [2025-07-28T15:43:52.221+0000] {dagbag.py:587} INFO - Filling up the DagBag from /home/airflow/.local/lib/python3.12/site-packages/airflow/example_dags/example_task_group.py
[2025-07-28T15:43:52.225+0000] {processor.py:925} INFO - DAG(s) 'example_task_group' retrieved from /home/airflow/.local/lib/python3.12/site-packages/airflow/example_dags/example_task_group.py
[2025-07-28T15:43:52.236+0000] {logging_mixin.py:190} INFO - [2025-07-28T15:43:52.236+0000] {dag.py:3229} INFO - Sync 1 DAGs
[2025-07-28T15:43:52.243+0000] {logging_mixin.py:190} INFO - [2025-07-28T15:43:52.243+0000] {dag.py:4156} INFO - Setting next_dagrun for example_task_group to None, run_after=None
[2025-07-28T15:43:52.250+0000] {processor.py:208} INFO - Processing /home/airflow/.local/lib/python3.12/site-packages/airflow/example_dags/example_task_group.py took 0.036 seconds
[2025-07-28T15:44:22.813+0000] {processor.py:186} INFO - Started process (PID=258) to work on /home/airflow/.local/lib/python3.12/site-packages/airflow/example_dags/example_task_group.py
[2025-07-28T15:44:22.813+0000] {processor.py:914} INFO - Processing file /home/airflow/.local/lib/python3.12/site-packages/airflow/example_dags/example_task_group.py for tasks to queue
[2025-07-28T15:44:22.814+0000] {logging_mixin.py:190} INFO - [2025-07-28T15:44:22.814+0000] {dagbag.py:587} INFO - Filling up the DagBag from /home/airflow/.local/lib/python3.12/site-packages/airflow/example_dags/example_task_group.py
[2025-07-28T15:44:22.818+0000] {processor.py:925} INFO - DAG(s) 'example_task_group' retrieved from /home/airflow/.local/lib/python3.12/site-packages/airflow/example_dags/example_task_group.py
[2025-07-28T15:44:22.827+0000] {logging_mixin.py:190} INFO - [2025-07-28T15:44:22.827+0000] {dag.py:3229} INFO - Sync 1 DAGs
[2025-07-28T15:44:22.832+0000] {logging_mixin.py:190} INFO - [2025-07-28T15:44:22.832+0000] {dag.py:4156} INFO - Setting next_dagrun for example_task_group to None, run_after=None
[2025-07-28T15:44:22.839+0000] {processor.py:208} INFO - Processing /home/airflow/.local/lib/python3.12/site-packages/airflow/example_dags/example_task_group.py took 0.029 seconds
[2025-07-28T15:44:53.235+0000] {processor.py:186} INFO - Started process (PID=320) to work on /home/airflow/.local/lib/python3.12/site-packages/airflow/example_dags/example_task_group.py
[2025-07-28T15:44:53.235+0000] {processor.py:914} INFO - Processing file /home/airflow/.local/lib/python3.12/site-packages/airflow/example_dags/example_task_group.py for tasks to queue
[2025-07-28T15:44:53.237+0000] {logging_mixin.py:190} INFO - [2025-07-28T15:44:53.237+0000] {dagbag.py:587} INFO - Filling up the DagBag from /home/airflow/.local/lib/python3.12/site-packages/airflow/example_dags/example_task_group.py
[2025-07-28T15:44:53.245+0000] {processor.py:925} INFO - DAG(s) 'example_task_group' retrieved from /home/airflow/.local/lib/python3.12/site-packages/airflow/example_dags/example_task_group.py
[2025-07-28T15:44:53.257+0000] {logging_mixin.py:190} INFO - [2025-07-28T15:44:53.257+0000] {dag.py:3229} INFO - Sync 1 DAGs
[2025-07-28T15:44:53.264+0000] {logging_mixin.py:190} INFO - [2025-07-28T15:44:53.264+0000] {dag.py:4156} INFO - Setting next_dagrun for example_task_group to None, run_after=None
[2025-07-28T15:44:53.273+0000] {processor.py:208} INFO - Processing /home/airflow/.local/lib/python3.12/site-packages/airflow/example_dags/example_task_group.py took 0.041 seconds
[2025-07-28T15:45:23.976+0000] {processor.py:186} INFO - Started process (PID=382) to work on /home/airflow/.local/lib/python3.12/site-packages/airflow/example_dags/example_task_group.py
[2025-07-28T15:45:23.977+0000] {processor.py:914} INFO - Processing file /home/airflow/.local/lib/python3.12/site-packages/airflow/example_dags/example_task_group.py for tasks to queue
[2025-07-28T15:45:23.979+0000] {logging_mixin.py:190} INFO - [2025-07-28T15:45:23.979+0000] {dagbag.py:587} INFO - Filling up the DagBag from /home/airflow/.local/lib/python3.12/site-packages/airflow/example_dags/example_task_group.py
[2025-07-28T15:45:23.986+0000] {processor.py:925} INFO - DAG(s) 'example_task_group' retrieved from /home/airflow/.local/lib/python3.12/site-packages/airflow/example_dags/example_task_group.py
[2025-07-28T15:45:24.006+0000] {logging_mixin.py:190} INFO - [2025-07-28T15:45:24.006+0000] {dag.py:3229} INFO - Sync 1 DAGs
[2025-07-28T15:45:24.013+0000] {logging_mixin.py:190} INFO - [2025-07-28T15:45:24.013+0000] {dag.py:4156} INFO - Setting next_dagrun for example_task_group to None, run_after=None
[2025-07-28T15:45:24.024+0000] {processor.py:208} INFO - Processing /home/airflow/.local/lib/python3.12/site-packages/airflow/example_dags/example_task_group.py took 0.054 seconds
[2025-07-28T15:45:54.925+0000] {processor.py:186} INFO - Started process (PID=444) to work on /home/airflow/.local/lib/python3.12/site-packages/airflow/example_dags/example_task_group.py
[2025-07-28T15:45:54.926+0000] {processor.py:914} INFO - Processing file /home/airflow/.local/lib/python3.12/site-packages/airflow/example_dags/example_task_group.py for tasks to queue
[2025-07-28T15:45:54.927+0000] {logging_mixin.py:190} INFO - [2025-07-28T15:45:54.927+0000] {dagbag.py:587} INFO - Filling up the DagBag from /home/airflow/.local/lib/python3.12/site-packages/airflow/example_dags/example_task_group.py
[2025-07-28T15:45:54.933+0000] {processor.py:925} INFO - DAG(s) 'example_task_group' retrieved from /home/airflow/.local/lib/python3.12/site-packages/airflow/example_dags/example_task_group.py
[2025-07-28T15:45:54.949+0000] {logging_mixin.py:190} INFO - [2025-07-28T15:45:54.949+0000] {dag.py:3229} INFO - Sync 1 DAGs
[2025-07-28T15:45:54.956+0000] {logging_mixin.py:190} INFO - [2025-07-28T15:45:54.956+0000] {dag.py:4156} INFO - Setting next_dagrun for example_task_group to None, run_after=None
[2025-07-28T15:45:54.966+0000] {processor.py:208} INFO - Processing /home/airflow/.local/lib/python3.12/site-packages/airflow/example_dags/example_task_group.py took 0.044 seconds
[2025-07-28T15:46:25.473+0000] {processor.py:186} INFO - Started process (PID=506) to work on /home/airflow/.local/lib/python3.12/site-packages/airflow/example_dags/example_task_group.py
[2025-07-28T15:46:25.473+0000] {processor.py:914} INFO - Processing file /home/airflow/.local/lib/python3.12/site-packages/airflow/example_dags/example_task_group.py for tasks to queue
[2025-07-28T15:46:25.474+0000] {logging_mixin.py:190} INFO - [2025-07-28T15:46:25.474+0000] {dagbag.py:587} INFO - Filling up the DagBag from /home/airflow/.local/lib/python3.12/site-packages/airflow/example_dags/example_task_group.py
[2025-07-28T15:46:25.478+0000] {processor.py:925} INFO - DAG(s) 'example_task_group' retrieved from /home/airflow/.local/lib/python3.12/site-packages/airflow/example_dags/example_task_group.py
[2025-07-28T15:46:25.488+0000] {logging_mixin.py:190} INFO - [2025-07-28T15:46:25.488+0000] {dag.py:3229} INFO - Sync 1 DAGs
[2025-07-28T15:46:25.496+0000] {logging_mixin.py:190} INFO - [2025-07-28T15:46:25.496+0000] {dag.py:4156} INFO - Setting next_dagrun for example_task_group to None, run_after=None
[2025-07-28T15:46:25.503+0000] {processor.py:208} INFO - Processing /home/airflow/.local/lib/python3.12/site-packages/airflow/example_dags/example_task_group.py took 0.034 seconds
[2025-07-28T15:46:56.092+0000] {processor.py:186} INFO - Started process (PID=568) to work on /home/airflow/.local/lib/python3.12/site-packages/airflow/example_dags/example_task_group.py
[2025-07-28T15:46:56.094+0000] {processor.py:914} INFO - Processing file /home/airflow/.local/lib/python3.12/site-packages/airflow/example_dags/example_task_group.py for tasks to queue
[2025-07-28T15:46:56.096+0000] {logging_mixin.py:190} INFO - [2025-07-28T15:46:56.096+0000] {dagbag.py:587} INFO - Filling up the DagBag from /home/airflow/.local/lib/python3.12/site-packages/airflow/example_dags/example_task_group.py
[2025-07-28T15:46:56.103+0000] {processor.py:925} INFO - DAG(s) 'example_task_group' retrieved from /home/airflow/.local/lib/python3.12/site-packages/airflow/example_dags/example_task_group.py
[2025-07-28T15:46:56.118+0000] {logging_mixin.py:190} INFO - [2025-07-28T15:46:56.118+0000] {dag.py:3229} INFO - Sync 1 DAGs
[2025-07-28T15:46:56.127+0000] {logging_mixin.py:190} INFO - [2025-07-28T15:46:56.127+0000] {dag.py:4156} INFO - Setting next_dagrun for example_task_group to None, run_after=None
[2025-07-28T15:46:56.140+0000] {processor.py:208} INFO - Processing /home/airflow/.local/lib/python3.12/site-packages/airflow/example_dags/example_task_group.py took 0.055 seconds
[2025-07-28T15:47:26.703+0000] {processor.py:186} INFO - Started process (PID=630) to work on /home/airflow/.local/lib/python3.12/site-packages/airflow/example_dags/example_task_group.py
[2025-07-28T15:47:26.704+0000] {processor.py:914} INFO - Processing file /home/airflow/.local/lib/python3.12/site-packages/airflow/example_dags/example_task_group.py for tasks to queue
[2025-07-28T15:47:26.705+0000] {logging_mixin.py:190} INFO - [2025-07-28T15:47:26.705+0000] {dagbag.py:587} INFO - Filling up the DagBag from /home/airflow/.local/lib/python3.12/site-packages/airflow/example_dags/example_task_group.py
[2025-07-28T15:47:26.709+0000] {processor.py:925} INFO - DAG(s) 'example_task_group' retrieved from /home/airflow/.local/lib/python3.12/site-packages/airflow/example_dags/example_task_group.py
[2025-07-28T15:47:26.720+0000] {logging_mixin.py:190} INFO - [2025-07-28T15:47:26.720+0000] {dag.py:3229} INFO - Sync 1 DAGs
[2025-07-28T15:47:26.729+0000] {logging_mixin.py:190} INFO - [2025-07-28T15:47:26.729+0000] {dag.py:4156} INFO - Setting next_dagrun for example_task_group to None, run_after=None
[2025-07-28T15:47:26.737+0000] {processor.py:208} INFO - Processing /home/airflow/.local/lib/python3.12/site-packages/airflow/example_dags/example_task_group.py took 0.037 seconds
[2025-07-28T15:47:57.687+0000] {processor.py:186} INFO - Started process (PID=692) to work on /home/airflow/.local/lib/python3.12/site-packages/airflow/example_dags/example_task_group.py
[2025-07-28T15:47:57.688+0000] {processor.py:914} INFO - Processing file /home/airflow/.local/lib/python3.12/site-packages/airflow/example_dags/example_task_group.py for tasks to queue
[2025-07-28T15:47:57.690+0000] {logging_mixin.py:190} INFO - [2025-07-28T15:47:57.689+0000] {dagbag.py:587} INFO - Filling up the DagBag from /home/airflow/.local/lib/python3.12/site-packages/airflow/example_dags/example_task_group.py
[2025-07-28T15:47:57.696+0000] {processor.py:925} INFO - DAG(s) 'example_task_group' retrieved from /home/airflow/.local/lib/python3.12/site-packages/airflow/example_dags/example_task_group.py
[2025-07-28T15:47:57.713+0000] {logging_mixin.py:190} INFO - [2025-07-28T15:47:57.713+0000] {dag.py:3229} INFO - Sync 1 DAGs
[2025-07-28T15:47:57.720+0000] {logging_mixin.py:190} INFO - [2025-07-28T15:47:57.720+0000] {dag.py:4156} INFO - Setting next_dagrun for example_task_group to None, run_after=None
[2025-07-28T15:47:57.731+0000] {processor.py:208} INFO - Processing /home/airflow/.local/lib/python3.12/site-packages/airflow/example_dags/example_task_group.py took 0.048 seconds
[2025-07-28T15:48:28.161+0000] {processor.py:186} INFO - Started process (PID=754) to work on /home/airflow/.local/lib/python3.12/site-packages/airflow/example_dags/example_task_group.py
[2025-07-28T15:48:28.163+0000] {processor.py:914} INFO - Processing file /home/airflow/.local/lib/python3.12/site-packages/airflow/example_dags/example_task_group.py for tasks to queue
[2025-07-28T15:48:28.167+0000] {logging_mixin.py:190} INFO - [2025-07-28T15:48:28.166+0000] {dagbag.py:587} INFO - Filling up the DagBag from /home/airflow/.local/lib/python3.12/site-packages/airflow/example_dags/example_task_group.py
[2025-07-28T15:48:28.176+0000] {processor.py:925} INFO - DAG(s) 'example_task_group' retrieved from /home/airflow/.local/lib/python3.12/site-packages/airflow/example_dags/example_task_group.py
[2025-07-28T15:48:28.192+0000] {logging_mixin.py:190} INFO - [2025-07-28T15:48:28.192+0000] {dag.py:3229} INFO - Sync 1 DAGs
[2025-07-28T15:48:28.203+0000] {logging_mixin.py:190} INFO - [2025-07-28T15:48:28.203+0000] {dag.py:4156} INFO - Setting next_dagrun for example_task_group to None, run_after=None
[2025-07-28T15:48:28.220+0000] {processor.py:208} INFO - Processing /home/airflow/.local/lib/python3.12/site-packages/airflow/example_dags/example_task_group.py took 0.066 seconds
[2025-07-28T15:48:59.090+0000] {processor.py:186} INFO - Started process (PID=816) to work on /home/airflow/.local/lib/python3.12/site-packages/airflow/example_dags/example_task_group.py
[2025-07-28T15:48:59.094+0000] {processor.py:914} INFO - Processing file /home/airflow/.local/lib/python3.12/site-packages/airflow/example_dags/example_task_group.py for tasks to queue
[2025-07-28T15:48:59.099+0000] {logging_mixin.py:190} INFO - [2025-07-28T15:48:59.098+0000] {dagbag.py:587} INFO - Filling up the DagBag from /home/airflow/.local/lib/python3.12/site-packages/airflow/example_dags/example_task_group.py
[2025-07-28T15:48:59.104+0000] {processor.py:925} INFO - DAG(s) 'example_task_group' retrieved from /home/airflow/.local/lib/python3.12/site-packages/airflow/example_dags/example_task_group.py
[2025-07-28T15:48:59.115+0000] {logging_mixin.py:190} INFO - [2025-07-28T15:48:59.115+0000] {dag.py:3229} INFO - Sync 1 DAGs
[2025-07-28T15:48:59.123+0000] {logging_mixin.py:190} INFO - [2025-07-28T15:48:59.123+0000] {dag.py:4156} INFO - Setting next_dagrun for example_task_group to None, run_after=None
[2025-07-28T15:48:59.130+0000] {processor.py:208} INFO - Processing /home/airflow/.local/lib/python3.12/site-packages/airflow/example_dags/example_task_group.py took 0.045 seconds
[2025-07-28T15:49:29.684+0000] {processor.py:186} INFO - Started process (PID=878) to work on /home/airflow/.local/lib/python3.12/site-packages/airflow/example_dags/example_task_group.py
[2025-07-28T15:49:29.686+0000] {processor.py:914} INFO - Processing file /home/airflow/.local/lib/python3.12/site-packages/airflow/example_dags/example_task_group.py for tasks to queue
[2025-07-28T15:49:29.688+0000] {logging_mixin.py:190} INFO - [2025-07-28T15:49:29.688+0000] {dagbag.py:587} INFO - Filling up the DagBag from /home/airflow/.local/lib/python3.12/site-packages/airflow/example_dags/example_task_group.py
[2025-07-28T15:49:29.692+0000] {processor.py:925} INFO - DAG(s) 'example_task_group' retrieved from /home/airflow/.local/lib/python3.12/site-packages/airflow/example_dags/example_task_group.py
[2025-07-28T15:49:29.701+0000] {logging_mixin.py:190} INFO - [2025-07-28T15:49:29.701+0000] {dag.py:3229} INFO - Sync 1 DAGs
[2025-07-28T15:49:29.708+0000] {logging_mixin.py:190} INFO - [2025-07-28T15:49:29.707+0000] {dag.py:4156} INFO - Setting next_dagrun for example_task_group to None, run_after=None
[2025-07-28T15:49:29.715+0000] {processor.py:208} INFO - Processing /home/airflow/.local/lib/python3.12/site-packages/airflow/example_dags/example_task_group.py took 0.034 seconds
[2025-07-28T15:50:00.267+0000] {processor.py:186} INFO - Started process (PID=940) to work on /home/airflow/.local/lib/python3.12/site-packages/airflow/example_dags/example_task_group.py
[2025-07-28T15:50:00.268+0000] {processor.py:914} INFO - Processing file /home/airflow/.local/lib/python3.12/site-packages/airflow/example_dags/example_task_group.py for tasks to queue
[2025-07-28T15:50:00.269+0000] {logging_mixin.py:190} INFO - [2025-07-28T15:50:00.269+0000] {dagbag.py:587} INFO - Filling up the DagBag from /home/airflow/.local/lib/python3.12/site-packages/airflow/example_dags/example_task_group.py
[2025-07-28T15:50:00.273+0000] {processor.py:925} INFO - DAG(s) 'example_task_group' retrieved from /home/airflow/.local/lib/python3.12/site-packages/airflow/example_dags/example_task_group.py
[2025-07-28T15:50:00.291+0000] {logging_mixin.py:190} INFO - [2025-07-28T15:50:00.290+0000] {dag.py:3229} INFO - Sync 1 DAGs
[2025-07-28T15:50:00.300+0000] {logging_mixin.py:190} INFO - [2025-07-28T15:50:00.300+0000] {dag.py:4156} INFO - Setting next_dagrun for example_task_group to None, run_after=None
[2025-07-28T15:50:00.317+0000] {processor.py:208} INFO - Processing /home/airflow/.local/lib/python3.12/site-packages/airflow/example_dags/example_task_group.py took 0.053 seconds
[2025-07-28T15:50:30.769+0000] {processor.py:186} INFO - Started process (PID=1002) to work on /home/airflow/.local/lib/python3.12/site-packages/airflow/example_dags/example_task_group.py
[2025-07-28T15:50:30.771+0000] {processor.py:914} INFO - Processing file /home/airflow/.local/lib/python3.12/site-packages/airflow/example_dags/example_task_group.py for tasks to queue
[2025-07-28T15:50:30.775+0000] {logging_mixin.py:190} INFO - [2025-07-28T15:50:30.775+0000] {dagbag.py:587} INFO - Filling up the DagBag from /home/airflow/.local/lib/python3.12/site-packages/airflow/example_dags/example_task_group.py
[2025-07-28T15:50:30.783+0000] {processor.py:925} INFO - DAG(s) 'example_task_group' retrieved from /home/airflow/.local/lib/python3.12/site-packages/airflow/example_dags/example_task_group.py
[2025-07-28T15:50:30.798+0000] {logging_mixin.py:190} INFO - [2025-07-28T15:50:30.797+0000] {dag.py:3229} INFO - Sync 1 DAGs
[2025-07-28T15:50:30.804+0000] {logging_mixin.py:190} INFO - [2025-07-28T15:50:30.804+0000] {dag.py:4156} INFO - Setting next_dagrun for example_task_group to None, run_after=None
[2025-07-28T15:50:30.811+0000] {processor.py:208} INFO - Processing /home/airflow/.local/lib/python3.12/site-packages/airflow/example_dags/example_task_group.py took 0.044 seconds
[2025-07-28T15:51:01.869+0000] {processor.py:186} INFO - Started process (PID=1064) to work on /home/airflow/.local/lib/python3.12/site-packages/airflow/example_dags/example_task_group.py
[2025-07-28T15:51:01.874+0000] {processor.py:914} INFO - Processing file /home/airflow/.local/lib/python3.12/site-packages/airflow/example_dags/example_task_group.py for tasks to queue
[2025-07-28T15:51:01.877+0000] {logging_mixin.py:190} INFO - [2025-07-28T15:51:01.877+0000] {dagbag.py:587} INFO - Filling up the DagBag from /home/airflow/.local/lib/python3.12/site-packages/airflow/example_dags/example_task_group.py
[2025-07-28T15:51:01.882+0000] {processor.py:925} INFO - DAG(s) 'example_task_group' retrieved from /home/airflow/.local/lib/python3.12/site-packages/airflow/example_dags/example_task_group.py
[2025-07-28T15:51:01.898+0000] {logging_mixin.py:190} INFO - [2025-07-28T15:51:01.898+0000] {dag.py:3229} INFO - Sync 1 DAGs
[2025-07-28T15:51:01.905+0000] {logging_mixin.py:190} INFO - [2025-07-28T15:51:01.905+0000] {dag.py:4156} INFO - Setting next_dagrun for example_task_group to None, run_after=None
[2025-07-28T15:51:01.918+0000] {processor.py:208} INFO - Processing /home/airflow/.local/lib/python3.12/site-packages/airflow/example_dags/example_task_group.py took 0.054 seconds
[2025-07-28T15:51:32.423+0000] {processor.py:186} INFO - Started process (PID=1126) to work on /home/airflow/.local/lib/python3.12/site-packages/airflow/example_dags/example_task_group.py
[2025-07-28T15:51:32.425+0000] {processor.py:914} INFO - Processing file /home/airflow/.local/lib/python3.12/site-packages/airflow/example_dags/example_task_group.py for tasks to queue
[2025-07-28T15:51:32.428+0000] {logging_mixin.py:190} INFO - [2025-07-28T15:51:32.428+0000] {dagbag.py:587} INFO - Filling up the DagBag from /home/airflow/.local/lib/python3.12/site-packages/airflow/example_dags/example_task_group.py
[2025-07-28T15:51:32.433+0000] {processor.py:925} INFO - DAG(s) 'example_task_group' retrieved from /home/airflow/.local/lib/python3.12/site-packages/airflow/example_dags/example_task_group.py
[2025-07-28T15:51:32.446+0000] {logging_mixin.py:190} INFO - [2025-07-28T15:51:32.446+0000] {dag.py:3229} INFO - Sync 1 DAGs
[2025-07-28T15:51:32.454+0000] {logging_mixin.py:190} INFO - [2025-07-28T15:51:32.454+0000] {dag.py:4156} INFO - Setting next_dagrun for example_task_group to None, run_after=None
[2025-07-28T15:51:32.463+0000] {processor.py:208} INFO - Processing /home/airflow/.local/lib/python3.12/site-packages/airflow/example_dags/example_task_group.py took 0.045 seconds
[2025-07-28T15:52:02.884+0000] {processor.py:186} INFO - Started process (PID=1188) to work on /home/airflow/.local/lib/python3.12/site-packages/airflow/example_dags/example_task_group.py
[2025-07-28T15:52:02.885+0000] {processor.py:914} INFO - Processing file /home/airflow/.local/lib/python3.12/site-packages/airflow/example_dags/example_task_group.py for tasks to queue
[2025-07-28T15:52:02.886+0000] {logging_mixin.py:190} INFO - [2025-07-28T15:52:02.886+0000] {dagbag.py:587} INFO - Filling up the DagBag from /home/airflow/.local/lib/python3.12/site-packages/airflow/example_dags/example_task_group.py
[2025-07-28T15:52:02.891+0000] {processor.py:925} INFO - DAG(s) 'example_task_group' retrieved from /home/airflow/.local/lib/python3.12/site-packages/airflow/example_dags/example_task_group.py
[2025-07-28T15:52:02.901+0000] {logging_mixin.py:190} INFO - [2025-07-28T15:52:02.901+0000] {dag.py:3229} INFO - Sync 1 DAGs
[2025-07-28T15:52:02.908+0000] {logging_mixin.py:190} INFO - [2025-07-28T15:52:02.908+0000] {dag.py:4156} INFO - Setting next_dagrun for example_task_group to None, run_after=None
[2025-07-28T15:52:02.916+0000] {processor.py:208} INFO - Processing /home/airflow/.local/lib/python3.12/site-packages/airflow/example_dags/example_task_group.py took 0.037 seconds
[2025-07-28T15:52:33.914+0000] {processor.py:186} INFO - Started process (PID=1250) to work on /home/airflow/.local/lib/python3.12/site-packages/airflow/example_dags/example_task_group.py
[2025-07-28T15:52:33.914+0000] {processor.py:914} INFO - Processing file /home/airflow/.local/lib/python3.12/site-packages/airflow/example_dags/example_task_group.py for tasks to queue
[2025-07-28T15:52:33.917+0000] {logging_mixin.py:190} INFO - [2025-07-28T15:52:33.916+0000] {dagbag.py:587} INFO - Filling up the DagBag from /home/airflow/.local/lib/python3.12/site-packages/airflow/example_dags/example_task_group.py
[2025-07-28T15:52:33.926+0000] {processor.py:925} INFO - DAG(s) 'example_task_group' retrieved from /home/airflow/.local/lib/python3.12/site-packages/airflow/example_dags/example_task_group.py
[2025-07-28T15:52:33.940+0000] {logging_mixin.py:190} INFO - [2025-07-28T15:52:33.940+0000] {dag.py:3229} INFO - Sync 1 DAGs
[2025-07-28T15:52:33.949+0000] {logging_mixin.py:190} INFO - [2025-07-28T15:52:33.949+0000] {dag.py:4156} INFO - Setting next_dagrun for example_task_group to None, run_after=None
[2025-07-28T15:52:33.957+0000] {processor.py:208} INFO - Processing /home/airflow/.local/lib/python3.12/site-packages/airflow/example_dags/example_task_group.py took 0.047 seconds
[2025-07-28T15:53:04.143+0000] {processor.py:186} INFO - Started process (PID=1312) to work on /home/airflow/.local/lib/python3.12/site-packages/airflow/example_dags/example_task_group.py
[2025-07-28T15:53:04.146+0000] {processor.py:914} INFO - Processing file /home/airflow/.local/lib/python3.12/site-packages/airflow/example_dags/example_task_group.py for tasks to queue
[2025-07-28T15:53:04.148+0000] {logging_mixin.py:190} INFO - [2025-07-28T15:53:04.148+0000] {dagbag.py:587} INFO - Filling up the DagBag from /home/airflow/.local/lib/python3.12/site-packages/airflow/example_dags/example_task_group.py
[2025-07-28T15:53:04.152+0000] {processor.py:925} INFO - DAG(s) 'example_task_group' retrieved from /home/airflow/.local/lib/python3.12/site-packages/airflow/example_dags/example_task_group.py
[2025-07-28T15:53:04.162+0000] {logging_mixin.py:190} INFO - [2025-07-28T15:53:04.161+0000] {dag.py:3229} INFO - Sync 1 DAGs
[2025-07-28T15:53:04.167+0000] {logging_mixin.py:190} INFO - [2025-07-28T15:53:04.167+0000] {dag.py:4156} INFO - Setting next_dagrun for example_task_group to None, run_after=None
[2025-07-28T15:53:04.175+0000] {processor.py:208} INFO - Processing /home/airflow/.local/lib/python3.12/site-packages/airflow/example_dags/example_task_group.py took 0.035 seconds
[2025-07-28T15:53:35.149+0000] {processor.py:186} INFO - Started process (PID=1375) to work on /home/airflow/.local/lib/python3.12/site-packages/airflow/example_dags/example_task_group.py
[2025-07-28T15:53:35.150+0000] {processor.py:914} INFO - Processing file /home/airflow/.local/lib/python3.12/site-packages/airflow/example_dags/example_task_group.py for tasks to queue
[2025-07-28T15:53:35.151+0000] {logging_mixin.py:190} INFO - [2025-07-28T15:53:35.151+0000] {dagbag.py:587} INFO - Filling up the DagBag from /home/airflow/.local/lib/python3.12/site-packages/airflow/example_dags/example_task_group.py
[2025-07-28T15:53:35.155+0000] {processor.py:925} INFO - DAG(s) 'example_task_group' retrieved from /home/airflow/.local/lib/python3.12/site-packages/airflow/example_dags/example_task_group.py
[2025-07-28T15:53:35.165+0000] {logging_mixin.py:190} INFO - [2025-07-28T15:53:35.165+0000] {dag.py:3229} INFO - Sync 1 DAGs
[2025-07-28T15:53:35.171+0000] {logging_mixin.py:190} INFO - [2025-07-28T15:53:35.171+0000] {dag.py:4156} INFO - Setting next_dagrun for example_task_group to None, run_after=None
[2025-07-28T15:53:35.178+0000] {processor.py:208} INFO - Processing /home/airflow/.local/lib/python3.12/site-packages/airflow/example_dags/example_task_group.py took 0.032 seconds
[2025-07-28T15:54:05.985+0000] {processor.py:186} INFO - Started process (PID=1438) to work on /home/airflow/.local/lib/python3.12/site-packages/airflow/example_dags/example_task_group.py
[2025-07-28T15:54:05.985+0000] {processor.py:914} INFO - Processing file /home/airflow/.local/lib/python3.12/site-packages/airflow/example_dags/example_task_group.py for tasks to queue
[2025-07-28T15:54:05.986+0000] {logging_mixin.py:190} INFO - [2025-07-28T15:54:05.986+0000] {dagbag.py:587} INFO - Filling up the DagBag from /home/airflow/.local/lib/python3.12/site-packages/airflow/example_dags/example_task_group.py
[2025-07-28T15:54:05.990+0000] {processor.py:925} INFO - DAG(s) 'example_task_group' retrieved from /home/airflow/.local/lib/python3.12/site-packages/airflow/example_dags/example_task_group.py
[2025-07-28T15:54:06.000+0000] {logging_mixin.py:190} INFO - [2025-07-28T15:54:06.000+0000] {dag.py:3229} INFO - Sync 1 DAGs
[2025-07-28T15:54:06.006+0000] {logging_mixin.py:190} INFO - [2025-07-28T15:54:06.006+0000] {dag.py:4156} INFO - Setting next_dagrun for example_task_group to None, run_after=None
[2025-07-28T15:54:06.013+0000] {processor.py:208} INFO - Processing /home/airflow/.local/lib/python3.12/site-packages/airflow/example_dags/example_task_group.py took 0.032 seconds
[2025-07-28T15:54:36.766+0000] {processor.py:186} INFO - Started process (PID=1501) to work on /home/airflow/.local/lib/python3.12/site-packages/airflow/example_dags/example_task_group.py
[2025-07-28T15:54:36.769+0000] {processor.py:914} INFO - Processing file /home/airflow/.local/lib/python3.12/site-packages/airflow/example_dags/example_task_group.py for tasks to queue
[2025-07-28T15:54:36.770+0000] {logging_mixin.py:190} INFO - [2025-07-28T15:54:36.770+0000] {dagbag.py:587} INFO - Filling up the DagBag from /home/airflow/.local/lib/python3.12/site-packages/airflow/example_dags/example_task_group.py
[2025-07-28T15:54:36.775+0000] {processor.py:925} INFO - DAG(s) 'example_task_group' retrieved from /home/airflow/.local/lib/python3.12/site-packages/airflow/example_dags/example_task_group.py
[2025-07-28T15:54:36.786+0000] {logging_mixin.py:190} INFO - [2025-07-28T15:54:36.786+0000] {dag.py:3229} INFO - Sync 1 DAGs
[2025-07-28T15:54:36.792+0000] {logging_mixin.py:190} INFO - [2025-07-28T15:54:36.792+0000] {dag.py:4156} INFO - Setting next_dagrun for example_task_group to None, run_after=None
[2025-07-28T15:54:36.799+0000] {processor.py:208} INFO - Processing /home/airflow/.local/lib/python3.12/site-packages/airflow/example_dags/example_task_group.py took 0.037 seconds
[2025-07-28T15:55:08.798+0000] {processor.py:186} INFO - Started process (PID=1564) to work on /home/airflow/.local/lib/python3.12/site-packages/airflow/example_dags/example_task_group.py
[2025-07-28T15:55:08.799+0000] {processor.py:914} INFO - Processing file /home/airflow/.local/lib/python3.12/site-packages/airflow/example_dags/example_task_group.py for tasks to queue
[2025-07-28T15:55:08.801+0000] {logging_mixin.py:190} INFO - [2025-07-28T15:55:08.801+0000] {dagbag.py:587} INFO - Filling up the DagBag from /home/airflow/.local/lib/python3.12/site-packages/airflow/example_dags/example_task_group.py
[2025-07-28T15:55:08.806+0000] {processor.py:925} INFO - DAG(s) 'example_task_group' retrieved from /home/airflow/.local/lib/python3.12/site-packages/airflow/example_dags/example_task_group.py
[2025-07-28T15:55:08.827+0000] {logging_mixin.py:190} INFO - [2025-07-28T15:55:08.827+0000] {dag.py:3229} INFO - Sync 1 DAGs
[2025-07-28T15:55:08.834+0000] {logging_mixin.py:190} INFO - [2025-07-28T15:55:08.834+0000] {dag.py:4156} INFO - Setting next_dagrun for example_task_group to None, run_after=None
[2025-07-28T15:55:08.845+0000] {processor.py:208} INFO - Processing /home/airflow/.local/lib/python3.12/site-packages/airflow/example_dags/example_task_group.py took 0.053 seconds
[2025-07-28T15:55:39.484+0000] {processor.py:186} INFO - Started process (PID=1627) to work on /home/airflow/.local/lib/python3.12/site-packages/airflow/example_dags/example_task_group.py
[2025-07-28T15:55:39.485+0000] {processor.py:914} INFO - Processing file /home/airflow/.local/lib/python3.12/site-packages/airflow/example_dags/example_task_group.py for tasks to queue
[2025-07-28T15:55:39.486+0000] {logging_mixin.py:190} INFO - [2025-07-28T15:55:39.486+0000] {dagbag.py:587} INFO - Filling up the DagBag from /home/airflow/.local/lib/python3.12/site-packages/airflow/example_dags/example_task_group.py
[2025-07-28T15:55:39.490+0000] {processor.py:925} INFO - DAG(s) 'example_task_group' retrieved from /home/airflow/.local/lib/python3.12/site-packages/airflow/example_dags/example_task_group.py
[2025-07-28T15:55:39.501+0000] {logging_mixin.py:190} INFO - [2025-07-28T15:55:39.501+0000] {dag.py:3229} INFO - Sync 1 DAGs
[2025-07-28T15:55:39.508+0000] {logging_mixin.py:190} INFO - [2025-07-28T15:55:39.508+0000] {dag.py:4156} INFO - Setting next_dagrun for example_task_group to None, run_after=None
[2025-07-28T15:55:39.516+0000] {processor.py:208} INFO - Processing /home/airflow/.local/lib/python3.12/site-packages/airflow/example_dags/example_task_group.py took 0.035 seconds
[2025-07-28T15:56:10.284+0000] {processor.py:186} INFO - Started process (PID=1690) to work on /home/airflow/.local/lib/python3.12/site-packages/airflow/example_dags/example_task_group.py
[2025-07-28T15:56:10.284+0000] {processor.py:914} INFO - Processing file /home/airflow/.local/lib/python3.12/site-packages/airflow/example_dags/example_task_group.py for tasks to queue
[2025-07-28T15:56:10.286+0000] {logging_mixin.py:190} INFO - [2025-07-28T15:56:10.286+0000] {dagbag.py:587} INFO - Filling up the DagBag from /home/airflow/.local/lib/python3.12/site-packages/airflow/example_dags/example_task_group.py
[2025-07-28T15:56:10.291+0000] {processor.py:925} INFO - DAG(s) 'example_task_group' retrieved from /home/airflow/.local/lib/python3.12/site-packages/airflow/example_dags/example_task_group.py
[2025-07-28T15:56:10.325+0000] {logging_mixin.py:190} INFO - [2025-07-28T15:56:10.325+0000] {dag.py:3229} INFO - Sync 1 DAGs
[2025-07-28T15:56:10.343+0000] {logging_mixin.py:190} INFO - [2025-07-28T15:56:10.343+0000] {dag.py:4156} INFO - Setting next_dagrun for example_task_group to None, run_after=None
[2025-07-28T15:56:10.366+0000] {processor.py:208} INFO - Processing /home/airflow/.local/lib/python3.12/site-packages/airflow/example_dags/example_task_group.py took 0.086 seconds
[2025-07-28T15:56:41.244+0000] {processor.py:186} INFO - Started process (PID=1753) to work on /home/airflow/.local/lib/python3.12/site-packages/airflow/example_dags/example_task_group.py
[2025-07-28T15:56:41.245+0000] {processor.py:914} INFO - Processing file /home/airflow/.local/lib/python3.12/site-packages/airflow/example_dags/example_task_group.py for tasks to queue
[2025-07-28T15:56:41.247+0000] {logging_mixin.py:190} INFO - [2025-07-28T15:56:41.247+0000] {dagbag.py:587} INFO - Filling up the DagBag from /home/airflow/.local/lib/python3.12/site-packages/airflow/example_dags/example_task_group.py
[2025-07-28T15:56:41.256+0000] {processor.py:925} INFO - DAG(s) 'example_task_group' retrieved from /home/airflow/.local/lib/python3.12/site-packages/airflow/example_dags/example_task_group.py
[2025-07-28T15:56:41.271+0000] {logging_mixin.py:190} INFO - [2025-07-28T15:56:41.270+0000] {dag.py:3229} INFO - Sync 1 DAGs
[2025-07-28T15:56:41.283+0000] {logging_mixin.py:190} INFO - [2025-07-28T15:56:41.282+0000] {dag.py:4156} INFO - Setting next_dagrun for example_task_group to None, run_after=None
[2025-07-28T15:56:41.305+0000] {processor.py:208} INFO - Processing /home/airflow/.local/lib/python3.12/site-packages/airflow/example_dags/example_task_group.py took 0.067 seconds
[2025-07-28T15:57:11.828+0000] {processor.py:186} INFO - Started process (PID=1815) to work on /home/airflow/.local/lib/python3.12/site-packages/airflow/example_dags/example_task_group.py
[2025-07-28T15:57:11.830+0000] {processor.py:914} INFO - Processing file /home/airflow/.local/lib/python3.12/site-packages/airflow/example_dags/example_task_group.py for tasks to queue
[2025-07-28T15:57:11.831+0000] {logging_mixin.py:190} INFO - [2025-07-28T15:57:11.831+0000] {dagbag.py:587} INFO - Filling up the DagBag from /home/airflow/.local/lib/python3.12/site-packages/airflow/example_dags/example_task_group.py
[2025-07-28T15:57:11.837+0000] {processor.py:925} INFO - DAG(s) 'example_task_group' retrieved from /home/airflow/.local/lib/python3.12/site-packages/airflow/example_dags/example_task_group.py
[2025-07-28T15:57:11.849+0000] {logging_mixin.py:190} INFO - [2025-07-28T15:57:11.849+0000] {dag.py:3229} INFO - Sync 1 DAGs
[2025-07-28T15:57:11.855+0000] {logging_mixin.py:190} INFO - [2025-07-28T15:57:11.855+0000] {dag.py:4156} INFO - Setting next_dagrun for example_task_group to None, run_after=None
[2025-07-28T15:57:11.863+0000] {processor.py:208} INFO - Processing /home/airflow/.local/lib/python3.12/site-packages/airflow/example_dags/example_task_group.py took 0.038 seconds
[2025-07-28T15:57:43.439+0000] {processor.py:186} INFO - Started process (PID=1878) to work on /home/airflow/.local/lib/python3.12/site-packages/airflow/example_dags/example_task_group.py
[2025-07-28T15:57:43.442+0000] {processor.py:914} INFO - Processing file /home/airflow/.local/lib/python3.12/site-packages/airflow/example_dags/example_task_group.py for tasks to queue
[2025-07-28T15:57:43.444+0000] {logging_mixin.py:190} INFO - [2025-07-28T15:57:43.444+0000] {dagbag.py:587} INFO - Filling up the DagBag from /home/airflow/.local/lib/python3.12/site-packages/airflow/example_dags/example_task_group.py
[2025-07-28T15:57:43.449+0000] {processor.py:925} INFO - DAG(s) 'example_task_group' retrieved from /home/airflow/.local/lib/python3.12/site-packages/airflow/example_dags/example_task_group.py
[2025-07-28T15:57:43.463+0000] {logging_mixin.py:190} INFO - [2025-07-28T15:57:43.463+0000] {dag.py:3229} INFO - Sync 1 DAGs
[2025-07-28T15:57:43.474+0000] {logging_mixin.py:190} INFO - [2025-07-28T15:57:43.474+0000] {dag.py:4156} INFO - Setting next_dagrun for example_task_group to None, run_after=None
[2025-07-28T15:57:43.484+0000] {processor.py:208} INFO - Processing /home/airflow/.local/lib/python3.12/site-packages/airflow/example_dags/example_task_group.py took 0.048 seconds
[2025-07-28T15:58:14.362+0000] {processor.py:186} INFO - Started process (PID=1941) to work on /home/airflow/.local/lib/python3.12/site-packages/airflow/example_dags/example_task_group.py
[2025-07-28T15:58:14.362+0000] {processor.py:914} INFO - Processing file /home/airflow/.local/lib/python3.12/site-packages/airflow/example_dags/example_task_group.py for tasks to queue
[2025-07-28T15:58:14.364+0000] {logging_mixin.py:190} INFO - [2025-07-28T15:58:14.363+0000] {dagbag.py:587} INFO - Filling up the DagBag from /home/airflow/.local/lib/python3.12/site-packages/airflow/example_dags/example_task_group.py
[2025-07-28T15:58:14.368+0000] {processor.py:925} INFO - DAG(s) 'example_task_group' retrieved from /home/airflow/.local/lib/python3.12/site-packages/airflow/example_dags/example_task_group.py
[2025-07-28T15:58:14.378+0000] {logging_mixin.py:190} INFO - [2025-07-28T15:58:14.378+0000] {dag.py:3229} INFO - Sync 1 DAGs
[2025-07-28T15:58:14.385+0000] {logging_mixin.py:190} INFO - [2025-07-28T15:58:14.385+0000] {dag.py:4156} INFO - Setting next_dagrun for example_task_group to None, run_after=None
[2025-07-28T15:58:14.392+0000] {processor.py:208} INFO - Processing /home/airflow/.local/lib/python3.12/site-packages/airflow/example_dags/example_task_group.py took 0.034 seconds
[2025-07-28T15:58:46.353+0000] {processor.py:186} INFO - Started process (PID=2004) to work on /home/airflow/.local/lib/python3.12/site-packages/airflow/example_dags/example_task_group.py
[2025-07-28T15:58:46.354+0000] {processor.py:914} INFO - Processing file /home/airflow/.local/lib/python3.12/site-packages/airflow/example_dags/example_task_group.py for tasks to queue
[2025-07-28T15:58:46.356+0000] {logging_mixin.py:190} INFO - [2025-07-28T15:58:46.355+0000] {dagbag.py:587} INFO - Filling up the DagBag from /home/airflow/.local/lib/python3.12/site-packages/airflow/example_dags/example_task_group.py
[2025-07-28T15:58:46.496+0000] {processor.py:925} INFO - DAG(s) 'example_task_group' retrieved from /home/airflow/.local/lib/python3.12/site-packages/airflow/example_dags/example_task_group.py
[2025-07-28T15:58:46.549+0000] {logging_mixin.py:190} INFO - [2025-07-28T15:58:46.549+0000] {dag.py:3229} INFO - Sync 1 DAGs
[2025-07-28T15:58:46.561+0000] {logging_mixin.py:190} INFO - [2025-07-28T15:58:46.561+0000] {dag.py:4156} INFO - Setting next_dagrun for example_task_group to None, run_after=None
[2025-07-28T15:58:46.573+0000] {processor.py:208} INFO - Processing /home/airflow/.local/lib/python3.12/site-packages/airflow/example_dags/example_task_group.py took 0.226 seconds
[2025-07-28T15:59:16.753+0000] {processor.py:186} INFO - Started process (PID=2066) to work on /home/airflow/.local/lib/python3.12/site-packages/airflow/example_dags/example_task_group.py
[2025-07-28T15:59:16.754+0000] {processor.py:914} INFO - Processing file /home/airflow/.local/lib/python3.12/site-packages/airflow/example_dags/example_task_group.py for tasks to queue
[2025-07-28T15:59:16.756+0000] {logging_mixin.py:190} INFO - [2025-07-28T15:59:16.755+0000] {dagbag.py:587} INFO - Filling up the DagBag from /home/airflow/.local/lib/python3.12/site-packages/airflow/example_dags/example_task_group.py
[2025-07-28T15:59:16.762+0000] {processor.py:925} INFO - DAG(s) 'example_task_group' retrieved from /home/airflow/.local/lib/python3.12/site-packages/airflow/example_dags/example_task_group.py
[2025-07-28T15:59:16.784+0000] {logging_mixin.py:190} INFO - [2025-07-28T15:59:16.784+0000] {dag.py:3229} INFO - Sync 1 DAGs
[2025-07-28T15:59:16.798+0000] {logging_mixin.py:190} INFO - [2025-07-28T15:59:16.798+0000] {dag.py:4156} INFO - Setting next_dagrun for example_task_group to None, run_after=None
[2025-07-28T15:59:16.813+0000] {processor.py:208} INFO - Processing /home/airflow/.local/lib/python3.12/site-packages/airflow/example_dags/example_task_group.py took 0.063 seconds
[2025-07-28T15:59:46.996+0000] {processor.py:186} INFO - Started process (PID=2129) to work on /home/airflow/.local/lib/python3.12/site-packages/airflow/example_dags/example_task_group.py
[2025-07-28T15:59:46.998+0000] {processor.py:914} INFO - Processing file /home/airflow/.local/lib/python3.12/site-packages/airflow/example_dags/example_task_group.py for tasks to queue
[2025-07-28T15:59:47.018+0000] {logging_mixin.py:190} INFO - [2025-07-28T15:59:47.015+0000] {dagbag.py:587} INFO - Filling up the DagBag from /home/airflow/.local/lib/python3.12/site-packages/airflow/example_dags/example_task_group.py
[2025-07-28T15:59:47.196+0000] {processor.py:925} INFO - DAG(s) 'example_task_group' retrieved from /home/airflow/.local/lib/python3.12/site-packages/airflow/example_dags/example_task_group.py
[2025-07-28T15:59:47.268+0000] {logging_mixin.py:190} INFO - [2025-07-28T15:59:47.267+0000] {dag.py:3229} INFO - Sync 1 DAGs
[2025-07-28T15:59:47.294+0000] {logging_mixin.py:190} INFO - [2025-07-28T15:59:47.293+0000] {dag.py:4156} INFO - Setting next_dagrun for example_task_group to None, run_after=None
[2025-07-28T15:59:47.317+0000] {processor.py:208} INFO - Processing /home/airflow/.local/lib/python3.12/site-packages/airflow/example_dags/example_task_group.py took 0.331 seconds
[2025-07-28T16:00:18.211+0000] {processor.py:186} INFO - Started process (PID=2191) to work on /home/airflow/.local/lib/python3.12/site-packages/airflow/example_dags/example_task_group.py
[2025-07-28T16:00:18.213+0000] {processor.py:914} INFO - Processing file /home/airflow/.local/lib/python3.12/site-packages/airflow/example_dags/example_task_group.py for tasks to queue
[2025-07-28T16:00:18.217+0000] {logging_mixin.py:190} INFO - [2025-07-28T16:00:18.217+0000] {dagbag.py:587} INFO - Filling up the DagBag from /home/airflow/.local/lib/python3.12/site-packages/airflow/example_dags/example_task_group.py
[2025-07-28T16:00:18.231+0000] {processor.py:925} INFO - DAG(s) 'example_task_group' retrieved from /home/airflow/.local/lib/python3.12/site-packages/airflow/example_dags/example_task_group.py
[2025-07-28T16:00:18.248+0000] {logging_mixin.py:190} INFO - [2025-07-28T16:00:18.248+0000] {dag.py:3229} INFO - Sync 1 DAGs
[2025-07-28T16:00:18.261+0000] {logging_mixin.py:190} INFO - [2025-07-28T16:00:18.261+0000] {dag.py:4156} INFO - Setting next_dagrun for example_task_group to None, run_after=None
[2025-07-28T16:00:18.277+0000] {processor.py:208} INFO - Processing /home/airflow/.local/lib/python3.12/site-packages/airflow/example_dags/example_task_group.py took 0.074 seconds
[2025-07-28T16:00:49.085+0000] {processor.py:186} INFO - Started process (PID=2254) to work on /home/airflow/.local/lib/python3.12/site-packages/airflow/example_dags/example_task_group.py
[2025-07-28T16:00:49.086+0000] {processor.py:914} INFO - Processing file /home/airflow/.local/lib/python3.12/site-packages/airflow/example_dags/example_task_group.py for tasks to queue
[2025-07-28T16:00:49.087+0000] {logging_mixin.py:190} INFO - [2025-07-28T16:00:49.087+0000] {dagbag.py:587} INFO - Filling up the DagBag from /home/airflow/.local/lib/python3.12/site-packages/airflow/example_dags/example_task_group.py
[2025-07-28T16:00:49.093+0000] {processor.py:925} INFO - DAG(s) 'example_task_group' retrieved from /home/airflow/.local/lib/python3.12/site-packages/airflow/example_dags/example_task_group.py
[2025-07-28T16:00:49.113+0000] {logging_mixin.py:190} INFO - [2025-07-28T16:00:49.113+0000] {dag.py:3229} INFO - Sync 1 DAGs
[2025-07-28T16:00:49.120+0000] {logging_mixin.py:190} INFO - [2025-07-28T16:00:49.120+0000] {dag.py:4156} INFO - Setting next_dagrun for example_task_group to None, run_after=None
[2025-07-28T16:00:49.129+0000] {processor.py:208} INFO - Processing /home/airflow/.local/lib/python3.12/site-packages/airflow/example_dags/example_task_group.py took 0.049 seconds
