[2025-07-28T15:42:53.063+0000] {processor.py:186} INFO - Started process (PID=86) to work on /home/airflow/.local/lib/python3.12/site-packages/airflow/example_dags/example_latest_only.py
[2025-07-28T15:42:53.064+0000] {processor.py:914} INFO - Processing file /home/airflow/.local/lib/python3.12/site-packages/airflow/example_dags/example_latest_only.py for tasks to queue
[2025-07-28T15:42:53.066+0000] {logging_mixin.py:190} INFO - [2025-07-28T15:42:53.066+0000] {dagbag.py:587} INFO - Filling up the DagBag from /home/airflow/.local/lib/python3.12/site-packages/airflow/example_dags/example_latest_only.py
[2025-07-28T15:42:53.076+0000] {processor.py:925} INFO - DAG(s) 'latest_only' retrieved from /home/airflow/.local/lib/python3.12/site-packages/airflow/example_dags/example_latest_only.py
[2025-07-28T15:42:53.174+0000] {logging_mixin.py:190} INFO - [2025-07-28T15:42:53.173+0000] {override.py:1900} INFO - Created Permission View: can edit on DAG:latest_only
[2025-07-28T15:42:53.184+0000] {logging_mixin.py:190} INFO - [2025-07-28T15:42:53.183+0000] {override.py:1900} INFO - Created Permission View: can read on DAG:latest_only
[2025-07-28T15:42:53.193+0000] {logging_mixin.py:190} INFO - [2025-07-28T15:42:53.193+0000] {override.py:1900} INFO - Created Permission View: can delete on DAG:latest_only
[2025-07-28T15:42:53.199+0000] {logging_mixin.py:190} INFO - [2025-07-28T15:42:53.198+0000] {override.py:1900} INFO - Created Permission View: can read on DAG Run:latest_only
[2025-07-28T15:42:53.205+0000] {logging_mixin.py:190} INFO - [2025-07-28T15:42:53.205+0000] {override.py:1900} INFO - Created Permission View: can delete on DAG Run:latest_only
[2025-07-28T15:42:53.213+0000] {logging_mixin.py:190} INFO - [2025-07-28T15:42:53.213+0000] {override.py:1900} INFO - Created Permission View: can create on DAG Run:latest_only
[2025-07-28T15:42:53.218+0000] {logging_mixin.py:190} INFO - [2025-07-28T15:42:53.217+0000] {override.py:1900} INFO - Created Permission View: menu access on DAG Run:latest_only
[2025-07-28T15:42:53.218+0000] {logging_mixin.py:190} INFO - [2025-07-28T15:42:53.218+0000] {dag.py:3229} INFO - Sync 1 DAGs
[2025-07-28T15:42:53.235+0000] {logging_mixin.py:190} INFO - [2025-07-28T15:42:53.235+0000] {dag.py:3252} INFO - Creating ORM DAG for latest_only
[2025-07-28T15:42:53.248+0000] {logging_mixin.py:190} INFO - [2025-07-28T15:42:53.248+0000] {dag.py:4156} INFO - Setting next_dagrun for latest_only to 2025-07-28 08:00:00+00:00, run_after=2025-07-28 12:00:00+00:00
[2025-07-28T15:42:53.261+0000] {processor.py:208} INFO - Processing /home/airflow/.local/lib/python3.12/site-packages/airflow/example_dags/example_latest_only.py took 0.205 seconds
[2025-07-28T15:43:23.955+0000] {processor.py:186} INFO - Started process (PID=148) to work on /home/airflow/.local/lib/python3.12/site-packages/airflow/example_dags/example_latest_only.py
[2025-07-28T15:43:23.955+0000] {processor.py:914} INFO - Processing file /home/airflow/.local/lib/python3.12/site-packages/airflow/example_dags/example_latest_only.py for tasks to queue
[2025-07-28T15:43:23.957+0000] {logging_mixin.py:190} INFO - [2025-07-28T15:43:23.957+0000] {dagbag.py:587} INFO - Filling up the DagBag from /home/airflow/.local/lib/python3.12/site-packages/airflow/example_dags/example_latest_only.py
[2025-07-28T15:43:23.961+0000] {processor.py:925} INFO - DAG(s) 'latest_only' retrieved from /home/airflow/.local/lib/python3.12/site-packages/airflow/example_dags/example_latest_only.py
[2025-07-28T15:43:23.972+0000] {logging_mixin.py:190} INFO - [2025-07-28T15:43:23.972+0000] {dag.py:3229} INFO - Sync 1 DAGs
[2025-07-28T15:43:23.983+0000] {logging_mixin.py:190} INFO - [2025-07-28T15:43:23.983+0000] {dag.py:4156} INFO - Setting next_dagrun for latest_only to 2025-07-28 08:00:00+00:00, run_after=2025-07-28 12:00:00+00:00
[2025-07-28T15:43:23.991+0000] {processor.py:208} INFO - Processing /home/airflow/.local/lib/python3.12/site-packages/airflow/example_dags/example_latest_only.py took 0.042 seconds
[2025-07-28T15:43:54.758+0000] {processor.py:186} INFO - Started process (PID=210) to work on /home/airflow/.local/lib/python3.12/site-packages/airflow/example_dags/example_latest_only.py
[2025-07-28T15:43:54.759+0000] {processor.py:914} INFO - Processing file /home/airflow/.local/lib/python3.12/site-packages/airflow/example_dags/example_latest_only.py for tasks to queue
[2025-07-28T15:43:54.760+0000] {logging_mixin.py:190} INFO - [2025-07-28T15:43:54.760+0000] {dagbag.py:587} INFO - Filling up the DagBag from /home/airflow/.local/lib/python3.12/site-packages/airflow/example_dags/example_latest_only.py
[2025-07-28T15:43:54.764+0000] {processor.py:925} INFO - DAG(s) 'latest_only' retrieved from /home/airflow/.local/lib/python3.12/site-packages/airflow/example_dags/example_latest_only.py
[2025-07-28T15:43:54.775+0000] {logging_mixin.py:190} INFO - [2025-07-28T15:43:54.775+0000] {dag.py:3229} INFO - Sync 1 DAGs
[2025-07-28T15:43:54.787+0000] {logging_mixin.py:190} INFO - [2025-07-28T15:43:54.787+0000] {dag.py:4156} INFO - Setting next_dagrun for latest_only to 2025-07-28 08:00:00+00:00, run_after=2025-07-28 12:00:00+00:00
[2025-07-28T15:43:54.796+0000] {processor.py:208} INFO - Processing /home/airflow/.local/lib/python3.12/site-packages/airflow/example_dags/example_latest_only.py took 0.041 seconds
[2025-07-28T15:44:25.270+0000] {processor.py:186} INFO - Started process (PID=272) to work on /home/airflow/.local/lib/python3.12/site-packages/airflow/example_dags/example_latest_only.py
[2025-07-28T15:44:25.271+0000] {processor.py:914} INFO - Processing file /home/airflow/.local/lib/python3.12/site-packages/airflow/example_dags/example_latest_only.py for tasks to queue
[2025-07-28T15:44:25.272+0000] {logging_mixin.py:190} INFO - [2025-07-28T15:44:25.272+0000] {dagbag.py:587} INFO - Filling up the DagBag from /home/airflow/.local/lib/python3.12/site-packages/airflow/example_dags/example_latest_only.py
[2025-07-28T15:44:25.276+0000] {processor.py:925} INFO - DAG(s) 'latest_only' retrieved from /home/airflow/.local/lib/python3.12/site-packages/airflow/example_dags/example_latest_only.py
[2025-07-28T15:44:25.286+0000] {logging_mixin.py:190} INFO - [2025-07-28T15:44:25.286+0000] {dag.py:3229} INFO - Sync 1 DAGs
[2025-07-28T15:44:25.298+0000] {logging_mixin.py:190} INFO - [2025-07-28T15:44:25.298+0000] {dag.py:4156} INFO - Setting next_dagrun for latest_only to 2025-07-28 08:00:00+00:00, run_after=2025-07-28 12:00:00+00:00
[2025-07-28T15:44:25.310+0000] {processor.py:208} INFO - Processing /home/airflow/.local/lib/python3.12/site-packages/airflow/example_dags/example_latest_only.py took 0.043 seconds
[2025-07-28T15:44:55.834+0000] {processor.py:186} INFO - Started process (PID=334) to work on /home/airflow/.local/lib/python3.12/site-packages/airflow/example_dags/example_latest_only.py
[2025-07-28T15:44:55.835+0000] {processor.py:914} INFO - Processing file /home/airflow/.local/lib/python3.12/site-packages/airflow/example_dags/example_latest_only.py for tasks to queue
[2025-07-28T15:44:55.836+0000] {logging_mixin.py:190} INFO - [2025-07-28T15:44:55.836+0000] {dagbag.py:587} INFO - Filling up the DagBag from /home/airflow/.local/lib/python3.12/site-packages/airflow/example_dags/example_latest_only.py
[2025-07-28T15:44:55.840+0000] {processor.py:925} INFO - DAG(s) 'latest_only' retrieved from /home/airflow/.local/lib/python3.12/site-packages/airflow/example_dags/example_latest_only.py
[2025-07-28T15:44:55.849+0000] {logging_mixin.py:190} INFO - [2025-07-28T15:44:55.849+0000] {dag.py:3229} INFO - Sync 1 DAGs
[2025-07-28T15:44:55.861+0000] {logging_mixin.py:190} INFO - [2025-07-28T15:44:55.860+0000] {dag.py:4156} INFO - Setting next_dagrun for latest_only to 2025-07-28 08:00:00+00:00, run_after=2025-07-28 12:00:00+00:00
[2025-07-28T15:44:55.869+0000] {processor.py:208} INFO - Processing /home/airflow/.local/lib/python3.12/site-packages/airflow/example_dags/example_latest_only.py took 0.038 seconds
[2025-07-28T15:45:26.609+0000] {processor.py:186} INFO - Started process (PID=396) to work on /home/airflow/.local/lib/python3.12/site-packages/airflow/example_dags/example_latest_only.py
[2025-07-28T15:45:26.610+0000] {processor.py:914} INFO - Processing file /home/airflow/.local/lib/python3.12/site-packages/airflow/example_dags/example_latest_only.py for tasks to queue
[2025-07-28T15:45:26.613+0000] {logging_mixin.py:190} INFO - [2025-07-28T15:45:26.613+0000] {dagbag.py:587} INFO - Filling up the DagBag from /home/airflow/.local/lib/python3.12/site-packages/airflow/example_dags/example_latest_only.py
[2025-07-28T15:45:26.617+0000] {processor.py:925} INFO - DAG(s) 'latest_only' retrieved from /home/airflow/.local/lib/python3.12/site-packages/airflow/example_dags/example_latest_only.py
[2025-07-28T15:45:26.626+0000] {logging_mixin.py:190} INFO - [2025-07-28T15:45:26.626+0000] {dag.py:3229} INFO - Sync 1 DAGs
[2025-07-28T15:45:26.635+0000] {logging_mixin.py:190} INFO - [2025-07-28T15:45:26.635+0000] {dag.py:4156} INFO - Setting next_dagrun for latest_only to 2025-07-28 08:00:00+00:00, run_after=2025-07-28 12:00:00+00:00
[2025-07-28T15:45:26.643+0000] {processor.py:208} INFO - Processing /home/airflow/.local/lib/python3.12/site-packages/airflow/example_dags/example_latest_only.py took 0.036 seconds
[2025-07-28T15:45:57.468+0000] {processor.py:186} INFO - Started process (PID=458) to work on /home/airflow/.local/lib/python3.12/site-packages/airflow/example_dags/example_latest_only.py
[2025-07-28T15:45:57.472+0000] {processor.py:914} INFO - Processing file /home/airflow/.local/lib/python3.12/site-packages/airflow/example_dags/example_latest_only.py for tasks to queue
[2025-07-28T15:45:57.474+0000] {logging_mixin.py:190} INFO - [2025-07-28T15:45:57.474+0000] {dagbag.py:587} INFO - Filling up the DagBag from /home/airflow/.local/lib/python3.12/site-packages/airflow/example_dags/example_latest_only.py
[2025-07-28T15:45:57.484+0000] {processor.py:925} INFO - DAG(s) 'latest_only' retrieved from /home/airflow/.local/lib/python3.12/site-packages/airflow/example_dags/example_latest_only.py
[2025-07-28T15:45:57.508+0000] {logging_mixin.py:190} INFO - [2025-07-28T15:45:57.507+0000] {dag.py:3229} INFO - Sync 1 DAGs
[2025-07-28T15:45:57.524+0000] {logging_mixin.py:190} INFO - [2025-07-28T15:45:57.524+0000] {dag.py:4156} INFO - Setting next_dagrun for latest_only to 2025-07-28 08:00:00+00:00, run_after=2025-07-28 12:00:00+00:00
[2025-07-28T15:45:57.537+0000] {processor.py:208} INFO - Processing /home/airflow/.local/lib/python3.12/site-packages/airflow/example_dags/example_latest_only.py took 0.089 seconds
[2025-07-28T15:46:28.020+0000] {processor.py:186} INFO - Started process (PID=520) to work on /home/airflow/.local/lib/python3.12/site-packages/airflow/example_dags/example_latest_only.py
[2025-07-28T15:46:28.021+0000] {processor.py:914} INFO - Processing file /home/airflow/.local/lib/python3.12/site-packages/airflow/example_dags/example_latest_only.py for tasks to queue
[2025-07-28T15:46:28.022+0000] {logging_mixin.py:190} INFO - [2025-07-28T15:46:28.021+0000] {dagbag.py:587} INFO - Filling up the DagBag from /home/airflow/.local/lib/python3.12/site-packages/airflow/example_dags/example_latest_only.py
[2025-07-28T15:46:28.025+0000] {processor.py:925} INFO - DAG(s) 'latest_only' retrieved from /home/airflow/.local/lib/python3.12/site-packages/airflow/example_dags/example_latest_only.py
[2025-07-28T15:46:28.033+0000] {logging_mixin.py:190} INFO - [2025-07-28T15:46:28.033+0000] {dag.py:3229} INFO - Sync 1 DAGs
[2025-07-28T15:46:28.044+0000] {logging_mixin.py:190} INFO - [2025-07-28T15:46:28.044+0000] {dag.py:4156} INFO - Setting next_dagrun for latest_only to 2025-07-28 08:00:00+00:00, run_after=2025-07-28 12:00:00+00:00
[2025-07-28T15:46:28.050+0000] {processor.py:208} INFO - Processing /home/airflow/.local/lib/python3.12/site-packages/airflow/example_dags/example_latest_only.py took 0.033 seconds
[2025-07-28T15:46:58.551+0000] {processor.py:186} INFO - Started process (PID=582) to work on /home/airflow/.local/lib/python3.12/site-packages/airflow/example_dags/example_latest_only.py
[2025-07-28T15:46:58.552+0000] {processor.py:914} INFO - Processing file /home/airflow/.local/lib/python3.12/site-packages/airflow/example_dags/example_latest_only.py for tasks to queue
[2025-07-28T15:46:58.553+0000] {logging_mixin.py:190} INFO - [2025-07-28T15:46:58.553+0000] {dagbag.py:587} INFO - Filling up the DagBag from /home/airflow/.local/lib/python3.12/site-packages/airflow/example_dags/example_latest_only.py
[2025-07-28T15:46:58.559+0000] {processor.py:925} INFO - DAG(s) 'latest_only' retrieved from /home/airflow/.local/lib/python3.12/site-packages/airflow/example_dags/example_latest_only.py
[2025-07-28T15:46:58.569+0000] {logging_mixin.py:190} INFO - [2025-07-28T15:46:58.569+0000] {dag.py:3229} INFO - Sync 1 DAGs
[2025-07-28T15:46:58.579+0000] {logging_mixin.py:190} INFO - [2025-07-28T15:46:58.579+0000] {dag.py:4156} INFO - Setting next_dagrun for latest_only to 2025-07-28 08:00:00+00:00, run_after=2025-07-28 12:00:00+00:00
[2025-07-28T15:46:58.585+0000] {processor.py:208} INFO - Processing /home/airflow/.local/lib/python3.12/site-packages/airflow/example_dags/example_latest_only.py took 0.037 seconds
[2025-07-28T15:47:30.072+0000] {processor.py:186} INFO - Started process (PID=644) to work on /home/airflow/.local/lib/python3.12/site-packages/airflow/example_dags/example_latest_only.py
[2025-07-28T15:47:30.073+0000] {processor.py:914} INFO - Processing file /home/airflow/.local/lib/python3.12/site-packages/airflow/example_dags/example_latest_only.py for tasks to queue
[2025-07-28T15:47:30.075+0000] {logging_mixin.py:190} INFO - [2025-07-28T15:47:30.075+0000] {dagbag.py:587} INFO - Filling up the DagBag from /home/airflow/.local/lib/python3.12/site-packages/airflow/example_dags/example_latest_only.py
[2025-07-28T15:47:30.079+0000] {processor.py:925} INFO - DAG(s) 'latest_only' retrieved from /home/airflow/.local/lib/python3.12/site-packages/airflow/example_dags/example_latest_only.py
[2025-07-28T15:47:30.097+0000] {logging_mixin.py:190} INFO - [2025-07-28T15:47:30.097+0000] {dag.py:3229} INFO - Sync 1 DAGs
[2025-07-28T15:47:30.112+0000] {logging_mixin.py:190} INFO - [2025-07-28T15:47:30.112+0000] {dag.py:4156} INFO - Setting next_dagrun for latest_only to 2025-07-28 08:00:00+00:00, run_after=2025-07-28 12:00:00+00:00
[2025-07-28T15:47:30.126+0000] {processor.py:208} INFO - Processing /home/airflow/.local/lib/python3.12/site-packages/airflow/example_dags/example_latest_only.py took 0.057 seconds
[2025-07-28T15:48:00.395+0000] {processor.py:186} INFO - Started process (PID=706) to work on /home/airflow/.local/lib/python3.12/site-packages/airflow/example_dags/example_latest_only.py
[2025-07-28T15:48:00.396+0000] {processor.py:914} INFO - Processing file /home/airflow/.local/lib/python3.12/site-packages/airflow/example_dags/example_latest_only.py for tasks to queue
[2025-07-28T15:48:00.397+0000] {logging_mixin.py:190} INFO - [2025-07-28T15:48:00.397+0000] {dagbag.py:587} INFO - Filling up the DagBag from /home/airflow/.local/lib/python3.12/site-packages/airflow/example_dags/example_latest_only.py
[2025-07-28T15:48:00.401+0000] {processor.py:925} INFO - DAG(s) 'latest_only' retrieved from /home/airflow/.local/lib/python3.12/site-packages/airflow/example_dags/example_latest_only.py
[2025-07-28T15:48:00.411+0000] {logging_mixin.py:190} INFO - [2025-07-28T15:48:00.410+0000] {dag.py:3229} INFO - Sync 1 DAGs
[2025-07-28T15:48:00.424+0000] {logging_mixin.py:190} INFO - [2025-07-28T15:48:00.423+0000] {dag.py:4156} INFO - Setting next_dagrun for latest_only to 2025-07-28 08:00:00+00:00, run_after=2025-07-28 12:00:00+00:00
[2025-07-28T15:48:00.431+0000] {processor.py:208} INFO - Processing /home/airflow/.local/lib/python3.12/site-packages/airflow/example_dags/example_latest_only.py took 0.041 seconds
[2025-07-28T15:48:30.815+0000] {processor.py:186} INFO - Started process (PID=768) to work on /home/airflow/.local/lib/python3.12/site-packages/airflow/example_dags/example_latest_only.py
[2025-07-28T15:48:30.816+0000] {processor.py:914} INFO - Processing file /home/airflow/.local/lib/python3.12/site-packages/airflow/example_dags/example_latest_only.py for tasks to queue
[2025-07-28T15:48:30.817+0000] {logging_mixin.py:190} INFO - [2025-07-28T15:48:30.817+0000] {dagbag.py:587} INFO - Filling up the DagBag from /home/airflow/.local/lib/python3.12/site-packages/airflow/example_dags/example_latest_only.py
[2025-07-28T15:48:30.821+0000] {processor.py:925} INFO - DAG(s) 'latest_only' retrieved from /home/airflow/.local/lib/python3.12/site-packages/airflow/example_dags/example_latest_only.py
[2025-07-28T15:48:30.832+0000] {logging_mixin.py:190} INFO - [2025-07-28T15:48:30.831+0000] {dag.py:3229} INFO - Sync 1 DAGs
[2025-07-28T15:48:30.841+0000] {logging_mixin.py:190} INFO - [2025-07-28T15:48:30.841+0000] {dag.py:4156} INFO - Setting next_dagrun for latest_only to 2025-07-28 08:00:00+00:00, run_after=2025-07-28 12:00:00+00:00
[2025-07-28T15:48:30.849+0000] {processor.py:208} INFO - Processing /home/airflow/.local/lib/python3.12/site-packages/airflow/example_dags/example_latest_only.py took 0.038 seconds
[2025-07-28T15:49:01.650+0000] {processor.py:186} INFO - Started process (PID=830) to work on /home/airflow/.local/lib/python3.12/site-packages/airflow/example_dags/example_latest_only.py
[2025-07-28T15:49:01.651+0000] {processor.py:914} INFO - Processing file /home/airflow/.local/lib/python3.12/site-packages/airflow/example_dags/example_latest_only.py for tasks to queue
[2025-07-28T15:49:01.654+0000] {logging_mixin.py:190} INFO - [2025-07-28T15:49:01.654+0000] {dagbag.py:587} INFO - Filling up the DagBag from /home/airflow/.local/lib/python3.12/site-packages/airflow/example_dags/example_latest_only.py
[2025-07-28T15:49:01.661+0000] {processor.py:925} INFO - DAG(s) 'latest_only' retrieved from /home/airflow/.local/lib/python3.12/site-packages/airflow/example_dags/example_latest_only.py
[2025-07-28T15:49:01.671+0000] {logging_mixin.py:190} INFO - [2025-07-28T15:49:01.671+0000] {dag.py:3229} INFO - Sync 1 DAGs
[2025-07-28T15:49:01.682+0000] {logging_mixin.py:190} INFO - [2025-07-28T15:49:01.682+0000] {dag.py:4156} INFO - Setting next_dagrun for latest_only to 2025-07-28 08:00:00+00:00, run_after=2025-07-28 12:00:00+00:00
[2025-07-28T15:49:01.689+0000] {processor.py:208} INFO - Processing /home/airflow/.local/lib/python3.12/site-packages/airflow/example_dags/example_latest_only.py took 0.044 seconds
[2025-07-28T15:49:32.232+0000] {processor.py:186} INFO - Started process (PID=892) to work on /home/airflow/.local/lib/python3.12/site-packages/airflow/example_dags/example_latest_only.py
[2025-07-28T15:49:32.233+0000] {processor.py:914} INFO - Processing file /home/airflow/.local/lib/python3.12/site-packages/airflow/example_dags/example_latest_only.py for tasks to queue
[2025-07-28T15:49:32.234+0000] {logging_mixin.py:190} INFO - [2025-07-28T15:49:32.234+0000] {dagbag.py:587} INFO - Filling up the DagBag from /home/airflow/.local/lib/python3.12/site-packages/airflow/example_dags/example_latest_only.py
[2025-07-28T15:49:32.238+0000] {processor.py:925} INFO - DAG(s) 'latest_only' retrieved from /home/airflow/.local/lib/python3.12/site-packages/airflow/example_dags/example_latest_only.py
[2025-07-28T15:49:32.253+0000] {logging_mixin.py:190} INFO - [2025-07-28T15:49:32.253+0000] {dag.py:3229} INFO - Sync 1 DAGs
[2025-07-28T15:49:32.263+0000] {logging_mixin.py:190} INFO - [2025-07-28T15:49:32.263+0000] {dag.py:4156} INFO - Setting next_dagrun for latest_only to 2025-07-28 08:00:00+00:00, run_after=2025-07-28 12:00:00+00:00
[2025-07-28T15:49:32.271+0000] {processor.py:208} INFO - Processing /home/airflow/.local/lib/python3.12/site-packages/airflow/example_dags/example_latest_only.py took 0.042 seconds
[2025-07-28T15:50:03.212+0000] {processor.py:186} INFO - Started process (PID=954) to work on /home/airflow/.local/lib/python3.12/site-packages/airflow/example_dags/example_latest_only.py
[2025-07-28T15:50:03.214+0000] {processor.py:914} INFO - Processing file /home/airflow/.local/lib/python3.12/site-packages/airflow/example_dags/example_latest_only.py for tasks to queue
[2025-07-28T15:50:03.215+0000] {logging_mixin.py:190} INFO - [2025-07-28T15:50:03.215+0000] {dagbag.py:587} INFO - Filling up the DagBag from /home/airflow/.local/lib/python3.12/site-packages/airflow/example_dags/example_latest_only.py
[2025-07-28T15:50:03.220+0000] {processor.py:925} INFO - DAG(s) 'latest_only' retrieved from /home/airflow/.local/lib/python3.12/site-packages/airflow/example_dags/example_latest_only.py
[2025-07-28T15:50:03.237+0000] {logging_mixin.py:190} INFO - [2025-07-28T15:50:03.237+0000] {dag.py:3229} INFO - Sync 1 DAGs
[2025-07-28T15:50:03.268+0000] {logging_mixin.py:190} INFO - [2025-07-28T15:50:03.268+0000] {dag.py:4156} INFO - Setting next_dagrun for latest_only to 2025-07-28 08:00:00+00:00, run_after=2025-07-28 12:00:00+00:00
[2025-07-28T15:50:03.277+0000] {processor.py:208} INFO - Processing /home/airflow/.local/lib/python3.12/site-packages/airflow/example_dags/example_latest_only.py took 0.068 seconds
[2025-07-28T15:50:33.421+0000] {processor.py:186} INFO - Started process (PID=1016) to work on /home/airflow/.local/lib/python3.12/site-packages/airflow/example_dags/example_latest_only.py
[2025-07-28T15:50:33.422+0000] {processor.py:914} INFO - Processing file /home/airflow/.local/lib/python3.12/site-packages/airflow/example_dags/example_latest_only.py for tasks to queue
[2025-07-28T15:50:33.424+0000] {logging_mixin.py:190} INFO - [2025-07-28T15:50:33.424+0000] {dagbag.py:587} INFO - Filling up the DagBag from /home/airflow/.local/lib/python3.12/site-packages/airflow/example_dags/example_latest_only.py
[2025-07-28T15:50:33.430+0000] {processor.py:925} INFO - DAG(s) 'latest_only' retrieved from /home/airflow/.local/lib/python3.12/site-packages/airflow/example_dags/example_latest_only.py
[2025-07-28T15:50:33.443+0000] {logging_mixin.py:190} INFO - [2025-07-28T15:50:33.443+0000] {dag.py:3229} INFO - Sync 1 DAGs
[2025-07-28T15:50:33.454+0000] {logging_mixin.py:190} INFO - [2025-07-28T15:50:33.454+0000] {dag.py:4156} INFO - Setting next_dagrun for latest_only to 2025-07-28 08:00:00+00:00, run_after=2025-07-28 12:00:00+00:00
[2025-07-28T15:50:33.461+0000] {processor.py:208} INFO - Processing /home/airflow/.local/lib/python3.12/site-packages/airflow/example_dags/example_latest_only.py took 0.045 seconds
[2025-07-28T15:51:03.547+0000] {processor.py:186} INFO - Started process (PID=1078) to work on /home/airflow/.local/lib/python3.12/site-packages/airflow/example_dags/example_latest_only.py
[2025-07-28T15:51:03.547+0000] {processor.py:914} INFO - Processing file /home/airflow/.local/lib/python3.12/site-packages/airflow/example_dags/example_latest_only.py for tasks to queue
[2025-07-28T15:51:03.548+0000] {logging_mixin.py:190} INFO - [2025-07-28T15:51:03.548+0000] {dagbag.py:587} INFO - Filling up the DagBag from /home/airflow/.local/lib/python3.12/site-packages/airflow/example_dags/example_latest_only.py
[2025-07-28T15:51:03.552+0000] {processor.py:925} INFO - DAG(s) 'latest_only' retrieved from /home/airflow/.local/lib/python3.12/site-packages/airflow/example_dags/example_latest_only.py
[2025-07-28T15:51:03.560+0000] {logging_mixin.py:190} INFO - [2025-07-28T15:51:03.560+0000] {dag.py:3229} INFO - Sync 1 DAGs
[2025-07-28T15:51:03.569+0000] {logging_mixin.py:190} INFO - [2025-07-28T15:51:03.569+0000] {dag.py:4156} INFO - Setting next_dagrun for latest_only to 2025-07-28 08:00:00+00:00, run_after=2025-07-28 12:00:00+00:00
[2025-07-28T15:51:03.576+0000] {processor.py:208} INFO - Processing /home/airflow/.local/lib/python3.12/site-packages/airflow/example_dags/example_latest_only.py took 0.032 seconds
[2025-07-28T15:51:34.345+0000] {processor.py:186} INFO - Started process (PID=1140) to work on /home/airflow/.local/lib/python3.12/site-packages/airflow/example_dags/example_latest_only.py
[2025-07-28T15:51:34.346+0000] {processor.py:914} INFO - Processing file /home/airflow/.local/lib/python3.12/site-packages/airflow/example_dags/example_latest_only.py for tasks to queue
[2025-07-28T15:51:34.348+0000] {logging_mixin.py:190} INFO - [2025-07-28T15:51:34.348+0000] {dagbag.py:587} INFO - Filling up the DagBag from /home/airflow/.local/lib/python3.12/site-packages/airflow/example_dags/example_latest_only.py
[2025-07-28T15:51:34.356+0000] {processor.py:925} INFO - DAG(s) 'latest_only' retrieved from /home/airflow/.local/lib/python3.12/site-packages/airflow/example_dags/example_latest_only.py
[2025-07-28T15:51:34.369+0000] {logging_mixin.py:190} INFO - [2025-07-28T15:51:34.369+0000] {dag.py:3229} INFO - Sync 1 DAGs
[2025-07-28T15:51:34.382+0000] {logging_mixin.py:190} INFO - [2025-07-28T15:51:34.382+0000] {dag.py:4156} INFO - Setting next_dagrun for latest_only to 2025-07-28 08:00:00+00:00, run_after=2025-07-28 12:00:00+00:00
[2025-07-28T15:51:34.391+0000] {processor.py:208} INFO - Processing /home/airflow/.local/lib/python3.12/site-packages/airflow/example_dags/example_latest_only.py took 0.050 seconds
[2025-07-28T15:52:04.466+0000] {processor.py:186} INFO - Started process (PID=1202) to work on /home/airflow/.local/lib/python3.12/site-packages/airflow/example_dags/example_latest_only.py
[2025-07-28T15:52:04.468+0000] {processor.py:914} INFO - Processing file /home/airflow/.local/lib/python3.12/site-packages/airflow/example_dags/example_latest_only.py for tasks to queue
[2025-07-28T15:52:04.470+0000] {logging_mixin.py:190} INFO - [2025-07-28T15:52:04.470+0000] {dagbag.py:587} INFO - Filling up the DagBag from /home/airflow/.local/lib/python3.12/site-packages/airflow/example_dags/example_latest_only.py
[2025-07-28T15:52:04.474+0000] {processor.py:925} INFO - DAG(s) 'latest_only' retrieved from /home/airflow/.local/lib/python3.12/site-packages/airflow/example_dags/example_latest_only.py
[2025-07-28T15:52:04.486+0000] {logging_mixin.py:190} INFO - [2025-07-28T15:52:04.486+0000] {dag.py:3229} INFO - Sync 1 DAGs
[2025-07-28T15:52:04.500+0000] {logging_mixin.py:190} INFO - [2025-07-28T15:52:04.500+0000] {dag.py:4156} INFO - Setting next_dagrun for latest_only to 2025-07-28 08:00:00+00:00, run_after=2025-07-28 12:00:00+00:00
[2025-07-28T15:52:04.509+0000] {processor.py:208} INFO - Processing /home/airflow/.local/lib/python3.12/site-packages/airflow/example_dags/example_latest_only.py took 0.046 seconds
[2025-07-28T15:52:35.445+0000] {processor.py:186} INFO - Started process (PID=1264) to work on /home/airflow/.local/lib/python3.12/site-packages/airflow/example_dags/example_latest_only.py
[2025-07-28T15:52:35.446+0000] {processor.py:914} INFO - Processing file /home/airflow/.local/lib/python3.12/site-packages/airflow/example_dags/example_latest_only.py for tasks to queue
[2025-07-28T15:52:35.447+0000] {logging_mixin.py:190} INFO - [2025-07-28T15:52:35.447+0000] {dagbag.py:587} INFO - Filling up the DagBag from /home/airflow/.local/lib/python3.12/site-packages/airflow/example_dags/example_latest_only.py
[2025-07-28T15:52:35.451+0000] {processor.py:925} INFO - DAG(s) 'latest_only' retrieved from /home/airflow/.local/lib/python3.12/site-packages/airflow/example_dags/example_latest_only.py
[2025-07-28T15:52:35.464+0000] {logging_mixin.py:190} INFO - [2025-07-28T15:52:35.464+0000] {dag.py:3229} INFO - Sync 1 DAGs
[2025-07-28T15:52:35.478+0000] {logging_mixin.py:190} INFO - [2025-07-28T15:52:35.478+0000] {dag.py:4156} INFO - Setting next_dagrun for latest_only to 2025-07-28 08:00:00+00:00, run_after=2025-07-28 12:00:00+00:00
[2025-07-28T15:52:35.485+0000] {processor.py:208} INFO - Processing /home/airflow/.local/lib/python3.12/site-packages/airflow/example_dags/example_latest_only.py took 0.045 seconds
[2025-07-28T15:53:05.566+0000] {processor.py:186} INFO - Started process (PID=1326) to work on /home/airflow/.local/lib/python3.12/site-packages/airflow/example_dags/example_latest_only.py
[2025-07-28T15:53:05.569+0000] {processor.py:914} INFO - Processing file /home/airflow/.local/lib/python3.12/site-packages/airflow/example_dags/example_latest_only.py for tasks to queue
[2025-07-28T15:53:05.570+0000] {logging_mixin.py:190} INFO - [2025-07-28T15:53:05.570+0000] {dagbag.py:587} INFO - Filling up the DagBag from /home/airflow/.local/lib/python3.12/site-packages/airflow/example_dags/example_latest_only.py
[2025-07-28T15:53:05.575+0000] {processor.py:925} INFO - DAG(s) 'latest_only' retrieved from /home/airflow/.local/lib/python3.12/site-packages/airflow/example_dags/example_latest_only.py
[2025-07-28T15:53:05.590+0000] {logging_mixin.py:190} INFO - [2025-07-28T15:53:05.590+0000] {dag.py:3229} INFO - Sync 1 DAGs
[2025-07-28T15:53:05.604+0000] {logging_mixin.py:190} INFO - [2025-07-28T15:53:05.604+0000] {dag.py:4156} INFO - Setting next_dagrun for latest_only to 2025-07-28 08:00:00+00:00, run_after=2025-07-28 12:00:00+00:00
[2025-07-28T15:53:05.611+0000] {processor.py:208} INFO - Processing /home/airflow/.local/lib/python3.12/site-packages/airflow/example_dags/example_latest_only.py took 0.048 seconds
[2025-07-28T15:53:36.589+0000] {processor.py:186} INFO - Started process (PID=1389) to work on /home/airflow/.local/lib/python3.12/site-packages/airflow/example_dags/example_latest_only.py
[2025-07-28T15:53:36.590+0000] {processor.py:914} INFO - Processing file /home/airflow/.local/lib/python3.12/site-packages/airflow/example_dags/example_latest_only.py for tasks to queue
[2025-07-28T15:53:36.592+0000] {logging_mixin.py:190} INFO - [2025-07-28T15:53:36.592+0000] {dagbag.py:587} INFO - Filling up the DagBag from /home/airflow/.local/lib/python3.12/site-packages/airflow/example_dags/example_latest_only.py
[2025-07-28T15:53:36.601+0000] {processor.py:925} INFO - DAG(s) 'latest_only' retrieved from /home/airflow/.local/lib/python3.12/site-packages/airflow/example_dags/example_latest_only.py
[2025-07-28T15:53:36.614+0000] {logging_mixin.py:190} INFO - [2025-07-28T15:53:36.614+0000] {dag.py:3229} INFO - Sync 1 DAGs
[2025-07-28T15:53:36.624+0000] {logging_mixin.py:190} INFO - [2025-07-28T15:53:36.624+0000] {dag.py:4156} INFO - Setting next_dagrun for latest_only to 2025-07-28 08:00:00+00:00, run_after=2025-07-28 12:00:00+00:00
[2025-07-28T15:53:36.631+0000] {processor.py:208} INFO - Processing /home/airflow/.local/lib/python3.12/site-packages/airflow/example_dags/example_latest_only.py took 0.050 seconds
[2025-07-28T15:54:07.441+0000] {processor.py:186} INFO - Started process (PID=1452) to work on /home/airflow/.local/lib/python3.12/site-packages/airflow/example_dags/example_latest_only.py
[2025-07-28T15:54:07.442+0000] {processor.py:914} INFO - Processing file /home/airflow/.local/lib/python3.12/site-packages/airflow/example_dags/example_latest_only.py for tasks to queue
[2025-07-28T15:54:07.444+0000] {logging_mixin.py:190} INFO - [2025-07-28T15:54:07.444+0000] {dagbag.py:587} INFO - Filling up the DagBag from /home/airflow/.local/lib/python3.12/site-packages/airflow/example_dags/example_latest_only.py
[2025-07-28T15:54:07.448+0000] {processor.py:925} INFO - DAG(s) 'latest_only' retrieved from /home/airflow/.local/lib/python3.12/site-packages/airflow/example_dags/example_latest_only.py
[2025-07-28T15:54:07.465+0000] {logging_mixin.py:190} INFO - [2025-07-28T15:54:07.465+0000] {dag.py:3229} INFO - Sync 1 DAGs
[2025-07-28T15:54:07.480+0000] {logging_mixin.py:190} INFO - [2025-07-28T15:54:07.480+0000] {dag.py:4156} INFO - Setting next_dagrun for latest_only to 2025-07-28 08:00:00+00:00, run_after=2025-07-28 12:00:00+00:00
[2025-07-28T15:54:07.487+0000] {processor.py:208} INFO - Processing /home/airflow/.local/lib/python3.12/site-packages/airflow/example_dags/example_latest_only.py took 0.050 seconds
[2025-07-28T15:54:38.407+0000] {processor.py:186} INFO - Started process (PID=1515) to work on /home/airflow/.local/lib/python3.12/site-packages/airflow/example_dags/example_latest_only.py
[2025-07-28T15:54:38.408+0000] {processor.py:914} INFO - Processing file /home/airflow/.local/lib/python3.12/site-packages/airflow/example_dags/example_latest_only.py for tasks to queue
[2025-07-28T15:54:38.409+0000] {logging_mixin.py:190} INFO - [2025-07-28T15:54:38.409+0000] {dagbag.py:587} INFO - Filling up the DagBag from /home/airflow/.local/lib/python3.12/site-packages/airflow/example_dags/example_latest_only.py
[2025-07-28T15:54:38.412+0000] {processor.py:925} INFO - DAG(s) 'latest_only' retrieved from /home/airflow/.local/lib/python3.12/site-packages/airflow/example_dags/example_latest_only.py
[2025-07-28T15:54:38.421+0000] {logging_mixin.py:190} INFO - [2025-07-28T15:54:38.421+0000] {dag.py:3229} INFO - Sync 1 DAGs
[2025-07-28T15:54:38.430+0000] {logging_mixin.py:190} INFO - [2025-07-28T15:54:38.430+0000] {dag.py:4156} INFO - Setting next_dagrun for latest_only to 2025-07-28 08:00:00+00:00, run_after=2025-07-28 12:00:00+00:00
[2025-07-28T15:54:38.437+0000] {processor.py:208} INFO - Processing /home/airflow/.local/lib/python3.12/site-packages/airflow/example_dags/example_latest_only.py took 0.033 seconds
[2025-07-28T15:55:09.995+0000] {processor.py:186} INFO - Started process (PID=1578) to work on /home/airflow/.local/lib/python3.12/site-packages/airflow/example_dags/example_latest_only.py
[2025-07-28T15:55:09.997+0000] {processor.py:914} INFO - Processing file /home/airflow/.local/lib/python3.12/site-packages/airflow/example_dags/example_latest_only.py for tasks to queue
[2025-07-28T15:55:09.998+0000] {logging_mixin.py:190} INFO - [2025-07-28T15:55:09.998+0000] {dagbag.py:587} INFO - Filling up the DagBag from /home/airflow/.local/lib/python3.12/site-packages/airflow/example_dags/example_latest_only.py
[2025-07-28T15:55:10.002+0000] {processor.py:925} INFO - DAG(s) 'latest_only' retrieved from /home/airflow/.local/lib/python3.12/site-packages/airflow/example_dags/example_latest_only.py
[2025-07-28T15:55:10.010+0000] {logging_mixin.py:190} INFO - [2025-07-28T15:55:10.010+0000] {dag.py:3229} INFO - Sync 1 DAGs
[2025-07-28T15:55:10.021+0000] {logging_mixin.py:190} INFO - [2025-07-28T15:55:10.021+0000] {dag.py:4156} INFO - Setting next_dagrun for latest_only to 2025-07-28 08:00:00+00:00, run_after=2025-07-28 12:00:00+00:00
[2025-07-28T15:55:10.030+0000] {processor.py:208} INFO - Processing /home/airflow/.local/lib/python3.12/site-packages/airflow/example_dags/example_latest_only.py took 0.037 seconds
[2025-07-28T15:55:41.013+0000] {processor.py:186} INFO - Started process (PID=1641) to work on /home/airflow/.local/lib/python3.12/site-packages/airflow/example_dags/example_latest_only.py
[2025-07-28T15:55:41.014+0000] {processor.py:914} INFO - Processing file /home/airflow/.local/lib/python3.12/site-packages/airflow/example_dags/example_latest_only.py for tasks to queue
[2025-07-28T15:55:41.015+0000] {logging_mixin.py:190} INFO - [2025-07-28T15:55:41.015+0000] {dagbag.py:587} INFO - Filling up the DagBag from /home/airflow/.local/lib/python3.12/site-packages/airflow/example_dags/example_latest_only.py
[2025-07-28T15:55:41.022+0000] {processor.py:925} INFO - DAG(s) 'latest_only' retrieved from /home/airflow/.local/lib/python3.12/site-packages/airflow/example_dags/example_latest_only.py
[2025-07-28T15:55:41.037+0000] {logging_mixin.py:190} INFO - [2025-07-28T15:55:41.037+0000] {dag.py:3229} INFO - Sync 1 DAGs
[2025-07-28T15:55:41.055+0000] {logging_mixin.py:190} INFO - [2025-07-28T15:55:41.055+0000] {dag.py:4156} INFO - Setting next_dagrun for latest_only to 2025-07-28 08:00:00+00:00, run_after=2025-07-28 12:00:00+00:00
[2025-07-28T15:55:41.063+0000] {processor.py:208} INFO - Processing /home/airflow/.local/lib/python3.12/site-packages/airflow/example_dags/example_latest_only.py took 0.053 seconds
[2025-07-28T15:56:29.421+0000] {processor.py:186} INFO - Started process (PID=1710) to work on /home/airflow/.local/lib/python3.12/site-packages/airflow/example_dags/example_latest_only.py
[2025-07-28T15:56:29.422+0000] {processor.py:914} INFO - Processing file /home/airflow/.local/lib/python3.12/site-packages/airflow/example_dags/example_latest_only.py for tasks to queue
[2025-07-28T15:56:29.432+0000] {logging_mixin.py:190} INFO - [2025-07-28T15:56:29.430+0000] {dagbag.py:587} INFO - Filling up the DagBag from /home/airflow/.local/lib/python3.12/site-packages/airflow/example_dags/example_latest_only.py
[2025-07-28T15:56:29.469+0000] {processor.py:925} INFO - DAG(s) 'latest_only' retrieved from /home/airflow/.local/lib/python3.12/site-packages/airflow/example_dags/example_latest_only.py
[2025-07-28T15:56:29.827+0000] {logging_mixin.py:190} INFO - [2025-07-28T15:56:29.821+0000] {dag.py:3229} INFO - Sync 1 DAGs
[2025-07-28T15:56:30.502+0000] {logging_mixin.py:190} INFO - [2025-07-28T15:56:30.450+0000] {dag.py:4156} INFO - Setting next_dagrun for latest_only to 2025-07-28 08:00:00+00:00, run_after=2025-07-28 12:00:00+00:00
[2025-07-28T15:56:30.557+0000] {processor.py:208} INFO - Processing /home/airflow/.local/lib/python3.12/site-packages/airflow/example_dags/example_latest_only.py took 1.149 seconds
[2025-07-28T15:57:00.682+0000] {processor.py:186} INFO - Started process (PID=1773) to work on /home/airflow/.local/lib/python3.12/site-packages/airflow/example_dags/example_latest_only.py
[2025-07-28T15:57:00.685+0000] {processor.py:914} INFO - Processing file /home/airflow/.local/lib/python3.12/site-packages/airflow/example_dags/example_latest_only.py for tasks to queue
[2025-07-28T15:57:00.690+0000] {logging_mixin.py:190} INFO - [2025-07-28T15:57:00.690+0000] {dagbag.py:587} INFO - Filling up the DagBag from /home/airflow/.local/lib/python3.12/site-packages/airflow/example_dags/example_latest_only.py
[2025-07-28T15:57:00.707+0000] {processor.py:925} INFO - DAG(s) 'latest_only' retrieved from /home/airflow/.local/lib/python3.12/site-packages/airflow/example_dags/example_latest_only.py
[2025-07-28T15:57:00.749+0000] {logging_mixin.py:190} INFO - [2025-07-28T15:57:00.749+0000] {dag.py:3229} INFO - Sync 1 DAGs
[2025-07-28T15:57:00.771+0000] {logging_mixin.py:190} INFO - [2025-07-28T15:57:00.771+0000] {dag.py:4156} INFO - Setting next_dagrun for latest_only to 2025-07-28 08:00:00+00:00, run_after=2025-07-28 12:00:00+00:00
[2025-07-28T15:57:00.792+0000] {processor.py:208} INFO - Processing /home/airflow/.local/lib/python3.12/site-packages/airflow/example_dags/example_latest_only.py took 0.126 seconds
[2025-07-28T15:57:30.964+0000] {processor.py:186} INFO - Started process (PID=1836) to work on /home/airflow/.local/lib/python3.12/site-packages/airflow/example_dags/example_latest_only.py
[2025-07-28T15:57:30.965+0000] {processor.py:914} INFO - Processing file /home/airflow/.local/lib/python3.12/site-packages/airflow/example_dags/example_latest_only.py for tasks to queue
[2025-07-28T15:57:30.966+0000] {logging_mixin.py:190} INFO - [2025-07-28T15:57:30.966+0000] {dagbag.py:587} INFO - Filling up the DagBag from /home/airflow/.local/lib/python3.12/site-packages/airflow/example_dags/example_latest_only.py
[2025-07-28T15:57:30.973+0000] {processor.py:925} INFO - DAG(s) 'latest_only' retrieved from /home/airflow/.local/lib/python3.12/site-packages/airflow/example_dags/example_latest_only.py
[2025-07-28T15:57:31.002+0000] {logging_mixin.py:190} INFO - [2025-07-28T15:57:31.002+0000] {dag.py:3229} INFO - Sync 1 DAGs
[2025-07-28T15:57:31.022+0000] {logging_mixin.py:190} INFO - [2025-07-28T15:57:31.022+0000] {dag.py:4156} INFO - Setting next_dagrun for latest_only to 2025-07-28 08:00:00+00:00, run_after=2025-07-28 12:00:00+00:00
[2025-07-28T15:57:31.031+0000] {processor.py:208} INFO - Processing /home/airflow/.local/lib/python3.12/site-packages/airflow/example_dags/example_latest_only.py took 0.070 seconds
[2025-07-28T15:58:01.463+0000] {processor.py:186} INFO - Started process (PID=1899) to work on /home/airflow/.local/lib/python3.12/site-packages/airflow/example_dags/example_latest_only.py
[2025-07-28T15:58:01.463+0000] {processor.py:914} INFO - Processing file /home/airflow/.local/lib/python3.12/site-packages/airflow/example_dags/example_latest_only.py for tasks to queue
[2025-07-28T15:58:01.465+0000] {logging_mixin.py:190} INFO - [2025-07-28T15:58:01.465+0000] {dagbag.py:587} INFO - Filling up the DagBag from /home/airflow/.local/lib/python3.12/site-packages/airflow/example_dags/example_latest_only.py
[2025-07-28T15:58:01.469+0000] {processor.py:925} INFO - DAG(s) 'latest_only' retrieved from /home/airflow/.local/lib/python3.12/site-packages/airflow/example_dags/example_latest_only.py
[2025-07-28T15:58:01.481+0000] {logging_mixin.py:190} INFO - [2025-07-28T15:58:01.481+0000] {dag.py:3229} INFO - Sync 1 DAGs
[2025-07-28T15:58:01.495+0000] {logging_mixin.py:190} INFO - [2025-07-28T15:58:01.495+0000] {dag.py:4156} INFO - Setting next_dagrun for latest_only to 2025-07-28 08:00:00+00:00, run_after=2025-07-28 12:00:00+00:00
[2025-07-28T15:58:01.504+0000] {processor.py:208} INFO - Processing /home/airflow/.local/lib/python3.12/site-packages/airflow/example_dags/example_latest_only.py took 0.045 seconds
[2025-07-28T15:58:32.213+0000] {processor.py:186} INFO - Started process (PID=1962) to work on /home/airflow/.local/lib/python3.12/site-packages/airflow/example_dags/example_latest_only.py
[2025-07-28T15:58:32.216+0000] {processor.py:914} INFO - Processing file /home/airflow/.local/lib/python3.12/site-packages/airflow/example_dags/example_latest_only.py for tasks to queue
[2025-07-28T15:58:32.218+0000] {logging_mixin.py:190} INFO - [2025-07-28T15:58:32.217+0000] {dagbag.py:587} INFO - Filling up the DagBag from /home/airflow/.local/lib/python3.12/site-packages/airflow/example_dags/example_latest_only.py
[2025-07-28T15:58:32.221+0000] {processor.py:925} INFO - DAG(s) 'latest_only' retrieved from /home/airflow/.local/lib/python3.12/site-packages/airflow/example_dags/example_latest_only.py
[2025-07-28T15:58:32.230+0000] {logging_mixin.py:190} INFO - [2025-07-28T15:58:32.230+0000] {dag.py:3229} INFO - Sync 1 DAGs
[2025-07-28T15:58:32.239+0000] {logging_mixin.py:190} INFO - [2025-07-28T15:58:32.239+0000] {dag.py:4156} INFO - Setting next_dagrun for latest_only to 2025-07-28 08:00:00+00:00, run_after=2025-07-28 12:00:00+00:00
[2025-07-28T15:58:32.246+0000] {processor.py:208} INFO - Processing /home/airflow/.local/lib/python3.12/site-packages/airflow/example_dags/example_latest_only.py took 0.036 seconds
[2025-07-28T15:59:03.278+0000] {processor.py:186} INFO - Started process (PID=2024) to work on /home/airflow/.local/lib/python3.12/site-packages/airflow/example_dags/example_latest_only.py
[2025-07-28T15:59:03.280+0000] {processor.py:914} INFO - Processing file /home/airflow/.local/lib/python3.12/site-packages/airflow/example_dags/example_latest_only.py for tasks to queue
[2025-07-28T15:59:03.283+0000] {logging_mixin.py:190} INFO - [2025-07-28T15:59:03.283+0000] {dagbag.py:587} INFO - Filling up the DagBag from /home/airflow/.local/lib/python3.12/site-packages/airflow/example_dags/example_latest_only.py
[2025-07-28T15:59:03.290+0000] {processor.py:925} INFO - DAG(s) 'latest_only' retrieved from /home/airflow/.local/lib/python3.12/site-packages/airflow/example_dags/example_latest_only.py
[2025-07-28T15:59:03.309+0000] {logging_mixin.py:190} INFO - [2025-07-28T15:59:03.308+0000] {dag.py:3229} INFO - Sync 1 DAGs
[2025-07-28T15:59:03.325+0000] {logging_mixin.py:190} INFO - [2025-07-28T15:59:03.325+0000] {dag.py:4156} INFO - Setting next_dagrun for latest_only to 2025-07-28 08:00:00+00:00, run_after=2025-07-28 12:00:00+00:00
[2025-07-28T15:59:03.332+0000] {processor.py:208} INFO - Processing /home/airflow/.local/lib/python3.12/site-packages/airflow/example_dags/example_latest_only.py took 0.061 seconds
[2025-07-28T15:59:34.040+0000] {processor.py:186} INFO - Started process (PID=2087) to work on /home/airflow/.local/lib/python3.12/site-packages/airflow/example_dags/example_latest_only.py
[2025-07-28T15:59:34.041+0000] {processor.py:914} INFO - Processing file /home/airflow/.local/lib/python3.12/site-packages/airflow/example_dags/example_latest_only.py for tasks to queue
[2025-07-28T15:59:34.044+0000] {logging_mixin.py:190} INFO - [2025-07-28T15:59:34.043+0000] {dagbag.py:587} INFO - Filling up the DagBag from /home/airflow/.local/lib/python3.12/site-packages/airflow/example_dags/example_latest_only.py
[2025-07-28T15:59:34.048+0000] {processor.py:925} INFO - DAG(s) 'latest_only' retrieved from /home/airflow/.local/lib/python3.12/site-packages/airflow/example_dags/example_latest_only.py
[2025-07-28T15:59:34.061+0000] {logging_mixin.py:190} INFO - [2025-07-28T15:59:34.061+0000] {dag.py:3229} INFO - Sync 1 DAGs
[2025-07-28T15:59:34.074+0000] {logging_mixin.py:190} INFO - [2025-07-28T15:59:34.073+0000] {dag.py:4156} INFO - Setting next_dagrun for latest_only to 2025-07-28 08:00:00+00:00, run_after=2025-07-28 12:00:00+00:00
[2025-07-28T15:59:34.082+0000] {processor.py:208} INFO - Processing /home/airflow/.local/lib/python3.12/site-packages/airflow/example_dags/example_latest_only.py took 0.046 seconds
[2025-07-28T16:00:04.244+0000] {processor.py:186} INFO - Started process (PID=2150) to work on /home/airflow/.local/lib/python3.12/site-packages/airflow/example_dags/example_latest_only.py
[2025-07-28T16:00:04.245+0000] {processor.py:914} INFO - Processing file /home/airflow/.local/lib/python3.12/site-packages/airflow/example_dags/example_latest_only.py for tasks to queue
[2025-07-28T16:00:04.246+0000] {logging_mixin.py:190} INFO - [2025-07-28T16:00:04.246+0000] {dagbag.py:587} INFO - Filling up the DagBag from /home/airflow/.local/lib/python3.12/site-packages/airflow/example_dags/example_latest_only.py
[2025-07-28T16:00:04.250+0000] {processor.py:925} INFO - DAG(s) 'latest_only' retrieved from /home/airflow/.local/lib/python3.12/site-packages/airflow/example_dags/example_latest_only.py
[2025-07-28T16:00:04.262+0000] {logging_mixin.py:190} INFO - [2025-07-28T16:00:04.262+0000] {dag.py:3229} INFO - Sync 1 DAGs
[2025-07-28T16:00:04.275+0000] {logging_mixin.py:190} INFO - [2025-07-28T16:00:04.274+0000] {dag.py:4156} INFO - Setting next_dagrun for latest_only to 2025-07-28 12:00:00+00:00, run_after=2025-07-28 16:00:00+00:00
[2025-07-28T16:00:04.290+0000] {processor.py:208} INFO - Processing /home/airflow/.local/lib/python3.12/site-packages/airflow/example_dags/example_latest_only.py took 0.049 seconds
[2025-07-28T16:00:35.390+0000] {processor.py:186} INFO - Started process (PID=2213) to work on /home/airflow/.local/lib/python3.12/site-packages/airflow/example_dags/example_latest_only.py
[2025-07-28T16:00:35.391+0000] {processor.py:914} INFO - Processing file /home/airflow/.local/lib/python3.12/site-packages/airflow/example_dags/example_latest_only.py for tasks to queue
[2025-07-28T16:00:35.392+0000] {logging_mixin.py:190} INFO - [2025-07-28T16:00:35.392+0000] {dagbag.py:587} INFO - Filling up the DagBag from /home/airflow/.local/lib/python3.12/site-packages/airflow/example_dags/example_latest_only.py
[2025-07-28T16:00:35.396+0000] {processor.py:925} INFO - DAG(s) 'latest_only' retrieved from /home/airflow/.local/lib/python3.12/site-packages/airflow/example_dags/example_latest_only.py
[2025-07-28T16:00:35.413+0000] {logging_mixin.py:190} INFO - [2025-07-28T16:00:35.413+0000] {dag.py:3229} INFO - Sync 1 DAGs
[2025-07-28T16:00:35.435+0000] {logging_mixin.py:190} INFO - [2025-07-28T16:00:35.435+0000] {dag.py:4156} INFO - Setting next_dagrun for latest_only to 2025-07-28 12:00:00+00:00, run_after=2025-07-28 16:00:00+00:00
[2025-07-28T16:00:35.446+0000] {processor.py:208} INFO - Processing /home/airflow/.local/lib/python3.12/site-packages/airflow/example_dags/example_latest_only.py took 0.060 seconds
[2025-07-28T16:01:06.111+0000] {processor.py:186} INFO - Started process (PID=2276) to work on /home/airflow/.local/lib/python3.12/site-packages/airflow/example_dags/example_latest_only.py
[2025-07-28T16:01:06.113+0000] {processor.py:914} INFO - Processing file /home/airflow/.local/lib/python3.12/site-packages/airflow/example_dags/example_latest_only.py for tasks to queue
[2025-07-28T16:01:06.114+0000] {logging_mixin.py:190} INFO - [2025-07-28T16:01:06.114+0000] {dagbag.py:587} INFO - Filling up the DagBag from /home/airflow/.local/lib/python3.12/site-packages/airflow/example_dags/example_latest_only.py
[2025-07-28T16:01:06.118+0000] {processor.py:925} INFO - DAG(s) 'latest_only' retrieved from /home/airflow/.local/lib/python3.12/site-packages/airflow/example_dags/example_latest_only.py
[2025-07-28T16:01:06.131+0000] {logging_mixin.py:190} INFO - [2025-07-28T16:01:06.131+0000] {dag.py:3229} INFO - Sync 1 DAGs
[2025-07-28T16:01:06.147+0000] {logging_mixin.py:190} INFO - [2025-07-28T16:01:06.147+0000] {dag.py:4156} INFO - Setting next_dagrun for latest_only to 2025-07-28 12:00:00+00:00, run_after=2025-07-28 16:00:00+00:00
[2025-07-28T16:01:06.159+0000] {processor.py:208} INFO - Processing /home/airflow/.local/lib/python3.12/site-packages/airflow/example_dags/example_latest_only.py took 0.051 seconds
