[2025-07-28T15:42:54.643+0000] {processor.py:186} INFO - Started process (PID=106) to work on /home/airflow/.local/lib/python3.12/site-packages/airflow/example_dags/example_setup_teardown_taskflow.py
[2025-07-28T15:42:54.645+0000] {processor.py:914} INFO - Processing file /home/airflow/.local/lib/python3.12/site-packages/airflow/example_dags/example_setup_teardown_taskflow.py for tasks to queue
[2025-07-28T15:42:54.646+0000] {logging_mixin.py:190} INFO - [2025-07-28T15:42:54.646+0000] {dagbag.py:587} INFO - Filling up the DagBag from /home/airflow/.local/lib/python3.12/site-packages/airflow/example_dags/example_setup_teardown_taskflow.py
[2025-07-28T15:42:54.653+0000] {processor.py:925} INFO - DAG(s) 'example_setup_teardown_taskflow' retrieved from /home/airflow/.local/lib/python3.12/site-packages/airflow/example_dags/example_setup_teardown_taskflow.py
[2025-07-28T15:42:54.702+0000] {logging_mixin.py:190} INFO - [2025-07-28T15:42:54.702+0000] {override.py:1900} INFO - Created Permission View: can edit on DAG:example_setup_teardown_taskflow
[2025-07-28T15:42:54.706+0000] {logging_mixin.py:190} INFO - [2025-07-28T15:42:54.706+0000] {override.py:1900} INFO - Created Permission View: can read on DAG:example_setup_teardown_taskflow
[2025-07-28T15:42:54.708+0000] {logging_mixin.py:190} INFO - [2025-07-28T15:42:54.708+0000] {override.py:1900} INFO - Created Permission View: can delete on DAG:example_setup_teardown_taskflow
[2025-07-28T15:42:54.711+0000] {logging_mixin.py:190} INFO - [2025-07-28T15:42:54.711+0000] {override.py:1900} INFO - Created Permission View: can read on DAG Run:example_setup_teardown_taskflow
[2025-07-28T15:42:54.714+0000] {logging_mixin.py:190} INFO - [2025-07-28T15:42:54.713+0000] {override.py:1900} INFO - Created Permission View: can delete on DAG Run:example_setup_teardown_taskflow
[2025-07-28T15:42:54.716+0000] {logging_mixin.py:190} INFO - [2025-07-28T15:42:54.716+0000] {override.py:1900} INFO - Created Permission View: can create on DAG Run:example_setup_teardown_taskflow
[2025-07-28T15:42:54.718+0000] {logging_mixin.py:190} INFO - [2025-07-28T15:42:54.718+0000] {override.py:1900} INFO - Created Permission View: menu access on DAG Run:example_setup_teardown_taskflow
[2025-07-28T15:42:54.718+0000] {logging_mixin.py:190} INFO - [2025-07-28T15:42:54.718+0000] {dag.py:3229} INFO - Sync 1 DAGs
[2025-07-28T15:42:54.725+0000] {logging_mixin.py:190} INFO - [2025-07-28T15:42:54.724+0000] {dag.py:3252} INFO - Creating ORM DAG for example_setup_teardown_taskflow
[2025-07-28T15:42:54.725+0000] {logging_mixin.py:190} INFO - [2025-07-28T15:42:54.725+0000] {dag.py:4156} INFO - Setting next_dagrun for example_setup_teardown_taskflow to None, run_after=None
[2025-07-28T15:42:54.731+0000] {processor.py:208} INFO - Processing /home/airflow/.local/lib/python3.12/site-packages/airflow/example_dags/example_setup_teardown_taskflow.py took 0.092 seconds
[2025-07-28T15:43:25.716+0000] {processor.py:186} INFO - Started process (PID=168) to work on /home/airflow/.local/lib/python3.12/site-packages/airflow/example_dags/example_setup_teardown_taskflow.py
[2025-07-28T15:43:25.717+0000] {processor.py:914} INFO - Processing file /home/airflow/.local/lib/python3.12/site-packages/airflow/example_dags/example_setup_teardown_taskflow.py for tasks to queue
[2025-07-28T15:43:25.718+0000] {logging_mixin.py:190} INFO - [2025-07-28T15:43:25.718+0000] {dagbag.py:587} INFO - Filling up the DagBag from /home/airflow/.local/lib/python3.12/site-packages/airflow/example_dags/example_setup_teardown_taskflow.py
[2025-07-28T15:43:25.728+0000] {processor.py:925} INFO - DAG(s) 'example_setup_teardown_taskflow' retrieved from /home/airflow/.local/lib/python3.12/site-packages/airflow/example_dags/example_setup_teardown_taskflow.py
[2025-07-28T15:43:25.739+0000] {logging_mixin.py:190} INFO - [2025-07-28T15:43:25.738+0000] {dag.py:3229} INFO - Sync 1 DAGs
[2025-07-28T15:43:25.745+0000] {logging_mixin.py:190} INFO - [2025-07-28T15:43:25.745+0000] {dag.py:4156} INFO - Setting next_dagrun for example_setup_teardown_taskflow to None, run_after=None
[2025-07-28T15:43:25.753+0000] {processor.py:208} INFO - Processing /home/airflow/.local/lib/python3.12/site-packages/airflow/example_dags/example_setup_teardown_taskflow.py took 0.042 seconds
[2025-07-28T15:43:56.679+0000] {processor.py:186} INFO - Started process (PID=230) to work on /home/airflow/.local/lib/python3.12/site-packages/airflow/example_dags/example_setup_teardown_taskflow.py
[2025-07-28T15:43:56.680+0000] {processor.py:914} INFO - Processing file /home/airflow/.local/lib/python3.12/site-packages/airflow/example_dags/example_setup_teardown_taskflow.py for tasks to queue
[2025-07-28T15:43:56.681+0000] {logging_mixin.py:190} INFO - [2025-07-28T15:43:56.681+0000] {dagbag.py:587} INFO - Filling up the DagBag from /home/airflow/.local/lib/python3.12/site-packages/airflow/example_dags/example_setup_teardown_taskflow.py
[2025-07-28T15:43:56.686+0000] {processor.py:925} INFO - DAG(s) 'example_setup_teardown_taskflow' retrieved from /home/airflow/.local/lib/python3.12/site-packages/airflow/example_dags/example_setup_teardown_taskflow.py
[2025-07-28T15:43:56.698+0000] {logging_mixin.py:190} INFO - [2025-07-28T15:43:56.698+0000] {dag.py:3229} INFO - Sync 1 DAGs
[2025-07-28T15:43:56.705+0000] {logging_mixin.py:190} INFO - [2025-07-28T15:43:56.705+0000] {dag.py:4156} INFO - Setting next_dagrun for example_setup_teardown_taskflow to None, run_after=None
[2025-07-28T15:43:56.714+0000] {processor.py:208} INFO - Processing /home/airflow/.local/lib/python3.12/site-packages/airflow/example_dags/example_setup_teardown_taskflow.py took 0.038 seconds
[2025-07-28T15:44:26.993+0000] {processor.py:186} INFO - Started process (PID=292) to work on /home/airflow/.local/lib/python3.12/site-packages/airflow/example_dags/example_setup_teardown_taskflow.py
[2025-07-28T15:44:26.994+0000] {processor.py:914} INFO - Processing file /home/airflow/.local/lib/python3.12/site-packages/airflow/example_dags/example_setup_teardown_taskflow.py for tasks to queue
[2025-07-28T15:44:26.995+0000] {logging_mixin.py:190} INFO - [2025-07-28T15:44:26.995+0000] {dagbag.py:587} INFO - Filling up the DagBag from /home/airflow/.local/lib/python3.12/site-packages/airflow/example_dags/example_setup_teardown_taskflow.py
[2025-07-28T15:44:27.001+0000] {processor.py:925} INFO - DAG(s) 'example_setup_teardown_taskflow' retrieved from /home/airflow/.local/lib/python3.12/site-packages/airflow/example_dags/example_setup_teardown_taskflow.py
[2025-07-28T15:44:27.018+0000] {logging_mixin.py:190} INFO - [2025-07-28T15:44:27.018+0000] {dag.py:3229} INFO - Sync 1 DAGs
[2025-07-28T15:44:27.026+0000] {logging_mixin.py:190} INFO - [2025-07-28T15:44:27.026+0000] {dag.py:4156} INFO - Setting next_dagrun for example_setup_teardown_taskflow to None, run_after=None
[2025-07-28T15:44:27.034+0000] {processor.py:208} INFO - Processing /home/airflow/.local/lib/python3.12/site-packages/airflow/example_dags/example_setup_teardown_taskflow.py took 0.044 seconds
[2025-07-28T15:44:57.669+0000] {processor.py:186} INFO - Started process (PID=354) to work on /home/airflow/.local/lib/python3.12/site-packages/airflow/example_dags/example_setup_teardown_taskflow.py
[2025-07-28T15:44:57.671+0000] {processor.py:914} INFO - Processing file /home/airflow/.local/lib/python3.12/site-packages/airflow/example_dags/example_setup_teardown_taskflow.py for tasks to queue
[2025-07-28T15:44:57.673+0000] {logging_mixin.py:190} INFO - [2025-07-28T15:44:57.673+0000] {dagbag.py:587} INFO - Filling up the DagBag from /home/airflow/.local/lib/python3.12/site-packages/airflow/example_dags/example_setup_teardown_taskflow.py
[2025-07-28T15:44:57.687+0000] {processor.py:925} INFO - DAG(s) 'example_setup_teardown_taskflow' retrieved from /home/airflow/.local/lib/python3.12/site-packages/airflow/example_dags/example_setup_teardown_taskflow.py
[2025-07-28T15:44:57.714+0000] {logging_mixin.py:190} INFO - [2025-07-28T15:44:57.714+0000] {dag.py:3229} INFO - Sync 1 DAGs
[2025-07-28T15:44:57.725+0000] {logging_mixin.py:190} INFO - [2025-07-28T15:44:57.725+0000] {dag.py:4156} INFO - Setting next_dagrun for example_setup_teardown_taskflow to None, run_after=None
[2025-07-28T15:44:57.746+0000] {processor.py:208} INFO - Processing /home/airflow/.local/lib/python3.12/site-packages/airflow/example_dags/example_setup_teardown_taskflow.py took 0.082 seconds
[2025-07-28T15:45:28.660+0000] {processor.py:186} INFO - Started process (PID=416) to work on /home/airflow/.local/lib/python3.12/site-packages/airflow/example_dags/example_setup_teardown_taskflow.py
[2025-07-28T15:45:28.663+0000] {processor.py:914} INFO - Processing file /home/airflow/.local/lib/python3.12/site-packages/airflow/example_dags/example_setup_teardown_taskflow.py for tasks to queue
[2025-07-28T15:45:28.665+0000] {logging_mixin.py:190} INFO - [2025-07-28T15:45:28.665+0000] {dagbag.py:587} INFO - Filling up the DagBag from /home/airflow/.local/lib/python3.12/site-packages/airflow/example_dags/example_setup_teardown_taskflow.py
[2025-07-28T15:45:28.672+0000] {processor.py:925} INFO - DAG(s) 'example_setup_teardown_taskflow' retrieved from /home/airflow/.local/lib/python3.12/site-packages/airflow/example_dags/example_setup_teardown_taskflow.py
[2025-07-28T15:45:28.688+0000] {logging_mixin.py:190} INFO - [2025-07-28T15:45:28.688+0000] {dag.py:3229} INFO - Sync 1 DAGs
[2025-07-28T15:45:28.695+0000] {logging_mixin.py:190} INFO - [2025-07-28T15:45:28.695+0000] {dag.py:4156} INFO - Setting next_dagrun for example_setup_teardown_taskflow to None, run_after=None
[2025-07-28T15:45:28.707+0000] {processor.py:208} INFO - Processing /home/airflow/.local/lib/python3.12/site-packages/airflow/example_dags/example_setup_teardown_taskflow.py took 0.055 seconds
[2025-07-28T15:45:59.345+0000] {processor.py:186} INFO - Started process (PID=478) to work on /home/airflow/.local/lib/python3.12/site-packages/airflow/example_dags/example_setup_teardown_taskflow.py
[2025-07-28T15:45:59.348+0000] {processor.py:914} INFO - Processing file /home/airflow/.local/lib/python3.12/site-packages/airflow/example_dags/example_setup_teardown_taskflow.py for tasks to queue
[2025-07-28T15:45:59.349+0000] {logging_mixin.py:190} INFO - [2025-07-28T15:45:59.349+0000] {dagbag.py:587} INFO - Filling up the DagBag from /home/airflow/.local/lib/python3.12/site-packages/airflow/example_dags/example_setup_teardown_taskflow.py
[2025-07-28T15:45:59.355+0000] {processor.py:925} INFO - DAG(s) 'example_setup_teardown_taskflow' retrieved from /home/airflow/.local/lib/python3.12/site-packages/airflow/example_dags/example_setup_teardown_taskflow.py
[2025-07-28T15:45:59.367+0000] {logging_mixin.py:190} INFO - [2025-07-28T15:45:59.367+0000] {dag.py:3229} INFO - Sync 1 DAGs
[2025-07-28T15:45:59.374+0000] {logging_mixin.py:190} INFO - [2025-07-28T15:45:59.374+0000] {dag.py:4156} INFO - Setting next_dagrun for example_setup_teardown_taskflow to None, run_after=None
[2025-07-28T15:45:59.381+0000] {processor.py:208} INFO - Processing /home/airflow/.local/lib/python3.12/site-packages/airflow/example_dags/example_setup_teardown_taskflow.py took 0.040 seconds
[2025-07-28T15:46:29.888+0000] {processor.py:186} INFO - Started process (PID=540) to work on /home/airflow/.local/lib/python3.12/site-packages/airflow/example_dags/example_setup_teardown_taskflow.py
[2025-07-28T15:46:29.888+0000] {processor.py:914} INFO - Processing file /home/airflow/.local/lib/python3.12/site-packages/airflow/example_dags/example_setup_teardown_taskflow.py for tasks to queue
[2025-07-28T15:46:29.889+0000] {logging_mixin.py:190} INFO - [2025-07-28T15:46:29.889+0000] {dagbag.py:587} INFO - Filling up the DagBag from /home/airflow/.local/lib/python3.12/site-packages/airflow/example_dags/example_setup_teardown_taskflow.py
[2025-07-28T15:46:29.894+0000] {processor.py:925} INFO - DAG(s) 'example_setup_teardown_taskflow' retrieved from /home/airflow/.local/lib/python3.12/site-packages/airflow/example_dags/example_setup_teardown_taskflow.py
[2025-07-28T15:46:29.905+0000] {logging_mixin.py:190} INFO - [2025-07-28T15:46:29.904+0000] {dag.py:3229} INFO - Sync 1 DAGs
[2025-07-28T15:46:29.911+0000] {logging_mixin.py:190} INFO - [2025-07-28T15:46:29.911+0000] {dag.py:4156} INFO - Setting next_dagrun for example_setup_teardown_taskflow to None, run_after=None
[2025-07-28T15:46:29.918+0000] {processor.py:208} INFO - Processing /home/airflow/.local/lib/python3.12/site-packages/airflow/example_dags/example_setup_teardown_taskflow.py took 0.036 seconds
[2025-07-28T15:47:00.347+0000] {processor.py:186} INFO - Started process (PID=602) to work on /home/airflow/.local/lib/python3.12/site-packages/airflow/example_dags/example_setup_teardown_taskflow.py
[2025-07-28T15:47:00.348+0000] {processor.py:914} INFO - Processing file /home/airflow/.local/lib/python3.12/site-packages/airflow/example_dags/example_setup_teardown_taskflow.py for tasks to queue
[2025-07-28T15:47:00.349+0000] {logging_mixin.py:190} INFO - [2025-07-28T15:47:00.349+0000] {dagbag.py:587} INFO - Filling up the DagBag from /home/airflow/.local/lib/python3.12/site-packages/airflow/example_dags/example_setup_teardown_taskflow.py
[2025-07-28T15:47:00.356+0000] {processor.py:925} INFO - DAG(s) 'example_setup_teardown_taskflow' retrieved from /home/airflow/.local/lib/python3.12/site-packages/airflow/example_dags/example_setup_teardown_taskflow.py
[2025-07-28T15:47:00.367+0000] {logging_mixin.py:190} INFO - [2025-07-28T15:47:00.367+0000] {dag.py:3229} INFO - Sync 1 DAGs
[2025-07-28T15:47:00.373+0000] {logging_mixin.py:190} INFO - [2025-07-28T15:47:00.373+0000] {dag.py:4156} INFO - Setting next_dagrun for example_setup_teardown_taskflow to None, run_after=None
[2025-07-28T15:47:00.381+0000] {processor.py:208} INFO - Processing /home/airflow/.local/lib/python3.12/site-packages/airflow/example_dags/example_setup_teardown_taskflow.py took 0.038 seconds
[2025-07-28T15:47:31.114+0000] {processor.py:186} INFO - Started process (PID=664) to work on /home/airflow/.local/lib/python3.12/site-packages/airflow/example_dags/example_setup_teardown_taskflow.py
[2025-07-28T15:47:31.114+0000] {processor.py:914} INFO - Processing file /home/airflow/.local/lib/python3.12/site-packages/airflow/example_dags/example_setup_teardown_taskflow.py for tasks to queue
[2025-07-28T15:47:31.115+0000] {logging_mixin.py:190} INFO - [2025-07-28T15:47:31.115+0000] {dagbag.py:587} INFO - Filling up the DagBag from /home/airflow/.local/lib/python3.12/site-packages/airflow/example_dags/example_setup_teardown_taskflow.py
[2025-07-28T15:47:31.120+0000] {processor.py:925} INFO - DAG(s) 'example_setup_teardown_taskflow' retrieved from /home/airflow/.local/lib/python3.12/site-packages/airflow/example_dags/example_setup_teardown_taskflow.py
[2025-07-28T15:47:31.130+0000] {logging_mixin.py:190} INFO - [2025-07-28T15:47:31.130+0000] {dag.py:3229} INFO - Sync 1 DAGs
[2025-07-28T15:47:31.136+0000] {logging_mixin.py:190} INFO - [2025-07-28T15:47:31.136+0000] {dag.py:4156} INFO - Setting next_dagrun for example_setup_teardown_taskflow to None, run_after=None
[2025-07-28T15:47:31.143+0000] {processor.py:208} INFO - Processing /home/airflow/.local/lib/python3.12/site-packages/airflow/example_dags/example_setup_teardown_taskflow.py took 0.032 seconds
[2025-07-28T15:48:01.342+0000] {processor.py:186} INFO - Started process (PID=726) to work on /home/airflow/.local/lib/python3.12/site-packages/airflow/example_dags/example_setup_teardown_taskflow.py
[2025-07-28T15:48:01.345+0000] {processor.py:914} INFO - Processing file /home/airflow/.local/lib/python3.12/site-packages/airflow/example_dags/example_setup_teardown_taskflow.py for tasks to queue
[2025-07-28T15:48:01.349+0000] {logging_mixin.py:190} INFO - [2025-07-28T15:48:01.349+0000] {dagbag.py:587} INFO - Filling up the DagBag from /home/airflow/.local/lib/python3.12/site-packages/airflow/example_dags/example_setup_teardown_taskflow.py
[2025-07-28T15:48:01.354+0000] {processor.py:925} INFO - DAG(s) 'example_setup_teardown_taskflow' retrieved from /home/airflow/.local/lib/python3.12/site-packages/airflow/example_dags/example_setup_teardown_taskflow.py
[2025-07-28T15:48:01.366+0000] {logging_mixin.py:190} INFO - [2025-07-28T15:48:01.366+0000] {dag.py:3229} INFO - Sync 1 DAGs
[2025-07-28T15:48:01.373+0000] {logging_mixin.py:190} INFO - [2025-07-28T15:48:01.373+0000] {dag.py:4156} INFO - Setting next_dagrun for example_setup_teardown_taskflow to None, run_after=None
[2025-07-28T15:48:01.382+0000] {processor.py:208} INFO - Processing /home/airflow/.local/lib/python3.12/site-packages/airflow/example_dags/example_setup_teardown_taskflow.py took 0.043 seconds
[2025-07-28T15:48:31.638+0000] {processor.py:186} INFO - Started process (PID=788) to work on /home/airflow/.local/lib/python3.12/site-packages/airflow/example_dags/example_setup_teardown_taskflow.py
[2025-07-28T15:48:31.639+0000] {processor.py:914} INFO - Processing file /home/airflow/.local/lib/python3.12/site-packages/airflow/example_dags/example_setup_teardown_taskflow.py for tasks to queue
[2025-07-28T15:48:31.640+0000] {logging_mixin.py:190} INFO - [2025-07-28T15:48:31.640+0000] {dagbag.py:587} INFO - Filling up the DagBag from /home/airflow/.local/lib/python3.12/site-packages/airflow/example_dags/example_setup_teardown_taskflow.py
[2025-07-28T15:48:31.645+0000] {processor.py:925} INFO - DAG(s) 'example_setup_teardown_taskflow' retrieved from /home/airflow/.local/lib/python3.12/site-packages/airflow/example_dags/example_setup_teardown_taskflow.py
[2025-07-28T15:48:31.655+0000] {logging_mixin.py:190} INFO - [2025-07-28T15:48:31.655+0000] {dag.py:3229} INFO - Sync 1 DAGs
[2025-07-28T15:48:31.662+0000] {logging_mixin.py:190} INFO - [2025-07-28T15:48:31.662+0000] {dag.py:4156} INFO - Setting next_dagrun for example_setup_teardown_taskflow to None, run_after=None
[2025-07-28T15:48:31.670+0000] {processor.py:208} INFO - Processing /home/airflow/.local/lib/python3.12/site-packages/airflow/example_dags/example_setup_teardown_taskflow.py took 0.035 seconds
[2025-07-28T15:49:02.383+0000] {processor.py:186} INFO - Started process (PID=850) to work on /home/airflow/.local/lib/python3.12/site-packages/airflow/example_dags/example_setup_teardown_taskflow.py
[2025-07-28T15:49:02.385+0000] {processor.py:914} INFO - Processing file /home/airflow/.local/lib/python3.12/site-packages/airflow/example_dags/example_setup_teardown_taskflow.py for tasks to queue
[2025-07-28T15:49:02.386+0000] {logging_mixin.py:190} INFO - [2025-07-28T15:49:02.386+0000] {dagbag.py:587} INFO - Filling up the DagBag from /home/airflow/.local/lib/python3.12/site-packages/airflow/example_dags/example_setup_teardown_taskflow.py
[2025-07-28T15:49:02.391+0000] {processor.py:925} INFO - DAG(s) 'example_setup_teardown_taskflow' retrieved from /home/airflow/.local/lib/python3.12/site-packages/airflow/example_dags/example_setup_teardown_taskflow.py
[2025-07-28T15:49:02.403+0000] {logging_mixin.py:190} INFO - [2025-07-28T15:49:02.403+0000] {dag.py:3229} INFO - Sync 1 DAGs
[2025-07-28T15:49:02.411+0000] {logging_mixin.py:190} INFO - [2025-07-28T15:49:02.411+0000] {dag.py:4156} INFO - Setting next_dagrun for example_setup_teardown_taskflow to None, run_after=None
[2025-07-28T15:49:02.419+0000] {processor.py:208} INFO - Processing /home/airflow/.local/lib/python3.12/site-packages/airflow/example_dags/example_setup_teardown_taskflow.py took 0.039 seconds
[2025-07-28T15:49:32.958+0000] {processor.py:186} INFO - Started process (PID=912) to work on /home/airflow/.local/lib/python3.12/site-packages/airflow/example_dags/example_setup_teardown_taskflow.py
[2025-07-28T15:49:32.961+0000] {processor.py:914} INFO - Processing file /home/airflow/.local/lib/python3.12/site-packages/airflow/example_dags/example_setup_teardown_taskflow.py for tasks to queue
[2025-07-28T15:49:32.963+0000] {logging_mixin.py:190} INFO - [2025-07-28T15:49:32.962+0000] {dagbag.py:587} INFO - Filling up the DagBag from /home/airflow/.local/lib/python3.12/site-packages/airflow/example_dags/example_setup_teardown_taskflow.py
[2025-07-28T15:49:32.968+0000] {processor.py:925} INFO - DAG(s) 'example_setup_teardown_taskflow' retrieved from /home/airflow/.local/lib/python3.12/site-packages/airflow/example_dags/example_setup_teardown_taskflow.py
[2025-07-28T15:49:32.978+0000] {logging_mixin.py:190} INFO - [2025-07-28T15:49:32.978+0000] {dag.py:3229} INFO - Sync 1 DAGs
[2025-07-28T15:49:32.985+0000] {logging_mixin.py:190} INFO - [2025-07-28T15:49:32.985+0000] {dag.py:4156} INFO - Setting next_dagrun for example_setup_teardown_taskflow to None, run_after=None
[2025-07-28T15:49:32.996+0000] {processor.py:208} INFO - Processing /home/airflow/.local/lib/python3.12/site-packages/airflow/example_dags/example_setup_teardown_taskflow.py took 0.041 seconds
[2025-07-28T15:50:04.278+0000] {processor.py:186} INFO - Started process (PID=974) to work on /home/airflow/.local/lib/python3.12/site-packages/airflow/example_dags/example_setup_teardown_taskflow.py
[2025-07-28T15:50:04.280+0000] {processor.py:914} INFO - Processing file /home/airflow/.local/lib/python3.12/site-packages/airflow/example_dags/example_setup_teardown_taskflow.py for tasks to queue
[2025-07-28T15:50:04.282+0000] {logging_mixin.py:190} INFO - [2025-07-28T15:50:04.282+0000] {dagbag.py:587} INFO - Filling up the DagBag from /home/airflow/.local/lib/python3.12/site-packages/airflow/example_dags/example_setup_teardown_taskflow.py
[2025-07-28T15:50:04.289+0000] {processor.py:925} INFO - DAG(s) 'example_setup_teardown_taskflow' retrieved from /home/airflow/.local/lib/python3.12/site-packages/airflow/example_dags/example_setup_teardown_taskflow.py
[2025-07-28T15:50:04.301+0000] {logging_mixin.py:190} INFO - [2025-07-28T15:50:04.301+0000] {dag.py:3229} INFO - Sync 1 DAGs
[2025-07-28T15:50:04.313+0000] {logging_mixin.py:190} INFO - [2025-07-28T15:50:04.313+0000] {dag.py:4156} INFO - Setting next_dagrun for example_setup_teardown_taskflow to None, run_after=None
[2025-07-28T15:50:04.331+0000] {processor.py:208} INFO - Processing /home/airflow/.local/lib/python3.12/site-packages/airflow/example_dags/example_setup_teardown_taskflow.py took 0.056 seconds
[2025-07-28T15:50:35.520+0000] {processor.py:186} INFO - Started process (PID=1036) to work on /home/airflow/.local/lib/python3.12/site-packages/airflow/example_dags/example_setup_teardown_taskflow.py
[2025-07-28T15:50:35.522+0000] {processor.py:914} INFO - Processing file /home/airflow/.local/lib/python3.12/site-packages/airflow/example_dags/example_setup_teardown_taskflow.py for tasks to queue
[2025-07-28T15:50:35.524+0000] {logging_mixin.py:190} INFO - [2025-07-28T15:50:35.524+0000] {dagbag.py:587} INFO - Filling up the DagBag from /home/airflow/.local/lib/python3.12/site-packages/airflow/example_dags/example_setup_teardown_taskflow.py
[2025-07-28T15:50:35.531+0000] {processor.py:925} INFO - DAG(s) 'example_setup_teardown_taskflow' retrieved from /home/airflow/.local/lib/python3.12/site-packages/airflow/example_dags/example_setup_teardown_taskflow.py
[2025-07-28T15:50:35.547+0000] {logging_mixin.py:190} INFO - [2025-07-28T15:50:35.547+0000] {dag.py:3229} INFO - Sync 1 DAGs
[2025-07-28T15:50:35.557+0000] {logging_mixin.py:190} INFO - [2025-07-28T15:50:35.556+0000] {dag.py:4156} INFO - Setting next_dagrun for example_setup_teardown_taskflow to None, run_after=None
[2025-07-28T15:50:35.565+0000] {processor.py:208} INFO - Processing /home/airflow/.local/lib/python3.12/site-packages/airflow/example_dags/example_setup_teardown_taskflow.py took 0.050 seconds
[2025-07-28T15:51:06.877+0000] {processor.py:186} INFO - Started process (PID=1098) to work on /home/airflow/.local/lib/python3.12/site-packages/airflow/example_dags/example_setup_teardown_taskflow.py
[2025-07-28T15:51:06.881+0000] {processor.py:914} INFO - Processing file /home/airflow/.local/lib/python3.12/site-packages/airflow/example_dags/example_setup_teardown_taskflow.py for tasks to queue
[2025-07-28T15:51:06.883+0000] {logging_mixin.py:190} INFO - [2025-07-28T15:51:06.883+0000] {dagbag.py:587} INFO - Filling up the DagBag from /home/airflow/.local/lib/python3.12/site-packages/airflow/example_dags/example_setup_teardown_taskflow.py
[2025-07-28T15:51:06.890+0000] {processor.py:925} INFO - DAG(s) 'example_setup_teardown_taskflow' retrieved from /home/airflow/.local/lib/python3.12/site-packages/airflow/example_dags/example_setup_teardown_taskflow.py
[2025-07-28T15:51:06.919+0000] {logging_mixin.py:190} INFO - [2025-07-28T15:51:06.919+0000] {dag.py:3229} INFO - Sync 1 DAGs
[2025-07-28T15:51:06.935+0000] {logging_mixin.py:190} INFO - [2025-07-28T15:51:06.935+0000] {dag.py:4156} INFO - Setting next_dagrun for example_setup_teardown_taskflow to None, run_after=None
[2025-07-28T15:51:06.957+0000] {processor.py:208} INFO - Processing /home/airflow/.local/lib/python3.12/site-packages/airflow/example_dags/example_setup_teardown_taskflow.py took 0.086 seconds
[2025-07-28T15:51:37.451+0000] {processor.py:186} INFO - Started process (PID=1160) to work on /home/airflow/.local/lib/python3.12/site-packages/airflow/example_dags/example_setup_teardown_taskflow.py
[2025-07-28T15:51:37.452+0000] {processor.py:914} INFO - Processing file /home/airflow/.local/lib/python3.12/site-packages/airflow/example_dags/example_setup_teardown_taskflow.py for tasks to queue
[2025-07-28T15:51:37.452+0000] {logging_mixin.py:190} INFO - [2025-07-28T15:51:37.452+0000] {dagbag.py:587} INFO - Filling up the DagBag from /home/airflow/.local/lib/python3.12/site-packages/airflow/example_dags/example_setup_teardown_taskflow.py
[2025-07-28T15:51:37.459+0000] {processor.py:925} INFO - DAG(s) 'example_setup_teardown_taskflow' retrieved from /home/airflow/.local/lib/python3.12/site-packages/airflow/example_dags/example_setup_teardown_taskflow.py
[2025-07-28T15:51:37.470+0000] {logging_mixin.py:190} INFO - [2025-07-28T15:51:37.470+0000] {dag.py:3229} INFO - Sync 1 DAGs
[2025-07-28T15:51:37.478+0000] {logging_mixin.py:190} INFO - [2025-07-28T15:51:37.478+0000] {dag.py:4156} INFO - Setting next_dagrun for example_setup_teardown_taskflow to None, run_after=None
[2025-07-28T15:51:37.488+0000] {processor.py:208} INFO - Processing /home/airflow/.local/lib/python3.12/site-packages/airflow/example_dags/example_setup_teardown_taskflow.py took 0.040 seconds
[2025-07-28T15:52:08.580+0000] {processor.py:186} INFO - Started process (PID=1222) to work on /home/airflow/.local/lib/python3.12/site-packages/airflow/example_dags/example_setup_teardown_taskflow.py
[2025-07-28T15:52:08.581+0000] {processor.py:914} INFO - Processing file /home/airflow/.local/lib/python3.12/site-packages/airflow/example_dags/example_setup_teardown_taskflow.py for tasks to queue
[2025-07-28T15:52:08.583+0000] {logging_mixin.py:190} INFO - [2025-07-28T15:52:08.582+0000] {dagbag.py:587} INFO - Filling up the DagBag from /home/airflow/.local/lib/python3.12/site-packages/airflow/example_dags/example_setup_teardown_taskflow.py
[2025-07-28T15:52:08.589+0000] {processor.py:925} INFO - DAG(s) 'example_setup_teardown_taskflow' retrieved from /home/airflow/.local/lib/python3.12/site-packages/airflow/example_dags/example_setup_teardown_taskflow.py
[2025-07-28T15:52:08.604+0000] {logging_mixin.py:190} INFO - [2025-07-28T15:52:08.604+0000] {dag.py:3229} INFO - Sync 1 DAGs
[2025-07-28T15:52:08.611+0000] {logging_mixin.py:190} INFO - [2025-07-28T15:52:08.611+0000] {dag.py:4156} INFO - Setting next_dagrun for example_setup_teardown_taskflow to None, run_after=None
[2025-07-28T15:52:08.623+0000] {processor.py:208} INFO - Processing /home/airflow/.local/lib/python3.12/site-packages/airflow/example_dags/example_setup_teardown_taskflow.py took 0.049 seconds
[2025-07-28T15:52:39.614+0000] {processor.py:186} INFO - Started process (PID=1284) to work on /home/airflow/.local/lib/python3.12/site-packages/airflow/example_dags/example_setup_teardown_taskflow.py
[2025-07-28T15:52:39.615+0000] {processor.py:914} INFO - Processing file /home/airflow/.local/lib/python3.12/site-packages/airflow/example_dags/example_setup_teardown_taskflow.py for tasks to queue
[2025-07-28T15:52:39.616+0000] {logging_mixin.py:190} INFO - [2025-07-28T15:52:39.616+0000] {dagbag.py:587} INFO - Filling up the DagBag from /home/airflow/.local/lib/python3.12/site-packages/airflow/example_dags/example_setup_teardown_taskflow.py
[2025-07-28T15:52:39.622+0000] {processor.py:925} INFO - DAG(s) 'example_setup_teardown_taskflow' retrieved from /home/airflow/.local/lib/python3.12/site-packages/airflow/example_dags/example_setup_teardown_taskflow.py
[2025-07-28T15:52:39.640+0000] {logging_mixin.py:190} INFO - [2025-07-28T15:52:39.640+0000] {dag.py:3229} INFO - Sync 1 DAGs
[2025-07-28T15:52:39.652+0000] {logging_mixin.py:190} INFO - [2025-07-28T15:52:39.652+0000] {dag.py:4156} INFO - Setting next_dagrun for example_setup_teardown_taskflow to None, run_after=None
[2025-07-28T15:52:39.665+0000] {processor.py:208} INFO - Processing /home/airflow/.local/lib/python3.12/site-packages/airflow/example_dags/example_setup_teardown_taskflow.py took 0.054 seconds
[2025-07-28T15:53:10.437+0000] {processor.py:186} INFO - Started process (PID=1346) to work on /home/airflow/.local/lib/python3.12/site-packages/airflow/example_dags/example_setup_teardown_taskflow.py
[2025-07-28T15:53:10.438+0000] {processor.py:914} INFO - Processing file /home/airflow/.local/lib/python3.12/site-packages/airflow/example_dags/example_setup_teardown_taskflow.py for tasks to queue
[2025-07-28T15:53:10.439+0000] {logging_mixin.py:190} INFO - [2025-07-28T15:53:10.439+0000] {dagbag.py:587} INFO - Filling up the DagBag from /home/airflow/.local/lib/python3.12/site-packages/airflow/example_dags/example_setup_teardown_taskflow.py
[2025-07-28T15:53:10.445+0000] {processor.py:925} INFO - DAG(s) 'example_setup_teardown_taskflow' retrieved from /home/airflow/.local/lib/python3.12/site-packages/airflow/example_dags/example_setup_teardown_taskflow.py
[2025-07-28T15:53:10.455+0000] {logging_mixin.py:190} INFO - [2025-07-28T15:53:10.455+0000] {dag.py:3229} INFO - Sync 1 DAGs
[2025-07-28T15:53:10.460+0000] {logging_mixin.py:190} INFO - [2025-07-28T15:53:10.460+0000] {dag.py:4156} INFO - Setting next_dagrun for example_setup_teardown_taskflow to None, run_after=None
[2025-07-28T15:53:10.467+0000] {processor.py:208} INFO - Processing /home/airflow/.local/lib/python3.12/site-packages/airflow/example_dags/example_setup_teardown_taskflow.py took 0.034 seconds
[2025-07-28T15:53:41.326+0000] {processor.py:186} INFO - Started process (PID=1409) to work on /home/airflow/.local/lib/python3.12/site-packages/airflow/example_dags/example_setup_teardown_taskflow.py
[2025-07-28T15:53:41.330+0000] {processor.py:914} INFO - Processing file /home/airflow/.local/lib/python3.12/site-packages/airflow/example_dags/example_setup_teardown_taskflow.py for tasks to queue
[2025-07-28T15:53:41.336+0000] {logging_mixin.py:190} INFO - [2025-07-28T15:53:41.335+0000] {dagbag.py:587} INFO - Filling up the DagBag from /home/airflow/.local/lib/python3.12/site-packages/airflow/example_dags/example_setup_teardown_taskflow.py
[2025-07-28T15:53:41.347+0000] {processor.py:925} INFO - DAG(s) 'example_setup_teardown_taskflow' retrieved from /home/airflow/.local/lib/python3.12/site-packages/airflow/example_dags/example_setup_teardown_taskflow.py
[2025-07-28T15:53:41.363+0000] {logging_mixin.py:190} INFO - [2025-07-28T15:53:41.363+0000] {dag.py:3229} INFO - Sync 1 DAGs
[2025-07-28T15:53:41.374+0000] {logging_mixin.py:190} INFO - [2025-07-28T15:53:41.374+0000] {dag.py:4156} INFO - Setting next_dagrun for example_setup_teardown_taskflow to None, run_after=None
[2025-07-28T15:53:41.384+0000] {processor.py:208} INFO - Processing /home/airflow/.local/lib/python3.12/site-packages/airflow/example_dags/example_setup_teardown_taskflow.py took 0.068 seconds
[2025-07-28T15:54:12.313+0000] {processor.py:186} INFO - Started process (PID=1472) to work on /home/airflow/.local/lib/python3.12/site-packages/airflow/example_dags/example_setup_teardown_taskflow.py
[2025-07-28T15:54:12.314+0000] {processor.py:914} INFO - Processing file /home/airflow/.local/lib/python3.12/site-packages/airflow/example_dags/example_setup_teardown_taskflow.py for tasks to queue
[2025-07-28T15:54:12.316+0000] {logging_mixin.py:190} INFO - [2025-07-28T15:54:12.316+0000] {dagbag.py:587} INFO - Filling up the DagBag from /home/airflow/.local/lib/python3.12/site-packages/airflow/example_dags/example_setup_teardown_taskflow.py
[2025-07-28T15:54:12.324+0000] {processor.py:925} INFO - DAG(s) 'example_setup_teardown_taskflow' retrieved from /home/airflow/.local/lib/python3.12/site-packages/airflow/example_dags/example_setup_teardown_taskflow.py
[2025-07-28T15:54:12.337+0000] {logging_mixin.py:190} INFO - [2025-07-28T15:54:12.337+0000] {dag.py:3229} INFO - Sync 1 DAGs
[2025-07-28T15:54:12.345+0000] {logging_mixin.py:190} INFO - [2025-07-28T15:54:12.345+0000] {dag.py:4156} INFO - Setting next_dagrun for example_setup_teardown_taskflow to None, run_after=None
[2025-07-28T15:54:12.353+0000] {processor.py:208} INFO - Processing /home/airflow/.local/lib/python3.12/site-packages/airflow/example_dags/example_setup_teardown_taskflow.py took 0.042 seconds
[2025-07-28T15:54:43.198+0000] {processor.py:186} INFO - Started process (PID=1535) to work on /home/airflow/.local/lib/python3.12/site-packages/airflow/example_dags/example_setup_teardown_taskflow.py
[2025-07-28T15:54:43.198+0000] {processor.py:914} INFO - Processing file /home/airflow/.local/lib/python3.12/site-packages/airflow/example_dags/example_setup_teardown_taskflow.py for tasks to queue
[2025-07-28T15:54:43.201+0000] {logging_mixin.py:190} INFO - [2025-07-28T15:54:43.201+0000] {dagbag.py:587} INFO - Filling up the DagBag from /home/airflow/.local/lib/python3.12/site-packages/airflow/example_dags/example_setup_teardown_taskflow.py
[2025-07-28T15:54:43.207+0000] {processor.py:925} INFO - DAG(s) 'example_setup_teardown_taskflow' retrieved from /home/airflow/.local/lib/python3.12/site-packages/airflow/example_dags/example_setup_teardown_taskflow.py
[2025-07-28T15:54:43.221+0000] {logging_mixin.py:190} INFO - [2025-07-28T15:54:43.221+0000] {dag.py:3229} INFO - Sync 1 DAGs
[2025-07-28T15:54:43.229+0000] {logging_mixin.py:190} INFO - [2025-07-28T15:54:43.229+0000] {dag.py:4156} INFO - Setting next_dagrun for example_setup_teardown_taskflow to None, run_after=None
[2025-07-28T15:54:43.237+0000] {processor.py:208} INFO - Processing /home/airflow/.local/lib/python3.12/site-packages/airflow/example_dags/example_setup_teardown_taskflow.py took 0.043 seconds
[2025-07-28T15:55:14.069+0000] {processor.py:186} INFO - Started process (PID=1598) to work on /home/airflow/.local/lib/python3.12/site-packages/airflow/example_dags/example_setup_teardown_taskflow.py
[2025-07-28T15:55:14.069+0000] {processor.py:914} INFO - Processing file /home/airflow/.local/lib/python3.12/site-packages/airflow/example_dags/example_setup_teardown_taskflow.py for tasks to queue
[2025-07-28T15:55:14.072+0000] {logging_mixin.py:190} INFO - [2025-07-28T15:55:14.072+0000] {dagbag.py:587} INFO - Filling up the DagBag from /home/airflow/.local/lib/python3.12/site-packages/airflow/example_dags/example_setup_teardown_taskflow.py
[2025-07-28T15:55:14.078+0000] {processor.py:925} INFO - DAG(s) 'example_setup_teardown_taskflow' retrieved from /home/airflow/.local/lib/python3.12/site-packages/airflow/example_dags/example_setup_teardown_taskflow.py
[2025-07-28T15:55:14.090+0000] {logging_mixin.py:190} INFO - [2025-07-28T15:55:14.089+0000] {dag.py:3229} INFO - Sync 1 DAGs
[2025-07-28T15:55:14.096+0000] {logging_mixin.py:190} INFO - [2025-07-28T15:55:14.096+0000] {dag.py:4156} INFO - Setting next_dagrun for example_setup_teardown_taskflow to None, run_after=None
[2025-07-28T15:55:14.107+0000] {processor.py:208} INFO - Processing /home/airflow/.local/lib/python3.12/site-packages/airflow/example_dags/example_setup_teardown_taskflow.py took 0.043 seconds
[2025-07-28T15:55:45.024+0000] {processor.py:186} INFO - Started process (PID=1661) to work on /home/airflow/.local/lib/python3.12/site-packages/airflow/example_dags/example_setup_teardown_taskflow.py
[2025-07-28T15:55:45.026+0000] {processor.py:914} INFO - Processing file /home/airflow/.local/lib/python3.12/site-packages/airflow/example_dags/example_setup_teardown_taskflow.py for tasks to queue
[2025-07-28T15:55:45.027+0000] {logging_mixin.py:190} INFO - [2025-07-28T15:55:45.027+0000] {dagbag.py:587} INFO - Filling up the DagBag from /home/airflow/.local/lib/python3.12/site-packages/airflow/example_dags/example_setup_teardown_taskflow.py
[2025-07-28T15:55:45.034+0000] {processor.py:925} INFO - DAG(s) 'example_setup_teardown_taskflow' retrieved from /home/airflow/.local/lib/python3.12/site-packages/airflow/example_dags/example_setup_teardown_taskflow.py
[2025-07-28T15:55:45.049+0000] {logging_mixin.py:190} INFO - [2025-07-28T15:55:45.049+0000] {dag.py:3229} INFO - Sync 1 DAGs
[2025-07-28T15:55:45.058+0000] {logging_mixin.py:190} INFO - [2025-07-28T15:55:45.058+0000] {dag.py:4156} INFO - Setting next_dagrun for example_setup_teardown_taskflow to None, run_after=None
[2025-07-28T15:55:45.067+0000] {processor.py:208} INFO - Processing /home/airflow/.local/lib/python3.12/site-packages/airflow/example_dags/example_setup_teardown_taskflow.py took 0.047 seconds
[2025-07-28T15:56:33.350+0000] {processor.py:186} INFO - Started process (PID=1731) to work on /home/airflow/.local/lib/python3.12/site-packages/airflow/example_dags/example_setup_teardown_taskflow.py
[2025-07-28T15:56:33.351+0000] {processor.py:914} INFO - Processing file /home/airflow/.local/lib/python3.12/site-packages/airflow/example_dags/example_setup_teardown_taskflow.py for tasks to queue
[2025-07-28T15:56:33.355+0000] {logging_mixin.py:190} INFO - [2025-07-28T15:56:33.355+0000] {dagbag.py:587} INFO - Filling up the DagBag from /home/airflow/.local/lib/python3.12/site-packages/airflow/example_dags/example_setup_teardown_taskflow.py
[2025-07-28T15:56:33.372+0000] {processor.py:925} INFO - DAG(s) 'example_setup_teardown_taskflow' retrieved from /home/airflow/.local/lib/python3.12/site-packages/airflow/example_dags/example_setup_teardown_taskflow.py
[2025-07-28T15:56:33.387+0000] {logging_mixin.py:190} INFO - [2025-07-28T15:56:33.387+0000] {dag.py:3229} INFO - Sync 1 DAGs
[2025-07-28T15:56:33.397+0000] {logging_mixin.py:190} INFO - [2025-07-28T15:56:33.397+0000] {dag.py:4156} INFO - Setting next_dagrun for example_setup_teardown_taskflow to None, run_after=None
[2025-07-28T15:56:33.410+0000] {processor.py:208} INFO - Processing /home/airflow/.local/lib/python3.12/site-packages/airflow/example_dags/example_setup_teardown_taskflow.py took 0.065 seconds
[2025-07-28T15:57:03.907+0000] {processor.py:186} INFO - Started process (PID=1794) to work on /home/airflow/.local/lib/python3.12/site-packages/airflow/example_dags/example_setup_teardown_taskflow.py
[2025-07-28T15:57:03.908+0000] {processor.py:914} INFO - Processing file /home/airflow/.local/lib/python3.12/site-packages/airflow/example_dags/example_setup_teardown_taskflow.py for tasks to queue
[2025-07-28T15:57:03.909+0000] {logging_mixin.py:190} INFO - [2025-07-28T15:57:03.909+0000] {dagbag.py:587} INFO - Filling up the DagBag from /home/airflow/.local/lib/python3.12/site-packages/airflow/example_dags/example_setup_teardown_taskflow.py
[2025-07-28T15:57:03.915+0000] {processor.py:925} INFO - DAG(s) 'example_setup_teardown_taskflow' retrieved from /home/airflow/.local/lib/python3.12/site-packages/airflow/example_dags/example_setup_teardown_taskflow.py
[2025-07-28T15:57:03.926+0000] {logging_mixin.py:190} INFO - [2025-07-28T15:57:03.926+0000] {dag.py:3229} INFO - Sync 1 DAGs
[2025-07-28T15:57:03.936+0000] {logging_mixin.py:190} INFO - [2025-07-28T15:57:03.936+0000] {dag.py:4156} INFO - Setting next_dagrun for example_setup_teardown_taskflow to None, run_after=None
[2025-07-28T15:57:03.949+0000] {processor.py:208} INFO - Processing /home/airflow/.local/lib/python3.12/site-packages/airflow/example_dags/example_setup_teardown_taskflow.py took 0.045 seconds
[2025-07-28T15:57:35.670+0000] {processor.py:186} INFO - Started process (PID=1856) to work on /home/airflow/.local/lib/python3.12/site-packages/airflow/example_dags/example_setup_teardown_taskflow.py
[2025-07-28T15:57:35.673+0000] {processor.py:914} INFO - Processing file /home/airflow/.local/lib/python3.12/site-packages/airflow/example_dags/example_setup_teardown_taskflow.py for tasks to queue
[2025-07-28T15:57:35.675+0000] {logging_mixin.py:190} INFO - [2025-07-28T15:57:35.675+0000] {dagbag.py:587} INFO - Filling up the DagBag from /home/airflow/.local/lib/python3.12/site-packages/airflow/example_dags/example_setup_teardown_taskflow.py
[2025-07-28T15:57:35.685+0000] {processor.py:925} INFO - DAG(s) 'example_setup_teardown_taskflow' retrieved from /home/airflow/.local/lib/python3.12/site-packages/airflow/example_dags/example_setup_teardown_taskflow.py
[2025-07-28T15:57:35.722+0000] {logging_mixin.py:190} INFO - [2025-07-28T15:57:35.722+0000] {dag.py:3229} INFO - Sync 1 DAGs
[2025-07-28T15:57:35.743+0000] {logging_mixin.py:190} INFO - [2025-07-28T15:57:35.743+0000] {dag.py:4156} INFO - Setting next_dagrun for example_setup_teardown_taskflow to None, run_after=None
[2025-07-28T15:57:35.755+0000] {processor.py:208} INFO - Processing /home/airflow/.local/lib/python3.12/site-packages/airflow/example_dags/example_setup_teardown_taskflow.py took 0.098 seconds
[2025-07-28T15:58:06.770+0000] {processor.py:186} INFO - Started process (PID=1919) to work on /home/airflow/.local/lib/python3.12/site-packages/airflow/example_dags/example_setup_teardown_taskflow.py
[2025-07-28T15:58:06.771+0000] {processor.py:914} INFO - Processing file /home/airflow/.local/lib/python3.12/site-packages/airflow/example_dags/example_setup_teardown_taskflow.py for tasks to queue
[2025-07-28T15:58:06.776+0000] {logging_mixin.py:190} INFO - [2025-07-28T15:58:06.776+0000] {dagbag.py:587} INFO - Filling up the DagBag from /home/airflow/.local/lib/python3.12/site-packages/airflow/example_dags/example_setup_teardown_taskflow.py
[2025-07-28T15:58:06.791+0000] {processor.py:925} INFO - DAG(s) 'example_setup_teardown_taskflow' retrieved from /home/airflow/.local/lib/python3.12/site-packages/airflow/example_dags/example_setup_teardown_taskflow.py
[2025-07-28T15:58:06.814+0000] {logging_mixin.py:190} INFO - [2025-07-28T15:58:06.814+0000] {dag.py:3229} INFO - Sync 1 DAGs
[2025-07-28T15:58:06.822+0000] {logging_mixin.py:190} INFO - [2025-07-28T15:58:06.822+0000] {dag.py:4156} INFO - Setting next_dagrun for example_setup_teardown_taskflow to None, run_after=None
[2025-07-28T15:58:06.834+0000] {processor.py:208} INFO - Processing /home/airflow/.local/lib/python3.12/site-packages/airflow/example_dags/example_setup_teardown_taskflow.py took 0.072 seconds
[2025-07-28T15:58:37.311+0000] {processor.py:186} INFO - Started process (PID=1982) to work on /home/airflow/.local/lib/python3.12/site-packages/airflow/example_dags/example_setup_teardown_taskflow.py
[2025-07-28T15:58:37.315+0000] {processor.py:914} INFO - Processing file /home/airflow/.local/lib/python3.12/site-packages/airflow/example_dags/example_setup_teardown_taskflow.py for tasks to queue
[2025-07-28T15:58:37.329+0000] {logging_mixin.py:190} INFO - [2025-07-28T15:58:37.329+0000] {dagbag.py:587} INFO - Filling up the DagBag from /home/airflow/.local/lib/python3.12/site-packages/airflow/example_dags/example_setup_teardown_taskflow.py
[2025-07-28T15:58:37.376+0000] {processor.py:925} INFO - DAG(s) 'example_setup_teardown_taskflow' retrieved from /home/airflow/.local/lib/python3.12/site-packages/airflow/example_dags/example_setup_teardown_taskflow.py
[2025-07-28T15:58:37.449+0000] {logging_mixin.py:190} INFO - [2025-07-28T15:58:37.449+0000] {dag.py:3229} INFO - Sync 1 DAGs
[2025-07-28T15:58:37.473+0000] {logging_mixin.py:190} INFO - [2025-07-28T15:58:37.472+0000] {dag.py:4156} INFO - Setting next_dagrun for example_setup_teardown_taskflow to None, run_after=None
[2025-07-28T15:58:37.490+0000] {processor.py:208} INFO - Processing /home/airflow/.local/lib/python3.12/site-packages/airflow/example_dags/example_setup_teardown_taskflow.py took 0.188 seconds
[2025-07-28T15:59:07.710+0000] {processor.py:186} INFO - Started process (PID=2044) to work on /home/airflow/.local/lib/python3.12/site-packages/airflow/example_dags/example_setup_teardown_taskflow.py
[2025-07-28T15:59:07.713+0000] {processor.py:914} INFO - Processing file /home/airflow/.local/lib/python3.12/site-packages/airflow/example_dags/example_setup_teardown_taskflow.py for tasks to queue
[2025-07-28T15:59:07.718+0000] {logging_mixin.py:190} INFO - [2025-07-28T15:59:07.718+0000] {dagbag.py:587} INFO - Filling up the DagBag from /home/airflow/.local/lib/python3.12/site-packages/airflow/example_dags/example_setup_teardown_taskflow.py
[2025-07-28T15:59:07.749+0000] {processor.py:925} INFO - DAG(s) 'example_setup_teardown_taskflow' retrieved from /home/airflow/.local/lib/python3.12/site-packages/airflow/example_dags/example_setup_teardown_taskflow.py
[2025-07-28T15:59:07.799+0000] {logging_mixin.py:190} INFO - [2025-07-28T15:59:07.799+0000] {dag.py:3229} INFO - Sync 1 DAGs
[2025-07-28T15:59:07.823+0000] {logging_mixin.py:190} INFO - [2025-07-28T15:59:07.822+0000] {dag.py:4156} INFO - Setting next_dagrun for example_setup_teardown_taskflow to None, run_after=None
[2025-07-28T15:59:07.848+0000] {processor.py:208} INFO - Processing /home/airflow/.local/lib/python3.12/site-packages/airflow/example_dags/example_setup_teardown_taskflow.py took 0.150 seconds
[2025-07-28T15:59:38.198+0000] {processor.py:186} INFO - Started process (PID=2106) to work on /home/airflow/.local/lib/python3.12/site-packages/airflow/example_dags/example_setup_teardown_taskflow.py
[2025-07-28T15:59:38.200+0000] {processor.py:914} INFO - Processing file /home/airflow/.local/lib/python3.12/site-packages/airflow/example_dags/example_setup_teardown_taskflow.py for tasks to queue
[2025-07-28T15:59:38.205+0000] {logging_mixin.py:190} INFO - [2025-07-28T15:59:38.204+0000] {dagbag.py:587} INFO - Filling up the DagBag from /home/airflow/.local/lib/python3.12/site-packages/airflow/example_dags/example_setup_teardown_taskflow.py
[2025-07-28T15:59:38.223+0000] {processor.py:925} INFO - DAG(s) 'example_setup_teardown_taskflow' retrieved from /home/airflow/.local/lib/python3.12/site-packages/airflow/example_dags/example_setup_teardown_taskflow.py
[2025-07-28T15:59:38.261+0000] {logging_mixin.py:190} INFO - [2025-07-28T15:59:38.261+0000] {dag.py:3229} INFO - Sync 1 DAGs
[2025-07-28T15:59:38.273+0000] {logging_mixin.py:190} INFO - [2025-07-28T15:59:38.273+0000] {dag.py:4156} INFO - Setting next_dagrun for example_setup_teardown_taskflow to None, run_after=None
[2025-07-28T15:59:38.289+0000] {processor.py:208} INFO - Processing /home/airflow/.local/lib/python3.12/site-packages/airflow/example_dags/example_setup_teardown_taskflow.py took 0.104 seconds
[2025-07-28T16:00:08.590+0000] {processor.py:186} INFO - Started process (PID=2169) to work on /home/airflow/.local/lib/python3.12/site-packages/airflow/example_dags/example_setup_teardown_taskflow.py
[2025-07-28T16:00:08.592+0000] {processor.py:914} INFO - Processing file /home/airflow/.local/lib/python3.12/site-packages/airflow/example_dags/example_setup_teardown_taskflow.py for tasks to queue
[2025-07-28T16:00:08.595+0000] {logging_mixin.py:190} INFO - [2025-07-28T16:00:08.594+0000] {dagbag.py:587} INFO - Filling up the DagBag from /home/airflow/.local/lib/python3.12/site-packages/airflow/example_dags/example_setup_teardown_taskflow.py
[2025-07-28T16:00:08.607+0000] {processor.py:925} INFO - DAG(s) 'example_setup_teardown_taskflow' retrieved from /home/airflow/.local/lib/python3.12/site-packages/airflow/example_dags/example_setup_teardown_taskflow.py
[2025-07-28T16:00:08.627+0000] {logging_mixin.py:190} INFO - [2025-07-28T16:00:08.627+0000] {dag.py:3229} INFO - Sync 1 DAGs
[2025-07-28T16:00:08.636+0000] {logging_mixin.py:190} INFO - [2025-07-28T16:00:08.636+0000] {dag.py:4156} INFO - Setting next_dagrun for example_setup_teardown_taskflow to None, run_after=None
[2025-07-28T16:00:08.648+0000] {processor.py:208} INFO - Processing /home/airflow/.local/lib/python3.12/site-packages/airflow/example_dags/example_setup_teardown_taskflow.py took 0.067 seconds
[2025-07-28T16:00:39.554+0000] {processor.py:186} INFO - Started process (PID=2232) to work on /home/airflow/.local/lib/python3.12/site-packages/airflow/example_dags/example_setup_teardown_taskflow.py
[2025-07-28T16:00:39.555+0000] {processor.py:914} INFO - Processing file /home/airflow/.local/lib/python3.12/site-packages/airflow/example_dags/example_setup_teardown_taskflow.py for tasks to queue
[2025-07-28T16:00:39.558+0000] {logging_mixin.py:190} INFO - [2025-07-28T16:00:39.558+0000] {dagbag.py:587} INFO - Filling up the DagBag from /home/airflow/.local/lib/python3.12/site-packages/airflow/example_dags/example_setup_teardown_taskflow.py
[2025-07-28T16:00:39.569+0000] {processor.py:925} INFO - DAG(s) 'example_setup_teardown_taskflow' retrieved from /home/airflow/.local/lib/python3.12/site-packages/airflow/example_dags/example_setup_teardown_taskflow.py
[2025-07-28T16:00:39.586+0000] {logging_mixin.py:190} INFO - [2025-07-28T16:00:39.586+0000] {dag.py:3229} INFO - Sync 1 DAGs
[2025-07-28T16:00:39.597+0000] {logging_mixin.py:190} INFO - [2025-07-28T16:00:39.597+0000] {dag.py:4156} INFO - Setting next_dagrun for example_setup_teardown_taskflow to None, run_after=None
[2025-07-28T16:00:39.613+0000] {processor.py:208} INFO - Processing /home/airflow/.local/lib/python3.12/site-packages/airflow/example_dags/example_setup_teardown_taskflow.py took 0.067 seconds
