[2025-07-28T15:42:50.954+0000] {processor.py:186} INFO - Started process (PID=73) to work on /home/airflow/.local/lib/python3.12/site-packages/airflow/example_dags/example_sensors.py
[2025-07-28T15:42:50.955+0000] {processor.py:914} INFO - Processing file /home/airflow/.local/lib/python3.12/site-packages/airflow/example_dags/example_sensors.py for tasks to queue
[2025-07-28T15:42:50.957+0000] {logging_mixin.py:190} INFO - [2025-07-28T15:42:50.957+0000] {dagbag.py:587} INFO - Filling up the DagBag from /home/airflow/.local/lib/python3.12/site-packages/airflow/example_dags/example_sensors.py
[2025-07-28T15:42:50.965+0000] {processor.py:925} INFO - DAG(s) 'example_sensors' retrieved from /home/airflow/.local/lib/python3.12/site-packages/airflow/example_dags/example_sensors.py
[2025-07-28T15:42:51.059+0000] {logging_mixin.py:190} INFO - [2025-07-28T15:42:51.058+0000] {override.py:1900} INFO - Created Permission View: can edit on DAG:example_sensors
[2025-07-28T15:42:51.102+0000] {logging_mixin.py:190} INFO - [2025-07-28T15:42:51.101+0000] {override.py:1900} INFO - Created Permission View: can read on DAG:example_sensors
[2025-07-28T15:42:51.107+0000] {logging_mixin.py:190} INFO - [2025-07-28T15:42:51.106+0000] {override.py:1900} INFO - Created Permission View: can delete on DAG:example_sensors
[2025-07-28T15:42:51.110+0000] {logging_mixin.py:190} INFO - [2025-07-28T15:42:51.110+0000] {override.py:1900} INFO - Created Permission View: can read on DAG Run:example_sensors
[2025-07-28T15:42:51.113+0000] {logging_mixin.py:190} INFO - [2025-07-28T15:42:51.113+0000] {override.py:1900} INFO - Created Permission View: can delete on DAG Run:example_sensors
[2025-07-28T15:42:51.116+0000] {logging_mixin.py:190} INFO - [2025-07-28T15:42:51.116+0000] {override.py:1900} INFO - Created Permission View: can create on DAG Run:example_sensors
[2025-07-28T15:42:51.119+0000] {logging_mixin.py:190} INFO - [2025-07-28T15:42:51.119+0000] {override.py:1900} INFO - Created Permission View: menu access on DAG Run:example_sensors
[2025-07-28T15:42:51.119+0000] {logging_mixin.py:190} INFO - [2025-07-28T15:42:51.119+0000] {dag.py:3229} INFO - Sync 1 DAGs
[2025-07-28T15:42:51.127+0000] {logging_mixin.py:190} INFO - [2025-07-28T15:42:51.127+0000] {dag.py:3252} INFO - Creating ORM DAG for example_sensors
[2025-07-28T15:42:51.128+0000] {logging_mixin.py:190} INFO - [2025-07-28T15:42:51.128+0000] {dag.py:4156} INFO - Setting next_dagrun for example_sensors to None, run_after=None
[2025-07-28T15:42:51.139+0000] {processor.py:208} INFO - Processing /home/airflow/.local/lib/python3.12/site-packages/airflow/example_dags/example_sensors.py took 0.191 seconds
[2025-07-28T15:43:21.404+0000] {processor.py:186} INFO - Started process (PID=135) to work on /home/airflow/.local/lib/python3.12/site-packages/airflow/example_dags/example_sensors.py
[2025-07-28T15:43:21.405+0000] {processor.py:914} INFO - Processing file /home/airflow/.local/lib/python3.12/site-packages/airflow/example_dags/example_sensors.py for tasks to queue
[2025-07-28T15:43:21.406+0000] {logging_mixin.py:190} INFO - [2025-07-28T15:43:21.406+0000] {dagbag.py:587} INFO - Filling up the DagBag from /home/airflow/.local/lib/python3.12/site-packages/airflow/example_dags/example_sensors.py
[2025-07-28T15:43:21.412+0000] {processor.py:925} INFO - DAG(s) 'example_sensors' retrieved from /home/airflow/.local/lib/python3.12/site-packages/airflow/example_dags/example_sensors.py
[2025-07-28T15:43:21.423+0000] {logging_mixin.py:190} INFO - [2025-07-28T15:43:21.423+0000] {dag.py:3229} INFO - Sync 1 DAGs
[2025-07-28T15:43:21.429+0000] {logging_mixin.py:190} INFO - [2025-07-28T15:43:21.429+0000] {dag.py:4156} INFO - Setting next_dagrun for example_sensors to None, run_after=None
[2025-07-28T15:43:21.437+0000] {processor.py:208} INFO - Processing /home/airflow/.local/lib/python3.12/site-packages/airflow/example_dags/example_sensors.py took 0.035 seconds
[2025-07-28T15:43:52.232+0000] {processor.py:186} INFO - Started process (PID=197) to work on /home/airflow/.local/lib/python3.12/site-packages/airflow/example_dags/example_sensors.py
[2025-07-28T15:43:52.235+0000] {processor.py:914} INFO - Processing file /home/airflow/.local/lib/python3.12/site-packages/airflow/example_dags/example_sensors.py for tasks to queue
[2025-07-28T15:43:52.236+0000] {logging_mixin.py:190} INFO - [2025-07-28T15:43:52.236+0000] {dagbag.py:587} INFO - Filling up the DagBag from /home/airflow/.local/lib/python3.12/site-packages/airflow/example_dags/example_sensors.py
[2025-07-28T15:43:52.243+0000] {processor.py:925} INFO - DAG(s) 'example_sensors' retrieved from /home/airflow/.local/lib/python3.12/site-packages/airflow/example_dags/example_sensors.py
[2025-07-28T15:43:52.254+0000] {logging_mixin.py:190} INFO - [2025-07-28T15:43:52.254+0000] {dag.py:3229} INFO - Sync 1 DAGs
[2025-07-28T15:43:52.261+0000] {logging_mixin.py:190} INFO - [2025-07-28T15:43:52.260+0000] {dag.py:4156} INFO - Setting next_dagrun for example_sensors to None, run_after=None
[2025-07-28T15:43:52.268+0000] {processor.py:208} INFO - Processing /home/airflow/.local/lib/python3.12/site-packages/airflow/example_dags/example_sensors.py took 0.039 seconds
[2025-07-28T15:44:22.851+0000] {processor.py:186} INFO - Started process (PID=259) to work on /home/airflow/.local/lib/python3.12/site-packages/airflow/example_dags/example_sensors.py
[2025-07-28T15:44:22.851+0000] {processor.py:914} INFO - Processing file /home/airflow/.local/lib/python3.12/site-packages/airflow/example_dags/example_sensors.py for tasks to queue
[2025-07-28T15:44:22.852+0000] {logging_mixin.py:190} INFO - [2025-07-28T15:44:22.852+0000] {dagbag.py:587} INFO - Filling up the DagBag from /home/airflow/.local/lib/python3.12/site-packages/airflow/example_dags/example_sensors.py
[2025-07-28T15:44:22.859+0000] {processor.py:925} INFO - DAG(s) 'example_sensors' retrieved from /home/airflow/.local/lib/python3.12/site-packages/airflow/example_dags/example_sensors.py
[2025-07-28T15:44:22.873+0000] {logging_mixin.py:190} INFO - [2025-07-28T15:44:22.873+0000] {dag.py:3229} INFO - Sync 1 DAGs
[2025-07-28T15:44:22.880+0000] {logging_mixin.py:190} INFO - [2025-07-28T15:44:22.880+0000] {dag.py:4156} INFO - Setting next_dagrun for example_sensors to None, run_after=None
[2025-07-28T15:44:22.887+0000] {processor.py:208} INFO - Processing /home/airflow/.local/lib/python3.12/site-packages/airflow/example_dags/example_sensors.py took 0.039 seconds
[2025-07-28T15:44:53.288+0000] {processor.py:186} INFO - Started process (PID=321) to work on /home/airflow/.local/lib/python3.12/site-packages/airflow/example_dags/example_sensors.py
[2025-07-28T15:44:53.289+0000] {processor.py:914} INFO - Processing file /home/airflow/.local/lib/python3.12/site-packages/airflow/example_dags/example_sensors.py for tasks to queue
[2025-07-28T15:44:53.292+0000] {logging_mixin.py:190} INFO - [2025-07-28T15:44:53.291+0000] {dagbag.py:587} INFO - Filling up the DagBag from /home/airflow/.local/lib/python3.12/site-packages/airflow/example_dags/example_sensors.py
[2025-07-28T15:44:53.301+0000] {processor.py:925} INFO - DAG(s) 'example_sensors' retrieved from /home/airflow/.local/lib/python3.12/site-packages/airflow/example_dags/example_sensors.py
[2025-07-28T15:44:53.330+0000] {logging_mixin.py:190} INFO - [2025-07-28T15:44:53.329+0000] {dag.py:3229} INFO - Sync 1 DAGs
[2025-07-28T15:44:53.339+0000] {logging_mixin.py:190} INFO - [2025-07-28T15:44:53.339+0000] {dag.py:4156} INFO - Setting next_dagrun for example_sensors to None, run_after=None
[2025-07-28T15:44:53.350+0000] {processor.py:208} INFO - Processing /home/airflow/.local/lib/python3.12/site-packages/airflow/example_dags/example_sensors.py took 0.067 seconds
[2025-07-28T15:45:24.031+0000] {processor.py:186} INFO - Started process (PID=383) to work on /home/airflow/.local/lib/python3.12/site-packages/airflow/example_dags/example_sensors.py
[2025-07-28T15:45:24.033+0000] {processor.py:914} INFO - Processing file /home/airflow/.local/lib/python3.12/site-packages/airflow/example_dags/example_sensors.py for tasks to queue
[2025-07-28T15:45:24.034+0000] {logging_mixin.py:190} INFO - [2025-07-28T15:45:24.034+0000] {dagbag.py:587} INFO - Filling up the DagBag from /home/airflow/.local/lib/python3.12/site-packages/airflow/example_dags/example_sensors.py
[2025-07-28T15:45:24.039+0000] {processor.py:925} INFO - DAG(s) 'example_sensors' retrieved from /home/airflow/.local/lib/python3.12/site-packages/airflow/example_dags/example_sensors.py
[2025-07-28T15:45:24.054+0000] {logging_mixin.py:190} INFO - [2025-07-28T15:45:24.054+0000] {dag.py:3229} INFO - Sync 1 DAGs
[2025-07-28T15:45:24.067+0000] {logging_mixin.py:190} INFO - [2025-07-28T15:45:24.067+0000] {dag.py:4156} INFO - Setting next_dagrun for example_sensors to None, run_after=None
[2025-07-28T15:45:24.081+0000] {processor.py:208} INFO - Processing /home/airflow/.local/lib/python3.12/site-packages/airflow/example_dags/example_sensors.py took 0.053 seconds
[2025-07-28T15:45:54.974+0000] {processor.py:186} INFO - Started process (PID=445) to work on /home/airflow/.local/lib/python3.12/site-packages/airflow/example_dags/example_sensors.py
[2025-07-28T15:45:54.975+0000] {processor.py:914} INFO - Processing file /home/airflow/.local/lib/python3.12/site-packages/airflow/example_dags/example_sensors.py for tasks to queue
[2025-07-28T15:45:54.976+0000] {logging_mixin.py:190} INFO - [2025-07-28T15:45:54.976+0000] {dagbag.py:587} INFO - Filling up the DagBag from /home/airflow/.local/lib/python3.12/site-packages/airflow/example_dags/example_sensors.py
[2025-07-28T15:45:54.980+0000] {processor.py:925} INFO - DAG(s) 'example_sensors' retrieved from /home/airflow/.local/lib/python3.12/site-packages/airflow/example_dags/example_sensors.py
[2025-07-28T15:45:54.993+0000] {logging_mixin.py:190} INFO - [2025-07-28T15:45:54.993+0000] {dag.py:3229} INFO - Sync 1 DAGs
[2025-07-28T15:45:54.999+0000] {logging_mixin.py:190} INFO - [2025-07-28T15:45:54.999+0000] {dag.py:4156} INFO - Setting next_dagrun for example_sensors to None, run_after=None
[2025-07-28T15:45:55.005+0000] {processor.py:208} INFO - Processing /home/airflow/.local/lib/python3.12/site-packages/airflow/example_dags/example_sensors.py took 0.034 seconds
[2025-07-28T15:46:25.513+0000] {processor.py:186} INFO - Started process (PID=507) to work on /home/airflow/.local/lib/python3.12/site-packages/airflow/example_dags/example_sensors.py
[2025-07-28T15:46:25.513+0000] {processor.py:914} INFO - Processing file /home/airflow/.local/lib/python3.12/site-packages/airflow/example_dags/example_sensors.py for tasks to queue
[2025-07-28T15:46:25.515+0000] {logging_mixin.py:190} INFO - [2025-07-28T15:46:25.514+0000] {dagbag.py:587} INFO - Filling up the DagBag from /home/airflow/.local/lib/python3.12/site-packages/airflow/example_dags/example_sensors.py
[2025-07-28T15:46:25.520+0000] {processor.py:925} INFO - DAG(s) 'example_sensors' retrieved from /home/airflow/.local/lib/python3.12/site-packages/airflow/example_dags/example_sensors.py
[2025-07-28T15:46:25.532+0000] {logging_mixin.py:190} INFO - [2025-07-28T15:46:25.531+0000] {dag.py:3229} INFO - Sync 1 DAGs
[2025-07-28T15:46:25.538+0000] {logging_mixin.py:190} INFO - [2025-07-28T15:46:25.537+0000] {dag.py:4156} INFO - Setting next_dagrun for example_sensors to None, run_after=None
[2025-07-28T15:46:25.545+0000] {processor.py:208} INFO - Processing /home/airflow/.local/lib/python3.12/site-packages/airflow/example_dags/example_sensors.py took 0.035 seconds
[2025-07-28T15:46:56.120+0000] {processor.py:186} INFO - Started process (PID=569) to work on /home/airflow/.local/lib/python3.12/site-packages/airflow/example_dags/example_sensors.py
[2025-07-28T15:46:56.122+0000] {processor.py:914} INFO - Processing file /home/airflow/.local/lib/python3.12/site-packages/airflow/example_dags/example_sensors.py for tasks to queue
[2025-07-28T15:46:56.123+0000] {logging_mixin.py:190} INFO - [2025-07-28T15:46:56.123+0000] {dagbag.py:587} INFO - Filling up the DagBag from /home/airflow/.local/lib/python3.12/site-packages/airflow/example_dags/example_sensors.py
[2025-07-28T15:46:56.131+0000] {processor.py:925} INFO - DAG(s) 'example_sensors' retrieved from /home/airflow/.local/lib/python3.12/site-packages/airflow/example_dags/example_sensors.py
[2025-07-28T15:46:56.144+0000] {logging_mixin.py:190} INFO - [2025-07-28T15:46:56.144+0000] {dag.py:3229} INFO - Sync 1 DAGs
[2025-07-28T15:46:56.151+0000] {logging_mixin.py:190} INFO - [2025-07-28T15:46:56.151+0000] {dag.py:4156} INFO - Setting next_dagrun for example_sensors to None, run_after=None
[2025-07-28T15:46:56.159+0000] {processor.py:208} INFO - Processing /home/airflow/.local/lib/python3.12/site-packages/airflow/example_dags/example_sensors.py took 0.043 seconds
[2025-07-28T15:47:26.744+0000] {processor.py:186} INFO - Started process (PID=631) to work on /home/airflow/.local/lib/python3.12/site-packages/airflow/example_dags/example_sensors.py
[2025-07-28T15:47:26.745+0000] {processor.py:914} INFO - Processing file /home/airflow/.local/lib/python3.12/site-packages/airflow/example_dags/example_sensors.py for tasks to queue
[2025-07-28T15:47:26.746+0000] {logging_mixin.py:190} INFO - [2025-07-28T15:47:26.746+0000] {dagbag.py:587} INFO - Filling up the DagBag from /home/airflow/.local/lib/python3.12/site-packages/airflow/example_dags/example_sensors.py
[2025-07-28T15:47:26.751+0000] {processor.py:925} INFO - DAG(s) 'example_sensors' retrieved from /home/airflow/.local/lib/python3.12/site-packages/airflow/example_dags/example_sensors.py
[2025-07-28T15:47:26.766+0000] {logging_mixin.py:190} INFO - [2025-07-28T15:47:26.766+0000] {dag.py:3229} INFO - Sync 1 DAGs
[2025-07-28T15:47:26.774+0000] {logging_mixin.py:190} INFO - [2025-07-28T15:47:26.774+0000] {dag.py:4156} INFO - Setting next_dagrun for example_sensors to None, run_after=None
[2025-07-28T15:47:26.782+0000] {processor.py:208} INFO - Processing /home/airflow/.local/lib/python3.12/site-packages/airflow/example_dags/example_sensors.py took 0.041 seconds
[2025-07-28T15:47:57.752+0000] {processor.py:186} INFO - Started process (PID=693) to work on /home/airflow/.local/lib/python3.12/site-packages/airflow/example_dags/example_sensors.py
[2025-07-28T15:47:57.753+0000] {processor.py:914} INFO - Processing file /home/airflow/.local/lib/python3.12/site-packages/airflow/example_dags/example_sensors.py for tasks to queue
[2025-07-28T15:47:57.755+0000] {logging_mixin.py:190} INFO - [2025-07-28T15:47:57.755+0000] {dagbag.py:587} INFO - Filling up the DagBag from /home/airflow/.local/lib/python3.12/site-packages/airflow/example_dags/example_sensors.py
[2025-07-28T15:47:57.766+0000] {processor.py:925} INFO - DAG(s) 'example_sensors' retrieved from /home/airflow/.local/lib/python3.12/site-packages/airflow/example_dags/example_sensors.py
[2025-07-28T15:47:57.781+0000] {logging_mixin.py:190} INFO - [2025-07-28T15:47:57.781+0000] {dag.py:3229} INFO - Sync 1 DAGs
[2025-07-28T15:47:57.790+0000] {logging_mixin.py:190} INFO - [2025-07-28T15:47:57.790+0000] {dag.py:4156} INFO - Setting next_dagrun for example_sensors to None, run_after=None
[2025-07-28T15:47:57.801+0000] {processor.py:208} INFO - Processing /home/airflow/.local/lib/python3.12/site-packages/airflow/example_dags/example_sensors.py took 0.055 seconds
[2025-07-28T15:48:28.213+0000] {processor.py:186} INFO - Started process (PID=755) to work on /home/airflow/.local/lib/python3.12/site-packages/airflow/example_dags/example_sensors.py
[2025-07-28T15:48:28.213+0000] {processor.py:914} INFO - Processing file /home/airflow/.local/lib/python3.12/site-packages/airflow/example_dags/example_sensors.py for tasks to queue
[2025-07-28T15:48:28.216+0000] {logging_mixin.py:190} INFO - [2025-07-28T15:48:28.216+0000] {dagbag.py:587} INFO - Filling up the DagBag from /home/airflow/.local/lib/python3.12/site-packages/airflow/example_dags/example_sensors.py
[2025-07-28T15:48:28.228+0000] {processor.py:925} INFO - DAG(s) 'example_sensors' retrieved from /home/airflow/.local/lib/python3.12/site-packages/airflow/example_dags/example_sensors.py
[2025-07-28T15:48:28.252+0000] {logging_mixin.py:190} INFO - [2025-07-28T15:48:28.251+0000] {dag.py:3229} INFO - Sync 1 DAGs
[2025-07-28T15:48:28.262+0000] {logging_mixin.py:190} INFO - [2025-07-28T15:48:28.262+0000] {dag.py:4156} INFO - Setting next_dagrun for example_sensors to None, run_after=None
[2025-07-28T15:48:28.275+0000] {processor.py:208} INFO - Processing /home/airflow/.local/lib/python3.12/site-packages/airflow/example_dags/example_sensors.py took 0.068 seconds
[2025-07-28T15:48:59.127+0000] {processor.py:186} INFO - Started process (PID=817) to work on /home/airflow/.local/lib/python3.12/site-packages/airflow/example_dags/example_sensors.py
[2025-07-28T15:48:59.127+0000] {processor.py:914} INFO - Processing file /home/airflow/.local/lib/python3.12/site-packages/airflow/example_dags/example_sensors.py for tasks to queue
[2025-07-28T15:48:59.129+0000] {logging_mixin.py:190} INFO - [2025-07-28T15:48:59.129+0000] {dagbag.py:587} INFO - Filling up the DagBag from /home/airflow/.local/lib/python3.12/site-packages/airflow/example_dags/example_sensors.py
[2025-07-28T15:48:59.134+0000] {processor.py:925} INFO - DAG(s) 'example_sensors' retrieved from /home/airflow/.local/lib/python3.12/site-packages/airflow/example_dags/example_sensors.py
[2025-07-28T15:48:59.145+0000] {logging_mixin.py:190} INFO - [2025-07-28T15:48:59.145+0000] {dag.py:3229} INFO - Sync 1 DAGs
[2025-07-28T15:48:59.152+0000] {logging_mixin.py:190} INFO - [2025-07-28T15:48:59.151+0000] {dag.py:4156} INFO - Setting next_dagrun for example_sensors to None, run_after=None
[2025-07-28T15:48:59.159+0000] {processor.py:208} INFO - Processing /home/airflow/.local/lib/python3.12/site-packages/airflow/example_dags/example_sensors.py took 0.035 seconds
[2025-07-28T15:49:29.717+0000] {processor.py:186} INFO - Started process (PID=879) to work on /home/airflow/.local/lib/python3.12/site-packages/airflow/example_dags/example_sensors.py
[2025-07-28T15:49:29.718+0000] {processor.py:914} INFO - Processing file /home/airflow/.local/lib/python3.12/site-packages/airflow/example_dags/example_sensors.py for tasks to queue
[2025-07-28T15:49:29.721+0000] {logging_mixin.py:190} INFO - [2025-07-28T15:49:29.719+0000] {dagbag.py:587} INFO - Filling up the DagBag from /home/airflow/.local/lib/python3.12/site-packages/airflow/example_dags/example_sensors.py
[2025-07-28T15:49:29.726+0000] {processor.py:925} INFO - DAG(s) 'example_sensors' retrieved from /home/airflow/.local/lib/python3.12/site-packages/airflow/example_dags/example_sensors.py
[2025-07-28T15:49:29.737+0000] {logging_mixin.py:190} INFO - [2025-07-28T15:49:29.737+0000] {dag.py:3229} INFO - Sync 1 DAGs
[2025-07-28T15:49:29.744+0000] {logging_mixin.py:190} INFO - [2025-07-28T15:49:29.743+0000] {dag.py:4156} INFO - Setting next_dagrun for example_sensors to None, run_after=None
[2025-07-28T15:49:29.751+0000] {processor.py:208} INFO - Processing /home/airflow/.local/lib/python3.12/site-packages/airflow/example_dags/example_sensors.py took 0.036 seconds
[2025-07-28T15:50:00.292+0000] {processor.py:186} INFO - Started process (PID=941) to work on /home/airflow/.local/lib/python3.12/site-packages/airflow/example_dags/example_sensors.py
[2025-07-28T15:50:00.293+0000] {processor.py:914} INFO - Processing file /home/airflow/.local/lib/python3.12/site-packages/airflow/example_dags/example_sensors.py for tasks to queue
[2025-07-28T15:50:00.295+0000] {logging_mixin.py:190} INFO - [2025-07-28T15:50:00.295+0000] {dagbag.py:587} INFO - Filling up the DagBag from /home/airflow/.local/lib/python3.12/site-packages/airflow/example_dags/example_sensors.py
[2025-07-28T15:50:00.301+0000] {processor.py:925} INFO - DAG(s) 'example_sensors' retrieved from /home/airflow/.local/lib/python3.12/site-packages/airflow/example_dags/example_sensors.py
[2025-07-28T15:50:00.328+0000] {logging_mixin.py:190} INFO - [2025-07-28T15:50:00.328+0000] {dag.py:3229} INFO - Sync 1 DAGs
[2025-07-28T15:50:00.337+0000] {logging_mixin.py:190} INFO - [2025-07-28T15:50:00.337+0000] {dag.py:4156} INFO - Setting next_dagrun for example_sensors to None, run_after=None
[2025-07-28T15:50:00.346+0000] {processor.py:208} INFO - Processing /home/airflow/.local/lib/python3.12/site-packages/airflow/example_dags/example_sensors.py took 0.060 seconds
[2025-07-28T15:50:30.806+0000] {processor.py:186} INFO - Started process (PID=1003) to work on /home/airflow/.local/lib/python3.12/site-packages/airflow/example_dags/example_sensors.py
[2025-07-28T15:50:30.807+0000] {processor.py:914} INFO - Processing file /home/airflow/.local/lib/python3.12/site-packages/airflow/example_dags/example_sensors.py for tasks to queue
[2025-07-28T15:50:30.809+0000] {logging_mixin.py:190} INFO - [2025-07-28T15:50:30.808+0000] {dagbag.py:587} INFO - Filling up the DagBag from /home/airflow/.local/lib/python3.12/site-packages/airflow/example_dags/example_sensors.py
[2025-07-28T15:50:30.814+0000] {processor.py:925} INFO - DAG(s) 'example_sensors' retrieved from /home/airflow/.local/lib/python3.12/site-packages/airflow/example_dags/example_sensors.py
[2025-07-28T15:50:30.825+0000] {logging_mixin.py:190} INFO - [2025-07-28T15:50:30.825+0000] {dag.py:3229} INFO - Sync 1 DAGs
[2025-07-28T15:50:30.836+0000] {logging_mixin.py:190} INFO - [2025-07-28T15:50:30.836+0000] {dag.py:4156} INFO - Setting next_dagrun for example_sensors to None, run_after=None
[2025-07-28T15:50:30.848+0000] {processor.py:208} INFO - Processing /home/airflow/.local/lib/python3.12/site-packages/airflow/example_dags/example_sensors.py took 0.045 seconds
[2025-07-28T15:51:01.909+0000] {processor.py:186} INFO - Started process (PID=1065) to work on /home/airflow/.local/lib/python3.12/site-packages/airflow/example_dags/example_sensors.py
[2025-07-28T15:51:01.909+0000] {processor.py:914} INFO - Processing file /home/airflow/.local/lib/python3.12/site-packages/airflow/example_dags/example_sensors.py for tasks to queue
[2025-07-28T15:51:01.911+0000] {logging_mixin.py:190} INFO - [2025-07-28T15:51:01.911+0000] {dagbag.py:587} INFO - Filling up the DagBag from /home/airflow/.local/lib/python3.12/site-packages/airflow/example_dags/example_sensors.py
[2025-07-28T15:51:01.917+0000] {processor.py:925} INFO - DAG(s) 'example_sensors' retrieved from /home/airflow/.local/lib/python3.12/site-packages/airflow/example_dags/example_sensors.py
[2025-07-28T15:51:01.932+0000] {logging_mixin.py:190} INFO - [2025-07-28T15:51:01.932+0000] {dag.py:3229} INFO - Sync 1 DAGs
[2025-07-28T15:51:01.939+0000] {logging_mixin.py:190} INFO - [2025-07-28T15:51:01.939+0000] {dag.py:4156} INFO - Setting next_dagrun for example_sensors to None, run_after=None
[2025-07-28T15:51:01.955+0000] {processor.py:208} INFO - Processing /home/airflow/.local/lib/python3.12/site-packages/airflow/example_dags/example_sensors.py took 0.050 seconds
[2025-07-28T15:51:32.467+0000] {processor.py:186} INFO - Started process (PID=1127) to work on /home/airflow/.local/lib/python3.12/site-packages/airflow/example_dags/example_sensors.py
[2025-07-28T15:51:32.467+0000] {processor.py:914} INFO - Processing file /home/airflow/.local/lib/python3.12/site-packages/airflow/example_dags/example_sensors.py for tasks to queue
[2025-07-28T15:51:32.469+0000] {logging_mixin.py:190} INFO - [2025-07-28T15:51:32.469+0000] {dagbag.py:587} INFO - Filling up the DagBag from /home/airflow/.local/lib/python3.12/site-packages/airflow/example_dags/example_sensors.py
[2025-07-28T15:51:32.476+0000] {processor.py:925} INFO - DAG(s) 'example_sensors' retrieved from /home/airflow/.local/lib/python3.12/site-packages/airflow/example_dags/example_sensors.py
[2025-07-28T15:51:32.492+0000] {logging_mixin.py:190} INFO - [2025-07-28T15:51:32.492+0000] {dag.py:3229} INFO - Sync 1 DAGs
[2025-07-28T15:51:32.532+0000] {logging_mixin.py:190} INFO - [2025-07-28T15:51:32.531+0000] {dag.py:4156} INFO - Setting next_dagrun for example_sensors to None, run_after=None
[2025-07-28T15:51:32.545+0000] {processor.py:208} INFO - Processing /home/airflow/.local/lib/python3.12/site-packages/airflow/example_dags/example_sensors.py took 0.083 seconds
[2025-07-28T15:52:02.906+0000] {processor.py:186} INFO - Started process (PID=1189) to work on /home/airflow/.local/lib/python3.12/site-packages/airflow/example_dags/example_sensors.py
[2025-07-28T15:52:02.907+0000] {processor.py:914} INFO - Processing file /home/airflow/.local/lib/python3.12/site-packages/airflow/example_dags/example_sensors.py for tasks to queue
[2025-07-28T15:52:02.909+0000] {logging_mixin.py:190} INFO - [2025-07-28T15:52:02.908+0000] {dagbag.py:587} INFO - Filling up the DagBag from /home/airflow/.local/lib/python3.12/site-packages/airflow/example_dags/example_sensors.py
[2025-07-28T15:52:02.914+0000] {processor.py:925} INFO - DAG(s) 'example_sensors' retrieved from /home/airflow/.local/lib/python3.12/site-packages/airflow/example_dags/example_sensors.py
[2025-07-28T15:52:02.926+0000] {logging_mixin.py:190} INFO - [2025-07-28T15:52:02.925+0000] {dag.py:3229} INFO - Sync 1 DAGs
[2025-07-28T15:52:02.932+0000] {logging_mixin.py:190} INFO - [2025-07-28T15:52:02.932+0000] {dag.py:4156} INFO - Setting next_dagrun for example_sensors to None, run_after=None
[2025-07-28T15:52:02.940+0000] {processor.py:208} INFO - Processing /home/airflow/.local/lib/python3.12/site-packages/airflow/example_dags/example_sensors.py took 0.038 seconds
[2025-07-28T15:52:33.962+0000] {processor.py:186} INFO - Started process (PID=1251) to work on /home/airflow/.local/lib/python3.12/site-packages/airflow/example_dags/example_sensors.py
[2025-07-28T15:52:33.963+0000] {processor.py:914} INFO - Processing file /home/airflow/.local/lib/python3.12/site-packages/airflow/example_dags/example_sensors.py for tasks to queue
[2025-07-28T15:52:33.964+0000] {logging_mixin.py:190} INFO - [2025-07-28T15:52:33.964+0000] {dagbag.py:587} INFO - Filling up the DagBag from /home/airflow/.local/lib/python3.12/site-packages/airflow/example_dags/example_sensors.py
[2025-07-28T15:52:33.970+0000] {processor.py:925} INFO - DAG(s) 'example_sensors' retrieved from /home/airflow/.local/lib/python3.12/site-packages/airflow/example_dags/example_sensors.py
[2025-07-28T15:52:33.986+0000] {logging_mixin.py:190} INFO - [2025-07-28T15:52:33.985+0000] {dag.py:3229} INFO - Sync 1 DAGs
[2025-07-28T15:52:33.999+0000] {logging_mixin.py:190} INFO - [2025-07-28T15:52:33.998+0000] {dag.py:4156} INFO - Setting next_dagrun for example_sensors to None, run_after=None
[2025-07-28T15:52:34.008+0000] {processor.py:208} INFO - Processing /home/airflow/.local/lib/python3.12/site-packages/airflow/example_dags/example_sensors.py took 0.050 seconds
[2025-07-28T15:53:04.181+0000] {processor.py:186} INFO - Started process (PID=1313) to work on /home/airflow/.local/lib/python3.12/site-packages/airflow/example_dags/example_sensors.py
[2025-07-28T15:53:04.182+0000] {processor.py:914} INFO - Processing file /home/airflow/.local/lib/python3.12/site-packages/airflow/example_dags/example_sensors.py for tasks to queue
[2025-07-28T15:53:04.183+0000] {logging_mixin.py:190} INFO - [2025-07-28T15:53:04.183+0000] {dagbag.py:587} INFO - Filling up the DagBag from /home/airflow/.local/lib/python3.12/site-packages/airflow/example_dags/example_sensors.py
[2025-07-28T15:53:04.188+0000] {processor.py:925} INFO - DAG(s) 'example_sensors' retrieved from /home/airflow/.local/lib/python3.12/site-packages/airflow/example_dags/example_sensors.py
[2025-07-28T15:53:04.199+0000] {logging_mixin.py:190} INFO - [2025-07-28T15:53:04.199+0000] {dag.py:3229} INFO - Sync 1 DAGs
[2025-07-28T15:53:04.205+0000] {logging_mixin.py:190} INFO - [2025-07-28T15:53:04.205+0000] {dag.py:4156} INFO - Setting next_dagrun for example_sensors to None, run_after=None
[2025-07-28T15:53:04.212+0000] {processor.py:208} INFO - Processing /home/airflow/.local/lib/python3.12/site-packages/airflow/example_dags/example_sensors.py took 0.034 seconds
[2025-07-28T15:53:35.174+0000] {processor.py:186} INFO - Started process (PID=1376) to work on /home/airflow/.local/lib/python3.12/site-packages/airflow/example_dags/example_sensors.py
[2025-07-28T15:53:35.175+0000] {processor.py:914} INFO - Processing file /home/airflow/.local/lib/python3.12/site-packages/airflow/example_dags/example_sensors.py for tasks to queue
[2025-07-28T15:53:35.176+0000] {logging_mixin.py:190} INFO - [2025-07-28T15:53:35.176+0000] {dagbag.py:587} INFO - Filling up the DagBag from /home/airflow/.local/lib/python3.12/site-packages/airflow/example_dags/example_sensors.py
[2025-07-28T15:53:35.181+0000] {processor.py:925} INFO - DAG(s) 'example_sensors' retrieved from /home/airflow/.local/lib/python3.12/site-packages/airflow/example_dags/example_sensors.py
[2025-07-28T15:53:35.193+0000] {logging_mixin.py:190} INFO - [2025-07-28T15:53:35.193+0000] {dag.py:3229} INFO - Sync 1 DAGs
[2025-07-28T15:53:35.199+0000] {logging_mixin.py:190} INFO - [2025-07-28T15:53:35.199+0000] {dag.py:4156} INFO - Setting next_dagrun for example_sensors to None, run_after=None
[2025-07-28T15:53:35.206+0000] {processor.py:208} INFO - Processing /home/airflow/.local/lib/python3.12/site-packages/airflow/example_dags/example_sensors.py took 0.034 seconds
[2025-07-28T15:54:05.988+0000] {processor.py:186} INFO - Started process (PID=1439) to work on /home/airflow/.local/lib/python3.12/site-packages/airflow/example_dags/example_sensors.py
[2025-07-28T15:54:05.991+0000] {processor.py:914} INFO - Processing file /home/airflow/.local/lib/python3.12/site-packages/airflow/example_dags/example_sensors.py for tasks to queue
[2025-07-28T15:54:05.992+0000] {logging_mixin.py:190} INFO - [2025-07-28T15:54:05.992+0000] {dagbag.py:587} INFO - Filling up the DagBag from /home/airflow/.local/lib/python3.12/site-packages/airflow/example_dags/example_sensors.py
[2025-07-28T15:54:05.997+0000] {processor.py:925} INFO - DAG(s) 'example_sensors' retrieved from /home/airflow/.local/lib/python3.12/site-packages/airflow/example_dags/example_sensors.py
[2025-07-28T15:54:06.008+0000] {logging_mixin.py:190} INFO - [2025-07-28T15:54:06.008+0000] {dag.py:3229} INFO - Sync 1 DAGs
[2025-07-28T15:54:06.014+0000] {logging_mixin.py:190} INFO - [2025-07-28T15:54:06.014+0000] {dag.py:4156} INFO - Setting next_dagrun for example_sensors to None, run_after=None
[2025-07-28T15:54:06.026+0000] {processor.py:208} INFO - Processing /home/airflow/.local/lib/python3.12/site-packages/airflow/example_dags/example_sensors.py took 0.040 seconds
[2025-07-28T15:54:36.805+0000] {processor.py:186} INFO - Started process (PID=1502) to work on /home/airflow/.local/lib/python3.12/site-packages/airflow/example_dags/example_sensors.py
[2025-07-28T15:54:36.806+0000] {processor.py:914} INFO - Processing file /home/airflow/.local/lib/python3.12/site-packages/airflow/example_dags/example_sensors.py for tasks to queue
[2025-07-28T15:54:36.807+0000] {logging_mixin.py:190} INFO - [2025-07-28T15:54:36.807+0000] {dagbag.py:587} INFO - Filling up the DagBag from /home/airflow/.local/lib/python3.12/site-packages/airflow/example_dags/example_sensors.py
[2025-07-28T15:54:36.812+0000] {processor.py:925} INFO - DAG(s) 'example_sensors' retrieved from /home/airflow/.local/lib/python3.12/site-packages/airflow/example_dags/example_sensors.py
[2025-07-28T15:54:36.823+0000] {logging_mixin.py:190} INFO - [2025-07-28T15:54:36.823+0000] {dag.py:3229} INFO - Sync 1 DAGs
[2025-07-28T15:54:36.829+0000] {logging_mixin.py:190} INFO - [2025-07-28T15:54:36.829+0000] {dag.py:4156} INFO - Setting next_dagrun for example_sensors to None, run_after=None
[2025-07-28T15:54:36.836+0000] {processor.py:208} INFO - Processing /home/airflow/.local/lib/python3.12/site-packages/airflow/example_dags/example_sensors.py took 0.034 seconds
[2025-07-28T15:55:08.861+0000] {processor.py:186} INFO - Started process (PID=1565) to work on /home/airflow/.local/lib/python3.12/site-packages/airflow/example_dags/example_sensors.py
[2025-07-28T15:55:08.864+0000] {processor.py:914} INFO - Processing file /home/airflow/.local/lib/python3.12/site-packages/airflow/example_dags/example_sensors.py for tasks to queue
[2025-07-28T15:55:08.867+0000] {logging_mixin.py:190} INFO - [2025-07-28T15:55:08.867+0000] {dagbag.py:587} INFO - Filling up the DagBag from /home/airflow/.local/lib/python3.12/site-packages/airflow/example_dags/example_sensors.py
[2025-07-28T15:55:08.876+0000] {processor.py:925} INFO - DAG(s) 'example_sensors' retrieved from /home/airflow/.local/lib/python3.12/site-packages/airflow/example_dags/example_sensors.py
[2025-07-28T15:55:08.980+0000] {logging_mixin.py:190} INFO - [2025-07-28T15:55:08.980+0000] {dag.py:3229} INFO - Sync 1 DAGs
[2025-07-28T15:55:09.031+0000] {logging_mixin.py:190} INFO - [2025-07-28T15:55:09.030+0000] {dag.py:4156} INFO - Setting next_dagrun for example_sensors to None, run_after=None
[2025-07-28T15:55:09.089+0000] {processor.py:208} INFO - Processing /home/airflow/.local/lib/python3.12/site-packages/airflow/example_dags/example_sensors.py took 0.231 seconds
[2025-07-28T15:55:39.510+0000] {processor.py:186} INFO - Started process (PID=1628) to work on /home/airflow/.local/lib/python3.12/site-packages/airflow/example_dags/example_sensors.py
[2025-07-28T15:55:39.512+0000] {processor.py:914} INFO - Processing file /home/airflow/.local/lib/python3.12/site-packages/airflow/example_dags/example_sensors.py for tasks to queue
[2025-07-28T15:55:39.514+0000] {logging_mixin.py:190} INFO - [2025-07-28T15:55:39.514+0000] {dagbag.py:587} INFO - Filling up the DagBag from /home/airflow/.local/lib/python3.12/site-packages/airflow/example_dags/example_sensors.py
[2025-07-28T15:55:39.520+0000] {processor.py:925} INFO - DAG(s) 'example_sensors' retrieved from /home/airflow/.local/lib/python3.12/site-packages/airflow/example_dags/example_sensors.py
[2025-07-28T15:55:39.531+0000] {logging_mixin.py:190} INFO - [2025-07-28T15:55:39.531+0000] {dag.py:3229} INFO - Sync 1 DAGs
[2025-07-28T15:55:39.537+0000] {logging_mixin.py:190} INFO - [2025-07-28T15:55:39.537+0000] {dag.py:4156} INFO - Setting next_dagrun for example_sensors to None, run_after=None
[2025-07-28T15:55:39.550+0000] {processor.py:208} INFO - Processing /home/airflow/.local/lib/python3.12/site-packages/airflow/example_dags/example_sensors.py took 0.044 seconds
[2025-07-28T15:56:10.402+0000] {processor.py:186} INFO - Started process (PID=1691) to work on /home/airflow/.local/lib/python3.12/site-packages/airflow/example_dags/example_sensors.py
[2025-07-28T15:56:10.403+0000] {processor.py:914} INFO - Processing file /home/airflow/.local/lib/python3.12/site-packages/airflow/example_dags/example_sensors.py for tasks to queue
[2025-07-28T15:56:10.405+0000] {logging_mixin.py:190} INFO - [2025-07-28T15:56:10.405+0000] {dagbag.py:587} INFO - Filling up the DagBag from /home/airflow/.local/lib/python3.12/site-packages/airflow/example_dags/example_sensors.py
[2025-07-28T15:56:10.413+0000] {processor.py:925} INFO - DAG(s) 'example_sensors' retrieved from /home/airflow/.local/lib/python3.12/site-packages/airflow/example_dags/example_sensors.py
[2025-07-28T15:56:10.432+0000] {logging_mixin.py:190} INFO - [2025-07-28T15:56:10.431+0000] {dag.py:3229} INFO - Sync 1 DAGs
[2025-07-28T15:56:10.441+0000] {logging_mixin.py:190} INFO - [2025-07-28T15:56:10.440+0000] {dag.py:4156} INFO - Setting next_dagrun for example_sensors to None, run_after=None
[2025-07-28T15:56:10.452+0000] {processor.py:208} INFO - Processing /home/airflow/.local/lib/python3.12/site-packages/airflow/example_dags/example_sensors.py took 0.056 seconds
[2025-07-28T15:56:41.353+0000] {processor.py:186} INFO - Started process (PID=1754) to work on /home/airflow/.local/lib/python3.12/site-packages/airflow/example_dags/example_sensors.py
[2025-07-28T15:56:41.354+0000] {processor.py:914} INFO - Processing file /home/airflow/.local/lib/python3.12/site-packages/airflow/example_dags/example_sensors.py for tasks to queue
[2025-07-28T15:56:41.355+0000] {logging_mixin.py:190} INFO - [2025-07-28T15:56:41.355+0000] {dagbag.py:587} INFO - Filling up the DagBag from /home/airflow/.local/lib/python3.12/site-packages/airflow/example_dags/example_sensors.py
[2025-07-28T15:56:41.364+0000] {processor.py:925} INFO - DAG(s) 'example_sensors' retrieved from /home/airflow/.local/lib/python3.12/site-packages/airflow/example_dags/example_sensors.py
[2025-07-28T15:56:41.387+0000] {logging_mixin.py:190} INFO - [2025-07-28T15:56:41.387+0000] {dag.py:3229} INFO - Sync 1 DAGs
[2025-07-28T15:56:41.410+0000] {logging_mixin.py:190} INFO - [2025-07-28T15:56:41.410+0000] {dag.py:4156} INFO - Setting next_dagrun for example_sensors to None, run_after=None
[2025-07-28T15:56:41.426+0000] {processor.py:208} INFO - Processing /home/airflow/.local/lib/python3.12/site-packages/airflow/example_dags/example_sensors.py took 0.081 seconds
[2025-07-28T15:57:11.876+0000] {processor.py:186} INFO - Started process (PID=1816) to work on /home/airflow/.local/lib/python3.12/site-packages/airflow/example_dags/example_sensors.py
[2025-07-28T15:57:11.877+0000] {processor.py:914} INFO - Processing file /home/airflow/.local/lib/python3.12/site-packages/airflow/example_dags/example_sensors.py for tasks to queue
[2025-07-28T15:57:11.878+0000] {logging_mixin.py:190} INFO - [2025-07-28T15:57:11.877+0000] {dagbag.py:587} INFO - Filling up the DagBag from /home/airflow/.local/lib/python3.12/site-packages/airflow/example_dags/example_sensors.py
[2025-07-28T15:57:11.883+0000] {processor.py:925} INFO - DAG(s) 'example_sensors' retrieved from /home/airflow/.local/lib/python3.12/site-packages/airflow/example_dags/example_sensors.py
[2025-07-28T15:57:11.894+0000] {logging_mixin.py:190} INFO - [2025-07-28T15:57:11.894+0000] {dag.py:3229} INFO - Sync 1 DAGs
[2025-07-28T15:57:11.900+0000] {logging_mixin.py:190} INFO - [2025-07-28T15:57:11.900+0000] {dag.py:4156} INFO - Setting next_dagrun for example_sensors to None, run_after=None
[2025-07-28T15:57:11.907+0000] {processor.py:208} INFO - Processing /home/airflow/.local/lib/python3.12/site-packages/airflow/example_dags/example_sensors.py took 0.033 seconds
[2025-07-28T15:57:43.486+0000] {processor.py:186} INFO - Started process (PID=1879) to work on /home/airflow/.local/lib/python3.12/site-packages/airflow/example_dags/example_sensors.py
[2025-07-28T15:57:43.486+0000] {processor.py:914} INFO - Processing file /home/airflow/.local/lib/python3.12/site-packages/airflow/example_dags/example_sensors.py for tasks to queue
[2025-07-28T15:57:43.489+0000] {logging_mixin.py:190} INFO - [2025-07-28T15:57:43.488+0000] {dagbag.py:587} INFO - Filling up the DagBag from /home/airflow/.local/lib/python3.12/site-packages/airflow/example_dags/example_sensors.py
[2025-07-28T15:57:43.499+0000] {processor.py:925} INFO - DAG(s) 'example_sensors' retrieved from /home/airflow/.local/lib/python3.12/site-packages/airflow/example_dags/example_sensors.py
[2025-07-28T15:57:43.516+0000] {logging_mixin.py:190} INFO - [2025-07-28T15:57:43.516+0000] {dag.py:3229} INFO - Sync 1 DAGs
[2025-07-28T15:57:43.529+0000] {logging_mixin.py:190} INFO - [2025-07-28T15:57:43.529+0000] {dag.py:4156} INFO - Setting next_dagrun for example_sensors to None, run_after=None
[2025-07-28T15:57:43.543+0000] {processor.py:208} INFO - Processing /home/airflow/.local/lib/python3.12/site-packages/airflow/example_dags/example_sensors.py took 0.060 seconds
[2025-07-28T15:58:14.384+0000] {processor.py:186} INFO - Started process (PID=1942) to work on /home/airflow/.local/lib/python3.12/site-packages/airflow/example_dags/example_sensors.py
[2025-07-28T15:58:14.385+0000] {processor.py:914} INFO - Processing file /home/airflow/.local/lib/python3.12/site-packages/airflow/example_dags/example_sensors.py for tasks to queue
[2025-07-28T15:58:14.386+0000] {logging_mixin.py:190} INFO - [2025-07-28T15:58:14.386+0000] {dagbag.py:587} INFO - Filling up the DagBag from /home/airflow/.local/lib/python3.12/site-packages/airflow/example_dags/example_sensors.py
[2025-07-28T15:58:14.392+0000] {processor.py:925} INFO - DAG(s) 'example_sensors' retrieved from /home/airflow/.local/lib/python3.12/site-packages/airflow/example_dags/example_sensors.py
[2025-07-28T15:58:14.404+0000] {logging_mixin.py:190} INFO - [2025-07-28T15:58:14.404+0000] {dag.py:3229} INFO - Sync 1 DAGs
[2025-07-28T15:58:14.410+0000] {logging_mixin.py:190} INFO - [2025-07-28T15:58:14.410+0000] {dag.py:4156} INFO - Setting next_dagrun for example_sensors to None, run_after=None
[2025-07-28T15:58:14.417+0000] {processor.py:208} INFO - Processing /home/airflow/.local/lib/python3.12/site-packages/airflow/example_dags/example_sensors.py took 0.036 seconds
[2025-07-28T15:58:46.498+0000] {processor.py:186} INFO - Started process (PID=2005) to work on /home/airflow/.local/lib/python3.12/site-packages/airflow/example_dags/example_sensors.py
[2025-07-28T15:58:46.517+0000] {processor.py:914} INFO - Processing file /home/airflow/.local/lib/python3.12/site-packages/airflow/example_dags/example_sensors.py for tasks to queue
[2025-07-28T15:58:46.525+0000] {logging_mixin.py:190} INFO - [2025-07-28T15:58:46.524+0000] {dagbag.py:587} INFO - Filling up the DagBag from /home/airflow/.local/lib/python3.12/site-packages/airflow/example_dags/example_sensors.py
[2025-07-28T15:58:46.544+0000] {processor.py:925} INFO - DAG(s) 'example_sensors' retrieved from /home/airflow/.local/lib/python3.12/site-packages/airflow/example_dags/example_sensors.py
[2025-07-28T15:58:46.566+0000] {logging_mixin.py:190} INFO - [2025-07-28T15:58:46.566+0000] {dag.py:3229} INFO - Sync 1 DAGs
[2025-07-28T15:58:46.582+0000] {logging_mixin.py:190} INFO - [2025-07-28T15:58:46.581+0000] {dag.py:4156} INFO - Setting next_dagrun for example_sensors to None, run_after=None
[2025-07-28T15:58:46.598+0000] {processor.py:208} INFO - Processing /home/airflow/.local/lib/python3.12/site-packages/airflow/example_dags/example_sensors.py took 0.159 seconds
[2025-07-28T15:59:16.815+0000] {processor.py:186} INFO - Started process (PID=2067) to work on /home/airflow/.local/lib/python3.12/site-packages/airflow/example_dags/example_sensors.py
[2025-07-28T15:59:16.817+0000] {processor.py:914} INFO - Processing file /home/airflow/.local/lib/python3.12/site-packages/airflow/example_dags/example_sensors.py for tasks to queue
[2025-07-28T15:59:16.819+0000] {logging_mixin.py:190} INFO - [2025-07-28T15:59:16.819+0000] {dagbag.py:587} INFO - Filling up the DagBag from /home/airflow/.local/lib/python3.12/site-packages/airflow/example_dags/example_sensors.py
[2025-07-28T15:59:16.827+0000] {processor.py:925} INFO - DAG(s) 'example_sensors' retrieved from /home/airflow/.local/lib/python3.12/site-packages/airflow/example_dags/example_sensors.py
[2025-07-28T15:59:16.844+0000] {logging_mixin.py:190} INFO - [2025-07-28T15:59:16.844+0000] {dag.py:3229} INFO - Sync 1 DAGs
[2025-07-28T15:59:16.852+0000] {logging_mixin.py:190} INFO - [2025-07-28T15:59:16.851+0000] {dag.py:4156} INFO - Setting next_dagrun for example_sensors to None, run_after=None
[2025-07-28T15:59:16.860+0000] {processor.py:208} INFO - Processing /home/airflow/.local/lib/python3.12/site-packages/airflow/example_dags/example_sensors.py took 0.051 seconds
[2025-07-28T15:59:47.416+0000] {processor.py:186} INFO - Started process (PID=2130) to work on /home/airflow/.local/lib/python3.12/site-packages/airflow/example_dags/example_sensors.py
[2025-07-28T15:59:47.417+0000] {processor.py:914} INFO - Processing file /home/airflow/.local/lib/python3.12/site-packages/airflow/example_dags/example_sensors.py for tasks to queue
[2025-07-28T15:59:47.421+0000] {logging_mixin.py:190} INFO - [2025-07-28T15:59:47.420+0000] {dagbag.py:587} INFO - Filling up the DagBag from /home/airflow/.local/lib/python3.12/site-packages/airflow/example_dags/example_sensors.py
[2025-07-28T15:59:47.432+0000] {processor.py:925} INFO - DAG(s) 'example_sensors' retrieved from /home/airflow/.local/lib/python3.12/site-packages/airflow/example_dags/example_sensors.py
[2025-07-28T15:59:47.459+0000] {logging_mixin.py:190} INFO - [2025-07-28T15:59:47.459+0000] {dag.py:3229} INFO - Sync 1 DAGs
[2025-07-28T15:59:47.471+0000] {logging_mixin.py:190} INFO - [2025-07-28T15:59:47.471+0000] {dag.py:4156} INFO - Setting next_dagrun for example_sensors to None, run_after=None
[2025-07-28T15:59:47.490+0000] {processor.py:208} INFO - Processing /home/airflow/.local/lib/python3.12/site-packages/airflow/example_dags/example_sensors.py took 0.102 seconds
[2025-07-28T16:00:18.295+0000] {processor.py:186} INFO - Started process (PID=2192) to work on /home/airflow/.local/lib/python3.12/site-packages/airflow/example_dags/example_sensors.py
[2025-07-28T16:00:18.296+0000] {processor.py:914} INFO - Processing file /home/airflow/.local/lib/python3.12/site-packages/airflow/example_dags/example_sensors.py for tasks to queue
[2025-07-28T16:00:18.298+0000] {logging_mixin.py:190} INFO - [2025-07-28T16:00:18.298+0000] {dagbag.py:587} INFO - Filling up the DagBag from /home/airflow/.local/lib/python3.12/site-packages/airflow/example_dags/example_sensors.py
[2025-07-28T16:00:18.304+0000] {processor.py:925} INFO - DAG(s) 'example_sensors' retrieved from /home/airflow/.local/lib/python3.12/site-packages/airflow/example_dags/example_sensors.py
[2025-07-28T16:00:18.317+0000] {logging_mixin.py:190} INFO - [2025-07-28T16:00:18.317+0000] {dag.py:3229} INFO - Sync 1 DAGs
[2025-07-28T16:00:18.324+0000] {logging_mixin.py:190} INFO - [2025-07-28T16:00:18.323+0000] {dag.py:4156} INFO - Setting next_dagrun for example_sensors to None, run_after=None
[2025-07-28T16:00:18.331+0000] {processor.py:208} INFO - Processing /home/airflow/.local/lib/python3.12/site-packages/airflow/example_dags/example_sensors.py took 0.041 seconds
[2025-07-28T16:00:49.132+0000] {processor.py:186} INFO - Started process (PID=2255) to work on /home/airflow/.local/lib/python3.12/site-packages/airflow/example_dags/example_sensors.py
[2025-07-28T16:00:49.134+0000] {processor.py:914} INFO - Processing file /home/airflow/.local/lib/python3.12/site-packages/airflow/example_dags/example_sensors.py for tasks to queue
[2025-07-28T16:00:49.135+0000] {logging_mixin.py:190} INFO - [2025-07-28T16:00:49.135+0000] {dagbag.py:587} INFO - Filling up the DagBag from /home/airflow/.local/lib/python3.12/site-packages/airflow/example_dags/example_sensors.py
[2025-07-28T16:00:49.143+0000] {processor.py:925} INFO - DAG(s) 'example_sensors' retrieved from /home/airflow/.local/lib/python3.12/site-packages/airflow/example_dags/example_sensors.py
[2025-07-28T16:00:49.158+0000] {logging_mixin.py:190} INFO - [2025-07-28T16:00:49.158+0000] {dag.py:3229} INFO - Sync 1 DAGs
[2025-07-28T16:00:49.165+0000] {logging_mixin.py:190} INFO - [2025-07-28T16:00:49.165+0000] {dag.py:4156} INFO - Setting next_dagrun for example_sensors to None, run_after=None
[2025-07-28T16:00:49.172+0000] {processor.py:208} INFO - Processing /home/airflow/.local/lib/python3.12/site-packages/airflow/example_dags/example_sensors.py took 0.045 seconds
