[2025-07-28T15:42:50.643+0000] {processor.py:186} INFO - Started process (PID=71) to work on /home/airflow/.local/lib/python3.12/site-packages/airflow/example_dags/example_branch_python_dop_operator_3.py
[2025-07-28T15:42:50.644+0000] {processor.py:914} INFO - Processing file /home/airflow/.local/lib/python3.12/site-packages/airflow/example_dags/example_branch_python_dop_operator_3.py for tasks to queue
[2025-07-28T15:42:50.648+0000] {logging_mixin.py:190} INFO - [2025-07-28T15:42:50.648+0000] {dagbag.py:587} INFO - Filling up the DagBag from /home/airflow/.local/lib/python3.12/site-packages/airflow/example_dags/example_branch_python_dop_operator_3.py
[2025-07-28T15:42:50.659+0000] {processor.py:925} INFO - DAG(s) 'example_branch_dop_operator_v3' retrieved from /home/airflow/.local/lib/python3.12/site-packages/airflow/example_dags/example_branch_python_dop_operator_3.py
[2025-07-28T15:42:50.752+0000] {logging_mixin.py:190} INFO - [2025-07-28T15:42:50.751+0000] {override.py:1900} INFO - Created Permission View: can edit on DAG:example_branch_dop_operator_v3
[2025-07-28T15:42:50.774+0000] {logging_mixin.py:190} INFO - [2025-07-28T15:42:50.773+0000] {override.py:1900} INFO - Created Permission View: can read on DAG:example_branch_dop_operator_v3
[2025-07-28T15:42:50.814+0000] {logging_mixin.py:190} INFO - [2025-07-28T15:42:50.813+0000] {override.py:1900} INFO - Created Permission View: can delete on DAG:example_branch_dop_operator_v3
[2025-07-28T15:42:50.836+0000] {logging_mixin.py:190} INFO - [2025-07-28T15:42:50.836+0000] {override.py:1900} INFO - Created Permission View: can read on DAG Run:example_branch_dop_operator_v3
[2025-07-28T15:42:50.842+0000] {logging_mixin.py:190} INFO - [2025-07-28T15:42:50.841+0000] {override.py:1900} INFO - Created Permission View: can delete on DAG Run:example_branch_dop_operator_v3
[2025-07-28T15:42:50.846+0000] {logging_mixin.py:190} INFO - [2025-07-28T15:42:50.846+0000] {override.py:1900} INFO - Created Permission View: can create on DAG Run:example_branch_dop_operator_v3
[2025-07-28T15:42:50.851+0000] {logging_mixin.py:190} INFO - [2025-07-28T15:42:50.851+0000] {override.py:1900} INFO - Created Permission View: menu access on DAG Run:example_branch_dop_operator_v3
[2025-07-28T15:42:50.852+0000] {logging_mixin.py:190} INFO - [2025-07-28T15:42:50.852+0000] {dag.py:3229} INFO - Sync 1 DAGs
[2025-07-28T15:42:50.868+0000] {logging_mixin.py:190} INFO - [2025-07-28T15:42:50.868+0000] {dag.py:3252} INFO - Creating ORM DAG for example_branch_dop_operator_v3
[2025-07-28T15:42:50.879+0000] {logging_mixin.py:190} INFO - [2025-07-28T15:42:50.879+0000] {dag.py:4156} INFO - Setting next_dagrun for example_branch_dop_operator_v3 to 2025-07-28 15:41:00+00:00, run_after=2025-07-28 15:42:00+00:00
[2025-07-28T15:42:50.922+0000] {processor.py:208} INFO - Processing /home/airflow/.local/lib/python3.12/site-packages/airflow/example_dags/example_branch_python_dop_operator_3.py took 0.292 seconds
[2025-07-28T15:43:21.312+0000] {processor.py:186} INFO - Started process (PID=133) to work on /home/airflow/.local/lib/python3.12/site-packages/airflow/example_dags/example_branch_python_dop_operator_3.py
[2025-07-28T15:43:21.313+0000] {processor.py:914} INFO - Processing file /home/airflow/.local/lib/python3.12/site-packages/airflow/example_dags/example_branch_python_dop_operator_3.py for tasks to queue
[2025-07-28T15:43:21.314+0000] {logging_mixin.py:190} INFO - [2025-07-28T15:43:21.314+0000] {dagbag.py:587} INFO - Filling up the DagBag from /home/airflow/.local/lib/python3.12/site-packages/airflow/example_dags/example_branch_python_dop_operator_3.py
[2025-07-28T15:43:21.320+0000] {processor.py:925} INFO - DAG(s) 'example_branch_dop_operator_v3' retrieved from /home/airflow/.local/lib/python3.12/site-packages/airflow/example_dags/example_branch_python_dop_operator_3.py
[2025-07-28T15:43:21.331+0000] {logging_mixin.py:190} INFO - [2025-07-28T15:43:21.330+0000] {dag.py:3229} INFO - Sync 1 DAGs
[2025-07-28T15:43:21.342+0000] {logging_mixin.py:190} INFO - [2025-07-28T15:43:21.342+0000] {dag.py:4156} INFO - Setting next_dagrun for example_branch_dop_operator_v3 to 2025-07-28 15:42:00+00:00, run_after=2025-07-28 15:43:00+00:00
[2025-07-28T15:43:21.349+0000] {processor.py:208} INFO - Processing /home/airflow/.local/lib/python3.12/site-packages/airflow/example_dags/example_branch_python_dop_operator_3.py took 0.040 seconds
[2025-07-28T15:43:52.169+0000] {processor.py:186} INFO - Started process (PID=195) to work on /home/airflow/.local/lib/python3.12/site-packages/airflow/example_dags/example_branch_python_dop_operator_3.py
[2025-07-28T15:43:52.172+0000] {processor.py:914} INFO - Processing file /home/airflow/.local/lib/python3.12/site-packages/airflow/example_dags/example_branch_python_dop_operator_3.py for tasks to queue
[2025-07-28T15:43:52.173+0000] {logging_mixin.py:190} INFO - [2025-07-28T15:43:52.173+0000] {dagbag.py:587} INFO - Filling up the DagBag from /home/airflow/.local/lib/python3.12/site-packages/airflow/example_dags/example_branch_python_dop_operator_3.py
[2025-07-28T15:43:52.179+0000] {processor.py:925} INFO - DAG(s) 'example_branch_dop_operator_v3' retrieved from /home/airflow/.local/lib/python3.12/site-packages/airflow/example_dags/example_branch_python_dop_operator_3.py
[2025-07-28T15:43:52.188+0000] {logging_mixin.py:190} INFO - [2025-07-28T15:43:52.188+0000] {dag.py:3229} INFO - Sync 1 DAGs
[2025-07-28T15:43:52.205+0000] {logging_mixin.py:190} INFO - [2025-07-28T15:43:52.205+0000] {dag.py:4156} INFO - Setting next_dagrun for example_branch_dop_operator_v3 to 2025-07-28 15:42:00+00:00, run_after=2025-07-28 15:43:00+00:00
[2025-07-28T15:43:52.213+0000] {processor.py:208} INFO - Processing /home/airflow/.local/lib/python3.12/site-packages/airflow/example_dags/example_branch_python_dop_operator_3.py took 0.047 seconds
[2025-07-28T15:44:22.766+0000] {processor.py:186} INFO - Started process (PID=257) to work on /home/airflow/.local/lib/python3.12/site-packages/airflow/example_dags/example_branch_python_dop_operator_3.py
[2025-07-28T15:44:22.766+0000] {processor.py:914} INFO - Processing file /home/airflow/.local/lib/python3.12/site-packages/airflow/example_dags/example_branch_python_dop_operator_3.py for tasks to queue
[2025-07-28T15:44:22.767+0000] {logging_mixin.py:190} INFO - [2025-07-28T15:44:22.767+0000] {dagbag.py:587} INFO - Filling up the DagBag from /home/airflow/.local/lib/python3.12/site-packages/airflow/example_dags/example_branch_python_dop_operator_3.py
[2025-07-28T15:44:22.772+0000] {processor.py:925} INFO - DAG(s) 'example_branch_dop_operator_v3' retrieved from /home/airflow/.local/lib/python3.12/site-packages/airflow/example_dags/example_branch_python_dop_operator_3.py
[2025-07-28T15:44:22.782+0000] {logging_mixin.py:190} INFO - [2025-07-28T15:44:22.782+0000] {dag.py:3229} INFO - Sync 1 DAGs
[2025-07-28T15:44:22.794+0000] {logging_mixin.py:190} INFO - [2025-07-28T15:44:22.794+0000] {dag.py:4156} INFO - Setting next_dagrun for example_branch_dop_operator_v3 to 2025-07-28 15:43:00+00:00, run_after=2025-07-28 15:44:00+00:00
[2025-07-28T15:44:22.801+0000] {processor.py:208} INFO - Processing /home/airflow/.local/lib/python3.12/site-packages/airflow/example_dags/example_branch_python_dop_operator_3.py took 0.038 seconds
[2025-07-28T15:44:53.233+0000] {processor.py:186} INFO - Started process (PID=319) to work on /home/airflow/.local/lib/python3.12/site-packages/airflow/example_dags/example_branch_python_dop_operator_3.py
[2025-07-28T15:44:53.234+0000] {processor.py:914} INFO - Processing file /home/airflow/.local/lib/python3.12/site-packages/airflow/example_dags/example_branch_python_dop_operator_3.py for tasks to queue
[2025-07-28T15:44:53.235+0000] {logging_mixin.py:190} INFO - [2025-07-28T15:44:53.235+0000] {dagbag.py:587} INFO - Filling up the DagBag from /home/airflow/.local/lib/python3.12/site-packages/airflow/example_dags/example_branch_python_dop_operator_3.py
[2025-07-28T15:44:53.241+0000] {processor.py:925} INFO - DAG(s) 'example_branch_dop_operator_v3' retrieved from /home/airflow/.local/lib/python3.12/site-packages/airflow/example_dags/example_branch_python_dop_operator_3.py
[2025-07-28T15:44:53.253+0000] {logging_mixin.py:190} INFO - [2025-07-28T15:44:53.253+0000] {dag.py:3229} INFO - Sync 1 DAGs
[2025-07-28T15:44:53.265+0000] {logging_mixin.py:190} INFO - [2025-07-28T15:44:53.265+0000] {dag.py:4156} INFO - Setting next_dagrun for example_branch_dop_operator_v3 to 2025-07-28 15:43:00+00:00, run_after=2025-07-28 15:44:00+00:00
[2025-07-28T15:44:53.273+0000] {processor.py:208} INFO - Processing /home/airflow/.local/lib/python3.12/site-packages/airflow/example_dags/example_branch_python_dop_operator_3.py took 0.046 seconds
[2025-07-28T15:45:23.963+0000] {processor.py:186} INFO - Started process (PID=381) to work on /home/airflow/.local/lib/python3.12/site-packages/airflow/example_dags/example_branch_python_dop_operator_3.py
[2025-07-28T15:45:23.964+0000] {processor.py:914} INFO - Processing file /home/airflow/.local/lib/python3.12/site-packages/airflow/example_dags/example_branch_python_dop_operator_3.py for tasks to queue
[2025-07-28T15:45:23.965+0000] {logging_mixin.py:190} INFO - [2025-07-28T15:45:23.965+0000] {dagbag.py:587} INFO - Filling up the DagBag from /home/airflow/.local/lib/python3.12/site-packages/airflow/example_dags/example_branch_python_dop_operator_3.py
[2025-07-28T15:45:23.970+0000] {processor.py:925} INFO - DAG(s) 'example_branch_dop_operator_v3' retrieved from /home/airflow/.local/lib/python3.12/site-packages/airflow/example_dags/example_branch_python_dop_operator_3.py
[2025-07-28T15:45:23.986+0000] {logging_mixin.py:190} INFO - [2025-07-28T15:45:23.986+0000] {dag.py:3229} INFO - Sync 1 DAGs
[2025-07-28T15:45:24.003+0000] {logging_mixin.py:190} INFO - [2025-07-28T15:45:24.003+0000] {dag.py:4156} INFO - Setting next_dagrun for example_branch_dop_operator_v3 to 2025-07-28 15:44:00+00:00, run_after=2025-07-28 15:45:00+00:00
[2025-07-28T15:45:24.014+0000] {processor.py:208} INFO - Processing /home/airflow/.local/lib/python3.12/site-packages/airflow/example_dags/example_branch_python_dop_operator_3.py took 0.055 seconds
[2025-07-28T15:45:54.916+0000] {processor.py:186} INFO - Started process (PID=443) to work on /home/airflow/.local/lib/python3.12/site-packages/airflow/example_dags/example_branch_python_dop_operator_3.py
[2025-07-28T15:45:54.917+0000] {processor.py:914} INFO - Processing file /home/airflow/.local/lib/python3.12/site-packages/airflow/example_dags/example_branch_python_dop_operator_3.py for tasks to queue
[2025-07-28T15:45:54.918+0000] {logging_mixin.py:190} INFO - [2025-07-28T15:45:54.918+0000] {dagbag.py:587} INFO - Filling up the DagBag from /home/airflow/.local/lib/python3.12/site-packages/airflow/example_dags/example_branch_python_dop_operator_3.py
[2025-07-28T15:45:54.923+0000] {processor.py:925} INFO - DAG(s) 'example_branch_dop_operator_v3' retrieved from /home/airflow/.local/lib/python3.12/site-packages/airflow/example_dags/example_branch_python_dop_operator_3.py
[2025-07-28T15:45:54.933+0000] {logging_mixin.py:190} INFO - [2025-07-28T15:45:54.933+0000] {dag.py:3229} INFO - Sync 1 DAGs
[2025-07-28T15:45:54.948+0000] {logging_mixin.py:190} INFO - [2025-07-28T15:45:54.948+0000] {dag.py:4156} INFO - Setting next_dagrun for example_branch_dop_operator_v3 to 2025-07-28 15:44:00+00:00, run_after=2025-07-28 15:45:00+00:00
[2025-07-28T15:45:54.960+0000] {processor.py:208} INFO - Processing /home/airflow/.local/lib/python3.12/site-packages/airflow/example_dags/example_branch_python_dop_operator_3.py took 0.047 seconds
[2025-07-28T15:46:25.463+0000] {processor.py:186} INFO - Started process (PID=505) to work on /home/airflow/.local/lib/python3.12/site-packages/airflow/example_dags/example_branch_python_dop_operator_3.py
[2025-07-28T15:46:25.464+0000] {processor.py:914} INFO - Processing file /home/airflow/.local/lib/python3.12/site-packages/airflow/example_dags/example_branch_python_dop_operator_3.py for tasks to queue
[2025-07-28T15:46:25.465+0000] {logging_mixin.py:190} INFO - [2025-07-28T15:46:25.465+0000] {dagbag.py:587} INFO - Filling up the DagBag from /home/airflow/.local/lib/python3.12/site-packages/airflow/example_dags/example_branch_python_dop_operator_3.py
[2025-07-28T15:46:25.470+0000] {processor.py:925} INFO - DAG(s) 'example_branch_dop_operator_v3' retrieved from /home/airflow/.local/lib/python3.12/site-packages/airflow/example_dags/example_branch_python_dop_operator_3.py
[2025-07-28T15:46:25.479+0000] {logging_mixin.py:190} INFO - [2025-07-28T15:46:25.479+0000] {dag.py:3229} INFO - Sync 1 DAGs
[2025-07-28T15:46:25.490+0000] {logging_mixin.py:190} INFO - [2025-07-28T15:46:25.490+0000] {dag.py:4156} INFO - Setting next_dagrun for example_branch_dop_operator_v3 to 2025-07-28 15:45:00+00:00, run_after=2025-07-28 15:46:00+00:00
[2025-07-28T15:46:25.499+0000] {processor.py:208} INFO - Processing /home/airflow/.local/lib/python3.12/site-packages/airflow/example_dags/example_branch_python_dop_operator_3.py took 0.039 seconds
[2025-07-28T15:46:55.991+0000] {processor.py:186} INFO - Started process (PID=567) to work on /home/airflow/.local/lib/python3.12/site-packages/airflow/example_dags/example_branch_python_dop_operator_3.py
[2025-07-28T15:46:55.991+0000] {processor.py:914} INFO - Processing file /home/airflow/.local/lib/python3.12/site-packages/airflow/example_dags/example_branch_python_dop_operator_3.py for tasks to queue
[2025-07-28T15:46:55.992+0000] {logging_mixin.py:190} INFO - [2025-07-28T15:46:55.992+0000] {dagbag.py:587} INFO - Filling up the DagBag from /home/airflow/.local/lib/python3.12/site-packages/airflow/example_dags/example_branch_python_dop_operator_3.py
[2025-07-28T15:46:55.999+0000] {processor.py:925} INFO - DAG(s) 'example_branch_dop_operator_v3' retrieved from /home/airflow/.local/lib/python3.12/site-packages/airflow/example_dags/example_branch_python_dop_operator_3.py
[2025-07-28T15:46:56.012+0000] {logging_mixin.py:190} INFO - [2025-07-28T15:46:56.012+0000] {dag.py:3229} INFO - Sync 1 DAGs
[2025-07-28T15:46:56.033+0000] {logging_mixin.py:190} INFO - [2025-07-28T15:46:56.033+0000] {dag.py:4156} INFO - Setting next_dagrun for example_branch_dop_operator_v3 to 2025-07-28 15:45:00+00:00, run_after=2025-07-28 15:46:00+00:00
[2025-07-28T15:46:56.093+0000] {processor.py:208} INFO - Processing /home/airflow/.local/lib/python3.12/site-packages/airflow/example_dags/example_branch_python_dop_operator_3.py took 0.106 seconds
[2025-07-28T15:47:26.693+0000] {processor.py:186} INFO - Started process (PID=629) to work on /home/airflow/.local/lib/python3.12/site-packages/airflow/example_dags/example_branch_python_dop_operator_3.py
[2025-07-28T15:47:26.694+0000] {processor.py:914} INFO - Processing file /home/airflow/.local/lib/python3.12/site-packages/airflow/example_dags/example_branch_python_dop_operator_3.py for tasks to queue
[2025-07-28T15:47:26.695+0000] {logging_mixin.py:190} INFO - [2025-07-28T15:47:26.695+0000] {dagbag.py:587} INFO - Filling up the DagBag from /home/airflow/.local/lib/python3.12/site-packages/airflow/example_dags/example_branch_python_dop_operator_3.py
[2025-07-28T15:47:26.700+0000] {processor.py:925} INFO - DAG(s) 'example_branch_dop_operator_v3' retrieved from /home/airflow/.local/lib/python3.12/site-packages/airflow/example_dags/example_branch_python_dop_operator_3.py
[2025-07-28T15:47:26.710+0000] {logging_mixin.py:190} INFO - [2025-07-28T15:47:26.710+0000] {dag.py:3229} INFO - Sync 1 DAGs
[2025-07-28T15:47:26.722+0000] {logging_mixin.py:190} INFO - [2025-07-28T15:47:26.722+0000] {dag.py:4156} INFO - Setting next_dagrun for example_branch_dop_operator_v3 to 2025-07-28 15:46:00+00:00, run_after=2025-07-28 15:47:00+00:00
[2025-07-28T15:47:26.729+0000] {processor.py:208} INFO - Processing /home/airflow/.local/lib/python3.12/site-packages/airflow/example_dags/example_branch_python_dop_operator_3.py took 0.040 seconds
[2025-07-28T15:47:57.558+0000] {processor.py:186} INFO - Started process (PID=691) to work on /home/airflow/.local/lib/python3.12/site-packages/airflow/example_dags/example_branch_python_dop_operator_3.py
[2025-07-28T15:47:57.559+0000] {processor.py:914} INFO - Processing file /home/airflow/.local/lib/python3.12/site-packages/airflow/example_dags/example_branch_python_dop_operator_3.py for tasks to queue
[2025-07-28T15:47:57.562+0000] {logging_mixin.py:190} INFO - [2025-07-28T15:47:57.562+0000] {dagbag.py:587} INFO - Filling up the DagBag from /home/airflow/.local/lib/python3.12/site-packages/airflow/example_dags/example_branch_python_dop_operator_3.py
[2025-07-28T15:47:57.572+0000] {processor.py:925} INFO - DAG(s) 'example_branch_dop_operator_v3' retrieved from /home/airflow/.local/lib/python3.12/site-packages/airflow/example_dags/example_branch_python_dop_operator_3.py
[2025-07-28T15:47:57.617+0000] {logging_mixin.py:190} INFO - [2025-07-28T15:47:57.616+0000] {dag.py:3229} INFO - Sync 1 DAGs
[2025-07-28T15:47:57.652+0000] {logging_mixin.py:190} INFO - [2025-07-28T15:47:57.652+0000] {dag.py:4156} INFO - Setting next_dagrun for example_branch_dop_operator_v3 to 2025-07-28 15:46:00+00:00, run_after=2025-07-28 15:47:00+00:00
[2025-07-28T15:47:57.670+0000] {processor.py:208} INFO - Processing /home/airflow/.local/lib/python3.12/site-packages/airflow/example_dags/example_branch_python_dop_operator_3.py took 0.116 seconds
[2025-07-28T15:48:28.073+0000] {processor.py:186} INFO - Started process (PID=753) to work on /home/airflow/.local/lib/python3.12/site-packages/airflow/example_dags/example_branch_python_dop_operator_3.py
[2025-07-28T15:48:28.078+0000] {processor.py:914} INFO - Processing file /home/airflow/.local/lib/python3.12/site-packages/airflow/example_dags/example_branch_python_dop_operator_3.py for tasks to queue
[2025-07-28T15:48:28.089+0000] {logging_mixin.py:190} INFO - [2025-07-28T15:48:28.088+0000] {dagbag.py:587} INFO - Filling up the DagBag from /home/airflow/.local/lib/python3.12/site-packages/airflow/example_dags/example_branch_python_dop_operator_3.py
[2025-07-28T15:48:28.113+0000] {processor.py:925} INFO - DAG(s) 'example_branch_dop_operator_v3' retrieved from /home/airflow/.local/lib/python3.12/site-packages/airflow/example_dags/example_branch_python_dop_operator_3.py
[2025-07-28T15:48:28.140+0000] {logging_mixin.py:190} INFO - [2025-07-28T15:48:28.140+0000] {dag.py:3229} INFO - Sync 1 DAGs
[2025-07-28T15:48:28.176+0000] {logging_mixin.py:190} INFO - [2025-07-28T15:48:28.176+0000] {dag.py:4156} INFO - Setting next_dagrun for example_branch_dop_operator_v3 to 2025-07-28 15:47:00+00:00, run_after=2025-07-28 15:48:00+00:00
[2025-07-28T15:48:28.186+0000] {processor.py:208} INFO - Processing /home/airflow/.local/lib/python3.12/site-packages/airflow/example_dags/example_branch_python_dop_operator_3.py took 0.123 seconds
[2025-07-28T15:48:59.074+0000] {processor.py:186} INFO - Started process (PID=815) to work on /home/airflow/.local/lib/python3.12/site-packages/airflow/example_dags/example_branch_python_dop_operator_3.py
[2025-07-28T15:48:59.077+0000] {processor.py:914} INFO - Processing file /home/airflow/.local/lib/python3.12/site-packages/airflow/example_dags/example_branch_python_dop_operator_3.py for tasks to queue
[2025-07-28T15:48:59.079+0000] {logging_mixin.py:190} INFO - [2025-07-28T15:48:59.079+0000] {dagbag.py:587} INFO - Filling up the DagBag from /home/airflow/.local/lib/python3.12/site-packages/airflow/example_dags/example_branch_python_dop_operator_3.py
[2025-07-28T15:48:59.084+0000] {processor.py:925} INFO - DAG(s) 'example_branch_dop_operator_v3' retrieved from /home/airflow/.local/lib/python3.12/site-packages/airflow/example_dags/example_branch_python_dop_operator_3.py
[2025-07-28T15:48:59.094+0000] {logging_mixin.py:190} INFO - [2025-07-28T15:48:59.094+0000] {dag.py:3229} INFO - Sync 1 DAGs
[2025-07-28T15:48:59.106+0000] {logging_mixin.py:190} INFO - [2025-07-28T15:48:59.106+0000] {dag.py:4156} INFO - Setting next_dagrun for example_branch_dop_operator_v3 to 2025-07-28 15:47:00+00:00, run_after=2025-07-28 15:48:00+00:00
[2025-07-28T15:48:59.114+0000] {processor.py:208} INFO - Processing /home/airflow/.local/lib/python3.12/site-packages/airflow/example_dags/example_branch_python_dop_operator_3.py took 0.042 seconds
[2025-07-28T15:49:29.669+0000] {processor.py:186} INFO - Started process (PID=877) to work on /home/airflow/.local/lib/python3.12/site-packages/airflow/example_dags/example_branch_python_dop_operator_3.py
[2025-07-28T15:49:29.670+0000] {processor.py:914} INFO - Processing file /home/airflow/.local/lib/python3.12/site-packages/airflow/example_dags/example_branch_python_dop_operator_3.py for tasks to queue
[2025-07-28T15:49:29.673+0000] {logging_mixin.py:190} INFO - [2025-07-28T15:49:29.673+0000] {dagbag.py:587} INFO - Filling up the DagBag from /home/airflow/.local/lib/python3.12/site-packages/airflow/example_dags/example_branch_python_dop_operator_3.py
[2025-07-28T15:49:29.678+0000] {processor.py:925} INFO - DAG(s) 'example_branch_dop_operator_v3' retrieved from /home/airflow/.local/lib/python3.12/site-packages/airflow/example_dags/example_branch_python_dop_operator_3.py
[2025-07-28T15:49:29.687+0000] {logging_mixin.py:190} INFO - [2025-07-28T15:49:29.687+0000] {dag.py:3229} INFO - Sync 1 DAGs
[2025-07-28T15:49:29.698+0000] {logging_mixin.py:190} INFO - [2025-07-28T15:49:29.698+0000] {dag.py:4156} INFO - Setting next_dagrun for example_branch_dop_operator_v3 to 2025-07-28 15:48:00+00:00, run_after=2025-07-28 15:49:00+00:00
[2025-07-28T15:49:29.705+0000] {processor.py:208} INFO - Processing /home/airflow/.local/lib/python3.12/site-packages/airflow/example_dags/example_branch_python_dop_operator_3.py took 0.039 seconds
[2025-07-28T15:50:00.210+0000] {processor.py:186} INFO - Started process (PID=939) to work on /home/airflow/.local/lib/python3.12/site-packages/airflow/example_dags/example_branch_python_dop_operator_3.py
[2025-07-28T15:50:00.212+0000] {processor.py:914} INFO - Processing file /home/airflow/.local/lib/python3.12/site-packages/airflow/example_dags/example_branch_python_dop_operator_3.py for tasks to queue
[2025-07-28T15:50:00.214+0000] {logging_mixin.py:190} INFO - [2025-07-28T15:50:00.214+0000] {dagbag.py:587} INFO - Filling up the DagBag from /home/airflow/.local/lib/python3.12/site-packages/airflow/example_dags/example_branch_python_dop_operator_3.py
[2025-07-28T15:50:00.221+0000] {processor.py:925} INFO - DAG(s) 'example_branch_dop_operator_v3' retrieved from /home/airflow/.local/lib/python3.12/site-packages/airflow/example_dags/example_branch_python_dop_operator_3.py
[2025-07-28T15:50:00.246+0000] {logging_mixin.py:190} INFO - [2025-07-28T15:50:00.246+0000] {dag.py:3229} INFO - Sync 1 DAGs
[2025-07-28T15:50:00.263+0000] {logging_mixin.py:190} INFO - [2025-07-28T15:50:00.263+0000] {dag.py:4156} INFO - Setting next_dagrun for example_branch_dop_operator_v3 to 2025-07-28 15:49:00+00:00, run_after=2025-07-28 15:50:00+00:00
[2025-07-28T15:50:00.271+0000] {processor.py:208} INFO - Processing /home/airflow/.local/lib/python3.12/site-packages/airflow/example_dags/example_branch_python_dop_operator_3.py took 0.065 seconds
[2025-07-28T15:50:30.749+0000] {processor.py:186} INFO - Started process (PID=1001) to work on /home/airflow/.local/lib/python3.12/site-packages/airflow/example_dags/example_branch_python_dop_operator_3.py
[2025-07-28T15:50:30.750+0000] {processor.py:914} INFO - Processing file /home/airflow/.local/lib/python3.12/site-packages/airflow/example_dags/example_branch_python_dop_operator_3.py for tasks to queue
[2025-07-28T15:50:30.751+0000] {logging_mixin.py:190} INFO - [2025-07-28T15:50:30.751+0000] {dagbag.py:587} INFO - Filling up the DagBag from /home/airflow/.local/lib/python3.12/site-packages/airflow/example_dags/example_branch_python_dop_operator_3.py
[2025-07-28T15:50:30.755+0000] {processor.py:925} INFO - DAG(s) 'example_branch_dop_operator_v3' retrieved from /home/airflow/.local/lib/python3.12/site-packages/airflow/example_dags/example_branch_python_dop_operator_3.py
[2025-07-28T15:50:30.766+0000] {logging_mixin.py:190} INFO - [2025-07-28T15:50:30.766+0000] {dag.py:3229} INFO - Sync 1 DAGs
[2025-07-28T15:50:30.781+0000] {logging_mixin.py:190} INFO - [2025-07-28T15:50:30.781+0000] {dag.py:4156} INFO - Setting next_dagrun for example_branch_dop_operator_v3 to 2025-07-28 15:49:00+00:00, run_after=2025-07-28 15:50:00+00:00
[2025-07-28T15:50:30.791+0000] {processor.py:208} INFO - Processing /home/airflow/.local/lib/python3.12/site-packages/airflow/example_dags/example_branch_python_dop_operator_3.py took 0.046 seconds
[2025-07-28T15:51:01.848+0000] {processor.py:186} INFO - Started process (PID=1063) to work on /home/airflow/.local/lib/python3.12/site-packages/airflow/example_dags/example_branch_python_dop_operator_3.py
[2025-07-28T15:51:01.849+0000] {processor.py:914} INFO - Processing file /home/airflow/.local/lib/python3.12/site-packages/airflow/example_dags/example_branch_python_dop_operator_3.py for tasks to queue
[2025-07-28T15:51:01.851+0000] {logging_mixin.py:190} INFO - [2025-07-28T15:51:01.851+0000] {dagbag.py:587} INFO - Filling up the DagBag from /home/airflow/.local/lib/python3.12/site-packages/airflow/example_dags/example_branch_python_dop_operator_3.py
[2025-07-28T15:51:01.859+0000] {processor.py:925} INFO - DAG(s) 'example_branch_dop_operator_v3' retrieved from /home/airflow/.local/lib/python3.12/site-packages/airflow/example_dags/example_branch_python_dop_operator_3.py
[2025-07-28T15:51:01.869+0000] {logging_mixin.py:190} INFO - [2025-07-28T15:51:01.869+0000] {dag.py:3229} INFO - Sync 1 DAGs
[2025-07-28T15:51:01.881+0000] {logging_mixin.py:190} INFO - [2025-07-28T15:51:01.881+0000] {dag.py:4156} INFO - Setting next_dagrun for example_branch_dop_operator_v3 to 2025-07-28 15:50:00+00:00, run_after=2025-07-28 15:51:00+00:00
[2025-07-28T15:51:01.891+0000] {processor.py:208} INFO - Processing /home/airflow/.local/lib/python3.12/site-packages/airflow/example_dags/example_branch_python_dop_operator_3.py took 0.046 seconds
[2025-07-28T15:51:32.392+0000] {processor.py:186} INFO - Started process (PID=1125) to work on /home/airflow/.local/lib/python3.12/site-packages/airflow/example_dags/example_branch_python_dop_operator_3.py
[2025-07-28T15:51:32.393+0000] {processor.py:914} INFO - Processing file /home/airflow/.local/lib/python3.12/site-packages/airflow/example_dags/example_branch_python_dop_operator_3.py for tasks to queue
[2025-07-28T15:51:32.395+0000] {logging_mixin.py:190} INFO - [2025-07-28T15:51:32.395+0000] {dagbag.py:587} INFO - Filling up the DagBag from /home/airflow/.local/lib/python3.12/site-packages/airflow/example_dags/example_branch_python_dop_operator_3.py
[2025-07-28T15:51:32.403+0000] {processor.py:925} INFO - DAG(s) 'example_branch_dop_operator_v3' retrieved from /home/airflow/.local/lib/python3.12/site-packages/airflow/example_dags/example_branch_python_dop_operator_3.py
[2025-07-28T15:51:32.422+0000] {logging_mixin.py:190} INFO - [2025-07-28T15:51:32.421+0000] {dag.py:3229} INFO - Sync 1 DAGs
[2025-07-28T15:51:32.435+0000] {logging_mixin.py:190} INFO - [2025-07-28T15:51:32.435+0000] {dag.py:4156} INFO - Setting next_dagrun for example_branch_dop_operator_v3 to 2025-07-28 15:50:00+00:00, run_after=2025-07-28 15:51:00+00:00
[2025-07-28T15:51:32.444+0000] {processor.py:208} INFO - Processing /home/airflow/.local/lib/python3.12/site-packages/airflow/example_dags/example_branch_python_dop_operator_3.py took 0.056 seconds
[2025-07-28T15:52:02.842+0000] {processor.py:186} INFO - Started process (PID=1187) to work on /home/airflow/.local/lib/python3.12/site-packages/airflow/example_dags/example_branch_python_dop_operator_3.py
[2025-07-28T15:52:02.843+0000] {processor.py:914} INFO - Processing file /home/airflow/.local/lib/python3.12/site-packages/airflow/example_dags/example_branch_python_dop_operator_3.py for tasks to queue
[2025-07-28T15:52:02.846+0000] {logging_mixin.py:190} INFO - [2025-07-28T15:52:02.845+0000] {dagbag.py:587} INFO - Filling up the DagBag from /home/airflow/.local/lib/python3.12/site-packages/airflow/example_dags/example_branch_python_dop_operator_3.py
[2025-07-28T15:52:02.852+0000] {processor.py:925} INFO - DAG(s) 'example_branch_dop_operator_v3' retrieved from /home/airflow/.local/lib/python3.12/site-packages/airflow/example_dags/example_branch_python_dop_operator_3.py
[2025-07-28T15:52:02.862+0000] {logging_mixin.py:190} INFO - [2025-07-28T15:52:02.862+0000] {dag.py:3229} INFO - Sync 1 DAGs
[2025-07-28T15:52:02.874+0000] {logging_mixin.py:190} INFO - [2025-07-28T15:52:02.874+0000] {dag.py:4156} INFO - Setting next_dagrun for example_branch_dop_operator_v3 to 2025-07-28 15:51:00+00:00, run_after=2025-07-28 15:52:00+00:00
[2025-07-28T15:52:02.882+0000] {processor.py:208} INFO - Processing /home/airflow/.local/lib/python3.12/site-packages/airflow/example_dags/example_branch_python_dop_operator_3.py took 0.042 seconds
[2025-07-28T15:52:33.897+0000] {processor.py:186} INFO - Started process (PID=1249) to work on /home/airflow/.local/lib/python3.12/site-packages/airflow/example_dags/example_branch_python_dop_operator_3.py
[2025-07-28T15:52:33.899+0000] {processor.py:914} INFO - Processing file /home/airflow/.local/lib/python3.12/site-packages/airflow/example_dags/example_branch_python_dop_operator_3.py for tasks to queue
[2025-07-28T15:52:33.901+0000] {logging_mixin.py:190} INFO - [2025-07-28T15:52:33.900+0000] {dagbag.py:587} INFO - Filling up the DagBag from /home/airflow/.local/lib/python3.12/site-packages/airflow/example_dags/example_branch_python_dop_operator_3.py
[2025-07-28T15:52:33.909+0000] {processor.py:925} INFO - DAG(s) 'example_branch_dop_operator_v3' retrieved from /home/airflow/.local/lib/python3.12/site-packages/airflow/example_dags/example_branch_python_dop_operator_3.py
[2025-07-28T15:52:33.921+0000] {logging_mixin.py:190} INFO - [2025-07-28T15:52:33.921+0000] {dag.py:3229} INFO - Sync 1 DAGs
[2025-07-28T15:52:33.937+0000] {logging_mixin.py:190} INFO - [2025-07-28T15:52:33.937+0000] {dag.py:4156} INFO - Setting next_dagrun for example_branch_dop_operator_v3 to 2025-07-28 15:51:00+00:00, run_after=2025-07-28 15:52:00+00:00
[2025-07-28T15:52:33.946+0000] {processor.py:208} INFO - Processing /home/airflow/.local/lib/python3.12/site-packages/airflow/example_dags/example_branch_python_dop_operator_3.py took 0.055 seconds
[2025-07-28T15:53:04.123+0000] {processor.py:186} INFO - Started process (PID=1311) to work on /home/airflow/.local/lib/python3.12/site-packages/airflow/example_dags/example_branch_python_dop_operator_3.py
[2025-07-28T15:53:04.124+0000] {processor.py:914} INFO - Processing file /home/airflow/.local/lib/python3.12/site-packages/airflow/example_dags/example_branch_python_dop_operator_3.py for tasks to queue
[2025-07-28T15:53:04.125+0000] {logging_mixin.py:190} INFO - [2025-07-28T15:53:04.125+0000] {dagbag.py:587} INFO - Filling up the DagBag from /home/airflow/.local/lib/python3.12/site-packages/airflow/example_dags/example_branch_python_dop_operator_3.py
[2025-07-28T15:53:04.131+0000] {processor.py:925} INFO - DAG(s) 'example_branch_dop_operator_v3' retrieved from /home/airflow/.local/lib/python3.12/site-packages/airflow/example_dags/example_branch_python_dop_operator_3.py
[2025-07-28T15:53:04.142+0000] {logging_mixin.py:190} INFO - [2025-07-28T15:53:04.142+0000] {dag.py:3229} INFO - Sync 1 DAGs
[2025-07-28T15:53:04.154+0000] {logging_mixin.py:190} INFO - [2025-07-28T15:53:04.154+0000] {dag.py:4156} INFO - Setting next_dagrun for example_branch_dop_operator_v3 to 2025-07-28 15:52:00+00:00, run_after=2025-07-28 15:53:00+00:00
[2025-07-28T15:53:04.162+0000] {processor.py:208} INFO - Processing /home/airflow/.local/lib/python3.12/site-packages/airflow/example_dags/example_branch_python_dop_operator_3.py took 0.042 seconds
[2025-07-28T15:53:35.123+0000] {processor.py:186} INFO - Started process (PID=1374) to work on /home/airflow/.local/lib/python3.12/site-packages/airflow/example_dags/example_branch_python_dop_operator_3.py
[2025-07-28T15:53:35.125+0000] {processor.py:914} INFO - Processing file /home/airflow/.local/lib/python3.12/site-packages/airflow/example_dags/example_branch_python_dop_operator_3.py for tasks to queue
[2025-07-28T15:53:35.127+0000] {logging_mixin.py:190} INFO - [2025-07-28T15:53:35.126+0000] {dagbag.py:587} INFO - Filling up the DagBag from /home/airflow/.local/lib/python3.12/site-packages/airflow/example_dags/example_branch_python_dop_operator_3.py
[2025-07-28T15:53:35.133+0000] {processor.py:925} INFO - DAG(s) 'example_branch_dop_operator_v3' retrieved from /home/airflow/.local/lib/python3.12/site-packages/airflow/example_dags/example_branch_python_dop_operator_3.py
[2025-07-28T15:53:35.142+0000] {logging_mixin.py:190} INFO - [2025-07-28T15:53:35.142+0000] {dag.py:3229} INFO - Sync 1 DAGs
[2025-07-28T15:53:35.154+0000] {logging_mixin.py:190} INFO - [2025-07-28T15:53:35.154+0000] {dag.py:4156} INFO - Setting next_dagrun for example_branch_dop_operator_v3 to 2025-07-28 15:52:00+00:00, run_after=2025-07-28 15:53:00+00:00
[2025-07-28T15:53:35.160+0000] {processor.py:208} INFO - Processing /home/airflow/.local/lib/python3.12/site-packages/airflow/example_dags/example_branch_python_dop_operator_3.py took 0.040 seconds
[2025-07-28T15:54:05.941+0000] {processor.py:186} INFO - Started process (PID=1437) to work on /home/airflow/.local/lib/python3.12/site-packages/airflow/example_dags/example_branch_python_dop_operator_3.py
[2025-07-28T15:54:05.941+0000] {processor.py:914} INFO - Processing file /home/airflow/.local/lib/python3.12/site-packages/airflow/example_dags/example_branch_python_dop_operator_3.py for tasks to queue
[2025-07-28T15:54:05.942+0000] {logging_mixin.py:190} INFO - [2025-07-28T15:54:05.942+0000] {dagbag.py:587} INFO - Filling up the DagBag from /home/airflow/.local/lib/python3.12/site-packages/airflow/example_dags/example_branch_python_dop_operator_3.py
[2025-07-28T15:54:05.947+0000] {processor.py:925} INFO - DAG(s) 'example_branch_dop_operator_v3' retrieved from /home/airflow/.local/lib/python3.12/site-packages/airflow/example_dags/example_branch_python_dop_operator_3.py
[2025-07-28T15:54:05.956+0000] {logging_mixin.py:190} INFO - [2025-07-28T15:54:05.956+0000] {dag.py:3229} INFO - Sync 1 DAGs
[2025-07-28T15:54:05.967+0000] {logging_mixin.py:190} INFO - [2025-07-28T15:54:05.967+0000] {dag.py:4156} INFO - Setting next_dagrun for example_branch_dop_operator_v3 to 2025-07-28 15:53:00+00:00, run_after=2025-07-28 15:54:00+00:00
[2025-07-28T15:54:05.973+0000] {processor.py:208} INFO - Processing /home/airflow/.local/lib/python3.12/site-packages/airflow/example_dags/example_branch_python_dop_operator_3.py took 0.035 seconds
[2025-07-28T15:54:36.745+0000] {processor.py:186} INFO - Started process (PID=1500) to work on /home/airflow/.local/lib/python3.12/site-packages/airflow/example_dags/example_branch_python_dop_operator_3.py
[2025-07-28T15:54:36.747+0000] {processor.py:914} INFO - Processing file /home/airflow/.local/lib/python3.12/site-packages/airflow/example_dags/example_branch_python_dop_operator_3.py for tasks to queue
[2025-07-28T15:54:36.748+0000] {logging_mixin.py:190} INFO - [2025-07-28T15:54:36.748+0000] {dagbag.py:587} INFO - Filling up the DagBag from /home/airflow/.local/lib/python3.12/site-packages/airflow/example_dags/example_branch_python_dop_operator_3.py
[2025-07-28T15:54:36.753+0000] {processor.py:925} INFO - DAG(s) 'example_branch_dop_operator_v3' retrieved from /home/airflow/.local/lib/python3.12/site-packages/airflow/example_dags/example_branch_python_dop_operator_3.py
[2025-07-28T15:54:36.765+0000] {logging_mixin.py:190} INFO - [2025-07-28T15:54:36.765+0000] {dag.py:3229} INFO - Sync 1 DAGs
[2025-07-28T15:54:36.778+0000] {logging_mixin.py:190} INFO - [2025-07-28T15:54:36.778+0000] {dag.py:4156} INFO - Setting next_dagrun for example_branch_dop_operator_v3 to 2025-07-28 15:53:00+00:00, run_after=2025-07-28 15:54:00+00:00
[2025-07-28T15:54:36.786+0000] {processor.py:208} INFO - Processing /home/airflow/.local/lib/python3.12/site-packages/airflow/example_dags/example_branch_python_dop_operator_3.py took 0.043 seconds
[2025-07-28T15:55:08.723+0000] {processor.py:186} INFO - Started process (PID=1563) to work on /home/airflow/.local/lib/python3.12/site-packages/airflow/example_dags/example_branch_python_dop_operator_3.py
[2025-07-28T15:55:08.723+0000] {processor.py:914} INFO - Processing file /home/airflow/.local/lib/python3.12/site-packages/airflow/example_dags/example_branch_python_dop_operator_3.py for tasks to queue
[2025-07-28T15:55:08.725+0000] {logging_mixin.py:190} INFO - [2025-07-28T15:55:08.725+0000] {dagbag.py:587} INFO - Filling up the DagBag from /home/airflow/.local/lib/python3.12/site-packages/airflow/example_dags/example_branch_python_dop_operator_3.py
[2025-07-28T15:55:08.733+0000] {processor.py:925} INFO - DAG(s) 'example_branch_dop_operator_v3' retrieved from /home/airflow/.local/lib/python3.12/site-packages/airflow/example_dags/example_branch_python_dop_operator_3.py
[2025-07-28T15:55:08.749+0000] {logging_mixin.py:190} INFO - [2025-07-28T15:55:08.748+0000] {dag.py:3229} INFO - Sync 1 DAGs
[2025-07-28T15:55:08.770+0000] {logging_mixin.py:190} INFO - [2025-07-28T15:55:08.770+0000] {dag.py:4156} INFO - Setting next_dagrun for example_branch_dop_operator_v3 to 2025-07-28 15:54:00+00:00, run_after=2025-07-28 15:55:00+00:00
[2025-07-28T15:55:08.784+0000] {processor.py:208} INFO - Processing /home/airflow/.local/lib/python3.12/site-packages/airflow/example_dags/example_branch_python_dop_operator_3.py took 0.064 seconds
[2025-07-28T15:55:39.447+0000] {processor.py:186} INFO - Started process (PID=1626) to work on /home/airflow/.local/lib/python3.12/site-packages/airflow/example_dags/example_branch_python_dop_operator_3.py
[2025-07-28T15:55:39.448+0000] {processor.py:914} INFO - Processing file /home/airflow/.local/lib/python3.12/site-packages/airflow/example_dags/example_branch_python_dop_operator_3.py for tasks to queue
[2025-07-28T15:55:39.449+0000] {logging_mixin.py:190} INFO - [2025-07-28T15:55:39.449+0000] {dagbag.py:587} INFO - Filling up the DagBag from /home/airflow/.local/lib/python3.12/site-packages/airflow/example_dags/example_branch_python_dop_operator_3.py
[2025-07-28T15:55:39.458+0000] {processor.py:925} INFO - DAG(s) 'example_branch_dop_operator_v3' retrieved from /home/airflow/.local/lib/python3.12/site-packages/airflow/example_dags/example_branch_python_dop_operator_3.py
[2025-07-28T15:55:39.466+0000] {logging_mixin.py:190} INFO - [2025-07-28T15:55:39.466+0000] {dag.py:3229} INFO - Sync 1 DAGs
[2025-07-28T15:55:39.478+0000] {logging_mixin.py:190} INFO - [2025-07-28T15:55:39.478+0000] {dag.py:4156} INFO - Setting next_dagrun for example_branch_dop_operator_v3 to 2025-07-28 15:54:00+00:00, run_after=2025-07-28 15:55:00+00:00
[2025-07-28T15:55:39.487+0000] {processor.py:208} INFO - Processing /home/airflow/.local/lib/python3.12/site-packages/airflow/example_dags/example_branch_python_dop_operator_3.py took 0.044 seconds
[2025-07-28T15:56:10.284+0000] {processor.py:186} INFO - Started process (PID=1689) to work on /home/airflow/.local/lib/python3.12/site-packages/airflow/example_dags/example_branch_python_dop_operator_3.py
[2025-07-28T15:56:10.284+0000] {processor.py:914} INFO - Processing file /home/airflow/.local/lib/python3.12/site-packages/airflow/example_dags/example_branch_python_dop_operator_3.py for tasks to queue
[2025-07-28T15:56:10.286+0000] {logging_mixin.py:190} INFO - [2025-07-28T15:56:10.285+0000] {dagbag.py:587} INFO - Filling up the DagBag from /home/airflow/.local/lib/python3.12/site-packages/airflow/example_dags/example_branch_python_dop_operator_3.py
[2025-07-28T15:56:10.292+0000] {processor.py:925} INFO - DAG(s) 'example_branch_dop_operator_v3' retrieved from /home/airflow/.local/lib/python3.12/site-packages/airflow/example_dags/example_branch_python_dop_operator_3.py
[2025-07-28T15:56:10.325+0000] {logging_mixin.py:190} INFO - [2025-07-28T15:56:10.325+0000] {dag.py:3229} INFO - Sync 1 DAGs
[2025-07-28T15:56:10.365+0000] {logging_mixin.py:190} INFO - [2025-07-28T15:56:10.365+0000] {dag.py:4156} INFO - Setting next_dagrun for example_branch_dop_operator_v3 to 2025-07-28 15:55:00+00:00, run_after=2025-07-28 15:56:00+00:00
[2025-07-28T15:56:10.389+0000] {processor.py:208} INFO - Processing /home/airflow/.local/lib/python3.12/site-packages/airflow/example_dags/example_branch_python_dop_operator_3.py took 0.109 seconds
[2025-07-28T15:56:41.155+0000] {processor.py:186} INFO - Started process (PID=1752) to work on /home/airflow/.local/lib/python3.12/site-packages/airflow/example_dags/example_branch_python_dop_operator_3.py
[2025-07-28T15:56:41.156+0000] {processor.py:914} INFO - Processing file /home/airflow/.local/lib/python3.12/site-packages/airflow/example_dags/example_branch_python_dop_operator_3.py for tasks to queue
[2025-07-28T15:56:41.158+0000] {logging_mixin.py:190} INFO - [2025-07-28T15:56:41.157+0000] {dagbag.py:587} INFO - Filling up the DagBag from /home/airflow/.local/lib/python3.12/site-packages/airflow/example_dags/example_branch_python_dop_operator_3.py
[2025-07-28T15:56:41.165+0000] {processor.py:925} INFO - DAG(s) 'example_branch_dop_operator_v3' retrieved from /home/airflow/.local/lib/python3.12/site-packages/airflow/example_dags/example_branch_python_dop_operator_3.py
[2025-07-28T15:56:41.189+0000] {logging_mixin.py:190} INFO - [2025-07-28T15:56:41.189+0000] {dag.py:3229} INFO - Sync 1 DAGs
[2025-07-28T15:56:41.208+0000] {logging_mixin.py:190} INFO - [2025-07-28T15:56:41.208+0000] {dag.py:4156} INFO - Setting next_dagrun for example_branch_dop_operator_v3 to 2025-07-28 15:55:00+00:00, run_after=2025-07-28 15:56:00+00:00
[2025-07-28T15:56:41.219+0000] {processor.py:208} INFO - Processing /home/airflow/.local/lib/python3.12/site-packages/airflow/example_dags/example_branch_python_dop_operator_3.py took 0.068 seconds
[2025-07-28T15:57:11.824+0000] {processor.py:186} INFO - Started process (PID=1814) to work on /home/airflow/.local/lib/python3.12/site-packages/airflow/example_dags/example_branch_python_dop_operator_3.py
[2025-07-28T15:57:11.824+0000] {processor.py:914} INFO - Processing file /home/airflow/.local/lib/python3.12/site-packages/airflow/example_dags/example_branch_python_dop_operator_3.py for tasks to queue
[2025-07-28T15:57:11.826+0000] {logging_mixin.py:190} INFO - [2025-07-28T15:57:11.826+0000] {dagbag.py:587} INFO - Filling up the DagBag from /home/airflow/.local/lib/python3.12/site-packages/airflow/example_dags/example_branch_python_dop_operator_3.py
[2025-07-28T15:57:11.831+0000] {processor.py:925} INFO - DAG(s) 'example_branch_dop_operator_v3' retrieved from /home/airflow/.local/lib/python3.12/site-packages/airflow/example_dags/example_branch_python_dop_operator_3.py
[2025-07-28T15:57:11.845+0000] {logging_mixin.py:190} INFO - [2025-07-28T15:57:11.845+0000] {dag.py:3229} INFO - Sync 1 DAGs
[2025-07-28T15:57:11.857+0000] {logging_mixin.py:190} INFO - [2025-07-28T15:57:11.857+0000] {dag.py:4156} INFO - Setting next_dagrun for example_branch_dop_operator_v3 to 2025-07-28 15:56:00+00:00, run_after=2025-07-28 15:57:00+00:00
[2025-07-28T15:57:11.864+0000] {processor.py:208} INFO - Processing /home/airflow/.local/lib/python3.12/site-packages/airflow/example_dags/example_branch_python_dop_operator_3.py took 0.044 seconds
[2025-07-28T15:57:43.415+0000] {processor.py:186} INFO - Started process (PID=1877) to work on /home/airflow/.local/lib/python3.12/site-packages/airflow/example_dags/example_branch_python_dop_operator_3.py
[2025-07-28T15:57:43.416+0000] {processor.py:914} INFO - Processing file /home/airflow/.local/lib/python3.12/site-packages/airflow/example_dags/example_branch_python_dop_operator_3.py for tasks to queue
[2025-07-28T15:57:43.417+0000] {logging_mixin.py:190} INFO - [2025-07-28T15:57:43.417+0000] {dagbag.py:587} INFO - Filling up the DagBag from /home/airflow/.local/lib/python3.12/site-packages/airflow/example_dags/example_branch_python_dop_operator_3.py
[2025-07-28T15:57:43.424+0000] {processor.py:925} INFO - DAG(s) 'example_branch_dop_operator_v3' retrieved from /home/airflow/.local/lib/python3.12/site-packages/airflow/example_dags/example_branch_python_dop_operator_3.py
[2025-07-28T15:57:43.438+0000] {logging_mixin.py:190} INFO - [2025-07-28T15:57:43.438+0000] {dag.py:3229} INFO - Sync 1 DAGs
[2025-07-28T15:57:43.454+0000] {logging_mixin.py:190} INFO - [2025-07-28T15:57:43.454+0000] {dag.py:4156} INFO - Setting next_dagrun for example_branch_dop_operator_v3 to 2025-07-28 15:56:00+00:00, run_after=2025-07-28 15:57:00+00:00
[2025-07-28T15:57:43.465+0000] {processor.py:208} INFO - Processing /home/airflow/.local/lib/python3.12/site-packages/airflow/example_dags/example_branch_python_dop_operator_3.py took 0.053 seconds
[2025-07-28T15:58:14.336+0000] {processor.py:186} INFO - Started process (PID=1940) to work on /home/airflow/.local/lib/python3.12/site-packages/airflow/example_dags/example_branch_python_dop_operator_3.py
[2025-07-28T15:58:14.337+0000] {processor.py:914} INFO - Processing file /home/airflow/.local/lib/python3.12/site-packages/airflow/example_dags/example_branch_python_dop_operator_3.py for tasks to queue
[2025-07-28T15:58:14.338+0000] {logging_mixin.py:190} INFO - [2025-07-28T15:58:14.338+0000] {dagbag.py:587} INFO - Filling up the DagBag from /home/airflow/.local/lib/python3.12/site-packages/airflow/example_dags/example_branch_python_dop_operator_3.py
[2025-07-28T15:58:14.343+0000] {processor.py:925} INFO - DAG(s) 'example_branch_dop_operator_v3' retrieved from /home/airflow/.local/lib/python3.12/site-packages/airflow/example_dags/example_branch_python_dop_operator_3.py
[2025-07-28T15:58:14.352+0000] {logging_mixin.py:190} INFO - [2025-07-28T15:58:14.352+0000] {dag.py:3229} INFO - Sync 1 DAGs
[2025-07-28T15:58:14.364+0000] {logging_mixin.py:190} INFO - [2025-07-28T15:58:14.364+0000] {dag.py:4156} INFO - Setting next_dagrun for example_branch_dop_operator_v3 to 2025-07-28 15:57:00+00:00, run_after=2025-07-28 15:58:00+00:00
[2025-07-28T15:58:14.371+0000] {processor.py:208} INFO - Processing /home/airflow/.local/lib/python3.12/site-packages/airflow/example_dags/example_branch_python_dop_operator_3.py took 0.038 seconds
[2025-07-28T15:58:46.273+0000] {processor.py:186} INFO - Started process (PID=2003) to work on /home/airflow/.local/lib/python3.12/site-packages/airflow/example_dags/example_branch_python_dop_operator_3.py
[2025-07-28T15:58:46.274+0000] {processor.py:914} INFO - Processing file /home/airflow/.local/lib/python3.12/site-packages/airflow/example_dags/example_branch_python_dop_operator_3.py for tasks to queue
[2025-07-28T15:58:46.275+0000] {logging_mixin.py:190} INFO - [2025-07-28T15:58:46.275+0000] {dagbag.py:587} INFO - Filling up the DagBag from /home/airflow/.local/lib/python3.12/site-packages/airflow/example_dags/example_branch_python_dop_operator_3.py
[2025-07-28T15:58:46.282+0000] {processor.py:925} INFO - DAG(s) 'example_branch_dop_operator_v3' retrieved from /home/airflow/.local/lib/python3.12/site-packages/airflow/example_dags/example_branch_python_dop_operator_3.py
[2025-07-28T15:58:46.299+0000] {logging_mixin.py:190} INFO - [2025-07-28T15:58:46.299+0000] {dag.py:3229} INFO - Sync 1 DAGs
[2025-07-28T15:58:46.332+0000] {logging_mixin.py:190} INFO - [2025-07-28T15:58:46.332+0000] {dag.py:4156} INFO - Setting next_dagrun for example_branch_dop_operator_v3 to 2025-07-28 15:57:00+00:00, run_after=2025-07-28 15:58:00+00:00
[2025-07-28T15:58:46.342+0000] {processor.py:208} INFO - Processing /home/airflow/.local/lib/python3.12/site-packages/airflow/example_dags/example_branch_python_dop_operator_3.py took 0.076 seconds
[2025-07-28T15:59:16.732+0000] {processor.py:186} INFO - Started process (PID=2065) to work on /home/airflow/.local/lib/python3.12/site-packages/airflow/example_dags/example_branch_python_dop_operator_3.py
[2025-07-28T15:59:16.733+0000] {processor.py:914} INFO - Processing file /home/airflow/.local/lib/python3.12/site-packages/airflow/example_dags/example_branch_python_dop_operator_3.py for tasks to queue
[2025-07-28T15:59:16.734+0000] {logging_mixin.py:190} INFO - [2025-07-28T15:59:16.734+0000] {dagbag.py:587} INFO - Filling up the DagBag from /home/airflow/.local/lib/python3.12/site-packages/airflow/example_dags/example_branch_python_dop_operator_3.py
[2025-07-28T15:59:16.740+0000] {processor.py:925} INFO - DAG(s) 'example_branch_dop_operator_v3' retrieved from /home/airflow/.local/lib/python3.12/site-packages/airflow/example_dags/example_branch_python_dop_operator_3.py
[2025-07-28T15:59:16.749+0000] {logging_mixin.py:190} INFO - [2025-07-28T15:59:16.749+0000] {dag.py:3229} INFO - Sync 1 DAGs
[2025-07-28T15:59:16.766+0000] {logging_mixin.py:190} INFO - [2025-07-28T15:59:16.766+0000] {dag.py:4156} INFO - Setting next_dagrun for example_branch_dop_operator_v3 to 2025-07-28 15:58:00+00:00, run_after=2025-07-28 15:59:00+00:00
[2025-07-28T15:59:16.781+0000] {processor.py:208} INFO - Processing /home/airflow/.local/lib/python3.12/site-packages/airflow/example_dags/example_branch_python_dop_operator_3.py took 0.052 seconds
[2025-07-28T15:59:46.900+0000] {processor.py:186} INFO - Started process (PID=2128) to work on /home/airflow/.local/lib/python3.12/site-packages/airflow/example_dags/example_branch_python_dop_operator_3.py
[2025-07-28T15:59:46.904+0000] {processor.py:914} INFO - Processing file /home/airflow/.local/lib/python3.12/site-packages/airflow/example_dags/example_branch_python_dop_operator_3.py for tasks to queue
[2025-07-28T15:59:46.908+0000] {logging_mixin.py:190} INFO - [2025-07-28T15:59:46.907+0000] {dagbag.py:587} INFO - Filling up the DagBag from /home/airflow/.local/lib/python3.12/site-packages/airflow/example_dags/example_branch_python_dop_operator_3.py
[2025-07-28T15:59:46.920+0000] {processor.py:925} INFO - DAG(s) 'example_branch_dop_operator_v3' retrieved from /home/airflow/.local/lib/python3.12/site-packages/airflow/example_dags/example_branch_python_dop_operator_3.py
[2025-07-28T15:59:46.936+0000] {logging_mixin.py:190} INFO - [2025-07-28T15:59:46.936+0000] {dag.py:3229} INFO - Sync 1 DAGs
[2025-07-28T15:59:46.955+0000] {logging_mixin.py:190} INFO - [2025-07-28T15:59:46.955+0000] {dag.py:4156} INFO - Setting next_dagrun for example_branch_dop_operator_v3 to 2025-07-28 15:58:00+00:00, run_after=2025-07-28 15:59:00+00:00
[2025-07-28T15:59:46.967+0000] {processor.py:208} INFO - Processing /home/airflow/.local/lib/python3.12/site-packages/airflow/example_dags/example_branch_python_dop_operator_3.py took 0.072 seconds
[2025-07-28T16:00:18.195+0000] {processor.py:186} INFO - Started process (PID=2190) to work on /home/airflow/.local/lib/python3.12/site-packages/airflow/example_dags/example_branch_python_dop_operator_3.py
[2025-07-28T16:00:18.196+0000] {processor.py:914} INFO - Processing file /home/airflow/.local/lib/python3.12/site-packages/airflow/example_dags/example_branch_python_dop_operator_3.py for tasks to queue
[2025-07-28T16:00:18.199+0000] {logging_mixin.py:190} INFO - [2025-07-28T16:00:18.198+0000] {dagbag.py:587} INFO - Filling up the DagBag from /home/airflow/.local/lib/python3.12/site-packages/airflow/example_dags/example_branch_python_dop_operator_3.py
[2025-07-28T16:00:18.210+0000] {processor.py:925} INFO - DAG(s) 'example_branch_dop_operator_v3' retrieved from /home/airflow/.local/lib/python3.12/site-packages/airflow/example_dags/example_branch_python_dop_operator_3.py
[2025-07-28T16:00:18.242+0000] {logging_mixin.py:190} INFO - [2025-07-28T16:00:18.242+0000] {dag.py:3229} INFO - Sync 1 DAGs
[2025-07-28T16:00:18.267+0000] {logging_mixin.py:190} INFO - [2025-07-28T16:00:18.267+0000] {dag.py:4156} INFO - Setting next_dagrun for example_branch_dop_operator_v3 to 2025-07-28 15:59:00+00:00, run_after=2025-07-28 16:00:00+00:00
[2025-07-28T16:00:18.277+0000] {processor.py:208} INFO - Processing /home/airflow/.local/lib/python3.12/site-packages/airflow/example_dags/example_branch_python_dop_operator_3.py took 0.088 seconds
[2025-07-28T16:00:49.042+0000] {processor.py:186} INFO - Started process (PID=2253) to work on /home/airflow/.local/lib/python3.12/site-packages/airflow/example_dags/example_branch_python_dop_operator_3.py
[2025-07-28T16:00:49.044+0000] {processor.py:914} INFO - Processing file /home/airflow/.local/lib/python3.12/site-packages/airflow/example_dags/example_branch_python_dop_operator_3.py for tasks to queue
[2025-07-28T16:00:49.045+0000] {logging_mixin.py:190} INFO - [2025-07-28T16:00:49.045+0000] {dagbag.py:587} INFO - Filling up the DagBag from /home/airflow/.local/lib/python3.12/site-packages/airflow/example_dags/example_branch_python_dop_operator_3.py
[2025-07-28T16:00:49.051+0000] {processor.py:925} INFO - DAG(s) 'example_branch_dop_operator_v3' retrieved from /home/airflow/.local/lib/python3.12/site-packages/airflow/example_dags/example_branch_python_dop_operator_3.py
[2025-07-28T16:00:49.063+0000] {logging_mixin.py:190} INFO - [2025-07-28T16:00:49.063+0000] {dag.py:3229} INFO - Sync 1 DAGs
[2025-07-28T16:00:49.090+0000] {logging_mixin.py:190} INFO - [2025-07-28T16:00:49.090+0000] {dag.py:4156} INFO - Setting next_dagrun for example_branch_dop_operator_v3 to 2025-07-28 15:59:00+00:00, run_after=2025-07-28 16:00:00+00:00
[2025-07-28T16:00:49.107+0000] {processor.py:208} INFO - Processing /home/airflow/.local/lib/python3.12/site-packages/airflow/example_dags/example_branch_python_dop_operator_3.py took 0.069 seconds
