[2025-07-28T15:42:50.332+0000] {processor.py:186} INFO - Started process (PID=70) to work on /home/airflow/.local/lib/python3.12/site-packages/airflow/example_dags/example_complex.py
[2025-07-28T15:42:50.333+0000] {processor.py:914} INFO - Processing file /home/airflow/.local/lib/python3.12/site-packages/airflow/example_dags/example_complex.py for tasks to queue
[2025-07-28T15:42:50.341+0000] {logging_mixin.py:190} INFO - [2025-07-28T15:42:50.340+0000] {dagbag.py:587} INFO - Filling up the DagBag from /home/airflow/.local/lib/python3.12/site-packages/airflow/example_dags/example_complex.py
[2025-07-28T15:42:50.358+0000] {processor.py:925} INFO - DAG(s) 'example_complex' retrieved from /home/airflow/.local/lib/python3.12/site-packages/airflow/example_dags/example_complex.py
[2025-07-28T15:42:50.523+0000] {logging_mixin.py:190} INFO - [2025-07-28T15:42:50.522+0000] {override.py:1900} INFO - Created Permission View: can edit on DAG:example_complex
[2025-07-28T15:42:50.531+0000] {logging_mixin.py:190} INFO - [2025-07-28T15:42:50.530+0000] {override.py:1900} INFO - Created Permission View: can read on DAG:example_complex
[2025-07-28T15:42:50.534+0000] {logging_mixin.py:190} INFO - [2025-07-28T15:42:50.534+0000] {override.py:1900} INFO - Created Permission View: can delete on DAG:example_complex
[2025-07-28T15:42:50.538+0000] {logging_mixin.py:190} INFO - [2025-07-28T15:42:50.538+0000] {override.py:1900} INFO - Created Permission View: can read on DAG Run:example_complex
[2025-07-28T15:42:50.541+0000] {logging_mixin.py:190} INFO - [2025-07-28T15:42:50.541+0000] {override.py:1900} INFO - Created Permission View: can delete on DAG Run:example_complex
[2025-07-28T15:42:50.544+0000] {logging_mixin.py:190} INFO - [2025-07-28T15:42:50.544+0000] {override.py:1900} INFO - Created Permission View: can create on DAG Run:example_complex
[2025-07-28T15:42:50.553+0000] {logging_mixin.py:190} INFO - [2025-07-28T15:42:50.553+0000] {override.py:1900} INFO - Created Permission View: menu access on DAG Run:example_complex
[2025-07-28T15:42:50.554+0000] {logging_mixin.py:190} INFO - [2025-07-28T15:42:50.554+0000] {dag.py:3229} INFO - Sync 1 DAGs
[2025-07-28T15:42:50.563+0000] {logging_mixin.py:190} INFO - [2025-07-28T15:42:50.563+0000] {dag.py:3252} INFO - Creating ORM DAG for example_complex
[2025-07-28T15:42:50.564+0000] {logging_mixin.py:190} INFO - [2025-07-28T15:42:50.563+0000] {dag.py:4156} INFO - Setting next_dagrun for example_complex to None, run_after=None
[2025-07-28T15:42:50.589+0000] {processor.py:208} INFO - Processing /home/airflow/.local/lib/python3.12/site-packages/airflow/example_dags/example_complex.py took 0.264 seconds
[2025-07-28T15:43:21.252+0000] {processor.py:186} INFO - Started process (PID=132) to work on /home/airflow/.local/lib/python3.12/site-packages/airflow/example_dags/example_complex.py
[2025-07-28T15:43:21.253+0000] {processor.py:914} INFO - Processing file /home/airflow/.local/lib/python3.12/site-packages/airflow/example_dags/example_complex.py for tasks to queue
[2025-07-28T15:43:21.254+0000] {logging_mixin.py:190} INFO - [2025-07-28T15:43:21.254+0000] {dagbag.py:587} INFO - Filling up the DagBag from /home/airflow/.local/lib/python3.12/site-packages/airflow/example_dags/example_complex.py
[2025-07-28T15:43:21.261+0000] {processor.py:925} INFO - DAG(s) 'example_complex' retrieved from /home/airflow/.local/lib/python3.12/site-packages/airflow/example_dags/example_complex.py
[2025-07-28T15:43:21.277+0000] {logging_mixin.py:190} INFO - [2025-07-28T15:43:21.276+0000] {dag.py:3229} INFO - Sync 1 DAGs
[2025-07-28T15:43:21.285+0000] {logging_mixin.py:190} INFO - [2025-07-28T15:43:21.285+0000] {dag.py:4156} INFO - Setting next_dagrun for example_complex to None, run_after=None
[2025-07-28T15:43:21.300+0000] {processor.py:208} INFO - Processing /home/airflow/.local/lib/python3.12/site-packages/airflow/example_dags/example_complex.py took 0.052 seconds
[2025-07-28T15:43:52.165+0000] {processor.py:186} INFO - Started process (PID=194) to work on /home/airflow/.local/lib/python3.12/site-packages/airflow/example_dags/example_complex.py
[2025-07-28T15:43:52.166+0000] {processor.py:914} INFO - Processing file /home/airflow/.local/lib/python3.12/site-packages/airflow/example_dags/example_complex.py for tasks to queue
[2025-07-28T15:43:52.167+0000] {logging_mixin.py:190} INFO - [2025-07-28T15:43:52.167+0000] {dagbag.py:587} INFO - Filling up the DagBag from /home/airflow/.local/lib/python3.12/site-packages/airflow/example_dags/example_complex.py
[2025-07-28T15:43:52.173+0000] {processor.py:925} INFO - DAG(s) 'example_complex' retrieved from /home/airflow/.local/lib/python3.12/site-packages/airflow/example_dags/example_complex.py
[2025-07-28T15:43:52.188+0000] {logging_mixin.py:190} INFO - [2025-07-28T15:43:52.188+0000] {dag.py:3229} INFO - Sync 1 DAGs
[2025-07-28T15:43:52.194+0000] {logging_mixin.py:190} INFO - [2025-07-28T15:43:52.194+0000] {dag.py:4156} INFO - Setting next_dagrun for example_complex to None, run_after=None
[2025-07-28T15:43:52.202+0000] {processor.py:208} INFO - Processing /home/airflow/.local/lib/python3.12/site-packages/airflow/example_dags/example_complex.py took 0.040 seconds
[2025-07-28T15:44:22.763+0000] {processor.py:186} INFO - Started process (PID=256) to work on /home/airflow/.local/lib/python3.12/site-packages/airflow/example_dags/example_complex.py
[2025-07-28T15:44:22.764+0000] {processor.py:914} INFO - Processing file /home/airflow/.local/lib/python3.12/site-packages/airflow/example_dags/example_complex.py for tasks to queue
[2025-07-28T15:44:22.765+0000] {logging_mixin.py:190} INFO - [2025-07-28T15:44:22.765+0000] {dagbag.py:587} INFO - Filling up the DagBag from /home/airflow/.local/lib/python3.12/site-packages/airflow/example_dags/example_complex.py
[2025-07-28T15:44:22.771+0000] {processor.py:925} INFO - DAG(s) 'example_complex' retrieved from /home/airflow/.local/lib/python3.12/site-packages/airflow/example_dags/example_complex.py
[2025-07-28T15:44:22.787+0000] {logging_mixin.py:190} INFO - [2025-07-28T15:44:22.786+0000] {dag.py:3229} INFO - Sync 1 DAGs
[2025-07-28T15:44:22.793+0000] {logging_mixin.py:190} INFO - [2025-07-28T15:44:22.792+0000] {dag.py:4156} INFO - Setting next_dagrun for example_complex to None, run_after=None
[2025-07-28T15:44:22.800+0000] {processor.py:208} INFO - Processing /home/airflow/.local/lib/python3.12/site-packages/airflow/example_dags/example_complex.py took 0.040 seconds
[2025-07-28T15:44:53.178+0000] {processor.py:186} INFO - Started process (PID=318) to work on /home/airflow/.local/lib/python3.12/site-packages/airflow/example_dags/example_complex.py
[2025-07-28T15:44:53.179+0000] {processor.py:914} INFO - Processing file /home/airflow/.local/lib/python3.12/site-packages/airflow/example_dags/example_complex.py for tasks to queue
[2025-07-28T15:44:53.181+0000] {logging_mixin.py:190} INFO - [2025-07-28T15:44:53.180+0000] {dagbag.py:587} INFO - Filling up the DagBag from /home/airflow/.local/lib/python3.12/site-packages/airflow/example_dags/example_complex.py
[2025-07-28T15:44:53.186+0000] {processor.py:925} INFO - DAG(s) 'example_complex' retrieved from /home/airflow/.local/lib/python3.12/site-packages/airflow/example_dags/example_complex.py
[2025-07-28T15:44:53.201+0000] {logging_mixin.py:190} INFO - [2025-07-28T15:44:53.201+0000] {dag.py:3229} INFO - Sync 1 DAGs
[2025-07-28T15:44:53.207+0000] {logging_mixin.py:190} INFO - [2025-07-28T15:44:53.207+0000] {dag.py:4156} INFO - Setting next_dagrun for example_complex to None, run_after=None
[2025-07-28T15:44:53.218+0000] {processor.py:208} INFO - Processing /home/airflow/.local/lib/python3.12/site-packages/airflow/example_dags/example_complex.py took 0.043 seconds
[2025-07-28T15:45:23.900+0000] {processor.py:186} INFO - Started process (PID=380) to work on /home/airflow/.local/lib/python3.12/site-packages/airflow/example_dags/example_complex.py
[2025-07-28T15:45:23.901+0000] {processor.py:914} INFO - Processing file /home/airflow/.local/lib/python3.12/site-packages/airflow/example_dags/example_complex.py for tasks to queue
[2025-07-28T15:45:23.902+0000] {logging_mixin.py:190} INFO - [2025-07-28T15:45:23.902+0000] {dagbag.py:587} INFO - Filling up the DagBag from /home/airflow/.local/lib/python3.12/site-packages/airflow/example_dags/example_complex.py
[2025-07-28T15:45:23.907+0000] {processor.py:925} INFO - DAG(s) 'example_complex' retrieved from /home/airflow/.local/lib/python3.12/site-packages/airflow/example_dags/example_complex.py
[2025-07-28T15:45:23.926+0000] {logging_mixin.py:190} INFO - [2025-07-28T15:45:23.926+0000] {dag.py:3229} INFO - Sync 1 DAGs
[2025-07-28T15:45:23.933+0000] {logging_mixin.py:190} INFO - [2025-07-28T15:45:23.933+0000] {dag.py:4156} INFO - Setting next_dagrun for example_complex to None, run_after=None
[2025-07-28T15:45:23.944+0000] {processor.py:208} INFO - Processing /home/airflow/.local/lib/python3.12/site-packages/airflow/example_dags/example_complex.py took 0.047 seconds
[2025-07-28T15:45:54.858+0000] {processor.py:186} INFO - Started process (PID=442) to work on /home/airflow/.local/lib/python3.12/site-packages/airflow/example_dags/example_complex.py
[2025-07-28T15:45:54.860+0000] {processor.py:914} INFO - Processing file /home/airflow/.local/lib/python3.12/site-packages/airflow/example_dags/example_complex.py for tasks to queue
[2025-07-28T15:45:54.861+0000] {logging_mixin.py:190} INFO - [2025-07-28T15:45:54.860+0000] {dagbag.py:587} INFO - Filling up the DagBag from /home/airflow/.local/lib/python3.12/site-packages/airflow/example_dags/example_complex.py
[2025-07-28T15:45:54.868+0000] {processor.py:925} INFO - DAG(s) 'example_complex' retrieved from /home/airflow/.local/lib/python3.12/site-packages/airflow/example_dags/example_complex.py
[2025-07-28T15:45:54.888+0000] {logging_mixin.py:190} INFO - [2025-07-28T15:45:54.888+0000] {dag.py:3229} INFO - Sync 1 DAGs
[2025-07-28T15:45:54.897+0000] {logging_mixin.py:190} INFO - [2025-07-28T15:45:54.897+0000] {dag.py:4156} INFO - Setting next_dagrun for example_complex to None, run_after=None
[2025-07-28T15:45:54.909+0000] {processor.py:208} INFO - Processing /home/airflow/.local/lib/python3.12/site-packages/airflow/example_dags/example_complex.py took 0.054 seconds
[2025-07-28T15:46:25.418+0000] {processor.py:186} INFO - Started process (PID=504) to work on /home/airflow/.local/lib/python3.12/site-packages/airflow/example_dags/example_complex.py
[2025-07-28T15:46:25.419+0000] {processor.py:914} INFO - Processing file /home/airflow/.local/lib/python3.12/site-packages/airflow/example_dags/example_complex.py for tasks to queue
[2025-07-28T15:46:25.420+0000] {logging_mixin.py:190} INFO - [2025-07-28T15:46:25.420+0000] {dagbag.py:587} INFO - Filling up the DagBag from /home/airflow/.local/lib/python3.12/site-packages/airflow/example_dags/example_complex.py
[2025-07-28T15:46:25.427+0000] {processor.py:925} INFO - DAG(s) 'example_complex' retrieved from /home/airflow/.local/lib/python3.12/site-packages/airflow/example_dags/example_complex.py
[2025-07-28T15:46:25.441+0000] {logging_mixin.py:190} INFO - [2025-07-28T15:46:25.441+0000] {dag.py:3229} INFO - Sync 1 DAGs
[2025-07-28T15:46:25.449+0000] {logging_mixin.py:190} INFO - [2025-07-28T15:46:25.449+0000] {dag.py:4156} INFO - Setting next_dagrun for example_complex to None, run_after=None
[2025-07-28T15:46:25.456+0000] {processor.py:208} INFO - Processing /home/airflow/.local/lib/python3.12/site-packages/airflow/example_dags/example_complex.py took 0.041 seconds
[2025-07-28T15:46:55.986+0000] {processor.py:186} INFO - Started process (PID=566) to work on /home/airflow/.local/lib/python3.12/site-packages/airflow/example_dags/example_complex.py
[2025-07-28T15:46:55.987+0000] {processor.py:914} INFO - Processing file /home/airflow/.local/lib/python3.12/site-packages/airflow/example_dags/example_complex.py for tasks to queue
[2025-07-28T15:46:55.988+0000] {logging_mixin.py:190} INFO - [2025-07-28T15:46:55.988+0000] {dagbag.py:587} INFO - Filling up the DagBag from /home/airflow/.local/lib/python3.12/site-packages/airflow/example_dags/example_complex.py
[2025-07-28T15:46:55.997+0000] {processor.py:925} INFO - DAG(s) 'example_complex' retrieved from /home/airflow/.local/lib/python3.12/site-packages/airflow/example_dags/example_complex.py
[2025-07-28T15:46:56.015+0000] {logging_mixin.py:190} INFO - [2025-07-28T15:46:56.015+0000] {dag.py:3229} INFO - Sync 1 DAGs
[2025-07-28T15:46:56.025+0000] {logging_mixin.py:190} INFO - [2025-07-28T15:46:56.024+0000] {dag.py:4156} INFO - Setting next_dagrun for example_complex to None, run_after=None
[2025-07-28T15:46:56.065+0000] {processor.py:208} INFO - Processing /home/airflow/.local/lib/python3.12/site-packages/airflow/example_dags/example_complex.py took 0.082 seconds
[2025-07-28T15:47:26.637+0000] {processor.py:186} INFO - Started process (PID=628) to work on /home/airflow/.local/lib/python3.12/site-packages/airflow/example_dags/example_complex.py
[2025-07-28T15:47:26.638+0000] {processor.py:914} INFO - Processing file /home/airflow/.local/lib/python3.12/site-packages/airflow/example_dags/example_complex.py for tasks to queue
[2025-07-28T15:47:26.640+0000] {logging_mixin.py:190} INFO - [2025-07-28T15:47:26.640+0000] {dagbag.py:587} INFO - Filling up the DagBag from /home/airflow/.local/lib/python3.12/site-packages/airflow/example_dags/example_complex.py
[2025-07-28T15:47:26.647+0000] {processor.py:925} INFO - DAG(s) 'example_complex' retrieved from /home/airflow/.local/lib/python3.12/site-packages/airflow/example_dags/example_complex.py
[2025-07-28T15:47:26.667+0000] {logging_mixin.py:190} INFO - [2025-07-28T15:47:26.667+0000] {dag.py:3229} INFO - Sync 1 DAGs
[2025-07-28T15:47:26.676+0000] {logging_mixin.py:190} INFO - [2025-07-28T15:47:26.675+0000] {dag.py:4156} INFO - Setting next_dagrun for example_complex to None, run_after=None
[2025-07-28T15:47:26.685+0000] {processor.py:208} INFO - Processing /home/airflow/.local/lib/python3.12/site-packages/airflow/example_dags/example_complex.py took 0.052 seconds
[2025-07-28T15:47:57.558+0000] {processor.py:186} INFO - Started process (PID=690) to work on /home/airflow/.local/lib/python3.12/site-packages/airflow/example_dags/example_complex.py
[2025-07-28T15:47:57.559+0000] {processor.py:914} INFO - Processing file /home/airflow/.local/lib/python3.12/site-packages/airflow/example_dags/example_complex.py for tasks to queue
[2025-07-28T15:47:57.562+0000] {logging_mixin.py:190} INFO - [2025-07-28T15:47:57.562+0000] {dagbag.py:587} INFO - Filling up the DagBag from /home/airflow/.local/lib/python3.12/site-packages/airflow/example_dags/example_complex.py
[2025-07-28T15:47:57.573+0000] {processor.py:925} INFO - DAG(s) 'example_complex' retrieved from /home/airflow/.local/lib/python3.12/site-packages/airflow/example_dags/example_complex.py
[2025-07-28T15:47:57.625+0000] {logging_mixin.py:190} INFO - [2025-07-28T15:47:57.624+0000] {dag.py:3229} INFO - Sync 1 DAGs
[2025-07-28T15:47:57.645+0000] {logging_mixin.py:190} INFO - [2025-07-28T15:47:57.645+0000] {dag.py:4156} INFO - Setting next_dagrun for example_complex to None, run_after=None
[2025-07-28T15:47:57.666+0000] {processor.py:208} INFO - Processing /home/airflow/.local/lib/python3.12/site-packages/airflow/example_dags/example_complex.py took 0.115 seconds
[2025-07-28T15:48:27.791+0000] {processor.py:186} INFO - Started process (PID=752) to work on /home/airflow/.local/lib/python3.12/site-packages/airflow/example_dags/example_complex.py
[2025-07-28T15:48:27.795+0000] {processor.py:914} INFO - Processing file /home/airflow/.local/lib/python3.12/site-packages/airflow/example_dags/example_complex.py for tasks to queue
[2025-07-28T15:48:27.802+0000] {logging_mixin.py:190} INFO - [2025-07-28T15:48:27.800+0000] {dagbag.py:587} INFO - Filling up the DagBag from /home/airflow/.local/lib/python3.12/site-packages/airflow/example_dags/example_complex.py
[2025-07-28T15:48:27.908+0000] {processor.py:925} INFO - DAG(s) 'example_complex' retrieved from /home/airflow/.local/lib/python3.12/site-packages/airflow/example_dags/example_complex.py
[2025-07-28T15:48:28.066+0000] {logging_mixin.py:190} INFO - [2025-07-28T15:48:28.066+0000] {dag.py:3229} INFO - Sync 1 DAGs
[2025-07-28T15:48:28.102+0000] {logging_mixin.py:190} INFO - [2025-07-28T15:48:28.102+0000] {dag.py:4156} INFO - Setting next_dagrun for example_complex to None, run_after=None
[2025-07-28T15:48:28.126+0000] {processor.py:208} INFO - Processing /home/airflow/.local/lib/python3.12/site-packages/airflow/example_dags/example_complex.py took 0.347 seconds
[2025-07-28T15:48:59.036+0000] {processor.py:186} INFO - Started process (PID=814) to work on /home/airflow/.local/lib/python3.12/site-packages/airflow/example_dags/example_complex.py
[2025-07-28T15:48:59.037+0000] {processor.py:914} INFO - Processing file /home/airflow/.local/lib/python3.12/site-packages/airflow/example_dags/example_complex.py for tasks to queue
[2025-07-28T15:48:59.040+0000] {logging_mixin.py:190} INFO - [2025-07-28T15:48:59.040+0000] {dagbag.py:587} INFO - Filling up the DagBag from /home/airflow/.local/lib/python3.12/site-packages/airflow/example_dags/example_complex.py
[2025-07-28T15:48:59.046+0000] {processor.py:925} INFO - DAG(s) 'example_complex' retrieved from /home/airflow/.local/lib/python3.12/site-packages/airflow/example_dags/example_complex.py
[2025-07-28T15:48:59.061+0000] {logging_mixin.py:190} INFO - [2025-07-28T15:48:59.061+0000] {dag.py:3229} INFO - Sync 1 DAGs
[2025-07-28T15:48:59.067+0000] {logging_mixin.py:190} INFO - [2025-07-28T15:48:59.067+0000] {dag.py:4156} INFO - Setting next_dagrun for example_complex to None, run_after=None
[2025-07-28T15:48:59.074+0000] {processor.py:208} INFO - Processing /home/airflow/.local/lib/python3.12/site-packages/airflow/example_dags/example_complex.py took 0.041 seconds
[2025-07-28T15:49:29.629+0000] {processor.py:186} INFO - Started process (PID=876) to work on /home/airflow/.local/lib/python3.12/site-packages/airflow/example_dags/example_complex.py
[2025-07-28T15:49:29.631+0000] {processor.py:914} INFO - Processing file /home/airflow/.local/lib/python3.12/site-packages/airflow/example_dags/example_complex.py for tasks to queue
[2025-07-28T15:49:29.636+0000] {logging_mixin.py:190} INFO - [2025-07-28T15:49:29.635+0000] {dagbag.py:587} INFO - Filling up the DagBag from /home/airflow/.local/lib/python3.12/site-packages/airflow/example_dags/example_complex.py
[2025-07-28T15:49:29.643+0000] {processor.py:925} INFO - DAG(s) 'example_complex' retrieved from /home/airflow/.local/lib/python3.12/site-packages/airflow/example_dags/example_complex.py
[2025-07-28T15:49:29.657+0000] {logging_mixin.py:190} INFO - [2025-07-28T15:49:29.657+0000] {dag.py:3229} INFO - Sync 1 DAGs
[2025-07-28T15:49:29.663+0000] {logging_mixin.py:190} INFO - [2025-07-28T15:49:29.663+0000] {dag.py:4156} INFO - Setting next_dagrun for example_complex to None, run_after=None
[2025-07-28T15:49:29.670+0000] {processor.py:208} INFO - Processing /home/airflow/.local/lib/python3.12/site-packages/airflow/example_dags/example_complex.py took 0.046 seconds
[2025-07-28T15:50:00.165+0000] {processor.py:186} INFO - Started process (PID=938) to work on /home/airflow/.local/lib/python3.12/site-packages/airflow/example_dags/example_complex.py
[2025-07-28T15:50:00.166+0000] {processor.py:914} INFO - Processing file /home/airflow/.local/lib/python3.12/site-packages/airflow/example_dags/example_complex.py for tasks to queue
[2025-07-28T15:50:00.168+0000] {logging_mixin.py:190} INFO - [2025-07-28T15:50:00.168+0000] {dagbag.py:587} INFO - Filling up the DagBag from /home/airflow/.local/lib/python3.12/site-packages/airflow/example_dags/example_complex.py
[2025-07-28T15:50:00.176+0000] {processor.py:925} INFO - DAG(s) 'example_complex' retrieved from /home/airflow/.local/lib/python3.12/site-packages/airflow/example_dags/example_complex.py
[2025-07-28T15:50:00.207+0000] {logging_mixin.py:190} INFO - [2025-07-28T15:50:00.207+0000] {dag.py:3229} INFO - Sync 1 DAGs
[2025-07-28T15:50:00.217+0000] {logging_mixin.py:190} INFO - [2025-07-28T15:50:00.217+0000] {dag.py:4156} INFO - Setting next_dagrun for example_complex to None, run_after=None
[2025-07-28T15:50:00.248+0000] {processor.py:208} INFO - Processing /home/airflow/.local/lib/python3.12/site-packages/airflow/example_dags/example_complex.py took 0.085 seconds
[2025-07-28T15:50:30.701+0000] {processor.py:186} INFO - Started process (PID=1000) to work on /home/airflow/.local/lib/python3.12/site-packages/airflow/example_dags/example_complex.py
[2025-07-28T15:50:30.702+0000] {processor.py:914} INFO - Processing file /home/airflow/.local/lib/python3.12/site-packages/airflow/example_dags/example_complex.py for tasks to queue
[2025-07-28T15:50:30.703+0000] {logging_mixin.py:190} INFO - [2025-07-28T15:50:30.703+0000] {dagbag.py:587} INFO - Filling up the DagBag from /home/airflow/.local/lib/python3.12/site-packages/airflow/example_dags/example_complex.py
[2025-07-28T15:50:30.716+0000] {processor.py:925} INFO - DAG(s) 'example_complex' retrieved from /home/airflow/.local/lib/python3.12/site-packages/airflow/example_dags/example_complex.py
[2025-07-28T15:50:30.739+0000] {logging_mixin.py:190} INFO - [2025-07-28T15:50:30.738+0000] {dag.py:3229} INFO - Sync 1 DAGs
[2025-07-28T15:50:30.745+0000] {logging_mixin.py:190} INFO - [2025-07-28T15:50:30.745+0000] {dag.py:4156} INFO - Setting next_dagrun for example_complex to None, run_after=None
[2025-07-28T15:50:30.753+0000] {processor.py:208} INFO - Processing /home/airflow/.local/lib/python3.12/site-packages/airflow/example_dags/example_complex.py took 0.055 seconds
[2025-07-28T15:51:01.810+0000] {processor.py:186} INFO - Started process (PID=1062) to work on /home/airflow/.local/lib/python3.12/site-packages/airflow/example_dags/example_complex.py
[2025-07-28T15:51:01.812+0000] {processor.py:914} INFO - Processing file /home/airflow/.local/lib/python3.12/site-packages/airflow/example_dags/example_complex.py for tasks to queue
[2025-07-28T15:51:01.813+0000] {logging_mixin.py:190} INFO - [2025-07-28T15:51:01.813+0000] {dagbag.py:587} INFO - Filling up the DagBag from /home/airflow/.local/lib/python3.12/site-packages/airflow/example_dags/example_complex.py
[2025-07-28T15:51:01.819+0000] {processor.py:925} INFO - DAG(s) 'example_complex' retrieved from /home/airflow/.local/lib/python3.12/site-packages/airflow/example_dags/example_complex.py
[2025-07-28T15:51:01.834+0000] {logging_mixin.py:190} INFO - [2025-07-28T15:51:01.834+0000] {dag.py:3229} INFO - Sync 1 DAGs
[2025-07-28T15:51:01.841+0000] {logging_mixin.py:190} INFO - [2025-07-28T15:51:01.841+0000] {dag.py:4156} INFO - Setting next_dagrun for example_complex to None, run_after=None
[2025-07-28T15:51:01.849+0000] {processor.py:208} INFO - Processing /home/airflow/.local/lib/python3.12/site-packages/airflow/example_dags/example_complex.py took 0.042 seconds
[2025-07-28T15:51:32.354+0000] {processor.py:186} INFO - Started process (PID=1124) to work on /home/airflow/.local/lib/python3.12/site-packages/airflow/example_dags/example_complex.py
[2025-07-28T15:51:32.355+0000] {processor.py:914} INFO - Processing file /home/airflow/.local/lib/python3.12/site-packages/airflow/example_dags/example_complex.py for tasks to queue
[2025-07-28T15:51:32.357+0000] {logging_mixin.py:190} INFO - [2025-07-28T15:51:32.357+0000] {dagbag.py:587} INFO - Filling up the DagBag from /home/airflow/.local/lib/python3.12/site-packages/airflow/example_dags/example_complex.py
[2025-07-28T15:51:32.365+0000] {processor.py:925} INFO - DAG(s) 'example_complex' retrieved from /home/airflow/.local/lib/python3.12/site-packages/airflow/example_dags/example_complex.py
[2025-07-28T15:51:32.383+0000] {logging_mixin.py:190} INFO - [2025-07-28T15:51:32.383+0000] {dag.py:3229} INFO - Sync 1 DAGs
[2025-07-28T15:51:32.392+0000] {logging_mixin.py:190} INFO - [2025-07-28T15:51:32.392+0000] {dag.py:4156} INFO - Setting next_dagrun for example_complex to None, run_after=None
[2025-07-28T15:51:32.400+0000] {processor.py:208} INFO - Processing /home/airflow/.local/lib/python3.12/site-packages/airflow/example_dags/example_complex.py took 0.049 seconds
[2025-07-28T15:52:02.816+0000] {processor.py:186} INFO - Started process (PID=1186) to work on /home/airflow/.local/lib/python3.12/site-packages/airflow/example_dags/example_complex.py
[2025-07-28T15:52:02.817+0000] {processor.py:914} INFO - Processing file /home/airflow/.local/lib/python3.12/site-packages/airflow/example_dags/example_complex.py for tasks to queue
[2025-07-28T15:52:02.819+0000] {logging_mixin.py:190} INFO - [2025-07-28T15:52:02.819+0000] {dagbag.py:587} INFO - Filling up the DagBag from /home/airflow/.local/lib/python3.12/site-packages/airflow/example_dags/example_complex.py
[2025-07-28T15:52:02.825+0000] {processor.py:925} INFO - DAG(s) 'example_complex' retrieved from /home/airflow/.local/lib/python3.12/site-packages/airflow/example_dags/example_complex.py
[2025-07-28T15:52:02.840+0000] {logging_mixin.py:190} INFO - [2025-07-28T15:52:02.839+0000] {dag.py:3229} INFO - Sync 1 DAGs
[2025-07-28T15:52:02.857+0000] {logging_mixin.py:190} INFO - [2025-07-28T15:52:02.857+0000] {dag.py:4156} INFO - Setting next_dagrun for example_complex to None, run_after=None
[2025-07-28T15:52:02.865+0000] {processor.py:208} INFO - Processing /home/airflow/.local/lib/python3.12/site-packages/airflow/example_dags/example_complex.py took 0.053 seconds
[2025-07-28T15:52:33.810+0000] {processor.py:186} INFO - Started process (PID=1248) to work on /home/airflow/.local/lib/python3.12/site-packages/airflow/example_dags/example_complex.py
[2025-07-28T15:52:33.812+0000] {processor.py:914} INFO - Processing file /home/airflow/.local/lib/python3.12/site-packages/airflow/example_dags/example_complex.py for tasks to queue
[2025-07-28T15:52:33.817+0000] {logging_mixin.py:190} INFO - [2025-07-28T15:52:33.816+0000] {dagbag.py:587} INFO - Filling up the DagBag from /home/airflow/.local/lib/python3.12/site-packages/airflow/example_dags/example_complex.py
[2025-07-28T15:52:33.828+0000] {processor.py:925} INFO - DAG(s) 'example_complex' retrieved from /home/airflow/.local/lib/python3.12/site-packages/airflow/example_dags/example_complex.py
[2025-07-28T15:52:33.865+0000] {logging_mixin.py:190} INFO - [2025-07-28T15:52:33.864+0000] {dag.py:3229} INFO - Sync 1 DAGs
[2025-07-28T15:52:33.882+0000] {logging_mixin.py:190} INFO - [2025-07-28T15:52:33.882+0000] {dag.py:4156} INFO - Setting next_dagrun for example_complex to None, run_after=None
[2025-07-28T15:52:33.895+0000] {processor.py:208} INFO - Processing /home/airflow/.local/lib/python3.12/site-packages/airflow/example_dags/example_complex.py took 0.091 seconds
[2025-07-28T15:53:04.094+0000] {processor.py:186} INFO - Started process (PID=1310) to work on /home/airflow/.local/lib/python3.12/site-packages/airflow/example_dags/example_complex.py
[2025-07-28T15:53:04.096+0000] {processor.py:914} INFO - Processing file /home/airflow/.local/lib/python3.12/site-packages/airflow/example_dags/example_complex.py for tasks to queue
[2025-07-28T15:53:04.097+0000] {logging_mixin.py:190} INFO - [2025-07-28T15:53:04.097+0000] {dagbag.py:587} INFO - Filling up the DagBag from /home/airflow/.local/lib/python3.12/site-packages/airflow/example_dags/example_complex.py
[2025-07-28T15:53:04.102+0000] {processor.py:925} INFO - DAG(s) 'example_complex' retrieved from /home/airflow/.local/lib/python3.12/site-packages/airflow/example_dags/example_complex.py
[2025-07-28T15:53:04.116+0000] {logging_mixin.py:190} INFO - [2025-07-28T15:53:04.116+0000] {dag.py:3229} INFO - Sync 1 DAGs
[2025-07-28T15:53:04.122+0000] {logging_mixin.py:190} INFO - [2025-07-28T15:53:04.122+0000] {dag.py:4156} INFO - Setting next_dagrun for example_complex to None, run_after=None
[2025-07-28T15:53:04.130+0000] {processor.py:208} INFO - Processing /home/airflow/.local/lib/python3.12/site-packages/airflow/example_dags/example_complex.py took 0.039 seconds
[2025-07-28T15:53:35.077+0000] {processor.py:186} INFO - Started process (PID=1373) to work on /home/airflow/.local/lib/python3.12/site-packages/airflow/example_dags/example_complex.py
[2025-07-28T15:53:35.078+0000] {processor.py:914} INFO - Processing file /home/airflow/.local/lib/python3.12/site-packages/airflow/example_dags/example_complex.py for tasks to queue
[2025-07-28T15:53:35.080+0000] {logging_mixin.py:190} INFO - [2025-07-28T15:53:35.080+0000] {dagbag.py:587} INFO - Filling up the DagBag from /home/airflow/.local/lib/python3.12/site-packages/airflow/example_dags/example_complex.py
[2025-07-28T15:53:35.093+0000] {processor.py:925} INFO - DAG(s) 'example_complex' retrieved from /home/airflow/.local/lib/python3.12/site-packages/airflow/example_dags/example_complex.py
[2025-07-28T15:53:35.114+0000] {logging_mixin.py:190} INFO - [2025-07-28T15:53:35.114+0000] {dag.py:3229} INFO - Sync 1 DAGs
[2025-07-28T15:53:35.121+0000] {logging_mixin.py:190} INFO - [2025-07-28T15:53:35.121+0000] {dag.py:4156} INFO - Setting next_dagrun for example_complex to None, run_after=None
[2025-07-28T15:53:35.129+0000] {processor.py:208} INFO - Processing /home/airflow/.local/lib/python3.12/site-packages/airflow/example_dags/example_complex.py took 0.057 seconds
[2025-07-28T15:54:05.893+0000] {processor.py:186} INFO - Started process (PID=1436) to work on /home/airflow/.local/lib/python3.12/site-packages/airflow/example_dags/example_complex.py
[2025-07-28T15:54:05.894+0000] {processor.py:914} INFO - Processing file /home/airflow/.local/lib/python3.12/site-packages/airflow/example_dags/example_complex.py for tasks to queue
[2025-07-28T15:54:05.896+0000] {logging_mixin.py:190} INFO - [2025-07-28T15:54:05.896+0000] {dagbag.py:587} INFO - Filling up the DagBag from /home/airflow/.local/lib/python3.12/site-packages/airflow/example_dags/example_complex.py
[2025-07-28T15:54:05.902+0000] {processor.py:925} INFO - DAG(s) 'example_complex' retrieved from /home/airflow/.local/lib/python3.12/site-packages/airflow/example_dags/example_complex.py
[2025-07-28T15:54:05.919+0000] {logging_mixin.py:190} INFO - [2025-07-28T15:54:05.919+0000] {dag.py:3229} INFO - Sync 1 DAGs
[2025-07-28T15:54:05.925+0000] {logging_mixin.py:190} INFO - [2025-07-28T15:54:05.925+0000] {dag.py:4156} INFO - Setting next_dagrun for example_complex to None, run_after=None
[2025-07-28T15:54:05.932+0000] {processor.py:208} INFO - Processing /home/airflow/.local/lib/python3.12/site-packages/airflow/example_dags/example_complex.py took 0.044 seconds
[2025-07-28T15:54:36.716+0000] {processor.py:186} INFO - Started process (PID=1499) to work on /home/airflow/.local/lib/python3.12/site-packages/airflow/example_dags/example_complex.py
[2025-07-28T15:54:36.717+0000] {processor.py:914} INFO - Processing file /home/airflow/.local/lib/python3.12/site-packages/airflow/example_dags/example_complex.py for tasks to queue
[2025-07-28T15:54:36.718+0000] {logging_mixin.py:190} INFO - [2025-07-28T15:54:36.718+0000] {dagbag.py:587} INFO - Filling up the DagBag from /home/airflow/.local/lib/python3.12/site-packages/airflow/example_dags/example_complex.py
[2025-07-28T15:54:36.724+0000] {processor.py:925} INFO - DAG(s) 'example_complex' retrieved from /home/airflow/.local/lib/python3.12/site-packages/airflow/example_dags/example_complex.py
[2025-07-28T15:54:36.737+0000] {logging_mixin.py:190} INFO - [2025-07-28T15:54:36.737+0000] {dag.py:3229} INFO - Sync 1 DAGs
[2025-07-28T15:54:36.743+0000] {logging_mixin.py:190} INFO - [2025-07-28T15:54:36.743+0000] {dag.py:4156} INFO - Setting next_dagrun for example_complex to None, run_after=None
[2025-07-28T15:54:36.750+0000] {processor.py:208} INFO - Processing /home/airflow/.local/lib/python3.12/site-packages/airflow/example_dags/example_complex.py took 0.037 seconds
[2025-07-28T15:55:08.701+0000] {processor.py:186} INFO - Started process (PID=1562) to work on /home/airflow/.local/lib/python3.12/site-packages/airflow/example_dags/example_complex.py
[2025-07-28T15:55:08.702+0000] {processor.py:914} INFO - Processing file /home/airflow/.local/lib/python3.12/site-packages/airflow/example_dags/example_complex.py for tasks to queue
[2025-07-28T15:55:08.709+0000] {logging_mixin.py:190} INFO - [2025-07-28T15:55:08.704+0000] {dagbag.py:587} INFO - Filling up the DagBag from /home/airflow/.local/lib/python3.12/site-packages/airflow/example_dags/example_complex.py
[2025-07-28T15:55:08.718+0000] {processor.py:925} INFO - DAG(s) 'example_complex' retrieved from /home/airflow/.local/lib/python3.12/site-packages/airflow/example_dags/example_complex.py
[2025-07-28T15:55:08.749+0000] {logging_mixin.py:190} INFO - [2025-07-28T15:55:08.748+0000] {dag.py:3229} INFO - Sync 1 DAGs
[2025-07-28T15:55:08.760+0000] {logging_mixin.py:190} INFO - [2025-07-28T15:55:08.760+0000] {dag.py:4156} INFO - Setting next_dagrun for example_complex to None, run_after=None
[2025-07-28T15:55:08.772+0000] {processor.py:208} INFO - Processing /home/airflow/.local/lib/python3.12/site-packages/airflow/example_dags/example_complex.py took 0.076 seconds
[2025-07-28T15:55:39.432+0000] {processor.py:186} INFO - Started process (PID=1625) to work on /home/airflow/.local/lib/python3.12/site-packages/airflow/example_dags/example_complex.py
[2025-07-28T15:55:39.433+0000] {processor.py:914} INFO - Processing file /home/airflow/.local/lib/python3.12/site-packages/airflow/example_dags/example_complex.py for tasks to queue
[2025-07-28T15:55:39.437+0000] {logging_mixin.py:190} INFO - [2025-07-28T15:55:39.437+0000] {dagbag.py:587} INFO - Filling up the DagBag from /home/airflow/.local/lib/python3.12/site-packages/airflow/example_dags/example_complex.py
[2025-07-28T15:55:39.443+0000] {processor.py:925} INFO - DAG(s) 'example_complex' retrieved from /home/airflow/.local/lib/python3.12/site-packages/airflow/example_dags/example_complex.py
[2025-07-28T15:55:39.458+0000] {logging_mixin.py:190} INFO - [2025-07-28T15:55:39.458+0000] {dag.py:3229} INFO - Sync 1 DAGs
[2025-07-28T15:55:39.464+0000] {logging_mixin.py:190} INFO - [2025-07-28T15:55:39.464+0000] {dag.py:4156} INFO - Setting next_dagrun for example_complex to None, run_after=None
[2025-07-28T15:55:39.471+0000] {processor.py:208} INFO - Processing /home/airflow/.local/lib/python3.12/site-packages/airflow/example_dags/example_complex.py took 0.042 seconds
[2025-07-28T15:56:10.208+0000] {processor.py:186} INFO - Started process (PID=1688) to work on /home/airflow/.local/lib/python3.12/site-packages/airflow/example_dags/example_complex.py
[2025-07-28T15:56:10.208+0000] {processor.py:914} INFO - Processing file /home/airflow/.local/lib/python3.12/site-packages/airflow/example_dags/example_complex.py for tasks to queue
[2025-07-28T15:56:10.214+0000] {logging_mixin.py:190} INFO - [2025-07-28T15:56:10.214+0000] {dagbag.py:587} INFO - Filling up the DagBag from /home/airflow/.local/lib/python3.12/site-packages/airflow/example_dags/example_complex.py
[2025-07-28T15:56:10.221+0000] {processor.py:925} INFO - DAG(s) 'example_complex' retrieved from /home/airflow/.local/lib/python3.12/site-packages/airflow/example_dags/example_complex.py
[2025-07-28T15:56:10.237+0000] {logging_mixin.py:190} INFO - [2025-07-28T15:56:10.237+0000] {dag.py:3229} INFO - Sync 1 DAGs
[2025-07-28T15:56:10.250+0000] {logging_mixin.py:190} INFO - [2025-07-28T15:56:10.250+0000] {dag.py:4156} INFO - Setting next_dagrun for example_complex to None, run_after=None
[2025-07-28T15:56:10.263+0000] {processor.py:208} INFO - Processing /home/airflow/.local/lib/python3.12/site-packages/airflow/example_dags/example_complex.py took 0.060 seconds
[2025-07-28T15:56:41.075+0000] {processor.py:186} INFO - Started process (PID=1751) to work on /home/airflow/.local/lib/python3.12/site-packages/airflow/example_dags/example_complex.py
[2025-07-28T15:56:41.076+0000] {processor.py:914} INFO - Processing file /home/airflow/.local/lib/python3.12/site-packages/airflow/example_dags/example_complex.py for tasks to queue
[2025-07-28T15:56:41.078+0000] {logging_mixin.py:190} INFO - [2025-07-28T15:56:41.078+0000] {dagbag.py:587} INFO - Filling up the DagBag from /home/airflow/.local/lib/python3.12/site-packages/airflow/example_dags/example_complex.py
[2025-07-28T15:56:41.087+0000] {processor.py:925} INFO - DAG(s) 'example_complex' retrieved from /home/airflow/.local/lib/python3.12/site-packages/airflow/example_dags/example_complex.py
[2025-07-28T15:56:41.109+0000] {logging_mixin.py:190} INFO - [2025-07-28T15:56:41.109+0000] {dag.py:3229} INFO - Sync 1 DAGs
[2025-07-28T15:56:41.122+0000] {logging_mixin.py:190} INFO - [2025-07-28T15:56:41.122+0000] {dag.py:4156} INFO - Setting next_dagrun for example_complex to None, run_after=None
[2025-07-28T15:56:41.137+0000] {processor.py:208} INFO - Processing /home/airflow/.local/lib/python3.12/site-packages/airflow/example_dags/example_complex.py took 0.068 seconds
[2025-07-28T15:57:11.774+0000] {processor.py:186} INFO - Started process (PID=1813) to work on /home/airflow/.local/lib/python3.12/site-packages/airflow/example_dags/example_complex.py
[2025-07-28T15:57:11.775+0000] {processor.py:914} INFO - Processing file /home/airflow/.local/lib/python3.12/site-packages/airflow/example_dags/example_complex.py for tasks to queue
[2025-07-28T15:57:11.777+0000] {logging_mixin.py:190} INFO - [2025-07-28T15:57:11.777+0000] {dagbag.py:587} INFO - Filling up the DagBag from /home/airflow/.local/lib/python3.12/site-packages/airflow/example_dags/example_complex.py
[2025-07-28T15:57:11.783+0000] {processor.py:925} INFO - DAG(s) 'example_complex' retrieved from /home/airflow/.local/lib/python3.12/site-packages/airflow/example_dags/example_complex.py
[2025-07-28T15:57:11.799+0000] {logging_mixin.py:190} INFO - [2025-07-28T15:57:11.799+0000] {dag.py:3229} INFO - Sync 1 DAGs
[2025-07-28T15:57:11.807+0000] {logging_mixin.py:190} INFO - [2025-07-28T15:57:11.807+0000] {dag.py:4156} INFO - Setting next_dagrun for example_complex to None, run_after=None
[2025-07-28T15:57:11.814+0000] {processor.py:208} INFO - Processing /home/airflow/.local/lib/python3.12/site-packages/airflow/example_dags/example_complex.py took 0.045 seconds
[2025-07-28T15:57:43.371+0000] {processor.py:186} INFO - Started process (PID=1876) to work on /home/airflow/.local/lib/python3.12/site-packages/airflow/example_dags/example_complex.py
[2025-07-28T15:57:43.372+0000] {processor.py:914} INFO - Processing file /home/airflow/.local/lib/python3.12/site-packages/airflow/example_dags/example_complex.py for tasks to queue
[2025-07-28T15:57:43.374+0000] {logging_mixin.py:190} INFO - [2025-07-28T15:57:43.374+0000] {dagbag.py:587} INFO - Filling up the DagBag from /home/airflow/.local/lib/python3.12/site-packages/airflow/example_dags/example_complex.py
[2025-07-28T15:57:43.386+0000] {processor.py:925} INFO - DAG(s) 'example_complex' retrieved from /home/airflow/.local/lib/python3.12/site-packages/airflow/example_dags/example_complex.py
[2025-07-28T15:57:43.405+0000] {logging_mixin.py:190} INFO - [2025-07-28T15:57:43.404+0000] {dag.py:3229} INFO - Sync 1 DAGs
[2025-07-28T15:57:43.413+0000] {logging_mixin.py:190} INFO - [2025-07-28T15:57:43.413+0000] {dag.py:4156} INFO - Setting next_dagrun for example_complex to None, run_after=None
[2025-07-28T15:57:43.423+0000] {processor.py:208} INFO - Processing /home/airflow/.local/lib/python3.12/site-packages/airflow/example_dags/example_complex.py took 0.057 seconds
[2025-07-28T15:58:14.314+0000] {processor.py:186} INFO - Started process (PID=1939) to work on /home/airflow/.local/lib/python3.12/site-packages/airflow/example_dags/example_complex.py
[2025-07-28T15:58:14.314+0000] {processor.py:914} INFO - Processing file /home/airflow/.local/lib/python3.12/site-packages/airflow/example_dags/example_complex.py for tasks to queue
[2025-07-28T15:58:14.315+0000] {logging_mixin.py:190} INFO - [2025-07-28T15:58:14.315+0000] {dagbag.py:587} INFO - Filling up the DagBag from /home/airflow/.local/lib/python3.12/site-packages/airflow/example_dags/example_complex.py
[2025-07-28T15:58:14.321+0000] {processor.py:925} INFO - DAG(s) 'example_complex' retrieved from /home/airflow/.local/lib/python3.12/site-packages/airflow/example_dags/example_complex.py
[2025-07-28T15:58:14.335+0000] {logging_mixin.py:190} INFO - [2025-07-28T15:58:14.335+0000] {dag.py:3229} INFO - Sync 1 DAGs
[2025-07-28T15:58:14.341+0000] {logging_mixin.py:190} INFO - [2025-07-28T15:58:14.341+0000] {dag.py:4156} INFO - Setting next_dagrun for example_complex to None, run_after=None
[2025-07-28T15:58:14.349+0000] {processor.py:208} INFO - Processing /home/airflow/.local/lib/python3.12/site-packages/airflow/example_dags/example_complex.py took 0.038 seconds
[2025-07-28T15:58:46.266+0000] {processor.py:186} INFO - Started process (PID=2002) to work on /home/airflow/.local/lib/python3.12/site-packages/airflow/example_dags/example_complex.py
[2025-07-28T15:58:46.267+0000] {processor.py:914} INFO - Processing file /home/airflow/.local/lib/python3.12/site-packages/airflow/example_dags/example_complex.py for tasks to queue
[2025-07-28T15:58:46.269+0000] {logging_mixin.py:190} INFO - [2025-07-28T15:58:46.268+0000] {dagbag.py:587} INFO - Filling up the DagBag from /home/airflow/.local/lib/python3.12/site-packages/airflow/example_dags/example_complex.py
[2025-07-28T15:58:46.276+0000] {processor.py:925} INFO - DAG(s) 'example_complex' retrieved from /home/airflow/.local/lib/python3.12/site-packages/airflow/example_dags/example_complex.py
[2025-07-28T15:58:46.299+0000] {logging_mixin.py:190} INFO - [2025-07-28T15:58:46.299+0000] {dag.py:3229} INFO - Sync 1 DAGs
[2025-07-28T15:58:46.311+0000] {logging_mixin.py:190} INFO - [2025-07-28T15:58:46.311+0000] {dag.py:4156} INFO - Setting next_dagrun for example_complex to None, run_after=None
[2025-07-28T15:58:46.332+0000] {processor.py:208} INFO - Processing /home/airflow/.local/lib/python3.12/site-packages/airflow/example_dags/example_complex.py took 0.070 seconds
[2025-07-28T15:59:16.699+0000] {processor.py:186} INFO - Started process (PID=2064) to work on /home/airflow/.local/lib/python3.12/site-packages/airflow/example_dags/example_complex.py
[2025-07-28T15:59:16.700+0000] {processor.py:914} INFO - Processing file /home/airflow/.local/lib/python3.12/site-packages/airflow/example_dags/example_complex.py for tasks to queue
[2025-07-28T15:59:16.701+0000] {logging_mixin.py:190} INFO - [2025-07-28T15:59:16.701+0000] {dagbag.py:587} INFO - Filling up the DagBag from /home/airflow/.local/lib/python3.12/site-packages/airflow/example_dags/example_complex.py
[2025-07-28T15:59:16.709+0000] {processor.py:925} INFO - DAG(s) 'example_complex' retrieved from /home/airflow/.local/lib/python3.12/site-packages/airflow/example_dags/example_complex.py
[2025-07-28T15:59:16.723+0000] {logging_mixin.py:190} INFO - [2025-07-28T15:59:16.723+0000] {dag.py:3229} INFO - Sync 1 DAGs
[2025-07-28T15:59:16.730+0000] {logging_mixin.py:190} INFO - [2025-07-28T15:59:16.730+0000] {dag.py:4156} INFO - Setting next_dagrun for example_complex to None, run_after=None
[2025-07-28T15:59:16.737+0000] {processor.py:208} INFO - Processing /home/airflow/.local/lib/python3.12/site-packages/airflow/example_dags/example_complex.py took 0.042 seconds
[2025-07-28T15:59:46.827+0000] {processor.py:186} INFO - Started process (PID=2127) to work on /home/airflow/.local/lib/python3.12/site-packages/airflow/example_dags/example_complex.py
[2025-07-28T15:59:46.828+0000] {processor.py:914} INFO - Processing file /home/airflow/.local/lib/python3.12/site-packages/airflow/example_dags/example_complex.py for tasks to queue
[2025-07-28T15:59:46.829+0000] {logging_mixin.py:190} INFO - [2025-07-28T15:59:46.829+0000] {dagbag.py:587} INFO - Filling up the DagBag from /home/airflow/.local/lib/python3.12/site-packages/airflow/example_dags/example_complex.py
[2025-07-28T15:59:46.835+0000] {processor.py:925} INFO - DAG(s) 'example_complex' retrieved from /home/airflow/.local/lib/python3.12/site-packages/airflow/example_dags/example_complex.py
[2025-07-28T15:59:46.850+0000] {logging_mixin.py:190} INFO - [2025-07-28T15:59:46.850+0000] {dag.py:3229} INFO - Sync 1 DAGs
[2025-07-28T15:59:46.866+0000] {logging_mixin.py:190} INFO - [2025-07-28T15:59:46.866+0000] {dag.py:4156} INFO - Setting next_dagrun for example_complex to None, run_after=None
[2025-07-28T15:59:46.880+0000] {processor.py:208} INFO - Processing /home/airflow/.local/lib/python3.12/site-packages/airflow/example_dags/example_complex.py took 0.056 seconds
[2025-07-28T16:00:18.105+0000] {processor.py:186} INFO - Started process (PID=2189) to work on /home/airflow/.local/lib/python3.12/site-packages/airflow/example_dags/example_complex.py
[2025-07-28T16:00:18.106+0000] {processor.py:914} INFO - Processing file /home/airflow/.local/lib/python3.12/site-packages/airflow/example_dags/example_complex.py for tasks to queue
[2025-07-28T16:00:18.110+0000] {logging_mixin.py:190} INFO - [2025-07-28T16:00:18.109+0000] {dagbag.py:587} INFO - Filling up the DagBag from /home/airflow/.local/lib/python3.12/site-packages/airflow/example_dags/example_complex.py
[2025-07-28T16:00:18.122+0000] {processor.py:925} INFO - DAG(s) 'example_complex' retrieved from /home/airflow/.local/lib/python3.12/site-packages/airflow/example_dags/example_complex.py
[2025-07-28T16:00:18.152+0000] {logging_mixin.py:190} INFO - [2025-07-28T16:00:18.152+0000] {dag.py:3229} INFO - Sync 1 DAGs
[2025-07-28T16:00:18.164+0000] {logging_mixin.py:190} INFO - [2025-07-28T16:00:18.163+0000] {dag.py:4156} INFO - Setting next_dagrun for example_complex to None, run_after=None
[2025-07-28T16:00:18.180+0000] {processor.py:208} INFO - Processing /home/airflow/.local/lib/python3.12/site-packages/airflow/example_dags/example_complex.py took 0.082 seconds
[2025-07-28T16:00:48.982+0000] {processor.py:186} INFO - Started process (PID=2252) to work on /home/airflow/.local/lib/python3.12/site-packages/airflow/example_dags/example_complex.py
[2025-07-28T16:00:48.984+0000] {processor.py:914} INFO - Processing file /home/airflow/.local/lib/python3.12/site-packages/airflow/example_dags/example_complex.py for tasks to queue
[2025-07-28T16:00:48.985+0000] {logging_mixin.py:190} INFO - [2025-07-28T16:00:48.985+0000] {dagbag.py:587} INFO - Filling up the DagBag from /home/airflow/.local/lib/python3.12/site-packages/airflow/example_dags/example_complex.py
[2025-07-28T16:00:48.991+0000] {processor.py:925} INFO - DAG(s) 'example_complex' retrieved from /home/airflow/.local/lib/python3.12/site-packages/airflow/example_dags/example_complex.py
[2025-07-28T16:00:49.008+0000] {logging_mixin.py:190} INFO - [2025-07-28T16:00:49.007+0000] {dag.py:3229} INFO - Sync 1 DAGs
[2025-07-28T16:00:49.016+0000] {logging_mixin.py:190} INFO - [2025-07-28T16:00:49.016+0000] {dag.py:4156} INFO - Setting next_dagrun for example_complex to None, run_after=None
[2025-07-28T16:00:49.025+0000] {processor.py:208} INFO - Processing /home/airflow/.local/lib/python3.12/site-packages/airflow/example_dags/example_complex.py took 0.046 seconds
