[2025-07-28T15:42:54.496+0000] {processor.py:186} INFO - Started process (PID=104) to work on /home/airflow/.local/lib/python3.12/site-packages/airflow/example_dags/example_kubernetes_executor.py
[2025-07-28T15:42:54.496+0000] {processor.py:914} INFO - Processing file /home/airflow/.local/lib/python3.12/site-packages/airflow/example_dags/example_kubernetes_executor.py for tasks to queue
[2025-07-28T15:42:54.497+0000] {logging_mixin.py:190} INFO - [2025-07-28T15:42:54.497+0000] {dagbag.py:587} INFO - Filling up the DagBag from /home/airflow/.local/lib/python3.12/site-packages/airflow/example_dags/example_kubernetes_executor.py
[2025-07-28T15:42:54.506+0000] {processor.py:925} INFO - DAG(s) 'example_kubernetes_executor' retrieved from /home/airflow/.local/lib/python3.12/site-packages/airflow/example_dags/example_kubernetes_executor.py
[2025-07-28T15:42:54.590+0000] {logging_mixin.py:190} INFO - [2025-07-28T15:42:54.589+0000] {override.py:1900} INFO - Created Permission View: can edit on DAG:example_kubernetes_executor
[2025-07-28T15:42:54.594+0000] {logging_mixin.py:190} INFO - [2025-07-28T15:42:54.594+0000] {override.py:1900} INFO - Created Permission View: can read on DAG:example_kubernetes_executor
[2025-07-28T15:42:54.597+0000] {logging_mixin.py:190} INFO - [2025-07-28T15:42:54.597+0000] {override.py:1900} INFO - Created Permission View: can delete on DAG:example_kubernetes_executor
[2025-07-28T15:42:54.600+0000] {logging_mixin.py:190} INFO - [2025-07-28T15:42:54.600+0000] {override.py:1900} INFO - Created Permission View: can read on DAG Run:example_kubernetes_executor
[2025-07-28T15:42:54.604+0000] {logging_mixin.py:190} INFO - [2025-07-28T15:42:54.604+0000] {override.py:1900} INFO - Created Permission View: can delete on DAG Run:example_kubernetes_executor
[2025-07-28T15:42:54.606+0000] {logging_mixin.py:190} INFO - [2025-07-28T15:42:54.606+0000] {override.py:1900} INFO - Created Permission View: can create on DAG Run:example_kubernetes_executor
[2025-07-28T15:42:54.609+0000] {logging_mixin.py:190} INFO - [2025-07-28T15:42:54.609+0000] {override.py:1900} INFO - Created Permission View: menu access on DAG Run:example_kubernetes_executor
[2025-07-28T15:42:54.609+0000] {logging_mixin.py:190} INFO - [2025-07-28T15:42:54.609+0000] {dag.py:3229} INFO - Sync 1 DAGs
[2025-07-28T15:42:54.617+0000] {logging_mixin.py:190} INFO - [2025-07-28T15:42:54.617+0000] {dag.py:3252} INFO - Creating ORM DAG for example_kubernetes_executor
[2025-07-28T15:42:54.617+0000] {logging_mixin.py:190} INFO - [2025-07-28T15:42:54.617+0000] {dag.py:4156} INFO - Setting next_dagrun for example_kubernetes_executor to None, run_after=None
[2025-07-28T15:42:54.625+0000] {processor.py:208} INFO - Processing /home/airflow/.local/lib/python3.12/site-packages/airflow/example_dags/example_kubernetes_executor.py took 0.132 seconds
[2025-07-28T15:43:25.556+0000] {processor.py:186} INFO - Started process (PID=166) to work on /home/airflow/.local/lib/python3.12/site-packages/airflow/example_dags/example_kubernetes_executor.py
[2025-07-28T15:43:25.557+0000] {processor.py:914} INFO - Processing file /home/airflow/.local/lib/python3.12/site-packages/airflow/example_dags/example_kubernetes_executor.py for tasks to queue
[2025-07-28T15:43:25.559+0000] {logging_mixin.py:190} INFO - [2025-07-28T15:43:25.559+0000] {dagbag.py:587} INFO - Filling up the DagBag from /home/airflow/.local/lib/python3.12/site-packages/airflow/example_dags/example_kubernetes_executor.py
[2025-07-28T15:43:25.574+0000] {processor.py:925} INFO - DAG(s) 'example_kubernetes_executor' retrieved from /home/airflow/.local/lib/python3.12/site-packages/airflow/example_dags/example_kubernetes_executor.py
[2025-07-28T15:43:25.601+0000] {logging_mixin.py:190} INFO - [2025-07-28T15:43:25.601+0000] {dag.py:3229} INFO - Sync 1 DAGs
[2025-07-28T15:43:25.613+0000] {logging_mixin.py:190} INFO - [2025-07-28T15:43:25.613+0000] {dag.py:4156} INFO - Setting next_dagrun for example_kubernetes_executor to None, run_after=None
[2025-07-28T15:43:25.624+0000] {processor.py:208} INFO - Processing /home/airflow/.local/lib/python3.12/site-packages/airflow/example_dags/example_kubernetes_executor.py took 0.074 seconds
[2025-07-28T15:43:56.528+0000] {processor.py:186} INFO - Started process (PID=228) to work on /home/airflow/.local/lib/python3.12/site-packages/airflow/example_dags/example_kubernetes_executor.py
[2025-07-28T15:43:56.532+0000] {processor.py:914} INFO - Processing file /home/airflow/.local/lib/python3.12/site-packages/airflow/example_dags/example_kubernetes_executor.py for tasks to queue
[2025-07-28T15:43:56.534+0000] {logging_mixin.py:190} INFO - [2025-07-28T15:43:56.533+0000] {dagbag.py:587} INFO - Filling up the DagBag from /home/airflow/.local/lib/python3.12/site-packages/airflow/example_dags/example_kubernetes_executor.py
[2025-07-28T15:43:56.548+0000] {processor.py:925} INFO - DAG(s) 'example_kubernetes_executor' retrieved from /home/airflow/.local/lib/python3.12/site-packages/airflow/example_dags/example_kubernetes_executor.py
[2025-07-28T15:43:56.580+0000] {logging_mixin.py:190} INFO - [2025-07-28T15:43:56.580+0000] {dag.py:3229} INFO - Sync 1 DAGs
[2025-07-28T15:43:56.589+0000] {logging_mixin.py:190} INFO - [2025-07-28T15:43:56.589+0000] {dag.py:4156} INFO - Setting next_dagrun for example_kubernetes_executor to None, run_after=None
[2025-07-28T15:43:56.600+0000] {processor.py:208} INFO - Processing /home/airflow/.local/lib/python3.12/site-packages/airflow/example_dags/example_kubernetes_executor.py took 0.079 seconds
[2025-07-28T15:44:26.855+0000] {processor.py:186} INFO - Started process (PID=290) to work on /home/airflow/.local/lib/python3.12/site-packages/airflow/example_dags/example_kubernetes_executor.py
[2025-07-28T15:44:26.858+0000] {processor.py:914} INFO - Processing file /home/airflow/.local/lib/python3.12/site-packages/airflow/example_dags/example_kubernetes_executor.py for tasks to queue
[2025-07-28T15:44:26.860+0000] {logging_mixin.py:190} INFO - [2025-07-28T15:44:26.860+0000] {dagbag.py:587} INFO - Filling up the DagBag from /home/airflow/.local/lib/python3.12/site-packages/airflow/example_dags/example_kubernetes_executor.py
[2025-07-28T15:44:26.876+0000] {processor.py:925} INFO - DAG(s) 'example_kubernetes_executor' retrieved from /home/airflow/.local/lib/python3.12/site-packages/airflow/example_dags/example_kubernetes_executor.py
[2025-07-28T15:44:26.899+0000] {logging_mixin.py:190} INFO - [2025-07-28T15:44:26.898+0000] {dag.py:3229} INFO - Sync 1 DAGs
[2025-07-28T15:44:26.907+0000] {logging_mixin.py:190} INFO - [2025-07-28T15:44:26.907+0000] {dag.py:4156} INFO - Setting next_dagrun for example_kubernetes_executor to None, run_after=None
[2025-07-28T15:44:26.916+0000] {processor.py:208} INFO - Processing /home/airflow/.local/lib/python3.12/site-packages/airflow/example_dags/example_kubernetes_executor.py took 0.065 seconds
[2025-07-28T15:44:57.396+0000] {processor.py:186} INFO - Started process (PID=352) to work on /home/airflow/.local/lib/python3.12/site-packages/airflow/example_dags/example_kubernetes_executor.py
[2025-07-28T15:44:57.400+0000] {processor.py:914} INFO - Processing file /home/airflow/.local/lib/python3.12/site-packages/airflow/example_dags/example_kubernetes_executor.py for tasks to queue
[2025-07-28T15:44:57.406+0000] {logging_mixin.py:190} INFO - [2025-07-28T15:44:57.404+0000] {dagbag.py:587} INFO - Filling up the DagBag from /home/airflow/.local/lib/python3.12/site-packages/airflow/example_dags/example_kubernetes_executor.py
[2025-07-28T15:44:57.430+0000] {processor.py:925} INFO - DAG(s) 'example_kubernetes_executor' retrieved from /home/airflow/.local/lib/python3.12/site-packages/airflow/example_dags/example_kubernetes_executor.py
[2025-07-28T15:44:57.482+0000] {logging_mixin.py:190} INFO - [2025-07-28T15:44:57.481+0000] {dag.py:3229} INFO - Sync 1 DAGs
[2025-07-28T15:44:57.499+0000] {logging_mixin.py:190} INFO - [2025-07-28T15:44:57.499+0000] {dag.py:4156} INFO - Setting next_dagrun for example_kubernetes_executor to None, run_after=None
[2025-07-28T15:44:57.519+0000] {processor.py:208} INFO - Processing /home/airflow/.local/lib/python3.12/site-packages/airflow/example_dags/example_kubernetes_executor.py took 0.135 seconds
[2025-07-28T15:45:28.411+0000] {processor.py:186} INFO - Started process (PID=414) to work on /home/airflow/.local/lib/python3.12/site-packages/airflow/example_dags/example_kubernetes_executor.py
[2025-07-28T15:45:28.416+0000] {processor.py:914} INFO - Processing file /home/airflow/.local/lib/python3.12/site-packages/airflow/example_dags/example_kubernetes_executor.py for tasks to queue
[2025-07-28T15:45:28.419+0000] {logging_mixin.py:190} INFO - [2025-07-28T15:45:28.419+0000] {dagbag.py:587} INFO - Filling up the DagBag from /home/airflow/.local/lib/python3.12/site-packages/airflow/example_dags/example_kubernetes_executor.py
[2025-07-28T15:45:28.454+0000] {processor.py:925} INFO - DAG(s) 'example_kubernetes_executor' retrieved from /home/airflow/.local/lib/python3.12/site-packages/airflow/example_dags/example_kubernetes_executor.py
[2025-07-28T15:45:28.509+0000] {logging_mixin.py:190} INFO - [2025-07-28T15:45:28.508+0000] {dag.py:3229} INFO - Sync 1 DAGs
[2025-07-28T15:45:28.527+0000] {logging_mixin.py:190} INFO - [2025-07-28T15:45:28.527+0000] {dag.py:4156} INFO - Setting next_dagrun for example_kubernetes_executor to None, run_after=None
[2025-07-28T15:45:28.556+0000] {processor.py:208} INFO - Processing /home/airflow/.local/lib/python3.12/site-packages/airflow/example_dags/example_kubernetes_executor.py took 0.157 seconds
[2025-07-28T15:45:59.178+0000] {processor.py:186} INFO - Started process (PID=476) to work on /home/airflow/.local/lib/python3.12/site-packages/airflow/example_dags/example_kubernetes_executor.py
[2025-07-28T15:45:59.181+0000] {processor.py:914} INFO - Processing file /home/airflow/.local/lib/python3.12/site-packages/airflow/example_dags/example_kubernetes_executor.py for tasks to queue
[2025-07-28T15:45:59.183+0000] {logging_mixin.py:190} INFO - [2025-07-28T15:45:59.183+0000] {dagbag.py:587} INFO - Filling up the DagBag from /home/airflow/.local/lib/python3.12/site-packages/airflow/example_dags/example_kubernetes_executor.py
[2025-07-28T15:45:59.204+0000] {processor.py:925} INFO - DAG(s) 'example_kubernetes_executor' retrieved from /home/airflow/.local/lib/python3.12/site-packages/airflow/example_dags/example_kubernetes_executor.py
[2025-07-28T15:45:59.239+0000] {logging_mixin.py:190} INFO - [2025-07-28T15:45:59.239+0000] {dag.py:3229} INFO - Sync 1 DAGs
[2025-07-28T15:45:59.248+0000] {logging_mixin.py:190} INFO - [2025-07-28T15:45:59.247+0000] {dag.py:4156} INFO - Setting next_dagrun for example_kubernetes_executor to None, run_after=None
[2025-07-28T15:45:59.256+0000] {processor.py:208} INFO - Processing /home/airflow/.local/lib/python3.12/site-packages/airflow/example_dags/example_kubernetes_executor.py took 0.083 seconds
[2025-07-28T15:46:29.689+0000] {processor.py:186} INFO - Started process (PID=538) to work on /home/airflow/.local/lib/python3.12/site-packages/airflow/example_dags/example_kubernetes_executor.py
[2025-07-28T15:46:29.690+0000] {processor.py:914} INFO - Processing file /home/airflow/.local/lib/python3.12/site-packages/airflow/example_dags/example_kubernetes_executor.py for tasks to queue
[2025-07-28T15:46:29.695+0000] {logging_mixin.py:190} INFO - [2025-07-28T15:46:29.694+0000] {dagbag.py:587} INFO - Filling up the DagBag from /home/airflow/.local/lib/python3.12/site-packages/airflow/example_dags/example_kubernetes_executor.py
[2025-07-28T15:46:29.719+0000] {processor.py:925} INFO - DAG(s) 'example_kubernetes_executor' retrieved from /home/airflow/.local/lib/python3.12/site-packages/airflow/example_dags/example_kubernetes_executor.py
[2025-07-28T15:46:29.764+0000] {logging_mixin.py:190} INFO - [2025-07-28T15:46:29.764+0000] {dag.py:3229} INFO - Sync 1 DAGs
[2025-07-28T15:46:29.775+0000] {logging_mixin.py:190} INFO - [2025-07-28T15:46:29.775+0000] {dag.py:4156} INFO - Setting next_dagrun for example_kubernetes_executor to None, run_after=None
[2025-07-28T15:46:29.788+0000] {processor.py:208} INFO - Processing /home/airflow/.local/lib/python3.12/site-packages/airflow/example_dags/example_kubernetes_executor.py took 0.106 seconds
[2025-07-28T15:47:00.174+0000] {processor.py:186} INFO - Started process (PID=600) to work on /home/airflow/.local/lib/python3.12/site-packages/airflow/example_dags/example_kubernetes_executor.py
[2025-07-28T15:47:00.179+0000] {processor.py:914} INFO - Processing file /home/airflow/.local/lib/python3.12/site-packages/airflow/example_dags/example_kubernetes_executor.py for tasks to queue
[2025-07-28T15:47:00.184+0000] {logging_mixin.py:190} INFO - [2025-07-28T15:47:00.183+0000] {dagbag.py:587} INFO - Filling up the DagBag from /home/airflow/.local/lib/python3.12/site-packages/airflow/example_dags/example_kubernetes_executor.py
[2025-07-28T15:47:00.195+0000] {processor.py:925} INFO - DAG(s) 'example_kubernetes_executor' retrieved from /home/airflow/.local/lib/python3.12/site-packages/airflow/example_dags/example_kubernetes_executor.py
[2025-07-28T15:47:00.226+0000] {logging_mixin.py:190} INFO - [2025-07-28T15:47:00.226+0000] {dag.py:3229} INFO - Sync 1 DAGs
[2025-07-28T15:47:00.240+0000] {logging_mixin.py:190} INFO - [2025-07-28T15:47:00.240+0000] {dag.py:4156} INFO - Setting next_dagrun for example_kubernetes_executor to None, run_after=None
[2025-07-28T15:47:00.251+0000] {processor.py:208} INFO - Processing /home/airflow/.local/lib/python3.12/site-packages/airflow/example_dags/example_kubernetes_executor.py took 0.082 seconds
[2025-07-28T15:47:30.972+0000] {processor.py:186} INFO - Started process (PID=662) to work on /home/airflow/.local/lib/python3.12/site-packages/airflow/example_dags/example_kubernetes_executor.py
[2025-07-28T15:47:30.973+0000] {processor.py:914} INFO - Processing file /home/airflow/.local/lib/python3.12/site-packages/airflow/example_dags/example_kubernetes_executor.py for tasks to queue
[2025-07-28T15:47:30.975+0000] {logging_mixin.py:190} INFO - [2025-07-28T15:47:30.974+0000] {dagbag.py:587} INFO - Filling up the DagBag from /home/airflow/.local/lib/python3.12/site-packages/airflow/example_dags/example_kubernetes_executor.py
[2025-07-28T15:47:30.991+0000] {processor.py:925} INFO - DAG(s) 'example_kubernetes_executor' retrieved from /home/airflow/.local/lib/python3.12/site-packages/airflow/example_dags/example_kubernetes_executor.py
[2025-07-28T15:47:31.021+0000] {logging_mixin.py:190} INFO - [2025-07-28T15:47:31.020+0000] {dag.py:3229} INFO - Sync 1 DAGs
[2025-07-28T15:47:31.030+0000] {logging_mixin.py:190} INFO - [2025-07-28T15:47:31.029+0000] {dag.py:4156} INFO - Setting next_dagrun for example_kubernetes_executor to None, run_after=None
[2025-07-28T15:47:31.038+0000] {processor.py:208} INFO - Processing /home/airflow/.local/lib/python3.12/site-packages/airflow/example_dags/example_kubernetes_executor.py took 0.074 seconds
[2025-07-28T15:48:01.276+0000] {processor.py:186} INFO - Started process (PID=724) to work on /home/airflow/.local/lib/python3.12/site-packages/airflow/example_dags/example_kubernetes_executor.py
[2025-07-28T15:48:01.276+0000] {processor.py:914} INFO - Processing file /home/airflow/.local/lib/python3.12/site-packages/airflow/example_dags/example_kubernetes_executor.py for tasks to queue
[2025-07-28T15:48:01.278+0000] {logging_mixin.py:190} INFO - [2025-07-28T15:48:01.277+0000] {dagbag.py:587} INFO - Filling up the DagBag from /home/airflow/.local/lib/python3.12/site-packages/airflow/example_dags/example_kubernetes_executor.py
[2025-07-28T15:48:01.284+0000] {processor.py:925} INFO - DAG(s) 'example_kubernetes_executor' retrieved from /home/airflow/.local/lib/python3.12/site-packages/airflow/example_dags/example_kubernetes_executor.py
[2025-07-28T15:48:01.302+0000] {logging_mixin.py:190} INFO - [2025-07-28T15:48:01.302+0000] {dag.py:3229} INFO - Sync 1 DAGs
[2025-07-28T15:48:01.308+0000] {logging_mixin.py:190} INFO - [2025-07-28T15:48:01.308+0000] {dag.py:4156} INFO - Setting next_dagrun for example_kubernetes_executor to None, run_after=None
[2025-07-28T15:48:01.316+0000] {processor.py:208} INFO - Processing /home/airflow/.local/lib/python3.12/site-packages/airflow/example_dags/example_kubernetes_executor.py took 0.043 seconds
[2025-07-28T15:48:31.516+0000] {processor.py:186} INFO - Started process (PID=786) to work on /home/airflow/.local/lib/python3.12/site-packages/airflow/example_dags/example_kubernetes_executor.py
[2025-07-28T15:48:31.517+0000] {processor.py:914} INFO - Processing file /home/airflow/.local/lib/python3.12/site-packages/airflow/example_dags/example_kubernetes_executor.py for tasks to queue
[2025-07-28T15:48:31.518+0000] {logging_mixin.py:190} INFO - [2025-07-28T15:48:31.518+0000] {dagbag.py:587} INFO - Filling up the DagBag from /home/airflow/.local/lib/python3.12/site-packages/airflow/example_dags/example_kubernetes_executor.py
[2025-07-28T15:48:31.525+0000] {processor.py:925} INFO - DAG(s) 'example_kubernetes_executor' retrieved from /home/airflow/.local/lib/python3.12/site-packages/airflow/example_dags/example_kubernetes_executor.py
[2025-07-28T15:48:31.546+0000] {logging_mixin.py:190} INFO - [2025-07-28T15:48:31.546+0000] {dag.py:3229} INFO - Sync 1 DAGs
[2025-07-28T15:48:31.555+0000] {logging_mixin.py:190} INFO - [2025-07-28T15:48:31.555+0000] {dag.py:4156} INFO - Setting next_dagrun for example_kubernetes_executor to None, run_after=None
[2025-07-28T15:48:31.563+0000] {processor.py:208} INFO - Processing /home/airflow/.local/lib/python3.12/site-packages/airflow/example_dags/example_kubernetes_executor.py took 0.051 seconds
[2025-07-28T15:49:02.291+0000] {processor.py:186} INFO - Started process (PID=848) to work on /home/airflow/.local/lib/python3.12/site-packages/airflow/example_dags/example_kubernetes_executor.py
[2025-07-28T15:49:02.292+0000] {processor.py:914} INFO - Processing file /home/airflow/.local/lib/python3.12/site-packages/airflow/example_dags/example_kubernetes_executor.py for tasks to queue
[2025-07-28T15:49:02.293+0000] {logging_mixin.py:190} INFO - [2025-07-28T15:49:02.293+0000] {dagbag.py:587} INFO - Filling up the DagBag from /home/airflow/.local/lib/python3.12/site-packages/airflow/example_dags/example_kubernetes_executor.py
[2025-07-28T15:49:02.302+0000] {processor.py:925} INFO - DAG(s) 'example_kubernetes_executor' retrieved from /home/airflow/.local/lib/python3.12/site-packages/airflow/example_dags/example_kubernetes_executor.py
[2025-07-28T15:49:02.327+0000] {logging_mixin.py:190} INFO - [2025-07-28T15:49:02.327+0000] {dag.py:3229} INFO - Sync 1 DAGs
[2025-07-28T15:49:02.335+0000] {logging_mixin.py:190} INFO - [2025-07-28T15:49:02.335+0000] {dag.py:4156} INFO - Setting next_dagrun for example_kubernetes_executor to None, run_after=None
[2025-07-28T15:49:02.342+0000] {processor.py:208} INFO - Processing /home/airflow/.local/lib/python3.12/site-packages/airflow/example_dags/example_kubernetes_executor.py took 0.055 seconds
[2025-07-28T15:49:32.862+0000] {processor.py:186} INFO - Started process (PID=910) to work on /home/airflow/.local/lib/python3.12/site-packages/airflow/example_dags/example_kubernetes_executor.py
[2025-07-28T15:49:32.863+0000] {processor.py:914} INFO - Processing file /home/airflow/.local/lib/python3.12/site-packages/airflow/example_dags/example_kubernetes_executor.py for tasks to queue
[2025-07-28T15:49:32.866+0000] {logging_mixin.py:190} INFO - [2025-07-28T15:49:32.865+0000] {dagbag.py:587} INFO - Filling up the DagBag from /home/airflow/.local/lib/python3.12/site-packages/airflow/example_dags/example_kubernetes_executor.py
[2025-07-28T15:49:32.883+0000] {processor.py:925} INFO - DAG(s) 'example_kubernetes_executor' retrieved from /home/airflow/.local/lib/python3.12/site-packages/airflow/example_dags/example_kubernetes_executor.py
[2025-07-28T15:49:32.913+0000] {logging_mixin.py:190} INFO - [2025-07-28T15:49:32.912+0000] {dag.py:3229} INFO - Sync 1 DAGs
[2025-07-28T15:49:32.921+0000] {logging_mixin.py:190} INFO - [2025-07-28T15:49:32.921+0000] {dag.py:4156} INFO - Setting next_dagrun for example_kubernetes_executor to None, run_after=None
[2025-07-28T15:49:32.930+0000] {processor.py:208} INFO - Processing /home/airflow/.local/lib/python3.12/site-packages/airflow/example_dags/example_kubernetes_executor.py took 0.078 seconds
[2025-07-28T15:50:04.109+0000] {processor.py:186} INFO - Started process (PID=972) to work on /home/airflow/.local/lib/python3.12/site-packages/airflow/example_dags/example_kubernetes_executor.py
[2025-07-28T15:50:04.112+0000] {processor.py:914} INFO - Processing file /home/airflow/.local/lib/python3.12/site-packages/airflow/example_dags/example_kubernetes_executor.py for tasks to queue
[2025-07-28T15:50:04.116+0000] {logging_mixin.py:190} INFO - [2025-07-28T15:50:04.115+0000] {dagbag.py:587} INFO - Filling up the DagBag from /home/airflow/.local/lib/python3.12/site-packages/airflow/example_dags/example_kubernetes_executor.py
[2025-07-28T15:50:04.143+0000] {processor.py:925} INFO - DAG(s) 'example_kubernetes_executor' retrieved from /home/airflow/.local/lib/python3.12/site-packages/airflow/example_dags/example_kubernetes_executor.py
[2025-07-28T15:50:04.174+0000] {logging_mixin.py:190} INFO - [2025-07-28T15:50:04.174+0000] {dag.py:3229} INFO - Sync 1 DAGs
[2025-07-28T15:50:04.185+0000] {logging_mixin.py:190} INFO - [2025-07-28T15:50:04.185+0000] {dag.py:4156} INFO - Setting next_dagrun for example_kubernetes_executor to None, run_after=None
[2025-07-28T15:50:04.198+0000] {processor.py:208} INFO - Processing /home/airflow/.local/lib/python3.12/site-packages/airflow/example_dags/example_kubernetes_executor.py took 0.095 seconds
[2025-07-28T15:50:35.314+0000] {processor.py:186} INFO - Started process (PID=1034) to work on /home/airflow/.local/lib/python3.12/site-packages/airflow/example_dags/example_kubernetes_executor.py
[2025-07-28T15:50:35.320+0000] {processor.py:914} INFO - Processing file /home/airflow/.local/lib/python3.12/site-packages/airflow/example_dags/example_kubernetes_executor.py for tasks to queue
[2025-07-28T15:50:35.333+0000] {logging_mixin.py:190} INFO - [2025-07-28T15:50:35.332+0000] {dagbag.py:587} INFO - Filling up the DagBag from /home/airflow/.local/lib/python3.12/site-packages/airflow/example_dags/example_kubernetes_executor.py
[2025-07-28T15:50:35.420+0000] {processor.py:925} INFO - DAG(s) 'example_kubernetes_executor' retrieved from /home/airflow/.local/lib/python3.12/site-packages/airflow/example_dags/example_kubernetes_executor.py
[2025-07-28T15:50:35.471+0000] {logging_mixin.py:190} INFO - [2025-07-28T15:50:35.470+0000] {dag.py:3229} INFO - Sync 1 DAGs
[2025-07-28T15:50:35.482+0000] {logging_mixin.py:190} INFO - [2025-07-28T15:50:35.482+0000] {dag.py:4156} INFO - Setting next_dagrun for example_kubernetes_executor to None, run_after=None
[2025-07-28T15:50:35.492+0000] {processor.py:208} INFO - Processing /home/airflow/.local/lib/python3.12/site-packages/airflow/example_dags/example_kubernetes_executor.py took 0.200 seconds
[2025-07-28T15:51:06.639+0000] {processor.py:186} INFO - Started process (PID=1096) to work on /home/airflow/.local/lib/python3.12/site-packages/airflow/example_dags/example_kubernetes_executor.py
[2025-07-28T15:51:06.641+0000] {processor.py:914} INFO - Processing file /home/airflow/.local/lib/python3.12/site-packages/airflow/example_dags/example_kubernetes_executor.py for tasks to queue
[2025-07-28T15:51:06.651+0000] {logging_mixin.py:190} INFO - [2025-07-28T15:51:06.649+0000] {dagbag.py:587} INFO - Filling up the DagBag from /home/airflow/.local/lib/python3.12/site-packages/airflow/example_dags/example_kubernetes_executor.py
[2025-07-28T15:51:06.707+0000] {processor.py:925} INFO - DAG(s) 'example_kubernetes_executor' retrieved from /home/airflow/.local/lib/python3.12/site-packages/airflow/example_dags/example_kubernetes_executor.py
[2025-07-28T15:51:06.799+0000] {logging_mixin.py:190} INFO - [2025-07-28T15:51:06.799+0000] {dag.py:3229} INFO - Sync 1 DAGs
[2025-07-28T15:51:06.820+0000] {logging_mixin.py:190} INFO - [2025-07-28T15:51:06.820+0000] {dag.py:4156} INFO - Setting next_dagrun for example_kubernetes_executor to None, run_after=None
[2025-07-28T15:51:06.843+0000] {processor.py:208} INFO - Processing /home/airflow/.local/lib/python3.12/site-packages/airflow/example_dags/example_kubernetes_executor.py took 0.222 seconds
[2025-07-28T15:51:37.356+0000] {processor.py:186} INFO - Started process (PID=1158) to work on /home/airflow/.local/lib/python3.12/site-packages/airflow/example_dags/example_kubernetes_executor.py
[2025-07-28T15:51:37.358+0000] {processor.py:914} INFO - Processing file /home/airflow/.local/lib/python3.12/site-packages/airflow/example_dags/example_kubernetes_executor.py for tasks to queue
[2025-07-28T15:51:37.360+0000] {logging_mixin.py:190} INFO - [2025-07-28T15:51:37.360+0000] {dagbag.py:587} INFO - Filling up the DagBag from /home/airflow/.local/lib/python3.12/site-packages/airflow/example_dags/example_kubernetes_executor.py
[2025-07-28T15:51:37.372+0000] {processor.py:925} INFO - DAG(s) 'example_kubernetes_executor' retrieved from /home/airflow/.local/lib/python3.12/site-packages/airflow/example_dags/example_kubernetes_executor.py
[2025-07-28T15:51:37.402+0000] {logging_mixin.py:190} INFO - [2025-07-28T15:51:37.402+0000] {dag.py:3229} INFO - Sync 1 DAGs
[2025-07-28T15:51:37.411+0000] {logging_mixin.py:190} INFO - [2025-07-28T15:51:37.411+0000] {dag.py:4156} INFO - Setting next_dagrun for example_kubernetes_executor to None, run_after=None
[2025-07-28T15:51:37.421+0000] {processor.py:208} INFO - Processing /home/airflow/.local/lib/python3.12/site-packages/airflow/example_dags/example_kubernetes_executor.py took 0.069 seconds
[2025-07-28T15:52:08.454+0000] {processor.py:186} INFO - Started process (PID=1220) to work on /home/airflow/.local/lib/python3.12/site-packages/airflow/example_dags/example_kubernetes_executor.py
[2025-07-28T15:52:08.455+0000] {processor.py:914} INFO - Processing file /home/airflow/.local/lib/python3.12/site-packages/airflow/example_dags/example_kubernetes_executor.py for tasks to queue
[2025-07-28T15:52:08.456+0000] {logging_mixin.py:190} INFO - [2025-07-28T15:52:08.456+0000] {dagbag.py:587} INFO - Filling up the DagBag from /home/airflow/.local/lib/python3.12/site-packages/airflow/example_dags/example_kubernetes_executor.py
[2025-07-28T15:52:08.479+0000] {processor.py:925} INFO - DAG(s) 'example_kubernetes_executor' retrieved from /home/airflow/.local/lib/python3.12/site-packages/airflow/example_dags/example_kubernetes_executor.py
[2025-07-28T15:52:08.530+0000] {logging_mixin.py:190} INFO - [2025-07-28T15:52:08.530+0000] {dag.py:3229} INFO - Sync 1 DAGs
[2025-07-28T15:52:08.542+0000] {logging_mixin.py:190} INFO - [2025-07-28T15:52:08.542+0000] {dag.py:4156} INFO - Setting next_dagrun for example_kubernetes_executor to None, run_after=None
[2025-07-28T15:52:08.555+0000] {processor.py:208} INFO - Processing /home/airflow/.local/lib/python3.12/site-packages/airflow/example_dags/example_kubernetes_executor.py took 0.105 seconds
[2025-07-28T15:52:39.533+0000] {processor.py:186} INFO - Started process (PID=1282) to work on /home/airflow/.local/lib/python3.12/site-packages/airflow/example_dags/example_kubernetes_executor.py
[2025-07-28T15:52:39.534+0000] {processor.py:914} INFO - Processing file /home/airflow/.local/lib/python3.12/site-packages/airflow/example_dags/example_kubernetes_executor.py for tasks to queue
[2025-07-28T15:52:39.535+0000] {logging_mixin.py:190} INFO - [2025-07-28T15:52:39.535+0000] {dagbag.py:587} INFO - Filling up the DagBag from /home/airflow/.local/lib/python3.12/site-packages/airflow/example_dags/example_kubernetes_executor.py
[2025-07-28T15:52:39.544+0000] {processor.py:925} INFO - DAG(s) 'example_kubernetes_executor' retrieved from /home/airflow/.local/lib/python3.12/site-packages/airflow/example_dags/example_kubernetes_executor.py
[2025-07-28T15:52:39.575+0000] {logging_mixin.py:190} INFO - [2025-07-28T15:52:39.575+0000] {dag.py:3229} INFO - Sync 1 DAGs
[2025-07-28T15:52:39.582+0000] {logging_mixin.py:190} INFO - [2025-07-28T15:52:39.582+0000] {dag.py:4156} INFO - Setting next_dagrun for example_kubernetes_executor to None, run_after=None
[2025-07-28T15:52:39.594+0000] {processor.py:208} INFO - Processing /home/airflow/.local/lib/python3.12/site-packages/airflow/example_dags/example_kubernetes_executor.py took 0.065 seconds
[2025-07-28T15:53:10.360+0000] {processor.py:186} INFO - Started process (PID=1344) to work on /home/airflow/.local/lib/python3.12/site-packages/airflow/example_dags/example_kubernetes_executor.py
[2025-07-28T15:53:10.362+0000] {processor.py:914} INFO - Processing file /home/airflow/.local/lib/python3.12/site-packages/airflow/example_dags/example_kubernetes_executor.py for tasks to queue
[2025-07-28T15:53:10.367+0000] {logging_mixin.py:190} INFO - [2025-07-28T15:53:10.367+0000] {dagbag.py:587} INFO - Filling up the DagBag from /home/airflow/.local/lib/python3.12/site-packages/airflow/example_dags/example_kubernetes_executor.py
[2025-07-28T15:53:10.381+0000] {processor.py:925} INFO - DAG(s) 'example_kubernetes_executor' retrieved from /home/airflow/.local/lib/python3.12/site-packages/airflow/example_dags/example_kubernetes_executor.py
[2025-07-28T15:53:10.402+0000] {logging_mixin.py:190} INFO - [2025-07-28T15:53:10.402+0000] {dag.py:3229} INFO - Sync 1 DAGs
[2025-07-28T15:53:10.412+0000] {logging_mixin.py:190} INFO - [2025-07-28T15:53:10.412+0000] {dag.py:4156} INFO - Setting next_dagrun for example_kubernetes_executor to None, run_after=None
[2025-07-28T15:53:10.420+0000] {processor.py:208} INFO - Processing /home/airflow/.local/lib/python3.12/site-packages/airflow/example_dags/example_kubernetes_executor.py took 0.068 seconds
[2025-07-28T15:53:41.188+0000] {processor.py:186} INFO - Started process (PID=1407) to work on /home/airflow/.local/lib/python3.12/site-packages/airflow/example_dags/example_kubernetes_executor.py
[2025-07-28T15:53:41.189+0000] {processor.py:914} INFO - Processing file /home/airflow/.local/lib/python3.12/site-packages/airflow/example_dags/example_kubernetes_executor.py for tasks to queue
[2025-07-28T15:53:41.191+0000] {logging_mixin.py:190} INFO - [2025-07-28T15:53:41.191+0000] {dagbag.py:587} INFO - Filling up the DagBag from /home/airflow/.local/lib/python3.12/site-packages/airflow/example_dags/example_kubernetes_executor.py
[2025-07-28T15:53:41.208+0000] {processor.py:925} INFO - DAG(s) 'example_kubernetes_executor' retrieved from /home/airflow/.local/lib/python3.12/site-packages/airflow/example_dags/example_kubernetes_executor.py
[2025-07-28T15:53:41.253+0000] {logging_mixin.py:190} INFO - [2025-07-28T15:53:41.252+0000] {dag.py:3229} INFO - Sync 1 DAGs
[2025-07-28T15:53:41.264+0000] {logging_mixin.py:190} INFO - [2025-07-28T15:53:41.264+0000] {dag.py:4156} INFO - Setting next_dagrun for example_kubernetes_executor to None, run_after=None
[2025-07-28T15:53:41.276+0000] {processor.py:208} INFO - Processing /home/airflow/.local/lib/python3.12/site-packages/airflow/example_dags/example_kubernetes_executor.py took 0.093 seconds
[2025-07-28T15:54:12.199+0000] {processor.py:186} INFO - Started process (PID=1470) to work on /home/airflow/.local/lib/python3.12/site-packages/airflow/example_dags/example_kubernetes_executor.py
[2025-07-28T15:54:12.200+0000] {processor.py:914} INFO - Processing file /home/airflow/.local/lib/python3.12/site-packages/airflow/example_dags/example_kubernetes_executor.py for tasks to queue
[2025-07-28T15:54:12.201+0000] {logging_mixin.py:190} INFO - [2025-07-28T15:54:12.201+0000] {dagbag.py:587} INFO - Filling up the DagBag from /home/airflow/.local/lib/python3.12/site-packages/airflow/example_dags/example_kubernetes_executor.py
[2025-07-28T15:54:12.216+0000] {processor.py:925} INFO - DAG(s) 'example_kubernetes_executor' retrieved from /home/airflow/.local/lib/python3.12/site-packages/airflow/example_dags/example_kubernetes_executor.py
[2025-07-28T15:54:12.239+0000] {logging_mixin.py:190} INFO - [2025-07-28T15:54:12.239+0000] {dag.py:3229} INFO - Sync 1 DAGs
[2025-07-28T15:54:12.246+0000] {logging_mixin.py:190} INFO - [2025-07-28T15:54:12.246+0000] {dag.py:4156} INFO - Setting next_dagrun for example_kubernetes_executor to None, run_after=None
[2025-07-28T15:54:12.254+0000] {processor.py:208} INFO - Processing /home/airflow/.local/lib/python3.12/site-packages/airflow/example_dags/example_kubernetes_executor.py took 0.059 seconds
[2025-07-28T15:54:43.066+0000] {processor.py:186} INFO - Started process (PID=1533) to work on /home/airflow/.local/lib/python3.12/site-packages/airflow/example_dags/example_kubernetes_executor.py
[2025-07-28T15:54:43.069+0000] {processor.py:914} INFO - Processing file /home/airflow/.local/lib/python3.12/site-packages/airflow/example_dags/example_kubernetes_executor.py for tasks to queue
[2025-07-28T15:54:43.071+0000] {logging_mixin.py:190} INFO - [2025-07-28T15:54:43.071+0000] {dagbag.py:587} INFO - Filling up the DagBag from /home/airflow/.local/lib/python3.12/site-packages/airflow/example_dags/example_kubernetes_executor.py
[2025-07-28T15:54:43.083+0000] {processor.py:925} INFO - DAG(s) 'example_kubernetes_executor' retrieved from /home/airflow/.local/lib/python3.12/site-packages/airflow/example_dags/example_kubernetes_executor.py
[2025-07-28T15:54:43.109+0000] {logging_mixin.py:190} INFO - [2025-07-28T15:54:43.109+0000] {dag.py:3229} INFO - Sync 1 DAGs
[2025-07-28T15:54:43.117+0000] {logging_mixin.py:190} INFO - [2025-07-28T15:54:43.116+0000] {dag.py:4156} INFO - Setting next_dagrun for example_kubernetes_executor to None, run_after=None
[2025-07-28T15:54:43.125+0000] {processor.py:208} INFO - Processing /home/airflow/.local/lib/python3.12/site-packages/airflow/example_dags/example_kubernetes_executor.py took 0.064 seconds
[2025-07-28T15:55:13.840+0000] {processor.py:186} INFO - Started process (PID=1596) to work on /home/airflow/.local/lib/python3.12/site-packages/airflow/example_dags/example_kubernetes_executor.py
[2025-07-28T15:55:13.844+0000] {processor.py:914} INFO - Processing file /home/airflow/.local/lib/python3.12/site-packages/airflow/example_dags/example_kubernetes_executor.py for tasks to queue
[2025-07-28T15:55:13.846+0000] {logging_mixin.py:190} INFO - [2025-07-28T15:55:13.846+0000] {dagbag.py:587} INFO - Filling up the DagBag from /home/airflow/.local/lib/python3.12/site-packages/airflow/example_dags/example_kubernetes_executor.py
[2025-07-28T15:55:13.867+0000] {processor.py:925} INFO - DAG(s) 'example_kubernetes_executor' retrieved from /home/airflow/.local/lib/python3.12/site-packages/airflow/example_dags/example_kubernetes_executor.py
[2025-07-28T15:55:13.935+0000] {logging_mixin.py:190} INFO - [2025-07-28T15:55:13.935+0000] {dag.py:3229} INFO - Sync 1 DAGs
[2025-07-28T15:55:13.956+0000] {logging_mixin.py:190} INFO - [2025-07-28T15:55:13.956+0000] {dag.py:4156} INFO - Setting next_dagrun for example_kubernetes_executor to None, run_after=None
[2025-07-28T15:55:13.971+0000] {processor.py:208} INFO - Processing /home/airflow/.local/lib/python3.12/site-packages/airflow/example_dags/example_kubernetes_executor.py took 0.140 seconds
[2025-07-28T15:55:44.826+0000] {processor.py:186} INFO - Started process (PID=1659) to work on /home/airflow/.local/lib/python3.12/site-packages/airflow/example_dags/example_kubernetes_executor.py
[2025-07-28T15:55:44.828+0000] {processor.py:914} INFO - Processing file /home/airflow/.local/lib/python3.12/site-packages/airflow/example_dags/example_kubernetes_executor.py for tasks to queue
[2025-07-28T15:55:44.833+0000] {logging_mixin.py:190} INFO - [2025-07-28T15:55:44.832+0000] {dagbag.py:587} INFO - Filling up the DagBag from /home/airflow/.local/lib/python3.12/site-packages/airflow/example_dags/example_kubernetes_executor.py
[2025-07-28T15:55:44.851+0000] {processor.py:925} INFO - DAG(s) 'example_kubernetes_executor' retrieved from /home/airflow/.local/lib/python3.12/site-packages/airflow/example_dags/example_kubernetes_executor.py
[2025-07-28T15:55:44.903+0000] {logging_mixin.py:190} INFO - [2025-07-28T15:55:44.902+0000] {dag.py:3229} INFO - Sync 1 DAGs
[2025-07-28T15:55:44.921+0000] {logging_mixin.py:190} INFO - [2025-07-28T15:55:44.921+0000] {dag.py:4156} INFO - Setting next_dagrun for example_kubernetes_executor to None, run_after=None
[2025-07-28T15:55:44.935+0000] {processor.py:208} INFO - Processing /home/airflow/.local/lib/python3.12/site-packages/airflow/example_dags/example_kubernetes_executor.py took 0.115 seconds
[2025-07-28T15:56:33.209+0000] {processor.py:186} INFO - Started process (PID=1729) to work on /home/airflow/.local/lib/python3.12/site-packages/airflow/example_dags/example_kubernetes_executor.py
[2025-07-28T15:56:33.211+0000] {processor.py:914} INFO - Processing file /home/airflow/.local/lib/python3.12/site-packages/airflow/example_dags/example_kubernetes_executor.py for tasks to queue
[2025-07-28T15:56:33.217+0000] {logging_mixin.py:190} INFO - [2025-07-28T15:56:33.216+0000] {dagbag.py:587} INFO - Filling up the DagBag from /home/airflow/.local/lib/python3.12/site-packages/airflow/example_dags/example_kubernetes_executor.py
[2025-07-28T15:56:33.243+0000] {processor.py:925} INFO - DAG(s) 'example_kubernetes_executor' retrieved from /home/airflow/.local/lib/python3.12/site-packages/airflow/example_dags/example_kubernetes_executor.py
[2025-07-28T15:56:33.307+0000] {logging_mixin.py:190} INFO - [2025-07-28T15:56:33.307+0000] {dag.py:3229} INFO - Sync 1 DAGs
[2025-07-28T15:56:33.327+0000] {logging_mixin.py:190} INFO - [2025-07-28T15:56:33.326+0000] {dag.py:4156} INFO - Setting next_dagrun for example_kubernetes_executor to None, run_after=None
[2025-07-28T15:56:33.345+0000] {processor.py:208} INFO - Processing /home/airflow/.local/lib/python3.12/site-packages/airflow/example_dags/example_kubernetes_executor.py took 0.150 seconds
[2025-07-28T15:57:03.798+0000] {processor.py:186} INFO - Started process (PID=1792) to work on /home/airflow/.local/lib/python3.12/site-packages/airflow/example_dags/example_kubernetes_executor.py
[2025-07-28T15:57:03.804+0000] {processor.py:914} INFO - Processing file /home/airflow/.local/lib/python3.12/site-packages/airflow/example_dags/example_kubernetes_executor.py for tasks to queue
[2025-07-28T15:57:03.807+0000] {logging_mixin.py:190} INFO - [2025-07-28T15:57:03.807+0000] {dagbag.py:587} INFO - Filling up the DagBag from /home/airflow/.local/lib/python3.12/site-packages/airflow/example_dags/example_kubernetes_executor.py
[2025-07-28T15:57:03.817+0000] {processor.py:925} INFO - DAG(s) 'example_kubernetes_executor' retrieved from /home/airflow/.local/lib/python3.12/site-packages/airflow/example_dags/example_kubernetes_executor.py
[2025-07-28T15:57:03.840+0000] {logging_mixin.py:190} INFO - [2025-07-28T15:57:03.840+0000] {dag.py:3229} INFO - Sync 1 DAGs
[2025-07-28T15:57:03.848+0000] {logging_mixin.py:190} INFO - [2025-07-28T15:57:03.848+0000] {dag.py:4156} INFO - Setting next_dagrun for example_kubernetes_executor to None, run_after=None
[2025-07-28T15:57:03.857+0000] {processor.py:208} INFO - Processing /home/airflow/.local/lib/python3.12/site-packages/airflow/example_dags/example_kubernetes_executor.py took 0.063 seconds
[2025-07-28T15:57:35.384+0000] {processor.py:186} INFO - Started process (PID=1854) to work on /home/airflow/.local/lib/python3.12/site-packages/airflow/example_dags/example_kubernetes_executor.py
[2025-07-28T15:57:35.387+0000] {processor.py:914} INFO - Processing file /home/airflow/.local/lib/python3.12/site-packages/airflow/example_dags/example_kubernetes_executor.py for tasks to queue
[2025-07-28T15:57:35.392+0000] {logging_mixin.py:190} INFO - [2025-07-28T15:57:35.392+0000] {dagbag.py:587} INFO - Filling up the DagBag from /home/airflow/.local/lib/python3.12/site-packages/airflow/example_dags/example_kubernetes_executor.py
[2025-07-28T15:57:35.429+0000] {processor.py:925} INFO - DAG(s) 'example_kubernetes_executor' retrieved from /home/airflow/.local/lib/python3.12/site-packages/airflow/example_dags/example_kubernetes_executor.py
[2025-07-28T15:57:35.486+0000] {logging_mixin.py:190} INFO - [2025-07-28T15:57:35.486+0000] {dag.py:3229} INFO - Sync 1 DAGs
[2025-07-28T15:57:35.507+0000] {logging_mixin.py:190} INFO - [2025-07-28T15:57:35.506+0000] {dag.py:4156} INFO - Setting next_dagrun for example_kubernetes_executor to None, run_after=None
[2025-07-28T15:57:35.520+0000] {processor.py:208} INFO - Processing /home/airflow/.local/lib/python3.12/site-packages/airflow/example_dags/example_kubernetes_executor.py took 0.149 seconds
[2025-07-28T15:58:05.695+0000] {processor.py:186} INFO - Started process (PID=1916) to work on /home/airflow/.local/lib/python3.12/site-packages/airflow/example_dags/example_kubernetes_executor.py
[2025-07-28T15:58:05.696+0000] {processor.py:914} INFO - Processing file /home/airflow/.local/lib/python3.12/site-packages/airflow/example_dags/example_kubernetes_executor.py for tasks to queue
[2025-07-28T15:58:05.697+0000] {logging_mixin.py:190} INFO - [2025-07-28T15:58:05.697+0000] {dagbag.py:587} INFO - Filling up the DagBag from /home/airflow/.local/lib/python3.12/site-packages/airflow/example_dags/example_kubernetes_executor.py
[2025-07-28T15:58:05.709+0000] {processor.py:925} INFO - DAG(s) 'example_kubernetes_executor' retrieved from /home/airflow/.local/lib/python3.12/site-packages/airflow/example_dags/example_kubernetes_executor.py
[2025-07-28T15:58:05.735+0000] {logging_mixin.py:190} INFO - [2025-07-28T15:58:05.735+0000] {dag.py:3229} INFO - Sync 1 DAGs
[2025-07-28T15:58:05.741+0000] {logging_mixin.py:190} INFO - [2025-07-28T15:58:05.741+0000] {dag.py:4156} INFO - Setting next_dagrun for example_kubernetes_executor to None, run_after=None
[2025-07-28T15:58:05.756+0000] {processor.py:208} INFO - Processing /home/airflow/.local/lib/python3.12/site-packages/airflow/example_dags/example_kubernetes_executor.py took 0.064 seconds
[2025-07-28T15:58:36.107+0000] {processor.py:186} INFO - Started process (PID=1979) to work on /home/airflow/.local/lib/python3.12/site-packages/airflow/example_dags/example_kubernetes_executor.py
[2025-07-28T15:58:36.108+0000] {processor.py:914} INFO - Processing file /home/airflow/.local/lib/python3.12/site-packages/airflow/example_dags/example_kubernetes_executor.py for tasks to queue
[2025-07-28T15:58:36.112+0000] {logging_mixin.py:190} INFO - [2025-07-28T15:58:36.111+0000] {dagbag.py:587} INFO - Filling up the DagBag from /home/airflow/.local/lib/python3.12/site-packages/airflow/example_dags/example_kubernetes_executor.py
[2025-07-28T15:58:36.130+0000] {processor.py:925} INFO - DAG(s) 'example_kubernetes_executor' retrieved from /home/airflow/.local/lib/python3.12/site-packages/airflow/example_dags/example_kubernetes_executor.py
[2025-07-28T15:58:36.155+0000] {logging_mixin.py:190} INFO - [2025-07-28T15:58:36.155+0000] {dag.py:3229} INFO - Sync 1 DAGs
[2025-07-28T15:58:36.165+0000] {logging_mixin.py:190} INFO - [2025-07-28T15:58:36.165+0000] {dag.py:4156} INFO - Setting next_dagrun for example_kubernetes_executor to None, run_after=None
[2025-07-28T15:58:36.174+0000] {processor.py:208} INFO - Processing /home/airflow/.local/lib/python3.12/site-packages/airflow/example_dags/example_kubernetes_executor.py took 0.072 seconds
[2025-07-28T15:59:06.451+0000] {processor.py:186} INFO - Started process (PID=2041) to work on /home/airflow/.local/lib/python3.12/site-packages/airflow/example_dags/example_kubernetes_executor.py
[2025-07-28T15:59:06.452+0000] {processor.py:914} INFO - Processing file /home/airflow/.local/lib/python3.12/site-packages/airflow/example_dags/example_kubernetes_executor.py for tasks to queue
[2025-07-28T15:59:06.455+0000] {logging_mixin.py:190} INFO - [2025-07-28T15:59:06.455+0000] {dagbag.py:587} INFO - Filling up the DagBag from /home/airflow/.local/lib/python3.12/site-packages/airflow/example_dags/example_kubernetes_executor.py
[2025-07-28T15:59:06.484+0000] {processor.py:925} INFO - DAG(s) 'example_kubernetes_executor' retrieved from /home/airflow/.local/lib/python3.12/site-packages/airflow/example_dags/example_kubernetes_executor.py
[2025-07-28T15:59:06.524+0000] {logging_mixin.py:190} INFO - [2025-07-28T15:59:06.524+0000] {dag.py:3229} INFO - Sync 1 DAGs
[2025-07-28T15:59:06.543+0000] {logging_mixin.py:190} INFO - [2025-07-28T15:59:06.542+0000] {dag.py:4156} INFO - Setting next_dagrun for example_kubernetes_executor to None, run_after=None
[2025-07-28T15:59:06.558+0000] {processor.py:208} INFO - Processing /home/airflow/.local/lib/python3.12/site-packages/airflow/example_dags/example_kubernetes_executor.py took 0.111 seconds
[2025-07-28T15:59:36.706+0000] {processor.py:186} INFO - Started process (PID=2103) to work on /home/airflow/.local/lib/python3.12/site-packages/airflow/example_dags/example_kubernetes_executor.py
[2025-07-28T15:59:36.707+0000] {processor.py:914} INFO - Processing file /home/airflow/.local/lib/python3.12/site-packages/airflow/example_dags/example_kubernetes_executor.py for tasks to queue
[2025-07-28T15:59:36.715+0000] {logging_mixin.py:190} INFO - [2025-07-28T15:59:36.715+0000] {dagbag.py:587} INFO - Filling up the DagBag from /home/airflow/.local/lib/python3.12/site-packages/airflow/example_dags/example_kubernetes_executor.py
[2025-07-28T15:59:36.725+0000] {processor.py:925} INFO - DAG(s) 'example_kubernetes_executor' retrieved from /home/airflow/.local/lib/python3.12/site-packages/airflow/example_dags/example_kubernetes_executor.py
[2025-07-28T15:59:36.743+0000] {logging_mixin.py:190} INFO - [2025-07-28T15:59:36.743+0000] {dag.py:3229} INFO - Sync 1 DAGs
[2025-07-28T15:59:36.750+0000] {logging_mixin.py:190} INFO - [2025-07-28T15:59:36.750+0000] {dag.py:4156} INFO - Setting next_dagrun for example_kubernetes_executor to None, run_after=None
[2025-07-28T15:59:36.757+0000] {processor.py:208} INFO - Processing /home/airflow/.local/lib/python3.12/site-packages/airflow/example_dags/example_kubernetes_executor.py took 0.054 seconds
[2025-07-28T16:00:07.129+0000] {processor.py:186} INFO - Started process (PID=2166) to work on /home/airflow/.local/lib/python3.12/site-packages/airflow/example_dags/example_kubernetes_executor.py
[2025-07-28T16:00:07.131+0000] {processor.py:914} INFO - Processing file /home/airflow/.local/lib/python3.12/site-packages/airflow/example_dags/example_kubernetes_executor.py for tasks to queue
[2025-07-28T16:00:07.133+0000] {logging_mixin.py:190} INFO - [2025-07-28T16:00:07.132+0000] {dagbag.py:587} INFO - Filling up the DagBag from /home/airflow/.local/lib/python3.12/site-packages/airflow/example_dags/example_kubernetes_executor.py
[2025-07-28T16:00:07.148+0000] {processor.py:925} INFO - DAG(s) 'example_kubernetes_executor' retrieved from /home/airflow/.local/lib/python3.12/site-packages/airflow/example_dags/example_kubernetes_executor.py
[2025-07-28T16:00:07.176+0000] {logging_mixin.py:190} INFO - [2025-07-28T16:00:07.176+0000] {dag.py:3229} INFO - Sync 1 DAGs
[2025-07-28T16:00:07.186+0000] {logging_mixin.py:190} INFO - [2025-07-28T16:00:07.186+0000] {dag.py:4156} INFO - Setting next_dagrun for example_kubernetes_executor to None, run_after=None
[2025-07-28T16:00:07.199+0000] {processor.py:208} INFO - Processing /home/airflow/.local/lib/python3.12/site-packages/airflow/example_dags/example_kubernetes_executor.py took 0.074 seconds
[2025-07-28T16:00:38.436+0000] {processor.py:186} INFO - Started process (PID=2230) to work on /home/airflow/.local/lib/python3.12/site-packages/airflow/example_dags/example_kubernetes_executor.py
[2025-07-28T16:00:38.437+0000] {processor.py:914} INFO - Processing file /home/airflow/.local/lib/python3.12/site-packages/airflow/example_dags/example_kubernetes_executor.py for tasks to queue
[2025-07-28T16:00:38.438+0000] {logging_mixin.py:190} INFO - [2025-07-28T16:00:38.438+0000] {dagbag.py:587} INFO - Filling up the DagBag from /home/airflow/.local/lib/python3.12/site-packages/airflow/example_dags/example_kubernetes_executor.py
[2025-07-28T16:00:38.448+0000] {processor.py:925} INFO - DAG(s) 'example_kubernetes_executor' retrieved from /home/airflow/.local/lib/python3.12/site-packages/airflow/example_dags/example_kubernetes_executor.py
[2025-07-28T16:00:38.479+0000] {logging_mixin.py:190} INFO - [2025-07-28T16:00:38.478+0000] {dag.py:3229} INFO - Sync 1 DAGs
[2025-07-28T16:00:38.489+0000] {logging_mixin.py:190} INFO - [2025-07-28T16:00:38.489+0000] {dag.py:4156} INFO - Setting next_dagrun for example_kubernetes_executor to None, run_after=None
[2025-07-28T16:00:38.501+0000] {processor.py:208} INFO - Processing /home/airflow/.local/lib/python3.12/site-packages/airflow/example_dags/example_kubernetes_executor.py took 0.069 seconds
