[2025-07-28T15:42:47.404+0000] {processor.py:186} INFO - Started process (PID=63) to work on /home/airflow/.local/lib/python3.12/site-packages/airflow/example_dags/example_dataset_alias.py
[2025-07-28T15:42:47.406+0000] {processor.py:914} INFO - Processing file /home/airflow/.local/lib/python3.12/site-packages/airflow/example_dags/example_dataset_alias.py for tasks to queue
[2025-07-28T15:42:47.418+0000] {logging_mixin.py:190} INFO - [2025-07-28T15:42:47.416+0000] {dagbag.py:587} INFO - Filling up the DagBag from /home/airflow/.local/lib/python3.12/site-packages/airflow/example_dags/example_dataset_alias.py
[2025-07-28T15:42:49.126+0000] {processor.py:925} INFO - DAG(s) 'dataset_alias_example_alias_producer', 'dataset_alias_example_alias_consumer', 'dataset_s3_bucket_producer', 'dataset_s3_bucket_consumer' retrieved from /home/airflow/.local/lib/python3.12/site-packages/airflow/example_dags/example_dataset_alias.py
[2025-07-28T15:42:49.276+0000] {logging_mixin.py:190} INFO - [2025-07-28T15:42:49.274+0000] {override.py:1900} INFO - Created Permission View: can edit on DAG:dataset_alias_example_alias_producer
[2025-07-28T15:42:49.291+0000] {logging_mixin.py:190} INFO - [2025-07-28T15:42:49.291+0000] {override.py:1900} INFO - Created Permission View: can read on DAG:dataset_alias_example_alias_producer
[2025-07-28T15:42:49.295+0000] {logging_mixin.py:190} INFO - [2025-07-28T15:42:49.295+0000] {override.py:1900} INFO - Created Permission View: can delete on DAG:dataset_alias_example_alias_producer
[2025-07-28T15:42:49.301+0000] {logging_mixin.py:190} INFO - [2025-07-28T15:42:49.301+0000] {override.py:1900} INFO - Created Permission View: can read on DAG Run:dataset_alias_example_alias_producer
[2025-07-28T15:42:49.304+0000] {logging_mixin.py:190} INFO - [2025-07-28T15:42:49.304+0000] {override.py:1900} INFO - Created Permission View: can delete on DAG Run:dataset_alias_example_alias_producer
[2025-07-28T15:42:49.309+0000] {logging_mixin.py:190} INFO - [2025-07-28T15:42:49.309+0000] {override.py:1900} INFO - Created Permission View: can create on DAG Run:dataset_alias_example_alias_producer
[2025-07-28T15:42:49.316+0000] {logging_mixin.py:190} INFO - [2025-07-28T15:42:49.316+0000] {override.py:1900} INFO - Created Permission View: menu access on DAG Run:dataset_alias_example_alias_producer
[2025-07-28T15:42:49.325+0000] {logging_mixin.py:190} INFO - [2025-07-28T15:42:49.325+0000] {override.py:1900} INFO - Created Permission View: can edit on DAG:dataset_alias_example_alias_consumer
[2025-07-28T15:42:49.329+0000] {logging_mixin.py:190} INFO - [2025-07-28T15:42:49.328+0000] {override.py:1900} INFO - Created Permission View: can read on DAG:dataset_alias_example_alias_consumer
[2025-07-28T15:42:49.332+0000] {logging_mixin.py:190} INFO - [2025-07-28T15:42:49.332+0000] {override.py:1900} INFO - Created Permission View: can delete on DAG:dataset_alias_example_alias_consumer
[2025-07-28T15:42:49.336+0000] {logging_mixin.py:190} INFO - [2025-07-28T15:42:49.336+0000] {override.py:1900} INFO - Created Permission View: can read on DAG Run:dataset_alias_example_alias_consumer
[2025-07-28T15:42:49.339+0000] {logging_mixin.py:190} INFO - [2025-07-28T15:42:49.339+0000] {override.py:1900} INFO - Created Permission View: can delete on DAG Run:dataset_alias_example_alias_consumer
[2025-07-28T15:42:49.342+0000] {logging_mixin.py:190} INFO - [2025-07-28T15:42:49.342+0000] {override.py:1900} INFO - Created Permission View: can create on DAG Run:dataset_alias_example_alias_consumer
[2025-07-28T15:42:49.345+0000] {logging_mixin.py:190} INFO - [2025-07-28T15:42:49.345+0000] {override.py:1900} INFO - Created Permission View: menu access on DAG Run:dataset_alias_example_alias_consumer
[2025-07-28T15:42:49.353+0000] {logging_mixin.py:190} INFO - [2025-07-28T15:42:49.352+0000] {override.py:1900} INFO - Created Permission View: can edit on DAG:dataset_s3_bucket_producer
[2025-07-28T15:42:49.356+0000] {logging_mixin.py:190} INFO - [2025-07-28T15:42:49.356+0000] {override.py:1900} INFO - Created Permission View: can read on DAG:dataset_s3_bucket_producer
[2025-07-28T15:42:49.359+0000] {logging_mixin.py:190} INFO - [2025-07-28T15:42:49.359+0000] {override.py:1900} INFO - Created Permission View: can delete on DAG:dataset_s3_bucket_producer
[2025-07-28T15:42:49.362+0000] {logging_mixin.py:190} INFO - [2025-07-28T15:42:49.362+0000] {override.py:1900} INFO - Created Permission View: can read on DAG Run:dataset_s3_bucket_producer
[2025-07-28T15:42:49.366+0000] {logging_mixin.py:190} INFO - [2025-07-28T15:42:49.366+0000] {override.py:1900} INFO - Created Permission View: can delete on DAG Run:dataset_s3_bucket_producer
[2025-07-28T15:42:49.369+0000] {logging_mixin.py:190} INFO - [2025-07-28T15:42:49.369+0000] {override.py:1900} INFO - Created Permission View: can create on DAG Run:dataset_s3_bucket_producer
[2025-07-28T15:42:49.373+0000] {logging_mixin.py:190} INFO - [2025-07-28T15:42:49.372+0000] {override.py:1900} INFO - Created Permission View: menu access on DAG Run:dataset_s3_bucket_producer
[2025-07-28T15:42:49.379+0000] {logging_mixin.py:190} INFO - [2025-07-28T15:42:49.379+0000] {override.py:1900} INFO - Created Permission View: can edit on DAG:dataset_s3_bucket_consumer
[2025-07-28T15:42:49.382+0000] {logging_mixin.py:190} INFO - [2025-07-28T15:42:49.382+0000] {override.py:1900} INFO - Created Permission View: can read on DAG:dataset_s3_bucket_consumer
[2025-07-28T15:42:49.386+0000] {logging_mixin.py:190} INFO - [2025-07-28T15:42:49.386+0000] {override.py:1900} INFO - Created Permission View: can delete on DAG:dataset_s3_bucket_consumer
[2025-07-28T15:42:49.390+0000] {logging_mixin.py:190} INFO - [2025-07-28T15:42:49.390+0000] {override.py:1900} INFO - Created Permission View: can read on DAG Run:dataset_s3_bucket_consumer
[2025-07-28T15:42:49.392+0000] {logging_mixin.py:190} INFO - [2025-07-28T15:42:49.392+0000] {override.py:1900} INFO - Created Permission View: can delete on DAG Run:dataset_s3_bucket_consumer
[2025-07-28T15:42:49.395+0000] {logging_mixin.py:190} INFO - [2025-07-28T15:42:49.395+0000] {override.py:1900} INFO - Created Permission View: can create on DAG Run:dataset_s3_bucket_consumer
[2025-07-28T15:42:49.399+0000] {logging_mixin.py:190} INFO - [2025-07-28T15:42:49.399+0000] {override.py:1900} INFO - Created Permission View: menu access on DAG Run:dataset_s3_bucket_consumer
[2025-07-28T15:42:49.399+0000] {logging_mixin.py:190} INFO - [2025-07-28T15:42:49.399+0000] {dag.py:3229} INFO - Sync 4 DAGs
[2025-07-28T15:42:49.424+0000] {logging_mixin.py:190} INFO - [2025-07-28T15:42:49.424+0000] {dag.py:3252} INFO - Creating ORM DAG for dataset_alias_example_alias_producer
[2025-07-28T15:42:49.424+0000] {logging_mixin.py:190} INFO - [2025-07-28T15:42:49.424+0000] {dag.py:3252} INFO - Creating ORM DAG for dataset_alias_example_alias_consumer
[2025-07-28T15:42:49.425+0000] {logging_mixin.py:190} INFO - [2025-07-28T15:42:49.425+0000] {dag.py:3252} INFO - Creating ORM DAG for dataset_s3_bucket_consumer
[2025-07-28T15:42:49.425+0000] {logging_mixin.py:190} INFO - [2025-07-28T15:42:49.425+0000] {dag.py:3252} INFO - Creating ORM DAG for dataset_s3_bucket_producer
[2025-07-28T15:42:49.437+0000] {logging_mixin.py:190} INFO - [2025-07-28T15:42:49.437+0000] {dag.py:4156} INFO - Setting next_dagrun for dataset_alias_example_alias_consumer to None, run_after=None
[2025-07-28T15:42:49.438+0000] {logging_mixin.py:190} INFO - [2025-07-28T15:42:49.438+0000] {dag.py:4156} INFO - Setting next_dagrun for dataset_alias_example_alias_producer to None, run_after=None
[2025-07-28T15:42:49.438+0000] {logging_mixin.py:190} INFO - [2025-07-28T15:42:49.438+0000] {dag.py:4156} INFO - Setting next_dagrun for dataset_s3_bucket_consumer to None, run_after=None
[2025-07-28T15:42:49.439+0000] {logging_mixin.py:190} INFO - [2025-07-28T15:42:49.439+0000] {dag.py:4156} INFO - Setting next_dagrun for dataset_s3_bucket_producer to None, run_after=None
[2025-07-28T15:42:49.470+0000] {processor.py:208} INFO - Processing /home/airflow/.local/lib/python3.12/site-packages/airflow/example_dags/example_dataset_alias.py took 2.086 seconds
[2025-07-28T15:43:19.841+0000] {processor.py:186} INFO - Started process (PID=126) to work on /home/airflow/.local/lib/python3.12/site-packages/airflow/example_dags/example_dataset_alias.py
[2025-07-28T15:43:19.845+0000] {processor.py:914} INFO - Processing file /home/airflow/.local/lib/python3.12/site-packages/airflow/example_dags/example_dataset_alias.py for tasks to queue
[2025-07-28T15:43:19.848+0000] {logging_mixin.py:190} INFO - [2025-07-28T15:43:19.848+0000] {dagbag.py:587} INFO - Filling up the DagBag from /home/airflow/.local/lib/python3.12/site-packages/airflow/example_dags/example_dataset_alias.py
[2025-07-28T15:43:20.010+0000] {processor.py:925} INFO - DAG(s) 'dataset_s3_bucket_consumer', 'dataset_alias_example_alias_producer', 'dataset_alias_example_alias_consumer', 'dataset_s3_bucket_producer' retrieved from /home/airflow/.local/lib/python3.12/site-packages/airflow/example_dags/example_dataset_alias.py
[2025-07-28T15:43:20.022+0000] {logging_mixin.py:190} INFO - [2025-07-28T15:43:20.021+0000] {dag.py:3229} INFO - Sync 4 DAGs
[2025-07-28T15:43:20.048+0000] {logging_mixin.py:190} INFO - [2025-07-28T15:43:20.048+0000] {dag.py:4156} INFO - Setting next_dagrun for dataset_alias_example_alias_consumer to None, run_after=None
[2025-07-28T15:43:20.051+0000] {logging_mixin.py:190} INFO - [2025-07-28T15:43:20.051+0000] {dag.py:4156} INFO - Setting next_dagrun for dataset_alias_example_alias_producer to None, run_after=None
[2025-07-28T15:43:20.052+0000] {logging_mixin.py:190} INFO - [2025-07-28T15:43:20.052+0000] {dag.py:4156} INFO - Setting next_dagrun for dataset_s3_bucket_consumer to None, run_after=None
[2025-07-28T15:43:20.053+0000] {logging_mixin.py:190} INFO - [2025-07-28T15:43:20.053+0000] {dag.py:4156} INFO - Setting next_dagrun for dataset_s3_bucket_producer to None, run_after=None
[2025-07-28T15:43:20.078+0000] {processor.py:208} INFO - Processing /home/airflow/.local/lib/python3.12/site-packages/airflow/example_dags/example_dataset_alias.py took 0.249 seconds
[2025-07-28T15:43:50.494+0000] {processor.py:186} INFO - Started process (PID=188) to work on /home/airflow/.local/lib/python3.12/site-packages/airflow/example_dags/example_dataset_alias.py
[2025-07-28T15:43:50.497+0000] {processor.py:914} INFO - Processing file /home/airflow/.local/lib/python3.12/site-packages/airflow/example_dags/example_dataset_alias.py for tasks to queue
[2025-07-28T15:43:50.503+0000] {logging_mixin.py:190} INFO - [2025-07-28T15:43:50.502+0000] {dagbag.py:587} INFO - Filling up the DagBag from /home/airflow/.local/lib/python3.12/site-packages/airflow/example_dags/example_dataset_alias.py
[2025-07-28T15:43:50.926+0000] {processor.py:925} INFO - DAG(s) 'dataset_alias_example_alias_producer', 'dataset_alias_example_alias_consumer', 'dataset_s3_bucket_consumer', 'dataset_s3_bucket_producer' retrieved from /home/airflow/.local/lib/python3.12/site-packages/airflow/example_dags/example_dataset_alias.py
[2025-07-28T15:43:50.941+0000] {logging_mixin.py:190} INFO - [2025-07-28T15:43:50.940+0000] {dag.py:3229} INFO - Sync 4 DAGs
[2025-07-28T15:43:50.961+0000] {logging_mixin.py:190} INFO - [2025-07-28T15:43:50.961+0000] {dag.py:4156} INFO - Setting next_dagrun for dataset_alias_example_alias_consumer to None, run_after=None
[2025-07-28T15:43:50.962+0000] {logging_mixin.py:190} INFO - [2025-07-28T15:43:50.962+0000] {dag.py:4156} INFO - Setting next_dagrun for dataset_alias_example_alias_producer to None, run_after=None
[2025-07-28T15:43:50.963+0000] {logging_mixin.py:190} INFO - [2025-07-28T15:43:50.963+0000] {dag.py:4156} INFO - Setting next_dagrun for dataset_s3_bucket_consumer to None, run_after=None
[2025-07-28T15:43:50.963+0000] {logging_mixin.py:190} INFO - [2025-07-28T15:43:50.963+0000] {dag.py:4156} INFO - Setting next_dagrun for dataset_s3_bucket_producer to None, run_after=None
[2025-07-28T15:43:50.978+0000] {processor.py:208} INFO - Processing /home/airflow/.local/lib/python3.12/site-packages/airflow/example_dags/example_dataset_alias.py took 0.501 seconds
[2025-07-28T15:44:21.343+0000] {processor.py:186} INFO - Started process (PID=250) to work on /home/airflow/.local/lib/python3.12/site-packages/airflow/example_dags/example_dataset_alias.py
[2025-07-28T15:44:21.344+0000] {processor.py:914} INFO - Processing file /home/airflow/.local/lib/python3.12/site-packages/airflow/example_dags/example_dataset_alias.py for tasks to queue
[2025-07-28T15:44:21.346+0000] {logging_mixin.py:190} INFO - [2025-07-28T15:44:21.346+0000] {dagbag.py:587} INFO - Filling up the DagBag from /home/airflow/.local/lib/python3.12/site-packages/airflow/example_dags/example_dataset_alias.py
[2025-07-28T15:44:21.513+0000] {processor.py:925} INFO - DAG(s) 'dataset_alias_example_alias_consumer', 'dataset_alias_example_alias_producer', 'dataset_s3_bucket_producer', 'dataset_s3_bucket_consumer' retrieved from /home/airflow/.local/lib/python3.12/site-packages/airflow/example_dags/example_dataset_alias.py
[2025-07-28T15:44:21.523+0000] {logging_mixin.py:190} INFO - [2025-07-28T15:44:21.523+0000] {dag.py:3229} INFO - Sync 4 DAGs
[2025-07-28T15:44:21.559+0000] {logging_mixin.py:190} INFO - [2025-07-28T15:44:21.558+0000] {dag.py:4156} INFO - Setting next_dagrun for dataset_alias_example_alias_consumer to None, run_after=None
[2025-07-28T15:44:21.562+0000] {logging_mixin.py:190} INFO - [2025-07-28T15:44:21.561+0000] {dag.py:4156} INFO - Setting next_dagrun for dataset_alias_example_alias_producer to None, run_after=None
[2025-07-28T15:44:21.562+0000] {logging_mixin.py:190} INFO - [2025-07-28T15:44:21.562+0000] {dag.py:4156} INFO - Setting next_dagrun for dataset_s3_bucket_consumer to None, run_after=None
[2025-07-28T15:44:21.563+0000] {logging_mixin.py:190} INFO - [2025-07-28T15:44:21.562+0000] {dag.py:4156} INFO - Setting next_dagrun for dataset_s3_bucket_producer to None, run_after=None
[2025-07-28T15:44:21.584+0000] {processor.py:208} INFO - Processing /home/airflow/.local/lib/python3.12/site-packages/airflow/example_dags/example_dataset_alias.py took 0.249 seconds
[2025-07-28T15:44:51.822+0000] {processor.py:186} INFO - Started process (PID=312) to work on /home/airflow/.local/lib/python3.12/site-packages/airflow/example_dags/example_dataset_alias.py
[2025-07-28T15:44:51.823+0000] {processor.py:914} INFO - Processing file /home/airflow/.local/lib/python3.12/site-packages/airflow/example_dags/example_dataset_alias.py for tasks to queue
[2025-07-28T15:44:51.825+0000] {logging_mixin.py:190} INFO - [2025-07-28T15:44:51.825+0000] {dagbag.py:587} INFO - Filling up the DagBag from /home/airflow/.local/lib/python3.12/site-packages/airflow/example_dags/example_dataset_alias.py
[2025-07-28T15:44:52.004+0000] {processor.py:925} INFO - DAG(s) 'dataset_alias_example_alias_producer', 'dataset_alias_example_alias_consumer', 'dataset_s3_bucket_producer', 'dataset_s3_bucket_consumer' retrieved from /home/airflow/.local/lib/python3.12/site-packages/airflow/example_dags/example_dataset_alias.py
[2025-07-28T15:44:52.015+0000] {logging_mixin.py:190} INFO - [2025-07-28T15:44:52.015+0000] {dag.py:3229} INFO - Sync 4 DAGs
[2025-07-28T15:44:52.032+0000] {logging_mixin.py:190} INFO - [2025-07-28T15:44:52.032+0000] {dag.py:4156} INFO - Setting next_dagrun for dataset_alias_example_alias_consumer to None, run_after=None
[2025-07-28T15:44:52.034+0000] {logging_mixin.py:190} INFO - [2025-07-28T15:44:52.034+0000] {dag.py:4156} INFO - Setting next_dagrun for dataset_alias_example_alias_producer to None, run_after=None
[2025-07-28T15:44:52.035+0000] {logging_mixin.py:190} INFO - [2025-07-28T15:44:52.035+0000] {dag.py:4156} INFO - Setting next_dagrun for dataset_s3_bucket_consumer to None, run_after=None
[2025-07-28T15:44:52.035+0000] {logging_mixin.py:190} INFO - [2025-07-28T15:44:52.035+0000] {dag.py:4156} INFO - Setting next_dagrun for dataset_s3_bucket_producer to None, run_after=None
[2025-07-28T15:44:52.046+0000] {processor.py:208} INFO - Processing /home/airflow/.local/lib/python3.12/site-packages/airflow/example_dags/example_dataset_alias.py took 0.231 seconds
[2025-07-28T15:45:22.542+0000] {processor.py:186} INFO - Started process (PID=374) to work on /home/airflow/.local/lib/python3.12/site-packages/airflow/example_dags/example_dataset_alias.py
[2025-07-28T15:45:22.543+0000] {processor.py:914} INFO - Processing file /home/airflow/.local/lib/python3.12/site-packages/airflow/example_dags/example_dataset_alias.py for tasks to queue
[2025-07-28T15:45:22.546+0000] {logging_mixin.py:190} INFO - [2025-07-28T15:45:22.545+0000] {dagbag.py:587} INFO - Filling up the DagBag from /home/airflow/.local/lib/python3.12/site-packages/airflow/example_dags/example_dataset_alias.py
[2025-07-28T15:45:22.677+0000] {processor.py:925} INFO - DAG(s) 'dataset_s3_bucket_consumer', 'dataset_alias_example_alias_producer', 'dataset_alias_example_alias_consumer', 'dataset_s3_bucket_producer' retrieved from /home/airflow/.local/lib/python3.12/site-packages/airflow/example_dags/example_dataset_alias.py
[2025-07-28T15:45:22.686+0000] {logging_mixin.py:190} INFO - [2025-07-28T15:45:22.686+0000] {dag.py:3229} INFO - Sync 4 DAGs
[2025-07-28T15:45:22.696+0000] {logging_mixin.py:190} INFO - [2025-07-28T15:45:22.696+0000] {dag.py:4156} INFO - Setting next_dagrun for dataset_alias_example_alias_consumer to None, run_after=None
[2025-07-28T15:45:22.698+0000] {logging_mixin.py:190} INFO - [2025-07-28T15:45:22.698+0000] {dag.py:4156} INFO - Setting next_dagrun for dataset_alias_example_alias_producer to None, run_after=None
[2025-07-28T15:45:22.698+0000] {logging_mixin.py:190} INFO - [2025-07-28T15:45:22.698+0000] {dag.py:4156} INFO - Setting next_dagrun for dataset_s3_bucket_consumer to None, run_after=None
[2025-07-28T15:45:22.700+0000] {logging_mixin.py:190} INFO - [2025-07-28T15:45:22.700+0000] {dag.py:4156} INFO - Setting next_dagrun for dataset_s3_bucket_producer to None, run_after=None
[2025-07-28T15:45:22.712+0000] {processor.py:208} INFO - Processing /home/airflow/.local/lib/python3.12/site-packages/airflow/example_dags/example_dataset_alias.py took 0.180 seconds
[2025-07-28T15:45:53.540+0000] {processor.py:186} INFO - Started process (PID=436) to work on /home/airflow/.local/lib/python3.12/site-packages/airflow/example_dags/example_dataset_alias.py
[2025-07-28T15:45:53.542+0000] {processor.py:914} INFO - Processing file /home/airflow/.local/lib/python3.12/site-packages/airflow/example_dags/example_dataset_alias.py for tasks to queue
[2025-07-28T15:45:53.544+0000] {logging_mixin.py:190} INFO - [2025-07-28T15:45:53.544+0000] {dagbag.py:587} INFO - Filling up the DagBag from /home/airflow/.local/lib/python3.12/site-packages/airflow/example_dags/example_dataset_alias.py
[2025-07-28T15:45:53.682+0000] {processor.py:925} INFO - DAG(s) 'dataset_s3_bucket_producer', 'dataset_s3_bucket_consumer', 'dataset_alias_example_alias_producer', 'dataset_alias_example_alias_consumer' retrieved from /home/airflow/.local/lib/python3.12/site-packages/airflow/example_dags/example_dataset_alias.py
[2025-07-28T15:45:53.694+0000] {logging_mixin.py:190} INFO - [2025-07-28T15:45:53.693+0000] {dag.py:3229} INFO - Sync 4 DAGs
[2025-07-28T15:45:53.705+0000] {logging_mixin.py:190} INFO - [2025-07-28T15:45:53.705+0000] {dag.py:4156} INFO - Setting next_dagrun for dataset_alias_example_alias_consumer to None, run_after=None
[2025-07-28T15:45:53.706+0000] {logging_mixin.py:190} INFO - [2025-07-28T15:45:53.706+0000] {dag.py:4156} INFO - Setting next_dagrun for dataset_alias_example_alias_producer to None, run_after=None
[2025-07-28T15:45:53.707+0000] {logging_mixin.py:190} INFO - [2025-07-28T15:45:53.707+0000] {dag.py:4156} INFO - Setting next_dagrun for dataset_s3_bucket_consumer to None, run_after=None
[2025-07-28T15:45:53.707+0000] {logging_mixin.py:190} INFO - [2025-07-28T15:45:53.707+0000] {dag.py:4156} INFO - Setting next_dagrun for dataset_s3_bucket_producer to None, run_after=None
[2025-07-28T15:45:53.717+0000] {processor.py:208} INFO - Processing /home/airflow/.local/lib/python3.12/site-packages/airflow/example_dags/example_dataset_alias.py took 0.185 seconds
[2025-07-28T15:46:24.110+0000] {processor.py:186} INFO - Started process (PID=498) to work on /home/airflow/.local/lib/python3.12/site-packages/airflow/example_dags/example_dataset_alias.py
[2025-07-28T15:46:24.111+0000] {processor.py:914} INFO - Processing file /home/airflow/.local/lib/python3.12/site-packages/airflow/example_dags/example_dataset_alias.py for tasks to queue
[2025-07-28T15:46:24.113+0000] {logging_mixin.py:190} INFO - [2025-07-28T15:46:24.113+0000] {dagbag.py:587} INFO - Filling up the DagBag from /home/airflow/.local/lib/python3.12/site-packages/airflow/example_dags/example_dataset_alias.py
[2025-07-28T15:46:24.241+0000] {processor.py:925} INFO - DAG(s) 'dataset_s3_bucket_consumer', 'dataset_s3_bucket_producer', 'dataset_alias_example_alias_producer', 'dataset_alias_example_alias_consumer' retrieved from /home/airflow/.local/lib/python3.12/site-packages/airflow/example_dags/example_dataset_alias.py
[2025-07-28T15:46:24.251+0000] {logging_mixin.py:190} INFO - [2025-07-28T15:46:24.251+0000] {dag.py:3229} INFO - Sync 4 DAGs
[2025-07-28T15:46:24.282+0000] {logging_mixin.py:190} INFO - [2025-07-28T15:46:24.281+0000] {dag.py:4156} INFO - Setting next_dagrun for dataset_alias_example_alias_consumer to None, run_after=None
[2025-07-28T15:46:24.284+0000] {logging_mixin.py:190} INFO - [2025-07-28T15:46:24.284+0000] {dag.py:4156} INFO - Setting next_dagrun for dataset_alias_example_alias_producer to None, run_after=None
[2025-07-28T15:46:24.285+0000] {logging_mixin.py:190} INFO - [2025-07-28T15:46:24.285+0000] {dag.py:4156} INFO - Setting next_dagrun for dataset_s3_bucket_consumer to None, run_after=None
[2025-07-28T15:46:24.285+0000] {logging_mixin.py:190} INFO - [2025-07-28T15:46:24.285+0000] {dag.py:4156} INFO - Setting next_dagrun for dataset_s3_bucket_producer to None, run_after=None
[2025-07-28T15:46:24.297+0000] {processor.py:208} INFO - Processing /home/airflow/.local/lib/python3.12/site-packages/airflow/example_dags/example_dataset_alias.py took 0.191 seconds
[2025-07-28T15:46:54.650+0000] {processor.py:186} INFO - Started process (PID=560) to work on /home/airflow/.local/lib/python3.12/site-packages/airflow/example_dags/example_dataset_alias.py
[2025-07-28T15:46:54.651+0000] {processor.py:914} INFO - Processing file /home/airflow/.local/lib/python3.12/site-packages/airflow/example_dags/example_dataset_alias.py for tasks to queue
[2025-07-28T15:46:54.654+0000] {logging_mixin.py:190} INFO - [2025-07-28T15:46:54.653+0000] {dagbag.py:587} INFO - Filling up the DagBag from /home/airflow/.local/lib/python3.12/site-packages/airflow/example_dags/example_dataset_alias.py
[2025-07-28T15:46:54.771+0000] {processor.py:925} INFO - DAG(s) 'dataset_alias_example_alias_producer', 'dataset_s3_bucket_consumer', 'dataset_alias_example_alias_consumer', 'dataset_s3_bucket_producer' retrieved from /home/airflow/.local/lib/python3.12/site-packages/airflow/example_dags/example_dataset_alias.py
[2025-07-28T15:46:54.780+0000] {logging_mixin.py:190} INFO - [2025-07-28T15:46:54.780+0000] {dag.py:3229} INFO - Sync 4 DAGs
[2025-07-28T15:46:54.792+0000] {logging_mixin.py:190} INFO - [2025-07-28T15:46:54.792+0000] {dag.py:4156} INFO - Setting next_dagrun for dataset_alias_example_alias_consumer to None, run_after=None
[2025-07-28T15:46:54.794+0000] {logging_mixin.py:190} INFO - [2025-07-28T15:46:54.793+0000] {dag.py:4156} INFO - Setting next_dagrun for dataset_alias_example_alias_producer to None, run_after=None
[2025-07-28T15:46:54.794+0000] {logging_mixin.py:190} INFO - [2025-07-28T15:46:54.794+0000] {dag.py:4156} INFO - Setting next_dagrun for dataset_s3_bucket_consumer to None, run_after=None
[2025-07-28T15:46:54.795+0000] {logging_mixin.py:190} INFO - [2025-07-28T15:46:54.794+0000] {dag.py:4156} INFO - Setting next_dagrun for dataset_s3_bucket_producer to None, run_after=None
[2025-07-28T15:46:54.805+0000] {processor.py:208} INFO - Processing /home/airflow/.local/lib/python3.12/site-packages/airflow/example_dags/example_dataset_alias.py took 0.163 seconds
[2025-07-28T15:47:25.131+0000] {processor.py:186} INFO - Started process (PID=622) to work on /home/airflow/.local/lib/python3.12/site-packages/airflow/example_dags/example_dataset_alias.py
[2025-07-28T15:47:25.133+0000] {processor.py:914} INFO - Processing file /home/airflow/.local/lib/python3.12/site-packages/airflow/example_dags/example_dataset_alias.py for tasks to queue
[2025-07-28T15:47:25.139+0000] {logging_mixin.py:190} INFO - [2025-07-28T15:47:25.137+0000] {dagbag.py:587} INFO - Filling up the DagBag from /home/airflow/.local/lib/python3.12/site-packages/airflow/example_dags/example_dataset_alias.py
[2025-07-28T15:47:25.351+0000] {processor.py:925} INFO - DAG(s) 'dataset_s3_bucket_consumer', 'dataset_alias_example_alias_consumer', 'dataset_alias_example_alias_producer', 'dataset_s3_bucket_producer' retrieved from /home/airflow/.local/lib/python3.12/site-packages/airflow/example_dags/example_dataset_alias.py
[2025-07-28T15:47:25.365+0000] {logging_mixin.py:190} INFO - [2025-07-28T15:47:25.364+0000] {dag.py:3229} INFO - Sync 4 DAGs
[2025-07-28T15:47:25.382+0000] {logging_mixin.py:190} INFO - [2025-07-28T15:47:25.382+0000] {dag.py:4156} INFO - Setting next_dagrun for dataset_alias_example_alias_consumer to None, run_after=None
[2025-07-28T15:47:25.384+0000] {logging_mixin.py:190} INFO - [2025-07-28T15:47:25.384+0000] {dag.py:4156} INFO - Setting next_dagrun for dataset_alias_example_alias_producer to None, run_after=None
[2025-07-28T15:47:25.384+0000] {logging_mixin.py:190} INFO - [2025-07-28T15:47:25.384+0000] {dag.py:4156} INFO - Setting next_dagrun for dataset_s3_bucket_consumer to None, run_after=None
[2025-07-28T15:47:25.385+0000] {logging_mixin.py:190} INFO - [2025-07-28T15:47:25.385+0000] {dag.py:4156} INFO - Setting next_dagrun for dataset_s3_bucket_producer to None, run_after=None
[2025-07-28T15:47:25.398+0000] {processor.py:208} INFO - Processing /home/airflow/.local/lib/python3.12/site-packages/airflow/example_dags/example_dataset_alias.py took 0.286 seconds
[2025-07-28T15:47:56.047+0000] {processor.py:186} INFO - Started process (PID=684) to work on /home/airflow/.local/lib/python3.12/site-packages/airflow/example_dags/example_dataset_alias.py
[2025-07-28T15:47:56.049+0000] {processor.py:914} INFO - Processing file /home/airflow/.local/lib/python3.12/site-packages/airflow/example_dags/example_dataset_alias.py for tasks to queue
[2025-07-28T15:47:56.057+0000] {logging_mixin.py:190} INFO - [2025-07-28T15:47:56.057+0000] {dagbag.py:587} INFO - Filling up the DagBag from /home/airflow/.local/lib/python3.12/site-packages/airflow/example_dags/example_dataset_alias.py
[2025-07-28T15:47:56.251+0000] {processor.py:925} INFO - DAG(s) 'dataset_alias_example_alias_consumer', 'dataset_alias_example_alias_producer', 'dataset_s3_bucket_consumer', 'dataset_s3_bucket_producer' retrieved from /home/airflow/.local/lib/python3.12/site-packages/airflow/example_dags/example_dataset_alias.py
[2025-07-28T15:47:56.263+0000] {logging_mixin.py:190} INFO - [2025-07-28T15:47:56.263+0000] {dag.py:3229} INFO - Sync 4 DAGs
[2025-07-28T15:47:56.279+0000] {logging_mixin.py:190} INFO - [2025-07-28T15:47:56.279+0000] {dag.py:4156} INFO - Setting next_dagrun for dataset_alias_example_alias_consumer to None, run_after=None
[2025-07-28T15:47:56.283+0000] {logging_mixin.py:190} INFO - [2025-07-28T15:47:56.282+0000] {dag.py:4156} INFO - Setting next_dagrun for dataset_alias_example_alias_producer to None, run_after=None
[2025-07-28T15:47:56.283+0000] {logging_mixin.py:190} INFO - [2025-07-28T15:47:56.283+0000] {dag.py:4156} INFO - Setting next_dagrun for dataset_s3_bucket_consumer to None, run_after=None
[2025-07-28T15:47:56.284+0000] {logging_mixin.py:190} INFO - [2025-07-28T15:47:56.284+0000] {dag.py:4156} INFO - Setting next_dagrun for dataset_s3_bucket_producer to None, run_after=None
[2025-07-28T15:47:56.296+0000] {processor.py:208} INFO - Processing /home/airflow/.local/lib/python3.12/site-packages/airflow/example_dags/example_dataset_alias.py took 0.260 seconds
[2025-07-28T15:48:27.298+0000] {processor.py:186} INFO - Started process (PID=746) to work on /home/airflow/.local/lib/python3.12/site-packages/airflow/example_dags/example_dataset_alias.py
[2025-07-28T15:48:27.302+0000] {processor.py:914} INFO - Processing file /home/airflow/.local/lib/python3.12/site-packages/airflow/example_dags/example_dataset_alias.py for tasks to queue
[2025-07-28T15:48:27.309+0000] {logging_mixin.py:190} INFO - [2025-07-28T15:48:27.308+0000] {dagbag.py:587} INFO - Filling up the DagBag from /home/airflow/.local/lib/python3.12/site-packages/airflow/example_dags/example_dataset_alias.py
[2025-07-28T15:48:27.527+0000] {processor.py:925} INFO - DAG(s) 'dataset_alias_example_alias_consumer', 'dataset_s3_bucket_consumer', 'dataset_s3_bucket_producer', 'dataset_alias_example_alias_producer' retrieved from /home/airflow/.local/lib/python3.12/site-packages/airflow/example_dags/example_dataset_alias.py
[2025-07-28T15:48:27.544+0000] {logging_mixin.py:190} INFO - [2025-07-28T15:48:27.544+0000] {dag.py:3229} INFO - Sync 4 DAGs
[2025-07-28T15:48:27.575+0000] {logging_mixin.py:190} INFO - [2025-07-28T15:48:27.575+0000] {dag.py:4156} INFO - Setting next_dagrun for dataset_alias_example_alias_consumer to None, run_after=None
[2025-07-28T15:48:27.577+0000] {logging_mixin.py:190} INFO - [2025-07-28T15:48:27.577+0000] {dag.py:4156} INFO - Setting next_dagrun for dataset_alias_example_alias_producer to None, run_after=None
[2025-07-28T15:48:27.577+0000] {logging_mixin.py:190} INFO - [2025-07-28T15:48:27.577+0000] {dag.py:4156} INFO - Setting next_dagrun for dataset_s3_bucket_consumer to None, run_after=None
[2025-07-28T15:48:27.578+0000] {logging_mixin.py:190} INFO - [2025-07-28T15:48:27.578+0000] {dag.py:4156} INFO - Setting next_dagrun for dataset_s3_bucket_producer to None, run_after=None
[2025-07-28T15:48:27.596+0000] {processor.py:208} INFO - Processing /home/airflow/.local/lib/python3.12/site-packages/airflow/example_dags/example_dataset_alias.py took 0.319 seconds
[2025-07-28T15:48:58.652+0000] {processor.py:186} INFO - Started process (PID=808) to work on /home/airflow/.local/lib/python3.12/site-packages/airflow/example_dags/example_dataset_alias.py
[2025-07-28T15:48:58.654+0000] {processor.py:914} INFO - Processing file /home/airflow/.local/lib/python3.12/site-packages/airflow/example_dags/example_dataset_alias.py for tasks to queue
[2025-07-28T15:48:58.660+0000] {logging_mixin.py:190} INFO - [2025-07-28T15:48:58.659+0000] {dagbag.py:587} INFO - Filling up the DagBag from /home/airflow/.local/lib/python3.12/site-packages/airflow/example_dags/example_dataset_alias.py
[2025-07-28T15:48:58.839+0000] {processor.py:925} INFO - DAG(s) 'dataset_alias_example_alias_producer', 'dataset_s3_bucket_consumer', 'dataset_s3_bucket_producer', 'dataset_alias_example_alias_consumer' retrieved from /home/airflow/.local/lib/python3.12/site-packages/airflow/example_dags/example_dataset_alias.py
[2025-07-28T15:48:58.850+0000] {logging_mixin.py:190} INFO - [2025-07-28T15:48:58.850+0000] {dag.py:3229} INFO - Sync 4 DAGs
[2025-07-28T15:48:58.876+0000] {logging_mixin.py:190} INFO - [2025-07-28T15:48:58.876+0000] {dag.py:4156} INFO - Setting next_dagrun for dataset_alias_example_alias_consumer to None, run_after=None
[2025-07-28T15:48:58.879+0000] {logging_mixin.py:190} INFO - [2025-07-28T15:48:58.879+0000] {dag.py:4156} INFO - Setting next_dagrun for dataset_alias_example_alias_producer to None, run_after=None
[2025-07-28T15:48:58.879+0000] {logging_mixin.py:190} INFO - [2025-07-28T15:48:58.879+0000] {dag.py:4156} INFO - Setting next_dagrun for dataset_s3_bucket_consumer to None, run_after=None
[2025-07-28T15:48:58.880+0000] {logging_mixin.py:190} INFO - [2025-07-28T15:48:58.880+0000] {dag.py:4156} INFO - Setting next_dagrun for dataset_s3_bucket_producer to None, run_after=None
[2025-07-28T15:48:58.894+0000] {processor.py:208} INFO - Processing /home/airflow/.local/lib/python3.12/site-packages/airflow/example_dags/example_dataset_alias.py took 0.256 seconds
[2025-07-28T15:49:29.272+0000] {processor.py:186} INFO - Started process (PID=870) to work on /home/airflow/.local/lib/python3.12/site-packages/airflow/example_dags/example_dataset_alias.py
[2025-07-28T15:49:29.277+0000] {processor.py:914} INFO - Processing file /home/airflow/.local/lib/python3.12/site-packages/airflow/example_dags/example_dataset_alias.py for tasks to queue
[2025-07-28T15:49:29.282+0000] {logging_mixin.py:190} INFO - [2025-07-28T15:49:29.280+0000] {dagbag.py:587} INFO - Filling up the DagBag from /home/airflow/.local/lib/python3.12/site-packages/airflow/example_dags/example_dataset_alias.py
[2025-07-28T15:49:29.459+0000] {processor.py:925} INFO - DAG(s) 'dataset_s3_bucket_consumer', 'dataset_alias_example_alias_producer', 'dataset_s3_bucket_producer', 'dataset_alias_example_alias_consumer' retrieved from /home/airflow/.local/lib/python3.12/site-packages/airflow/example_dags/example_dataset_alias.py
[2025-07-28T15:49:29.468+0000] {logging_mixin.py:190} INFO - [2025-07-28T15:49:29.468+0000] {dag.py:3229} INFO - Sync 4 DAGs
[2025-07-28T15:49:29.490+0000] {logging_mixin.py:190} INFO - [2025-07-28T15:49:29.490+0000] {dag.py:4156} INFO - Setting next_dagrun for dataset_alias_example_alias_consumer to None, run_after=None
[2025-07-28T15:49:29.492+0000] {logging_mixin.py:190} INFO - [2025-07-28T15:49:29.492+0000] {dag.py:4156} INFO - Setting next_dagrun for dataset_alias_example_alias_producer to None, run_after=None
[2025-07-28T15:49:29.494+0000] {logging_mixin.py:190} INFO - [2025-07-28T15:49:29.494+0000] {dag.py:4156} INFO - Setting next_dagrun for dataset_s3_bucket_consumer to None, run_after=None
[2025-07-28T15:49:29.495+0000] {logging_mixin.py:190} INFO - [2025-07-28T15:49:29.495+0000] {dag.py:4156} INFO - Setting next_dagrun for dataset_s3_bucket_producer to None, run_after=None
[2025-07-28T15:49:29.507+0000] {processor.py:208} INFO - Processing /home/airflow/.local/lib/python3.12/site-packages/airflow/example_dags/example_dataset_alias.py took 0.251 seconds
[2025-07-28T15:49:59.769+0000] {processor.py:186} INFO - Started process (PID=932) to work on /home/airflow/.local/lib/python3.12/site-packages/airflow/example_dags/example_dataset_alias.py
[2025-07-28T15:49:59.771+0000] {processor.py:914} INFO - Processing file /home/airflow/.local/lib/python3.12/site-packages/airflow/example_dags/example_dataset_alias.py for tasks to queue
[2025-07-28T15:49:59.775+0000] {logging_mixin.py:190} INFO - [2025-07-28T15:49:59.774+0000] {dagbag.py:587} INFO - Filling up the DagBag from /home/airflow/.local/lib/python3.12/site-packages/airflow/example_dags/example_dataset_alias.py
[2025-07-28T15:49:59.940+0000] {processor.py:925} INFO - DAG(s) 'dataset_s3_bucket_consumer', 'dataset_alias_example_alias_producer', 'dataset_s3_bucket_producer', 'dataset_alias_example_alias_consumer' retrieved from /home/airflow/.local/lib/python3.12/site-packages/airflow/example_dags/example_dataset_alias.py
[2025-07-28T15:49:59.950+0000] {logging_mixin.py:190} INFO - [2025-07-28T15:49:59.950+0000] {dag.py:3229} INFO - Sync 4 DAGs
[2025-07-28T15:49:59.970+0000] {logging_mixin.py:190} INFO - [2025-07-28T15:49:59.970+0000] {dag.py:4156} INFO - Setting next_dagrun for dataset_alias_example_alias_consumer to None, run_after=None
[2025-07-28T15:49:59.972+0000] {logging_mixin.py:190} INFO - [2025-07-28T15:49:59.972+0000] {dag.py:4156} INFO - Setting next_dagrun for dataset_alias_example_alias_producer to None, run_after=None
[2025-07-28T15:49:59.972+0000] {logging_mixin.py:190} INFO - [2025-07-28T15:49:59.972+0000] {dag.py:4156} INFO - Setting next_dagrun for dataset_s3_bucket_consumer to None, run_after=None
[2025-07-28T15:49:59.973+0000] {logging_mixin.py:190} INFO - [2025-07-28T15:49:59.973+0000] {dag.py:4156} INFO - Setting next_dagrun for dataset_s3_bucket_producer to None, run_after=None
[2025-07-28T15:49:59.985+0000] {processor.py:208} INFO - Processing /home/airflow/.local/lib/python3.12/site-packages/airflow/example_dags/example_dataset_alias.py took 0.231 seconds
[2025-07-28T15:50:30.282+0000] {processor.py:186} INFO - Started process (PID=994) to work on /home/airflow/.local/lib/python3.12/site-packages/airflow/example_dags/example_dataset_alias.py
[2025-07-28T15:50:30.284+0000] {processor.py:914} INFO - Processing file /home/airflow/.local/lib/python3.12/site-packages/airflow/example_dags/example_dataset_alias.py for tasks to queue
[2025-07-28T15:50:30.290+0000] {logging_mixin.py:190} INFO - [2025-07-28T15:50:30.289+0000] {dagbag.py:587} INFO - Filling up the DagBag from /home/airflow/.local/lib/python3.12/site-packages/airflow/example_dags/example_dataset_alias.py
[2025-07-28T15:50:30.501+0000] {processor.py:925} INFO - DAG(s) 'dataset_s3_bucket_producer', 'dataset_alias_example_alias_producer', 'dataset_s3_bucket_consumer', 'dataset_alias_example_alias_consumer' retrieved from /home/airflow/.local/lib/python3.12/site-packages/airflow/example_dags/example_dataset_alias.py
[2025-07-28T15:50:30.513+0000] {logging_mixin.py:190} INFO - [2025-07-28T15:50:30.513+0000] {dag.py:3229} INFO - Sync 4 DAGs
[2025-07-28T15:50:30.534+0000] {logging_mixin.py:190} INFO - [2025-07-28T15:50:30.533+0000] {dag.py:4156} INFO - Setting next_dagrun for dataset_alias_example_alias_consumer to None, run_after=None
[2025-07-28T15:50:30.536+0000] {logging_mixin.py:190} INFO - [2025-07-28T15:50:30.536+0000] {dag.py:4156} INFO - Setting next_dagrun for dataset_alias_example_alias_producer to None, run_after=None
[2025-07-28T15:50:30.536+0000] {logging_mixin.py:190} INFO - [2025-07-28T15:50:30.536+0000] {dag.py:4156} INFO - Setting next_dagrun for dataset_s3_bucket_consumer to None, run_after=None
[2025-07-28T15:50:30.537+0000] {logging_mixin.py:190} INFO - [2025-07-28T15:50:30.537+0000] {dag.py:4156} INFO - Setting next_dagrun for dataset_s3_bucket_producer to None, run_after=None
[2025-07-28T15:50:30.548+0000] {processor.py:208} INFO - Processing /home/airflow/.local/lib/python3.12/site-packages/airflow/example_dags/example_dataset_alias.py took 0.280 seconds
[2025-07-28T15:51:01.409+0000] {processor.py:186} INFO - Started process (PID=1056) to work on /home/airflow/.local/lib/python3.12/site-packages/airflow/example_dags/example_dataset_alias.py
[2025-07-28T15:51:01.414+0000] {processor.py:914} INFO - Processing file /home/airflow/.local/lib/python3.12/site-packages/airflow/example_dags/example_dataset_alias.py for tasks to queue
[2025-07-28T15:51:01.418+0000] {logging_mixin.py:190} INFO - [2025-07-28T15:51:01.418+0000] {dagbag.py:587} INFO - Filling up the DagBag from /home/airflow/.local/lib/python3.12/site-packages/airflow/example_dags/example_dataset_alias.py
[2025-07-28T15:51:01.624+0000] {processor.py:925} INFO - DAG(s) 'dataset_alias_example_alias_producer', 'dataset_alias_example_alias_consumer', 'dataset_s3_bucket_consumer', 'dataset_s3_bucket_producer' retrieved from /home/airflow/.local/lib/python3.12/site-packages/airflow/example_dags/example_dataset_alias.py
[2025-07-28T15:51:01.635+0000] {logging_mixin.py:190} INFO - [2025-07-28T15:51:01.635+0000] {dag.py:3229} INFO - Sync 4 DAGs
[2025-07-28T15:51:01.653+0000] {logging_mixin.py:190} INFO - [2025-07-28T15:51:01.652+0000] {dag.py:4156} INFO - Setting next_dagrun for dataset_alias_example_alias_consumer to None, run_after=None
[2025-07-28T15:51:01.654+0000] {logging_mixin.py:190} INFO - [2025-07-28T15:51:01.654+0000] {dag.py:4156} INFO - Setting next_dagrun for dataset_alias_example_alias_producer to None, run_after=None
[2025-07-28T15:51:01.655+0000] {logging_mixin.py:190} INFO - [2025-07-28T15:51:01.655+0000] {dag.py:4156} INFO - Setting next_dagrun for dataset_s3_bucket_consumer to None, run_after=None
[2025-07-28T15:51:01.655+0000] {logging_mixin.py:190} INFO - [2025-07-28T15:51:01.655+0000] {dag.py:4156} INFO - Setting next_dagrun for dataset_s3_bucket_producer to None, run_after=None
[2025-07-28T15:51:01.670+0000] {processor.py:208} INFO - Processing /home/airflow/.local/lib/python3.12/site-packages/airflow/example_dags/example_dataset_alias.py took 0.280 seconds
[2025-07-28T15:51:31.951+0000] {processor.py:186} INFO - Started process (PID=1118) to work on /home/airflow/.local/lib/python3.12/site-packages/airflow/example_dags/example_dataset_alias.py
[2025-07-28T15:51:31.954+0000] {processor.py:914} INFO - Processing file /home/airflow/.local/lib/python3.12/site-packages/airflow/example_dags/example_dataset_alias.py for tasks to queue
[2025-07-28T15:51:31.960+0000] {logging_mixin.py:190} INFO - [2025-07-28T15:51:31.960+0000] {dagbag.py:587} INFO - Filling up the DagBag from /home/airflow/.local/lib/python3.12/site-packages/airflow/example_dags/example_dataset_alias.py
[2025-07-28T15:51:32.133+0000] {processor.py:925} INFO - DAG(s) 'dataset_s3_bucket_consumer', 'dataset_alias_example_alias_consumer', 'dataset_alias_example_alias_producer', 'dataset_s3_bucket_producer' retrieved from /home/airflow/.local/lib/python3.12/site-packages/airflow/example_dags/example_dataset_alias.py
[2025-07-28T15:51:32.144+0000] {logging_mixin.py:190} INFO - [2025-07-28T15:51:32.144+0000] {dag.py:3229} INFO - Sync 4 DAGs
[2025-07-28T15:51:32.169+0000] {logging_mixin.py:190} INFO - [2025-07-28T15:51:32.169+0000] {dag.py:4156} INFO - Setting next_dagrun for dataset_alias_example_alias_consumer to None, run_after=None
[2025-07-28T15:51:32.172+0000] {logging_mixin.py:190} INFO - [2025-07-28T15:51:32.172+0000] {dag.py:4156} INFO - Setting next_dagrun for dataset_alias_example_alias_producer to None, run_after=None
[2025-07-28T15:51:32.172+0000] {logging_mixin.py:190} INFO - [2025-07-28T15:51:32.172+0000] {dag.py:4156} INFO - Setting next_dagrun for dataset_s3_bucket_consumer to None, run_after=None
[2025-07-28T15:51:32.173+0000] {logging_mixin.py:190} INFO - [2025-07-28T15:51:32.173+0000] {dag.py:4156} INFO - Setting next_dagrun for dataset_s3_bucket_producer to None, run_after=None
[2025-07-28T15:51:32.188+0000] {processor.py:208} INFO - Processing /home/airflow/.local/lib/python3.12/site-packages/airflow/example_dags/example_dataset_alias.py took 0.250 seconds
[2025-07-28T15:52:02.451+0000] {processor.py:186} INFO - Started process (PID=1180) to work on /home/airflow/.local/lib/python3.12/site-packages/airflow/example_dags/example_dataset_alias.py
[2025-07-28T15:52:02.453+0000] {processor.py:914} INFO - Processing file /home/airflow/.local/lib/python3.12/site-packages/airflow/example_dags/example_dataset_alias.py for tasks to queue
[2025-07-28T15:52:02.459+0000] {logging_mixin.py:190} INFO - [2025-07-28T15:52:02.459+0000] {dagbag.py:587} INFO - Filling up the DagBag from /home/airflow/.local/lib/python3.12/site-packages/airflow/example_dags/example_dataset_alias.py
[2025-07-28T15:52:02.639+0000] {processor.py:925} INFO - DAG(s) 'dataset_s3_bucket_producer', 'dataset_alias_example_alias_producer', 'dataset_alias_example_alias_consumer', 'dataset_s3_bucket_consumer' retrieved from /home/airflow/.local/lib/python3.12/site-packages/airflow/example_dags/example_dataset_alias.py
[2025-07-28T15:52:02.649+0000] {logging_mixin.py:190} INFO - [2025-07-28T15:52:02.649+0000] {dag.py:3229} INFO - Sync 4 DAGs
[2025-07-28T15:52:02.663+0000] {logging_mixin.py:190} INFO - [2025-07-28T15:52:02.663+0000] {dag.py:4156} INFO - Setting next_dagrun for dataset_alias_example_alias_consumer to None, run_after=None
[2025-07-28T15:52:02.665+0000] {logging_mixin.py:190} INFO - [2025-07-28T15:52:02.665+0000] {dag.py:4156} INFO - Setting next_dagrun for dataset_alias_example_alias_producer to None, run_after=None
[2025-07-28T15:52:02.666+0000] {logging_mixin.py:190} INFO - [2025-07-28T15:52:02.666+0000] {dag.py:4156} INFO - Setting next_dagrun for dataset_s3_bucket_consumer to None, run_after=None
[2025-07-28T15:52:02.666+0000] {logging_mixin.py:190} INFO - [2025-07-28T15:52:02.666+0000] {dag.py:4156} INFO - Setting next_dagrun for dataset_s3_bucket_producer to None, run_after=None
[2025-07-28T15:52:02.681+0000] {processor.py:208} INFO - Processing /home/airflow/.local/lib/python3.12/site-packages/airflow/example_dags/example_dataset_alias.py took 0.250 seconds
[2025-07-28T15:52:33.225+0000] {processor.py:186} INFO - Started process (PID=1242) to work on /home/airflow/.local/lib/python3.12/site-packages/airflow/example_dags/example_dataset_alias.py
[2025-07-28T15:52:33.227+0000] {processor.py:914} INFO - Processing file /home/airflow/.local/lib/python3.12/site-packages/airflow/example_dags/example_dataset_alias.py for tasks to queue
[2025-07-28T15:52:33.233+0000] {logging_mixin.py:190} INFO - [2025-07-28T15:52:33.233+0000] {dagbag.py:587} INFO - Filling up the DagBag from /home/airflow/.local/lib/python3.12/site-packages/airflow/example_dags/example_dataset_alias.py
[2025-07-28T15:52:33.484+0000] {processor.py:925} INFO - DAG(s) 'dataset_alias_example_alias_producer', 'dataset_s3_bucket_producer', 'dataset_alias_example_alias_consumer', 'dataset_s3_bucket_consumer' retrieved from /home/airflow/.local/lib/python3.12/site-packages/airflow/example_dags/example_dataset_alias.py
[2025-07-28T15:52:33.496+0000] {logging_mixin.py:190} INFO - [2025-07-28T15:52:33.496+0000] {dag.py:3229} INFO - Sync 4 DAGs
[2025-07-28T15:52:33.518+0000] {logging_mixin.py:190} INFO - [2025-07-28T15:52:33.518+0000] {dag.py:4156} INFO - Setting next_dagrun for dataset_alias_example_alias_consumer to None, run_after=None
[2025-07-28T15:52:33.520+0000] {logging_mixin.py:190} INFO - [2025-07-28T15:52:33.520+0000] {dag.py:4156} INFO - Setting next_dagrun for dataset_alias_example_alias_producer to None, run_after=None
[2025-07-28T15:52:33.520+0000] {logging_mixin.py:190} INFO - [2025-07-28T15:52:33.520+0000] {dag.py:4156} INFO - Setting next_dagrun for dataset_s3_bucket_consumer to None, run_after=None
[2025-07-28T15:52:33.521+0000] {logging_mixin.py:190} INFO - [2025-07-28T15:52:33.521+0000] {dag.py:4156} INFO - Setting next_dagrun for dataset_s3_bucket_producer to None, run_after=None
[2025-07-28T15:52:33.532+0000] {processor.py:208} INFO - Processing /home/airflow/.local/lib/python3.12/site-packages/airflow/example_dags/example_dataset_alias.py took 0.320 seconds
[2025-07-28T15:53:03.608+0000] {processor.py:186} INFO - Started process (PID=1304) to work on /home/airflow/.local/lib/python3.12/site-packages/airflow/example_dags/example_dataset_alias.py
[2025-07-28T15:53:03.610+0000] {processor.py:914} INFO - Processing file /home/airflow/.local/lib/python3.12/site-packages/airflow/example_dags/example_dataset_alias.py for tasks to queue
[2025-07-28T15:53:03.617+0000] {logging_mixin.py:190} INFO - [2025-07-28T15:53:03.616+0000] {dagbag.py:587} INFO - Filling up the DagBag from /home/airflow/.local/lib/python3.12/site-packages/airflow/example_dags/example_dataset_alias.py
[2025-07-28T15:53:03.806+0000] {processor.py:925} INFO - DAG(s) 'dataset_s3_bucket_consumer', 'dataset_alias_example_alias_producer', 'dataset_s3_bucket_producer', 'dataset_alias_example_alias_consumer' retrieved from /home/airflow/.local/lib/python3.12/site-packages/airflow/example_dags/example_dataset_alias.py
[2025-07-28T15:53:03.823+0000] {logging_mixin.py:190} INFO - [2025-07-28T15:53:03.823+0000] {dag.py:3229} INFO - Sync 4 DAGs
[2025-07-28T15:53:03.851+0000] {logging_mixin.py:190} INFO - [2025-07-28T15:53:03.851+0000] {dag.py:4156} INFO - Setting next_dagrun for dataset_alias_example_alias_consumer to None, run_after=None
[2025-07-28T15:53:03.852+0000] {logging_mixin.py:190} INFO - [2025-07-28T15:53:03.852+0000] {dag.py:4156} INFO - Setting next_dagrun for dataset_alias_example_alias_producer to None, run_after=None
[2025-07-28T15:53:03.853+0000] {logging_mixin.py:190} INFO - [2025-07-28T15:53:03.853+0000] {dag.py:4156} INFO - Setting next_dagrun for dataset_s3_bucket_consumer to None, run_after=None
[2025-07-28T15:53:03.853+0000] {logging_mixin.py:190} INFO - [2025-07-28T15:53:03.853+0000] {dag.py:4156} INFO - Setting next_dagrun for dataset_s3_bucket_producer to None, run_after=None
[2025-07-28T15:53:03.863+0000] {processor.py:208} INFO - Processing /home/airflow/.local/lib/python3.12/site-packages/airflow/example_dags/example_dataset_alias.py took 0.267 seconds
[2025-07-28T15:53:34.605+0000] {processor.py:186} INFO - Started process (PID=1367) to work on /home/airflow/.local/lib/python3.12/site-packages/airflow/example_dags/example_dataset_alias.py
[2025-07-28T15:53:34.611+0000] {processor.py:914} INFO - Processing file /home/airflow/.local/lib/python3.12/site-packages/airflow/example_dags/example_dataset_alias.py for tasks to queue
[2025-07-28T15:53:34.617+0000] {logging_mixin.py:190} INFO - [2025-07-28T15:53:34.616+0000] {dagbag.py:587} INFO - Filling up the DagBag from /home/airflow/.local/lib/python3.12/site-packages/airflow/example_dags/example_dataset_alias.py
[2025-07-28T15:53:34.862+0000] {processor.py:925} INFO - DAG(s) 'dataset_s3_bucket_producer', 'dataset_s3_bucket_consumer', 'dataset_alias_example_alias_consumer', 'dataset_alias_example_alias_producer' retrieved from /home/airflow/.local/lib/python3.12/site-packages/airflow/example_dags/example_dataset_alias.py
[2025-07-28T15:53:34.875+0000] {logging_mixin.py:190} INFO - [2025-07-28T15:53:34.875+0000] {dag.py:3229} INFO - Sync 4 DAGs
[2025-07-28T15:53:34.898+0000] {logging_mixin.py:190} INFO - [2025-07-28T15:53:34.898+0000] {dag.py:4156} INFO - Setting next_dagrun for dataset_alias_example_alias_consumer to None, run_after=None
[2025-07-28T15:53:34.900+0000] {logging_mixin.py:190} INFO - [2025-07-28T15:53:34.900+0000] {dag.py:4156} INFO - Setting next_dagrun for dataset_alias_example_alias_producer to None, run_after=None
[2025-07-28T15:53:34.901+0000] {logging_mixin.py:190} INFO - [2025-07-28T15:53:34.901+0000] {dag.py:4156} INFO - Setting next_dagrun for dataset_s3_bucket_consumer to None, run_after=None
[2025-07-28T15:53:34.902+0000] {logging_mixin.py:190} INFO - [2025-07-28T15:53:34.902+0000] {dag.py:4156} INFO - Setting next_dagrun for dataset_s3_bucket_producer to None, run_after=None
[2025-07-28T15:53:34.917+0000] {processor.py:208} INFO - Processing /home/airflow/.local/lib/python3.12/site-packages/airflow/example_dags/example_dataset_alias.py took 0.337 seconds
[2025-07-28T15:54:05.432+0000] {processor.py:186} INFO - Started process (PID=1430) to work on /home/airflow/.local/lib/python3.12/site-packages/airflow/example_dags/example_dataset_alias.py
[2025-07-28T15:54:05.438+0000] {processor.py:914} INFO - Processing file /home/airflow/.local/lib/python3.12/site-packages/airflow/example_dags/example_dataset_alias.py for tasks to queue
[2025-07-28T15:54:05.443+0000] {logging_mixin.py:190} INFO - [2025-07-28T15:54:05.442+0000] {dagbag.py:587} INFO - Filling up the DagBag from /home/airflow/.local/lib/python3.12/site-packages/airflow/example_dags/example_dataset_alias.py
[2025-07-28T15:54:05.714+0000] {processor.py:925} INFO - DAG(s) 'dataset_alias_example_alias_producer', 'dataset_alias_example_alias_consumer', 'dataset_s3_bucket_consumer', 'dataset_s3_bucket_producer' retrieved from /home/airflow/.local/lib/python3.12/site-packages/airflow/example_dags/example_dataset_alias.py
[2025-07-28T15:54:05.723+0000] {logging_mixin.py:190} INFO - [2025-07-28T15:54:05.723+0000] {dag.py:3229} INFO - Sync 4 DAGs
[2025-07-28T15:54:05.738+0000] {logging_mixin.py:190} INFO - [2025-07-28T15:54:05.738+0000] {dag.py:4156} INFO - Setting next_dagrun for dataset_alias_example_alias_consumer to None, run_after=None
[2025-07-28T15:54:05.741+0000] {logging_mixin.py:190} INFO - [2025-07-28T15:54:05.741+0000] {dag.py:4156} INFO - Setting next_dagrun for dataset_alias_example_alias_producer to None, run_after=None
[2025-07-28T15:54:05.741+0000] {logging_mixin.py:190} INFO - [2025-07-28T15:54:05.741+0000] {dag.py:4156} INFO - Setting next_dagrun for dataset_s3_bucket_consumer to None, run_after=None
[2025-07-28T15:54:05.742+0000] {logging_mixin.py:190} INFO - [2025-07-28T15:54:05.742+0000] {dag.py:4156} INFO - Setting next_dagrun for dataset_s3_bucket_producer to None, run_after=None
[2025-07-28T15:54:05.760+0000] {processor.py:208} INFO - Processing /home/airflow/.local/lib/python3.12/site-packages/airflow/example_dags/example_dataset_alias.py took 0.346 seconds
[2025-07-28T15:54:36.311+0000] {processor.py:186} INFO - Started process (PID=1493) to work on /home/airflow/.local/lib/python3.12/site-packages/airflow/example_dags/example_dataset_alias.py
[2025-07-28T15:54:36.317+0000] {processor.py:914} INFO - Processing file /home/airflow/.local/lib/python3.12/site-packages/airflow/example_dags/example_dataset_alias.py for tasks to queue
[2025-07-28T15:54:36.320+0000] {logging_mixin.py:190} INFO - [2025-07-28T15:54:36.320+0000] {dagbag.py:587} INFO - Filling up the DagBag from /home/airflow/.local/lib/python3.12/site-packages/airflow/example_dags/example_dataset_alias.py
[2025-07-28T15:54:36.538+0000] {processor.py:925} INFO - DAG(s) 'dataset_s3_bucket_producer', 'dataset_alias_example_alias_consumer', 'dataset_s3_bucket_consumer', 'dataset_alias_example_alias_producer' retrieved from /home/airflow/.local/lib/python3.12/site-packages/airflow/example_dags/example_dataset_alias.py
[2025-07-28T15:54:36.549+0000] {logging_mixin.py:190} INFO - [2025-07-28T15:54:36.549+0000] {dag.py:3229} INFO - Sync 4 DAGs
[2025-07-28T15:54:36.564+0000] {logging_mixin.py:190} INFO - [2025-07-28T15:54:36.564+0000] {dag.py:4156} INFO - Setting next_dagrun for dataset_alias_example_alias_consumer to None, run_after=None
[2025-07-28T15:54:36.565+0000] {logging_mixin.py:190} INFO - [2025-07-28T15:54:36.565+0000] {dag.py:4156} INFO - Setting next_dagrun for dataset_alias_example_alias_producer to None, run_after=None
[2025-07-28T15:54:36.566+0000] {logging_mixin.py:190} INFO - [2025-07-28T15:54:36.566+0000] {dag.py:4156} INFO - Setting next_dagrun for dataset_s3_bucket_consumer to None, run_after=None
[2025-07-28T15:54:36.567+0000] {logging_mixin.py:190} INFO - [2025-07-28T15:54:36.567+0000] {dag.py:4156} INFO - Setting next_dagrun for dataset_s3_bucket_producer to None, run_after=None
[2025-07-28T15:54:36.578+0000] {processor.py:208} INFO - Processing /home/airflow/.local/lib/python3.12/site-packages/airflow/example_dags/example_dataset_alias.py took 0.277 seconds
[2025-07-28T15:55:07.080+0000] {processor.py:186} INFO - Started process (PID=1556) to work on /home/airflow/.local/lib/python3.12/site-packages/airflow/example_dags/example_dataset_alias.py
[2025-07-28T15:55:07.084+0000] {processor.py:914} INFO - Processing file /home/airflow/.local/lib/python3.12/site-packages/airflow/example_dags/example_dataset_alias.py for tasks to queue
[2025-07-28T15:55:07.087+0000] {logging_mixin.py:190} INFO - [2025-07-28T15:55:07.087+0000] {dagbag.py:587} INFO - Filling up the DagBag from /home/airflow/.local/lib/python3.12/site-packages/airflow/example_dags/example_dataset_alias.py
[2025-07-28T15:55:07.399+0000] {processor.py:925} INFO - DAG(s) 'dataset_alias_example_alias_producer', 'dataset_alias_example_alias_consumer', 'dataset_s3_bucket_producer', 'dataset_s3_bucket_consumer' retrieved from /home/airflow/.local/lib/python3.12/site-packages/airflow/example_dags/example_dataset_alias.py
[2025-07-28T15:55:07.520+0000] {logging_mixin.py:190} INFO - [2025-07-28T15:55:07.518+0000] {dag.py:3229} INFO - Sync 4 DAGs
[2025-07-28T15:55:07.669+0000] {logging_mixin.py:190} INFO - [2025-07-28T15:55:07.660+0000] {dag.py:4156} INFO - Setting next_dagrun for dataset_alias_example_alias_consumer to None, run_after=None
[2025-07-28T15:55:07.777+0000] {logging_mixin.py:190} INFO - [2025-07-28T15:55:07.746+0000] {dag.py:4156} INFO - Setting next_dagrun for dataset_alias_example_alias_producer to None, run_after=None
[2025-07-28T15:55:07.881+0000] {logging_mixin.py:190} INFO - [2025-07-28T15:55:07.874+0000] {dag.py:4156} INFO - Setting next_dagrun for dataset_s3_bucket_consumer to None, run_after=None
[2025-07-28T15:55:07.888+0000] {logging_mixin.py:190} INFO - [2025-07-28T15:55:07.887+0000] {dag.py:4156} INFO - Setting next_dagrun for dataset_s3_bucket_producer to None, run_after=None
[2025-07-28T15:55:08.333+0000] {processor.py:208} INFO - Processing /home/airflow/.local/lib/python3.12/site-packages/airflow/example_dags/example_dataset_alias.py took 1.260 seconds
[2025-07-28T15:55:38.991+0000] {processor.py:186} INFO - Started process (PID=1619) to work on /home/airflow/.local/lib/python3.12/site-packages/airflow/example_dags/example_dataset_alias.py
[2025-07-28T15:55:38.993+0000] {processor.py:914} INFO - Processing file /home/airflow/.local/lib/python3.12/site-packages/airflow/example_dags/example_dataset_alias.py for tasks to queue
[2025-07-28T15:55:38.998+0000] {logging_mixin.py:190} INFO - [2025-07-28T15:55:38.998+0000] {dagbag.py:587} INFO - Filling up the DagBag from /home/airflow/.local/lib/python3.12/site-packages/airflow/example_dags/example_dataset_alias.py
[2025-07-28T15:55:39.234+0000] {processor.py:925} INFO - DAG(s) 'dataset_s3_bucket_producer', 'dataset_alias_example_alias_producer', 'dataset_alias_example_alias_consumer', 'dataset_s3_bucket_consumer' retrieved from /home/airflow/.local/lib/python3.12/site-packages/airflow/example_dags/example_dataset_alias.py
[2025-07-28T15:55:39.245+0000] {logging_mixin.py:190} INFO - [2025-07-28T15:55:39.245+0000] {dag.py:3229} INFO - Sync 4 DAGs
[2025-07-28T15:55:39.263+0000] {logging_mixin.py:190} INFO - [2025-07-28T15:55:39.262+0000] {dag.py:4156} INFO - Setting next_dagrun for dataset_alias_example_alias_consumer to None, run_after=None
[2025-07-28T15:55:39.264+0000] {logging_mixin.py:190} INFO - [2025-07-28T15:55:39.264+0000] {dag.py:4156} INFO - Setting next_dagrun for dataset_alias_example_alias_producer to None, run_after=None
[2025-07-28T15:55:39.265+0000] {logging_mixin.py:190} INFO - [2025-07-28T15:55:39.265+0000] {dag.py:4156} INFO - Setting next_dagrun for dataset_s3_bucket_consumer to None, run_after=None
[2025-07-28T15:55:39.266+0000] {logging_mixin.py:190} INFO - [2025-07-28T15:55:39.266+0000] {dag.py:4156} INFO - Setting next_dagrun for dataset_s3_bucket_producer to None, run_after=None
[2025-07-28T15:55:39.278+0000] {processor.py:208} INFO - Processing /home/airflow/.local/lib/python3.12/site-packages/airflow/example_dags/example_dataset_alias.py took 0.309 seconds
[2025-07-28T15:56:09.433+0000] {processor.py:186} INFO - Started process (PID=1682) to work on /home/airflow/.local/lib/python3.12/site-packages/airflow/example_dags/example_dataset_alias.py
[2025-07-28T15:56:09.435+0000] {processor.py:914} INFO - Processing file /home/airflow/.local/lib/python3.12/site-packages/airflow/example_dags/example_dataset_alias.py for tasks to queue
[2025-07-28T15:56:09.440+0000] {logging_mixin.py:190} INFO - [2025-07-28T15:56:09.438+0000] {dagbag.py:587} INFO - Filling up the DagBag from /home/airflow/.local/lib/python3.12/site-packages/airflow/example_dags/example_dataset_alias.py
[2025-07-28T15:56:09.896+0000] {processor.py:925} INFO - DAG(s) 'dataset_s3_bucket_producer', 'dataset_s3_bucket_consumer', 'dataset_alias_example_alias_consumer', 'dataset_alias_example_alias_producer' retrieved from /home/airflow/.local/lib/python3.12/site-packages/airflow/example_dags/example_dataset_alias.py
[2025-07-28T15:56:09.916+0000] {logging_mixin.py:190} INFO - [2025-07-28T15:56:09.916+0000] {dag.py:3229} INFO - Sync 4 DAGs
[2025-07-28T15:56:09.952+0000] {logging_mixin.py:190} INFO - [2025-07-28T15:56:09.951+0000] {dag.py:4156} INFO - Setting next_dagrun for dataset_alias_example_alias_consumer to None, run_after=None
[2025-07-28T15:56:09.954+0000] {logging_mixin.py:190} INFO - [2025-07-28T15:56:09.954+0000] {dag.py:4156} INFO - Setting next_dagrun for dataset_alias_example_alias_producer to None, run_after=None
[2025-07-28T15:56:09.955+0000] {logging_mixin.py:190} INFO - [2025-07-28T15:56:09.955+0000] {dag.py:4156} INFO - Setting next_dagrun for dataset_s3_bucket_consumer to None, run_after=None
[2025-07-28T15:56:09.957+0000] {logging_mixin.py:190} INFO - [2025-07-28T15:56:09.957+0000] {dag.py:4156} INFO - Setting next_dagrun for dataset_s3_bucket_producer to None, run_after=None
[2025-07-28T15:56:10.009+0000] {processor.py:208} INFO - Processing /home/airflow/.local/lib/python3.12/site-packages/airflow/example_dags/example_dataset_alias.py took 0.596 seconds
[2025-07-28T15:56:40.320+0000] {processor.py:186} INFO - Started process (PID=1745) to work on /home/airflow/.local/lib/python3.12/site-packages/airflow/example_dags/example_dataset_alias.py
[2025-07-28T15:56:40.323+0000] {processor.py:914} INFO - Processing file /home/airflow/.local/lib/python3.12/site-packages/airflow/example_dags/example_dataset_alias.py for tasks to queue
[2025-07-28T15:56:40.331+0000] {logging_mixin.py:190} INFO - [2025-07-28T15:56:40.331+0000] {dagbag.py:587} INFO - Filling up the DagBag from /home/airflow/.local/lib/python3.12/site-packages/airflow/example_dags/example_dataset_alias.py
[2025-07-28T15:56:40.545+0000] {processor.py:925} INFO - DAG(s) 'dataset_s3_bucket_consumer', 'dataset_s3_bucket_producer', 'dataset_alias_example_alias_consumer', 'dataset_alias_example_alias_producer' retrieved from /home/airflow/.local/lib/python3.12/site-packages/airflow/example_dags/example_dataset_alias.py
[2025-07-28T15:56:40.567+0000] {logging_mixin.py:190} INFO - [2025-07-28T15:56:40.566+0000] {dag.py:3229} INFO - Sync 4 DAGs
[2025-07-28T15:56:40.588+0000] {logging_mixin.py:190} INFO - [2025-07-28T15:56:40.588+0000] {dag.py:4156} INFO - Setting next_dagrun for dataset_alias_example_alias_consumer to None, run_after=None
[2025-07-28T15:56:40.592+0000] {logging_mixin.py:190} INFO - [2025-07-28T15:56:40.592+0000] {dag.py:4156} INFO - Setting next_dagrun for dataset_alias_example_alias_producer to None, run_after=None
[2025-07-28T15:56:40.593+0000] {logging_mixin.py:190} INFO - [2025-07-28T15:56:40.593+0000] {dag.py:4156} INFO - Setting next_dagrun for dataset_s3_bucket_consumer to None, run_after=None
[2025-07-28T15:56:40.594+0000] {logging_mixin.py:190} INFO - [2025-07-28T15:56:40.594+0000] {dag.py:4156} INFO - Setting next_dagrun for dataset_s3_bucket_producer to None, run_after=None
[2025-07-28T15:56:40.615+0000] {processor.py:208} INFO - Processing /home/airflow/.local/lib/python3.12/site-packages/airflow/example_dags/example_dataset_alias.py took 0.336 seconds
[2025-07-28T15:57:11.510+0000] {processor.py:186} INFO - Started process (PID=1808) to work on /home/airflow/.local/lib/python3.12/site-packages/airflow/example_dags/example_dataset_alias.py
[2025-07-28T15:57:11.513+0000] {processor.py:914} INFO - Processing file /home/airflow/.local/lib/python3.12/site-packages/airflow/example_dags/example_dataset_alias.py for tasks to queue
[2025-07-28T15:57:11.515+0000] {logging_mixin.py:190} INFO - [2025-07-28T15:57:11.515+0000] {dagbag.py:587} INFO - Filling up the DagBag from /home/airflow/.local/lib/python3.12/site-packages/airflow/example_dags/example_dataset_alias.py
[2025-07-28T15:57:11.692+0000] {processor.py:925} INFO - DAG(s) 'dataset_alias_example_alias_consumer', 'dataset_s3_bucket_producer', 'dataset_s3_bucket_consumer', 'dataset_alias_example_alias_producer' retrieved from /home/airflow/.local/lib/python3.12/site-packages/airflow/example_dags/example_dataset_alias.py
[2025-07-28T15:57:11.707+0000] {logging_mixin.py:190} INFO - [2025-07-28T15:57:11.707+0000] {dag.py:3229} INFO - Sync 4 DAGs
[2025-07-28T15:57:11.725+0000] {logging_mixin.py:190} INFO - [2025-07-28T15:57:11.725+0000] {dag.py:4156} INFO - Setting next_dagrun for dataset_alias_example_alias_consumer to None, run_after=None
[2025-07-28T15:57:11.726+0000] {logging_mixin.py:190} INFO - [2025-07-28T15:57:11.726+0000] {dag.py:4156} INFO - Setting next_dagrun for dataset_alias_example_alias_producer to None, run_after=None
[2025-07-28T15:57:11.727+0000] {logging_mixin.py:190} INFO - [2025-07-28T15:57:11.727+0000] {dag.py:4156} INFO - Setting next_dagrun for dataset_s3_bucket_consumer to None, run_after=None
[2025-07-28T15:57:11.728+0000] {logging_mixin.py:190} INFO - [2025-07-28T15:57:11.727+0000] {dag.py:4156} INFO - Setting next_dagrun for dataset_s3_bucket_producer to None, run_after=None
[2025-07-28T15:57:11.741+0000] {processor.py:208} INFO - Processing /home/airflow/.local/lib/python3.12/site-packages/airflow/example_dags/example_dataset_alias.py took 0.239 seconds
[2025-07-28T15:57:42.479+0000] {processor.py:186} INFO - Started process (PID=1870) to work on /home/airflow/.local/lib/python3.12/site-packages/airflow/example_dags/example_dataset_alias.py
[2025-07-28T15:57:42.481+0000] {processor.py:914} INFO - Processing file /home/airflow/.local/lib/python3.12/site-packages/airflow/example_dags/example_dataset_alias.py for tasks to queue
[2025-07-28T15:57:42.487+0000] {logging_mixin.py:190} INFO - [2025-07-28T15:57:42.487+0000] {dagbag.py:587} INFO - Filling up the DagBag from /home/airflow/.local/lib/python3.12/site-packages/airflow/example_dags/example_dataset_alias.py
[2025-07-28T15:57:42.707+0000] {processor.py:925} INFO - DAG(s) 'dataset_s3_bucket_consumer', 'dataset_s3_bucket_producer', 'dataset_alias_example_alias_consumer', 'dataset_alias_example_alias_producer' retrieved from /home/airflow/.local/lib/python3.12/site-packages/airflow/example_dags/example_dataset_alias.py
[2025-07-28T15:57:42.731+0000] {logging_mixin.py:190} INFO - [2025-07-28T15:57:42.730+0000] {dag.py:3229} INFO - Sync 4 DAGs
[2025-07-28T15:57:43.277+0000] {logging_mixin.py:190} INFO - [2025-07-28T15:57:43.276+0000] {dag.py:4156} INFO - Setting next_dagrun for dataset_alias_example_alias_consumer to None, run_after=None
[2025-07-28T15:57:43.278+0000] {logging_mixin.py:190} INFO - [2025-07-28T15:57:43.278+0000] {dag.py:4156} INFO - Setting next_dagrun for dataset_alias_example_alias_producer to None, run_after=None
[2025-07-28T15:57:43.279+0000] {logging_mixin.py:190} INFO - [2025-07-28T15:57:43.279+0000] {dag.py:4156} INFO - Setting next_dagrun for dataset_s3_bucket_consumer to None, run_after=None
[2025-07-28T15:57:43.279+0000] {logging_mixin.py:190} INFO - [2025-07-28T15:57:43.279+0000] {dag.py:4156} INFO - Setting next_dagrun for dataset_s3_bucket_producer to None, run_after=None
[2025-07-28T15:57:43.294+0000] {processor.py:208} INFO - Processing /home/airflow/.local/lib/python3.12/site-packages/airflow/example_dags/example_dataset_alias.py took 0.827 seconds
[2025-07-28T15:58:13.661+0000] {processor.py:186} INFO - Started process (PID=1933) to work on /home/airflow/.local/lib/python3.12/site-packages/airflow/example_dags/example_dataset_alias.py
[2025-07-28T15:58:13.663+0000] {processor.py:914} INFO - Processing file /home/airflow/.local/lib/python3.12/site-packages/airflow/example_dags/example_dataset_alias.py for tasks to queue
[2025-07-28T15:58:13.667+0000] {logging_mixin.py:190} INFO - [2025-07-28T15:58:13.667+0000] {dagbag.py:587} INFO - Filling up the DagBag from /home/airflow/.local/lib/python3.12/site-packages/airflow/example_dags/example_dataset_alias.py
[2025-07-28T15:58:13.856+0000] {processor.py:925} INFO - DAG(s) 'dataset_alias_example_alias_consumer', 'dataset_alias_example_alias_producer', 'dataset_s3_bucket_producer', 'dataset_s3_bucket_consumer' retrieved from /home/airflow/.local/lib/python3.12/site-packages/airflow/example_dags/example_dataset_alias.py
[2025-07-28T15:58:13.876+0000] {logging_mixin.py:190} INFO - [2025-07-28T15:58:13.876+0000] {dag.py:3229} INFO - Sync 4 DAGs
[2025-07-28T15:58:14.173+0000] {logging_mixin.py:190} INFO - [2025-07-28T15:58:14.172+0000] {dag.py:4156} INFO - Setting next_dagrun for dataset_alias_example_alias_consumer to None, run_after=None
[2025-07-28T15:58:14.175+0000] {logging_mixin.py:190} INFO - [2025-07-28T15:58:14.175+0000] {dag.py:4156} INFO - Setting next_dagrun for dataset_alias_example_alias_producer to None, run_after=None
[2025-07-28T15:58:14.175+0000] {logging_mixin.py:190} INFO - [2025-07-28T15:58:14.175+0000] {dag.py:4156} INFO - Setting next_dagrun for dataset_s3_bucket_consumer to None, run_after=None
[2025-07-28T15:58:14.176+0000] {logging_mixin.py:190} INFO - [2025-07-28T15:58:14.176+0000] {dag.py:4156} INFO - Setting next_dagrun for dataset_s3_bucket_producer to None, run_after=None
[2025-07-28T15:58:14.185+0000] {processor.py:208} INFO - Processing /home/airflow/.local/lib/python3.12/site-packages/airflow/example_dags/example_dataset_alias.py took 0.545 seconds
[2025-07-28T15:58:45.222+0000] {processor.py:186} INFO - Started process (PID=1996) to work on /home/airflow/.local/lib/python3.12/site-packages/airflow/example_dags/example_dataset_alias.py
[2025-07-28T15:58:45.227+0000] {processor.py:914} INFO - Processing file /home/airflow/.local/lib/python3.12/site-packages/airflow/example_dags/example_dataset_alias.py for tasks to queue
[2025-07-28T15:58:45.231+0000] {logging_mixin.py:190} INFO - [2025-07-28T15:58:45.231+0000] {dagbag.py:587} INFO - Filling up the DagBag from /home/airflow/.local/lib/python3.12/site-packages/airflow/example_dags/example_dataset_alias.py
[2025-07-28T15:58:45.510+0000] {processor.py:925} INFO - DAG(s) 'dataset_alias_example_alias_consumer', 'dataset_s3_bucket_consumer', 'dataset_s3_bucket_producer', 'dataset_alias_example_alias_producer' retrieved from /home/airflow/.local/lib/python3.12/site-packages/airflow/example_dags/example_dataset_alias.py
[2025-07-28T15:58:45.522+0000] {logging_mixin.py:190} INFO - [2025-07-28T15:58:45.522+0000] {dag.py:3229} INFO - Sync 4 DAGs
[2025-07-28T15:58:45.548+0000] {logging_mixin.py:190} INFO - [2025-07-28T15:58:45.547+0000] {dag.py:4156} INFO - Setting next_dagrun for dataset_alias_example_alias_consumer to None, run_after=None
[2025-07-28T15:58:45.954+0000] {logging_mixin.py:190} INFO - [2025-07-28T15:58:45.953+0000] {dag.py:4156} INFO - Setting next_dagrun for dataset_alias_example_alias_producer to None, run_after=None
[2025-07-28T15:58:45.955+0000] {logging_mixin.py:190} INFO - [2025-07-28T15:58:45.955+0000] {dag.py:4156} INFO - Setting next_dagrun for dataset_s3_bucket_consumer to None, run_after=None
[2025-07-28T15:58:45.956+0000] {logging_mixin.py:190} INFO - [2025-07-28T15:58:45.956+0000] {dag.py:4156} INFO - Setting next_dagrun for dataset_s3_bucket_producer to None, run_after=None
[2025-07-28T15:58:45.973+0000] {processor.py:208} INFO - Processing /home/airflow/.local/lib/python3.12/site-packages/airflow/example_dags/example_dataset_alias.py took 0.777 seconds
[2025-07-28T15:59:16.164+0000] {processor.py:186} INFO - Started process (PID=2058) to work on /home/airflow/.local/lib/python3.12/site-packages/airflow/example_dags/example_dataset_alias.py
[2025-07-28T15:59:16.165+0000] {processor.py:914} INFO - Processing file /home/airflow/.local/lib/python3.12/site-packages/airflow/example_dags/example_dataset_alias.py for tasks to queue
[2025-07-28T15:59:16.169+0000] {logging_mixin.py:190} INFO - [2025-07-28T15:59:16.168+0000] {dagbag.py:587} INFO - Filling up the DagBag from /home/airflow/.local/lib/python3.12/site-packages/airflow/example_dags/example_dataset_alias.py
[2025-07-28T15:59:16.348+0000] {processor.py:925} INFO - DAG(s) 'dataset_s3_bucket_producer', 'dataset_alias_example_alias_consumer', 'dataset_s3_bucket_consumer', 'dataset_alias_example_alias_producer' retrieved from /home/airflow/.local/lib/python3.12/site-packages/airflow/example_dags/example_dataset_alias.py
[2025-07-28T15:59:16.358+0000] {logging_mixin.py:190} INFO - [2025-07-28T15:59:16.358+0000] {dag.py:3229} INFO - Sync 4 DAGs
[2025-07-28T15:59:16.374+0000] {logging_mixin.py:190} INFO - [2025-07-28T15:59:16.374+0000] {dag.py:4156} INFO - Setting next_dagrun for dataset_alias_example_alias_consumer to None, run_after=None
[2025-07-28T15:59:16.376+0000] {logging_mixin.py:190} INFO - [2025-07-28T15:59:16.376+0000] {dag.py:4156} INFO - Setting next_dagrun for dataset_alias_example_alias_producer to None, run_after=None
[2025-07-28T15:59:16.379+0000] {logging_mixin.py:190} INFO - [2025-07-28T15:59:16.379+0000] {dag.py:4156} INFO - Setting next_dagrun for dataset_s3_bucket_consumer to None, run_after=None
[2025-07-28T15:59:16.379+0000] {logging_mixin.py:190} INFO - [2025-07-28T15:59:16.379+0000] {dag.py:4156} INFO - Setting next_dagrun for dataset_s3_bucket_producer to None, run_after=None
[2025-07-28T15:59:16.396+0000] {processor.py:208} INFO - Processing /home/airflow/.local/lib/python3.12/site-packages/airflow/example_dags/example_dataset_alias.py took 0.251 seconds
[2025-07-28T15:59:46.444+0000] {processor.py:186} INFO - Started process (PID=2121) to work on /home/airflow/.local/lib/python3.12/site-packages/airflow/example_dags/example_dataset_alias.py
[2025-07-28T15:59:46.447+0000] {processor.py:914} INFO - Processing file /home/airflow/.local/lib/python3.12/site-packages/airflow/example_dags/example_dataset_alias.py for tasks to queue
[2025-07-28T15:59:46.453+0000] {logging_mixin.py:190} INFO - [2025-07-28T15:59:46.451+0000] {dagbag.py:587} INFO - Filling up the DagBag from /home/airflow/.local/lib/python3.12/site-packages/airflow/example_dags/example_dataset_alias.py
[2025-07-28T15:59:46.637+0000] {processor.py:925} INFO - DAG(s) 'dataset_alias_example_alias_consumer', 'dataset_s3_bucket_consumer', 'dataset_alias_example_alias_producer', 'dataset_s3_bucket_producer' retrieved from /home/airflow/.local/lib/python3.12/site-packages/airflow/example_dags/example_dataset_alias.py
[2025-07-28T15:59:46.650+0000] {logging_mixin.py:190} INFO - [2025-07-28T15:59:46.650+0000] {dag.py:3229} INFO - Sync 4 DAGs
[2025-07-28T15:59:46.668+0000] {logging_mixin.py:190} INFO - [2025-07-28T15:59:46.668+0000] {dag.py:4156} INFO - Setting next_dagrun for dataset_alias_example_alias_consumer to None, run_after=None
[2025-07-28T15:59:46.673+0000] {logging_mixin.py:190} INFO - [2025-07-28T15:59:46.673+0000] {dag.py:4156} INFO - Setting next_dagrun for dataset_alias_example_alias_producer to None, run_after=None
[2025-07-28T15:59:46.674+0000] {logging_mixin.py:190} INFO - [2025-07-28T15:59:46.674+0000] {dag.py:4156} INFO - Setting next_dagrun for dataset_s3_bucket_consumer to None, run_after=None
[2025-07-28T15:59:46.675+0000] {logging_mixin.py:190} INFO - [2025-07-28T15:59:46.674+0000] {dag.py:4156} INFO - Setting next_dagrun for dataset_s3_bucket_producer to None, run_after=None
[2025-07-28T15:59:46.687+0000] {processor.py:208} INFO - Processing /home/airflow/.local/lib/python3.12/site-packages/airflow/example_dags/example_dataset_alias.py took 0.252 seconds
[2025-07-28T16:00:17.596+0000] {processor.py:186} INFO - Started process (PID=2184) to work on /home/airflow/.local/lib/python3.12/site-packages/airflow/example_dags/example_dataset_alias.py
[2025-07-28T16:00:17.599+0000] {processor.py:914} INFO - Processing file /home/airflow/.local/lib/python3.12/site-packages/airflow/example_dags/example_dataset_alias.py for tasks to queue
[2025-07-28T16:00:17.604+0000] {logging_mixin.py:190} INFO - [2025-07-28T16:00:17.604+0000] {dagbag.py:587} INFO - Filling up the DagBag from /home/airflow/.local/lib/python3.12/site-packages/airflow/example_dags/example_dataset_alias.py
[2025-07-28T16:00:17.793+0000] {processor.py:925} INFO - DAG(s) 'dataset_alias_example_alias_producer', 'dataset_s3_bucket_consumer', 'dataset_s3_bucket_producer', 'dataset_alias_example_alias_consumer' retrieved from /home/airflow/.local/lib/python3.12/site-packages/airflow/example_dags/example_dataset_alias.py
[2025-07-28T16:00:17.822+0000] {logging_mixin.py:190} INFO - [2025-07-28T16:00:17.822+0000] {dag.py:3229} INFO - Sync 4 DAGs
[2025-07-28T16:00:17.882+0000] {logging_mixin.py:190} INFO - [2025-07-28T16:00:17.881+0000] {dag.py:4156} INFO - Setting next_dagrun for dataset_alias_example_alias_consumer to None, run_after=None
[2025-07-28T16:00:17.915+0000] {logging_mixin.py:190} INFO - [2025-07-28T16:00:17.900+0000] {dag.py:4156} INFO - Setting next_dagrun for dataset_alias_example_alias_producer to None, run_after=None
[2025-07-28T16:00:17.929+0000] {logging_mixin.py:190} INFO - [2025-07-28T16:00:17.928+0000] {dag.py:4156} INFO - Setting next_dagrun for dataset_s3_bucket_consumer to None, run_after=None
[2025-07-28T16:00:17.963+0000] {logging_mixin.py:190} INFO - [2025-07-28T16:00:17.962+0000] {dag.py:4156} INFO - Setting next_dagrun for dataset_s3_bucket_producer to None, run_after=None
[2025-07-28T16:00:18.025+0000] {processor.py:208} INFO - Processing /home/airflow/.local/lib/python3.12/site-packages/airflow/example_dags/example_dataset_alias.py took 0.444 seconds
[2025-07-28T16:00:48.591+0000] {processor.py:186} INFO - Started process (PID=2247) to work on /home/airflow/.local/lib/python3.12/site-packages/airflow/example_dags/example_dataset_alias.py
[2025-07-28T16:00:48.594+0000] {processor.py:914} INFO - Processing file /home/airflow/.local/lib/python3.12/site-packages/airflow/example_dags/example_dataset_alias.py for tasks to queue
[2025-07-28T16:00:48.601+0000] {logging_mixin.py:190} INFO - [2025-07-28T16:00:48.600+0000] {dagbag.py:587} INFO - Filling up the DagBag from /home/airflow/.local/lib/python3.12/site-packages/airflow/example_dags/example_dataset_alias.py
[2025-07-28T16:00:49.033+0000] {processor.py:925} INFO - DAG(s) 'dataset_alias_example_alias_producer', 'dataset_s3_bucket_producer', 'dataset_s3_bucket_consumer', 'dataset_alias_example_alias_consumer' retrieved from /home/airflow/.local/lib/python3.12/site-packages/airflow/example_dags/example_dataset_alias.py
[2025-07-28T16:00:49.042+0000] {logging_mixin.py:190} INFO - [2025-07-28T16:00:49.041+0000] {dag.py:3229} INFO - Sync 4 DAGs
[2025-07-28T16:00:49.052+0000] {logging_mixin.py:190} INFO - [2025-07-28T16:00:49.052+0000] {dag.py:4156} INFO - Setting next_dagrun for dataset_alias_example_alias_consumer to None, run_after=None
[2025-07-28T16:00:49.054+0000] {logging_mixin.py:190} INFO - [2025-07-28T16:00:49.054+0000] {dag.py:4156} INFO - Setting next_dagrun for dataset_alias_example_alias_producer to None, run_after=None
[2025-07-28T16:00:49.055+0000] {logging_mixin.py:190} INFO - [2025-07-28T16:00:49.055+0000] {dag.py:4156} INFO - Setting next_dagrun for dataset_s3_bucket_consumer to None, run_after=None
[2025-07-28T16:00:49.055+0000] {logging_mixin.py:190} INFO - [2025-07-28T16:00:49.055+0000] {dag.py:4156} INFO - Setting next_dagrun for dataset_s3_bucket_producer to None, run_after=None
[2025-07-28T16:00:49.063+0000] {processor.py:208} INFO - Processing /home/airflow/.local/lib/python3.12/site-packages/airflow/example_dags/example_dataset_alias.py took 0.491 seconds
