[2025-07-28T15:42:54.386+0000] {processor.py:186} INFO - Started process (PID=103) to work on /home/airflow/.local/lib/python3.12/site-packages/airflow/example_dags/example_inlet_event_extra.py
[2025-07-28T15:42:54.386+0000] {processor.py:914} INFO - Processing file /home/airflow/.local/lib/python3.12/site-packages/airflow/example_dags/example_inlet_event_extra.py for tasks to queue
[2025-07-28T15:42:54.388+0000] {logging_mixin.py:190} INFO - [2025-07-28T15:42:54.388+0000] {dagbag.py:587} INFO - Filling up the DagBag from /home/airflow/.local/lib/python3.12/site-packages/airflow/example_dags/example_inlet_event_extra.py
[2025-07-28T15:42:54.467+0000] {processor.py:925} INFO - DAG(s) 'read_dataset_event_from_classic', 'read_dataset_event' retrieved from /home/airflow/.local/lib/python3.12/site-packages/airflow/example_dags/example_inlet_event_extra.py
[2025-07-28T15:42:54.515+0000] {logging_mixin.py:190} INFO - [2025-07-28T15:42:54.515+0000] {override.py:1900} INFO - Created Permission View: can edit on DAG:read_dataset_event_from_classic
[2025-07-28T15:42:54.519+0000] {logging_mixin.py:190} INFO - [2025-07-28T15:42:54.519+0000] {override.py:1900} INFO - Created Permission View: can read on DAG:read_dataset_event_from_classic
[2025-07-28T15:42:54.521+0000] {logging_mixin.py:190} INFO - [2025-07-28T15:42:54.521+0000] {override.py:1900} INFO - Created Permission View: can delete on DAG:read_dataset_event_from_classic
[2025-07-28T15:42:54.523+0000] {logging_mixin.py:190} INFO - [2025-07-28T15:42:54.523+0000] {override.py:1900} INFO - Created Permission View: can read on DAG Run:read_dataset_event_from_classic
[2025-07-28T15:42:54.525+0000] {logging_mixin.py:190} INFO - [2025-07-28T15:42:54.525+0000] {override.py:1900} INFO - Created Permission View: can delete on DAG Run:read_dataset_event_from_classic
[2025-07-28T15:42:54.529+0000] {logging_mixin.py:190} INFO - [2025-07-28T15:42:54.529+0000] {override.py:1900} INFO - Created Permission View: can create on DAG Run:read_dataset_event_from_classic
[2025-07-28T15:42:54.533+0000] {logging_mixin.py:190} INFO - [2025-07-28T15:42:54.533+0000] {override.py:1900} INFO - Created Permission View: menu access on DAG Run:read_dataset_event_from_classic
[2025-07-28T15:42:54.541+0000] {logging_mixin.py:190} INFO - [2025-07-28T15:42:54.541+0000] {override.py:1900} INFO - Created Permission View: can edit on DAG:read_dataset_event
[2025-07-28T15:42:54.562+0000] {logging_mixin.py:190} INFO - [2025-07-28T15:42:54.562+0000] {override.py:1900} INFO - Created Permission View: can read on DAG:read_dataset_event
[2025-07-28T15:42:54.572+0000] {logging_mixin.py:190} INFO - [2025-07-28T15:42:54.572+0000] {override.py:1900} INFO - Created Permission View: can delete on DAG:read_dataset_event
[2025-07-28T15:42:54.575+0000] {logging_mixin.py:190} INFO - [2025-07-28T15:42:54.575+0000] {override.py:1900} INFO - Created Permission View: can read on DAG Run:read_dataset_event
[2025-07-28T15:42:54.578+0000] {logging_mixin.py:190} INFO - [2025-07-28T15:42:54.578+0000] {override.py:1900} INFO - Created Permission View: can delete on DAG Run:read_dataset_event
[2025-07-28T15:42:54.580+0000] {logging_mixin.py:190} INFO - [2025-07-28T15:42:54.580+0000] {override.py:1900} INFO - Created Permission View: can create on DAG Run:read_dataset_event
[2025-07-28T15:42:54.583+0000] {logging_mixin.py:190} INFO - [2025-07-28T15:42:54.583+0000] {override.py:1900} INFO - Created Permission View: menu access on DAG Run:read_dataset_event
[2025-07-28T15:42:54.583+0000] {logging_mixin.py:190} INFO - [2025-07-28T15:42:54.583+0000] {dag.py:3229} INFO - Sync 2 DAGs
[2025-07-28T15:42:54.591+0000] {logging_mixin.py:190} INFO - [2025-07-28T15:42:54.591+0000] {dag.py:3252} INFO - Creating ORM DAG for read_dataset_event
[2025-07-28T15:42:54.591+0000] {logging_mixin.py:190} INFO - [2025-07-28T15:42:54.591+0000] {dag.py:3252} INFO - Creating ORM DAG for read_dataset_event_from_classic
[2025-07-28T15:42:54.599+0000] {logging_mixin.py:190} INFO - [2025-07-28T15:42:54.598+0000] {dag.py:4156} INFO - Setting next_dagrun for read_dataset_event to 2025-07-27 00:00:00+00:00, run_after=2025-07-28 00:00:00+00:00
[2025-07-28T15:42:54.600+0000] {logging_mixin.py:190} INFO - [2025-07-28T15:42:54.600+0000] {dag.py:4156} INFO - Setting next_dagrun for read_dataset_event_from_classic to 2025-07-27 00:00:00+00:00, run_after=2025-07-28 00:00:00+00:00
[2025-07-28T15:42:54.610+0000] {processor.py:208} INFO - Processing /home/airflow/.local/lib/python3.12/site-packages/airflow/example_dags/example_inlet_event_extra.py took 0.229 seconds
[2025-07-28T15:43:25.550+0000] {processor.py:186} INFO - Started process (PID=165) to work on /home/airflow/.local/lib/python3.12/site-packages/airflow/example_dags/example_inlet_event_extra.py
[2025-07-28T15:43:25.553+0000] {processor.py:914} INFO - Processing file /home/airflow/.local/lib/python3.12/site-packages/airflow/example_dags/example_inlet_event_extra.py for tasks to queue
[2025-07-28T15:43:25.557+0000] {logging_mixin.py:190} INFO - [2025-07-28T15:43:25.557+0000] {dagbag.py:587} INFO - Filling up the DagBag from /home/airflow/.local/lib/python3.12/site-packages/airflow/example_dags/example_inlet_event_extra.py
[2025-07-28T15:43:25.665+0000] {processor.py:925} INFO - DAG(s) 'read_dataset_event', 'read_dataset_event_from_classic' retrieved from /home/airflow/.local/lib/python3.12/site-packages/airflow/example_dags/example_inlet_event_extra.py
[2025-07-28T15:43:25.690+0000] {logging_mixin.py:190} INFO - [2025-07-28T15:43:25.690+0000] {dag.py:3229} INFO - Sync 2 DAGs
[2025-07-28T15:43:25.709+0000] {logging_mixin.py:190} INFO - [2025-07-28T15:43:25.708+0000] {dag.py:4156} INFO - Setting next_dagrun for read_dataset_event to 2025-07-27 00:00:00+00:00, run_after=2025-07-28 00:00:00+00:00
[2025-07-28T15:43:25.711+0000] {logging_mixin.py:190} INFO - [2025-07-28T15:43:25.711+0000] {dag.py:4156} INFO - Setting next_dagrun for read_dataset_event_from_classic to 2025-07-27 00:00:00+00:00, run_after=2025-07-28 00:00:00+00:00
[2025-07-28T15:43:25.718+0000] {processor.py:208} INFO - Processing /home/airflow/.local/lib/python3.12/site-packages/airflow/example_dags/example_inlet_event_extra.py took 0.177 seconds
[2025-07-28T15:43:56.521+0000] {processor.py:186} INFO - Started process (PID=227) to work on /home/airflow/.local/lib/python3.12/site-packages/airflow/example_dags/example_inlet_event_extra.py
[2025-07-28T15:43:56.522+0000] {processor.py:914} INFO - Processing file /home/airflow/.local/lib/python3.12/site-packages/airflow/example_dags/example_inlet_event_extra.py for tasks to queue
[2025-07-28T15:43:56.526+0000] {logging_mixin.py:190} INFO - [2025-07-28T15:43:56.525+0000] {dagbag.py:587} INFO - Filling up the DagBag from /home/airflow/.local/lib/python3.12/site-packages/airflow/example_dags/example_inlet_event_extra.py
[2025-07-28T15:43:56.659+0000] {processor.py:925} INFO - DAG(s) 'read_dataset_event_from_classic', 'read_dataset_event' retrieved from /home/airflow/.local/lib/python3.12/site-packages/airflow/example_dags/example_inlet_event_extra.py
[2025-07-28T15:43:56.671+0000] {logging_mixin.py:190} INFO - [2025-07-28T15:43:56.670+0000] {dag.py:3229} INFO - Sync 2 DAGs
[2025-07-28T15:43:56.682+0000] {logging_mixin.py:190} INFO - [2025-07-28T15:43:56.682+0000] {dag.py:4156} INFO - Setting next_dagrun for read_dataset_event to 2025-07-27 00:00:00+00:00, run_after=2025-07-28 00:00:00+00:00
[2025-07-28T15:43:56.684+0000] {logging_mixin.py:190} INFO - [2025-07-28T15:43:56.684+0000] {dag.py:4156} INFO - Setting next_dagrun for read_dataset_event_from_classic to 2025-07-27 00:00:00+00:00, run_after=2025-07-28 00:00:00+00:00
[2025-07-28T15:43:56.691+0000] {processor.py:208} INFO - Processing /home/airflow/.local/lib/python3.12/site-packages/airflow/example_dags/example_inlet_event_extra.py took 0.180 seconds
[2025-07-28T15:44:26.848+0000] {processor.py:186} INFO - Started process (PID=289) to work on /home/airflow/.local/lib/python3.12/site-packages/airflow/example_dags/example_inlet_event_extra.py
[2025-07-28T15:44:26.851+0000] {processor.py:914} INFO - Processing file /home/airflow/.local/lib/python3.12/site-packages/airflow/example_dags/example_inlet_event_extra.py for tasks to queue
[2025-07-28T15:44:26.853+0000] {logging_mixin.py:190} INFO - [2025-07-28T15:44:26.853+0000] {dagbag.py:587} INFO - Filling up the DagBag from /home/airflow/.local/lib/python3.12/site-packages/airflow/example_dags/example_inlet_event_extra.py
[2025-07-28T15:44:26.949+0000] {processor.py:925} INFO - DAG(s) 'read_dataset_event_from_classic', 'read_dataset_event' retrieved from /home/airflow/.local/lib/python3.12/site-packages/airflow/example_dags/example_inlet_event_extra.py
[2025-07-28T15:44:26.963+0000] {logging_mixin.py:190} INFO - [2025-07-28T15:44:26.963+0000] {dag.py:3229} INFO - Sync 2 DAGs
[2025-07-28T15:44:26.980+0000] {logging_mixin.py:190} INFO - [2025-07-28T15:44:26.980+0000] {dag.py:4156} INFO - Setting next_dagrun for read_dataset_event to 2025-07-27 00:00:00+00:00, run_after=2025-07-28 00:00:00+00:00
[2025-07-28T15:44:26.982+0000] {logging_mixin.py:190} INFO - [2025-07-28T15:44:26.982+0000] {dag.py:4156} INFO - Setting next_dagrun for read_dataset_event_from_classic to 2025-07-27 00:00:00+00:00, run_after=2025-07-28 00:00:00+00:00
[2025-07-28T15:44:26.990+0000] {processor.py:208} INFO - Processing /home/airflow/.local/lib/python3.12/site-packages/airflow/example_dags/example_inlet_event_extra.py took 0.148 seconds
[2025-07-28T15:44:57.394+0000] {processor.py:186} INFO - Started process (PID=351) to work on /home/airflow/.local/lib/python3.12/site-packages/airflow/example_dags/example_inlet_event_extra.py
[2025-07-28T15:44:57.400+0000] {processor.py:914} INFO - Processing file /home/airflow/.local/lib/python3.12/site-packages/airflow/example_dags/example_inlet_event_extra.py for tasks to queue
[2025-07-28T15:44:57.408+0000] {logging_mixin.py:190} INFO - [2025-07-28T15:44:57.408+0000] {dagbag.py:587} INFO - Filling up the DagBag from /home/airflow/.local/lib/python3.12/site-packages/airflow/example_dags/example_inlet_event_extra.py
[2025-07-28T15:44:57.557+0000] {processor.py:925} INFO - DAG(s) 'read_dataset_event_from_classic', 'read_dataset_event' retrieved from /home/airflow/.local/lib/python3.12/site-packages/airflow/example_dags/example_inlet_event_extra.py
[2025-07-28T15:44:57.583+0000] {logging_mixin.py:190} INFO - [2025-07-28T15:44:57.582+0000] {dag.py:3229} INFO - Sync 2 DAGs
[2025-07-28T15:44:57.609+0000] {logging_mixin.py:190} INFO - [2025-07-28T15:44:57.609+0000] {dag.py:4156} INFO - Setting next_dagrun for read_dataset_event to 2025-07-27 00:00:00+00:00, run_after=2025-07-28 00:00:00+00:00
[2025-07-28T15:44:57.614+0000] {logging_mixin.py:190} INFO - [2025-07-28T15:44:57.613+0000] {dag.py:4156} INFO - Setting next_dagrun for read_dataset_event_from_classic to 2025-07-27 00:00:00+00:00, run_after=2025-07-28 00:00:00+00:00
[2025-07-28T15:44:57.629+0000] {processor.py:208} INFO - Processing /home/airflow/.local/lib/python3.12/site-packages/airflow/example_dags/example_inlet_event_extra.py took 0.250 seconds
[2025-07-28T15:45:28.411+0000] {processor.py:186} INFO - Started process (PID=413) to work on /home/airflow/.local/lib/python3.12/site-packages/airflow/example_dags/example_inlet_event_extra.py
[2025-07-28T15:45:28.415+0000] {processor.py:914} INFO - Processing file /home/airflow/.local/lib/python3.12/site-packages/airflow/example_dags/example_inlet_event_extra.py for tasks to queue
[2025-07-28T15:45:28.420+0000] {logging_mixin.py:190} INFO - [2025-07-28T15:45:28.420+0000] {dagbag.py:587} INFO - Filling up the DagBag from /home/airflow/.local/lib/python3.12/site-packages/airflow/example_dags/example_inlet_event_extra.py
[2025-07-28T15:45:28.612+0000] {processor.py:925} INFO - DAG(s) 'read_dataset_event', 'read_dataset_event_from_classic' retrieved from /home/airflow/.local/lib/python3.12/site-packages/airflow/example_dags/example_inlet_event_extra.py
[2025-07-28T15:45:28.634+0000] {logging_mixin.py:190} INFO - [2025-07-28T15:45:28.634+0000] {dag.py:3229} INFO - Sync 2 DAGs
[2025-07-28T15:45:28.653+0000] {logging_mixin.py:190} INFO - [2025-07-28T15:45:28.653+0000] {dag.py:4156} INFO - Setting next_dagrun for read_dataset_event to 2025-07-27 00:00:00+00:00, run_after=2025-07-28 00:00:00+00:00
[2025-07-28T15:45:28.659+0000] {logging_mixin.py:190} INFO - [2025-07-28T15:45:28.659+0000] {dag.py:4156} INFO - Setting next_dagrun for read_dataset_event_from_classic to 2025-07-27 00:00:00+00:00, run_after=2025-07-28 00:00:00+00:00
[2025-07-28T15:45:28.669+0000] {processor.py:208} INFO - Processing /home/airflow/.local/lib/python3.12/site-packages/airflow/example_dags/example_inlet_event_extra.py took 0.281 seconds
[2025-07-28T15:45:59.170+0000] {processor.py:186} INFO - Started process (PID=475) to work on /home/airflow/.local/lib/python3.12/site-packages/airflow/example_dags/example_inlet_event_extra.py
[2025-07-28T15:45:59.172+0000] {processor.py:914} INFO - Processing file /home/airflow/.local/lib/python3.12/site-packages/airflow/example_dags/example_inlet_event_extra.py for tasks to queue
[2025-07-28T15:45:59.174+0000] {logging_mixin.py:190} INFO - [2025-07-28T15:45:59.174+0000] {dagbag.py:587} INFO - Filling up the DagBag from /home/airflow/.local/lib/python3.12/site-packages/airflow/example_dags/example_inlet_event_extra.py
[2025-07-28T15:45:59.288+0000] {processor.py:925} INFO - DAG(s) 'read_dataset_event_from_classic', 'read_dataset_event' retrieved from /home/airflow/.local/lib/python3.12/site-packages/airflow/example_dags/example_inlet_event_extra.py
[2025-07-28T15:45:59.307+0000] {logging_mixin.py:190} INFO - [2025-07-28T15:45:59.306+0000] {dag.py:3229} INFO - Sync 2 DAGs
[2025-07-28T15:45:59.321+0000] {logging_mixin.py:190} INFO - [2025-07-28T15:45:59.321+0000] {dag.py:4156} INFO - Setting next_dagrun for read_dataset_event to 2025-07-27 00:00:00+00:00, run_after=2025-07-28 00:00:00+00:00
[2025-07-28T15:45:59.323+0000] {logging_mixin.py:190} INFO - [2025-07-28T15:45:59.323+0000] {dag.py:4156} INFO - Setting next_dagrun for read_dataset_event_from_classic to 2025-07-27 00:00:00+00:00, run_after=2025-07-28 00:00:00+00:00
[2025-07-28T15:45:59.331+0000] {processor.py:208} INFO - Processing /home/airflow/.local/lib/python3.12/site-packages/airflow/example_dags/example_inlet_event_extra.py took 0.167 seconds
[2025-07-28T15:46:29.687+0000] {processor.py:186} INFO - Started process (PID=537) to work on /home/airflow/.local/lib/python3.12/site-packages/airflow/example_dags/example_inlet_event_extra.py
[2025-07-28T15:46:29.690+0000] {processor.py:914} INFO - Processing file /home/airflow/.local/lib/python3.12/site-packages/airflow/example_dags/example_inlet_event_extra.py for tasks to queue
[2025-07-28T15:46:29.695+0000] {logging_mixin.py:190} INFO - [2025-07-28T15:46:29.694+0000] {dagbag.py:587} INFO - Filling up the DagBag from /home/airflow/.local/lib/python3.12/site-packages/airflow/example_dags/example_inlet_event_extra.py
[2025-07-28T15:46:29.825+0000] {processor.py:925} INFO - DAG(s) 'read_dataset_event', 'read_dataset_event_from_classic' retrieved from /home/airflow/.local/lib/python3.12/site-packages/airflow/example_dags/example_inlet_event_extra.py
[2025-07-28T15:46:29.838+0000] {logging_mixin.py:190} INFO - [2025-07-28T15:46:29.837+0000] {dag.py:3229} INFO - Sync 2 DAGs
[2025-07-28T15:46:29.854+0000] {logging_mixin.py:190} INFO - [2025-07-28T15:46:29.853+0000] {dag.py:4156} INFO - Setting next_dagrun for read_dataset_event to 2025-07-27 00:00:00+00:00, run_after=2025-07-28 00:00:00+00:00
[2025-07-28T15:46:29.860+0000] {logging_mixin.py:190} INFO - [2025-07-28T15:46:29.860+0000] {dag.py:4156} INFO - Setting next_dagrun for read_dataset_event_from_classic to 2025-07-27 00:00:00+00:00, run_after=2025-07-28 00:00:00+00:00
[2025-07-28T15:46:29.874+0000] {processor.py:208} INFO - Processing /home/airflow/.local/lib/python3.12/site-packages/airflow/example_dags/example_inlet_event_extra.py took 0.202 seconds
[2025-07-28T15:47:00.174+0000] {processor.py:186} INFO - Started process (PID=599) to work on /home/airflow/.local/lib/python3.12/site-packages/airflow/example_dags/example_inlet_event_extra.py
[2025-07-28T15:47:00.177+0000] {processor.py:914} INFO - Processing file /home/airflow/.local/lib/python3.12/site-packages/airflow/example_dags/example_inlet_event_extra.py for tasks to queue
[2025-07-28T15:47:00.179+0000] {logging_mixin.py:190} INFO - [2025-07-28T15:47:00.179+0000] {dagbag.py:587} INFO - Filling up the DagBag from /home/airflow/.local/lib/python3.12/site-packages/airflow/example_dags/example_inlet_event_extra.py
[2025-07-28T15:47:00.289+0000] {processor.py:925} INFO - DAG(s) 'read_dataset_event_from_classic', 'read_dataset_event' retrieved from /home/airflow/.local/lib/python3.12/site-packages/airflow/example_dags/example_inlet_event_extra.py
[2025-07-28T15:47:00.313+0000] {logging_mixin.py:190} INFO - [2025-07-28T15:47:00.313+0000] {dag.py:3229} INFO - Sync 2 DAGs
[2025-07-28T15:47:00.334+0000] {logging_mixin.py:190} INFO - [2025-07-28T15:47:00.334+0000] {dag.py:4156} INFO - Setting next_dagrun for read_dataset_event to 2025-07-27 00:00:00+00:00, run_after=2025-07-28 00:00:00+00:00
[2025-07-28T15:47:00.336+0000] {logging_mixin.py:190} INFO - [2025-07-28T15:47:00.336+0000] {dag.py:4156} INFO - Setting next_dagrun for read_dataset_event_from_classic to 2025-07-27 00:00:00+00:00, run_after=2025-07-28 00:00:00+00:00
[2025-07-28T15:47:00.344+0000] {processor.py:208} INFO - Processing /home/airflow/.local/lib/python3.12/site-packages/airflow/example_dags/example_inlet_event_extra.py took 0.176 seconds
[2025-07-28T15:47:30.933+0000] {processor.py:186} INFO - Started process (PID=661) to work on /home/airflow/.local/lib/python3.12/site-packages/airflow/example_dags/example_inlet_event_extra.py
[2025-07-28T15:47:30.935+0000] {processor.py:914} INFO - Processing file /home/airflow/.local/lib/python3.12/site-packages/airflow/example_dags/example_inlet_event_extra.py for tasks to queue
[2025-07-28T15:47:30.937+0000] {logging_mixin.py:190} INFO - [2025-07-28T15:47:30.936+0000] {dagbag.py:587} INFO - Filling up the DagBag from /home/airflow/.local/lib/python3.12/site-packages/airflow/example_dags/example_inlet_event_extra.py
[2025-07-28T15:47:31.055+0000] {processor.py:925} INFO - DAG(s) 'read_dataset_event', 'read_dataset_event_from_classic' retrieved from /home/airflow/.local/lib/python3.12/site-packages/airflow/example_dags/example_inlet_event_extra.py
[2025-07-28T15:47:31.069+0000] {logging_mixin.py:190} INFO - [2025-07-28T15:47:31.069+0000] {dag.py:3229} INFO - Sync 2 DAGs
[2025-07-28T15:47:31.088+0000] {logging_mixin.py:190} INFO - [2025-07-28T15:47:31.088+0000] {dag.py:4156} INFO - Setting next_dagrun for read_dataset_event to 2025-07-27 00:00:00+00:00, run_after=2025-07-28 00:00:00+00:00
[2025-07-28T15:47:31.090+0000] {logging_mixin.py:190} INFO - [2025-07-28T15:47:31.090+0000] {dag.py:4156} INFO - Setting next_dagrun for read_dataset_event_from_classic to 2025-07-27 00:00:00+00:00, run_after=2025-07-28 00:00:00+00:00
[2025-07-28T15:47:31.100+0000] {processor.py:208} INFO - Processing /home/airflow/.local/lib/python3.12/site-packages/airflow/example_dags/example_inlet_event_extra.py took 0.179 seconds
[2025-07-28T15:48:01.226+0000] {processor.py:186} INFO - Started process (PID=723) to work on /home/airflow/.local/lib/python3.12/site-packages/airflow/example_dags/example_inlet_event_extra.py
[2025-07-28T15:48:01.227+0000] {processor.py:914} INFO - Processing file /home/airflow/.local/lib/python3.12/site-packages/airflow/example_dags/example_inlet_event_extra.py for tasks to queue
[2025-07-28T15:48:01.228+0000] {logging_mixin.py:190} INFO - [2025-07-28T15:48:01.228+0000] {dagbag.py:587} INFO - Filling up the DagBag from /home/airflow/.local/lib/python3.12/site-packages/airflow/example_dags/example_inlet_event_extra.py
[2025-07-28T15:48:01.299+0000] {processor.py:925} INFO - DAG(s) 'read_dataset_event_from_classic', 'read_dataset_event' retrieved from /home/airflow/.local/lib/python3.12/site-packages/airflow/example_dags/example_inlet_event_extra.py
[2025-07-28T15:48:01.309+0000] {logging_mixin.py:190} INFO - [2025-07-28T15:48:01.309+0000] {dag.py:3229} INFO - Sync 2 DAGs
[2025-07-28T15:48:01.319+0000] {logging_mixin.py:190} INFO - [2025-07-28T15:48:01.319+0000] {dag.py:4156} INFO - Setting next_dagrun for read_dataset_event to 2025-07-27 00:00:00+00:00, run_after=2025-07-28 00:00:00+00:00
[2025-07-28T15:48:01.321+0000] {logging_mixin.py:190} INFO - [2025-07-28T15:48:01.321+0000] {dag.py:4156} INFO - Setting next_dagrun for read_dataset_event_from_classic to 2025-07-27 00:00:00+00:00, run_after=2025-07-28 00:00:00+00:00
[2025-07-28T15:48:01.327+0000] {processor.py:208} INFO - Processing /home/airflow/.local/lib/python3.12/site-packages/airflow/example_dags/example_inlet_event_extra.py took 0.106 seconds
[2025-07-28T15:48:31.483+0000] {processor.py:186} INFO - Started process (PID=785) to work on /home/airflow/.local/lib/python3.12/site-packages/airflow/example_dags/example_inlet_event_extra.py
[2025-07-28T15:48:31.484+0000] {processor.py:914} INFO - Processing file /home/airflow/.local/lib/python3.12/site-packages/airflow/example_dags/example_inlet_event_extra.py for tasks to queue
[2025-07-28T15:48:31.485+0000] {logging_mixin.py:190} INFO - [2025-07-28T15:48:31.485+0000] {dagbag.py:587} INFO - Filling up the DagBag from /home/airflow/.local/lib/python3.12/site-packages/airflow/example_dags/example_inlet_event_extra.py
[2025-07-28T15:48:31.570+0000] {processor.py:925} INFO - DAG(s) 'read_dataset_event', 'read_dataset_event_from_classic' retrieved from /home/airflow/.local/lib/python3.12/site-packages/airflow/example_dags/example_inlet_event_extra.py
[2025-07-28T15:48:31.587+0000] {logging_mixin.py:190} INFO - [2025-07-28T15:48:31.587+0000] {dag.py:3229} INFO - Sync 2 DAGs
[2025-07-28T15:48:31.603+0000] {logging_mixin.py:190} INFO - [2025-07-28T15:48:31.603+0000] {dag.py:4156} INFO - Setting next_dagrun for read_dataset_event to 2025-07-27 00:00:00+00:00, run_after=2025-07-28 00:00:00+00:00
[2025-07-28T15:48:31.607+0000] {logging_mixin.py:190} INFO - [2025-07-28T15:48:31.607+0000] {dag.py:4156} INFO - Setting next_dagrun for read_dataset_event_from_classic to 2025-07-27 00:00:00+00:00, run_after=2025-07-28 00:00:00+00:00
[2025-07-28T15:48:31.621+0000] {processor.py:208} INFO - Processing /home/airflow/.local/lib/python3.12/site-packages/airflow/example_dags/example_inlet_event_extra.py took 0.140 seconds
[2025-07-28T15:49:02.231+0000] {processor.py:186} INFO - Started process (PID=847) to work on /home/airflow/.local/lib/python3.12/site-packages/airflow/example_dags/example_inlet_event_extra.py
[2025-07-28T15:49:02.232+0000] {processor.py:914} INFO - Processing file /home/airflow/.local/lib/python3.12/site-packages/airflow/example_dags/example_inlet_event_extra.py for tasks to queue
[2025-07-28T15:49:02.234+0000] {logging_mixin.py:190} INFO - [2025-07-28T15:49:02.234+0000] {dagbag.py:587} INFO - Filling up the DagBag from /home/airflow/.local/lib/python3.12/site-packages/airflow/example_dags/example_inlet_event_extra.py
[2025-07-28T15:49:02.330+0000] {processor.py:925} INFO - DAG(s) 'read_dataset_event_from_classic', 'read_dataset_event' retrieved from /home/airflow/.local/lib/python3.12/site-packages/airflow/example_dags/example_inlet_event_extra.py
[2025-07-28T15:49:02.344+0000] {logging_mixin.py:190} INFO - [2025-07-28T15:49:02.344+0000] {dag.py:3229} INFO - Sync 2 DAGs
[2025-07-28T15:49:02.357+0000] {logging_mixin.py:190} INFO - [2025-07-28T15:49:02.357+0000] {dag.py:4156} INFO - Setting next_dagrun for read_dataset_event to 2025-07-27 00:00:00+00:00, run_after=2025-07-28 00:00:00+00:00
[2025-07-28T15:49:02.360+0000] {logging_mixin.py:190} INFO - [2025-07-28T15:49:02.360+0000] {dag.py:4156} INFO - Setting next_dagrun for read_dataset_event_from_classic to 2025-07-27 00:00:00+00:00, run_after=2025-07-28 00:00:00+00:00
[2025-07-28T15:49:02.367+0000] {processor.py:208} INFO - Processing /home/airflow/.local/lib/python3.12/site-packages/airflow/example_dags/example_inlet_event_extra.py took 0.140 seconds
[2025-07-28T15:49:32.788+0000] {processor.py:186} INFO - Started process (PID=909) to work on /home/airflow/.local/lib/python3.12/site-packages/airflow/example_dags/example_inlet_event_extra.py
[2025-07-28T15:49:32.790+0000] {processor.py:914} INFO - Processing file /home/airflow/.local/lib/python3.12/site-packages/airflow/example_dags/example_inlet_event_extra.py for tasks to queue
[2025-07-28T15:49:32.795+0000] {logging_mixin.py:190} INFO - [2025-07-28T15:49:32.794+0000] {dagbag.py:587} INFO - Filling up the DagBag from /home/airflow/.local/lib/python3.12/site-packages/airflow/example_dags/example_inlet_event_extra.py
[2025-07-28T15:49:32.906+0000] {processor.py:925} INFO - DAG(s) 'read_dataset_event', 'read_dataset_event_from_classic' retrieved from /home/airflow/.local/lib/python3.12/site-packages/airflow/example_dags/example_inlet_event_extra.py
[2025-07-28T15:49:32.920+0000] {logging_mixin.py:190} INFO - [2025-07-28T15:49:32.920+0000] {dag.py:3229} INFO - Sync 2 DAGs
[2025-07-28T15:49:32.933+0000] {logging_mixin.py:190} INFO - [2025-07-28T15:49:32.933+0000] {dag.py:4156} INFO - Setting next_dagrun for read_dataset_event to 2025-07-27 00:00:00+00:00, run_after=2025-07-28 00:00:00+00:00
[2025-07-28T15:49:32.936+0000] {logging_mixin.py:190} INFO - [2025-07-28T15:49:32.936+0000] {dag.py:4156} INFO - Setting next_dagrun for read_dataset_event_from_classic to 2025-07-27 00:00:00+00:00, run_after=2025-07-28 00:00:00+00:00
[2025-07-28T15:49:32.942+0000] {processor.py:208} INFO - Processing /home/airflow/.local/lib/python3.12/site-packages/airflow/example_dags/example_inlet_event_extra.py took 0.159 seconds
[2025-07-28T15:50:04.023+0000] {processor.py:186} INFO - Started process (PID=971) to work on /home/airflow/.local/lib/python3.12/site-packages/airflow/example_dags/example_inlet_event_extra.py
[2025-07-28T15:50:04.024+0000] {processor.py:914} INFO - Processing file /home/airflow/.local/lib/python3.12/site-packages/airflow/example_dags/example_inlet_event_extra.py for tasks to queue
[2025-07-28T15:50:04.027+0000] {logging_mixin.py:190} INFO - [2025-07-28T15:50:04.026+0000] {dagbag.py:587} INFO - Filling up the DagBag from /home/airflow/.local/lib/python3.12/site-packages/airflow/example_dags/example_inlet_event_extra.py
[2025-07-28T15:50:04.186+0000] {processor.py:925} INFO - DAG(s) 'read_dataset_event', 'read_dataset_event_from_classic' retrieved from /home/airflow/.local/lib/python3.12/site-packages/airflow/example_dags/example_inlet_event_extra.py
[2025-07-28T15:50:04.208+0000] {logging_mixin.py:190} INFO - [2025-07-28T15:50:04.208+0000] {dag.py:3229} INFO - Sync 2 DAGs
[2025-07-28T15:50:04.232+0000] {logging_mixin.py:190} INFO - [2025-07-28T15:50:04.232+0000] {dag.py:4156} INFO - Setting next_dagrun for read_dataset_event to 2025-07-27 00:00:00+00:00, run_after=2025-07-28 00:00:00+00:00
[2025-07-28T15:50:04.235+0000] {logging_mixin.py:190} INFO - [2025-07-28T15:50:04.235+0000] {dag.py:4156} INFO - Setting next_dagrun for read_dataset_event_from_classic to 2025-07-27 00:00:00+00:00, run_after=2025-07-28 00:00:00+00:00
[2025-07-28T15:50:04.252+0000] {processor.py:208} INFO - Processing /home/airflow/.local/lib/python3.12/site-packages/airflow/example_dags/example_inlet_event_extra.py took 0.239 seconds
[2025-07-28T15:50:35.107+0000] {processor.py:186} INFO - Started process (PID=1033) to work on /home/airflow/.local/lib/python3.12/site-packages/airflow/example_dags/example_inlet_event_extra.py
[2025-07-28T15:50:35.109+0000] {processor.py:914} INFO - Processing file /home/airflow/.local/lib/python3.12/site-packages/airflow/example_dags/example_inlet_event_extra.py for tasks to queue
[2025-07-28T15:50:35.115+0000] {logging_mixin.py:190} INFO - [2025-07-28T15:50:35.113+0000] {dagbag.py:587} INFO - Filling up the DagBag from /home/airflow/.local/lib/python3.12/site-packages/airflow/example_dags/example_inlet_event_extra.py
[2025-07-28T15:50:35.280+0000] {processor.py:925} INFO - DAG(s) 'read_dataset_event', 'read_dataset_event_from_classic' retrieved from /home/airflow/.local/lib/python3.12/site-packages/airflow/example_dags/example_inlet_event_extra.py
[2025-07-28T15:50:35.337+0000] {logging_mixin.py:190} INFO - [2025-07-28T15:50:35.336+0000] {dag.py:3229} INFO - Sync 2 DAGs
[2025-07-28T15:50:35.423+0000] {logging_mixin.py:190} INFO - [2025-07-28T15:50:35.422+0000] {dag.py:4156} INFO - Setting next_dagrun for read_dataset_event to 2025-07-27 00:00:00+00:00, run_after=2025-07-28 00:00:00+00:00
[2025-07-28T15:50:35.433+0000] {logging_mixin.py:190} INFO - [2025-07-28T15:50:35.433+0000] {dag.py:4156} INFO - Setting next_dagrun for read_dataset_event_from_classic to 2025-07-27 00:00:00+00:00, run_after=2025-07-28 00:00:00+00:00
[2025-07-28T15:50:35.451+0000] {processor.py:208} INFO - Processing /home/airflow/.local/lib/python3.12/site-packages/airflow/example_dags/example_inlet_event_extra.py took 0.356 seconds
[2025-07-28T15:51:06.220+0000] {processor.py:186} INFO - Started process (PID=1095) to work on /home/airflow/.local/lib/python3.12/site-packages/airflow/example_dags/example_inlet_event_extra.py
[2025-07-28T15:51:06.221+0000] {processor.py:914} INFO - Processing file /home/airflow/.local/lib/python3.12/site-packages/airflow/example_dags/example_inlet_event_extra.py for tasks to queue
[2025-07-28T15:51:06.228+0000] {logging_mixin.py:190} INFO - [2025-07-28T15:51:06.227+0000] {dagbag.py:587} INFO - Filling up the DagBag from /home/airflow/.local/lib/python3.12/site-packages/airflow/example_dags/example_inlet_event_extra.py
[2025-07-28T15:51:06.582+0000] {processor.py:925} INFO - DAG(s) 'read_dataset_event_from_classic', 'read_dataset_event' retrieved from /home/airflow/.local/lib/python3.12/site-packages/airflow/example_dags/example_inlet_event_extra.py
[2025-07-28T15:51:06.656+0000] {logging_mixin.py:190} INFO - [2025-07-28T15:51:06.656+0000] {dag.py:3229} INFO - Sync 2 DAGs
[2025-07-28T15:51:06.738+0000] {logging_mixin.py:190} INFO - [2025-07-28T15:51:06.737+0000] {dag.py:4156} INFO - Setting next_dagrun for read_dataset_event to 2025-07-27 00:00:00+00:00, run_after=2025-07-28 00:00:00+00:00
[2025-07-28T15:51:06.742+0000] {logging_mixin.py:190} INFO - [2025-07-28T15:51:06.742+0000] {dag.py:4156} INFO - Setting next_dagrun for read_dataset_event_from_classic to 2025-07-27 00:00:00+00:00, run_after=2025-07-28 00:00:00+00:00
[2025-07-28T15:51:06.776+0000] {processor.py:208} INFO - Processing /home/airflow/.local/lib/python3.12/site-packages/airflow/example_dags/example_inlet_event_extra.py took 0.575 seconds
[2025-07-28T15:51:37.190+0000] {processor.py:186} INFO - Started process (PID=1157) to work on /home/airflow/.local/lib/python3.12/site-packages/airflow/example_dags/example_inlet_event_extra.py
[2025-07-28T15:51:37.194+0000] {processor.py:914} INFO - Processing file /home/airflow/.local/lib/python3.12/site-packages/airflow/example_dags/example_inlet_event_extra.py for tasks to queue
[2025-07-28T15:51:37.198+0000] {logging_mixin.py:190} INFO - [2025-07-28T15:51:37.197+0000] {dagbag.py:587} INFO - Filling up the DagBag from /home/airflow/.local/lib/python3.12/site-packages/airflow/example_dags/example_inlet_event_extra.py
[2025-07-28T15:51:37.369+0000] {processor.py:925} INFO - DAG(s) 'read_dataset_event_from_classic', 'read_dataset_event' retrieved from /home/airflow/.local/lib/python3.12/site-packages/airflow/example_dags/example_inlet_event_extra.py
[2025-07-28T15:51:37.396+0000] {logging_mixin.py:190} INFO - [2025-07-28T15:51:37.396+0000] {dag.py:3229} INFO - Sync 2 DAGs
[2025-07-28T15:51:37.415+0000] {logging_mixin.py:190} INFO - [2025-07-28T15:51:37.415+0000] {dag.py:4156} INFO - Setting next_dagrun for read_dataset_event to 2025-07-27 00:00:00+00:00, run_after=2025-07-28 00:00:00+00:00
[2025-07-28T15:51:37.419+0000] {logging_mixin.py:190} INFO - [2025-07-28T15:51:37.419+0000] {dag.py:4156} INFO - Setting next_dagrun for read_dataset_event_from_classic to 2025-07-27 00:00:00+00:00, run_after=2025-07-28 00:00:00+00:00
[2025-07-28T15:51:37.428+0000] {processor.py:208} INFO - Processing /home/airflow/.local/lib/python3.12/site-packages/airflow/example_dags/example_inlet_event_extra.py took 0.249 seconds
[2025-07-28T15:52:08.314+0000] {processor.py:186} INFO - Started process (PID=1219) to work on /home/airflow/.local/lib/python3.12/site-packages/airflow/example_dags/example_inlet_event_extra.py
[2025-07-28T15:52:08.318+0000] {processor.py:914} INFO - Processing file /home/airflow/.local/lib/python3.12/site-packages/airflow/example_dags/example_inlet_event_extra.py for tasks to queue
[2025-07-28T15:52:08.323+0000] {logging_mixin.py:190} INFO - [2025-07-28T15:52:08.323+0000] {dagbag.py:587} INFO - Filling up the DagBag from /home/airflow/.local/lib/python3.12/site-packages/airflow/example_dags/example_inlet_event_extra.py
[2025-07-28T15:52:08.459+0000] {processor.py:925} INFO - DAG(s) 'read_dataset_event_from_classic', 'read_dataset_event' retrieved from /home/airflow/.local/lib/python3.12/site-packages/airflow/example_dags/example_inlet_event_extra.py
[2025-07-28T15:52:08.478+0000] {logging_mixin.py:190} INFO - [2025-07-28T15:52:08.478+0000] {dag.py:3229} INFO - Sync 2 DAGs
[2025-07-28T15:52:08.504+0000] {logging_mixin.py:190} INFO - [2025-07-28T15:52:08.504+0000] {dag.py:4156} INFO - Setting next_dagrun for read_dataset_event to 2025-07-27 00:00:00+00:00, run_after=2025-07-28 00:00:00+00:00
[2025-07-28T15:52:08.507+0000] {logging_mixin.py:190} INFO - [2025-07-28T15:52:08.507+0000] {dag.py:4156} INFO - Setting next_dagrun for read_dataset_event_from_classic to 2025-07-27 00:00:00+00:00, run_after=2025-07-28 00:00:00+00:00
[2025-07-28T15:52:08.515+0000] {processor.py:208} INFO - Processing /home/airflow/.local/lib/python3.12/site-packages/airflow/example_dags/example_inlet_event_extra.py took 0.210 seconds
[2025-07-28T15:52:39.318+0000] {processor.py:186} INFO - Started process (PID=1281) to work on /home/airflow/.local/lib/python3.12/site-packages/airflow/example_dags/example_inlet_event_extra.py
[2025-07-28T15:52:39.320+0000] {processor.py:914} INFO - Processing file /home/airflow/.local/lib/python3.12/site-packages/airflow/example_dags/example_inlet_event_extra.py for tasks to queue
[2025-07-28T15:52:39.323+0000] {logging_mixin.py:190} INFO - [2025-07-28T15:52:39.323+0000] {dagbag.py:587} INFO - Filling up the DagBag from /home/airflow/.local/lib/python3.12/site-packages/airflow/example_dags/example_inlet_event_extra.py
[2025-07-28T15:52:39.517+0000] {processor.py:925} INFO - DAG(s) 'read_dataset_event_from_classic', 'read_dataset_event' retrieved from /home/airflow/.local/lib/python3.12/site-packages/airflow/example_dags/example_inlet_event_extra.py
[2025-07-28T15:52:39.528+0000] {logging_mixin.py:190} INFO - [2025-07-28T15:52:39.528+0000] {dag.py:3229} INFO - Sync 2 DAGs
[2025-07-28T15:52:39.541+0000] {logging_mixin.py:190} INFO - [2025-07-28T15:52:39.541+0000] {dag.py:4156} INFO - Setting next_dagrun for read_dataset_event to 2025-07-27 00:00:00+00:00, run_after=2025-07-28 00:00:00+00:00
[2025-07-28T15:52:39.548+0000] {logging_mixin.py:190} INFO - [2025-07-28T15:52:39.548+0000] {dag.py:4156} INFO - Setting next_dagrun for read_dataset_event_from_classic to 2025-07-27 00:00:00+00:00, run_after=2025-07-28 00:00:00+00:00
[2025-07-28T15:52:39.558+0000] {processor.py:208} INFO - Processing /home/airflow/.local/lib/python3.12/site-packages/airflow/example_dags/example_inlet_event_extra.py took 0.254 seconds
[2025-07-28T15:53:10.216+0000] {processor.py:186} INFO - Started process (PID=1343) to work on /home/airflow/.local/lib/python3.12/site-packages/airflow/example_dags/example_inlet_event_extra.py
[2025-07-28T15:53:10.219+0000] {processor.py:914} INFO - Processing file /home/airflow/.local/lib/python3.12/site-packages/airflow/example_dags/example_inlet_event_extra.py for tasks to queue
[2025-07-28T15:53:10.222+0000] {logging_mixin.py:190} INFO - [2025-07-28T15:53:10.222+0000] {dagbag.py:587} INFO - Filling up the DagBag from /home/airflow/.local/lib/python3.12/site-packages/airflow/example_dags/example_inlet_event_extra.py
[2025-07-28T15:53:10.318+0000] {processor.py:925} INFO - DAG(s) 'read_dataset_event_from_classic', 'read_dataset_event' retrieved from /home/airflow/.local/lib/python3.12/site-packages/airflow/example_dags/example_inlet_event_extra.py
[2025-07-28T15:53:10.343+0000] {logging_mixin.py:190} INFO - [2025-07-28T15:53:10.343+0000] {dag.py:3229} INFO - Sync 2 DAGs
[2025-07-28T15:53:10.363+0000] {logging_mixin.py:190} INFO - [2025-07-28T15:53:10.363+0000] {dag.py:4156} INFO - Setting next_dagrun for read_dataset_event to 2025-07-27 00:00:00+00:00, run_after=2025-07-28 00:00:00+00:00
[2025-07-28T15:53:10.365+0000] {logging_mixin.py:190} INFO - [2025-07-28T15:53:10.365+0000] {dag.py:4156} INFO - Setting next_dagrun for read_dataset_event_from_classic to 2025-07-27 00:00:00+00:00, run_after=2025-07-28 00:00:00+00:00
[2025-07-28T15:53:10.373+0000] {processor.py:208} INFO - Processing /home/airflow/.local/lib/python3.12/site-packages/airflow/example_dags/example_inlet_event_extra.py took 0.162 seconds
[2025-07-28T15:53:41.039+0000] {processor.py:186} INFO - Started process (PID=1406) to work on /home/airflow/.local/lib/python3.12/site-packages/airflow/example_dags/example_inlet_event_extra.py
[2025-07-28T15:53:41.041+0000] {processor.py:914} INFO - Processing file /home/airflow/.local/lib/python3.12/site-packages/airflow/example_dags/example_inlet_event_extra.py for tasks to queue
[2025-07-28T15:53:41.044+0000] {logging_mixin.py:190} INFO - [2025-07-28T15:53:41.043+0000] {dagbag.py:587} INFO - Filling up the DagBag from /home/airflow/.local/lib/python3.12/site-packages/airflow/example_dags/example_inlet_event_extra.py
[2025-07-28T15:53:41.238+0000] {processor.py:925} INFO - DAG(s) 'read_dataset_event', 'read_dataset_event_from_classic' retrieved from /home/airflow/.local/lib/python3.12/site-packages/airflow/example_dags/example_inlet_event_extra.py
[2025-07-28T15:53:41.263+0000] {logging_mixin.py:190} INFO - [2025-07-28T15:53:41.263+0000] {dag.py:3229} INFO - Sync 2 DAGs
[2025-07-28T15:53:41.281+0000] {logging_mixin.py:190} INFO - [2025-07-28T15:53:41.281+0000] {dag.py:4156} INFO - Setting next_dagrun for read_dataset_event to 2025-07-27 00:00:00+00:00, run_after=2025-07-28 00:00:00+00:00
[2025-07-28T15:53:41.284+0000] {logging_mixin.py:190} INFO - [2025-07-28T15:53:41.284+0000] {dag.py:4156} INFO - Setting next_dagrun for read_dataset_event_from_classic to 2025-07-27 00:00:00+00:00, run_after=2025-07-28 00:00:00+00:00
[2025-07-28T15:53:41.293+0000] {processor.py:208} INFO - Processing /home/airflow/.local/lib/python3.12/site-packages/airflow/example_dags/example_inlet_event_extra.py took 0.265 seconds
[2025-07-28T15:54:12.195+0000] {processor.py:186} INFO - Started process (PID=1469) to work on /home/airflow/.local/lib/python3.12/site-packages/airflow/example_dags/example_inlet_event_extra.py
[2025-07-28T15:54:12.196+0000] {processor.py:914} INFO - Processing file /home/airflow/.local/lib/python3.12/site-packages/airflow/example_dags/example_inlet_event_extra.py for tasks to queue
[2025-07-28T15:54:12.197+0000] {logging_mixin.py:190} INFO - [2025-07-28T15:54:12.197+0000] {dagbag.py:587} INFO - Filling up the DagBag from /home/airflow/.local/lib/python3.12/site-packages/airflow/example_dags/example_inlet_event_extra.py
[2025-07-28T15:54:12.286+0000] {processor.py:925} INFO - DAG(s) 'read_dataset_event_from_classic', 'read_dataset_event' retrieved from /home/airflow/.local/lib/python3.12/site-packages/airflow/example_dags/example_inlet_event_extra.py
[2025-07-28T15:54:12.299+0000] {logging_mixin.py:190} INFO - [2025-07-28T15:54:12.299+0000] {dag.py:3229} INFO - Sync 2 DAGs
[2025-07-28T15:54:12.311+0000] {logging_mixin.py:190} INFO - [2025-07-28T15:54:12.311+0000] {dag.py:4156} INFO - Setting next_dagrun for read_dataset_event to 2025-07-27 00:00:00+00:00, run_after=2025-07-28 00:00:00+00:00
[2025-07-28T15:54:12.313+0000] {logging_mixin.py:190} INFO - [2025-07-28T15:54:12.313+0000] {dag.py:4156} INFO - Setting next_dagrun for read_dataset_event_from_classic to 2025-07-27 00:00:00+00:00, run_after=2025-07-28 00:00:00+00:00
[2025-07-28T15:54:12.321+0000] {processor.py:208} INFO - Processing /home/airflow/.local/lib/python3.12/site-packages/airflow/example_dags/example_inlet_event_extra.py took 0.132 seconds
[2025-07-28T15:54:43.061+0000] {processor.py:186} INFO - Started process (PID=1532) to work on /home/airflow/.local/lib/python3.12/site-packages/airflow/example_dags/example_inlet_event_extra.py
[2025-07-28T15:54:43.062+0000] {processor.py:914} INFO - Processing file /home/airflow/.local/lib/python3.12/site-packages/airflow/example_dags/example_inlet_event_extra.py for tasks to queue
[2025-07-28T15:54:43.064+0000] {logging_mixin.py:190} INFO - [2025-07-28T15:54:43.064+0000] {dagbag.py:587} INFO - Filling up the DagBag from /home/airflow/.local/lib/python3.12/site-packages/airflow/example_dags/example_inlet_event_extra.py
[2025-07-28T15:54:43.166+0000] {processor.py:925} INFO - DAG(s) 'read_dataset_event_from_classic', 'read_dataset_event' retrieved from /home/airflow/.local/lib/python3.12/site-packages/airflow/example_dags/example_inlet_event_extra.py
[2025-07-28T15:54:43.185+0000] {logging_mixin.py:190} INFO - [2025-07-28T15:54:43.185+0000] {dag.py:3229} INFO - Sync 2 DAGs
[2025-07-28T15:54:43.198+0000] {logging_mixin.py:190} INFO - [2025-07-28T15:54:43.198+0000] {dag.py:4156} INFO - Setting next_dagrun for read_dataset_event to 2025-07-27 00:00:00+00:00, run_after=2025-07-28 00:00:00+00:00
[2025-07-28T15:54:43.201+0000] {logging_mixin.py:190} INFO - [2025-07-28T15:54:43.201+0000] {dag.py:4156} INFO - Setting next_dagrun for read_dataset_event_from_classic to 2025-07-27 00:00:00+00:00, run_after=2025-07-28 00:00:00+00:00
[2025-07-28T15:54:43.208+0000] {processor.py:208} INFO - Processing /home/airflow/.local/lib/python3.12/site-packages/airflow/example_dags/example_inlet_event_extra.py took 0.155 seconds
[2025-07-28T15:55:13.827+0000] {processor.py:186} INFO - Started process (PID=1595) to work on /home/airflow/.local/lib/python3.12/site-packages/airflow/example_dags/example_inlet_event_extra.py
[2025-07-28T15:55:13.832+0000] {processor.py:914} INFO - Processing file /home/airflow/.local/lib/python3.12/site-packages/airflow/example_dags/example_inlet_event_extra.py for tasks to queue
[2025-07-28T15:55:13.840+0000] {logging_mixin.py:190} INFO - [2025-07-28T15:55:13.839+0000] {dagbag.py:587} INFO - Filling up the DagBag from /home/airflow/.local/lib/python3.12/site-packages/airflow/example_dags/example_inlet_event_extra.py
[2025-07-28T15:55:14.034+0000] {processor.py:925} INFO - DAG(s) 'read_dataset_event', 'read_dataset_event_from_classic' retrieved from /home/airflow/.local/lib/python3.12/site-packages/airflow/example_dags/example_inlet_event_extra.py
[2025-07-28T15:55:14.051+0000] {logging_mixin.py:190} INFO - [2025-07-28T15:55:14.051+0000] {dag.py:3229} INFO - Sync 2 DAGs
[2025-07-28T15:55:14.067+0000] {logging_mixin.py:190} INFO - [2025-07-28T15:55:14.067+0000] {dag.py:4156} INFO - Setting next_dagrun for read_dataset_event to 2025-07-27 00:00:00+00:00, run_after=2025-07-28 00:00:00+00:00
[2025-07-28T15:55:14.069+0000] {logging_mixin.py:190} INFO - [2025-07-28T15:55:14.069+0000] {dag.py:4156} INFO - Setting next_dagrun for read_dataset_event_from_classic to 2025-07-27 00:00:00+00:00, run_after=2025-07-28 00:00:00+00:00
[2025-07-28T15:55:14.075+0000] {processor.py:208} INFO - Processing /home/airflow/.local/lib/python3.12/site-packages/airflow/example_dags/example_inlet_event_extra.py took 0.258 seconds
[2025-07-28T15:55:44.823+0000] {processor.py:186} INFO - Started process (PID=1658) to work on /home/airflow/.local/lib/python3.12/site-packages/airflow/example_dags/example_inlet_event_extra.py
[2025-07-28T15:55:44.825+0000] {processor.py:914} INFO - Processing file /home/airflow/.local/lib/python3.12/site-packages/airflow/example_dags/example_inlet_event_extra.py for tasks to queue
[2025-07-28T15:55:44.833+0000] {logging_mixin.py:190} INFO - [2025-07-28T15:55:44.832+0000] {dagbag.py:587} INFO - Filling up the DagBag from /home/airflow/.local/lib/python3.12/site-packages/airflow/example_dags/example_inlet_event_extra.py
[2025-07-28T15:55:44.991+0000] {processor.py:925} INFO - DAG(s) 'read_dataset_event', 'read_dataset_event_from_classic' retrieved from /home/airflow/.local/lib/python3.12/site-packages/airflow/example_dags/example_inlet_event_extra.py
[2025-07-28T15:55:45.008+0000] {logging_mixin.py:190} INFO - [2025-07-28T15:55:45.008+0000] {dag.py:3229} INFO - Sync 2 DAGs
[2025-07-28T15:55:45.024+0000] {logging_mixin.py:190} INFO - [2025-07-28T15:55:45.024+0000] {dag.py:4156} INFO - Setting next_dagrun for read_dataset_event to 2025-07-27 00:00:00+00:00, run_after=2025-07-28 00:00:00+00:00
[2025-07-28T15:55:45.026+0000] {logging_mixin.py:190} INFO - [2025-07-28T15:55:45.026+0000] {dag.py:4156} INFO - Setting next_dagrun for read_dataset_event_from_classic to 2025-07-27 00:00:00+00:00, run_after=2025-07-28 00:00:00+00:00
[2025-07-28T15:55:45.033+0000] {processor.py:208} INFO - Processing /home/airflow/.local/lib/python3.12/site-packages/airflow/example_dags/example_inlet_event_extra.py took 0.221 seconds
[2025-07-28T15:56:32.560+0000] {processor.py:186} INFO - Started process (PID=1728) to work on /home/airflow/.local/lib/python3.12/site-packages/airflow/example_dags/example_inlet_event_extra.py
[2025-07-28T15:56:32.561+0000] {processor.py:914} INFO - Processing file /home/airflow/.local/lib/python3.12/site-packages/airflow/example_dags/example_inlet_event_extra.py for tasks to queue
[2025-07-28T15:56:32.564+0000] {logging_mixin.py:190} INFO - [2025-07-28T15:56:32.563+0000] {dagbag.py:587} INFO - Filling up the DagBag from /home/airflow/.local/lib/python3.12/site-packages/airflow/example_dags/example_inlet_event_extra.py
[2025-07-28T15:56:32.824+0000] {processor.py:925} INFO - DAG(s) 'read_dataset_event', 'read_dataset_event_from_classic' retrieved from /home/airflow/.local/lib/python3.12/site-packages/airflow/example_dags/example_inlet_event_extra.py
[2025-07-28T15:56:32.977+0000] {logging_mixin.py:190} INFO - [2025-07-28T15:56:32.968+0000] {dag.py:3229} INFO - Sync 2 DAGs
[2025-07-28T15:56:33.065+0000] {logging_mixin.py:190} INFO - [2025-07-28T15:56:33.065+0000] {dag.py:4156} INFO - Setting next_dagrun for read_dataset_event to 2025-07-27 00:00:00+00:00, run_after=2025-07-28 00:00:00+00:00
[2025-07-28T15:56:33.075+0000] {logging_mixin.py:190} INFO - [2025-07-28T15:56:33.075+0000] {dag.py:4156} INFO - Setting next_dagrun for read_dataset_event_from_classic to 2025-07-27 00:00:00+00:00, run_after=2025-07-28 00:00:00+00:00
[2025-07-28T15:56:33.140+0000] {processor.py:208} INFO - Processing /home/airflow/.local/lib/python3.12/site-packages/airflow/example_dags/example_inlet_event_extra.py took 0.583 seconds
[2025-07-28T15:57:03.692+0000] {processor.py:186} INFO - Started process (PID=1791) to work on /home/airflow/.local/lib/python3.12/site-packages/airflow/example_dags/example_inlet_event_extra.py
[2025-07-28T15:57:03.693+0000] {processor.py:914} INFO - Processing file /home/airflow/.local/lib/python3.12/site-packages/airflow/example_dags/example_inlet_event_extra.py for tasks to queue
[2025-07-28T15:57:03.696+0000] {logging_mixin.py:190} INFO - [2025-07-28T15:57:03.696+0000] {dagbag.py:587} INFO - Filling up the DagBag from /home/airflow/.local/lib/python3.12/site-packages/airflow/example_dags/example_inlet_event_extra.py
[2025-07-28T15:57:03.848+0000] {processor.py:925} INFO - DAG(s) 'read_dataset_event_from_classic', 'read_dataset_event' retrieved from /home/airflow/.local/lib/python3.12/site-packages/airflow/example_dags/example_inlet_event_extra.py
[2025-07-28T15:57:03.861+0000] {logging_mixin.py:190} INFO - [2025-07-28T15:57:03.861+0000] {dag.py:3229} INFO - Sync 2 DAGs
[2025-07-28T15:57:03.873+0000] {logging_mixin.py:190} INFO - [2025-07-28T15:57:03.873+0000] {dag.py:4156} INFO - Setting next_dagrun for read_dataset_event to 2025-07-27 00:00:00+00:00, run_after=2025-07-28 00:00:00+00:00
[2025-07-28T15:57:03.876+0000] {logging_mixin.py:190} INFO - [2025-07-28T15:57:03.876+0000] {dag.py:4156} INFO - Setting next_dagrun for read_dataset_event_from_classic to 2025-07-27 00:00:00+00:00, run_after=2025-07-28 00:00:00+00:00
[2025-07-28T15:57:03.889+0000] {processor.py:208} INFO - Processing /home/airflow/.local/lib/python3.12/site-packages/airflow/example_dags/example_inlet_event_extra.py took 0.201 seconds
[2025-07-28T15:57:35.048+0000] {processor.py:186} INFO - Started process (PID=1853) to work on /home/airflow/.local/lib/python3.12/site-packages/airflow/example_dags/example_inlet_event_extra.py
[2025-07-28T15:57:35.050+0000] {processor.py:914} INFO - Processing file /home/airflow/.local/lib/python3.12/site-packages/airflow/example_dags/example_inlet_event_extra.py for tasks to queue
[2025-07-28T15:57:35.055+0000] {logging_mixin.py:190} INFO - [2025-07-28T15:57:35.054+0000] {dagbag.py:587} INFO - Filling up the DagBag from /home/airflow/.local/lib/python3.12/site-packages/airflow/example_dags/example_inlet_event_extra.py
[2025-07-28T15:57:35.339+0000] {processor.py:925} INFO - DAG(s) 'read_dataset_event', 'read_dataset_event_from_classic' retrieved from /home/airflow/.local/lib/python3.12/site-packages/airflow/example_dags/example_inlet_event_extra.py
[2025-07-28T15:57:35.394+0000] {logging_mixin.py:190} INFO - [2025-07-28T15:57:35.394+0000] {dag.py:3229} INFO - Sync 2 DAGs
[2025-07-28T15:57:35.448+0000] {logging_mixin.py:190} INFO - [2025-07-28T15:57:35.447+0000] {dag.py:4156} INFO - Setting next_dagrun for read_dataset_event to 2025-07-27 00:00:00+00:00, run_after=2025-07-28 00:00:00+00:00
[2025-07-28T15:57:35.456+0000] {logging_mixin.py:190} INFO - [2025-07-28T15:57:35.456+0000] {dag.py:4156} INFO - Setting next_dagrun for read_dataset_event_from_classic to 2025-07-27 00:00:00+00:00, run_after=2025-07-28 00:00:00+00:00
[2025-07-28T15:57:35.808+0000] {processor.py:208} INFO - Processing /home/airflow/.local/lib/python3.12/site-packages/airflow/example_dags/example_inlet_event_extra.py took 0.772 seconds
[2025-07-28T15:58:06.770+0000] {processor.py:186} INFO - Started process (PID=1918) to work on /home/airflow/.local/lib/python3.12/site-packages/airflow/example_dags/example_inlet_event_extra.py
[2025-07-28T15:58:06.771+0000] {processor.py:914} INFO - Processing file /home/airflow/.local/lib/python3.12/site-packages/airflow/example_dags/example_inlet_event_extra.py for tasks to queue
[2025-07-28T15:58:06.775+0000] {logging_mixin.py:190} INFO - [2025-07-28T15:58:06.774+0000] {dagbag.py:587} INFO - Filling up the DagBag from /home/airflow/.local/lib/python3.12/site-packages/airflow/example_dags/example_inlet_event_extra.py
[2025-07-28T15:58:06.893+0000] {processor.py:925} INFO - DAG(s) 'read_dataset_event', 'read_dataset_event_from_classic' retrieved from /home/airflow/.local/lib/python3.12/site-packages/airflow/example_dags/example_inlet_event_extra.py
[2025-07-28T15:58:06.921+0000] {logging_mixin.py:190} INFO - [2025-07-28T15:58:06.920+0000] {dag.py:3229} INFO - Sync 2 DAGs
[2025-07-28T15:58:06.949+0000] {logging_mixin.py:190} INFO - [2025-07-28T15:58:06.949+0000] {dag.py:4156} INFO - Setting next_dagrun for read_dataset_event to 2025-07-27 00:00:00+00:00, run_after=2025-07-28 00:00:00+00:00
[2025-07-28T15:58:06.953+0000] {logging_mixin.py:190} INFO - [2025-07-28T15:58:06.952+0000] {dag.py:4156} INFO - Setting next_dagrun for read_dataset_event_from_classic to 2025-07-27 00:00:00+00:00, run_after=2025-07-28 00:00:00+00:00
[2025-07-28T15:58:06.963+0000] {processor.py:208} INFO - Processing /home/airflow/.local/lib/python3.12/site-packages/airflow/example_dags/example_inlet_event_extra.py took 0.203 seconds
[2025-07-28T15:58:37.310+0000] {processor.py:186} INFO - Started process (PID=1981) to work on /home/airflow/.local/lib/python3.12/site-packages/airflow/example_dags/example_inlet_event_extra.py
[2025-07-28T15:58:37.312+0000] {processor.py:914} INFO - Processing file /home/airflow/.local/lib/python3.12/site-packages/airflow/example_dags/example_inlet_event_extra.py for tasks to queue
[2025-07-28T15:58:37.327+0000] {logging_mixin.py:190} INFO - [2025-07-28T15:58:37.322+0000] {dagbag.py:587} INFO - Filling up the DagBag from /home/airflow/.local/lib/python3.12/site-packages/airflow/example_dags/example_inlet_event_extra.py
[2025-07-28T15:58:37.576+0000] {processor.py:925} INFO - DAG(s) 'read_dataset_event_from_classic', 'read_dataset_event' retrieved from /home/airflow/.local/lib/python3.12/site-packages/airflow/example_dags/example_inlet_event_extra.py
[2025-07-28T15:58:37.595+0000] {logging_mixin.py:190} INFO - [2025-07-28T15:58:37.595+0000] {dag.py:3229} INFO - Sync 2 DAGs
[2025-07-28T15:58:37.611+0000] {logging_mixin.py:190} INFO - [2025-07-28T15:58:37.611+0000] {dag.py:4156} INFO - Setting next_dagrun for read_dataset_event to 2025-07-27 00:00:00+00:00, run_after=2025-07-28 00:00:00+00:00
[2025-07-28T15:58:37.615+0000] {logging_mixin.py:190} INFO - [2025-07-28T15:58:37.615+0000] {dag.py:4156} INFO - Setting next_dagrun for read_dataset_event_from_classic to 2025-07-27 00:00:00+00:00, run_after=2025-07-28 00:00:00+00:00
[2025-07-28T15:58:37.625+0000] {processor.py:208} INFO - Processing /home/airflow/.local/lib/python3.12/site-packages/airflow/example_dags/example_inlet_event_extra.py took 0.337 seconds
[2025-07-28T15:59:07.707+0000] {processor.py:186} INFO - Started process (PID=2043) to work on /home/airflow/.local/lib/python3.12/site-packages/airflow/example_dags/example_inlet_event_extra.py
[2025-07-28T15:59:07.709+0000] {processor.py:914} INFO - Processing file /home/airflow/.local/lib/python3.12/site-packages/airflow/example_dags/example_inlet_event_extra.py for tasks to queue
[2025-07-28T15:59:07.718+0000] {logging_mixin.py:190} INFO - [2025-07-28T15:59:07.718+0000] {dagbag.py:587} INFO - Filling up the DagBag from /home/airflow/.local/lib/python3.12/site-packages/airflow/example_dags/example_inlet_event_extra.py
[2025-07-28T15:59:07.963+0000] {processor.py:925} INFO - DAG(s) 'read_dataset_event', 'read_dataset_event_from_classic' retrieved from /home/airflow/.local/lib/python3.12/site-packages/airflow/example_dags/example_inlet_event_extra.py
[2025-07-28T15:59:08.586+0000] {logging_mixin.py:190} INFO - [2025-07-28T15:59:08.586+0000] {dag.py:3229} INFO - Sync 2 DAGs
[2025-07-28T15:59:08.608+0000] {logging_mixin.py:190} INFO - [2025-07-28T15:59:08.608+0000] {dag.py:4156} INFO - Setting next_dagrun for read_dataset_event to 2025-07-27 00:00:00+00:00, run_after=2025-07-28 00:00:00+00:00
[2025-07-28T15:59:08.611+0000] {logging_mixin.py:190} INFO - [2025-07-28T15:59:08.611+0000] {dag.py:4156} INFO - Setting next_dagrun for read_dataset_event_from_classic to 2025-07-27 00:00:00+00:00, run_after=2025-07-28 00:00:00+00:00
[2025-07-28T15:59:08.618+0000] {processor.py:208} INFO - Processing /home/airflow/.local/lib/python3.12/site-packages/airflow/example_dags/example_inlet_event_extra.py took 0.935 seconds
[2025-07-28T15:59:39.331+0000] {processor.py:186} INFO - Started process (PID=2109) to work on /home/airflow/.local/lib/python3.12/site-packages/airflow/example_dags/example_inlet_event_extra.py
[2025-07-28T15:59:39.332+0000] {processor.py:914} INFO - Processing file /home/airflow/.local/lib/python3.12/site-packages/airflow/example_dags/example_inlet_event_extra.py for tasks to queue
[2025-07-28T15:59:39.334+0000] {logging_mixin.py:190} INFO - [2025-07-28T15:59:39.334+0000] {dagbag.py:587} INFO - Filling up the DagBag from /home/airflow/.local/lib/python3.12/site-packages/airflow/example_dags/example_inlet_event_extra.py
[2025-07-28T15:59:39.475+0000] {processor.py:925} INFO - DAG(s) 'read_dataset_event_from_classic', 'read_dataset_event' retrieved from /home/airflow/.local/lib/python3.12/site-packages/airflow/example_dags/example_inlet_event_extra.py
[2025-07-28T15:59:39.703+0000] {logging_mixin.py:190} INFO - [2025-07-28T15:59:39.703+0000] {dag.py:3229} INFO - Sync 2 DAGs
[2025-07-28T15:59:39.715+0000] {logging_mixin.py:190} INFO - [2025-07-28T15:59:39.715+0000] {dag.py:4156} INFO - Setting next_dagrun for read_dataset_event to 2025-07-27 00:00:00+00:00, run_after=2025-07-28 00:00:00+00:00
[2025-07-28T15:59:39.717+0000] {logging_mixin.py:190} INFO - [2025-07-28T15:59:39.717+0000] {dag.py:4156} INFO - Setting next_dagrun for read_dataset_event_from_classic to 2025-07-27 00:00:00+00:00, run_after=2025-07-28 00:00:00+00:00
[2025-07-28T15:59:39.724+0000] {processor.py:208} INFO - Processing /home/airflow/.local/lib/python3.12/site-packages/airflow/example_dags/example_inlet_event_extra.py took 0.401 seconds
[2025-07-28T16:00:10.840+0000] {processor.py:186} INFO - Started process (PID=2175) to work on /home/airflow/.local/lib/python3.12/site-packages/airflow/example_dags/example_inlet_event_extra.py
[2025-07-28T16:00:10.841+0000] {processor.py:914} INFO - Processing file /home/airflow/.local/lib/python3.12/site-packages/airflow/example_dags/example_inlet_event_extra.py for tasks to queue
[2025-07-28T16:00:10.842+0000] {logging_mixin.py:190} INFO - [2025-07-28T16:00:10.842+0000] {dagbag.py:587} INFO - Filling up the DagBag from /home/airflow/.local/lib/python3.12/site-packages/airflow/example_dags/example_inlet_event_extra.py
[2025-07-28T16:00:10.926+0000] {processor.py:925} INFO - DAG(s) 'read_dataset_event', 'read_dataset_event_from_classic' retrieved from /home/airflow/.local/lib/python3.12/site-packages/airflow/example_dags/example_inlet_event_extra.py
[2025-07-28T16:00:11.085+0000] {logging_mixin.py:190} INFO - [2025-07-28T16:00:11.085+0000] {dag.py:3229} INFO - Sync 2 DAGs
[2025-07-28T16:00:11.094+0000] {logging_mixin.py:190} INFO - [2025-07-28T16:00:11.094+0000] {dag.py:4156} INFO - Setting next_dagrun for read_dataset_event to 2025-07-27 00:00:00+00:00, run_after=2025-07-28 00:00:00+00:00
[2025-07-28T16:00:11.096+0000] {logging_mixin.py:190} INFO - [2025-07-28T16:00:11.096+0000] {dag.py:4156} INFO - Setting next_dagrun for read_dataset_event_from_classic to 2025-07-27 00:00:00+00:00, run_after=2025-07-28 00:00:00+00:00
[2025-07-28T16:00:11.102+0000] {processor.py:208} INFO - Processing /home/airflow/.local/lib/python3.12/site-packages/airflow/example_dags/example_inlet_event_extra.py took 0.264 seconds
[2025-07-28T16:00:41.981+0000] {processor.py:186} INFO - Started process (PID=2240) to work on /home/airflow/.local/lib/python3.12/site-packages/airflow/example_dags/example_inlet_event_extra.py
[2025-07-28T16:00:41.984+0000] {processor.py:914} INFO - Processing file /home/airflow/.local/lib/python3.12/site-packages/airflow/example_dags/example_inlet_event_extra.py for tasks to queue
[2025-07-28T16:00:41.987+0000] {logging_mixin.py:190} INFO - [2025-07-28T16:00:41.986+0000] {dagbag.py:587} INFO - Filling up the DagBag from /home/airflow/.local/lib/python3.12/site-packages/airflow/example_dags/example_inlet_event_extra.py
[2025-07-28T16:00:42.119+0000] {processor.py:925} INFO - DAG(s) 'read_dataset_event', 'read_dataset_event_from_classic' retrieved from /home/airflow/.local/lib/python3.12/site-packages/airflow/example_dags/example_inlet_event_extra.py
[2025-07-28T16:00:42.373+0000] {logging_mixin.py:190} INFO - [2025-07-28T16:00:42.373+0000] {dag.py:3229} INFO - Sync 2 DAGs
[2025-07-28T16:00:42.385+0000] {logging_mixin.py:190} INFO - [2025-07-28T16:00:42.385+0000] {dag.py:4156} INFO - Setting next_dagrun for read_dataset_event to 2025-07-27 00:00:00+00:00, run_after=2025-07-28 00:00:00+00:00
[2025-07-28T16:00:42.387+0000] {logging_mixin.py:190} INFO - [2025-07-28T16:00:42.387+0000] {dag.py:4156} INFO - Setting next_dagrun for read_dataset_event_from_classic to 2025-07-27 00:00:00+00:00, run_after=2025-07-28 00:00:00+00:00
[2025-07-28T16:00:42.395+0000] {processor.py:208} INFO - Processing /home/airflow/.local/lib/python3.12/site-packages/airflow/example_dags/example_inlet_event_extra.py took 0.417 seconds
