[2025-07-28T15:42:46.126+0000] {processor.py:186} INFO - Started process (PID=53) to work on /home/airflow/.local/lib/python3.12/site-packages/airflow/example_dags/example_external_task_marker_dag.py
[2025-07-28T15:42:46.132+0000] {processor.py:914} INFO - Processing file /home/airflow/.local/lib/python3.12/site-packages/airflow/example_dags/example_external_task_marker_dag.py for tasks to queue
[2025-07-28T15:42:46.162+0000] {logging_mixin.py:190} INFO - [2025-07-28T15:42:46.160+0000] {dagbag.py:587} INFO - Filling up the DagBag from /home/airflow/.local/lib/python3.12/site-packages/airflow/example_dags/example_external_task_marker_dag.py
[2025-07-28T15:42:46.294+0000] {processor.py:925} INFO - DAG(s) 'example_external_task_marker_parent', 'example_external_task_marker_child' retrieved from /home/airflow/.local/lib/python3.12/site-packages/airflow/example_dags/example_external_task_marker_dag.py
[2025-07-28T15:42:46.649+0000] {logging_mixin.py:190} INFO - [2025-07-28T15:42:46.648+0000] {override.py:1900} INFO - Created Permission View: can edit on DAG:example_external_task_marker_parent
[2025-07-28T15:42:46.659+0000] {logging_mixin.py:190} INFO - [2025-07-28T15:42:46.659+0000] {override.py:1900} INFO - Created Permission View: can read on DAG:example_external_task_marker_parent
[2025-07-28T15:42:46.663+0000] {logging_mixin.py:190} INFO - [2025-07-28T15:42:46.663+0000] {override.py:1900} INFO - Created Permission View: can delete on DAG:example_external_task_marker_parent
[2025-07-28T15:42:46.668+0000] {logging_mixin.py:190} INFO - [2025-07-28T15:42:46.667+0000] {override.py:1900} INFO - Created Permission View: can read on DAG Run:example_external_task_marker_parent
[2025-07-28T15:42:46.672+0000] {logging_mixin.py:190} INFO - [2025-07-28T15:42:46.672+0000] {override.py:1900} INFO - Created Permission View: can delete on DAG Run:example_external_task_marker_parent
[2025-07-28T15:42:46.681+0000] {logging_mixin.py:190} INFO - [2025-07-28T15:42:46.681+0000] {override.py:1900} INFO - Created Permission View: can create on DAG Run:example_external_task_marker_parent
[2025-07-28T15:42:46.689+0000] {logging_mixin.py:190} INFO - [2025-07-28T15:42:46.688+0000] {override.py:1900} INFO - Created Permission View: menu access on DAG Run:example_external_task_marker_parent
[2025-07-28T15:42:46.708+0000] {logging_mixin.py:190} INFO - [2025-07-28T15:42:46.707+0000] {override.py:1900} INFO - Created Permission View: can edit on DAG:example_external_task_marker_child
[2025-07-28T15:42:46.713+0000] {logging_mixin.py:190} INFO - [2025-07-28T15:42:46.713+0000] {override.py:1900} INFO - Created Permission View: can read on DAG:example_external_task_marker_child
[2025-07-28T15:42:46.719+0000] {logging_mixin.py:190} INFO - [2025-07-28T15:42:46.719+0000] {override.py:1900} INFO - Created Permission View: can delete on DAG:example_external_task_marker_child
[2025-07-28T15:42:46.732+0000] {logging_mixin.py:190} INFO - [2025-07-28T15:42:46.732+0000] {override.py:1900} INFO - Created Permission View: can read on DAG Run:example_external_task_marker_child
[2025-07-28T15:42:46.755+0000] {logging_mixin.py:190} INFO - [2025-07-28T15:42:46.754+0000] {override.py:1900} INFO - Created Permission View: can delete on DAG Run:example_external_task_marker_child
[2025-07-28T15:42:46.761+0000] {logging_mixin.py:190} INFO - [2025-07-28T15:42:46.761+0000] {override.py:1900} INFO - Created Permission View: can create on DAG Run:example_external_task_marker_child
[2025-07-28T15:42:46.765+0000] {logging_mixin.py:190} INFO - [2025-07-28T15:42:46.765+0000] {override.py:1900} INFO - Created Permission View: menu access on DAG Run:example_external_task_marker_child
[2025-07-28T15:42:46.766+0000] {logging_mixin.py:190} INFO - [2025-07-28T15:42:46.765+0000] {dag.py:3229} INFO - Sync 2 DAGs
[2025-07-28T15:42:46.791+0000] {logging_mixin.py:190} INFO - [2025-07-28T15:42:46.790+0000] {dag.py:3252} INFO - Creating ORM DAG for example_external_task_marker_child
[2025-07-28T15:42:46.793+0000] {logging_mixin.py:190} INFO - [2025-07-28T15:42:46.793+0000] {dag.py:3252} INFO - Creating ORM DAG for example_external_task_marker_parent
[2025-07-28T15:42:46.795+0000] {logging_mixin.py:190} INFO - [2025-07-28T15:42:46.795+0000] {dag.py:4156} INFO - Setting next_dagrun for example_external_task_marker_child to None, run_after=None
[2025-07-28T15:42:46.796+0000] {logging_mixin.py:190} INFO - [2025-07-28T15:42:46.796+0000] {dag.py:4156} INFO - Setting next_dagrun for example_external_task_marker_parent to None, run_after=None
[2025-07-28T15:42:46.856+0000] {processor.py:208} INFO - Processing /home/airflow/.local/lib/python3.12/site-packages/airflow/example_dags/example_external_task_marker_dag.py took 0.788 seconds
[2025-07-28T15:43:17.461+0000] {processor.py:186} INFO - Started process (PID=114) to work on /home/airflow/.local/lib/python3.12/site-packages/airflow/example_dags/example_external_task_marker_dag.py
[2025-07-28T15:43:17.463+0000] {processor.py:914} INFO - Processing file /home/airflow/.local/lib/python3.12/site-packages/airflow/example_dags/example_external_task_marker_dag.py for tasks to queue
[2025-07-28T15:43:17.473+0000] {logging_mixin.py:190} INFO - [2025-07-28T15:43:17.471+0000] {dagbag.py:587} INFO - Filling up the DagBag from /home/airflow/.local/lib/python3.12/site-packages/airflow/example_dags/example_external_task_marker_dag.py
[2025-07-28T15:43:17.502+0000] {processor.py:925} INFO - DAG(s) 'example_external_task_marker_child', 'example_external_task_marker_parent' retrieved from /home/airflow/.local/lib/python3.12/site-packages/airflow/example_dags/example_external_task_marker_dag.py
[2025-07-28T15:43:17.558+0000] {logging_mixin.py:190} INFO - [2025-07-28T15:43:17.558+0000] {dag.py:3229} INFO - Sync 2 DAGs
[2025-07-28T15:43:17.598+0000] {logging_mixin.py:190} INFO - [2025-07-28T15:43:17.598+0000] {dag.py:4156} INFO - Setting next_dagrun for example_external_task_marker_child to None, run_after=None
[2025-07-28T15:43:17.600+0000] {logging_mixin.py:190} INFO - [2025-07-28T15:43:17.600+0000] {dag.py:4156} INFO - Setting next_dagrun for example_external_task_marker_parent to None, run_after=None
[2025-07-28T15:43:17.613+0000] {processor.py:208} INFO - Processing /home/airflow/.local/lib/python3.12/site-packages/airflow/example_dags/example_external_task_marker_dag.py took 0.174 seconds
[2025-07-28T15:43:48.168+0000] {processor.py:186} INFO - Started process (PID=176) to work on /home/airflow/.local/lib/python3.12/site-packages/airflow/example_dags/example_external_task_marker_dag.py
[2025-07-28T15:43:48.171+0000] {processor.py:914} INFO - Processing file /home/airflow/.local/lib/python3.12/site-packages/airflow/example_dags/example_external_task_marker_dag.py for tasks to queue
[2025-07-28T15:43:48.178+0000] {logging_mixin.py:190} INFO - [2025-07-28T15:43:48.177+0000] {dagbag.py:587} INFO - Filling up the DagBag from /home/airflow/.local/lib/python3.12/site-packages/airflow/example_dags/example_external_task_marker_dag.py
[2025-07-28T15:43:48.196+0000] {processor.py:925} INFO - DAG(s) 'example_external_task_marker_parent', 'example_external_task_marker_child' retrieved from /home/airflow/.local/lib/python3.12/site-packages/airflow/example_dags/example_external_task_marker_dag.py
[2025-07-28T15:43:48.224+0000] {logging_mixin.py:190} INFO - [2025-07-28T15:43:48.224+0000] {dag.py:3229} INFO - Sync 2 DAGs
[2025-07-28T15:43:48.235+0000] {logging_mixin.py:190} INFO - [2025-07-28T15:43:48.235+0000] {dag.py:4156} INFO - Setting next_dagrun for example_external_task_marker_child to None, run_after=None
[2025-07-28T15:43:48.238+0000] {logging_mixin.py:190} INFO - [2025-07-28T15:43:48.238+0000] {dag.py:4156} INFO - Setting next_dagrun for example_external_task_marker_parent to None, run_after=None
[2025-07-28T15:43:48.247+0000] {processor.py:208} INFO - Processing /home/airflow/.local/lib/python3.12/site-packages/airflow/example_dags/example_external_task_marker_dag.py took 0.093 seconds
[2025-07-28T15:44:19.114+0000] {processor.py:186} INFO - Started process (PID=244) to work on /home/airflow/.local/lib/python3.12/site-packages/airflow/example_dags/example_external_task_marker_dag.py
[2025-07-28T15:44:19.115+0000] {processor.py:914} INFO - Processing file /home/airflow/.local/lib/python3.12/site-packages/airflow/example_dags/example_external_task_marker_dag.py for tasks to queue
[2025-07-28T15:44:19.123+0000] {logging_mixin.py:190} INFO - [2025-07-28T15:44:19.120+0000] {dagbag.py:587} INFO - Filling up the DagBag from /home/airflow/.local/lib/python3.12/site-packages/airflow/example_dags/example_external_task_marker_dag.py
[2025-07-28T15:44:19.135+0000] {processor.py:925} INFO - DAG(s) 'example_external_task_marker_parent', 'example_external_task_marker_child' retrieved from /home/airflow/.local/lib/python3.12/site-packages/airflow/example_dags/example_external_task_marker_dag.py
[2025-07-28T15:44:19.157+0000] {logging_mixin.py:190} INFO - [2025-07-28T15:44:19.157+0000] {dag.py:3229} INFO - Sync 2 DAGs
[2025-07-28T15:44:19.171+0000] {logging_mixin.py:190} INFO - [2025-07-28T15:44:19.171+0000] {dag.py:4156} INFO - Setting next_dagrun for example_external_task_marker_child to None, run_after=None
[2025-07-28T15:44:19.173+0000] {logging_mixin.py:190} INFO - [2025-07-28T15:44:19.173+0000] {dag.py:4156} INFO - Setting next_dagrun for example_external_task_marker_parent to None, run_after=None
[2025-07-28T15:44:19.181+0000] {processor.py:208} INFO - Processing /home/airflow/.local/lib/python3.12/site-packages/airflow/example_dags/example_external_task_marker_dag.py took 0.075 seconds
[2025-07-28T15:44:49.413+0000] {processor.py:186} INFO - Started process (PID=306) to work on /home/airflow/.local/lib/python3.12/site-packages/airflow/example_dags/example_external_task_marker_dag.py
[2025-07-28T15:44:49.415+0000] {processor.py:914} INFO - Processing file /home/airflow/.local/lib/python3.12/site-packages/airflow/example_dags/example_external_task_marker_dag.py for tasks to queue
[2025-07-28T15:44:49.420+0000] {logging_mixin.py:190} INFO - [2025-07-28T15:44:49.419+0000] {dagbag.py:587} INFO - Filling up the DagBag from /home/airflow/.local/lib/python3.12/site-packages/airflow/example_dags/example_external_task_marker_dag.py
[2025-07-28T15:44:49.442+0000] {processor.py:925} INFO - DAG(s) 'example_external_task_marker_child', 'example_external_task_marker_parent' retrieved from /home/airflow/.local/lib/python3.12/site-packages/airflow/example_dags/example_external_task_marker_dag.py
[2025-07-28T15:44:49.489+0000] {logging_mixin.py:190} INFO - [2025-07-28T15:44:49.488+0000] {dag.py:3229} INFO - Sync 2 DAGs
[2025-07-28T15:44:49.510+0000] {logging_mixin.py:190} INFO - [2025-07-28T15:44:49.510+0000] {dag.py:4156} INFO - Setting next_dagrun for example_external_task_marker_child to None, run_after=None
[2025-07-28T15:44:49.517+0000] {logging_mixin.py:190} INFO - [2025-07-28T15:44:49.516+0000] {dag.py:4156} INFO - Setting next_dagrun for example_external_task_marker_parent to None, run_after=None
[2025-07-28T15:44:49.571+0000] {processor.py:208} INFO - Processing /home/airflow/.local/lib/python3.12/site-packages/airflow/example_dags/example_external_task_marker_dag.py took 0.173 seconds
[2025-07-28T15:45:20.248+0000] {processor.py:186} INFO - Started process (PID=368) to work on /home/airflow/.local/lib/python3.12/site-packages/airflow/example_dags/example_external_task_marker_dag.py
[2025-07-28T15:45:20.250+0000] {processor.py:914} INFO - Processing file /home/airflow/.local/lib/python3.12/site-packages/airflow/example_dags/example_external_task_marker_dag.py for tasks to queue
[2025-07-28T15:45:20.258+0000] {logging_mixin.py:190} INFO - [2025-07-28T15:45:20.257+0000] {dagbag.py:587} INFO - Filling up the DagBag from /home/airflow/.local/lib/python3.12/site-packages/airflow/example_dags/example_external_task_marker_dag.py
[2025-07-28T15:45:20.282+0000] {processor.py:925} INFO - DAG(s) 'example_external_task_marker_child', 'example_external_task_marker_parent' retrieved from /home/airflow/.local/lib/python3.12/site-packages/airflow/example_dags/example_external_task_marker_dag.py
[2025-07-28T15:45:20.328+0000] {logging_mixin.py:190} INFO - [2025-07-28T15:45:20.328+0000] {dag.py:3229} INFO - Sync 2 DAGs
[2025-07-28T15:45:20.345+0000] {logging_mixin.py:190} INFO - [2025-07-28T15:45:20.345+0000] {dag.py:4156} INFO - Setting next_dagrun for example_external_task_marker_child to None, run_after=None
[2025-07-28T15:45:20.349+0000] {logging_mixin.py:190} INFO - [2025-07-28T15:45:20.349+0000] {dag.py:4156} INFO - Setting next_dagrun for example_external_task_marker_parent to None, run_after=None
[2025-07-28T15:45:20.361+0000] {processor.py:208} INFO - Processing /home/airflow/.local/lib/python3.12/site-packages/airflow/example_dags/example_external_task_marker_dag.py took 0.131 seconds
[2025-07-28T15:45:51.264+0000] {processor.py:186} INFO - Started process (PID=430) to work on /home/airflow/.local/lib/python3.12/site-packages/airflow/example_dags/example_external_task_marker_dag.py
[2025-07-28T15:45:51.267+0000] {processor.py:914} INFO - Processing file /home/airflow/.local/lib/python3.12/site-packages/airflow/example_dags/example_external_task_marker_dag.py for tasks to queue
[2025-07-28T15:45:51.275+0000] {logging_mixin.py:190} INFO - [2025-07-28T15:45:51.274+0000] {dagbag.py:587} INFO - Filling up the DagBag from /home/airflow/.local/lib/python3.12/site-packages/airflow/example_dags/example_external_task_marker_dag.py
[2025-07-28T15:45:51.287+0000] {processor.py:925} INFO - DAG(s) 'example_external_task_marker_parent', 'example_external_task_marker_child' retrieved from /home/airflow/.local/lib/python3.12/site-packages/airflow/example_dags/example_external_task_marker_dag.py
[2025-07-28T15:45:51.318+0000] {logging_mixin.py:190} INFO - [2025-07-28T15:45:51.318+0000] {dag.py:3229} INFO - Sync 2 DAGs
[2025-07-28T15:45:51.335+0000] {logging_mixin.py:190} INFO - [2025-07-28T15:45:51.335+0000] {dag.py:4156} INFO - Setting next_dagrun for example_external_task_marker_child to None, run_after=None
[2025-07-28T15:45:51.338+0000] {logging_mixin.py:190} INFO - [2025-07-28T15:45:51.338+0000] {dag.py:4156} INFO - Setting next_dagrun for example_external_task_marker_parent to None, run_after=None
[2025-07-28T15:45:51.348+0000] {processor.py:208} INFO - Processing /home/airflow/.local/lib/python3.12/site-packages/airflow/example_dags/example_external_task_marker_dag.py took 0.097 seconds
[2025-07-28T15:46:21.853+0000] {processor.py:186} INFO - Started process (PID=492) to work on /home/airflow/.local/lib/python3.12/site-packages/airflow/example_dags/example_external_task_marker_dag.py
[2025-07-28T15:46:21.855+0000] {processor.py:914} INFO - Processing file /home/airflow/.local/lib/python3.12/site-packages/airflow/example_dags/example_external_task_marker_dag.py for tasks to queue
[2025-07-28T15:46:21.860+0000] {logging_mixin.py:190} INFO - [2025-07-28T15:46:21.860+0000] {dagbag.py:587} INFO - Filling up the DagBag from /home/airflow/.local/lib/python3.12/site-packages/airflow/example_dags/example_external_task_marker_dag.py
[2025-07-28T15:46:21.876+0000] {processor.py:925} INFO - DAG(s) 'example_external_task_marker_parent', 'example_external_task_marker_child' retrieved from /home/airflow/.local/lib/python3.12/site-packages/airflow/example_dags/example_external_task_marker_dag.py
[2025-07-28T15:46:21.920+0000] {logging_mixin.py:190} INFO - [2025-07-28T15:46:21.920+0000] {dag.py:3229} INFO - Sync 2 DAGs
[2025-07-28T15:46:21.935+0000] {logging_mixin.py:190} INFO - [2025-07-28T15:46:21.935+0000] {dag.py:4156} INFO - Setting next_dagrun for example_external_task_marker_child to None, run_after=None
[2025-07-28T15:46:21.939+0000] {logging_mixin.py:190} INFO - [2025-07-28T15:46:21.939+0000] {dag.py:4156} INFO - Setting next_dagrun for example_external_task_marker_parent to None, run_after=None
[2025-07-28T15:46:21.949+0000] {processor.py:208} INFO - Processing /home/airflow/.local/lib/python3.12/site-packages/airflow/example_dags/example_external_task_marker_dag.py took 0.112 seconds
[2025-07-28T15:46:52.402+0000] {processor.py:186} INFO - Started process (PID=554) to work on /home/airflow/.local/lib/python3.12/site-packages/airflow/example_dags/example_external_task_marker_dag.py
[2025-07-28T15:46:52.404+0000] {processor.py:914} INFO - Processing file /home/airflow/.local/lib/python3.12/site-packages/airflow/example_dags/example_external_task_marker_dag.py for tasks to queue
[2025-07-28T15:46:52.411+0000] {logging_mixin.py:190} INFO - [2025-07-28T15:46:52.411+0000] {dagbag.py:587} INFO - Filling up the DagBag from /home/airflow/.local/lib/python3.12/site-packages/airflow/example_dags/example_external_task_marker_dag.py
[2025-07-28T15:46:52.427+0000] {processor.py:925} INFO - DAG(s) 'example_external_task_marker_child', 'example_external_task_marker_parent' retrieved from /home/airflow/.local/lib/python3.12/site-packages/airflow/example_dags/example_external_task_marker_dag.py
[2025-07-28T15:46:52.453+0000] {logging_mixin.py:190} INFO - [2025-07-28T15:46:52.453+0000] {dag.py:3229} INFO - Sync 2 DAGs
[2025-07-28T15:46:52.465+0000] {logging_mixin.py:190} INFO - [2025-07-28T15:46:52.465+0000] {dag.py:4156} INFO - Setting next_dagrun for example_external_task_marker_child to None, run_after=None
[2025-07-28T15:46:52.467+0000] {logging_mixin.py:190} INFO - [2025-07-28T15:46:52.467+0000] {dag.py:4156} INFO - Setting next_dagrun for example_external_task_marker_parent to None, run_after=None
[2025-07-28T15:46:52.475+0000] {processor.py:208} INFO - Processing /home/airflow/.local/lib/python3.12/site-packages/airflow/example_dags/example_external_task_marker_dag.py took 0.092 seconds
[2025-07-28T15:47:22.822+0000] {processor.py:186} INFO - Started process (PID=616) to work on /home/airflow/.local/lib/python3.12/site-packages/airflow/example_dags/example_external_task_marker_dag.py
[2025-07-28T15:47:22.825+0000] {processor.py:914} INFO - Processing file /home/airflow/.local/lib/python3.12/site-packages/airflow/example_dags/example_external_task_marker_dag.py for tasks to queue
[2025-07-28T15:47:22.830+0000] {logging_mixin.py:190} INFO - [2025-07-28T15:47:22.830+0000] {dagbag.py:587} INFO - Filling up the DagBag from /home/airflow/.local/lib/python3.12/site-packages/airflow/example_dags/example_external_task_marker_dag.py
[2025-07-28T15:47:22.846+0000] {processor.py:925} INFO - DAG(s) 'example_external_task_marker_parent', 'example_external_task_marker_child' retrieved from /home/airflow/.local/lib/python3.12/site-packages/airflow/example_dags/example_external_task_marker_dag.py
[2025-07-28T15:47:22.882+0000] {logging_mixin.py:190} INFO - [2025-07-28T15:47:22.882+0000] {dag.py:3229} INFO - Sync 2 DAGs
[2025-07-28T15:47:22.894+0000] {logging_mixin.py:190} INFO - [2025-07-28T15:47:22.894+0000] {dag.py:4156} INFO - Setting next_dagrun for example_external_task_marker_child to None, run_after=None
[2025-07-28T15:47:22.897+0000] {logging_mixin.py:190} INFO - [2025-07-28T15:47:22.897+0000] {dag.py:4156} INFO - Setting next_dagrun for example_external_task_marker_parent to None, run_after=None
[2025-07-28T15:47:22.906+0000] {processor.py:208} INFO - Processing /home/airflow/.local/lib/python3.12/site-packages/airflow/example_dags/example_external_task_marker_dag.py took 0.098 seconds
[2025-07-28T15:47:53.721+0000] {processor.py:186} INFO - Started process (PID=678) to work on /home/airflow/.local/lib/python3.12/site-packages/airflow/example_dags/example_external_task_marker_dag.py
[2025-07-28T15:47:53.723+0000] {processor.py:914} INFO - Processing file /home/airflow/.local/lib/python3.12/site-packages/airflow/example_dags/example_external_task_marker_dag.py for tasks to queue
[2025-07-28T15:47:53.730+0000] {logging_mixin.py:190} INFO - [2025-07-28T15:47:53.730+0000] {dagbag.py:587} INFO - Filling up the DagBag from /home/airflow/.local/lib/python3.12/site-packages/airflow/example_dags/example_external_task_marker_dag.py
[2025-07-28T15:47:53.744+0000] {processor.py:925} INFO - DAG(s) 'example_external_task_marker_child', 'example_external_task_marker_parent' retrieved from /home/airflow/.local/lib/python3.12/site-packages/airflow/example_dags/example_external_task_marker_dag.py
[2025-07-28T15:47:53.784+0000] {logging_mixin.py:190} INFO - [2025-07-28T15:47:53.784+0000] {dag.py:3229} INFO - Sync 2 DAGs
[2025-07-28T15:47:53.798+0000] {logging_mixin.py:190} INFO - [2025-07-28T15:47:53.798+0000] {dag.py:4156} INFO - Setting next_dagrun for example_external_task_marker_child to None, run_after=None
[2025-07-28T15:47:53.800+0000] {logging_mixin.py:190} INFO - [2025-07-28T15:47:53.800+0000] {dag.py:4156} INFO - Setting next_dagrun for example_external_task_marker_parent to None, run_after=None
[2025-07-28T15:47:53.812+0000] {processor.py:208} INFO - Processing /home/airflow/.local/lib/python3.12/site-packages/airflow/example_dags/example_external_task_marker_dag.py took 0.108 seconds
[2025-07-28T15:48:23.943+0000] {processor.py:186} INFO - Started process (PID=740) to work on /home/airflow/.local/lib/python3.12/site-packages/airflow/example_dags/example_external_task_marker_dag.py
[2025-07-28T15:48:23.946+0000] {processor.py:914} INFO - Processing file /home/airflow/.local/lib/python3.12/site-packages/airflow/example_dags/example_external_task_marker_dag.py for tasks to queue
[2025-07-28T15:48:23.953+0000] {logging_mixin.py:190} INFO - [2025-07-28T15:48:23.952+0000] {dagbag.py:587} INFO - Filling up the DagBag from /home/airflow/.local/lib/python3.12/site-packages/airflow/example_dags/example_external_task_marker_dag.py
[2025-07-28T15:48:23.970+0000] {processor.py:925} INFO - DAG(s) 'example_external_task_marker_parent', 'example_external_task_marker_child' retrieved from /home/airflow/.local/lib/python3.12/site-packages/airflow/example_dags/example_external_task_marker_dag.py
[2025-07-28T15:48:24.011+0000] {logging_mixin.py:190} INFO - [2025-07-28T15:48:24.011+0000] {dag.py:3229} INFO - Sync 2 DAGs
[2025-07-28T15:48:24.042+0000] {logging_mixin.py:190} INFO - [2025-07-28T15:48:24.042+0000] {dag.py:4156} INFO - Setting next_dagrun for example_external_task_marker_child to None, run_after=None
[2025-07-28T15:48:24.045+0000] {logging_mixin.py:190} INFO - [2025-07-28T15:48:24.045+0000] {dag.py:4156} INFO - Setting next_dagrun for example_external_task_marker_parent to None, run_after=None
[2025-07-28T15:48:24.066+0000] {processor.py:208} INFO - Processing /home/airflow/.local/lib/python3.12/site-packages/airflow/example_dags/example_external_task_marker_dag.py took 0.154 seconds
[2025-07-28T15:48:54.264+0000] {processor.py:186} INFO - Started process (PID=802) to work on /home/airflow/.local/lib/python3.12/site-packages/airflow/example_dags/example_external_task_marker_dag.py
[2025-07-28T15:48:54.267+0000] {processor.py:914} INFO - Processing file /home/airflow/.local/lib/python3.12/site-packages/airflow/example_dags/example_external_task_marker_dag.py for tasks to queue
[2025-07-28T15:48:54.272+0000] {logging_mixin.py:190} INFO - [2025-07-28T15:48:54.272+0000] {dagbag.py:587} INFO - Filling up the DagBag from /home/airflow/.local/lib/python3.12/site-packages/airflow/example_dags/example_external_task_marker_dag.py
[2025-07-28T15:48:54.298+0000] {processor.py:925} INFO - DAG(s) 'example_external_task_marker_child', 'example_external_task_marker_parent' retrieved from /home/airflow/.local/lib/python3.12/site-packages/airflow/example_dags/example_external_task_marker_dag.py
[2025-07-28T15:48:54.335+0000] {logging_mixin.py:190} INFO - [2025-07-28T15:48:54.334+0000] {dag.py:3229} INFO - Sync 2 DAGs
[2025-07-28T15:48:54.352+0000] {logging_mixin.py:190} INFO - [2025-07-28T15:48:54.352+0000] {dag.py:4156} INFO - Setting next_dagrun for example_external_task_marker_child to None, run_after=None
[2025-07-28T15:48:54.354+0000] {logging_mixin.py:190} INFO - [2025-07-28T15:48:54.354+0000] {dag.py:4156} INFO - Setting next_dagrun for example_external_task_marker_parent to None, run_after=None
[2025-07-28T15:48:54.363+0000] {processor.py:208} INFO - Processing /home/airflow/.local/lib/python3.12/site-packages/airflow/example_dags/example_external_task_marker_dag.py took 0.111 seconds
[2025-07-28T15:49:24.869+0000] {processor.py:186} INFO - Started process (PID=864) to work on /home/airflow/.local/lib/python3.12/site-packages/airflow/example_dags/example_external_task_marker_dag.py
[2025-07-28T15:49:24.870+0000] {processor.py:914} INFO - Processing file /home/airflow/.local/lib/python3.12/site-packages/airflow/example_dags/example_external_task_marker_dag.py for tasks to queue
[2025-07-28T15:49:24.881+0000] {logging_mixin.py:190} INFO - [2025-07-28T15:49:24.880+0000] {dagbag.py:587} INFO - Filling up the DagBag from /home/airflow/.local/lib/python3.12/site-packages/airflow/example_dags/example_external_task_marker_dag.py
[2025-07-28T15:49:24.896+0000] {processor.py:925} INFO - DAG(s) 'example_external_task_marker_parent', 'example_external_task_marker_child' retrieved from /home/airflow/.local/lib/python3.12/site-packages/airflow/example_dags/example_external_task_marker_dag.py
[2025-07-28T15:49:24.936+0000] {logging_mixin.py:190} INFO - [2025-07-28T15:49:24.936+0000] {dag.py:3229} INFO - Sync 2 DAGs
[2025-07-28T15:49:24.955+0000] {logging_mixin.py:190} INFO - [2025-07-28T15:49:24.955+0000] {dag.py:4156} INFO - Setting next_dagrun for example_external_task_marker_child to None, run_after=None
[2025-07-28T15:49:24.962+0000] {logging_mixin.py:190} INFO - [2025-07-28T15:49:24.959+0000] {dag.py:4156} INFO - Setting next_dagrun for example_external_task_marker_parent to None, run_after=None
[2025-07-28T15:49:24.981+0000] {processor.py:208} INFO - Processing /home/airflow/.local/lib/python3.12/site-packages/airflow/example_dags/example_external_task_marker_dag.py took 0.133 seconds
[2025-07-28T15:49:55.406+0000] {processor.py:186} INFO - Started process (PID=926) to work on /home/airflow/.local/lib/python3.12/site-packages/airflow/example_dags/example_external_task_marker_dag.py
[2025-07-28T15:49:55.408+0000] {processor.py:914} INFO - Processing file /home/airflow/.local/lib/python3.12/site-packages/airflow/example_dags/example_external_task_marker_dag.py for tasks to queue
[2025-07-28T15:49:55.412+0000] {logging_mixin.py:190} INFO - [2025-07-28T15:49:55.411+0000] {dagbag.py:587} INFO - Filling up the DagBag from /home/airflow/.local/lib/python3.12/site-packages/airflow/example_dags/example_external_task_marker_dag.py
[2025-07-28T15:49:55.427+0000] {processor.py:925} INFO - DAG(s) 'example_external_task_marker_child', 'example_external_task_marker_parent' retrieved from /home/airflow/.local/lib/python3.12/site-packages/airflow/example_dags/example_external_task_marker_dag.py
[2025-07-28T15:49:55.463+0000] {logging_mixin.py:190} INFO - [2025-07-28T15:49:55.463+0000] {dag.py:3229} INFO - Sync 2 DAGs
[2025-07-28T15:49:55.479+0000] {logging_mixin.py:190} INFO - [2025-07-28T15:49:55.479+0000] {dag.py:4156} INFO - Setting next_dagrun for example_external_task_marker_child to None, run_after=None
[2025-07-28T15:49:55.482+0000] {logging_mixin.py:190} INFO - [2025-07-28T15:49:55.482+0000] {dag.py:4156} INFO - Setting next_dagrun for example_external_task_marker_parent to None, run_after=None
[2025-07-28T15:49:55.491+0000] {processor.py:208} INFO - Processing /home/airflow/.local/lib/python3.12/site-packages/airflow/example_dags/example_external_task_marker_dag.py took 0.100 seconds
[2025-07-28T15:50:25.860+0000] {processor.py:186} INFO - Started process (PID=988) to work on /home/airflow/.local/lib/python3.12/site-packages/airflow/example_dags/example_external_task_marker_dag.py
[2025-07-28T15:50:25.863+0000] {processor.py:914} INFO - Processing file /home/airflow/.local/lib/python3.12/site-packages/airflow/example_dags/example_external_task_marker_dag.py for tasks to queue
[2025-07-28T15:50:25.867+0000] {logging_mixin.py:190} INFO - [2025-07-28T15:50:25.866+0000] {dagbag.py:587} INFO - Filling up the DagBag from /home/airflow/.local/lib/python3.12/site-packages/airflow/example_dags/example_external_task_marker_dag.py
[2025-07-28T15:50:25.889+0000] {processor.py:925} INFO - DAG(s) 'example_external_task_marker_child', 'example_external_task_marker_parent' retrieved from /home/airflow/.local/lib/python3.12/site-packages/airflow/example_dags/example_external_task_marker_dag.py
[2025-07-28T15:50:25.934+0000] {logging_mixin.py:190} INFO - [2025-07-28T15:50:25.934+0000] {dag.py:3229} INFO - Sync 2 DAGs
[2025-07-28T15:50:25.952+0000] {logging_mixin.py:190} INFO - [2025-07-28T15:50:25.951+0000] {dag.py:4156} INFO - Setting next_dagrun for example_external_task_marker_child to None, run_after=None
[2025-07-28T15:50:25.957+0000] {logging_mixin.py:190} INFO - [2025-07-28T15:50:25.957+0000] {dag.py:4156} INFO - Setting next_dagrun for example_external_task_marker_parent to None, run_after=None
[2025-07-28T15:50:25.968+0000] {processor.py:208} INFO - Processing /home/airflow/.local/lib/python3.12/site-packages/airflow/example_dags/example_external_task_marker_dag.py took 0.120 seconds
[2025-07-28T15:50:57.036+0000] {processor.py:186} INFO - Started process (PID=1050) to work on /home/airflow/.local/lib/python3.12/site-packages/airflow/example_dags/example_external_task_marker_dag.py
[2025-07-28T15:50:57.038+0000] {processor.py:914} INFO - Processing file /home/airflow/.local/lib/python3.12/site-packages/airflow/example_dags/example_external_task_marker_dag.py for tasks to queue
[2025-07-28T15:50:57.043+0000] {logging_mixin.py:190} INFO - [2025-07-28T15:50:57.042+0000] {dagbag.py:587} INFO - Filling up the DagBag from /home/airflow/.local/lib/python3.12/site-packages/airflow/example_dags/example_external_task_marker_dag.py
[2025-07-28T15:50:57.060+0000] {processor.py:925} INFO - DAG(s) 'example_external_task_marker_parent', 'example_external_task_marker_child' retrieved from /home/airflow/.local/lib/python3.12/site-packages/airflow/example_dags/example_external_task_marker_dag.py
[2025-07-28T15:50:57.097+0000] {logging_mixin.py:190} INFO - [2025-07-28T15:50:57.097+0000] {dag.py:3229} INFO - Sync 2 DAGs
[2025-07-28T15:50:57.110+0000] {logging_mixin.py:190} INFO - [2025-07-28T15:50:57.110+0000] {dag.py:4156} INFO - Setting next_dagrun for example_external_task_marker_child to None, run_after=None
[2025-07-28T15:50:57.112+0000] {logging_mixin.py:190} INFO - [2025-07-28T15:50:57.112+0000] {dag.py:4156} INFO - Setting next_dagrun for example_external_task_marker_parent to None, run_after=None
[2025-07-28T15:50:57.123+0000] {processor.py:208} INFO - Processing /home/airflow/.local/lib/python3.12/site-packages/airflow/example_dags/example_external_task_marker_dag.py took 0.102 seconds
[2025-07-28T15:51:27.606+0000] {processor.py:186} INFO - Started process (PID=1112) to work on /home/airflow/.local/lib/python3.12/site-packages/airflow/example_dags/example_external_task_marker_dag.py
[2025-07-28T15:51:27.609+0000] {processor.py:914} INFO - Processing file /home/airflow/.local/lib/python3.12/site-packages/airflow/example_dags/example_external_task_marker_dag.py for tasks to queue
[2025-07-28T15:51:27.621+0000] {logging_mixin.py:190} INFO - [2025-07-28T15:51:27.620+0000] {dagbag.py:587} INFO - Filling up the DagBag from /home/airflow/.local/lib/python3.12/site-packages/airflow/example_dags/example_external_task_marker_dag.py
[2025-07-28T15:51:27.640+0000] {processor.py:925} INFO - DAG(s) 'example_external_task_marker_parent', 'example_external_task_marker_child' retrieved from /home/airflow/.local/lib/python3.12/site-packages/airflow/example_dags/example_external_task_marker_dag.py
[2025-07-28T15:51:27.682+0000] {logging_mixin.py:190} INFO - [2025-07-28T15:51:27.681+0000] {dag.py:3229} INFO - Sync 2 DAGs
[2025-07-28T15:51:27.709+0000] {logging_mixin.py:190} INFO - [2025-07-28T15:51:27.709+0000] {dag.py:4156} INFO - Setting next_dagrun for example_external_task_marker_child to None, run_after=None
[2025-07-28T15:51:27.711+0000] {logging_mixin.py:190} INFO - [2025-07-28T15:51:27.711+0000] {dag.py:4156} INFO - Setting next_dagrun for example_external_task_marker_parent to None, run_after=None
[2025-07-28T15:51:27.726+0000] {processor.py:208} INFO - Processing /home/airflow/.local/lib/python3.12/site-packages/airflow/example_dags/example_external_task_marker_dag.py took 0.146 seconds
[2025-07-28T15:51:58.063+0000] {processor.py:186} INFO - Started process (PID=1174) to work on /home/airflow/.local/lib/python3.12/site-packages/airflow/example_dags/example_external_task_marker_dag.py
[2025-07-28T15:51:58.067+0000] {processor.py:914} INFO - Processing file /home/airflow/.local/lib/python3.12/site-packages/airflow/example_dags/example_external_task_marker_dag.py for tasks to queue
[2025-07-28T15:51:58.072+0000] {logging_mixin.py:190} INFO - [2025-07-28T15:51:58.072+0000] {dagbag.py:587} INFO - Filling up the DagBag from /home/airflow/.local/lib/python3.12/site-packages/airflow/example_dags/example_external_task_marker_dag.py
[2025-07-28T15:51:58.089+0000] {processor.py:925} INFO - DAG(s) 'example_external_task_marker_child', 'example_external_task_marker_parent' retrieved from /home/airflow/.local/lib/python3.12/site-packages/airflow/example_dags/example_external_task_marker_dag.py
[2025-07-28T15:51:58.122+0000] {logging_mixin.py:190} INFO - [2025-07-28T15:51:58.122+0000] {dag.py:3229} INFO - Sync 2 DAGs
[2025-07-28T15:51:58.142+0000] {logging_mixin.py:190} INFO - [2025-07-28T15:51:58.142+0000] {dag.py:4156} INFO - Setting next_dagrun for example_external_task_marker_child to None, run_after=None
[2025-07-28T15:51:58.145+0000] {logging_mixin.py:190} INFO - [2025-07-28T15:51:58.145+0000] {dag.py:4156} INFO - Setting next_dagrun for example_external_task_marker_parent to None, run_after=None
[2025-07-28T15:51:58.155+0000] {processor.py:208} INFO - Processing /home/airflow/.local/lib/python3.12/site-packages/airflow/example_dags/example_external_task_marker_dag.py took 0.105 seconds
[2025-07-28T15:52:28.428+0000] {processor.py:186} INFO - Started process (PID=1236) to work on /home/airflow/.local/lib/python3.12/site-packages/airflow/example_dags/example_external_task_marker_dag.py
[2025-07-28T15:52:28.430+0000] {processor.py:914} INFO - Processing file /home/airflow/.local/lib/python3.12/site-packages/airflow/example_dags/example_external_task_marker_dag.py for tasks to queue
[2025-07-28T15:52:28.441+0000] {logging_mixin.py:190} INFO - [2025-07-28T15:52:28.440+0000] {dagbag.py:587} INFO - Filling up the DagBag from /home/airflow/.local/lib/python3.12/site-packages/airflow/example_dags/example_external_task_marker_dag.py
[2025-07-28T15:52:28.481+0000] {processor.py:925} INFO - DAG(s) 'example_external_task_marker_parent', 'example_external_task_marker_child' retrieved from /home/airflow/.local/lib/python3.12/site-packages/airflow/example_dags/example_external_task_marker_dag.py
[2025-07-28T15:52:28.546+0000] {logging_mixin.py:190} INFO - [2025-07-28T15:52:28.545+0000] {dag.py:3229} INFO - Sync 2 DAGs
[2025-07-28T15:52:28.563+0000] {logging_mixin.py:190} INFO - [2025-07-28T15:52:28.562+0000] {dag.py:4156} INFO - Setting next_dagrun for example_external_task_marker_child to None, run_after=None
[2025-07-28T15:52:28.566+0000] {logging_mixin.py:190} INFO - [2025-07-28T15:52:28.566+0000] {dag.py:4156} INFO - Setting next_dagrun for example_external_task_marker_parent to None, run_after=None
[2025-07-28T15:52:28.591+0000] {processor.py:208} INFO - Processing /home/airflow/.local/lib/python3.12/site-packages/airflow/example_dags/example_external_task_marker_dag.py took 0.190 seconds
[2025-07-28T15:52:59.218+0000] {processor.py:186} INFO - Started process (PID=1298) to work on /home/airflow/.local/lib/python3.12/site-packages/airflow/example_dags/example_external_task_marker_dag.py
[2025-07-28T15:52:59.223+0000] {processor.py:914} INFO - Processing file /home/airflow/.local/lib/python3.12/site-packages/airflow/example_dags/example_external_task_marker_dag.py for tasks to queue
[2025-07-28T15:52:59.226+0000] {logging_mixin.py:190} INFO - [2025-07-28T15:52:59.226+0000] {dagbag.py:587} INFO - Filling up the DagBag from /home/airflow/.local/lib/python3.12/site-packages/airflow/example_dags/example_external_task_marker_dag.py
[2025-07-28T15:52:59.248+0000] {processor.py:925} INFO - DAG(s) 'example_external_task_marker_child', 'example_external_task_marker_parent' retrieved from /home/airflow/.local/lib/python3.12/site-packages/airflow/example_dags/example_external_task_marker_dag.py
[2025-07-28T15:52:59.327+0000] {logging_mixin.py:190} INFO - [2025-07-28T15:52:59.326+0000] {dag.py:3229} INFO - Sync 2 DAGs
[2025-07-28T15:52:59.342+0000] {logging_mixin.py:190} INFO - [2025-07-28T15:52:59.342+0000] {dag.py:4156} INFO - Setting next_dagrun for example_external_task_marker_child to None, run_after=None
[2025-07-28T15:52:59.345+0000] {logging_mixin.py:190} INFO - [2025-07-28T15:52:59.345+0000] {dag.py:4156} INFO - Setting next_dagrun for example_external_task_marker_parent to None, run_after=None
[2025-07-28T15:52:59.360+0000] {processor.py:208} INFO - Processing /home/airflow/.local/lib/python3.12/site-packages/airflow/example_dags/example_external_task_marker_dag.py took 0.159 seconds
[2025-07-28T15:53:29.986+0000] {processor.py:186} INFO - Started process (PID=1361) to work on /home/airflow/.local/lib/python3.12/site-packages/airflow/example_dags/example_external_task_marker_dag.py
[2025-07-28T15:53:29.988+0000] {processor.py:914} INFO - Processing file /home/airflow/.local/lib/python3.12/site-packages/airflow/example_dags/example_external_task_marker_dag.py for tasks to queue
[2025-07-28T15:53:29.993+0000] {logging_mixin.py:190} INFO - [2025-07-28T15:53:29.993+0000] {dagbag.py:587} INFO - Filling up the DagBag from /home/airflow/.local/lib/python3.12/site-packages/airflow/example_dags/example_external_task_marker_dag.py
[2025-07-28T15:53:30.014+0000] {processor.py:925} INFO - DAG(s) 'example_external_task_marker_parent', 'example_external_task_marker_child' retrieved from /home/airflow/.local/lib/python3.12/site-packages/airflow/example_dags/example_external_task_marker_dag.py
[2025-07-28T15:53:30.134+0000] {logging_mixin.py:190} INFO - [2025-07-28T15:53:30.134+0000] {dag.py:3229} INFO - Sync 2 DAGs
[2025-07-28T15:53:30.154+0000] {logging_mixin.py:190} INFO - [2025-07-28T15:53:30.154+0000] {dag.py:4156} INFO - Setting next_dagrun for example_external_task_marker_child to None, run_after=None
[2025-07-28T15:53:30.157+0000] {logging_mixin.py:190} INFO - [2025-07-28T15:53:30.157+0000] {dag.py:4156} INFO - Setting next_dagrun for example_external_task_marker_parent to None, run_after=None
[2025-07-28T15:53:30.177+0000] {processor.py:208} INFO - Processing /home/airflow/.local/lib/python3.12/site-packages/airflow/example_dags/example_external_task_marker_dag.py took 0.213 seconds
[2025-07-28T15:54:00.992+0000] {processor.py:186} INFO - Started process (PID=1424) to work on /home/airflow/.local/lib/python3.12/site-packages/airflow/example_dags/example_external_task_marker_dag.py
[2025-07-28T15:54:00.993+0000] {processor.py:914} INFO - Processing file /home/airflow/.local/lib/python3.12/site-packages/airflow/example_dags/example_external_task_marker_dag.py for tasks to queue
[2025-07-28T15:54:01.000+0000] {logging_mixin.py:190} INFO - [2025-07-28T15:54:00.999+0000] {dagbag.py:587} INFO - Filling up the DagBag from /home/airflow/.local/lib/python3.12/site-packages/airflow/example_dags/example_external_task_marker_dag.py
[2025-07-28T15:54:01.027+0000] {processor.py:925} INFO - DAG(s) 'example_external_task_marker_child', 'example_external_task_marker_parent' retrieved from /home/airflow/.local/lib/python3.12/site-packages/airflow/example_dags/example_external_task_marker_dag.py
[2025-07-28T15:54:01.087+0000] {logging_mixin.py:190} INFO - [2025-07-28T15:54:01.087+0000] {dag.py:3229} INFO - Sync 2 DAGs
[2025-07-28T15:54:01.108+0000] {logging_mixin.py:190} INFO - [2025-07-28T15:54:01.108+0000] {dag.py:4156} INFO - Setting next_dagrun for example_external_task_marker_child to None, run_after=None
[2025-07-28T15:54:01.110+0000] {logging_mixin.py:190} INFO - [2025-07-28T15:54:01.110+0000] {dag.py:4156} INFO - Setting next_dagrun for example_external_task_marker_parent to None, run_after=None
[2025-07-28T15:54:01.135+0000] {processor.py:208} INFO - Processing /home/airflow/.local/lib/python3.12/site-packages/airflow/example_dags/example_external_task_marker_dag.py took 0.204 seconds
[2025-07-28T15:54:31.953+0000] {processor.py:186} INFO - Started process (PID=1487) to work on /home/airflow/.local/lib/python3.12/site-packages/airflow/example_dags/example_external_task_marker_dag.py
[2025-07-28T15:54:31.955+0000] {processor.py:914} INFO - Processing file /home/airflow/.local/lib/python3.12/site-packages/airflow/example_dags/example_external_task_marker_dag.py for tasks to queue
[2025-07-28T15:54:31.959+0000] {logging_mixin.py:190} INFO - [2025-07-28T15:54:31.958+0000] {dagbag.py:587} INFO - Filling up the DagBag from /home/airflow/.local/lib/python3.12/site-packages/airflow/example_dags/example_external_task_marker_dag.py
[2025-07-28T15:54:31.979+0000] {processor.py:925} INFO - DAG(s) 'example_external_task_marker_parent', 'example_external_task_marker_child' retrieved from /home/airflow/.local/lib/python3.12/site-packages/airflow/example_dags/example_external_task_marker_dag.py
[2025-07-28T15:54:32.033+0000] {logging_mixin.py:190} INFO - [2025-07-28T15:54:32.033+0000] {dag.py:3229} INFO - Sync 2 DAGs
[2025-07-28T15:54:32.050+0000] {logging_mixin.py:190} INFO - [2025-07-28T15:54:32.050+0000] {dag.py:4156} INFO - Setting next_dagrun for example_external_task_marker_child to None, run_after=None
[2025-07-28T15:54:32.055+0000] {logging_mixin.py:190} INFO - [2025-07-28T15:54:32.055+0000] {dag.py:4156} INFO - Setting next_dagrun for example_external_task_marker_parent to None, run_after=None
[2025-07-28T15:54:32.070+0000] {processor.py:208} INFO - Processing /home/airflow/.local/lib/python3.12/site-packages/airflow/example_dags/example_external_task_marker_dag.py took 0.143 seconds
[2025-07-28T15:55:02.734+0000] {processor.py:186} INFO - Started process (PID=1550) to work on /home/airflow/.local/lib/python3.12/site-packages/airflow/example_dags/example_external_task_marker_dag.py
[2025-07-28T15:55:02.736+0000] {processor.py:914} INFO - Processing file /home/airflow/.local/lib/python3.12/site-packages/airflow/example_dags/example_external_task_marker_dag.py for tasks to queue
[2025-07-28T15:55:02.745+0000] {logging_mixin.py:190} INFO - [2025-07-28T15:55:02.744+0000] {dagbag.py:587} INFO - Filling up the DagBag from /home/airflow/.local/lib/python3.12/site-packages/airflow/example_dags/example_external_task_marker_dag.py
[2025-07-28T15:55:02.783+0000] {processor.py:925} INFO - DAG(s) 'example_external_task_marker_parent', 'example_external_task_marker_child' retrieved from /home/airflow/.local/lib/python3.12/site-packages/airflow/example_dags/example_external_task_marker_dag.py
[2025-07-28T15:55:02.847+0000] {logging_mixin.py:190} INFO - [2025-07-28T15:55:02.847+0000] {dag.py:3229} INFO - Sync 2 DAGs
[2025-07-28T15:55:02.860+0000] {logging_mixin.py:190} INFO - [2025-07-28T15:55:02.859+0000] {dag.py:4156} INFO - Setting next_dagrun for example_external_task_marker_child to None, run_after=None
[2025-07-28T15:55:02.862+0000] {logging_mixin.py:190} INFO - [2025-07-28T15:55:02.862+0000] {dag.py:4156} INFO - Setting next_dagrun for example_external_task_marker_parent to None, run_after=None
[2025-07-28T15:55:02.873+0000] {processor.py:208} INFO - Processing /home/airflow/.local/lib/python3.12/site-packages/airflow/example_dags/example_external_task_marker_dag.py took 0.155 seconds
[2025-07-28T15:55:33.663+0000] {processor.py:186} INFO - Started process (PID=1613) to work on /home/airflow/.local/lib/python3.12/site-packages/airflow/example_dags/example_external_task_marker_dag.py
[2025-07-28T15:55:33.665+0000] {processor.py:914} INFO - Processing file /home/airflow/.local/lib/python3.12/site-packages/airflow/example_dags/example_external_task_marker_dag.py for tasks to queue
[2025-07-28T15:55:33.669+0000] {logging_mixin.py:190} INFO - [2025-07-28T15:55:33.668+0000] {dagbag.py:587} INFO - Filling up the DagBag from /home/airflow/.local/lib/python3.12/site-packages/airflow/example_dags/example_external_task_marker_dag.py
[2025-07-28T15:55:33.684+0000] {processor.py:925} INFO - DAG(s) 'example_external_task_marker_child', 'example_external_task_marker_parent' retrieved from /home/airflow/.local/lib/python3.12/site-packages/airflow/example_dags/example_external_task_marker_dag.py
[2025-07-28T15:55:33.722+0000] {logging_mixin.py:190} INFO - [2025-07-28T15:55:33.722+0000] {dag.py:3229} INFO - Sync 2 DAGs
[2025-07-28T15:55:33.735+0000] {logging_mixin.py:190} INFO - [2025-07-28T15:55:33.735+0000] {dag.py:4156} INFO - Setting next_dagrun for example_external_task_marker_child to None, run_after=None
[2025-07-28T15:55:33.738+0000] {logging_mixin.py:190} INFO - [2025-07-28T15:55:33.738+0000] {dag.py:4156} INFO - Setting next_dagrun for example_external_task_marker_parent to None, run_after=None
[2025-07-28T15:55:33.746+0000] {processor.py:208} INFO - Processing /home/airflow/.local/lib/python3.12/site-packages/airflow/example_dags/example_external_task_marker_dag.py took 0.098 seconds
[2025-07-28T15:56:04.633+0000] {processor.py:186} INFO - Started process (PID=1676) to work on /home/airflow/.local/lib/python3.12/site-packages/airflow/example_dags/example_external_task_marker_dag.py
[2025-07-28T15:56:04.642+0000] {processor.py:914} INFO - Processing file /home/airflow/.local/lib/python3.12/site-packages/airflow/example_dags/example_external_task_marker_dag.py for tasks to queue
[2025-07-28T15:56:04.677+0000] {logging_mixin.py:190} INFO - [2025-07-28T15:56:04.673+0000] {dagbag.py:587} INFO - Filling up the DagBag from /home/airflow/.local/lib/python3.12/site-packages/airflow/example_dags/example_external_task_marker_dag.py
[2025-07-28T15:56:04.768+0000] {processor.py:925} INFO - DAG(s) 'example_external_task_marker_child', 'example_external_task_marker_parent' retrieved from /home/airflow/.local/lib/python3.12/site-packages/airflow/example_dags/example_external_task_marker_dag.py
[2025-07-28T15:56:04.935+0000] {logging_mixin.py:190} INFO - [2025-07-28T15:56:04.935+0000] {dag.py:3229} INFO - Sync 2 DAGs
[2025-07-28T15:56:05.011+0000] {logging_mixin.py:190} INFO - [2025-07-28T15:56:05.011+0000] {dag.py:4156} INFO - Setting next_dagrun for example_external_task_marker_child to None, run_after=None
[2025-07-28T15:56:05.018+0000] {logging_mixin.py:190} INFO - [2025-07-28T15:56:05.018+0000] {dag.py:4156} INFO - Setting next_dagrun for example_external_task_marker_parent to None, run_after=None
[2025-07-28T15:56:05.074+0000] {processor.py:208} INFO - Processing /home/airflow/.local/lib/python3.12/site-packages/airflow/example_dags/example_external_task_marker_dag.py took 0.486 seconds
[2025-07-28T15:56:35.737+0000] {processor.py:186} INFO - Started process (PID=1739) to work on /home/airflow/.local/lib/python3.12/site-packages/airflow/example_dags/example_external_task_marker_dag.py
[2025-07-28T15:56:35.744+0000] {processor.py:914} INFO - Processing file /home/airflow/.local/lib/python3.12/site-packages/airflow/example_dags/example_external_task_marker_dag.py for tasks to queue
[2025-07-28T15:56:35.754+0000] {logging_mixin.py:190} INFO - [2025-07-28T15:56:35.753+0000] {dagbag.py:587} INFO - Filling up the DagBag from /home/airflow/.local/lib/python3.12/site-packages/airflow/example_dags/example_external_task_marker_dag.py
[2025-07-28T15:56:35.784+0000] {processor.py:925} INFO - DAG(s) 'example_external_task_marker_parent', 'example_external_task_marker_child' retrieved from /home/airflow/.local/lib/python3.12/site-packages/airflow/example_dags/example_external_task_marker_dag.py
[2025-07-28T15:56:35.850+0000] {logging_mixin.py:190} INFO - [2025-07-28T15:56:35.849+0000] {dag.py:3229} INFO - Sync 2 DAGs
[2025-07-28T15:56:35.878+0000] {logging_mixin.py:190} INFO - [2025-07-28T15:56:35.878+0000] {dag.py:4156} INFO - Setting next_dagrun for example_external_task_marker_child to None, run_after=None
[2025-07-28T15:56:35.882+0000] {logging_mixin.py:190} INFO - [2025-07-28T15:56:35.882+0000] {dag.py:4156} INFO - Setting next_dagrun for example_external_task_marker_parent to None, run_after=None
[2025-07-28T15:56:35.900+0000] {processor.py:208} INFO - Processing /home/airflow/.local/lib/python3.12/site-packages/airflow/example_dags/example_external_task_marker_dag.py took 0.195 seconds
[2025-07-28T15:57:06.165+0000] {processor.py:186} INFO - Started process (PID=1802) to work on /home/airflow/.local/lib/python3.12/site-packages/airflow/example_dags/example_external_task_marker_dag.py
[2025-07-28T15:57:06.167+0000] {processor.py:914} INFO - Processing file /home/airflow/.local/lib/python3.12/site-packages/airflow/example_dags/example_external_task_marker_dag.py for tasks to queue
[2025-07-28T15:57:06.172+0000] {logging_mixin.py:190} INFO - [2025-07-28T15:57:06.171+0000] {dagbag.py:587} INFO - Filling up the DagBag from /home/airflow/.local/lib/python3.12/site-packages/airflow/example_dags/example_external_task_marker_dag.py
[2025-07-28T15:57:06.191+0000] {processor.py:925} INFO - DAG(s) 'example_external_task_marker_child', 'example_external_task_marker_parent' retrieved from /home/airflow/.local/lib/python3.12/site-packages/airflow/example_dags/example_external_task_marker_dag.py
[2025-07-28T15:57:06.224+0000] {logging_mixin.py:190} INFO - [2025-07-28T15:57:06.223+0000] {dag.py:3229} INFO - Sync 2 DAGs
[2025-07-28T15:57:06.235+0000] {logging_mixin.py:190} INFO - [2025-07-28T15:57:06.235+0000] {dag.py:4156} INFO - Setting next_dagrun for example_external_task_marker_child to None, run_after=None
[2025-07-28T15:57:06.238+0000] {logging_mixin.py:190} INFO - [2025-07-28T15:57:06.238+0000] {dag.py:4156} INFO - Setting next_dagrun for example_external_task_marker_parent to None, run_after=None
[2025-07-28T15:57:06.252+0000] {processor.py:208} INFO - Processing /home/airflow/.local/lib/python3.12/site-packages/airflow/example_dags/example_external_task_marker_dag.py took 0.104 seconds
[2025-07-28T15:57:37.105+0000] {processor.py:186} INFO - Started process (PID=1864) to work on /home/airflow/.local/lib/python3.12/site-packages/airflow/example_dags/example_external_task_marker_dag.py
[2025-07-28T15:57:37.108+0000] {processor.py:914} INFO - Processing file /home/airflow/.local/lib/python3.12/site-packages/airflow/example_dags/example_external_task_marker_dag.py for tasks to queue
[2025-07-28T15:57:37.115+0000] {logging_mixin.py:190} INFO - [2025-07-28T15:57:37.114+0000] {dagbag.py:587} INFO - Filling up the DagBag from /home/airflow/.local/lib/python3.12/site-packages/airflow/example_dags/example_external_task_marker_dag.py
[2025-07-28T15:57:37.134+0000] {processor.py:925} INFO - DAG(s) 'example_external_task_marker_parent', 'example_external_task_marker_child' retrieved from /home/airflow/.local/lib/python3.12/site-packages/airflow/example_dags/example_external_task_marker_dag.py
[2025-07-28T15:57:37.184+0000] {logging_mixin.py:190} INFO - [2025-07-28T15:57:37.183+0000] {dag.py:3229} INFO - Sync 2 DAGs
[2025-07-28T15:57:37.200+0000] {logging_mixin.py:190} INFO - [2025-07-28T15:57:37.200+0000] {dag.py:4156} INFO - Setting next_dagrun for example_external_task_marker_child to None, run_after=None
[2025-07-28T15:57:37.204+0000] {logging_mixin.py:190} INFO - [2025-07-28T15:57:37.204+0000] {dag.py:4156} INFO - Setting next_dagrun for example_external_task_marker_parent to None, run_after=None
[2025-07-28T15:57:37.216+0000] {processor.py:208} INFO - Processing /home/airflow/.local/lib/python3.12/site-packages/airflow/example_dags/example_external_task_marker_dag.py took 0.122 seconds
[2025-07-28T15:58:08.149+0000] {processor.py:186} INFO - Started process (PID=1927) to work on /home/airflow/.local/lib/python3.12/site-packages/airflow/example_dags/example_external_task_marker_dag.py
[2025-07-28T15:58:08.151+0000] {processor.py:914} INFO - Processing file /home/airflow/.local/lib/python3.12/site-packages/airflow/example_dags/example_external_task_marker_dag.py for tasks to queue
[2025-07-28T15:58:08.156+0000] {logging_mixin.py:190} INFO - [2025-07-28T15:58:08.155+0000] {dagbag.py:587} INFO - Filling up the DagBag from /home/airflow/.local/lib/python3.12/site-packages/airflow/example_dags/example_external_task_marker_dag.py
[2025-07-28T15:58:08.176+0000] {processor.py:925} INFO - DAG(s) 'example_external_task_marker_parent', 'example_external_task_marker_child' retrieved from /home/airflow/.local/lib/python3.12/site-packages/airflow/example_dags/example_external_task_marker_dag.py
[2025-07-28T15:58:08.229+0000] {logging_mixin.py:190} INFO - [2025-07-28T15:58:08.229+0000] {dag.py:3229} INFO - Sync 2 DAGs
[2025-07-28T15:58:08.247+0000] {logging_mixin.py:190} INFO - [2025-07-28T15:58:08.246+0000] {dag.py:4156} INFO - Setting next_dagrun for example_external_task_marker_child to None, run_after=None
[2025-07-28T15:58:08.251+0000] {logging_mixin.py:190} INFO - [2025-07-28T15:58:08.251+0000] {dag.py:4156} INFO - Setting next_dagrun for example_external_task_marker_parent to None, run_after=None
[2025-07-28T15:58:08.266+0000] {processor.py:208} INFO - Processing /home/airflow/.local/lib/python3.12/site-packages/airflow/example_dags/example_external_task_marker_dag.py took 0.139 seconds
[2025-07-28T15:58:38.797+0000] {processor.py:186} INFO - Started process (PID=1990) to work on /home/airflow/.local/lib/python3.12/site-packages/airflow/example_dags/example_external_task_marker_dag.py
[2025-07-28T15:58:38.799+0000] {processor.py:914} INFO - Processing file /home/airflow/.local/lib/python3.12/site-packages/airflow/example_dags/example_external_task_marker_dag.py for tasks to queue
[2025-07-28T15:58:38.806+0000] {logging_mixin.py:190} INFO - [2025-07-28T15:58:38.806+0000] {dagbag.py:587} INFO - Filling up the DagBag from /home/airflow/.local/lib/python3.12/site-packages/airflow/example_dags/example_external_task_marker_dag.py
[2025-07-28T15:58:38.824+0000] {processor.py:925} INFO - DAG(s) 'example_external_task_marker_parent', 'example_external_task_marker_child' retrieved from /home/airflow/.local/lib/python3.12/site-packages/airflow/example_dags/example_external_task_marker_dag.py
[2025-07-28T15:58:38.857+0000] {logging_mixin.py:190} INFO - [2025-07-28T15:58:38.857+0000] {dag.py:3229} INFO - Sync 2 DAGs
[2025-07-28T15:58:38.872+0000] {logging_mixin.py:190} INFO - [2025-07-28T15:58:38.871+0000] {dag.py:4156} INFO - Setting next_dagrun for example_external_task_marker_child to None, run_after=None
[2025-07-28T15:58:38.875+0000] {logging_mixin.py:190} INFO - [2025-07-28T15:58:38.875+0000] {dag.py:4156} INFO - Setting next_dagrun for example_external_task_marker_parent to None, run_after=None
[2025-07-28T15:58:38.890+0000] {processor.py:208} INFO - Processing /home/airflow/.local/lib/python3.12/site-packages/airflow/example_dags/example_external_task_marker_dag.py took 0.107 seconds
[2025-07-28T15:59:09.671+0000] {processor.py:186} INFO - Started process (PID=2052) to work on /home/airflow/.local/lib/python3.12/site-packages/airflow/example_dags/example_external_task_marker_dag.py
[2025-07-28T15:59:09.680+0000] {processor.py:914} INFO - Processing file /home/airflow/.local/lib/python3.12/site-packages/airflow/example_dags/example_external_task_marker_dag.py for tasks to queue
[2025-07-28T15:59:09.699+0000] {logging_mixin.py:190} INFO - [2025-07-28T15:59:09.698+0000] {dagbag.py:587} INFO - Filling up the DagBag from /home/airflow/.local/lib/python3.12/site-packages/airflow/example_dags/example_external_task_marker_dag.py
[2025-07-28T15:59:09.732+0000] {processor.py:925} INFO - DAG(s) 'example_external_task_marker_child', 'example_external_task_marker_parent' retrieved from /home/airflow/.local/lib/python3.12/site-packages/airflow/example_dags/example_external_task_marker_dag.py
[2025-07-28T15:59:09.769+0000] {logging_mixin.py:190} INFO - [2025-07-28T15:59:09.769+0000] {dag.py:3229} INFO - Sync 2 DAGs
[2025-07-28T15:59:09.788+0000] {logging_mixin.py:190} INFO - [2025-07-28T15:59:09.788+0000] {dag.py:4156} INFO - Setting next_dagrun for example_external_task_marker_child to None, run_after=None
[2025-07-28T15:59:09.792+0000] {logging_mixin.py:190} INFO - [2025-07-28T15:59:09.792+0000] {dag.py:4156} INFO - Setting next_dagrun for example_external_task_marker_parent to None, run_after=None
[2025-07-28T15:59:09.810+0000] {processor.py:208} INFO - Processing /home/airflow/.local/lib/python3.12/site-packages/airflow/example_dags/example_external_task_marker_dag.py took 0.154 seconds
[2025-07-28T15:59:39.830+0000] {processor.py:186} INFO - Started process (PID=2115) to work on /home/airflow/.local/lib/python3.12/site-packages/airflow/example_dags/example_external_task_marker_dag.py
[2025-07-28T15:59:39.830+0000] {processor.py:914} INFO - Processing file /home/airflow/.local/lib/python3.12/site-packages/airflow/example_dags/example_external_task_marker_dag.py for tasks to queue
[2025-07-28T15:59:39.832+0000] {logging_mixin.py:190} INFO - [2025-07-28T15:59:39.831+0000] {dagbag.py:587} INFO - Filling up the DagBag from /home/airflow/.local/lib/python3.12/site-packages/airflow/example_dags/example_external_task_marker_dag.py
[2025-07-28T15:59:39.836+0000] {processor.py:925} INFO - DAG(s) 'example_external_task_marker_parent', 'example_external_task_marker_child' retrieved from /home/airflow/.local/lib/python3.12/site-packages/airflow/example_dags/example_external_task_marker_dag.py
[2025-07-28T15:59:39.852+0000] {logging_mixin.py:190} INFO - [2025-07-28T15:59:39.852+0000] {dag.py:3229} INFO - Sync 2 DAGs
[2025-07-28T15:59:39.862+0000] {logging_mixin.py:190} INFO - [2025-07-28T15:59:39.862+0000] {dag.py:4156} INFO - Setting next_dagrun for example_external_task_marker_child to None, run_after=None
[2025-07-28T15:59:39.865+0000] {logging_mixin.py:190} INFO - [2025-07-28T15:59:39.865+0000] {dag.py:4156} INFO - Setting next_dagrun for example_external_task_marker_parent to None, run_after=None
[2025-07-28T15:59:39.875+0000] {processor.py:208} INFO - Processing /home/airflow/.local/lib/python3.12/site-packages/airflow/example_dags/example_external_task_marker_dag.py took 0.051 seconds
[2025-07-28T16:00:10.758+0000] {processor.py:186} INFO - Started process (PID=2173) to work on /home/airflow/.local/lib/python3.12/site-packages/airflow/example_dags/example_external_task_marker_dag.py
[2025-07-28T16:00:10.762+0000] {processor.py:914} INFO - Processing file /home/airflow/.local/lib/python3.12/site-packages/airflow/example_dags/example_external_task_marker_dag.py for tasks to queue
[2025-07-28T16:00:10.764+0000] {logging_mixin.py:190} INFO - [2025-07-28T16:00:10.764+0000] {dagbag.py:587} INFO - Filling up the DagBag from /home/airflow/.local/lib/python3.12/site-packages/airflow/example_dags/example_external_task_marker_dag.py
[2025-07-28T16:00:10.775+0000] {processor.py:925} INFO - DAG(s) 'example_external_task_marker_parent', 'example_external_task_marker_child' retrieved from /home/airflow/.local/lib/python3.12/site-packages/airflow/example_dags/example_external_task_marker_dag.py
[2025-07-28T16:00:10.797+0000] {logging_mixin.py:190} INFO - [2025-07-28T16:00:10.797+0000] {dag.py:3229} INFO - Sync 2 DAGs
[2025-07-28T16:00:10.814+0000] {logging_mixin.py:190} INFO - [2025-07-28T16:00:10.813+0000] {dag.py:4156} INFO - Setting next_dagrun for example_external_task_marker_child to None, run_after=None
[2025-07-28T16:00:10.816+0000] {logging_mixin.py:190} INFO - [2025-07-28T16:00:10.816+0000] {dag.py:4156} INFO - Setting next_dagrun for example_external_task_marker_parent to None, run_after=None
[2025-07-28T16:00:10.827+0000] {processor.py:208} INFO - Processing /home/airflow/.local/lib/python3.12/site-packages/airflow/example_dags/example_external_task_marker_dag.py took 0.080 seconds
[2025-07-28T16:00:41.792+0000] {processor.py:186} INFO - Started process (PID=2236) to work on /home/airflow/.local/lib/python3.12/site-packages/airflow/example_dags/example_external_task_marker_dag.py
[2025-07-28T16:00:41.799+0000] {processor.py:914} INFO - Processing file /home/airflow/.local/lib/python3.12/site-packages/airflow/example_dags/example_external_task_marker_dag.py for tasks to queue
[2025-07-28T16:00:41.802+0000] {logging_mixin.py:190} INFO - [2025-07-28T16:00:41.801+0000] {dagbag.py:587} INFO - Filling up the DagBag from /home/airflow/.local/lib/python3.12/site-packages/airflow/example_dags/example_external_task_marker_dag.py
[2025-07-28T16:00:41.819+0000] {processor.py:925} INFO - DAG(s) 'example_external_task_marker_child', 'example_external_task_marker_parent' retrieved from /home/airflow/.local/lib/python3.12/site-packages/airflow/example_dags/example_external_task_marker_dag.py
[2025-07-28T16:00:41.856+0000] {logging_mixin.py:190} INFO - [2025-07-28T16:00:41.855+0000] {dag.py:3229} INFO - Sync 2 DAGs
[2025-07-28T16:00:41.873+0000] {logging_mixin.py:190} INFO - [2025-07-28T16:00:41.873+0000] {dag.py:4156} INFO - Setting next_dagrun for example_external_task_marker_child to None, run_after=None
[2025-07-28T16:00:41.878+0000] {logging_mixin.py:190} INFO - [2025-07-28T16:00:41.877+0000] {dag.py:4156} INFO - Setting next_dagrun for example_external_task_marker_parent to None, run_after=None
[2025-07-28T16:00:41.891+0000] {processor.py:208} INFO - Processing /home/airflow/.local/lib/python3.12/site-packages/airflow/example_dags/example_external_task_marker_dag.py took 0.114 seconds
