[2025-07-28T15:42:49.527+0000] {processor.py:186} INFO - Started process (PID=66) to work on /home/airflow/.local/lib/python3.12/site-packages/airflow/example_dags/example_params_trigger_ui.py
[2025-07-28T15:42:49.529+0000] {processor.py:914} INFO - Processing file /home/airflow/.local/lib/python3.12/site-packages/airflow/example_dags/example_params_trigger_ui.py for tasks to queue
[2025-07-28T15:42:49.532+0000] {logging_mixin.py:190} INFO - [2025-07-28T15:42:49.532+0000] {dagbag.py:587} INFO - Filling up the DagBag from /home/airflow/.local/lib/python3.12/site-packages/airflow/example_dags/example_params_trigger_ui.py
[2025-07-28T15:42:49.558+0000] {processor.py:925} INFO - DAG(s) 'example_params_trigger_ui' retrieved from /home/airflow/.local/lib/python3.12/site-packages/airflow/example_dags/example_params_trigger_ui.py
[2025-07-28T15:42:49.738+0000] {logging_mixin.py:190} INFO - [2025-07-28T15:42:49.737+0000] {override.py:1900} INFO - Created Permission View: can edit on DAG:example_params_trigger_ui
[2025-07-28T15:42:49.748+0000] {logging_mixin.py:190} INFO - [2025-07-28T15:42:49.747+0000] {override.py:1900} INFO - Created Permission View: can read on DAG:example_params_trigger_ui
[2025-07-28T15:42:49.757+0000] {logging_mixin.py:190} INFO - [2025-07-28T15:42:49.756+0000] {override.py:1900} INFO - Created Permission View: can delete on DAG:example_params_trigger_ui
[2025-07-28T15:42:49.764+0000] {logging_mixin.py:190} INFO - [2025-07-28T15:42:49.764+0000] {override.py:1900} INFO - Created Permission View: can read on DAG Run:example_params_trigger_ui
[2025-07-28T15:42:49.771+0000] {logging_mixin.py:190} INFO - [2025-07-28T15:42:49.771+0000] {override.py:1900} INFO - Created Permission View: can delete on DAG Run:example_params_trigger_ui
[2025-07-28T15:42:49.782+0000] {logging_mixin.py:190} INFO - [2025-07-28T15:42:49.781+0000] {override.py:1900} INFO - Created Permission View: can create on DAG Run:example_params_trigger_ui
[2025-07-28T15:42:49.794+0000] {logging_mixin.py:190} INFO - [2025-07-28T15:42:49.792+0000] {override.py:1900} INFO - Created Permission View: menu access on DAG Run:example_params_trigger_ui
[2025-07-28T15:42:49.796+0000] {logging_mixin.py:190} INFO - [2025-07-28T15:42:49.796+0000] {dag.py:3229} INFO - Sync 1 DAGs
[2025-07-28T15:42:49.836+0000] {logging_mixin.py:190} INFO - [2025-07-28T15:42:49.835+0000] {dag.py:3252} INFO - Creating ORM DAG for example_params_trigger_ui
[2025-07-28T15:42:49.838+0000] {logging_mixin.py:190} INFO - [2025-07-28T15:42:49.838+0000] {dag.py:4156} INFO - Setting next_dagrun for example_params_trigger_ui to None, run_after=None
[2025-07-28T15:42:49.887+0000] {processor.py:208} INFO - Processing /home/airflow/.local/lib/python3.12/site-packages/airflow/example_dags/example_params_trigger_ui.py took 0.375 seconds
[2025-07-28T15:43:20.102+0000] {processor.py:186} INFO - Started process (PID=128) to work on /home/airflow/.local/lib/python3.12/site-packages/airflow/example_dags/example_params_trigger_ui.py
[2025-07-28T15:43:20.103+0000] {processor.py:914} INFO - Processing file /home/airflow/.local/lib/python3.12/site-packages/airflow/example_dags/example_params_trigger_ui.py for tasks to queue
[2025-07-28T15:43:20.104+0000] {logging_mixin.py:190} INFO - [2025-07-28T15:43:20.104+0000] {dagbag.py:587} INFO - Filling up the DagBag from /home/airflow/.local/lib/python3.12/site-packages/airflow/example_dags/example_params_trigger_ui.py
[2025-07-28T15:43:20.112+0000] {processor.py:925} INFO - DAG(s) 'example_params_trigger_ui' retrieved from /home/airflow/.local/lib/python3.12/site-packages/airflow/example_dags/example_params_trigger_ui.py
[2025-07-28T15:43:20.130+0000] {logging_mixin.py:190} INFO - [2025-07-28T15:43:20.130+0000] {dag.py:3229} INFO - Sync 1 DAGs
[2025-07-28T15:43:20.137+0000] {logging_mixin.py:190} INFO - [2025-07-28T15:43:20.137+0000] {dag.py:4156} INFO - Setting next_dagrun for example_params_trigger_ui to None, run_after=None
[2025-07-28T15:43:20.143+0000] {processor.py:208} INFO - Processing /home/airflow/.local/lib/python3.12/site-packages/airflow/example_dags/example_params_trigger_ui.py took 0.046 seconds
[2025-07-28T15:43:51.027+0000] {processor.py:186} INFO - Started process (PID=190) to work on /home/airflow/.local/lib/python3.12/site-packages/airflow/example_dags/example_params_trigger_ui.py
[2025-07-28T15:43:51.028+0000] {processor.py:914} INFO - Processing file /home/airflow/.local/lib/python3.12/site-packages/airflow/example_dags/example_params_trigger_ui.py for tasks to queue
[2025-07-28T15:43:51.030+0000] {logging_mixin.py:190} INFO - [2025-07-28T15:43:51.030+0000] {dagbag.py:587} INFO - Filling up the DagBag from /home/airflow/.local/lib/python3.12/site-packages/airflow/example_dags/example_params_trigger_ui.py
[2025-07-28T15:43:51.038+0000] {processor.py:925} INFO - DAG(s) 'example_params_trigger_ui' retrieved from /home/airflow/.local/lib/python3.12/site-packages/airflow/example_dags/example_params_trigger_ui.py
[2025-07-28T15:43:51.060+0000] {logging_mixin.py:190} INFO - [2025-07-28T15:43:51.060+0000] {dag.py:3229} INFO - Sync 1 DAGs
[2025-07-28T15:43:51.071+0000] {logging_mixin.py:190} INFO - [2025-07-28T15:43:51.070+0000] {dag.py:4156} INFO - Setting next_dagrun for example_params_trigger_ui to None, run_after=None
[2025-07-28T15:43:51.079+0000] {processor.py:208} INFO - Processing /home/airflow/.local/lib/python3.12/site-packages/airflow/example_dags/example_params_trigger_ui.py took 0.059 seconds
[2025-07-28T15:44:21.607+0000] {processor.py:186} INFO - Started process (PID=252) to work on /home/airflow/.local/lib/python3.12/site-packages/airflow/example_dags/example_params_trigger_ui.py
[2025-07-28T15:44:21.607+0000] {processor.py:914} INFO - Processing file /home/airflow/.local/lib/python3.12/site-packages/airflow/example_dags/example_params_trigger_ui.py for tasks to queue
[2025-07-28T15:44:21.609+0000] {logging_mixin.py:190} INFO - [2025-07-28T15:44:21.609+0000] {dagbag.py:587} INFO - Filling up the DagBag from /home/airflow/.local/lib/python3.12/site-packages/airflow/example_dags/example_params_trigger_ui.py
[2025-07-28T15:44:21.619+0000] {processor.py:925} INFO - DAG(s) 'example_params_trigger_ui' retrieved from /home/airflow/.local/lib/python3.12/site-packages/airflow/example_dags/example_params_trigger_ui.py
[2025-07-28T15:44:21.639+0000] {logging_mixin.py:190} INFO - [2025-07-28T15:44:21.639+0000] {dag.py:3229} INFO - Sync 1 DAGs
[2025-07-28T15:44:21.645+0000] {logging_mixin.py:190} INFO - [2025-07-28T15:44:21.645+0000] {dag.py:4156} INFO - Setting next_dagrun for example_params_trigger_ui to None, run_after=None
[2025-07-28T15:44:21.652+0000] {processor.py:208} INFO - Processing /home/airflow/.local/lib/python3.12/site-packages/airflow/example_dags/example_params_trigger_ui.py took 0.051 seconds
[2025-07-28T15:44:52.062+0000] {processor.py:186} INFO - Started process (PID=314) to work on /home/airflow/.local/lib/python3.12/site-packages/airflow/example_dags/example_params_trigger_ui.py
[2025-07-28T15:44:52.063+0000] {processor.py:914} INFO - Processing file /home/airflow/.local/lib/python3.12/site-packages/airflow/example_dags/example_params_trigger_ui.py for tasks to queue
[2025-07-28T15:44:52.067+0000] {logging_mixin.py:190} INFO - [2025-07-28T15:44:52.067+0000] {dagbag.py:587} INFO - Filling up the DagBag from /home/airflow/.local/lib/python3.12/site-packages/airflow/example_dags/example_params_trigger_ui.py
[2025-07-28T15:44:52.075+0000] {processor.py:925} INFO - DAG(s) 'example_params_trigger_ui' retrieved from /home/airflow/.local/lib/python3.12/site-packages/airflow/example_dags/example_params_trigger_ui.py
[2025-07-28T15:44:52.095+0000] {logging_mixin.py:190} INFO - [2025-07-28T15:44:52.095+0000] {dag.py:3229} INFO - Sync 1 DAGs
[2025-07-28T15:44:52.103+0000] {logging_mixin.py:190} INFO - [2025-07-28T15:44:52.103+0000] {dag.py:4156} INFO - Setting next_dagrun for example_params_trigger_ui to None, run_after=None
[2025-07-28T15:44:52.109+0000] {processor.py:208} INFO - Processing /home/airflow/.local/lib/python3.12/site-packages/airflow/example_dags/example_params_trigger_ui.py took 0.050 seconds
[2025-07-28T15:45:22.728+0000] {processor.py:186} INFO - Started process (PID=376) to work on /home/airflow/.local/lib/python3.12/site-packages/airflow/example_dags/example_params_trigger_ui.py
[2025-07-28T15:45:22.729+0000] {processor.py:914} INFO - Processing file /home/airflow/.local/lib/python3.12/site-packages/airflow/example_dags/example_params_trigger_ui.py for tasks to queue
[2025-07-28T15:45:22.731+0000] {logging_mixin.py:190} INFO - [2025-07-28T15:45:22.731+0000] {dagbag.py:587} INFO - Filling up the DagBag from /home/airflow/.local/lib/python3.12/site-packages/airflow/example_dags/example_params_trigger_ui.py
[2025-07-28T15:45:22.737+0000] {processor.py:925} INFO - DAG(s) 'example_params_trigger_ui' retrieved from /home/airflow/.local/lib/python3.12/site-packages/airflow/example_dags/example_params_trigger_ui.py
[2025-07-28T15:45:22.762+0000] {logging_mixin.py:190} INFO - [2025-07-28T15:45:22.762+0000] {dag.py:3229} INFO - Sync 1 DAGs
[2025-07-28T15:45:22.768+0000] {logging_mixin.py:190} INFO - [2025-07-28T15:45:22.768+0000] {dag.py:4156} INFO - Setting next_dagrun for example_params_trigger_ui to None, run_after=None
[2025-07-28T15:45:22.775+0000] {processor.py:208} INFO - Processing /home/airflow/.local/lib/python3.12/site-packages/airflow/example_dags/example_params_trigger_ui.py took 0.051 seconds
[2025-07-28T15:45:53.734+0000] {processor.py:186} INFO - Started process (PID=438) to work on /home/airflow/.local/lib/python3.12/site-packages/airflow/example_dags/example_params_trigger_ui.py
[2025-07-28T15:45:53.734+0000] {processor.py:914} INFO - Processing file /home/airflow/.local/lib/python3.12/site-packages/airflow/example_dags/example_params_trigger_ui.py for tasks to queue
[2025-07-28T15:45:53.737+0000] {logging_mixin.py:190} INFO - [2025-07-28T15:45:53.737+0000] {dagbag.py:587} INFO - Filling up the DagBag from /home/airflow/.local/lib/python3.12/site-packages/airflow/example_dags/example_params_trigger_ui.py
[2025-07-28T15:45:53.744+0000] {processor.py:925} INFO - DAG(s) 'example_params_trigger_ui' retrieved from /home/airflow/.local/lib/python3.12/site-packages/airflow/example_dags/example_params_trigger_ui.py
[2025-07-28T15:45:53.764+0000] {logging_mixin.py:190} INFO - [2025-07-28T15:45:53.764+0000] {dag.py:3229} INFO - Sync 1 DAGs
[2025-07-28T15:45:53.770+0000] {logging_mixin.py:190} INFO - [2025-07-28T15:45:53.770+0000] {dag.py:4156} INFO - Setting next_dagrun for example_params_trigger_ui to None, run_after=None
[2025-07-28T15:45:53.778+0000] {processor.py:208} INFO - Processing /home/airflow/.local/lib/python3.12/site-packages/airflow/example_dags/example_params_trigger_ui.py took 0.047 seconds
[2025-07-28T15:46:24.312+0000] {processor.py:186} INFO - Started process (PID=500) to work on /home/airflow/.local/lib/python3.12/site-packages/airflow/example_dags/example_params_trigger_ui.py
[2025-07-28T15:46:24.313+0000] {processor.py:914} INFO - Processing file /home/airflow/.local/lib/python3.12/site-packages/airflow/example_dags/example_params_trigger_ui.py for tasks to queue
[2025-07-28T15:46:24.315+0000] {logging_mixin.py:190} INFO - [2025-07-28T15:46:24.315+0000] {dagbag.py:587} INFO - Filling up the DagBag from /home/airflow/.local/lib/python3.12/site-packages/airflow/example_dags/example_params_trigger_ui.py
[2025-07-28T15:46:24.323+0000] {processor.py:925} INFO - DAG(s) 'example_params_trigger_ui' retrieved from /home/airflow/.local/lib/python3.12/site-packages/airflow/example_dags/example_params_trigger_ui.py
[2025-07-28T15:46:24.346+0000] {logging_mixin.py:190} INFO - [2025-07-28T15:46:24.346+0000] {dag.py:3229} INFO - Sync 1 DAGs
[2025-07-28T15:46:24.359+0000] {logging_mixin.py:190} INFO - [2025-07-28T15:46:24.359+0000] {dag.py:4156} INFO - Setting next_dagrun for example_params_trigger_ui to None, run_after=None
[2025-07-28T15:46:24.367+0000] {processor.py:208} INFO - Processing /home/airflow/.local/lib/python3.12/site-packages/airflow/example_dags/example_params_trigger_ui.py took 0.058 seconds
[2025-07-28T15:46:54.822+0000] {processor.py:186} INFO - Started process (PID=562) to work on /home/airflow/.local/lib/python3.12/site-packages/airflow/example_dags/example_params_trigger_ui.py
[2025-07-28T15:46:54.823+0000] {processor.py:914} INFO - Processing file /home/airflow/.local/lib/python3.12/site-packages/airflow/example_dags/example_params_trigger_ui.py for tasks to queue
[2025-07-28T15:46:54.824+0000] {logging_mixin.py:190} INFO - [2025-07-28T15:46:54.824+0000] {dagbag.py:587} INFO - Filling up the DagBag from /home/airflow/.local/lib/python3.12/site-packages/airflow/example_dags/example_params_trigger_ui.py
[2025-07-28T15:46:54.834+0000] {processor.py:925} INFO - DAG(s) 'example_params_trigger_ui' retrieved from /home/airflow/.local/lib/python3.12/site-packages/airflow/example_dags/example_params_trigger_ui.py
[2025-07-28T15:46:54.858+0000] {logging_mixin.py:190} INFO - [2025-07-28T15:46:54.858+0000] {dag.py:3229} INFO - Sync 1 DAGs
[2025-07-28T15:46:54.864+0000] {logging_mixin.py:190} INFO - [2025-07-28T15:46:54.864+0000] {dag.py:4156} INFO - Setting next_dagrun for example_params_trigger_ui to None, run_after=None
[2025-07-28T15:46:54.871+0000] {processor.py:208} INFO - Processing /home/airflow/.local/lib/python3.12/site-packages/airflow/example_dags/example_params_trigger_ui.py took 0.053 seconds
[2025-07-28T15:47:25.425+0000] {processor.py:186} INFO - Started process (PID=624) to work on /home/airflow/.local/lib/python3.12/site-packages/airflow/example_dags/example_params_trigger_ui.py
[2025-07-28T15:47:25.427+0000] {processor.py:914} INFO - Processing file /home/airflow/.local/lib/python3.12/site-packages/airflow/example_dags/example_params_trigger_ui.py for tasks to queue
[2025-07-28T15:47:25.429+0000] {logging_mixin.py:190} INFO - [2025-07-28T15:47:25.429+0000] {dagbag.py:587} INFO - Filling up the DagBag from /home/airflow/.local/lib/python3.12/site-packages/airflow/example_dags/example_params_trigger_ui.py
[2025-07-28T15:47:25.438+0000] {processor.py:925} INFO - DAG(s) 'example_params_trigger_ui' retrieved from /home/airflow/.local/lib/python3.12/site-packages/airflow/example_dags/example_params_trigger_ui.py
[2025-07-28T15:47:25.461+0000] {logging_mixin.py:190} INFO - [2025-07-28T15:47:25.461+0000] {dag.py:3229} INFO - Sync 1 DAGs
[2025-07-28T15:47:25.468+0000] {logging_mixin.py:190} INFO - [2025-07-28T15:47:25.468+0000] {dag.py:4156} INFO - Setting next_dagrun for example_params_trigger_ui to None, run_after=None
[2025-07-28T15:47:25.475+0000] {processor.py:208} INFO - Processing /home/airflow/.local/lib/python3.12/site-packages/airflow/example_dags/example_params_trigger_ui.py took 0.060 seconds
[2025-07-28T15:47:56.321+0000] {processor.py:186} INFO - Started process (PID=686) to work on /home/airflow/.local/lib/python3.12/site-packages/airflow/example_dags/example_params_trigger_ui.py
[2025-07-28T15:47:56.321+0000] {processor.py:914} INFO - Processing file /home/airflow/.local/lib/python3.12/site-packages/airflow/example_dags/example_params_trigger_ui.py for tasks to queue
[2025-07-28T15:47:56.323+0000] {logging_mixin.py:190} INFO - [2025-07-28T15:47:56.322+0000] {dagbag.py:587} INFO - Filling up the DagBag from /home/airflow/.local/lib/python3.12/site-packages/airflow/example_dags/example_params_trigger_ui.py
[2025-07-28T15:47:56.330+0000] {processor.py:925} INFO - DAG(s) 'example_params_trigger_ui' retrieved from /home/airflow/.local/lib/python3.12/site-packages/airflow/example_dags/example_params_trigger_ui.py
[2025-07-28T15:47:56.352+0000] {logging_mixin.py:190} INFO - [2025-07-28T15:47:56.352+0000] {dag.py:3229} INFO - Sync 1 DAGs
[2025-07-28T15:47:56.359+0000] {logging_mixin.py:190} INFO - [2025-07-28T15:47:56.359+0000] {dag.py:4156} INFO - Setting next_dagrun for example_params_trigger_ui to None, run_after=None
[2025-07-28T15:47:56.366+0000] {processor.py:208} INFO - Processing /home/airflow/.local/lib/python3.12/site-packages/airflow/example_dags/example_params_trigger_ui.py took 0.049 seconds
[2025-07-28T15:48:27.646+0000] {processor.py:186} INFO - Started process (PID=748) to work on /home/airflow/.local/lib/python3.12/site-packages/airflow/example_dags/example_params_trigger_ui.py
[2025-07-28T15:48:27.649+0000] {processor.py:914} INFO - Processing file /home/airflow/.local/lib/python3.12/site-packages/airflow/example_dags/example_params_trigger_ui.py for tasks to queue
[2025-07-28T15:48:27.651+0000] {logging_mixin.py:190} INFO - [2025-07-28T15:48:27.651+0000] {dagbag.py:587} INFO - Filling up the DagBag from /home/airflow/.local/lib/python3.12/site-packages/airflow/example_dags/example_params_trigger_ui.py
[2025-07-28T15:48:27.660+0000] {processor.py:925} INFO - DAG(s) 'example_params_trigger_ui' retrieved from /home/airflow/.local/lib/python3.12/site-packages/airflow/example_dags/example_params_trigger_ui.py
[2025-07-28T15:48:27.679+0000] {logging_mixin.py:190} INFO - [2025-07-28T15:48:27.678+0000] {dag.py:3229} INFO - Sync 1 DAGs
[2025-07-28T15:48:27.685+0000] {logging_mixin.py:190} INFO - [2025-07-28T15:48:27.685+0000] {dag.py:4156} INFO - Setting next_dagrun for example_params_trigger_ui to None, run_after=None
[2025-07-28T15:48:27.693+0000] {processor.py:208} INFO - Processing /home/airflow/.local/lib/python3.12/site-packages/airflow/example_dags/example_params_trigger_ui.py took 0.059 seconds
[2025-07-28T15:48:58.925+0000] {processor.py:186} INFO - Started process (PID=810) to work on /home/airflow/.local/lib/python3.12/site-packages/airflow/example_dags/example_params_trigger_ui.py
[2025-07-28T15:48:58.925+0000] {processor.py:914} INFO - Processing file /home/airflow/.local/lib/python3.12/site-packages/airflow/example_dags/example_params_trigger_ui.py for tasks to queue
[2025-07-28T15:48:58.928+0000] {logging_mixin.py:190} INFO - [2025-07-28T15:48:58.928+0000] {dagbag.py:587} INFO - Filling up the DagBag from /home/airflow/.local/lib/python3.12/site-packages/airflow/example_dags/example_params_trigger_ui.py
[2025-07-28T15:48:58.936+0000] {processor.py:925} INFO - DAG(s) 'example_params_trigger_ui' retrieved from /home/airflow/.local/lib/python3.12/site-packages/airflow/example_dags/example_params_trigger_ui.py
[2025-07-28T15:48:58.957+0000] {logging_mixin.py:190} INFO - [2025-07-28T15:48:58.957+0000] {dag.py:3229} INFO - Sync 1 DAGs
[2025-07-28T15:48:58.964+0000] {logging_mixin.py:190} INFO - [2025-07-28T15:48:58.964+0000] {dag.py:4156} INFO - Setting next_dagrun for example_params_trigger_ui to None, run_after=None
[2025-07-28T15:48:58.972+0000] {processor.py:208} INFO - Processing /home/airflow/.local/lib/python3.12/site-packages/airflow/example_dags/example_params_trigger_ui.py took 0.055 seconds
[2025-07-28T15:49:29.521+0000] {processor.py:186} INFO - Started process (PID=872) to work on /home/airflow/.local/lib/python3.12/site-packages/airflow/example_dags/example_params_trigger_ui.py
[2025-07-28T15:49:29.522+0000] {processor.py:914} INFO - Processing file /home/airflow/.local/lib/python3.12/site-packages/airflow/example_dags/example_params_trigger_ui.py for tasks to queue
[2025-07-28T15:49:29.523+0000] {logging_mixin.py:190} INFO - [2025-07-28T15:49:29.523+0000] {dagbag.py:587} INFO - Filling up the DagBag from /home/airflow/.local/lib/python3.12/site-packages/airflow/example_dags/example_params_trigger_ui.py
[2025-07-28T15:49:29.529+0000] {processor.py:925} INFO - DAG(s) 'example_params_trigger_ui' retrieved from /home/airflow/.local/lib/python3.12/site-packages/airflow/example_dags/example_params_trigger_ui.py
[2025-07-28T15:49:29.550+0000] {logging_mixin.py:190} INFO - [2025-07-28T15:49:29.550+0000] {dag.py:3229} INFO - Sync 1 DAGs
[2025-07-28T15:49:29.556+0000] {logging_mixin.py:190} INFO - [2025-07-28T15:49:29.556+0000] {dag.py:4156} INFO - Setting next_dagrun for example_params_trigger_ui to None, run_after=None
[2025-07-28T15:49:29.563+0000] {processor.py:208} INFO - Processing /home/airflow/.local/lib/python3.12/site-packages/airflow/example_dags/example_params_trigger_ui.py took 0.045 seconds
[2025-07-28T15:50:00.002+0000] {processor.py:186} INFO - Started process (PID=934) to work on /home/airflow/.local/lib/python3.12/site-packages/airflow/example_dags/example_params_trigger_ui.py
[2025-07-28T15:50:00.004+0000] {processor.py:914} INFO - Processing file /home/airflow/.local/lib/python3.12/site-packages/airflow/example_dags/example_params_trigger_ui.py for tasks to queue
[2025-07-28T15:50:00.010+0000] {logging_mixin.py:190} INFO - [2025-07-28T15:50:00.009+0000] {dagbag.py:587} INFO - Filling up the DagBag from /home/airflow/.local/lib/python3.12/site-packages/airflow/example_dags/example_params_trigger_ui.py
[2025-07-28T15:50:00.018+0000] {processor.py:925} INFO - DAG(s) 'example_params_trigger_ui' retrieved from /home/airflow/.local/lib/python3.12/site-packages/airflow/example_dags/example_params_trigger_ui.py
[2025-07-28T15:50:00.061+0000] {logging_mixin.py:190} INFO - [2025-07-28T15:50:00.061+0000] {dag.py:3229} INFO - Sync 1 DAGs
[2025-07-28T15:50:00.070+0000] {logging_mixin.py:190} INFO - [2025-07-28T15:50:00.070+0000] {dag.py:4156} INFO - Setting next_dagrun for example_params_trigger_ui to None, run_after=None
[2025-07-28T15:50:00.082+0000] {processor.py:208} INFO - Processing /home/airflow/.local/lib/python3.12/site-packages/airflow/example_dags/example_params_trigger_ui.py took 0.083 seconds
[2025-07-28T15:50:30.565+0000] {processor.py:186} INFO - Started process (PID=996) to work on /home/airflow/.local/lib/python3.12/site-packages/airflow/example_dags/example_params_trigger_ui.py
[2025-07-28T15:50:30.565+0000] {processor.py:914} INFO - Processing file /home/airflow/.local/lib/python3.12/site-packages/airflow/example_dags/example_params_trigger_ui.py for tasks to queue
[2025-07-28T15:50:30.568+0000] {logging_mixin.py:190} INFO - [2025-07-28T15:50:30.568+0000] {dagbag.py:587} INFO - Filling up the DagBag from /home/airflow/.local/lib/python3.12/site-packages/airflow/example_dags/example_params_trigger_ui.py
[2025-07-28T15:50:30.576+0000] {processor.py:925} INFO - DAG(s) 'example_params_trigger_ui' retrieved from /home/airflow/.local/lib/python3.12/site-packages/airflow/example_dags/example_params_trigger_ui.py
[2025-07-28T15:50:30.594+0000] {logging_mixin.py:190} INFO - [2025-07-28T15:50:30.594+0000] {dag.py:3229} INFO - Sync 1 DAGs
[2025-07-28T15:50:30.600+0000] {logging_mixin.py:190} INFO - [2025-07-28T15:50:30.600+0000] {dag.py:4156} INFO - Setting next_dagrun for example_params_trigger_ui to None, run_after=None
[2025-07-28T15:50:30.609+0000] {processor.py:208} INFO - Processing /home/airflow/.local/lib/python3.12/site-packages/airflow/example_dags/example_params_trigger_ui.py took 0.047 seconds
[2025-07-28T15:51:01.688+0000] {processor.py:186} INFO - Started process (PID=1058) to work on /home/airflow/.local/lib/python3.12/site-packages/airflow/example_dags/example_params_trigger_ui.py
[2025-07-28T15:51:01.689+0000] {processor.py:914} INFO - Processing file /home/airflow/.local/lib/python3.12/site-packages/airflow/example_dags/example_params_trigger_ui.py for tasks to queue
[2025-07-28T15:51:01.691+0000] {logging_mixin.py:190} INFO - [2025-07-28T15:51:01.691+0000] {dagbag.py:587} INFO - Filling up the DagBag from /home/airflow/.local/lib/python3.12/site-packages/airflow/example_dags/example_params_trigger_ui.py
[2025-07-28T15:51:01.698+0000] {processor.py:925} INFO - DAG(s) 'example_params_trigger_ui' retrieved from /home/airflow/.local/lib/python3.12/site-packages/airflow/example_dags/example_params_trigger_ui.py
[2025-07-28T15:51:01.722+0000] {logging_mixin.py:190} INFO - [2025-07-28T15:51:01.721+0000] {dag.py:3229} INFO - Sync 1 DAGs
[2025-07-28T15:51:01.729+0000] {logging_mixin.py:190} INFO - [2025-07-28T15:51:01.729+0000] {dag.py:4156} INFO - Setting next_dagrun for example_params_trigger_ui to None, run_after=None
[2025-07-28T15:51:01.737+0000] {processor.py:208} INFO - Processing /home/airflow/.local/lib/python3.12/site-packages/airflow/example_dags/example_params_trigger_ui.py took 0.052 seconds
[2025-07-28T15:51:32.206+0000] {processor.py:186} INFO - Started process (PID=1120) to work on /home/airflow/.local/lib/python3.12/site-packages/airflow/example_dags/example_params_trigger_ui.py
[2025-07-28T15:51:32.207+0000] {processor.py:914} INFO - Processing file /home/airflow/.local/lib/python3.12/site-packages/airflow/example_dags/example_params_trigger_ui.py for tasks to queue
[2025-07-28T15:51:32.209+0000] {logging_mixin.py:190} INFO - [2025-07-28T15:51:32.209+0000] {dagbag.py:587} INFO - Filling up the DagBag from /home/airflow/.local/lib/python3.12/site-packages/airflow/example_dags/example_params_trigger_ui.py
[2025-07-28T15:51:32.215+0000] {processor.py:925} INFO - DAG(s) 'example_params_trigger_ui' retrieved from /home/airflow/.local/lib/python3.12/site-packages/airflow/example_dags/example_params_trigger_ui.py
[2025-07-28T15:51:32.236+0000] {logging_mixin.py:190} INFO - [2025-07-28T15:51:32.236+0000] {dag.py:3229} INFO - Sync 1 DAGs
[2025-07-28T15:51:32.242+0000] {logging_mixin.py:190} INFO - [2025-07-28T15:51:32.242+0000] {dag.py:4156} INFO - Setting next_dagrun for example_params_trigger_ui to None, run_after=None
[2025-07-28T15:51:32.253+0000] {processor.py:208} INFO - Processing /home/airflow/.local/lib/python3.12/site-packages/airflow/example_dags/example_params_trigger_ui.py took 0.050 seconds
[2025-07-28T15:52:02.696+0000] {processor.py:186} INFO - Started process (PID=1182) to work on /home/airflow/.local/lib/python3.12/site-packages/airflow/example_dags/example_params_trigger_ui.py
[2025-07-28T15:52:02.697+0000] {processor.py:914} INFO - Processing file /home/airflow/.local/lib/python3.12/site-packages/airflow/example_dags/example_params_trigger_ui.py for tasks to queue
[2025-07-28T15:52:02.698+0000] {logging_mixin.py:190} INFO - [2025-07-28T15:52:02.698+0000] {dagbag.py:587} INFO - Filling up the DagBag from /home/airflow/.local/lib/python3.12/site-packages/airflow/example_dags/example_params_trigger_ui.py
[2025-07-28T15:52:02.705+0000] {processor.py:925} INFO - DAG(s) 'example_params_trigger_ui' retrieved from /home/airflow/.local/lib/python3.12/site-packages/airflow/example_dags/example_params_trigger_ui.py
[2025-07-28T15:52:02.726+0000] {logging_mixin.py:190} INFO - [2025-07-28T15:52:02.726+0000] {dag.py:3229} INFO - Sync 1 DAGs
[2025-07-28T15:52:02.733+0000] {logging_mixin.py:190} INFO - [2025-07-28T15:52:02.733+0000] {dag.py:4156} INFO - Setting next_dagrun for example_params_trigger_ui to None, run_after=None
[2025-07-28T15:52:02.743+0000] {processor.py:208} INFO - Processing /home/airflow/.local/lib/python3.12/site-packages/airflow/example_dags/example_params_trigger_ui.py took 0.050 seconds
[2025-07-28T15:52:33.669+0000] {processor.py:186} INFO - Started process (PID=1244) to work on /home/airflow/.local/lib/python3.12/site-packages/airflow/example_dags/example_params_trigger_ui.py
[2025-07-28T15:52:33.670+0000] {processor.py:914} INFO - Processing file /home/airflow/.local/lib/python3.12/site-packages/airflow/example_dags/example_params_trigger_ui.py for tasks to queue
[2025-07-28T15:52:33.671+0000] {logging_mixin.py:190} INFO - [2025-07-28T15:52:33.671+0000] {dagbag.py:587} INFO - Filling up the DagBag from /home/airflow/.local/lib/python3.12/site-packages/airflow/example_dags/example_params_trigger_ui.py
[2025-07-28T15:52:33.679+0000] {processor.py:925} INFO - DAG(s) 'example_params_trigger_ui' retrieved from /home/airflow/.local/lib/python3.12/site-packages/airflow/example_dags/example_params_trigger_ui.py
[2025-07-28T15:52:33.709+0000] {logging_mixin.py:190} INFO - [2025-07-28T15:52:33.709+0000] {dag.py:3229} INFO - Sync 1 DAGs
[2025-07-28T15:52:33.718+0000] {logging_mixin.py:190} INFO - [2025-07-28T15:52:33.717+0000] {dag.py:4156} INFO - Setting next_dagrun for example_params_trigger_ui to None, run_after=None
[2025-07-28T15:52:33.726+0000] {processor.py:208} INFO - Processing /home/airflow/.local/lib/python3.12/site-packages/airflow/example_dags/example_params_trigger_ui.py took 0.061 seconds
[2025-07-28T15:53:03.894+0000] {processor.py:186} INFO - Started process (PID=1306) to work on /home/airflow/.local/lib/python3.12/site-packages/airflow/example_dags/example_params_trigger_ui.py
[2025-07-28T15:53:03.895+0000] {processor.py:914} INFO - Processing file /home/airflow/.local/lib/python3.12/site-packages/airflow/example_dags/example_params_trigger_ui.py for tasks to queue
[2025-07-28T15:53:03.897+0000] {logging_mixin.py:190} INFO - [2025-07-28T15:53:03.897+0000] {dagbag.py:587} INFO - Filling up the DagBag from /home/airflow/.local/lib/python3.12/site-packages/airflow/example_dags/example_params_trigger_ui.py
[2025-07-28T15:53:03.904+0000] {processor.py:925} INFO - DAG(s) 'example_params_trigger_ui' retrieved from /home/airflow/.local/lib/python3.12/site-packages/airflow/example_dags/example_params_trigger_ui.py
[2025-07-28T15:53:03.934+0000] {logging_mixin.py:190} INFO - [2025-07-28T15:53:03.934+0000] {dag.py:3229} INFO - Sync 1 DAGs
[2025-07-28T15:53:03.943+0000] {logging_mixin.py:190} INFO - [2025-07-28T15:53:03.943+0000] {dag.py:4156} INFO - Setting next_dagrun for example_params_trigger_ui to None, run_after=None
[2025-07-28T15:53:03.951+0000] {processor.py:208} INFO - Processing /home/airflow/.local/lib/python3.12/site-packages/airflow/example_dags/example_params_trigger_ui.py took 0.064 seconds
[2025-07-28T15:53:34.945+0000] {processor.py:186} INFO - Started process (PID=1369) to work on /home/airflow/.local/lib/python3.12/site-packages/airflow/example_dags/example_params_trigger_ui.py
[2025-07-28T15:53:34.946+0000] {processor.py:914} INFO - Processing file /home/airflow/.local/lib/python3.12/site-packages/airflow/example_dags/example_params_trigger_ui.py for tasks to queue
[2025-07-28T15:53:34.947+0000] {logging_mixin.py:190} INFO - [2025-07-28T15:53:34.947+0000] {dagbag.py:587} INFO - Filling up the DagBag from /home/airflow/.local/lib/python3.12/site-packages/airflow/example_dags/example_params_trigger_ui.py
[2025-07-28T15:53:34.955+0000] {processor.py:925} INFO - DAG(s) 'example_params_trigger_ui' retrieved from /home/airflow/.local/lib/python3.12/site-packages/airflow/example_dags/example_params_trigger_ui.py
[2025-07-28T15:53:34.992+0000] {logging_mixin.py:190} INFO - [2025-07-28T15:53:34.992+0000] {dag.py:3229} INFO - Sync 1 DAGs
[2025-07-28T15:53:35.000+0000] {logging_mixin.py:190} INFO - [2025-07-28T15:53:35.000+0000] {dag.py:4156} INFO - Setting next_dagrun for example_params_trigger_ui to None, run_after=None
[2025-07-28T15:53:35.007+0000] {processor.py:208} INFO - Processing /home/airflow/.local/lib/python3.12/site-packages/airflow/example_dags/example_params_trigger_ui.py took 0.067 seconds
[2025-07-28T15:54:05.779+0000] {processor.py:186} INFO - Started process (PID=1432) to work on /home/airflow/.local/lib/python3.12/site-packages/airflow/example_dags/example_params_trigger_ui.py
[2025-07-28T15:54:05.780+0000] {processor.py:914} INFO - Processing file /home/airflow/.local/lib/python3.12/site-packages/airflow/example_dags/example_params_trigger_ui.py for tasks to queue
[2025-07-28T15:54:05.781+0000] {logging_mixin.py:190} INFO - [2025-07-28T15:54:05.781+0000] {dagbag.py:587} INFO - Filling up the DagBag from /home/airflow/.local/lib/python3.12/site-packages/airflow/example_dags/example_params_trigger_ui.py
[2025-07-28T15:54:05.789+0000] {processor.py:925} INFO - DAG(s) 'example_params_trigger_ui' retrieved from /home/airflow/.local/lib/python3.12/site-packages/airflow/example_dags/example_params_trigger_ui.py
[2025-07-28T15:54:05.808+0000] {logging_mixin.py:190} INFO - [2025-07-28T15:54:05.808+0000] {dag.py:3229} INFO - Sync 1 DAGs
[2025-07-28T15:54:05.815+0000] {logging_mixin.py:190} INFO - [2025-07-28T15:54:05.815+0000] {dag.py:4156} INFO - Setting next_dagrun for example_params_trigger_ui to None, run_after=None
[2025-07-28T15:54:05.822+0000] {processor.py:208} INFO - Processing /home/airflow/.local/lib/python3.12/site-packages/airflow/example_dags/example_params_trigger_ui.py took 0.047 seconds
[2025-07-28T15:54:36.601+0000] {processor.py:186} INFO - Started process (PID=1495) to work on /home/airflow/.local/lib/python3.12/site-packages/airflow/example_dags/example_params_trigger_ui.py
[2025-07-28T15:54:36.602+0000] {processor.py:914} INFO - Processing file /home/airflow/.local/lib/python3.12/site-packages/airflow/example_dags/example_params_trigger_ui.py for tasks to queue
[2025-07-28T15:54:36.604+0000] {logging_mixin.py:190} INFO - [2025-07-28T15:54:36.603+0000] {dagbag.py:587} INFO - Filling up the DagBag from /home/airflow/.local/lib/python3.12/site-packages/airflow/example_dags/example_params_trigger_ui.py
[2025-07-28T15:54:36.614+0000] {processor.py:925} INFO - DAG(s) 'example_params_trigger_ui' retrieved from /home/airflow/.local/lib/python3.12/site-packages/airflow/example_dags/example_params_trigger_ui.py
[2025-07-28T15:54:36.640+0000] {logging_mixin.py:190} INFO - [2025-07-28T15:54:36.640+0000] {dag.py:3229} INFO - Sync 1 DAGs
[2025-07-28T15:54:36.649+0000] {logging_mixin.py:190} INFO - [2025-07-28T15:54:36.649+0000] {dag.py:4156} INFO - Setting next_dagrun for example_params_trigger_ui to None, run_after=None
[2025-07-28T15:54:36.657+0000] {processor.py:208} INFO - Processing /home/airflow/.local/lib/python3.12/site-packages/airflow/example_dags/example_params_trigger_ui.py took 0.060 seconds
[2025-07-28T15:55:08.413+0000] {processor.py:186} INFO - Started process (PID=1558) to work on /home/airflow/.local/lib/python3.12/site-packages/airflow/example_dags/example_params_trigger_ui.py
[2025-07-28T15:55:08.414+0000] {processor.py:914} INFO - Processing file /home/airflow/.local/lib/python3.12/site-packages/airflow/example_dags/example_params_trigger_ui.py for tasks to queue
[2025-07-28T15:55:08.420+0000] {logging_mixin.py:190} INFO - [2025-07-28T15:55:08.419+0000] {dagbag.py:587} INFO - Filling up the DagBag from /home/airflow/.local/lib/python3.12/site-packages/airflow/example_dags/example_params_trigger_ui.py
[2025-07-28T15:55:08.437+0000] {processor.py:925} INFO - DAG(s) 'example_params_trigger_ui' retrieved from /home/airflow/.local/lib/python3.12/site-packages/airflow/example_dags/example_params_trigger_ui.py
[2025-07-28T15:55:08.523+0000] {logging_mixin.py:190} INFO - [2025-07-28T15:55:08.522+0000] {dag.py:3229} INFO - Sync 1 DAGs
[2025-07-28T15:55:08.536+0000] {logging_mixin.py:190} INFO - [2025-07-28T15:55:08.536+0000] {dag.py:4156} INFO - Setting next_dagrun for example_params_trigger_ui to None, run_after=None
[2025-07-28T15:55:08.569+0000] {processor.py:208} INFO - Processing /home/airflow/.local/lib/python3.12/site-packages/airflow/example_dags/example_params_trigger_ui.py took 0.163 seconds
[2025-07-28T15:55:39.308+0000] {processor.py:186} INFO - Started process (PID=1621) to work on /home/airflow/.local/lib/python3.12/site-packages/airflow/example_dags/example_params_trigger_ui.py
[2025-07-28T15:55:39.308+0000] {processor.py:914} INFO - Processing file /home/airflow/.local/lib/python3.12/site-packages/airflow/example_dags/example_params_trigger_ui.py for tasks to queue
[2025-07-28T15:55:39.310+0000] {logging_mixin.py:190} INFO - [2025-07-28T15:55:39.310+0000] {dagbag.py:587} INFO - Filling up the DagBag from /home/airflow/.local/lib/python3.12/site-packages/airflow/example_dags/example_params_trigger_ui.py
[2025-07-28T15:55:39.319+0000] {processor.py:925} INFO - DAG(s) 'example_params_trigger_ui' retrieved from /home/airflow/.local/lib/python3.12/site-packages/airflow/example_dags/example_params_trigger_ui.py
[2025-07-28T15:55:39.352+0000] {logging_mixin.py:190} INFO - [2025-07-28T15:55:39.352+0000] {dag.py:3229} INFO - Sync 1 DAGs
[2025-07-28T15:55:39.359+0000] {logging_mixin.py:190} INFO - [2025-07-28T15:55:39.359+0000] {dag.py:4156} INFO - Setting next_dagrun for example_params_trigger_ui to None, run_after=None
[2025-07-28T15:55:39.366+0000] {processor.py:208} INFO - Processing /home/airflow/.local/lib/python3.12/site-packages/airflow/example_dags/example_params_trigger_ui.py took 0.064 seconds
[2025-07-28T15:56:10.051+0000] {processor.py:186} INFO - Started process (PID=1684) to work on /home/airflow/.local/lib/python3.12/site-packages/airflow/example_dags/example_params_trigger_ui.py
[2025-07-28T15:56:10.053+0000] {processor.py:914} INFO - Processing file /home/airflow/.local/lib/python3.12/site-packages/airflow/example_dags/example_params_trigger_ui.py for tasks to queue
[2025-07-28T15:56:10.055+0000] {logging_mixin.py:190} INFO - [2025-07-28T15:56:10.055+0000] {dagbag.py:587} INFO - Filling up the DagBag from /home/airflow/.local/lib/python3.12/site-packages/airflow/example_dags/example_params_trigger_ui.py
[2025-07-28T15:56:10.073+0000] {processor.py:925} INFO - DAG(s) 'example_params_trigger_ui' retrieved from /home/airflow/.local/lib/python3.12/site-packages/airflow/example_dags/example_params_trigger_ui.py
[2025-07-28T15:56:10.107+0000] {logging_mixin.py:190} INFO - [2025-07-28T15:56:10.107+0000] {dag.py:3229} INFO - Sync 1 DAGs
[2025-07-28T15:56:10.117+0000] {logging_mixin.py:190} INFO - [2025-07-28T15:56:10.116+0000] {dag.py:4156} INFO - Setting next_dagrun for example_params_trigger_ui to None, run_after=None
[2025-07-28T15:56:10.131+0000] {processor.py:208} INFO - Processing /home/airflow/.local/lib/python3.12/site-packages/airflow/example_dags/example_params_trigger_ui.py took 0.088 seconds
[2025-07-28T15:56:40.639+0000] {processor.py:186} INFO - Started process (PID=1747) to work on /home/airflow/.local/lib/python3.12/site-packages/airflow/example_dags/example_params_trigger_ui.py
[2025-07-28T15:56:40.640+0000] {processor.py:914} INFO - Processing file /home/airflow/.local/lib/python3.12/site-packages/airflow/example_dags/example_params_trigger_ui.py for tasks to queue
[2025-07-28T15:56:40.641+0000] {logging_mixin.py:190} INFO - [2025-07-28T15:56:40.641+0000] {dagbag.py:587} INFO - Filling up the DagBag from /home/airflow/.local/lib/python3.12/site-packages/airflow/example_dags/example_params_trigger_ui.py
[2025-07-28T15:56:40.653+0000] {processor.py:925} INFO - DAG(s) 'example_params_trigger_ui' retrieved from /home/airflow/.local/lib/python3.12/site-packages/airflow/example_dags/example_params_trigger_ui.py
[2025-07-28T15:56:40.678+0000] {logging_mixin.py:190} INFO - [2025-07-28T15:56:40.678+0000] {dag.py:3229} INFO - Sync 1 DAGs
[2025-07-28T15:56:40.692+0000] {logging_mixin.py:190} INFO - [2025-07-28T15:56:40.692+0000] {dag.py:4156} INFO - Setting next_dagrun for example_params_trigger_ui to None, run_after=None
[2025-07-28T15:56:40.703+0000] {processor.py:208} INFO - Processing /home/airflow/.local/lib/python3.12/site-packages/airflow/example_dags/example_params_trigger_ui.py took 0.069 seconds
[2025-07-28T15:57:11.510+0000] {processor.py:186} INFO - Started process (PID=1809) to work on /home/airflow/.local/lib/python3.12/site-packages/airflow/example_dags/example_params_trigger_ui.py
[2025-07-28T15:57:11.513+0000] {processor.py:914} INFO - Processing file /home/airflow/.local/lib/python3.12/site-packages/airflow/example_dags/example_params_trigger_ui.py for tasks to queue
[2025-07-28T15:57:11.515+0000] {logging_mixin.py:190} INFO - [2025-07-28T15:57:11.515+0000] {dagbag.py:587} INFO - Filling up the DagBag from /home/airflow/.local/lib/python3.12/site-packages/airflow/example_dags/example_params_trigger_ui.py
[2025-07-28T15:57:11.534+0000] {processor.py:925} INFO - DAG(s) 'example_params_trigger_ui' retrieved from /home/airflow/.local/lib/python3.12/site-packages/airflow/example_dags/example_params_trigger_ui.py
[2025-07-28T15:57:11.568+0000] {logging_mixin.py:190} INFO - [2025-07-28T15:57:11.568+0000] {dag.py:3229} INFO - Sync 1 DAGs
[2025-07-28T15:57:11.590+0000] {logging_mixin.py:190} INFO - [2025-07-28T15:57:11.590+0000] {dag.py:4156} INFO - Setting next_dagrun for example_params_trigger_ui to None, run_after=None
[2025-07-28T15:57:11.605+0000] {processor.py:208} INFO - Processing /home/airflow/.local/lib/python3.12/site-packages/airflow/example_dags/example_params_trigger_ui.py took 0.101 seconds
[2025-07-28T15:57:42.991+0000] {processor.py:186} INFO - Started process (PID=1872) to work on /home/airflow/.local/lib/python3.12/site-packages/airflow/example_dags/example_params_trigger_ui.py
[2025-07-28T15:57:42.995+0000] {processor.py:914} INFO - Processing file /home/airflow/.local/lib/python3.12/site-packages/airflow/example_dags/example_params_trigger_ui.py for tasks to queue
[2025-07-28T15:57:43.004+0000] {logging_mixin.py:190} INFO - [2025-07-28T15:57:43.003+0000] {dagbag.py:587} INFO - Filling up the DagBag from /home/airflow/.local/lib/python3.12/site-packages/airflow/example_dags/example_params_trigger_ui.py
[2025-07-28T15:57:43.030+0000] {processor.py:925} INFO - DAG(s) 'example_params_trigger_ui' retrieved from /home/airflow/.local/lib/python3.12/site-packages/airflow/example_dags/example_params_trigger_ui.py
[2025-07-28T15:57:43.115+0000] {logging_mixin.py:190} INFO - [2025-07-28T15:57:43.115+0000] {dag.py:3229} INFO - Sync 1 DAGs
[2025-07-28T15:57:43.132+0000] {logging_mixin.py:190} INFO - [2025-07-28T15:57:43.131+0000] {dag.py:4156} INFO - Setting next_dagrun for example_params_trigger_ui to None, run_after=None
[2025-07-28T15:57:43.148+0000] {processor.py:208} INFO - Processing /home/airflow/.local/lib/python3.12/site-packages/airflow/example_dags/example_params_trigger_ui.py took 0.177 seconds
[2025-07-28T15:58:14.212+0000] {processor.py:186} INFO - Started process (PID=1935) to work on /home/airflow/.local/lib/python3.12/site-packages/airflow/example_dags/example_params_trigger_ui.py
[2025-07-28T15:58:14.213+0000] {processor.py:914} INFO - Processing file /home/airflow/.local/lib/python3.12/site-packages/airflow/example_dags/example_params_trigger_ui.py for tasks to queue
[2025-07-28T15:58:14.215+0000] {logging_mixin.py:190} INFO - [2025-07-28T15:58:14.214+0000] {dagbag.py:587} INFO - Filling up the DagBag from /home/airflow/.local/lib/python3.12/site-packages/airflow/example_dags/example_params_trigger_ui.py
[2025-07-28T15:58:14.221+0000] {processor.py:925} INFO - DAG(s) 'example_params_trigger_ui' retrieved from /home/airflow/.local/lib/python3.12/site-packages/airflow/example_dags/example_params_trigger_ui.py
[2025-07-28T15:58:14.241+0000] {logging_mixin.py:190} INFO - [2025-07-28T15:58:14.241+0000] {dag.py:3229} INFO - Sync 1 DAGs
[2025-07-28T15:58:14.247+0000] {logging_mixin.py:190} INFO - [2025-07-28T15:58:14.247+0000] {dag.py:4156} INFO - Setting next_dagrun for example_params_trigger_ui to None, run_after=None
[2025-07-28T15:58:14.255+0000] {processor.py:208} INFO - Processing /home/airflow/.local/lib/python3.12/site-packages/airflow/example_dags/example_params_trigger_ui.py took 0.048 seconds
[2025-07-28T15:58:46.033+0000] {processor.py:186} INFO - Started process (PID=1998) to work on /home/airflow/.local/lib/python3.12/site-packages/airflow/example_dags/example_params_trigger_ui.py
[2025-07-28T15:58:46.034+0000] {processor.py:914} INFO - Processing file /home/airflow/.local/lib/python3.12/site-packages/airflow/example_dags/example_params_trigger_ui.py for tasks to queue
[2025-07-28T15:58:46.036+0000] {logging_mixin.py:190} INFO - [2025-07-28T15:58:46.036+0000] {dagbag.py:587} INFO - Filling up the DagBag from /home/airflow/.local/lib/python3.12/site-packages/airflow/example_dags/example_params_trigger_ui.py
[2025-07-28T15:58:46.050+0000] {processor.py:925} INFO - DAG(s) 'example_params_trigger_ui' retrieved from /home/airflow/.local/lib/python3.12/site-packages/airflow/example_dags/example_params_trigger_ui.py
[2025-07-28T15:58:46.102+0000] {logging_mixin.py:190} INFO - [2025-07-28T15:58:46.102+0000] {dag.py:3229} INFO - Sync 1 DAGs
[2025-07-28T15:58:46.112+0000] {logging_mixin.py:190} INFO - [2025-07-28T15:58:46.112+0000] {dag.py:4156} INFO - Setting next_dagrun for example_params_trigger_ui to None, run_after=None
[2025-07-28T15:58:46.121+0000] {processor.py:208} INFO - Processing /home/airflow/.local/lib/python3.12/site-packages/airflow/example_dags/example_params_trigger_ui.py took 0.096 seconds
[2025-07-28T15:59:16.423+0000] {processor.py:186} INFO - Started process (PID=2060) to work on /home/airflow/.local/lib/python3.12/site-packages/airflow/example_dags/example_params_trigger_ui.py
[2025-07-28T15:59:16.424+0000] {processor.py:914} INFO - Processing file /home/airflow/.local/lib/python3.12/site-packages/airflow/example_dags/example_params_trigger_ui.py for tasks to queue
[2025-07-28T15:59:16.426+0000] {logging_mixin.py:190} INFO - [2025-07-28T15:59:16.425+0000] {dagbag.py:587} INFO - Filling up the DagBag from /home/airflow/.local/lib/python3.12/site-packages/airflow/example_dags/example_params_trigger_ui.py
[2025-07-28T15:59:16.436+0000] {processor.py:925} INFO - DAG(s) 'example_params_trigger_ui' retrieved from /home/airflow/.local/lib/python3.12/site-packages/airflow/example_dags/example_params_trigger_ui.py
[2025-07-28T15:59:16.470+0000] {logging_mixin.py:190} INFO - [2025-07-28T15:59:16.470+0000] {dag.py:3229} INFO - Sync 1 DAGs
[2025-07-28T15:59:16.486+0000] {logging_mixin.py:190} INFO - [2025-07-28T15:59:16.485+0000] {dag.py:4156} INFO - Setting next_dagrun for example_params_trigger_ui to None, run_after=None
[2025-07-28T15:59:16.501+0000] {processor.py:208} INFO - Processing /home/airflow/.local/lib/python3.12/site-packages/airflow/example_dags/example_params_trigger_ui.py took 0.086 seconds
[2025-07-28T15:59:46.551+0000] {processor.py:186} INFO - Started process (PID=2122) to work on /home/airflow/.local/lib/python3.12/site-packages/airflow/example_dags/example_params_trigger_ui.py
[2025-07-28T15:59:46.556+0000] {processor.py:914} INFO - Processing file /home/airflow/.local/lib/python3.12/site-packages/airflow/example_dags/example_params_trigger_ui.py for tasks to queue
[2025-07-28T15:59:46.560+0000] {logging_mixin.py:190} INFO - [2025-07-28T15:59:46.559+0000] {dagbag.py:587} INFO - Filling up the DagBag from /home/airflow/.local/lib/python3.12/site-packages/airflow/example_dags/example_params_trigger_ui.py
[2025-07-28T15:59:46.579+0000] {processor.py:925} INFO - DAG(s) 'example_params_trigger_ui' retrieved from /home/airflow/.local/lib/python3.12/site-packages/airflow/example_dags/example_params_trigger_ui.py
[2025-07-28T15:59:46.615+0000] {logging_mixin.py:190} INFO - [2025-07-28T15:59:46.614+0000] {dag.py:3229} INFO - Sync 1 DAGs
[2025-07-28T15:59:46.631+0000] {logging_mixin.py:190} INFO - [2025-07-28T15:59:46.631+0000] {dag.py:4156} INFO - Setting next_dagrun for example_params_trigger_ui to None, run_after=None
[2025-07-28T15:59:46.649+0000] {processor.py:208} INFO - Processing /home/airflow/.local/lib/python3.12/site-packages/airflow/example_dags/example_params_trigger_ui.py took 0.104 seconds
[2025-07-28T16:00:17.596+0000] {processor.py:186} INFO - Started process (PID=2185) to work on /home/airflow/.local/lib/python3.12/site-packages/airflow/example_dags/example_params_trigger_ui.py
[2025-07-28T16:00:17.599+0000] {processor.py:914} INFO - Processing file /home/airflow/.local/lib/python3.12/site-packages/airflow/example_dags/example_params_trigger_ui.py for tasks to queue
[2025-07-28T16:00:17.604+0000] {logging_mixin.py:190} INFO - [2025-07-28T16:00:17.603+0000] {dagbag.py:587} INFO - Filling up the DagBag from /home/airflow/.local/lib/python3.12/site-packages/airflow/example_dags/example_params_trigger_ui.py
[2025-07-28T16:00:17.622+0000] {processor.py:925} INFO - DAG(s) 'example_params_trigger_ui' retrieved from /home/airflow/.local/lib/python3.12/site-packages/airflow/example_dags/example_params_trigger_ui.py
[2025-07-28T16:00:17.668+0000] {logging_mixin.py:190} INFO - [2025-07-28T16:00:17.668+0000] {dag.py:3229} INFO - Sync 1 DAGs
[2025-07-28T16:00:17.685+0000] {logging_mixin.py:190} INFO - [2025-07-28T16:00:17.685+0000] {dag.py:4156} INFO - Setting next_dagrun for example_params_trigger_ui to None, run_after=None
[2025-07-28T16:00:17.718+0000] {processor.py:208} INFO - Processing /home/airflow/.local/lib/python3.12/site-packages/airflow/example_dags/example_params_trigger_ui.py took 0.133 seconds
[2025-07-28T16:00:48.592+0000] {processor.py:186} INFO - Started process (PID=2248) to work on /home/airflow/.local/lib/python3.12/site-packages/airflow/example_dags/example_params_trigger_ui.py
[2025-07-28T16:00:48.595+0000] {processor.py:914} INFO - Processing file /home/airflow/.local/lib/python3.12/site-packages/airflow/example_dags/example_params_trigger_ui.py for tasks to queue
[2025-07-28T16:00:48.601+0000] {logging_mixin.py:190} INFO - [2025-07-28T16:00:48.600+0000] {dagbag.py:587} INFO - Filling up the DagBag from /home/airflow/.local/lib/python3.12/site-packages/airflow/example_dags/example_params_trigger_ui.py
[2025-07-28T16:00:48.621+0000] {processor.py:925} INFO - DAG(s) 'example_params_trigger_ui' retrieved from /home/airflow/.local/lib/python3.12/site-packages/airflow/example_dags/example_params_trigger_ui.py
[2025-07-28T16:00:48.679+0000] {logging_mixin.py:190} INFO - [2025-07-28T16:00:48.679+0000] {dag.py:3229} INFO - Sync 1 DAGs
[2025-07-28T16:00:48.696+0000] {logging_mixin.py:190} INFO - [2025-07-28T16:00:48.696+0000] {dag.py:4156} INFO - Setting next_dagrun for example_params_trigger_ui to None, run_after=None
[2025-07-28T16:00:48.718+0000] {processor.py:208} INFO - Processing /home/airflow/.local/lib/python3.12/site-packages/airflow/example_dags/example_params_trigger_ui.py took 0.133 seconds
