[2025-07-28T15:42:54.120+0000] {processor.py:186} INFO - Started process (PID=99) to work on /home/airflow/.local/lib/python3.12/site-packages/airflow/example_dags/example_bash_operator.py
[2025-07-28T15:42:54.121+0000] {processor.py:914} INFO - Processing file /home/airflow/.local/lib/python3.12/site-packages/airflow/example_dags/example_bash_operator.py for tasks to queue
[2025-07-28T15:42:54.123+0000] {logging_mixin.py:190} INFO - [2025-07-28T15:42:54.123+0000] {dagbag.py:587} INFO - Filling up the DagBag from /home/airflow/.local/lib/python3.12/site-packages/airflow/example_dags/example_bash_operator.py
[2025-07-28T15:42:54.131+0000] {processor.py:925} INFO - DAG(s) 'example_bash_operator' retrieved from /home/airflow/.local/lib/python3.12/site-packages/airflow/example_dags/example_bash_operator.py
[2025-07-28T15:42:54.184+0000] {logging_mixin.py:190} INFO - [2025-07-28T15:42:54.183+0000] {override.py:1900} INFO - Created Permission View: can edit on DAG:example_bash_operator
[2025-07-28T15:42:54.187+0000] {logging_mixin.py:190} INFO - [2025-07-28T15:42:54.187+0000] {override.py:1900} INFO - Created Permission View: can read on DAG:example_bash_operator
[2025-07-28T15:42:54.190+0000] {logging_mixin.py:190} INFO - [2025-07-28T15:42:54.190+0000] {override.py:1900} INFO - Created Permission View: can delete on DAG:example_bash_operator
[2025-07-28T15:42:54.192+0000] {logging_mixin.py:190} INFO - [2025-07-28T15:42:54.192+0000] {override.py:1900} INFO - Created Permission View: can read on DAG Run:example_bash_operator
[2025-07-28T15:42:54.194+0000] {logging_mixin.py:190} INFO - [2025-07-28T15:42:54.194+0000] {override.py:1900} INFO - Created Permission View: can delete on DAG Run:example_bash_operator
[2025-07-28T15:42:54.196+0000] {logging_mixin.py:190} INFO - [2025-07-28T15:42:54.196+0000] {override.py:1900} INFO - Created Permission View: can create on DAG Run:example_bash_operator
[2025-07-28T15:42:54.198+0000] {logging_mixin.py:190} INFO - [2025-07-28T15:42:54.198+0000] {override.py:1900} INFO - Created Permission View: menu access on DAG Run:example_bash_operator
[2025-07-28T15:42:54.199+0000] {logging_mixin.py:190} INFO - [2025-07-28T15:42:54.199+0000] {dag.py:3229} INFO - Sync 1 DAGs
[2025-07-28T15:42:54.207+0000] {logging_mixin.py:190} INFO - [2025-07-28T15:42:54.207+0000] {dag.py:3252} INFO - Creating ORM DAG for example_bash_operator
[2025-07-28T15:42:54.213+0000] {logging_mixin.py:190} INFO - [2025-07-28T15:42:54.213+0000] {dag.py:4156} INFO - Setting next_dagrun for example_bash_operator to 2025-07-27 00:00:00+00:00, run_after=2025-07-28 00:00:00+00:00
[2025-07-28T15:42:54.223+0000] {processor.py:208} INFO - Processing /home/airflow/.local/lib/python3.12/site-packages/airflow/example_dags/example_bash_operator.py took 0.107 seconds
[2025-07-28T15:43:24.407+0000] {processor.py:186} INFO - Started process (PID=161) to work on /home/airflow/.local/lib/python3.12/site-packages/airflow/example_dags/example_bash_operator.py
[2025-07-28T15:43:24.408+0000] {processor.py:914} INFO - Processing file /home/airflow/.local/lib/python3.12/site-packages/airflow/example_dags/example_bash_operator.py for tasks to queue
[2025-07-28T15:43:24.410+0000] {logging_mixin.py:190} INFO - [2025-07-28T15:43:24.409+0000] {dagbag.py:587} INFO - Filling up the DagBag from /home/airflow/.local/lib/python3.12/site-packages/airflow/example_dags/example_bash_operator.py
[2025-07-28T15:43:24.417+0000] {processor.py:925} INFO - DAG(s) 'example_bash_operator' retrieved from /home/airflow/.local/lib/python3.12/site-packages/airflow/example_dags/example_bash_operator.py
[2025-07-28T15:43:24.431+0000] {logging_mixin.py:190} INFO - [2025-07-28T15:43:24.431+0000] {dag.py:3229} INFO - Sync 1 DAGs
[2025-07-28T15:43:24.449+0000] {logging_mixin.py:190} INFO - [2025-07-28T15:43:24.449+0000] {dag.py:4156} INFO - Setting next_dagrun for example_bash_operator to 2025-07-27 00:00:00+00:00, run_after=2025-07-28 00:00:00+00:00
[2025-07-28T15:43:24.464+0000] {processor.py:208} INFO - Processing /home/airflow/.local/lib/python3.12/site-packages/airflow/example_dags/example_bash_operator.py took 0.061 seconds
[2025-07-28T15:43:55.262+0000] {processor.py:186} INFO - Started process (PID=223) to work on /home/airflow/.local/lib/python3.12/site-packages/airflow/example_dags/example_bash_operator.py
[2025-07-28T15:43:55.262+0000] {processor.py:914} INFO - Processing file /home/airflow/.local/lib/python3.12/site-packages/airflow/example_dags/example_bash_operator.py for tasks to queue
[2025-07-28T15:43:55.264+0000] {logging_mixin.py:190} INFO - [2025-07-28T15:43:55.264+0000] {dagbag.py:587} INFO - Filling up the DagBag from /home/airflow/.local/lib/python3.12/site-packages/airflow/example_dags/example_bash_operator.py
[2025-07-28T15:43:55.278+0000] {processor.py:925} INFO - DAG(s) 'example_bash_operator' retrieved from /home/airflow/.local/lib/python3.12/site-packages/airflow/example_dags/example_bash_operator.py
[2025-07-28T15:43:55.311+0000] {logging_mixin.py:190} INFO - [2025-07-28T15:43:55.310+0000] {dag.py:3229} INFO - Sync 1 DAGs
[2025-07-28T15:43:55.350+0000] {logging_mixin.py:190} INFO - [2025-07-28T15:43:55.350+0000] {dag.py:4156} INFO - Setting next_dagrun for example_bash_operator to 2025-07-27 00:00:00+00:00, run_after=2025-07-28 00:00:00+00:00
[2025-07-28T15:43:55.375+0000] {processor.py:208} INFO - Processing /home/airflow/.local/lib/python3.12/site-packages/airflow/example_dags/example_bash_operator.py took 0.117 seconds
[2025-07-28T15:44:25.728+0000] {processor.py:186} INFO - Started process (PID=285) to work on /home/airflow/.local/lib/python3.12/site-packages/airflow/example_dags/example_bash_operator.py
[2025-07-28T15:44:25.728+0000] {processor.py:914} INFO - Processing file /home/airflow/.local/lib/python3.12/site-packages/airflow/example_dags/example_bash_operator.py for tasks to queue
[2025-07-28T15:44:25.729+0000] {logging_mixin.py:190} INFO - [2025-07-28T15:44:25.729+0000] {dagbag.py:587} INFO - Filling up the DagBag from /home/airflow/.local/lib/python3.12/site-packages/airflow/example_dags/example_bash_operator.py
[2025-07-28T15:44:25.736+0000] {processor.py:925} INFO - DAG(s) 'example_bash_operator' retrieved from /home/airflow/.local/lib/python3.12/site-packages/airflow/example_dags/example_bash_operator.py
[2025-07-28T15:44:25.747+0000] {logging_mixin.py:190} INFO - [2025-07-28T15:44:25.747+0000] {dag.py:3229} INFO - Sync 1 DAGs
[2025-07-28T15:44:25.759+0000] {logging_mixin.py:190} INFO - [2025-07-28T15:44:25.759+0000] {dag.py:4156} INFO - Setting next_dagrun for example_bash_operator to 2025-07-27 00:00:00+00:00, run_after=2025-07-28 00:00:00+00:00
[2025-07-28T15:44:25.768+0000] {processor.py:208} INFO - Processing /home/airflow/.local/lib/python3.12/site-packages/airflow/example_dags/example_bash_operator.py took 0.043 seconds
[2025-07-28T15:44:56.269+0000] {processor.py:186} INFO - Started process (PID=347) to work on /home/airflow/.local/lib/python3.12/site-packages/airflow/example_dags/example_bash_operator.py
[2025-07-28T15:44:56.269+0000] {processor.py:914} INFO - Processing file /home/airflow/.local/lib/python3.12/site-packages/airflow/example_dags/example_bash_operator.py for tasks to queue
[2025-07-28T15:44:56.271+0000] {logging_mixin.py:190} INFO - [2025-07-28T15:44:56.270+0000] {dagbag.py:587} INFO - Filling up the DagBag from /home/airflow/.local/lib/python3.12/site-packages/airflow/example_dags/example_bash_operator.py
[2025-07-28T15:44:56.277+0000] {processor.py:925} INFO - DAG(s) 'example_bash_operator' retrieved from /home/airflow/.local/lib/python3.12/site-packages/airflow/example_dags/example_bash_operator.py
[2025-07-28T15:44:56.288+0000] {logging_mixin.py:190} INFO - [2025-07-28T15:44:56.288+0000] {dag.py:3229} INFO - Sync 1 DAGs
[2025-07-28T15:44:56.298+0000] {logging_mixin.py:190} INFO - [2025-07-28T15:44:56.297+0000] {dag.py:4156} INFO - Setting next_dagrun for example_bash_operator to 2025-07-27 00:00:00+00:00, run_after=2025-07-28 00:00:00+00:00
[2025-07-28T15:44:56.304+0000] {processor.py:208} INFO - Processing /home/airflow/.local/lib/python3.12/site-packages/airflow/example_dags/example_bash_operator.py took 0.038 seconds
[2025-07-28T15:45:27.201+0000] {processor.py:186} INFO - Started process (PID=409) to work on /home/airflow/.local/lib/python3.12/site-packages/airflow/example_dags/example_bash_operator.py
[2025-07-28T15:45:27.202+0000] {processor.py:914} INFO - Processing file /home/airflow/.local/lib/python3.12/site-packages/airflow/example_dags/example_bash_operator.py for tasks to queue
[2025-07-28T15:45:27.203+0000] {logging_mixin.py:190} INFO - [2025-07-28T15:45:27.203+0000] {dagbag.py:587} INFO - Filling up the DagBag from /home/airflow/.local/lib/python3.12/site-packages/airflow/example_dags/example_bash_operator.py
[2025-07-28T15:45:27.210+0000] {processor.py:925} INFO - DAG(s) 'example_bash_operator' retrieved from /home/airflow/.local/lib/python3.12/site-packages/airflow/example_dags/example_bash_operator.py
[2025-07-28T15:45:27.232+0000] {logging_mixin.py:190} INFO - [2025-07-28T15:45:27.231+0000] {dag.py:3229} INFO - Sync 1 DAGs
[2025-07-28T15:45:27.246+0000] {logging_mixin.py:190} INFO - [2025-07-28T15:45:27.246+0000] {dag.py:4156} INFO - Setting next_dagrun for example_bash_operator to 2025-07-27 00:00:00+00:00, run_after=2025-07-28 00:00:00+00:00
[2025-07-28T15:45:27.255+0000] {processor.py:208} INFO - Processing /home/airflow/.local/lib/python3.12/site-packages/airflow/example_dags/example_bash_operator.py took 0.057 seconds
[2025-07-28T15:45:58.003+0000] {processor.py:186} INFO - Started process (PID=471) to work on /home/airflow/.local/lib/python3.12/site-packages/airflow/example_dags/example_bash_operator.py
[2025-07-28T15:45:58.003+0000] {processor.py:914} INFO - Processing file /home/airflow/.local/lib/python3.12/site-packages/airflow/example_dags/example_bash_operator.py for tasks to queue
[2025-07-28T15:45:58.005+0000] {logging_mixin.py:190} INFO - [2025-07-28T15:45:58.005+0000] {dagbag.py:587} INFO - Filling up the DagBag from /home/airflow/.local/lib/python3.12/site-packages/airflow/example_dags/example_bash_operator.py
[2025-07-28T15:45:58.013+0000] {processor.py:925} INFO - DAG(s) 'example_bash_operator' retrieved from /home/airflow/.local/lib/python3.12/site-packages/airflow/example_dags/example_bash_operator.py
[2025-07-28T15:45:58.027+0000] {logging_mixin.py:190} INFO - [2025-07-28T15:45:58.027+0000] {dag.py:3229} INFO - Sync 1 DAGs
[2025-07-28T15:45:58.039+0000] {logging_mixin.py:190} INFO - [2025-07-28T15:45:58.039+0000] {dag.py:4156} INFO - Setting next_dagrun for example_bash_operator to 2025-07-27 00:00:00+00:00, run_after=2025-07-28 00:00:00+00:00
[2025-07-28T15:45:58.047+0000] {processor.py:208} INFO - Processing /home/airflow/.local/lib/python3.12/site-packages/airflow/example_dags/example_bash_operator.py took 0.048 seconds
[2025-07-28T15:46:28.513+0000] {processor.py:186} INFO - Started process (PID=533) to work on /home/airflow/.local/lib/python3.12/site-packages/airflow/example_dags/example_bash_operator.py
[2025-07-28T15:46:28.515+0000] {processor.py:914} INFO - Processing file /home/airflow/.local/lib/python3.12/site-packages/airflow/example_dags/example_bash_operator.py for tasks to queue
[2025-07-28T15:46:28.516+0000] {logging_mixin.py:190} INFO - [2025-07-28T15:46:28.516+0000] {dagbag.py:587} INFO - Filling up the DagBag from /home/airflow/.local/lib/python3.12/site-packages/airflow/example_dags/example_bash_operator.py
[2025-07-28T15:46:28.527+0000] {processor.py:925} INFO - DAG(s) 'example_bash_operator' retrieved from /home/airflow/.local/lib/python3.12/site-packages/airflow/example_dags/example_bash_operator.py
[2025-07-28T15:46:28.552+0000] {logging_mixin.py:190} INFO - [2025-07-28T15:46:28.552+0000] {dag.py:3229} INFO - Sync 1 DAGs
[2025-07-28T15:46:28.563+0000] {logging_mixin.py:190} INFO - [2025-07-28T15:46:28.563+0000] {dag.py:4156} INFO - Setting next_dagrun for example_bash_operator to 2025-07-27 00:00:00+00:00, run_after=2025-07-28 00:00:00+00:00
[2025-07-28T15:46:28.574+0000] {processor.py:208} INFO - Processing /home/airflow/.local/lib/python3.12/site-packages/airflow/example_dags/example_bash_operator.py took 0.064 seconds
[2025-07-28T15:46:59.034+0000] {processor.py:186} INFO - Started process (PID=595) to work on /home/airflow/.local/lib/python3.12/site-packages/airflow/example_dags/example_bash_operator.py
[2025-07-28T15:46:59.035+0000] {processor.py:914} INFO - Processing file /home/airflow/.local/lib/python3.12/site-packages/airflow/example_dags/example_bash_operator.py for tasks to queue
[2025-07-28T15:46:59.036+0000] {logging_mixin.py:190} INFO - [2025-07-28T15:46:59.036+0000] {dagbag.py:587} INFO - Filling up the DagBag from /home/airflow/.local/lib/python3.12/site-packages/airflow/example_dags/example_bash_operator.py
[2025-07-28T15:46:59.042+0000] {processor.py:925} INFO - DAG(s) 'example_bash_operator' retrieved from /home/airflow/.local/lib/python3.12/site-packages/airflow/example_dags/example_bash_operator.py
[2025-07-28T15:46:59.054+0000] {logging_mixin.py:190} INFO - [2025-07-28T15:46:59.054+0000] {dag.py:3229} INFO - Sync 1 DAGs
[2025-07-28T15:46:59.067+0000] {logging_mixin.py:190} INFO - [2025-07-28T15:46:59.067+0000] {dag.py:4156} INFO - Setting next_dagrun for example_bash_operator to 2025-07-27 00:00:00+00:00, run_after=2025-07-28 00:00:00+00:00
[2025-07-28T15:46:59.078+0000] {processor.py:208} INFO - Processing /home/airflow/.local/lib/python3.12/site-packages/airflow/example_dags/example_bash_operator.py took 0.047 seconds
[2025-07-28T15:47:30.758+0000] {processor.py:186} INFO - Started process (PID=657) to work on /home/airflow/.local/lib/python3.12/site-packages/airflow/example_dags/example_bash_operator.py
[2025-07-28T15:47:30.761+0000] {processor.py:914} INFO - Processing file /home/airflow/.local/lib/python3.12/site-packages/airflow/example_dags/example_bash_operator.py for tasks to queue
[2025-07-28T15:47:30.762+0000] {logging_mixin.py:190} INFO - [2025-07-28T15:47:30.762+0000] {dagbag.py:587} INFO - Filling up the DagBag from /home/airflow/.local/lib/python3.12/site-packages/airflow/example_dags/example_bash_operator.py
[2025-07-28T15:47:30.768+0000] {processor.py:925} INFO - DAG(s) 'example_bash_operator' retrieved from /home/airflow/.local/lib/python3.12/site-packages/airflow/example_dags/example_bash_operator.py
[2025-07-28T15:47:30.780+0000] {logging_mixin.py:190} INFO - [2025-07-28T15:47:30.780+0000] {dag.py:3229} INFO - Sync 1 DAGs
[2025-07-28T15:47:30.793+0000] {logging_mixin.py:190} INFO - [2025-07-28T15:47:30.793+0000] {dag.py:4156} INFO - Setting next_dagrun for example_bash_operator to 2025-07-27 00:00:00+00:00, run_after=2025-07-28 00:00:00+00:00
[2025-07-28T15:47:30.804+0000] {processor.py:208} INFO - Processing /home/airflow/.local/lib/python3.12/site-packages/airflow/example_dags/example_bash_operator.py took 0.049 seconds
[2025-07-28T15:48:01.119+0000] {processor.py:186} INFO - Started process (PID=719) to work on /home/airflow/.local/lib/python3.12/site-packages/airflow/example_dags/example_bash_operator.py
[2025-07-28T15:48:01.120+0000] {processor.py:914} INFO - Processing file /home/airflow/.local/lib/python3.12/site-packages/airflow/example_dags/example_bash_operator.py for tasks to queue
[2025-07-28T15:48:01.121+0000] {logging_mixin.py:190} INFO - [2025-07-28T15:48:01.121+0000] {dagbag.py:587} INFO - Filling up the DagBag from /home/airflow/.local/lib/python3.12/site-packages/airflow/example_dags/example_bash_operator.py
[2025-07-28T15:48:01.130+0000] {processor.py:925} INFO - DAG(s) 'example_bash_operator' retrieved from /home/airflow/.local/lib/python3.12/site-packages/airflow/example_dags/example_bash_operator.py
[2025-07-28T15:48:01.146+0000] {logging_mixin.py:190} INFO - [2025-07-28T15:48:01.146+0000] {dag.py:3229} INFO - Sync 1 DAGs
[2025-07-28T15:48:01.157+0000] {logging_mixin.py:190} INFO - [2025-07-28T15:48:01.157+0000] {dag.py:4156} INFO - Setting next_dagrun for example_bash_operator to 2025-07-27 00:00:00+00:00, run_after=2025-07-28 00:00:00+00:00
[2025-07-28T15:48:01.164+0000] {processor.py:208} INFO - Processing /home/airflow/.local/lib/python3.12/site-packages/airflow/example_dags/example_bash_operator.py took 0.048 seconds
[2025-07-28T15:48:31.341+0000] {processor.py:186} INFO - Started process (PID=781) to work on /home/airflow/.local/lib/python3.12/site-packages/airflow/example_dags/example_bash_operator.py
[2025-07-28T15:48:31.342+0000] {processor.py:914} INFO - Processing file /home/airflow/.local/lib/python3.12/site-packages/airflow/example_dags/example_bash_operator.py for tasks to queue
[2025-07-28T15:48:31.343+0000] {logging_mixin.py:190} INFO - [2025-07-28T15:48:31.343+0000] {dagbag.py:587} INFO - Filling up the DagBag from /home/airflow/.local/lib/python3.12/site-packages/airflow/example_dags/example_bash_operator.py
[2025-07-28T15:48:31.350+0000] {processor.py:925} INFO - DAG(s) 'example_bash_operator' retrieved from /home/airflow/.local/lib/python3.12/site-packages/airflow/example_dags/example_bash_operator.py
[2025-07-28T15:48:31.364+0000] {logging_mixin.py:190} INFO - [2025-07-28T15:48:31.364+0000] {dag.py:3229} INFO - Sync 1 DAGs
[2025-07-28T15:48:31.382+0000] {logging_mixin.py:190} INFO - [2025-07-28T15:48:31.382+0000] {dag.py:4156} INFO - Setting next_dagrun for example_bash_operator to 2025-07-27 00:00:00+00:00, run_after=2025-07-28 00:00:00+00:00
[2025-07-28T15:48:31.398+0000] {processor.py:208} INFO - Processing /home/airflow/.local/lib/python3.12/site-packages/airflow/example_dags/example_bash_operator.py took 0.061 seconds
[2025-07-28T15:49:02.104+0000] {processor.py:186} INFO - Started process (PID=843) to work on /home/airflow/.local/lib/python3.12/site-packages/airflow/example_dags/example_bash_operator.py
[2025-07-28T15:49:02.105+0000] {processor.py:914} INFO - Processing file /home/airflow/.local/lib/python3.12/site-packages/airflow/example_dags/example_bash_operator.py for tasks to queue
[2025-07-28T15:49:02.107+0000] {logging_mixin.py:190} INFO - [2025-07-28T15:49:02.107+0000] {dagbag.py:587} INFO - Filling up the DagBag from /home/airflow/.local/lib/python3.12/site-packages/airflow/example_dags/example_bash_operator.py
[2025-07-28T15:49:02.116+0000] {processor.py:925} INFO - DAG(s) 'example_bash_operator' retrieved from /home/airflow/.local/lib/python3.12/site-packages/airflow/example_dags/example_bash_operator.py
[2025-07-28T15:49:02.131+0000] {logging_mixin.py:190} INFO - [2025-07-28T15:49:02.131+0000] {dag.py:3229} INFO - Sync 1 DAGs
[2025-07-28T15:49:02.144+0000] {logging_mixin.py:190} INFO - [2025-07-28T15:49:02.144+0000] {dag.py:4156} INFO - Setting next_dagrun for example_bash_operator to 2025-07-27 00:00:00+00:00, run_after=2025-07-28 00:00:00+00:00
[2025-07-28T15:49:02.152+0000] {processor.py:208} INFO - Processing /home/airflow/.local/lib/python3.12/site-packages/airflow/example_dags/example_bash_operator.py took 0.053 seconds
[2025-07-28T15:49:32.655+0000] {processor.py:186} INFO - Started process (PID=905) to work on /home/airflow/.local/lib/python3.12/site-packages/airflow/example_dags/example_bash_operator.py
[2025-07-28T15:49:32.657+0000] {processor.py:914} INFO - Processing file /home/airflow/.local/lib/python3.12/site-packages/airflow/example_dags/example_bash_operator.py for tasks to queue
[2025-07-28T15:49:32.658+0000] {logging_mixin.py:190} INFO - [2025-07-28T15:49:32.658+0000] {dagbag.py:587} INFO - Filling up the DagBag from /home/airflow/.local/lib/python3.12/site-packages/airflow/example_dags/example_bash_operator.py
[2025-07-28T15:49:32.664+0000] {processor.py:925} INFO - DAG(s) 'example_bash_operator' retrieved from /home/airflow/.local/lib/python3.12/site-packages/airflow/example_dags/example_bash_operator.py
[2025-07-28T15:49:32.676+0000] {logging_mixin.py:190} INFO - [2025-07-28T15:49:32.676+0000] {dag.py:3229} INFO - Sync 1 DAGs
[2025-07-28T15:49:32.687+0000] {logging_mixin.py:190} INFO - [2025-07-28T15:49:32.687+0000] {dag.py:4156} INFO - Setting next_dagrun for example_bash_operator to 2025-07-27 00:00:00+00:00, run_after=2025-07-28 00:00:00+00:00
[2025-07-28T15:49:32.694+0000] {processor.py:208} INFO - Processing /home/airflow/.local/lib/python3.12/site-packages/airflow/example_dags/example_bash_operator.py took 0.042 seconds
[2025-07-28T15:50:03.840+0000] {processor.py:186} INFO - Started process (PID=967) to work on /home/airflow/.local/lib/python3.12/site-packages/airflow/example_dags/example_bash_operator.py
[2025-07-28T15:50:03.844+0000] {processor.py:914} INFO - Processing file /home/airflow/.local/lib/python3.12/site-packages/airflow/example_dags/example_bash_operator.py for tasks to queue
[2025-07-28T15:50:03.849+0000] {logging_mixin.py:190} INFO - [2025-07-28T15:50:03.849+0000] {dagbag.py:587} INFO - Filling up the DagBag from /home/airflow/.local/lib/python3.12/site-packages/airflow/example_dags/example_bash_operator.py
[2025-07-28T15:50:03.868+0000] {processor.py:925} INFO - DAG(s) 'example_bash_operator' retrieved from /home/airflow/.local/lib/python3.12/site-packages/airflow/example_dags/example_bash_operator.py
[2025-07-28T15:50:03.890+0000] {logging_mixin.py:190} INFO - [2025-07-28T15:50:03.890+0000] {dag.py:3229} INFO - Sync 1 DAGs
[2025-07-28T15:50:03.906+0000] {logging_mixin.py:190} INFO - [2025-07-28T15:50:03.906+0000] {dag.py:4156} INFO - Setting next_dagrun for example_bash_operator to 2025-07-27 00:00:00+00:00, run_after=2025-07-28 00:00:00+00:00
[2025-07-28T15:50:03.919+0000] {processor.py:208} INFO - Processing /home/airflow/.local/lib/python3.12/site-packages/airflow/example_dags/example_bash_operator.py took 0.088 seconds
[2025-07-28T15:50:33.956+0000] {processor.py:186} INFO - Started process (PID=1029) to work on /home/airflow/.local/lib/python3.12/site-packages/airflow/example_dags/example_bash_operator.py
[2025-07-28T15:50:33.957+0000] {processor.py:914} INFO - Processing file /home/airflow/.local/lib/python3.12/site-packages/airflow/example_dags/example_bash_operator.py for tasks to queue
[2025-07-28T15:50:33.958+0000] {logging_mixin.py:190} INFO - [2025-07-28T15:50:33.957+0000] {dagbag.py:587} INFO - Filling up the DagBag from /home/airflow/.local/lib/python3.12/site-packages/airflow/example_dags/example_bash_operator.py
[2025-07-28T15:50:33.963+0000] {processor.py:925} INFO - DAG(s) 'example_bash_operator' retrieved from /home/airflow/.local/lib/python3.12/site-packages/airflow/example_dags/example_bash_operator.py
[2025-07-28T15:50:33.976+0000] {logging_mixin.py:190} INFO - [2025-07-28T15:50:33.976+0000] {dag.py:3229} INFO - Sync 1 DAGs
[2025-07-28T15:50:33.986+0000] {logging_mixin.py:190} INFO - [2025-07-28T15:50:33.986+0000] {dag.py:4156} INFO - Setting next_dagrun for example_bash_operator to 2025-07-27 00:00:00+00:00, run_after=2025-07-28 00:00:00+00:00
[2025-07-28T15:50:33.994+0000] {processor.py:208} INFO - Processing /home/airflow/.local/lib/python3.12/site-packages/airflow/example_dags/example_bash_operator.py took 0.041 seconds
[2025-07-28T15:51:05.044+0000] {processor.py:186} INFO - Started process (PID=1091) to work on /home/airflow/.local/lib/python3.12/site-packages/airflow/example_dags/example_bash_operator.py
[2025-07-28T15:51:05.045+0000] {processor.py:914} INFO - Processing file /home/airflow/.local/lib/python3.12/site-packages/airflow/example_dags/example_bash_operator.py for tasks to queue
[2025-07-28T15:51:05.046+0000] {logging_mixin.py:190} INFO - [2025-07-28T15:51:05.046+0000] {dagbag.py:587} INFO - Filling up the DagBag from /home/airflow/.local/lib/python3.12/site-packages/airflow/example_dags/example_bash_operator.py
[2025-07-28T15:51:05.060+0000] {processor.py:925} INFO - DAG(s) 'example_bash_operator' retrieved from /home/airflow/.local/lib/python3.12/site-packages/airflow/example_dags/example_bash_operator.py
[2025-07-28T15:51:05.078+0000] {logging_mixin.py:190} INFO - [2025-07-28T15:51:05.078+0000] {dag.py:3229} INFO - Sync 1 DAGs
[2025-07-28T15:51:05.093+0000] {logging_mixin.py:190} INFO - [2025-07-28T15:51:05.093+0000] {dag.py:4156} INFO - Setting next_dagrun for example_bash_operator to 2025-07-27 00:00:00+00:00, run_after=2025-07-28 00:00:00+00:00
[2025-07-28T15:51:05.110+0000] {processor.py:208} INFO - Processing /home/airflow/.local/lib/python3.12/site-packages/airflow/example_dags/example_bash_operator.py took 0.070 seconds
[2025-07-28T15:51:36.001+0000] {processor.py:186} INFO - Started process (PID=1153) to work on /home/airflow/.local/lib/python3.12/site-packages/airflow/example_dags/example_bash_operator.py
[2025-07-28T15:51:36.001+0000] {processor.py:914} INFO - Processing file /home/airflow/.local/lib/python3.12/site-packages/airflow/example_dags/example_bash_operator.py for tasks to queue
[2025-07-28T15:51:36.003+0000] {logging_mixin.py:190} INFO - [2025-07-28T15:51:36.002+0000] {dagbag.py:587} INFO - Filling up the DagBag from /home/airflow/.local/lib/python3.12/site-packages/airflow/example_dags/example_bash_operator.py
[2025-07-28T15:51:36.008+0000] {processor.py:925} INFO - DAG(s) 'example_bash_operator' retrieved from /home/airflow/.local/lib/python3.12/site-packages/airflow/example_dags/example_bash_operator.py
[2025-07-28T15:51:36.022+0000] {logging_mixin.py:190} INFO - [2025-07-28T15:51:36.022+0000] {dag.py:3229} INFO - Sync 1 DAGs
[2025-07-28T15:51:36.037+0000] {logging_mixin.py:190} INFO - [2025-07-28T15:51:36.037+0000] {dag.py:4156} INFO - Setting next_dagrun for example_bash_operator to 2025-07-27 00:00:00+00:00, run_after=2025-07-28 00:00:00+00:00
[2025-07-28T15:51:36.051+0000] {processor.py:208} INFO - Processing /home/airflow/.local/lib/python3.12/site-packages/airflow/example_dags/example_bash_operator.py took 0.053 seconds
[2025-07-28T15:52:07.129+0000] {processor.py:186} INFO - Started process (PID=1215) to work on /home/airflow/.local/lib/python3.12/site-packages/airflow/example_dags/example_bash_operator.py
[2025-07-28T15:52:07.130+0000] {processor.py:914} INFO - Processing file /home/airflow/.local/lib/python3.12/site-packages/airflow/example_dags/example_bash_operator.py for tasks to queue
[2025-07-28T15:52:07.133+0000] {logging_mixin.py:190} INFO - [2025-07-28T15:52:07.133+0000] {dagbag.py:587} INFO - Filling up the DagBag from /home/airflow/.local/lib/python3.12/site-packages/airflow/example_dags/example_bash_operator.py
[2025-07-28T15:52:07.140+0000] {processor.py:925} INFO - DAG(s) 'example_bash_operator' retrieved from /home/airflow/.local/lib/python3.12/site-packages/airflow/example_dags/example_bash_operator.py
[2025-07-28T15:52:07.162+0000] {logging_mixin.py:190} INFO - [2025-07-28T15:52:07.162+0000] {dag.py:3229} INFO - Sync 1 DAGs
[2025-07-28T15:52:07.173+0000] {logging_mixin.py:190} INFO - [2025-07-28T15:52:07.173+0000] {dag.py:4156} INFO - Setting next_dagrun for example_bash_operator to 2025-07-27 00:00:00+00:00, run_after=2025-07-28 00:00:00+00:00
[2025-07-28T15:52:07.181+0000] {processor.py:208} INFO - Processing /home/airflow/.local/lib/python3.12/site-packages/airflow/example_dags/example_bash_operator.py took 0.055 seconds
[2025-07-28T15:52:38.201+0000] {processor.py:186} INFO - Started process (PID=1277) to work on /home/airflow/.local/lib/python3.12/site-packages/airflow/example_dags/example_bash_operator.py
[2025-07-28T15:52:38.202+0000] {processor.py:914} INFO - Processing file /home/airflow/.local/lib/python3.12/site-packages/airflow/example_dags/example_bash_operator.py for tasks to queue
[2025-07-28T15:52:38.204+0000] {logging_mixin.py:190} INFO - [2025-07-28T15:52:38.204+0000] {dagbag.py:587} INFO - Filling up the DagBag from /home/airflow/.local/lib/python3.12/site-packages/airflow/example_dags/example_bash_operator.py
[2025-07-28T15:52:38.213+0000] {processor.py:925} INFO - DAG(s) 'example_bash_operator' retrieved from /home/airflow/.local/lib/python3.12/site-packages/airflow/example_dags/example_bash_operator.py
[2025-07-28T15:52:38.224+0000] {logging_mixin.py:190} INFO - [2025-07-28T15:52:38.224+0000] {dag.py:3229} INFO - Sync 1 DAGs
[2025-07-28T15:52:38.234+0000] {logging_mixin.py:190} INFO - [2025-07-28T15:52:38.234+0000] {dag.py:4156} INFO - Setting next_dagrun for example_bash_operator to 2025-07-27 00:00:00+00:00, run_after=2025-07-28 00:00:00+00:00
[2025-07-28T15:52:38.244+0000] {processor.py:208} INFO - Processing /home/airflow/.local/lib/python3.12/site-packages/airflow/example_dags/example_bash_operator.py took 0.046 seconds
[2025-07-28T15:53:09.100+0000] {processor.py:186} INFO - Started process (PID=1339) to work on /home/airflow/.local/lib/python3.12/site-packages/airflow/example_dags/example_bash_operator.py
[2025-07-28T15:53:09.102+0000] {processor.py:914} INFO - Processing file /home/airflow/.local/lib/python3.12/site-packages/airflow/example_dags/example_bash_operator.py for tasks to queue
[2025-07-28T15:53:09.103+0000] {logging_mixin.py:190} INFO - [2025-07-28T15:53:09.103+0000] {dagbag.py:587} INFO - Filling up the DagBag from /home/airflow/.local/lib/python3.12/site-packages/airflow/example_dags/example_bash_operator.py
[2025-07-28T15:53:09.109+0000] {processor.py:925} INFO - DAG(s) 'example_bash_operator' retrieved from /home/airflow/.local/lib/python3.12/site-packages/airflow/example_dags/example_bash_operator.py
[2025-07-28T15:53:09.121+0000] {logging_mixin.py:190} INFO - [2025-07-28T15:53:09.121+0000] {dag.py:3229} INFO - Sync 1 DAGs
[2025-07-28T15:53:09.131+0000] {logging_mixin.py:190} INFO - [2025-07-28T15:53:09.131+0000] {dag.py:4156} INFO - Setting next_dagrun for example_bash_operator to 2025-07-27 00:00:00+00:00, run_after=2025-07-28 00:00:00+00:00
[2025-07-28T15:53:09.138+0000] {processor.py:208} INFO - Processing /home/airflow/.local/lib/python3.12/site-packages/airflow/example_dags/example_bash_operator.py took 0.041 seconds
[2025-07-28T15:53:40.733+0000] {processor.py:186} INFO - Started process (PID=1402) to work on /home/airflow/.local/lib/python3.12/site-packages/airflow/example_dags/example_bash_operator.py
[2025-07-28T15:53:40.735+0000] {processor.py:914} INFO - Processing file /home/airflow/.local/lib/python3.12/site-packages/airflow/example_dags/example_bash_operator.py for tasks to queue
[2025-07-28T15:53:40.737+0000] {logging_mixin.py:190} INFO - [2025-07-28T15:53:40.737+0000] {dagbag.py:587} INFO - Filling up the DagBag from /home/airflow/.local/lib/python3.12/site-packages/airflow/example_dags/example_bash_operator.py
[2025-07-28T15:53:40.755+0000] {processor.py:925} INFO - DAG(s) 'example_bash_operator' retrieved from /home/airflow/.local/lib/python3.12/site-packages/airflow/example_dags/example_bash_operator.py
[2025-07-28T15:53:40.812+0000] {logging_mixin.py:190} INFO - [2025-07-28T15:53:40.812+0000] {dag.py:3229} INFO - Sync 1 DAGs
[2025-07-28T15:53:40.857+0000] {logging_mixin.py:190} INFO - [2025-07-28T15:53:40.856+0000] {dag.py:4156} INFO - Setting next_dagrun for example_bash_operator to 2025-07-27 00:00:00+00:00, run_after=2025-07-28 00:00:00+00:00
[2025-07-28T15:53:40.879+0000] {processor.py:208} INFO - Processing /home/airflow/.local/lib/python3.12/site-packages/airflow/example_dags/example_bash_operator.py took 0.152 seconds
[2025-07-28T15:54:11.071+0000] {processor.py:186} INFO - Started process (PID=1465) to work on /home/airflow/.local/lib/python3.12/site-packages/airflow/example_dags/example_bash_operator.py
[2025-07-28T15:54:11.071+0000] {processor.py:914} INFO - Processing file /home/airflow/.local/lib/python3.12/site-packages/airflow/example_dags/example_bash_operator.py for tasks to queue
[2025-07-28T15:54:11.073+0000] {logging_mixin.py:190} INFO - [2025-07-28T15:54:11.073+0000] {dagbag.py:587} INFO - Filling up the DagBag from /home/airflow/.local/lib/python3.12/site-packages/airflow/example_dags/example_bash_operator.py
[2025-07-28T15:54:11.081+0000] {processor.py:925} INFO - DAG(s) 'example_bash_operator' retrieved from /home/airflow/.local/lib/python3.12/site-packages/airflow/example_dags/example_bash_operator.py
[2025-07-28T15:54:11.100+0000] {logging_mixin.py:190} INFO - [2025-07-28T15:54:11.100+0000] {dag.py:3229} INFO - Sync 1 DAGs
[2025-07-28T15:54:11.111+0000] {logging_mixin.py:190} INFO - [2025-07-28T15:54:11.110+0000] {dag.py:4156} INFO - Setting next_dagrun for example_bash_operator to 2025-07-27 00:00:00+00:00, run_after=2025-07-28 00:00:00+00:00
[2025-07-28T15:54:11.120+0000] {processor.py:208} INFO - Processing /home/airflow/.local/lib/python3.12/site-packages/airflow/example_dags/example_bash_operator.py took 0.052 seconds
[2025-07-28T15:54:41.930+0000] {processor.py:186} INFO - Started process (PID=1528) to work on /home/airflow/.local/lib/python3.12/site-packages/airflow/example_dags/example_bash_operator.py
[2025-07-28T15:54:41.931+0000] {processor.py:914} INFO - Processing file /home/airflow/.local/lib/python3.12/site-packages/airflow/example_dags/example_bash_operator.py for tasks to queue
[2025-07-28T15:54:41.933+0000] {logging_mixin.py:190} INFO - [2025-07-28T15:54:41.932+0000] {dagbag.py:587} INFO - Filling up the DagBag from /home/airflow/.local/lib/python3.12/site-packages/airflow/example_dags/example_bash_operator.py
[2025-07-28T15:54:41.939+0000] {processor.py:925} INFO - DAG(s) 'example_bash_operator' retrieved from /home/airflow/.local/lib/python3.12/site-packages/airflow/example_dags/example_bash_operator.py
[2025-07-28T15:54:41.951+0000] {logging_mixin.py:190} INFO - [2025-07-28T15:54:41.951+0000] {dag.py:3229} INFO - Sync 1 DAGs
[2025-07-28T15:54:41.962+0000] {logging_mixin.py:190} INFO - [2025-07-28T15:54:41.962+0000] {dag.py:4156} INFO - Setting next_dagrun for example_bash_operator to 2025-07-27 00:00:00+00:00, run_after=2025-07-28 00:00:00+00:00
[2025-07-28T15:54:41.969+0000] {processor.py:208} INFO - Processing /home/airflow/.local/lib/python3.12/site-packages/airflow/example_dags/example_bash_operator.py took 0.042 seconds
[2025-07-28T15:55:12.642+0000] {processor.py:186} INFO - Started process (PID=1591) to work on /home/airflow/.local/lib/python3.12/site-packages/airflow/example_dags/example_bash_operator.py
[2025-07-28T15:55:12.642+0000] {processor.py:914} INFO - Processing file /home/airflow/.local/lib/python3.12/site-packages/airflow/example_dags/example_bash_operator.py for tasks to queue
[2025-07-28T15:55:12.643+0000] {logging_mixin.py:190} INFO - [2025-07-28T15:55:12.643+0000] {dagbag.py:587} INFO - Filling up the DagBag from /home/airflow/.local/lib/python3.12/site-packages/airflow/example_dags/example_bash_operator.py
[2025-07-28T15:55:12.650+0000] {processor.py:925} INFO - DAG(s) 'example_bash_operator' retrieved from /home/airflow/.local/lib/python3.12/site-packages/airflow/example_dags/example_bash_operator.py
[2025-07-28T15:55:12.668+0000] {logging_mixin.py:190} INFO - [2025-07-28T15:55:12.668+0000] {dag.py:3229} INFO - Sync 1 DAGs
[2025-07-28T15:55:12.680+0000] {logging_mixin.py:190} INFO - [2025-07-28T15:55:12.680+0000] {dag.py:4156} INFO - Setting next_dagrun for example_bash_operator to 2025-07-27 00:00:00+00:00, run_after=2025-07-28 00:00:00+00:00
[2025-07-28T15:55:12.688+0000] {processor.py:208} INFO - Processing /home/airflow/.local/lib/python3.12/site-packages/airflow/example_dags/example_bash_operator.py took 0.049 seconds
[2025-07-28T15:55:43.678+0000] {processor.py:186} INFO - Started process (PID=1654) to work on /home/airflow/.local/lib/python3.12/site-packages/airflow/example_dags/example_bash_operator.py
[2025-07-28T15:55:43.681+0000] {processor.py:914} INFO - Processing file /home/airflow/.local/lib/python3.12/site-packages/airflow/example_dags/example_bash_operator.py for tasks to queue
[2025-07-28T15:55:43.682+0000] {logging_mixin.py:190} INFO - [2025-07-28T15:55:43.682+0000] {dagbag.py:587} INFO - Filling up the DagBag from /home/airflow/.local/lib/python3.12/site-packages/airflow/example_dags/example_bash_operator.py
[2025-07-28T15:55:43.689+0000] {processor.py:925} INFO - DAG(s) 'example_bash_operator' retrieved from /home/airflow/.local/lib/python3.12/site-packages/airflow/example_dags/example_bash_operator.py
[2025-07-28T15:55:43.703+0000] {logging_mixin.py:190} INFO - [2025-07-28T15:55:43.703+0000] {dag.py:3229} INFO - Sync 1 DAGs
[2025-07-28T15:55:43.714+0000] {logging_mixin.py:190} INFO - [2025-07-28T15:55:43.713+0000] {dag.py:4156} INFO - Setting next_dagrun for example_bash_operator to 2025-07-27 00:00:00+00:00, run_after=2025-07-28 00:00:00+00:00
[2025-07-28T15:55:43.721+0000] {processor.py:208} INFO - Processing /home/airflow/.local/lib/python3.12/site-packages/airflow/example_dags/example_bash_operator.py took 0.046 seconds
[2025-07-28T15:56:32.363+0000] {processor.py:186} INFO - Started process (PID=1724) to work on /home/airflow/.local/lib/python3.12/site-packages/airflow/example_dags/example_bash_operator.py
[2025-07-28T15:56:32.364+0000] {processor.py:914} INFO - Processing file /home/airflow/.local/lib/python3.12/site-packages/airflow/example_dags/example_bash_operator.py for tasks to queue
[2025-07-28T15:56:32.366+0000] {logging_mixin.py:190} INFO - [2025-07-28T15:56:32.366+0000] {dagbag.py:587} INFO - Filling up the DagBag from /home/airflow/.local/lib/python3.12/site-packages/airflow/example_dags/example_bash_operator.py
[2025-07-28T15:56:32.385+0000] {processor.py:925} INFO - DAG(s) 'example_bash_operator' retrieved from /home/airflow/.local/lib/python3.12/site-packages/airflow/example_dags/example_bash_operator.py
[2025-07-28T15:56:32.413+0000] {logging_mixin.py:190} INFO - [2025-07-28T15:56:32.412+0000] {dag.py:3229} INFO - Sync 1 DAGs
[2025-07-28T15:56:32.448+0000] {logging_mixin.py:190} INFO - [2025-07-28T15:56:32.448+0000] {dag.py:4156} INFO - Setting next_dagrun for example_bash_operator to 2025-07-27 00:00:00+00:00, run_after=2025-07-28 00:00:00+00:00
[2025-07-28T15:56:32.465+0000] {processor.py:208} INFO - Processing /home/airflow/.local/lib/python3.12/site-packages/airflow/example_dags/example_bash_operator.py took 0.108 seconds
[2025-07-28T15:57:03.314+0000] {processor.py:186} INFO - Started process (PID=1787) to work on /home/airflow/.local/lib/python3.12/site-packages/airflow/example_dags/example_bash_operator.py
[2025-07-28T15:57:03.316+0000] {processor.py:914} INFO - Processing file /home/airflow/.local/lib/python3.12/site-packages/airflow/example_dags/example_bash_operator.py for tasks to queue
[2025-07-28T15:57:03.322+0000] {logging_mixin.py:190} INFO - [2025-07-28T15:57:03.321+0000] {dagbag.py:587} INFO - Filling up the DagBag from /home/airflow/.local/lib/python3.12/site-packages/airflow/example_dags/example_bash_operator.py
[2025-07-28T15:57:03.346+0000] {processor.py:925} INFO - DAG(s) 'example_bash_operator' retrieved from /home/airflow/.local/lib/python3.12/site-packages/airflow/example_dags/example_bash_operator.py
[2025-07-28T15:57:03.399+0000] {logging_mixin.py:190} INFO - [2025-07-28T15:57:03.398+0000] {dag.py:3229} INFO - Sync 1 DAGs
[2025-07-28T15:57:03.439+0000] {logging_mixin.py:190} INFO - [2025-07-28T15:57:03.438+0000] {dag.py:4156} INFO - Setting next_dagrun for example_bash_operator to 2025-07-27 00:00:00+00:00, run_after=2025-07-28 00:00:00+00:00
[2025-07-28T15:57:03.475+0000] {processor.py:208} INFO - Processing /home/airflow/.local/lib/python3.12/site-packages/airflow/example_dags/example_bash_operator.py took 0.178 seconds
[2025-07-28T15:57:33.534+0000] {processor.py:186} INFO - Started process (PID=1848) to work on /home/airflow/.local/lib/python3.12/site-packages/airflow/example_dags/example_bash_operator.py
[2025-07-28T15:57:33.535+0000] {processor.py:914} INFO - Processing file /home/airflow/.local/lib/python3.12/site-packages/airflow/example_dags/example_bash_operator.py for tasks to queue
[2025-07-28T15:57:33.536+0000] {logging_mixin.py:190} INFO - [2025-07-28T15:57:33.536+0000] {dagbag.py:587} INFO - Filling up the DagBag from /home/airflow/.local/lib/python3.12/site-packages/airflow/example_dags/example_bash_operator.py
[2025-07-28T15:57:33.543+0000] {processor.py:925} INFO - DAG(s) 'example_bash_operator' retrieved from /home/airflow/.local/lib/python3.12/site-packages/airflow/example_dags/example_bash_operator.py
[2025-07-28T15:57:33.554+0000] {logging_mixin.py:190} INFO - [2025-07-28T15:57:33.554+0000] {dag.py:3229} INFO - Sync 1 DAGs
[2025-07-28T15:57:33.564+0000] {logging_mixin.py:190} INFO - [2025-07-28T15:57:33.563+0000] {dag.py:4156} INFO - Setting next_dagrun for example_bash_operator to 2025-07-27 00:00:00+00:00, run_after=2025-07-28 00:00:00+00:00
[2025-07-28T15:57:33.570+0000] {processor.py:208} INFO - Processing /home/airflow/.local/lib/python3.12/site-packages/airflow/example_dags/example_bash_operator.py took 0.039 seconds
[2025-07-28T15:58:03.984+0000] {processor.py:186} INFO - Started process (PID=1911) to work on /home/airflow/.local/lib/python3.12/site-packages/airflow/example_dags/example_bash_operator.py
[2025-07-28T15:58:03.987+0000] {processor.py:914} INFO - Processing file /home/airflow/.local/lib/python3.12/site-packages/airflow/example_dags/example_bash_operator.py for tasks to queue
[2025-07-28T15:58:03.988+0000] {logging_mixin.py:190} INFO - [2025-07-28T15:58:03.988+0000] {dagbag.py:587} INFO - Filling up the DagBag from /home/airflow/.local/lib/python3.12/site-packages/airflow/example_dags/example_bash_operator.py
[2025-07-28T15:58:03.994+0000] {processor.py:925} INFO - DAG(s) 'example_bash_operator' retrieved from /home/airflow/.local/lib/python3.12/site-packages/airflow/example_dags/example_bash_operator.py
[2025-07-28T15:58:04.005+0000] {logging_mixin.py:190} INFO - [2025-07-28T15:58:04.005+0000] {dag.py:3229} INFO - Sync 1 DAGs
[2025-07-28T15:58:04.015+0000] {logging_mixin.py:190} INFO - [2025-07-28T15:58:04.015+0000] {dag.py:4156} INFO - Setting next_dagrun for example_bash_operator to 2025-07-27 00:00:00+00:00, run_after=2025-07-28 00:00:00+00:00
[2025-07-28T15:58:04.024+0000] {processor.py:208} INFO - Processing /home/airflow/.local/lib/python3.12/site-packages/airflow/example_dags/example_bash_operator.py took 0.042 seconds
[2025-07-28T15:58:34.749+0000] {processor.py:186} INFO - Started process (PID=1974) to work on /home/airflow/.local/lib/python3.12/site-packages/airflow/example_dags/example_bash_operator.py
[2025-07-28T15:58:34.751+0000] {processor.py:914} INFO - Processing file /home/airflow/.local/lib/python3.12/site-packages/airflow/example_dags/example_bash_operator.py for tasks to queue
[2025-07-28T15:58:34.754+0000] {logging_mixin.py:190} INFO - [2025-07-28T15:58:34.754+0000] {dagbag.py:587} INFO - Filling up the DagBag from /home/airflow/.local/lib/python3.12/site-packages/airflow/example_dags/example_bash_operator.py
[2025-07-28T15:58:34.764+0000] {processor.py:925} INFO - DAG(s) 'example_bash_operator' retrieved from /home/airflow/.local/lib/python3.12/site-packages/airflow/example_dags/example_bash_operator.py
[2025-07-28T15:58:34.775+0000] {logging_mixin.py:190} INFO - [2025-07-28T15:58:34.775+0000] {dag.py:3229} INFO - Sync 1 DAGs
[2025-07-28T15:58:34.784+0000] {logging_mixin.py:190} INFO - [2025-07-28T15:58:34.784+0000] {dag.py:4156} INFO - Setting next_dagrun for example_bash_operator to 2025-07-27 00:00:00+00:00, run_after=2025-07-28 00:00:00+00:00
[2025-07-28T15:58:34.791+0000] {processor.py:208} INFO - Processing /home/airflow/.local/lib/python3.12/site-packages/airflow/example_dags/example_bash_operator.py took 0.046 seconds
[2025-07-28T15:59:06.095+0000] {processor.py:186} INFO - Started process (PID=2036) to work on /home/airflow/.local/lib/python3.12/site-packages/airflow/example_dags/example_bash_operator.py
[2025-07-28T15:59:06.096+0000] {processor.py:914} INFO - Processing file /home/airflow/.local/lib/python3.12/site-packages/airflow/example_dags/example_bash_operator.py for tasks to queue
[2025-07-28T15:59:06.098+0000] {logging_mixin.py:190} INFO - [2025-07-28T15:59:06.098+0000] {dagbag.py:587} INFO - Filling up the DagBag from /home/airflow/.local/lib/python3.12/site-packages/airflow/example_dags/example_bash_operator.py
[2025-07-28T15:59:06.105+0000] {processor.py:925} INFO - DAG(s) 'example_bash_operator' retrieved from /home/airflow/.local/lib/python3.12/site-packages/airflow/example_dags/example_bash_operator.py
[2025-07-28T15:59:06.119+0000] {logging_mixin.py:190} INFO - [2025-07-28T15:59:06.119+0000] {dag.py:3229} INFO - Sync 1 DAGs
[2025-07-28T15:59:06.133+0000] {logging_mixin.py:190} INFO - [2025-07-28T15:59:06.133+0000] {dag.py:4156} INFO - Setting next_dagrun for example_bash_operator to 2025-07-27 00:00:00+00:00, run_after=2025-07-28 00:00:00+00:00
[2025-07-28T15:59:06.143+0000] {processor.py:208} INFO - Processing /home/airflow/.local/lib/python3.12/site-packages/airflow/example_dags/example_bash_operator.py took 0.053 seconds
[2025-07-28T15:59:36.593+0000] {processor.py:186} INFO - Started process (PID=2099) to work on /home/airflow/.local/lib/python3.12/site-packages/airflow/example_dags/example_bash_operator.py
[2025-07-28T15:59:36.594+0000] {processor.py:914} INFO - Processing file /home/airflow/.local/lib/python3.12/site-packages/airflow/example_dags/example_bash_operator.py for tasks to queue
[2025-07-28T15:59:36.595+0000] {logging_mixin.py:190} INFO - [2025-07-28T15:59:36.595+0000] {dagbag.py:587} INFO - Filling up the DagBag from /home/airflow/.local/lib/python3.12/site-packages/airflow/example_dags/example_bash_operator.py
[2025-07-28T15:59:36.601+0000] {processor.py:925} INFO - DAG(s) 'example_bash_operator' retrieved from /home/airflow/.local/lib/python3.12/site-packages/airflow/example_dags/example_bash_operator.py
[2025-07-28T15:59:36.615+0000] {logging_mixin.py:190} INFO - [2025-07-28T15:59:36.615+0000] {dag.py:3229} INFO - Sync 1 DAGs
[2025-07-28T15:59:36.627+0000] {logging_mixin.py:190} INFO - [2025-07-28T15:59:36.627+0000] {dag.py:4156} INFO - Setting next_dagrun for example_bash_operator to 2025-07-27 00:00:00+00:00, run_after=2025-07-28 00:00:00+00:00
[2025-07-28T15:59:36.634+0000] {processor.py:208} INFO - Processing /home/airflow/.local/lib/python3.12/site-packages/airflow/example_dags/example_bash_operator.py took 0.044 seconds
[2025-07-28T16:00:07.001+0000] {processor.py:186} INFO - Started process (PID=2162) to work on /home/airflow/.local/lib/python3.12/site-packages/airflow/example_dags/example_bash_operator.py
[2025-07-28T16:00:07.002+0000] {processor.py:914} INFO - Processing file /home/airflow/.local/lib/python3.12/site-packages/airflow/example_dags/example_bash_operator.py for tasks to queue
[2025-07-28T16:00:07.003+0000] {logging_mixin.py:190} INFO - [2025-07-28T16:00:07.003+0000] {dagbag.py:587} INFO - Filling up the DagBag from /home/airflow/.local/lib/python3.12/site-packages/airflow/example_dags/example_bash_operator.py
[2025-07-28T16:00:07.011+0000] {processor.py:925} INFO - DAG(s) 'example_bash_operator' retrieved from /home/airflow/.local/lib/python3.12/site-packages/airflow/example_dags/example_bash_operator.py
[2025-07-28T16:00:07.023+0000] {logging_mixin.py:190} INFO - [2025-07-28T16:00:07.023+0000] {dag.py:3229} INFO - Sync 1 DAGs
[2025-07-28T16:00:07.034+0000] {logging_mixin.py:190} INFO - [2025-07-28T16:00:07.034+0000] {dag.py:4156} INFO - Setting next_dagrun for example_bash_operator to 2025-07-27 00:00:00+00:00, run_after=2025-07-28 00:00:00+00:00
[2025-07-28T16:00:07.051+0000] {processor.py:208} INFO - Processing /home/airflow/.local/lib/python3.12/site-packages/airflow/example_dags/example_bash_operator.py took 0.054 seconds
[2025-07-28T16:00:38.224+0000] {processor.py:186} INFO - Started process (PID=2226) to work on /home/airflow/.local/lib/python3.12/site-packages/airflow/example_dags/example_bash_operator.py
[2025-07-28T16:00:38.225+0000] {processor.py:914} INFO - Processing file /home/airflow/.local/lib/python3.12/site-packages/airflow/example_dags/example_bash_operator.py for tasks to queue
[2025-07-28T16:00:38.228+0000] {logging_mixin.py:190} INFO - [2025-07-28T16:00:38.227+0000] {dagbag.py:587} INFO - Filling up the DagBag from /home/airflow/.local/lib/python3.12/site-packages/airflow/example_dags/example_bash_operator.py
[2025-07-28T16:00:38.240+0000] {processor.py:925} INFO - DAG(s) 'example_bash_operator' retrieved from /home/airflow/.local/lib/python3.12/site-packages/airflow/example_dags/example_bash_operator.py
[2025-07-28T16:00:38.262+0000] {logging_mixin.py:190} INFO - [2025-07-28T16:00:38.262+0000] {dag.py:3229} INFO - Sync 1 DAGs
[2025-07-28T16:00:38.279+0000] {logging_mixin.py:190} INFO - [2025-07-28T16:00:38.279+0000] {dag.py:4156} INFO - Setting next_dagrun for example_bash_operator to 2025-07-27 00:00:00+00:00, run_after=2025-07-28 00:00:00+00:00
[2025-07-28T16:00:38.293+0000] {processor.py:208} INFO - Processing /home/airflow/.local/lib/python3.12/site-packages/airflow/example_dags/example_bash_operator.py took 0.075 seconds
[2025-07-28T16:01:09.726+0000] {processor.py:186} INFO - Started process (PID=2289) to work on /home/airflow/.local/lib/python3.12/site-packages/airflow/example_dags/example_bash_operator.py
[2025-07-28T16:01:09.729+0000] {processor.py:914} INFO - Processing file /home/airflow/.local/lib/python3.12/site-packages/airflow/example_dags/example_bash_operator.py for tasks to queue
[2025-07-28T16:01:09.742+0000] {logging_mixin.py:190} INFO - [2025-07-28T16:01:09.740+0000] {dagbag.py:587} INFO - Filling up the DagBag from /home/airflow/.local/lib/python3.12/site-packages/airflow/example_dags/example_bash_operator.py
[2025-07-28T16:01:09.811+0000] {processor.py:925} INFO - DAG(s) 'example_bash_operator' retrieved from /home/airflow/.local/lib/python3.12/site-packages/airflow/example_dags/example_bash_operator.py
[2025-07-28T16:01:09.916+0000] {logging_mixin.py:190} INFO - [2025-07-28T16:01:09.915+0000] {dag.py:3229} INFO - Sync 1 DAGs
[2025-07-28T16:01:10.018+0000] {logging_mixin.py:190} INFO - [2025-07-28T16:01:10.016+0000] {dag.py:4156} INFO - Setting next_dagrun for example_bash_operator to 2025-07-27 00:00:00+00:00, run_after=2025-07-28 00:00:00+00:00
[2025-07-28T16:01:11.779+0000] {logging_mixin.py:190} INFO - [2025-07-28T16:01:11.776+0000] {process_utils.py:266} INFO - Waiting up to 5 seconds for processes to exit...
