[2025-07-28T15:42:54.748+0000] {processor.py:186} INFO - Started process (PID=108) to work on /home/airflow/.local/lib/python3.12/site-packages/airflow/example_dags/example_python_decorator.py
[2025-07-28T15:42:54.749+0000] {processor.py:914} INFO - Processing file /home/airflow/.local/lib/python3.12/site-packages/airflow/example_dags/example_python_decorator.py for tasks to queue
[2025-07-28T15:42:54.751+0000] {logging_mixin.py:190} INFO - [2025-07-28T15:42:54.751+0000] {dagbag.py:587} INFO - Filling up the DagBag from /home/airflow/.local/lib/python3.12/site-packages/airflow/example_dags/example_python_decorator.py
[2025-07-28T15:42:54.761+0000] {processor.py:925} INFO - DAG(s) 'example_python_decorator' retrieved from /home/airflow/.local/lib/python3.12/site-packages/airflow/example_dags/example_python_decorator.py
[2025-07-28T15:42:54.824+0000] {logging_mixin.py:190} INFO - [2025-07-28T15:42:54.824+0000] {override.py:1900} INFO - Created Permission View: can edit on DAG:example_python_decorator
[2025-07-28T15:42:54.830+0000] {logging_mixin.py:190} INFO - [2025-07-28T15:42:54.830+0000] {override.py:1900} INFO - Created Permission View: can read on DAG:example_python_decorator
[2025-07-28T15:42:54.833+0000] {logging_mixin.py:190} INFO - [2025-07-28T15:42:54.833+0000] {override.py:1900} INFO - Created Permission View: can delete on DAG:example_python_decorator
[2025-07-28T15:42:54.837+0000] {logging_mixin.py:190} INFO - [2025-07-28T15:42:54.837+0000] {override.py:1900} INFO - Created Permission View: can read on DAG Run:example_python_decorator
[2025-07-28T15:42:54.840+0000] {logging_mixin.py:190} INFO - [2025-07-28T15:42:54.839+0000] {override.py:1900} INFO - Created Permission View: can delete on DAG Run:example_python_decorator
[2025-07-28T15:42:54.847+0000] {logging_mixin.py:190} INFO - [2025-07-28T15:42:54.847+0000] {override.py:1900} INFO - Created Permission View: can create on DAG Run:example_python_decorator
[2025-07-28T15:42:54.852+0000] {logging_mixin.py:190} INFO - [2025-07-28T15:42:54.852+0000] {override.py:1900} INFO - Created Permission View: menu access on DAG Run:example_python_decorator
[2025-07-28T15:42:54.853+0000] {logging_mixin.py:190} INFO - [2025-07-28T15:42:54.853+0000] {dag.py:3229} INFO - Sync 1 DAGs
[2025-07-28T15:42:54.869+0000] {logging_mixin.py:190} INFO - [2025-07-28T15:42:54.869+0000] {dag.py:3252} INFO - Creating ORM DAG for example_python_decorator
[2025-07-28T15:42:54.870+0000] {logging_mixin.py:190} INFO - [2025-07-28T15:42:54.869+0000] {dag.py:4156} INFO - Setting next_dagrun for example_python_decorator to None, run_after=None
[2025-07-28T15:42:54.879+0000] {processor.py:208} INFO - Processing /home/airflow/.local/lib/python3.12/site-packages/airflow/example_dags/example_python_decorator.py took 0.134 seconds
[2025-07-28T15:43:25.770+0000] {processor.py:186} INFO - Started process (PID=170) to work on /home/airflow/.local/lib/python3.12/site-packages/airflow/example_dags/example_python_decorator.py
[2025-07-28T15:43:25.771+0000] {processor.py:914} INFO - Processing file /home/airflow/.local/lib/python3.12/site-packages/airflow/example_dags/example_python_decorator.py for tasks to queue
[2025-07-28T15:43:25.773+0000] {logging_mixin.py:190} INFO - [2025-07-28T15:43:25.772+0000] {dagbag.py:587} INFO - Filling up the DagBag from /home/airflow/.local/lib/python3.12/site-packages/airflow/example_dags/example_python_decorator.py
[2025-07-28T15:43:25.780+0000] {processor.py:925} INFO - DAG(s) 'example_python_decorator' retrieved from /home/airflow/.local/lib/python3.12/site-packages/airflow/example_dags/example_python_decorator.py
[2025-07-28T15:43:25.793+0000] {logging_mixin.py:190} INFO - [2025-07-28T15:43:25.793+0000] {dag.py:3229} INFO - Sync 1 DAGs
[2025-07-28T15:43:25.799+0000] {logging_mixin.py:190} INFO - [2025-07-28T15:43:25.799+0000] {dag.py:4156} INFO - Setting next_dagrun for example_python_decorator to None, run_after=None
[2025-07-28T15:43:25.807+0000] {processor.py:208} INFO - Processing /home/airflow/.local/lib/python3.12/site-packages/airflow/example_dags/example_python_decorator.py took 0.040 seconds
[2025-07-28T15:43:56.730+0000] {processor.py:186} INFO - Started process (PID=232) to work on /home/airflow/.local/lib/python3.12/site-packages/airflow/example_dags/example_python_decorator.py
[2025-07-28T15:43:56.734+0000] {processor.py:914} INFO - Processing file /home/airflow/.local/lib/python3.12/site-packages/airflow/example_dags/example_python_decorator.py for tasks to queue
[2025-07-28T15:43:56.735+0000] {logging_mixin.py:190} INFO - [2025-07-28T15:43:56.735+0000] {dagbag.py:587} INFO - Filling up the DagBag from /home/airflow/.local/lib/python3.12/site-packages/airflow/example_dags/example_python_decorator.py
[2025-07-28T15:43:56.743+0000] {processor.py:925} INFO - DAG(s) 'example_python_decorator' retrieved from /home/airflow/.local/lib/python3.12/site-packages/airflow/example_dags/example_python_decorator.py
[2025-07-28T15:43:56.757+0000] {logging_mixin.py:190} INFO - [2025-07-28T15:43:56.757+0000] {dag.py:3229} INFO - Sync 1 DAGs
[2025-07-28T15:43:56.764+0000] {logging_mixin.py:190} INFO - [2025-07-28T15:43:56.764+0000] {dag.py:4156} INFO - Setting next_dagrun for example_python_decorator to None, run_after=None
[2025-07-28T15:43:56.772+0000] {processor.py:208} INFO - Processing /home/airflow/.local/lib/python3.12/site-packages/airflow/example_dags/example_python_decorator.py took 0.046 seconds
[2025-07-28T15:44:27.048+0000] {processor.py:186} INFO - Started process (PID=294) to work on /home/airflow/.local/lib/python3.12/site-packages/airflow/example_dags/example_python_decorator.py
[2025-07-28T15:44:27.048+0000] {processor.py:914} INFO - Processing file /home/airflow/.local/lib/python3.12/site-packages/airflow/example_dags/example_python_decorator.py for tasks to queue
[2025-07-28T15:44:27.050+0000] {logging_mixin.py:190} INFO - [2025-07-28T15:44:27.050+0000] {dagbag.py:587} INFO - Filling up the DagBag from /home/airflow/.local/lib/python3.12/site-packages/airflow/example_dags/example_python_decorator.py
[2025-07-28T15:44:27.059+0000] {processor.py:925} INFO - DAG(s) 'example_python_decorator' retrieved from /home/airflow/.local/lib/python3.12/site-packages/airflow/example_dags/example_python_decorator.py
[2025-07-28T15:44:27.072+0000] {logging_mixin.py:190} INFO - [2025-07-28T15:44:27.071+0000] {dag.py:3229} INFO - Sync 1 DAGs
[2025-07-28T15:44:27.080+0000] {logging_mixin.py:190} INFO - [2025-07-28T15:44:27.080+0000] {dag.py:4156} INFO - Setting next_dagrun for example_python_decorator to None, run_after=None
[2025-07-28T15:44:27.092+0000] {processor.py:208} INFO - Processing /home/airflow/.local/lib/python3.12/site-packages/airflow/example_dags/example_python_decorator.py took 0.047 seconds
[2025-07-28T15:44:57.768+0000] {processor.py:186} INFO - Started process (PID=356) to work on /home/airflow/.local/lib/python3.12/site-packages/airflow/example_dags/example_python_decorator.py
[2025-07-28T15:44:57.769+0000] {processor.py:914} INFO - Processing file /home/airflow/.local/lib/python3.12/site-packages/airflow/example_dags/example_python_decorator.py for tasks to queue
[2025-07-28T15:44:57.770+0000] {logging_mixin.py:190} INFO - [2025-07-28T15:44:57.770+0000] {dagbag.py:587} INFO - Filling up the DagBag from /home/airflow/.local/lib/python3.12/site-packages/airflow/example_dags/example_python_decorator.py
[2025-07-28T15:44:57.780+0000] {processor.py:925} INFO - DAG(s) 'example_python_decorator' retrieved from /home/airflow/.local/lib/python3.12/site-packages/airflow/example_dags/example_python_decorator.py
[2025-07-28T15:44:57.799+0000] {logging_mixin.py:190} INFO - [2025-07-28T15:44:57.799+0000] {dag.py:3229} INFO - Sync 1 DAGs
[2025-07-28T15:44:57.808+0000] {logging_mixin.py:190} INFO - [2025-07-28T15:44:57.808+0000] {dag.py:4156} INFO - Setting next_dagrun for example_python_decorator to None, run_after=None
[2025-07-28T15:44:57.822+0000] {processor.py:208} INFO - Processing /home/airflow/.local/lib/python3.12/site-packages/airflow/example_dags/example_python_decorator.py took 0.058 seconds
[2025-07-28T15:45:28.743+0000] {processor.py:186} INFO - Started process (PID=418) to work on /home/airflow/.local/lib/python3.12/site-packages/airflow/example_dags/example_python_decorator.py
[2025-07-28T15:45:28.745+0000] {processor.py:914} INFO - Processing file /home/airflow/.local/lib/python3.12/site-packages/airflow/example_dags/example_python_decorator.py for tasks to queue
[2025-07-28T15:45:28.746+0000] {logging_mixin.py:190} INFO - [2025-07-28T15:45:28.746+0000] {dagbag.py:587} INFO - Filling up the DagBag from /home/airflow/.local/lib/python3.12/site-packages/airflow/example_dags/example_python_decorator.py
[2025-07-28T15:45:28.757+0000] {processor.py:925} INFO - DAG(s) 'example_python_decorator' retrieved from /home/airflow/.local/lib/python3.12/site-packages/airflow/example_dags/example_python_decorator.py
[2025-07-28T15:45:28.793+0000] {logging_mixin.py:190} INFO - [2025-07-28T15:45:28.793+0000] {dag.py:3229} INFO - Sync 1 DAGs
[2025-07-28T15:45:28.816+0000] {logging_mixin.py:190} INFO - [2025-07-28T15:45:28.815+0000] {dag.py:4156} INFO - Setting next_dagrun for example_python_decorator to None, run_after=None
[2025-07-28T15:45:28.829+0000] {processor.py:208} INFO - Processing /home/airflow/.local/lib/python3.12/site-packages/airflow/example_dags/example_python_decorator.py took 0.093 seconds
[2025-07-28T15:45:59.396+0000] {processor.py:186} INFO - Started process (PID=480) to work on /home/airflow/.local/lib/python3.12/site-packages/airflow/example_dags/example_python_decorator.py
[2025-07-28T15:45:59.397+0000] {processor.py:914} INFO - Processing file /home/airflow/.local/lib/python3.12/site-packages/airflow/example_dags/example_python_decorator.py for tasks to queue
[2025-07-28T15:45:59.401+0000] {logging_mixin.py:190} INFO - [2025-07-28T15:45:59.400+0000] {dagbag.py:587} INFO - Filling up the DagBag from /home/airflow/.local/lib/python3.12/site-packages/airflow/example_dags/example_python_decorator.py
[2025-07-28T15:45:59.409+0000] {processor.py:925} INFO - DAG(s) 'example_python_decorator' retrieved from /home/airflow/.local/lib/python3.12/site-packages/airflow/example_dags/example_python_decorator.py
[2025-07-28T15:45:59.419+0000] {logging_mixin.py:190} INFO - [2025-07-28T15:45:59.418+0000] {dag.py:3229} INFO - Sync 1 DAGs
[2025-07-28T15:45:59.425+0000] {logging_mixin.py:190} INFO - [2025-07-28T15:45:59.425+0000] {dag.py:4156} INFO - Setting next_dagrun for example_python_decorator to None, run_after=None
[2025-07-28T15:45:59.435+0000] {processor.py:208} INFO - Processing /home/airflow/.local/lib/python3.12/site-packages/airflow/example_dags/example_python_decorator.py took 0.042 seconds
[2025-07-28T15:46:29.934+0000] {processor.py:186} INFO - Started process (PID=542) to work on /home/airflow/.local/lib/python3.12/site-packages/airflow/example_dags/example_python_decorator.py
[2025-07-28T15:46:29.935+0000] {processor.py:914} INFO - Processing file /home/airflow/.local/lib/python3.12/site-packages/airflow/example_dags/example_python_decorator.py for tasks to queue
[2025-07-28T15:46:29.937+0000] {logging_mixin.py:190} INFO - [2025-07-28T15:46:29.937+0000] {dagbag.py:587} INFO - Filling up the DagBag from /home/airflow/.local/lib/python3.12/site-packages/airflow/example_dags/example_python_decorator.py
[2025-07-28T15:46:29.951+0000] {processor.py:925} INFO - DAG(s) 'example_python_decorator' retrieved from /home/airflow/.local/lib/python3.12/site-packages/airflow/example_dags/example_python_decorator.py
[2025-07-28T15:46:29.975+0000] {logging_mixin.py:190} INFO - [2025-07-28T15:46:29.975+0000] {dag.py:3229} INFO - Sync 1 DAGs
[2025-07-28T15:46:29.986+0000] {logging_mixin.py:190} INFO - [2025-07-28T15:46:29.986+0000] {dag.py:4156} INFO - Setting next_dagrun for example_python_decorator to None, run_after=None
[2025-07-28T15:46:29.997+0000] {processor.py:208} INFO - Processing /home/airflow/.local/lib/python3.12/site-packages/airflow/example_dags/example_python_decorator.py took 0.065 seconds
[2025-07-28T15:47:00.395+0000] {processor.py:186} INFO - Started process (PID=604) to work on /home/airflow/.local/lib/python3.12/site-packages/airflow/example_dags/example_python_decorator.py
[2025-07-28T15:47:00.396+0000] {processor.py:914} INFO - Processing file /home/airflow/.local/lib/python3.12/site-packages/airflow/example_dags/example_python_decorator.py for tasks to queue
[2025-07-28T15:47:00.397+0000] {logging_mixin.py:190} INFO - [2025-07-28T15:47:00.397+0000] {dagbag.py:587} INFO - Filling up the DagBag from /home/airflow/.local/lib/python3.12/site-packages/airflow/example_dags/example_python_decorator.py
[2025-07-28T15:47:00.405+0000] {processor.py:925} INFO - DAG(s) 'example_python_decorator' retrieved from /home/airflow/.local/lib/python3.12/site-packages/airflow/example_dags/example_python_decorator.py
[2025-07-28T15:47:00.416+0000] {logging_mixin.py:190} INFO - [2025-07-28T15:47:00.416+0000] {dag.py:3229} INFO - Sync 1 DAGs
[2025-07-28T15:47:00.423+0000] {logging_mixin.py:190} INFO - [2025-07-28T15:47:00.423+0000] {dag.py:4156} INFO - Setting next_dagrun for example_python_decorator to None, run_after=None
[2025-07-28T15:47:00.430+0000] {processor.py:208} INFO - Processing /home/airflow/.local/lib/python3.12/site-packages/airflow/example_dags/example_python_decorator.py took 0.039 seconds
[2025-07-28T15:47:31.161+0000] {processor.py:186} INFO - Started process (PID=666) to work on /home/airflow/.local/lib/python3.12/site-packages/airflow/example_dags/example_python_decorator.py
[2025-07-28T15:47:31.162+0000] {processor.py:914} INFO - Processing file /home/airflow/.local/lib/python3.12/site-packages/airflow/example_dags/example_python_decorator.py for tasks to queue
[2025-07-28T15:47:31.164+0000] {logging_mixin.py:190} INFO - [2025-07-28T15:47:31.164+0000] {dagbag.py:587} INFO - Filling up the DagBag from /home/airflow/.local/lib/python3.12/site-packages/airflow/example_dags/example_python_decorator.py
[2025-07-28T15:47:31.172+0000] {processor.py:925} INFO - DAG(s) 'example_python_decorator' retrieved from /home/airflow/.local/lib/python3.12/site-packages/airflow/example_dags/example_python_decorator.py
[2025-07-28T15:47:31.188+0000] {logging_mixin.py:190} INFO - [2025-07-28T15:47:31.188+0000] {dag.py:3229} INFO - Sync 1 DAGs
[2025-07-28T15:47:31.194+0000] {logging_mixin.py:190} INFO - [2025-07-28T15:47:31.194+0000] {dag.py:4156} INFO - Setting next_dagrun for example_python_decorator to None, run_after=None
[2025-07-28T15:47:31.205+0000] {processor.py:208} INFO - Processing /home/airflow/.local/lib/python3.12/site-packages/airflow/example_dags/example_python_decorator.py took 0.048 seconds
[2025-07-28T15:48:01.403+0000] {processor.py:186} INFO - Started process (PID=728) to work on /home/airflow/.local/lib/python3.12/site-packages/airflow/example_dags/example_python_decorator.py
[2025-07-28T15:48:01.405+0000] {processor.py:914} INFO - Processing file /home/airflow/.local/lib/python3.12/site-packages/airflow/example_dags/example_python_decorator.py for tasks to queue
[2025-07-28T15:48:01.406+0000] {logging_mixin.py:190} INFO - [2025-07-28T15:48:01.406+0000] {dagbag.py:587} INFO - Filling up the DagBag from /home/airflow/.local/lib/python3.12/site-packages/airflow/example_dags/example_python_decorator.py
[2025-07-28T15:48:01.414+0000] {processor.py:925} INFO - DAG(s) 'example_python_decorator' retrieved from /home/airflow/.local/lib/python3.12/site-packages/airflow/example_dags/example_python_decorator.py
[2025-07-28T15:48:01.425+0000] {logging_mixin.py:190} INFO - [2025-07-28T15:48:01.425+0000] {dag.py:3229} INFO - Sync 1 DAGs
[2025-07-28T15:48:01.432+0000] {logging_mixin.py:190} INFO - [2025-07-28T15:48:01.432+0000] {dag.py:4156} INFO - Setting next_dagrun for example_python_decorator to None, run_after=None
[2025-07-28T15:48:01.440+0000] {processor.py:208} INFO - Processing /home/airflow/.local/lib/python3.12/site-packages/airflow/example_dags/example_python_decorator.py took 0.040 seconds
[2025-07-28T15:48:31.689+0000] {processor.py:186} INFO - Started process (PID=790) to work on /home/airflow/.local/lib/python3.12/site-packages/airflow/example_dags/example_python_decorator.py
[2025-07-28T15:48:31.689+0000] {processor.py:914} INFO - Processing file /home/airflow/.local/lib/python3.12/site-packages/airflow/example_dags/example_python_decorator.py for tasks to queue
[2025-07-28T15:48:31.695+0000] {logging_mixin.py:190} INFO - [2025-07-28T15:48:31.695+0000] {dagbag.py:587} INFO - Filling up the DagBag from /home/airflow/.local/lib/python3.12/site-packages/airflow/example_dags/example_python_decorator.py
[2025-07-28T15:48:31.704+0000] {processor.py:925} INFO - DAG(s) 'example_python_decorator' retrieved from /home/airflow/.local/lib/python3.12/site-packages/airflow/example_dags/example_python_decorator.py
[2025-07-28T15:48:31.719+0000] {logging_mixin.py:190} INFO - [2025-07-28T15:48:31.719+0000] {dag.py:3229} INFO - Sync 1 DAGs
[2025-07-28T15:48:31.727+0000] {logging_mixin.py:190} INFO - [2025-07-28T15:48:31.727+0000] {dag.py:4156} INFO - Setting next_dagrun for example_python_decorator to None, run_after=None
[2025-07-28T15:48:31.739+0000] {processor.py:208} INFO - Processing /home/airflow/.local/lib/python3.12/site-packages/airflow/example_dags/example_python_decorator.py took 0.053 seconds
[2025-07-28T15:49:02.433+0000] {processor.py:186} INFO - Started process (PID=852) to work on /home/airflow/.local/lib/python3.12/site-packages/airflow/example_dags/example_python_decorator.py
[2025-07-28T15:49:02.433+0000] {processor.py:914} INFO - Processing file /home/airflow/.local/lib/python3.12/site-packages/airflow/example_dags/example_python_decorator.py for tasks to queue
[2025-07-28T15:49:02.434+0000] {logging_mixin.py:190} INFO - [2025-07-28T15:49:02.434+0000] {dagbag.py:587} INFO - Filling up the DagBag from /home/airflow/.local/lib/python3.12/site-packages/airflow/example_dags/example_python_decorator.py
[2025-07-28T15:49:02.442+0000] {processor.py:925} INFO - DAG(s) 'example_python_decorator' retrieved from /home/airflow/.local/lib/python3.12/site-packages/airflow/example_dags/example_python_decorator.py
[2025-07-28T15:49:02.452+0000] {logging_mixin.py:190} INFO - [2025-07-28T15:49:02.451+0000] {dag.py:3229} INFO - Sync 1 DAGs
[2025-07-28T15:49:02.458+0000] {logging_mixin.py:190} INFO - [2025-07-28T15:49:02.458+0000] {dag.py:4156} INFO - Setting next_dagrun for example_python_decorator to None, run_after=None
[2025-07-28T15:49:02.465+0000] {processor.py:208} INFO - Processing /home/airflow/.local/lib/python3.12/site-packages/airflow/example_dags/example_python_decorator.py took 0.036 seconds
[2025-07-28T15:49:33.013+0000] {processor.py:186} INFO - Started process (PID=914) to work on /home/airflow/.local/lib/python3.12/site-packages/airflow/example_dags/example_python_decorator.py
[2025-07-28T15:49:33.014+0000] {processor.py:914} INFO - Processing file /home/airflow/.local/lib/python3.12/site-packages/airflow/example_dags/example_python_decorator.py for tasks to queue
[2025-07-28T15:49:33.016+0000] {logging_mixin.py:190} INFO - [2025-07-28T15:49:33.016+0000] {dagbag.py:587} INFO - Filling up the DagBag from /home/airflow/.local/lib/python3.12/site-packages/airflow/example_dags/example_python_decorator.py
[2025-07-28T15:49:33.024+0000] {processor.py:925} INFO - DAG(s) 'example_python_decorator' retrieved from /home/airflow/.local/lib/python3.12/site-packages/airflow/example_dags/example_python_decorator.py
[2025-07-28T15:49:33.037+0000] {logging_mixin.py:190} INFO - [2025-07-28T15:49:33.036+0000] {dag.py:3229} INFO - Sync 1 DAGs
[2025-07-28T15:49:33.044+0000] {logging_mixin.py:190} INFO - [2025-07-28T15:49:33.044+0000] {dag.py:4156} INFO - Setting next_dagrun for example_python_decorator to None, run_after=None
[2025-07-28T15:49:33.051+0000] {processor.py:208} INFO - Processing /home/airflow/.local/lib/python3.12/site-packages/airflow/example_dags/example_python_decorator.py took 0.041 seconds
[2025-07-28T15:50:04.351+0000] {processor.py:186} INFO - Started process (PID=976) to work on /home/airflow/.local/lib/python3.12/site-packages/airflow/example_dags/example_python_decorator.py
[2025-07-28T15:50:04.352+0000] {processor.py:914} INFO - Processing file /home/airflow/.local/lib/python3.12/site-packages/airflow/example_dags/example_python_decorator.py for tasks to queue
[2025-07-28T15:50:04.353+0000] {logging_mixin.py:190} INFO - [2025-07-28T15:50:04.353+0000] {dagbag.py:587} INFO - Filling up the DagBag from /home/airflow/.local/lib/python3.12/site-packages/airflow/example_dags/example_python_decorator.py
[2025-07-28T15:50:04.366+0000] {processor.py:925} INFO - DAG(s) 'example_python_decorator' retrieved from /home/airflow/.local/lib/python3.12/site-packages/airflow/example_dags/example_python_decorator.py
[2025-07-28T15:50:04.378+0000] {logging_mixin.py:190} INFO - [2025-07-28T15:50:04.378+0000] {dag.py:3229} INFO - Sync 1 DAGs
[2025-07-28T15:50:04.385+0000] {logging_mixin.py:190} INFO - [2025-07-28T15:50:04.385+0000] {dag.py:4156} INFO - Setting next_dagrun for example_python_decorator to None, run_after=None
[2025-07-28T15:50:04.393+0000] {processor.py:208} INFO - Processing /home/airflow/.local/lib/python3.12/site-packages/airflow/example_dags/example_python_decorator.py took 0.046 seconds
[2025-07-28T15:50:35.581+0000] {processor.py:186} INFO - Started process (PID=1038) to work on /home/airflow/.local/lib/python3.12/site-packages/airflow/example_dags/example_python_decorator.py
[2025-07-28T15:50:35.582+0000] {processor.py:914} INFO - Processing file /home/airflow/.local/lib/python3.12/site-packages/airflow/example_dags/example_python_decorator.py for tasks to queue
[2025-07-28T15:50:35.583+0000] {logging_mixin.py:190} INFO - [2025-07-28T15:50:35.583+0000] {dagbag.py:587} INFO - Filling up the DagBag from /home/airflow/.local/lib/python3.12/site-packages/airflow/example_dags/example_python_decorator.py
[2025-07-28T15:50:35.592+0000] {processor.py:925} INFO - DAG(s) 'example_python_decorator' retrieved from /home/airflow/.local/lib/python3.12/site-packages/airflow/example_dags/example_python_decorator.py
[2025-07-28T15:50:35.604+0000] {logging_mixin.py:190} INFO - [2025-07-28T15:50:35.603+0000] {dag.py:3229} INFO - Sync 1 DAGs
[2025-07-28T15:50:35.611+0000] {logging_mixin.py:190} INFO - [2025-07-28T15:50:35.611+0000] {dag.py:4156} INFO - Setting next_dagrun for example_python_decorator to None, run_after=None
[2025-07-28T15:50:35.619+0000] {processor.py:208} INFO - Processing /home/airflow/.local/lib/python3.12/site-packages/airflow/example_dags/example_python_decorator.py took 0.042 seconds
[2025-07-28T15:51:06.984+0000] {processor.py:186} INFO - Started process (PID=1100) to work on /home/airflow/.local/lib/python3.12/site-packages/airflow/example_dags/example_python_decorator.py
[2025-07-28T15:51:06.986+0000] {processor.py:914} INFO - Processing file /home/airflow/.local/lib/python3.12/site-packages/airflow/example_dags/example_python_decorator.py for tasks to queue
[2025-07-28T15:51:06.991+0000] {logging_mixin.py:190} INFO - [2025-07-28T15:51:06.991+0000] {dagbag.py:587} INFO - Filling up the DagBag from /home/airflow/.local/lib/python3.12/site-packages/airflow/example_dags/example_python_decorator.py
[2025-07-28T15:51:07.036+0000] {processor.py:925} INFO - DAG(s) 'example_python_decorator' retrieved from /home/airflow/.local/lib/python3.12/site-packages/airflow/example_dags/example_python_decorator.py
[2025-07-28T15:51:07.066+0000] {logging_mixin.py:190} INFO - [2025-07-28T15:51:07.066+0000] {dag.py:3229} INFO - Sync 1 DAGs
[2025-07-28T15:51:07.082+0000] {logging_mixin.py:190} INFO - [2025-07-28T15:51:07.082+0000] {dag.py:4156} INFO - Setting next_dagrun for example_python_decorator to None, run_after=None
[2025-07-28T15:51:07.109+0000] {processor.py:208} INFO - Processing /home/airflow/.local/lib/python3.12/site-packages/airflow/example_dags/example_python_decorator.py took 0.134 seconds
[2025-07-28T15:51:37.506+0000] {processor.py:186} INFO - Started process (PID=1162) to work on /home/airflow/.local/lib/python3.12/site-packages/airflow/example_dags/example_python_decorator.py
[2025-07-28T15:51:37.508+0000] {processor.py:914} INFO - Processing file /home/airflow/.local/lib/python3.12/site-packages/airflow/example_dags/example_python_decorator.py for tasks to queue
[2025-07-28T15:51:37.510+0000] {logging_mixin.py:190} INFO - [2025-07-28T15:51:37.510+0000] {dagbag.py:587} INFO - Filling up the DagBag from /home/airflow/.local/lib/python3.12/site-packages/airflow/example_dags/example_python_decorator.py
[2025-07-28T15:51:37.525+0000] {processor.py:925} INFO - DAG(s) 'example_python_decorator' retrieved from /home/airflow/.local/lib/python3.12/site-packages/airflow/example_dags/example_python_decorator.py
[2025-07-28T15:51:37.550+0000] {logging_mixin.py:190} INFO - [2025-07-28T15:51:37.550+0000] {dag.py:3229} INFO - Sync 1 DAGs
[2025-07-28T15:51:37.563+0000] {logging_mixin.py:190} INFO - [2025-07-28T15:51:37.563+0000] {dag.py:4156} INFO - Setting next_dagrun for example_python_decorator to None, run_after=None
[2025-07-28T15:51:37.575+0000] {processor.py:208} INFO - Processing /home/airflow/.local/lib/python3.12/site-packages/airflow/example_dags/example_python_decorator.py took 0.073 seconds
[2025-07-28T15:52:08.639+0000] {processor.py:186} INFO - Started process (PID=1224) to work on /home/airflow/.local/lib/python3.12/site-packages/airflow/example_dags/example_python_decorator.py
[2025-07-28T15:52:08.640+0000] {processor.py:914} INFO - Processing file /home/airflow/.local/lib/python3.12/site-packages/airflow/example_dags/example_python_decorator.py for tasks to queue
[2025-07-28T15:52:08.641+0000] {logging_mixin.py:190} INFO - [2025-07-28T15:52:08.641+0000] {dagbag.py:587} INFO - Filling up the DagBag from /home/airflow/.local/lib/python3.12/site-packages/airflow/example_dags/example_python_decorator.py
[2025-07-28T15:52:08.649+0000] {processor.py:925} INFO - DAG(s) 'example_python_decorator' retrieved from /home/airflow/.local/lib/python3.12/site-packages/airflow/example_dags/example_python_decorator.py
[2025-07-28T15:52:08.663+0000] {logging_mixin.py:190} INFO - [2025-07-28T15:52:08.663+0000] {dag.py:3229} INFO - Sync 1 DAGs
[2025-07-28T15:52:08.670+0000] {logging_mixin.py:190} INFO - [2025-07-28T15:52:08.669+0000] {dag.py:4156} INFO - Setting next_dagrun for example_python_decorator to None, run_after=None
[2025-07-28T15:52:08.679+0000] {processor.py:208} INFO - Processing /home/airflow/.local/lib/python3.12/site-packages/airflow/example_dags/example_python_decorator.py took 0.043 seconds
[2025-07-28T15:52:39.684+0000] {processor.py:186} INFO - Started process (PID=1286) to work on /home/airflow/.local/lib/python3.12/site-packages/airflow/example_dags/example_python_decorator.py
[2025-07-28T15:52:39.685+0000] {processor.py:914} INFO - Processing file /home/airflow/.local/lib/python3.12/site-packages/airflow/example_dags/example_python_decorator.py for tasks to queue
[2025-07-28T15:52:39.686+0000] {logging_mixin.py:190} INFO - [2025-07-28T15:52:39.686+0000] {dagbag.py:587} INFO - Filling up the DagBag from /home/airflow/.local/lib/python3.12/site-packages/airflow/example_dags/example_python_decorator.py
[2025-07-28T15:52:39.698+0000] {processor.py:925} INFO - DAG(s) 'example_python_decorator' retrieved from /home/airflow/.local/lib/python3.12/site-packages/airflow/example_dags/example_python_decorator.py
[2025-07-28T15:52:39.709+0000] {logging_mixin.py:190} INFO - [2025-07-28T15:52:39.709+0000] {dag.py:3229} INFO - Sync 1 DAGs
[2025-07-28T15:52:39.719+0000] {logging_mixin.py:190} INFO - [2025-07-28T15:52:39.719+0000] {dag.py:4156} INFO - Setting next_dagrun for example_python_decorator to None, run_after=None
[2025-07-28T15:52:39.734+0000] {processor.py:208} INFO - Processing /home/airflow/.local/lib/python3.12/site-packages/airflow/example_dags/example_python_decorator.py took 0.054 seconds
[2025-07-28T15:53:10.482+0000] {processor.py:186} INFO - Started process (PID=1348) to work on /home/airflow/.local/lib/python3.12/site-packages/airflow/example_dags/example_python_decorator.py
[2025-07-28T15:53:10.483+0000] {processor.py:914} INFO - Processing file /home/airflow/.local/lib/python3.12/site-packages/airflow/example_dags/example_python_decorator.py for tasks to queue
[2025-07-28T15:53:10.484+0000] {logging_mixin.py:190} INFO - [2025-07-28T15:53:10.484+0000] {dagbag.py:587} INFO - Filling up the DagBag from /home/airflow/.local/lib/python3.12/site-packages/airflow/example_dags/example_python_decorator.py
[2025-07-28T15:53:10.491+0000] {processor.py:925} INFO - DAG(s) 'example_python_decorator' retrieved from /home/airflow/.local/lib/python3.12/site-packages/airflow/example_dags/example_python_decorator.py
[2025-07-28T15:53:10.501+0000] {logging_mixin.py:190} INFO - [2025-07-28T15:53:10.501+0000] {dag.py:3229} INFO - Sync 1 DAGs
[2025-07-28T15:53:10.507+0000] {logging_mixin.py:190} INFO - [2025-07-28T15:53:10.507+0000] {dag.py:4156} INFO - Setting next_dagrun for example_python_decorator to None, run_after=None
[2025-07-28T15:53:10.516+0000] {processor.py:208} INFO - Processing /home/airflow/.local/lib/python3.12/site-packages/airflow/example_dags/example_python_decorator.py took 0.037 seconds
[2025-07-28T15:53:41.409+0000] {processor.py:186} INFO - Started process (PID=1411) to work on /home/airflow/.local/lib/python3.12/site-packages/airflow/example_dags/example_python_decorator.py
[2025-07-28T15:53:41.411+0000] {processor.py:914} INFO - Processing file /home/airflow/.local/lib/python3.12/site-packages/airflow/example_dags/example_python_decorator.py for tasks to queue
[2025-07-28T15:53:41.415+0000] {logging_mixin.py:190} INFO - [2025-07-28T15:53:41.414+0000] {dagbag.py:587} INFO - Filling up the DagBag from /home/airflow/.local/lib/python3.12/site-packages/airflow/example_dags/example_python_decorator.py
[2025-07-28T15:53:41.436+0000] {processor.py:925} INFO - DAG(s) 'example_python_decorator' retrieved from /home/airflow/.local/lib/python3.12/site-packages/airflow/example_dags/example_python_decorator.py
[2025-07-28T15:53:41.450+0000] {logging_mixin.py:190} INFO - [2025-07-28T15:53:41.450+0000] {dag.py:3229} INFO - Sync 1 DAGs
[2025-07-28T15:53:41.459+0000] {logging_mixin.py:190} INFO - [2025-07-28T15:53:41.459+0000] {dag.py:4156} INFO - Setting next_dagrun for example_python_decorator to None, run_after=None
[2025-07-28T15:53:41.469+0000] {processor.py:208} INFO - Processing /home/airflow/.local/lib/python3.12/site-packages/airflow/example_dags/example_python_decorator.py took 0.065 seconds
[2025-07-28T15:54:12.368+0000] {processor.py:186} INFO - Started process (PID=1474) to work on /home/airflow/.local/lib/python3.12/site-packages/airflow/example_dags/example_python_decorator.py
[2025-07-28T15:54:12.369+0000] {processor.py:914} INFO - Processing file /home/airflow/.local/lib/python3.12/site-packages/airflow/example_dags/example_python_decorator.py for tasks to queue
[2025-07-28T15:54:12.370+0000] {logging_mixin.py:190} INFO - [2025-07-28T15:54:12.370+0000] {dagbag.py:587} INFO - Filling up the DagBag from /home/airflow/.local/lib/python3.12/site-packages/airflow/example_dags/example_python_decorator.py
[2025-07-28T15:54:12.380+0000] {processor.py:925} INFO - DAG(s) 'example_python_decorator' retrieved from /home/airflow/.local/lib/python3.12/site-packages/airflow/example_dags/example_python_decorator.py
[2025-07-28T15:54:12.389+0000] {logging_mixin.py:190} INFO - [2025-07-28T15:54:12.389+0000] {dag.py:3229} INFO - Sync 1 DAGs
[2025-07-28T15:54:12.397+0000] {logging_mixin.py:190} INFO - [2025-07-28T15:54:12.397+0000] {dag.py:4156} INFO - Setting next_dagrun for example_python_decorator to None, run_after=None
[2025-07-28T15:54:12.405+0000] {processor.py:208} INFO - Processing /home/airflow/.local/lib/python3.12/site-packages/airflow/example_dags/example_python_decorator.py took 0.039 seconds
[2025-07-28T15:54:43.254+0000] {processor.py:186} INFO - Started process (PID=1537) to work on /home/airflow/.local/lib/python3.12/site-packages/airflow/example_dags/example_python_decorator.py
[2025-07-28T15:54:43.255+0000] {processor.py:914} INFO - Processing file /home/airflow/.local/lib/python3.12/site-packages/airflow/example_dags/example_python_decorator.py for tasks to queue
[2025-07-28T15:54:43.257+0000] {logging_mixin.py:190} INFO - [2025-07-28T15:54:43.257+0000] {dagbag.py:587} INFO - Filling up the DagBag from /home/airflow/.local/lib/python3.12/site-packages/airflow/example_dags/example_python_decorator.py
[2025-07-28T15:54:43.264+0000] {processor.py:925} INFO - DAG(s) 'example_python_decorator' retrieved from /home/airflow/.local/lib/python3.12/site-packages/airflow/example_dags/example_python_decorator.py
[2025-07-28T15:54:43.275+0000] {logging_mixin.py:190} INFO - [2025-07-28T15:54:43.275+0000] {dag.py:3229} INFO - Sync 1 DAGs
[2025-07-28T15:54:43.281+0000] {logging_mixin.py:190} INFO - [2025-07-28T15:54:43.281+0000] {dag.py:4156} INFO - Setting next_dagrun for example_python_decorator to None, run_after=None
[2025-07-28T15:54:43.289+0000] {processor.py:208} INFO - Processing /home/airflow/.local/lib/python3.12/site-packages/airflow/example_dags/example_python_decorator.py took 0.038 seconds
[2025-07-28T15:55:14.132+0000] {processor.py:186} INFO - Started process (PID=1600) to work on /home/airflow/.local/lib/python3.12/site-packages/airflow/example_dags/example_python_decorator.py
[2025-07-28T15:55:14.133+0000] {processor.py:914} INFO - Processing file /home/airflow/.local/lib/python3.12/site-packages/airflow/example_dags/example_python_decorator.py for tasks to queue
[2025-07-28T15:55:14.134+0000] {logging_mixin.py:190} INFO - [2025-07-28T15:55:14.134+0000] {dagbag.py:587} INFO - Filling up the DagBag from /home/airflow/.local/lib/python3.12/site-packages/airflow/example_dags/example_python_decorator.py
[2025-07-28T15:55:14.145+0000] {processor.py:925} INFO - DAG(s) 'example_python_decorator' retrieved from /home/airflow/.local/lib/python3.12/site-packages/airflow/example_dags/example_python_decorator.py
[2025-07-28T15:55:14.162+0000] {logging_mixin.py:190} INFO - [2025-07-28T15:55:14.161+0000] {dag.py:3229} INFO - Sync 1 DAGs
[2025-07-28T15:55:14.170+0000] {logging_mixin.py:190} INFO - [2025-07-28T15:55:14.170+0000] {dag.py:4156} INFO - Setting next_dagrun for example_python_decorator to None, run_after=None
[2025-07-28T15:55:14.181+0000] {processor.py:208} INFO - Processing /home/airflow/.local/lib/python3.12/site-packages/airflow/example_dags/example_python_decorator.py took 0.055 seconds
[2025-07-28T15:55:45.081+0000] {processor.py:186} INFO - Started process (PID=1663) to work on /home/airflow/.local/lib/python3.12/site-packages/airflow/example_dags/example_python_decorator.py
[2025-07-28T15:55:45.082+0000] {processor.py:914} INFO - Processing file /home/airflow/.local/lib/python3.12/site-packages/airflow/example_dags/example_python_decorator.py for tasks to queue
[2025-07-28T15:55:45.084+0000] {logging_mixin.py:190} INFO - [2025-07-28T15:55:45.084+0000] {dagbag.py:587} INFO - Filling up the DagBag from /home/airflow/.local/lib/python3.12/site-packages/airflow/example_dags/example_python_decorator.py
[2025-07-28T15:55:45.093+0000] {processor.py:925} INFO - DAG(s) 'example_python_decorator' retrieved from /home/airflow/.local/lib/python3.12/site-packages/airflow/example_dags/example_python_decorator.py
[2025-07-28T15:55:45.105+0000] {logging_mixin.py:190} INFO - [2025-07-28T15:55:45.105+0000] {dag.py:3229} INFO - Sync 1 DAGs
[2025-07-28T15:55:45.112+0000] {logging_mixin.py:190} INFO - [2025-07-28T15:55:45.112+0000] {dag.py:4156} INFO - Setting next_dagrun for example_python_decorator to None, run_after=None
[2025-07-28T15:55:45.119+0000] {processor.py:208} INFO - Processing /home/airflow/.local/lib/python3.12/site-packages/airflow/example_dags/example_python_decorator.py took 0.042 seconds
[2025-07-28T15:56:33.436+0000] {processor.py:186} INFO - Started process (PID=1733) to work on /home/airflow/.local/lib/python3.12/site-packages/airflow/example_dags/example_python_decorator.py
[2025-07-28T15:56:33.436+0000] {processor.py:914} INFO - Processing file /home/airflow/.local/lib/python3.12/site-packages/airflow/example_dags/example_python_decorator.py for tasks to queue
[2025-07-28T15:56:33.438+0000] {logging_mixin.py:190} INFO - [2025-07-28T15:56:33.438+0000] {dagbag.py:587} INFO - Filling up the DagBag from /home/airflow/.local/lib/python3.12/site-packages/airflow/example_dags/example_python_decorator.py
[2025-07-28T15:56:33.451+0000] {processor.py:925} INFO - DAG(s) 'example_python_decorator' retrieved from /home/airflow/.local/lib/python3.12/site-packages/airflow/example_dags/example_python_decorator.py
[2025-07-28T15:56:33.467+0000] {logging_mixin.py:190} INFO - [2025-07-28T15:56:33.467+0000] {dag.py:3229} INFO - Sync 1 DAGs
[2025-07-28T15:56:33.479+0000] {logging_mixin.py:190} INFO - [2025-07-28T15:56:33.479+0000] {dag.py:4156} INFO - Setting next_dagrun for example_python_decorator to None, run_after=None
[2025-07-28T15:56:33.491+0000] {processor.py:208} INFO - Processing /home/airflow/.local/lib/python3.12/site-packages/airflow/example_dags/example_python_decorator.py took 0.060 seconds
[2025-07-28T15:57:03.963+0000] {processor.py:186} INFO - Started process (PID=1796) to work on /home/airflow/.local/lib/python3.12/site-packages/airflow/example_dags/example_python_decorator.py
[2025-07-28T15:57:03.964+0000] {processor.py:914} INFO - Processing file /home/airflow/.local/lib/python3.12/site-packages/airflow/example_dags/example_python_decorator.py for tasks to queue
[2025-07-28T15:57:03.967+0000] {logging_mixin.py:190} INFO - [2025-07-28T15:57:03.966+0000] {dagbag.py:587} INFO - Filling up the DagBag from /home/airflow/.local/lib/python3.12/site-packages/airflow/example_dags/example_python_decorator.py
[2025-07-28T15:57:03.974+0000] {processor.py:925} INFO - DAG(s) 'example_python_decorator' retrieved from /home/airflow/.local/lib/python3.12/site-packages/airflow/example_dags/example_python_decorator.py
[2025-07-28T15:57:03.990+0000] {logging_mixin.py:190} INFO - [2025-07-28T15:57:03.987+0000] {dag.py:3229} INFO - Sync 1 DAGs
[2025-07-28T15:57:03.996+0000] {logging_mixin.py:190} INFO - [2025-07-28T15:57:03.996+0000] {dag.py:4156} INFO - Setting next_dagrun for example_python_decorator to None, run_after=None
[2025-07-28T15:57:04.004+0000] {processor.py:208} INFO - Processing /home/airflow/.local/lib/python3.12/site-packages/airflow/example_dags/example_python_decorator.py took 0.044 seconds
[2025-07-28T15:57:35.835+0000] {processor.py:186} INFO - Started process (PID=1858) to work on /home/airflow/.local/lib/python3.12/site-packages/airflow/example_dags/example_python_decorator.py
[2025-07-28T15:57:35.837+0000] {processor.py:914} INFO - Processing file /home/airflow/.local/lib/python3.12/site-packages/airflow/example_dags/example_python_decorator.py for tasks to queue
[2025-07-28T15:57:35.841+0000] {logging_mixin.py:190} INFO - [2025-07-28T15:57:35.840+0000] {dagbag.py:587} INFO - Filling up the DagBag from /home/airflow/.local/lib/python3.12/site-packages/airflow/example_dags/example_python_decorator.py
[2025-07-28T15:57:35.856+0000] {processor.py:925} INFO - DAG(s) 'example_python_decorator' retrieved from /home/airflow/.local/lib/python3.12/site-packages/airflow/example_dags/example_python_decorator.py
[2025-07-28T15:57:35.869+0000] {logging_mixin.py:190} INFO - [2025-07-28T15:57:35.869+0000] {dag.py:3229} INFO - Sync 1 DAGs
[2025-07-28T15:57:35.881+0000] {logging_mixin.py:190} INFO - [2025-07-28T15:57:35.881+0000] {dag.py:4156} INFO - Setting next_dagrun for example_python_decorator to None, run_after=None
[2025-07-28T15:57:35.894+0000] {processor.py:208} INFO - Processing /home/airflow/.local/lib/python3.12/site-packages/airflow/example_dags/example_python_decorator.py took 0.063 seconds
[2025-07-28T15:58:06.960+0000] {processor.py:186} INFO - Started process (PID=1921) to work on /home/airflow/.local/lib/python3.12/site-packages/airflow/example_dags/example_python_decorator.py
[2025-07-28T15:58:06.962+0000] {processor.py:914} INFO - Processing file /home/airflow/.local/lib/python3.12/site-packages/airflow/example_dags/example_python_decorator.py for tasks to queue
[2025-07-28T15:58:06.964+0000] {logging_mixin.py:190} INFO - [2025-07-28T15:58:06.964+0000] {dagbag.py:587} INFO - Filling up the DagBag from /home/airflow/.local/lib/python3.12/site-packages/airflow/example_dags/example_python_decorator.py
[2025-07-28T15:58:06.979+0000] {processor.py:925} INFO - DAG(s) 'example_python_decorator' retrieved from /home/airflow/.local/lib/python3.12/site-packages/airflow/example_dags/example_python_decorator.py
[2025-07-28T15:58:06.996+0000] {logging_mixin.py:190} INFO - [2025-07-28T15:58:06.996+0000] {dag.py:3229} INFO - Sync 1 DAGs
[2025-07-28T15:58:07.006+0000] {logging_mixin.py:190} INFO - [2025-07-28T15:58:07.006+0000] {dag.py:4156} INFO - Setting next_dagrun for example_python_decorator to None, run_after=None
[2025-07-28T15:58:07.015+0000] {processor.py:208} INFO - Processing /home/airflow/.local/lib/python3.12/site-packages/airflow/example_dags/example_python_decorator.py took 0.061 seconds
[2025-07-28T15:58:37.624+0000] {processor.py:186} INFO - Started process (PID=1984) to work on /home/airflow/.local/lib/python3.12/site-packages/airflow/example_dags/example_python_decorator.py
[2025-07-28T15:58:37.625+0000] {processor.py:914} INFO - Processing file /home/airflow/.local/lib/python3.12/site-packages/airflow/example_dags/example_python_decorator.py for tasks to queue
[2025-07-28T15:58:37.631+0000] {logging_mixin.py:190} INFO - [2025-07-28T15:58:37.630+0000] {dagbag.py:587} INFO - Filling up the DagBag from /home/airflow/.local/lib/python3.12/site-packages/airflow/example_dags/example_python_decorator.py
[2025-07-28T15:58:37.639+0000] {processor.py:925} INFO - DAG(s) 'example_python_decorator' retrieved from /home/airflow/.local/lib/python3.12/site-packages/airflow/example_dags/example_python_decorator.py
[2025-07-28T15:58:37.658+0000] {logging_mixin.py:190} INFO - [2025-07-28T15:58:37.658+0000] {dag.py:3229} INFO - Sync 1 DAGs
[2025-07-28T15:58:37.670+0000] {logging_mixin.py:190} INFO - [2025-07-28T15:58:37.670+0000] {dag.py:4156} INFO - Setting next_dagrun for example_python_decorator to None, run_after=None
[2025-07-28T15:58:37.682+0000] {processor.py:208} INFO - Processing /home/airflow/.local/lib/python3.12/site-packages/airflow/example_dags/example_python_decorator.py took 0.062 seconds
[2025-07-28T15:59:08.045+0000] {processor.py:186} INFO - Started process (PID=2046) to work on /home/airflow/.local/lib/python3.12/site-packages/airflow/example_dags/example_python_decorator.py
[2025-07-28T15:59:08.048+0000] {processor.py:914} INFO - Processing file /home/airflow/.local/lib/python3.12/site-packages/airflow/example_dags/example_python_decorator.py for tasks to queue
[2025-07-28T15:59:08.050+0000] {logging_mixin.py:190} INFO - [2025-07-28T15:59:08.049+0000] {dagbag.py:587} INFO - Filling up the DagBag from /home/airflow/.local/lib/python3.12/site-packages/airflow/example_dags/example_python_decorator.py
[2025-07-28T15:59:08.061+0000] {processor.py:925} INFO - DAG(s) 'example_python_decorator' retrieved from /home/airflow/.local/lib/python3.12/site-packages/airflow/example_dags/example_python_decorator.py
[2025-07-28T15:59:08.079+0000] {logging_mixin.py:190} INFO - [2025-07-28T15:59:08.079+0000] {dag.py:3229} INFO - Sync 1 DAGs
[2025-07-28T15:59:08.089+0000] {logging_mixin.py:190} INFO - [2025-07-28T15:59:08.088+0000] {dag.py:4156} INFO - Setting next_dagrun for example_python_decorator to None, run_after=None
[2025-07-28T15:59:08.107+0000] {processor.py:208} INFO - Processing /home/airflow/.local/lib/python3.12/site-packages/airflow/example_dags/example_python_decorator.py took 0.072 seconds
[2025-07-28T15:59:38.305+0000] {processor.py:186} INFO - Started process (PID=2108) to work on /home/airflow/.local/lib/python3.12/site-packages/airflow/example_dags/example_python_decorator.py
[2025-07-28T15:59:38.306+0000] {processor.py:914} INFO - Processing file /home/airflow/.local/lib/python3.12/site-packages/airflow/example_dags/example_python_decorator.py for tasks to queue
[2025-07-28T15:59:38.307+0000] {logging_mixin.py:190} INFO - [2025-07-28T15:59:38.307+0000] {dagbag.py:587} INFO - Filling up the DagBag from /home/airflow/.local/lib/python3.12/site-packages/airflow/example_dags/example_python_decorator.py
[2025-07-28T15:59:38.317+0000] {processor.py:925} INFO - DAG(s) 'example_python_decorator' retrieved from /home/airflow/.local/lib/python3.12/site-packages/airflow/example_dags/example_python_decorator.py
[2025-07-28T15:59:38.328+0000] {logging_mixin.py:190} INFO - [2025-07-28T15:59:38.328+0000] {dag.py:3229} INFO - Sync 1 DAGs
[2025-07-28T15:59:38.335+0000] {logging_mixin.py:190} INFO - [2025-07-28T15:59:38.335+0000] {dag.py:4156} INFO - Setting next_dagrun for example_python_decorator to None, run_after=None
[2025-07-28T15:59:38.343+0000] {processor.py:208} INFO - Processing /home/airflow/.local/lib/python3.12/site-packages/airflow/example_dags/example_python_decorator.py took 0.040 seconds
[2025-07-28T16:00:08.667+0000] {processor.py:186} INFO - Started process (PID=2171) to work on /home/airflow/.local/lib/python3.12/site-packages/airflow/example_dags/example_python_decorator.py
[2025-07-28T16:00:08.668+0000] {processor.py:914} INFO - Processing file /home/airflow/.local/lib/python3.12/site-packages/airflow/example_dags/example_python_decorator.py for tasks to queue
[2025-07-28T16:00:08.669+0000] {logging_mixin.py:190} INFO - [2025-07-28T16:00:08.668+0000] {dagbag.py:587} INFO - Filling up the DagBag from /home/airflow/.local/lib/python3.12/site-packages/airflow/example_dags/example_python_decorator.py
[2025-07-28T16:00:08.676+0000] {processor.py:925} INFO - DAG(s) 'example_python_decorator' retrieved from /home/airflow/.local/lib/python3.12/site-packages/airflow/example_dags/example_python_decorator.py
[2025-07-28T16:00:08.687+0000] {logging_mixin.py:190} INFO - [2025-07-28T16:00:08.687+0000] {dag.py:3229} INFO - Sync 1 DAGs
[2025-07-28T16:00:08.692+0000] {logging_mixin.py:190} INFO - [2025-07-28T16:00:08.692+0000] {dag.py:4156} INFO - Setting next_dagrun for example_python_decorator to None, run_after=None
[2025-07-28T16:00:08.700+0000] {processor.py:208} INFO - Processing /home/airflow/.local/lib/python3.12/site-packages/airflow/example_dags/example_python_decorator.py took 0.037 seconds
[2025-07-28T16:00:39.630+0000] {processor.py:186} INFO - Started process (PID=2234) to work on /home/airflow/.local/lib/python3.12/site-packages/airflow/example_dags/example_python_decorator.py
[2025-07-28T16:00:39.632+0000] {processor.py:914} INFO - Processing file /home/airflow/.local/lib/python3.12/site-packages/airflow/example_dags/example_python_decorator.py for tasks to queue
[2025-07-28T16:00:39.635+0000] {logging_mixin.py:190} INFO - [2025-07-28T16:00:39.635+0000] {dagbag.py:587} INFO - Filling up the DagBag from /home/airflow/.local/lib/python3.12/site-packages/airflow/example_dags/example_python_decorator.py
[2025-07-28T16:00:39.645+0000] {processor.py:925} INFO - DAG(s) 'example_python_decorator' retrieved from /home/airflow/.local/lib/python3.12/site-packages/airflow/example_dags/example_python_decorator.py
[2025-07-28T16:00:39.657+0000] {logging_mixin.py:190} INFO - [2025-07-28T16:00:39.656+0000] {dag.py:3229} INFO - Sync 1 DAGs
[2025-07-28T16:00:39.663+0000] {logging_mixin.py:190} INFO - [2025-07-28T16:00:39.663+0000] {dag.py:4156} INFO - Setting next_dagrun for example_python_decorator to None, run_after=None
[2025-07-28T16:00:39.669+0000] {processor.py:208} INFO - Processing /home/airflow/.local/lib/python3.12/site-packages/airflow/example_dags/example_python_decorator.py took 0.043 seconds
