[2025-07-28T15:42:47.790+0000] {processor.py:186} INFO - Started process (PID=64) to work on /home/airflow/.local/lib/python3.12/site-packages/airflow/example_dags/example_branch_operator_decorator.py
[2025-07-28T15:42:47.793+0000] {processor.py:914} INFO - Processing file /home/airflow/.local/lib/python3.12/site-packages/airflow/example_dags/example_branch_operator_decorator.py for tasks to queue
[2025-07-28T15:42:47.819+0000] {logging_mixin.py:190} INFO - [2025-07-28T15:42:47.817+0000] {dagbag.py:587} INFO - Filling up the DagBag from /home/airflow/.local/lib/python3.12/site-packages/airflow/example_dags/example_branch_operator_decorator.py
[2025-07-28T15:42:47.942+0000] {processor.py:925} INFO - DAG(s) 'example_branch_python_operator_decorator' retrieved from /home/airflow/.local/lib/python3.12/site-packages/airflow/example_dags/example_branch_operator_decorator.py
[2025-07-28T15:42:48.226+0000] {logging_mixin.py:190} INFO - [2025-07-28T15:42:48.225+0000] {override.py:1900} INFO - Created Permission View: can edit on DAG:example_branch_python_operator_decorator
[2025-07-28T15:42:48.241+0000] {logging_mixin.py:190} INFO - [2025-07-28T15:42:48.241+0000] {override.py:1900} INFO - Created Permission View: can read on DAG:example_branch_python_operator_decorator
[2025-07-28T15:42:48.248+0000] {logging_mixin.py:190} INFO - [2025-07-28T15:42:48.248+0000] {override.py:1900} INFO - Created Permission View: can delete on DAG:example_branch_python_operator_decorator
[2025-07-28T15:42:48.277+0000] {logging_mixin.py:190} INFO - [2025-07-28T15:42:48.276+0000] {override.py:1900} INFO - Created Permission View: can read on DAG Run:example_branch_python_operator_decorator
[2025-07-28T15:42:48.289+0000] {logging_mixin.py:190} INFO - [2025-07-28T15:42:48.288+0000] {override.py:1900} INFO - Created Permission View: can delete on DAG Run:example_branch_python_operator_decorator
[2025-07-28T15:42:48.294+0000] {logging_mixin.py:190} INFO - [2025-07-28T15:42:48.293+0000] {override.py:1900} INFO - Created Permission View: can create on DAG Run:example_branch_python_operator_decorator
[2025-07-28T15:42:48.298+0000] {logging_mixin.py:190} INFO - [2025-07-28T15:42:48.298+0000] {override.py:1900} INFO - Created Permission View: menu access on DAG Run:example_branch_python_operator_decorator
[2025-07-28T15:42:48.300+0000] {logging_mixin.py:190} INFO - [2025-07-28T15:42:48.299+0000] {dag.py:3229} INFO - Sync 1 DAGs
[2025-07-28T15:42:48.319+0000] {logging_mixin.py:190} INFO - [2025-07-28T15:42:48.319+0000] {dag.py:3252} INFO - Creating ORM DAG for example_branch_python_operator_decorator
[2025-07-28T15:42:48.330+0000] {logging_mixin.py:190} INFO - [2025-07-28T15:42:48.329+0000] {dag.py:4156} INFO - Setting next_dagrun for example_branch_python_operator_decorator to 2025-07-27 00:00:00+00:00, run_after=2025-07-28 00:00:00+00:00
[2025-07-28T15:42:48.353+0000] {processor.py:208} INFO - Processing /home/airflow/.local/lib/python3.12/site-packages/airflow/example_dags/example_branch_operator_decorator.py took 0.595 seconds
[2025-07-28T15:43:18.763+0000] {processor.py:186} INFO - Started process (PID=125) to work on /home/airflow/.local/lib/python3.12/site-packages/airflow/example_dags/example_branch_operator_decorator.py
[2025-07-28T15:43:18.763+0000] {processor.py:914} INFO - Processing file /home/airflow/.local/lib/python3.12/site-packages/airflow/example_dags/example_branch_operator_decorator.py for tasks to queue
[2025-07-28T15:43:18.766+0000] {logging_mixin.py:190} INFO - [2025-07-28T15:43:18.766+0000] {dagbag.py:587} INFO - Filling up the DagBag from /home/airflow/.local/lib/python3.12/site-packages/airflow/example_dags/example_branch_operator_decorator.py
[2025-07-28T15:43:18.783+0000] {processor.py:925} INFO - DAG(s) 'example_branch_python_operator_decorator' retrieved from /home/airflow/.local/lib/python3.12/site-packages/airflow/example_dags/example_branch_operator_decorator.py
[2025-07-28T15:43:18.802+0000] {logging_mixin.py:190} INFO - [2025-07-28T15:43:18.801+0000] {dag.py:3229} INFO - Sync 1 DAGs
[2025-07-28T15:43:18.818+0000] {logging_mixin.py:190} INFO - [2025-07-28T15:43:18.818+0000] {dag.py:4156} INFO - Setting next_dagrun for example_branch_python_operator_decorator to 2025-07-27 00:00:00+00:00, run_after=2025-07-28 00:00:00+00:00
[2025-07-28T15:43:18.826+0000] {processor.py:208} INFO - Processing /home/airflow/.local/lib/python3.12/site-packages/airflow/example_dags/example_branch_operator_decorator.py took 0.070 seconds
[2025-07-28T15:43:49.416+0000] {processor.py:186} INFO - Started process (PID=187) to work on /home/airflow/.local/lib/python3.12/site-packages/airflow/example_dags/example_branch_operator_decorator.py
[2025-07-28T15:43:49.417+0000] {processor.py:914} INFO - Processing file /home/airflow/.local/lib/python3.12/site-packages/airflow/example_dags/example_branch_operator_decorator.py for tasks to queue
[2025-07-28T15:43:49.419+0000] {logging_mixin.py:190} INFO - [2025-07-28T15:43:49.419+0000] {dagbag.py:587} INFO - Filling up the DagBag from /home/airflow/.local/lib/python3.12/site-packages/airflow/example_dags/example_branch_operator_decorator.py
[2025-07-28T15:43:49.432+0000] {processor.py:925} INFO - DAG(s) 'example_branch_python_operator_decorator' retrieved from /home/airflow/.local/lib/python3.12/site-packages/airflow/example_dags/example_branch_operator_decorator.py
[2025-07-28T15:43:49.447+0000] {logging_mixin.py:190} INFO - [2025-07-28T15:43:49.446+0000] {dag.py:3229} INFO - Sync 1 DAGs
[2025-07-28T15:43:49.457+0000] {logging_mixin.py:190} INFO - [2025-07-28T15:43:49.457+0000] {dag.py:4156} INFO - Setting next_dagrun for example_branch_python_operator_decorator to 2025-07-27 00:00:00+00:00, run_after=2025-07-28 00:00:00+00:00
[2025-07-28T15:43:49.465+0000] {processor.py:208} INFO - Processing /home/airflow/.local/lib/python3.12/site-packages/airflow/example_dags/example_branch_operator_decorator.py took 0.053 seconds
[2025-07-28T15:44:20.290+0000] {processor.py:186} INFO - Started process (PID=249) to work on /home/airflow/.local/lib/python3.12/site-packages/airflow/example_dags/example_branch_operator_decorator.py
[2025-07-28T15:44:20.291+0000] {processor.py:914} INFO - Processing file /home/airflow/.local/lib/python3.12/site-packages/airflow/example_dags/example_branch_operator_decorator.py for tasks to queue
[2025-07-28T15:44:20.294+0000] {logging_mixin.py:190} INFO - [2025-07-28T15:44:20.293+0000] {dagbag.py:587} INFO - Filling up the DagBag from /home/airflow/.local/lib/python3.12/site-packages/airflow/example_dags/example_branch_operator_decorator.py
[2025-07-28T15:44:20.310+0000] {processor.py:925} INFO - DAG(s) 'example_branch_python_operator_decorator' retrieved from /home/airflow/.local/lib/python3.12/site-packages/airflow/example_dags/example_branch_operator_decorator.py
[2025-07-28T15:44:20.327+0000] {logging_mixin.py:190} INFO - [2025-07-28T15:44:20.327+0000] {dag.py:3229} INFO - Sync 1 DAGs
[2025-07-28T15:44:20.338+0000] {logging_mixin.py:190} INFO - [2025-07-28T15:44:20.338+0000] {dag.py:4156} INFO - Setting next_dagrun for example_branch_python_operator_decorator to 2025-07-27 00:00:00+00:00, run_after=2025-07-28 00:00:00+00:00
[2025-07-28T15:44:20.345+0000] {processor.py:208} INFO - Processing /home/airflow/.local/lib/python3.12/site-packages/airflow/example_dags/example_branch_operator_decorator.py took 0.063 seconds
[2025-07-28T15:44:50.782+0000] {processor.py:186} INFO - Started process (PID=311) to work on /home/airflow/.local/lib/python3.12/site-packages/airflow/example_dags/example_branch_operator_decorator.py
[2025-07-28T15:44:50.784+0000] {processor.py:914} INFO - Processing file /home/airflow/.local/lib/python3.12/site-packages/airflow/example_dags/example_branch_operator_decorator.py for tasks to queue
[2025-07-28T15:44:50.788+0000] {logging_mixin.py:190} INFO - [2025-07-28T15:44:50.787+0000] {dagbag.py:587} INFO - Filling up the DagBag from /home/airflow/.local/lib/python3.12/site-packages/airflow/example_dags/example_branch_operator_decorator.py
[2025-07-28T15:44:50.805+0000] {processor.py:925} INFO - DAG(s) 'example_branch_python_operator_decorator' retrieved from /home/airflow/.local/lib/python3.12/site-packages/airflow/example_dags/example_branch_operator_decorator.py
[2025-07-28T15:44:50.841+0000] {logging_mixin.py:190} INFO - [2025-07-28T15:44:50.841+0000] {dag.py:3229} INFO - Sync 1 DAGs
[2025-07-28T15:44:50.856+0000] {logging_mixin.py:190} INFO - [2025-07-28T15:44:50.856+0000] {dag.py:4156} INFO - Setting next_dagrun for example_branch_python_operator_decorator to 2025-07-27 00:00:00+00:00, run_after=2025-07-28 00:00:00+00:00
[2025-07-28T15:44:50.865+0000] {processor.py:208} INFO - Processing /home/airflow/.local/lib/python3.12/site-packages/airflow/example_dags/example_branch_operator_decorator.py took 0.090 seconds
[2025-07-28T15:45:21.488+0000] {processor.py:186} INFO - Started process (PID=373) to work on /home/airflow/.local/lib/python3.12/site-packages/airflow/example_dags/example_branch_operator_decorator.py
[2025-07-28T15:45:21.490+0000] {processor.py:914} INFO - Processing file /home/airflow/.local/lib/python3.12/site-packages/airflow/example_dags/example_branch_operator_decorator.py for tasks to queue
[2025-07-28T15:45:21.493+0000] {logging_mixin.py:190} INFO - [2025-07-28T15:45:21.493+0000] {dagbag.py:587} INFO - Filling up the DagBag from /home/airflow/.local/lib/python3.12/site-packages/airflow/example_dags/example_branch_operator_decorator.py
[2025-07-28T15:45:21.526+0000] {processor.py:925} INFO - DAG(s) 'example_branch_python_operator_decorator' retrieved from /home/airflow/.local/lib/python3.12/site-packages/airflow/example_dags/example_branch_operator_decorator.py
[2025-07-28T15:45:21.551+0000] {logging_mixin.py:190} INFO - [2025-07-28T15:45:21.551+0000] {dag.py:3229} INFO - Sync 1 DAGs
[2025-07-28T15:45:21.608+0000] {logging_mixin.py:190} INFO - [2025-07-28T15:45:21.607+0000] {dag.py:4156} INFO - Setting next_dagrun for example_branch_python_operator_decorator to 2025-07-27 00:00:00+00:00, run_after=2025-07-28 00:00:00+00:00
[2025-07-28T15:45:21.626+0000] {processor.py:208} INFO - Processing /home/airflow/.local/lib/python3.12/site-packages/airflow/example_dags/example_branch_operator_decorator.py took 0.146 seconds
[2025-07-28T15:45:52.511+0000] {processor.py:186} INFO - Started process (PID=435) to work on /home/airflow/.local/lib/python3.12/site-packages/airflow/example_dags/example_branch_operator_decorator.py
[2025-07-28T15:45:52.513+0000] {processor.py:914} INFO - Processing file /home/airflow/.local/lib/python3.12/site-packages/airflow/example_dags/example_branch_operator_decorator.py for tasks to queue
[2025-07-28T15:45:52.514+0000] {logging_mixin.py:190} INFO - [2025-07-28T15:45:52.514+0000] {dagbag.py:587} INFO - Filling up the DagBag from /home/airflow/.local/lib/python3.12/site-packages/airflow/example_dags/example_branch_operator_decorator.py
[2025-07-28T15:45:52.526+0000] {processor.py:925} INFO - DAG(s) 'example_branch_python_operator_decorator' retrieved from /home/airflow/.local/lib/python3.12/site-packages/airflow/example_dags/example_branch_operator_decorator.py
[2025-07-28T15:45:52.541+0000] {logging_mixin.py:190} INFO - [2025-07-28T15:45:52.541+0000] {dag.py:3229} INFO - Sync 1 DAGs
[2025-07-28T15:45:52.554+0000] {logging_mixin.py:190} INFO - [2025-07-28T15:45:52.554+0000] {dag.py:4156} INFO - Setting next_dagrun for example_branch_python_operator_decorator to 2025-07-27 00:00:00+00:00, run_after=2025-07-28 00:00:00+00:00
[2025-07-28T15:45:52.562+0000] {processor.py:208} INFO - Processing /home/airflow/.local/lib/python3.12/site-packages/airflow/example_dags/example_branch_operator_decorator.py took 0.054 seconds
[2025-07-28T15:46:23.095+0000] {processor.py:186} INFO - Started process (PID=497) to work on /home/airflow/.local/lib/python3.12/site-packages/airflow/example_dags/example_branch_operator_decorator.py
[2025-07-28T15:46:23.096+0000] {processor.py:914} INFO - Processing file /home/airflow/.local/lib/python3.12/site-packages/airflow/example_dags/example_branch_operator_decorator.py for tasks to queue
[2025-07-28T15:46:23.098+0000] {logging_mixin.py:190} INFO - [2025-07-28T15:46:23.098+0000] {dagbag.py:587} INFO - Filling up the DagBag from /home/airflow/.local/lib/python3.12/site-packages/airflow/example_dags/example_branch_operator_decorator.py
[2025-07-28T15:46:23.111+0000] {processor.py:925} INFO - DAG(s) 'example_branch_python_operator_decorator' retrieved from /home/airflow/.local/lib/python3.12/site-packages/airflow/example_dags/example_branch_operator_decorator.py
[2025-07-28T15:46:23.126+0000] {logging_mixin.py:190} INFO - [2025-07-28T15:46:23.126+0000] {dag.py:3229} INFO - Sync 1 DAGs
[2025-07-28T15:46:23.143+0000] {logging_mixin.py:190} INFO - [2025-07-28T15:46:23.142+0000] {dag.py:4156} INFO - Setting next_dagrun for example_branch_python_operator_decorator to 2025-07-27 00:00:00+00:00, run_after=2025-07-28 00:00:00+00:00
[2025-07-28T15:46:23.149+0000] {processor.py:208} INFO - Processing /home/airflow/.local/lib/python3.12/site-packages/airflow/example_dags/example_branch_operator_decorator.py took 0.061 seconds
[2025-07-28T15:46:53.618+0000] {processor.py:186} INFO - Started process (PID=559) to work on /home/airflow/.local/lib/python3.12/site-packages/airflow/example_dags/example_branch_operator_decorator.py
[2025-07-28T15:46:53.620+0000] {processor.py:914} INFO - Processing file /home/airflow/.local/lib/python3.12/site-packages/airflow/example_dags/example_branch_operator_decorator.py for tasks to queue
[2025-07-28T15:46:53.622+0000] {logging_mixin.py:190} INFO - [2025-07-28T15:46:53.622+0000] {dagbag.py:587} INFO - Filling up the DagBag from /home/airflow/.local/lib/python3.12/site-packages/airflow/example_dags/example_branch_operator_decorator.py
[2025-07-28T15:46:53.637+0000] {processor.py:925} INFO - DAG(s) 'example_branch_python_operator_decorator' retrieved from /home/airflow/.local/lib/python3.12/site-packages/airflow/example_dags/example_branch_operator_decorator.py
[2025-07-28T15:46:53.653+0000] {logging_mixin.py:190} INFO - [2025-07-28T15:46:53.653+0000] {dag.py:3229} INFO - Sync 1 DAGs
[2025-07-28T15:46:53.664+0000] {logging_mixin.py:190} INFO - [2025-07-28T15:46:53.664+0000] {dag.py:4156} INFO - Setting next_dagrun for example_branch_python_operator_decorator to 2025-07-27 00:00:00+00:00, run_after=2025-07-28 00:00:00+00:00
[2025-07-28T15:46:53.670+0000] {processor.py:208} INFO - Processing /home/airflow/.local/lib/python3.12/site-packages/airflow/example_dags/example_branch_operator_decorator.py took 0.059 seconds
[2025-07-28T15:47:24.054+0000] {processor.py:186} INFO - Started process (PID=621) to work on /home/airflow/.local/lib/python3.12/site-packages/airflow/example_dags/example_branch_operator_decorator.py
[2025-07-28T15:47:24.055+0000] {processor.py:914} INFO - Processing file /home/airflow/.local/lib/python3.12/site-packages/airflow/example_dags/example_branch_operator_decorator.py for tasks to queue
[2025-07-28T15:47:24.057+0000] {logging_mixin.py:190} INFO - [2025-07-28T15:47:24.056+0000] {dagbag.py:587} INFO - Filling up the DagBag from /home/airflow/.local/lib/python3.12/site-packages/airflow/example_dags/example_branch_operator_decorator.py
[2025-07-28T15:47:24.069+0000] {processor.py:925} INFO - DAG(s) 'example_branch_python_operator_decorator' retrieved from /home/airflow/.local/lib/python3.12/site-packages/airflow/example_dags/example_branch_operator_decorator.py
[2025-07-28T15:47:24.084+0000] {logging_mixin.py:190} INFO - [2025-07-28T15:47:24.084+0000] {dag.py:3229} INFO - Sync 1 DAGs
[2025-07-28T15:47:24.096+0000] {logging_mixin.py:190} INFO - [2025-07-28T15:47:24.095+0000] {dag.py:4156} INFO - Setting next_dagrun for example_branch_python_operator_decorator to 2025-07-27 00:00:00+00:00, run_after=2025-07-28 00:00:00+00:00
[2025-07-28T15:47:24.103+0000] {processor.py:208} INFO - Processing /home/airflow/.local/lib/python3.12/site-packages/airflow/example_dags/example_branch_operator_decorator.py took 0.061 seconds
[2025-07-28T15:47:54.962+0000] {processor.py:186} INFO - Started process (PID=683) to work on /home/airflow/.local/lib/python3.12/site-packages/airflow/example_dags/example_branch_operator_decorator.py
[2025-07-28T15:47:54.962+0000] {processor.py:914} INFO - Processing file /home/airflow/.local/lib/python3.12/site-packages/airflow/example_dags/example_branch_operator_decorator.py for tasks to queue
[2025-07-28T15:47:54.964+0000] {logging_mixin.py:190} INFO - [2025-07-28T15:47:54.964+0000] {dagbag.py:587} INFO - Filling up the DagBag from /home/airflow/.local/lib/python3.12/site-packages/airflow/example_dags/example_branch_operator_decorator.py
[2025-07-28T15:47:54.977+0000] {processor.py:925} INFO - DAG(s) 'example_branch_python_operator_decorator' retrieved from /home/airflow/.local/lib/python3.12/site-packages/airflow/example_dags/example_branch_operator_decorator.py
[2025-07-28T15:47:54.991+0000] {logging_mixin.py:190} INFO - [2025-07-28T15:47:54.991+0000] {dag.py:3229} INFO - Sync 1 DAGs
[2025-07-28T15:47:55.002+0000] {logging_mixin.py:190} INFO - [2025-07-28T15:47:55.001+0000] {dag.py:4156} INFO - Setting next_dagrun for example_branch_python_operator_decorator to 2025-07-27 00:00:00+00:00, run_after=2025-07-28 00:00:00+00:00
[2025-07-28T15:47:55.008+0000] {processor.py:208} INFO - Processing /home/airflow/.local/lib/python3.12/site-packages/airflow/example_dags/example_branch_operator_decorator.py took 0.053 seconds
[2025-07-28T15:48:25.242+0000] {processor.py:186} INFO - Started process (PID=745) to work on /home/airflow/.local/lib/python3.12/site-packages/airflow/example_dags/example_branch_operator_decorator.py
[2025-07-28T15:48:25.243+0000] {processor.py:914} INFO - Processing file /home/airflow/.local/lib/python3.12/site-packages/airflow/example_dags/example_branch_operator_decorator.py for tasks to queue
[2025-07-28T15:48:25.245+0000] {logging_mixin.py:190} INFO - [2025-07-28T15:48:25.244+0000] {dagbag.py:587} INFO - Filling up the DagBag from /home/airflow/.local/lib/python3.12/site-packages/airflow/example_dags/example_branch_operator_decorator.py
[2025-07-28T15:48:25.256+0000] {processor.py:925} INFO - DAG(s) 'example_branch_python_operator_decorator' retrieved from /home/airflow/.local/lib/python3.12/site-packages/airflow/example_dags/example_branch_operator_decorator.py
[2025-07-28T15:48:25.269+0000] {logging_mixin.py:190} INFO - [2025-07-28T15:48:25.269+0000] {dag.py:3229} INFO - Sync 1 DAGs
[2025-07-28T15:48:25.281+0000] {logging_mixin.py:190} INFO - [2025-07-28T15:48:25.281+0000] {dag.py:4156} INFO - Setting next_dagrun for example_branch_python_operator_decorator to 2025-07-27 00:00:00+00:00, run_after=2025-07-28 00:00:00+00:00
[2025-07-28T15:48:25.289+0000] {processor.py:208} INFO - Processing /home/airflow/.local/lib/python3.12/site-packages/airflow/example_dags/example_branch_operator_decorator.py took 0.053 seconds
[2025-07-28T15:48:55.539+0000] {processor.py:186} INFO - Started process (PID=807) to work on /home/airflow/.local/lib/python3.12/site-packages/airflow/example_dags/example_branch_operator_decorator.py
[2025-07-28T15:48:55.541+0000] {processor.py:914} INFO - Processing file /home/airflow/.local/lib/python3.12/site-packages/airflow/example_dags/example_branch_operator_decorator.py for tasks to queue
[2025-07-28T15:48:55.542+0000] {logging_mixin.py:190} INFO - [2025-07-28T15:48:55.542+0000] {dagbag.py:587} INFO - Filling up the DagBag from /home/airflow/.local/lib/python3.12/site-packages/airflow/example_dags/example_branch_operator_decorator.py
[2025-07-28T15:48:55.555+0000] {processor.py:925} INFO - DAG(s) 'example_branch_python_operator_decorator' retrieved from /home/airflow/.local/lib/python3.12/site-packages/airflow/example_dags/example_branch_operator_decorator.py
[2025-07-28T15:48:55.571+0000] {logging_mixin.py:190} INFO - [2025-07-28T15:48:55.571+0000] {dag.py:3229} INFO - Sync 1 DAGs
[2025-07-28T15:48:55.582+0000] {logging_mixin.py:190} INFO - [2025-07-28T15:48:55.582+0000] {dag.py:4156} INFO - Setting next_dagrun for example_branch_python_operator_decorator to 2025-07-27 00:00:00+00:00, run_after=2025-07-28 00:00:00+00:00
[2025-07-28T15:48:55.589+0000] {processor.py:208} INFO - Processing /home/airflow/.local/lib/python3.12/site-packages/airflow/example_dags/example_branch_operator_decorator.py took 0.055 seconds
[2025-07-28T15:49:26.151+0000] {processor.py:186} INFO - Started process (PID=869) to work on /home/airflow/.local/lib/python3.12/site-packages/airflow/example_dags/example_branch_operator_decorator.py
[2025-07-28T15:49:26.153+0000] {processor.py:914} INFO - Processing file /home/airflow/.local/lib/python3.12/site-packages/airflow/example_dags/example_branch_operator_decorator.py for tasks to queue
[2025-07-28T15:49:26.156+0000] {logging_mixin.py:190} INFO - [2025-07-28T15:49:26.156+0000] {dagbag.py:587} INFO - Filling up the DagBag from /home/airflow/.local/lib/python3.12/site-packages/airflow/example_dags/example_branch_operator_decorator.py
[2025-07-28T15:49:26.172+0000] {processor.py:925} INFO - DAG(s) 'example_branch_python_operator_decorator' retrieved from /home/airflow/.local/lib/python3.12/site-packages/airflow/example_dags/example_branch_operator_decorator.py
[2025-07-28T15:49:26.187+0000] {logging_mixin.py:190} INFO - [2025-07-28T15:49:26.186+0000] {dag.py:3229} INFO - Sync 1 DAGs
[2025-07-28T15:49:26.197+0000] {logging_mixin.py:190} INFO - [2025-07-28T15:49:26.197+0000] {dag.py:4156} INFO - Setting next_dagrun for example_branch_python_operator_decorator to 2025-07-27 00:00:00+00:00, run_after=2025-07-28 00:00:00+00:00
[2025-07-28T15:49:26.204+0000] {processor.py:208} INFO - Processing /home/airflow/.local/lib/python3.12/site-packages/airflow/example_dags/example_branch_operator_decorator.py took 0.059 seconds
[2025-07-28T15:49:56.699+0000] {processor.py:186} INFO - Started process (PID=931) to work on /home/airflow/.local/lib/python3.12/site-packages/airflow/example_dags/example_branch_operator_decorator.py
[2025-07-28T15:49:56.701+0000] {processor.py:914} INFO - Processing file /home/airflow/.local/lib/python3.12/site-packages/airflow/example_dags/example_branch_operator_decorator.py for tasks to queue
[2025-07-28T15:49:56.704+0000] {logging_mixin.py:190} INFO - [2025-07-28T15:49:56.704+0000] {dagbag.py:587} INFO - Filling up the DagBag from /home/airflow/.local/lib/python3.12/site-packages/airflow/example_dags/example_branch_operator_decorator.py
[2025-07-28T15:49:56.720+0000] {processor.py:925} INFO - DAG(s) 'example_branch_python_operator_decorator' retrieved from /home/airflow/.local/lib/python3.12/site-packages/airflow/example_dags/example_branch_operator_decorator.py
[2025-07-28T15:49:56.738+0000] {logging_mixin.py:190} INFO - [2025-07-28T15:49:56.738+0000] {dag.py:3229} INFO - Sync 1 DAGs
[2025-07-28T15:49:56.750+0000] {logging_mixin.py:190} INFO - [2025-07-28T15:49:56.750+0000] {dag.py:4156} INFO - Setting next_dagrun for example_branch_python_operator_decorator to 2025-07-27 00:00:00+00:00, run_after=2025-07-28 00:00:00+00:00
[2025-07-28T15:49:56.760+0000] {processor.py:208} INFO - Processing /home/airflow/.local/lib/python3.12/site-packages/airflow/example_dags/example_branch_operator_decorator.py took 0.068 seconds
[2025-07-28T15:50:27.142+0000] {processor.py:186} INFO - Started process (PID=993) to work on /home/airflow/.local/lib/python3.12/site-packages/airflow/example_dags/example_branch_operator_decorator.py
[2025-07-28T15:50:27.144+0000] {processor.py:914} INFO - Processing file /home/airflow/.local/lib/python3.12/site-packages/airflow/example_dags/example_branch_operator_decorator.py for tasks to queue
[2025-07-28T15:50:27.146+0000] {logging_mixin.py:190} INFO - [2025-07-28T15:50:27.145+0000] {dagbag.py:587} INFO - Filling up the DagBag from /home/airflow/.local/lib/python3.12/site-packages/airflow/example_dags/example_branch_operator_decorator.py
[2025-07-28T15:50:27.161+0000] {processor.py:925} INFO - DAG(s) 'example_branch_python_operator_decorator' retrieved from /home/airflow/.local/lib/python3.12/site-packages/airflow/example_dags/example_branch_operator_decorator.py
[2025-07-28T15:50:27.176+0000] {logging_mixin.py:190} INFO - [2025-07-28T15:50:27.176+0000] {dag.py:3229} INFO - Sync 1 DAGs
[2025-07-28T15:50:27.186+0000] {logging_mixin.py:190} INFO - [2025-07-28T15:50:27.186+0000] {dag.py:4156} INFO - Setting next_dagrun for example_branch_python_operator_decorator to 2025-07-27 00:00:00+00:00, run_after=2025-07-28 00:00:00+00:00
[2025-07-28T15:50:27.193+0000] {processor.py:208} INFO - Processing /home/airflow/.local/lib/python3.12/site-packages/airflow/example_dags/example_branch_operator_decorator.py took 0.057 seconds
[2025-07-28T15:50:57.258+0000] {processor.py:186} INFO - Started process (PID=1055) to work on /home/airflow/.local/lib/python3.12/site-packages/airflow/example_dags/example_branch_operator_decorator.py
[2025-07-28T15:50:57.259+0000] {processor.py:914} INFO - Processing file /home/airflow/.local/lib/python3.12/site-packages/airflow/example_dags/example_branch_operator_decorator.py for tasks to queue
[2025-07-28T15:50:57.261+0000] {logging_mixin.py:190} INFO - [2025-07-28T15:50:57.261+0000] {dagbag.py:587} INFO - Filling up the DagBag from /home/airflow/.local/lib/python3.12/site-packages/airflow/example_dags/example_branch_operator_decorator.py
[2025-07-28T15:50:57.270+0000] {processor.py:925} INFO - DAG(s) 'example_branch_python_operator_decorator' retrieved from /home/airflow/.local/lib/python3.12/site-packages/airflow/example_dags/example_branch_operator_decorator.py
[2025-07-28T15:50:57.282+0000] {logging_mixin.py:190} INFO - [2025-07-28T15:50:57.282+0000] {dag.py:3229} INFO - Sync 1 DAGs
[2025-07-28T15:50:57.293+0000] {logging_mixin.py:190} INFO - [2025-07-28T15:50:57.293+0000] {dag.py:4156} INFO - Setting next_dagrun for example_branch_python_operator_decorator to 2025-07-27 00:00:00+00:00, run_after=2025-07-28 00:00:00+00:00
[2025-07-28T15:50:57.301+0000] {processor.py:208} INFO - Processing /home/airflow/.local/lib/python3.12/site-packages/airflow/example_dags/example_branch_operator_decorator.py took 0.046 seconds
[2025-07-28T15:51:27.854+0000] {processor.py:186} INFO - Started process (PID=1117) to work on /home/airflow/.local/lib/python3.12/site-packages/airflow/example_dags/example_branch_operator_decorator.py
[2025-07-28T15:51:27.855+0000] {processor.py:914} INFO - Processing file /home/airflow/.local/lib/python3.12/site-packages/airflow/example_dags/example_branch_operator_decorator.py for tasks to queue
[2025-07-28T15:51:27.857+0000] {logging_mixin.py:190} INFO - [2025-07-28T15:51:27.856+0000] {dagbag.py:587} INFO - Filling up the DagBag from /home/airflow/.local/lib/python3.12/site-packages/airflow/example_dags/example_branch_operator_decorator.py
[2025-07-28T15:51:27.865+0000] {processor.py:925} INFO - DAG(s) 'example_branch_python_operator_decorator' retrieved from /home/airflow/.local/lib/python3.12/site-packages/airflow/example_dags/example_branch_operator_decorator.py
[2025-07-28T15:51:27.879+0000] {logging_mixin.py:190} INFO - [2025-07-28T15:51:27.879+0000] {dag.py:3229} INFO - Sync 1 DAGs
[2025-07-28T15:51:27.890+0000] {logging_mixin.py:190} INFO - [2025-07-28T15:51:27.889+0000] {dag.py:4156} INFO - Setting next_dagrun for example_branch_python_operator_decorator to 2025-07-27 00:00:00+00:00, run_after=2025-07-28 00:00:00+00:00
[2025-07-28T15:51:27.897+0000] {processor.py:208} INFO - Processing /home/airflow/.local/lib/python3.12/site-packages/airflow/example_dags/example_branch_operator_decorator.py took 0.047 seconds
[2025-07-28T15:51:58.294+0000] {processor.py:186} INFO - Started process (PID=1179) to work on /home/airflow/.local/lib/python3.12/site-packages/airflow/example_dags/example_branch_operator_decorator.py
[2025-07-28T15:51:58.294+0000] {processor.py:914} INFO - Processing file /home/airflow/.local/lib/python3.12/site-packages/airflow/example_dags/example_branch_operator_decorator.py for tasks to queue
[2025-07-28T15:51:58.296+0000] {logging_mixin.py:190} INFO - [2025-07-28T15:51:58.296+0000] {dagbag.py:587} INFO - Filling up the DagBag from /home/airflow/.local/lib/python3.12/site-packages/airflow/example_dags/example_branch_operator_decorator.py
[2025-07-28T15:51:58.306+0000] {processor.py:925} INFO - DAG(s) 'example_branch_python_operator_decorator' retrieved from /home/airflow/.local/lib/python3.12/site-packages/airflow/example_dags/example_branch_operator_decorator.py
[2025-07-28T15:51:58.318+0000] {logging_mixin.py:190} INFO - [2025-07-28T15:51:58.318+0000] {dag.py:3229} INFO - Sync 1 DAGs
[2025-07-28T15:51:58.334+0000] {logging_mixin.py:190} INFO - [2025-07-28T15:51:58.334+0000] {dag.py:4156} INFO - Setting next_dagrun for example_branch_python_operator_decorator to 2025-07-27 00:00:00+00:00, run_after=2025-07-28 00:00:00+00:00
[2025-07-28T15:51:58.342+0000] {processor.py:208} INFO - Processing /home/airflow/.local/lib/python3.12/site-packages/airflow/example_dags/example_branch_operator_decorator.py took 0.051 seconds
[2025-07-28T15:52:29.105+0000] {processor.py:186} INFO - Started process (PID=1241) to work on /home/airflow/.local/lib/python3.12/site-packages/airflow/example_dags/example_branch_operator_decorator.py
[2025-07-28T15:52:29.111+0000] {processor.py:914} INFO - Processing file /home/airflow/.local/lib/python3.12/site-packages/airflow/example_dags/example_branch_operator_decorator.py for tasks to queue
[2025-07-28T15:52:29.116+0000] {logging_mixin.py:190} INFO - [2025-07-28T15:52:29.115+0000] {dagbag.py:587} INFO - Filling up the DagBag from /home/airflow/.local/lib/python3.12/site-packages/airflow/example_dags/example_branch_operator_decorator.py
[2025-07-28T15:52:29.164+0000] {processor.py:925} INFO - DAG(s) 'example_branch_python_operator_decorator' retrieved from /home/airflow/.local/lib/python3.12/site-packages/airflow/example_dags/example_branch_operator_decorator.py
[2025-07-28T15:52:29.207+0000] {logging_mixin.py:190} INFO - [2025-07-28T15:52:29.207+0000] {dag.py:3229} INFO - Sync 1 DAGs
[2025-07-28T15:52:29.233+0000] {logging_mixin.py:190} INFO - [2025-07-28T15:52:29.233+0000] {dag.py:4156} INFO - Setting next_dagrun for example_branch_python_operator_decorator to 2025-07-27 00:00:00+00:00, run_after=2025-07-28 00:00:00+00:00
[2025-07-28T15:52:29.244+0000] {processor.py:208} INFO - Processing /home/airflow/.local/lib/python3.12/site-packages/airflow/example_dags/example_branch_operator_decorator.py took 0.147 seconds
[2025-07-28T15:52:59.514+0000] {processor.py:186} INFO - Started process (PID=1303) to work on /home/airflow/.local/lib/python3.12/site-packages/airflow/example_dags/example_branch_operator_decorator.py
[2025-07-28T15:52:59.515+0000] {processor.py:914} INFO - Processing file /home/airflow/.local/lib/python3.12/site-packages/airflow/example_dags/example_branch_operator_decorator.py for tasks to queue
[2025-07-28T15:52:59.516+0000] {logging_mixin.py:190} INFO - [2025-07-28T15:52:59.516+0000] {dagbag.py:587} INFO - Filling up the DagBag from /home/airflow/.local/lib/python3.12/site-packages/airflow/example_dags/example_branch_operator_decorator.py
[2025-07-28T15:52:59.525+0000] {processor.py:925} INFO - DAG(s) 'example_branch_python_operator_decorator' retrieved from /home/airflow/.local/lib/python3.12/site-packages/airflow/example_dags/example_branch_operator_decorator.py
[2025-07-28T15:52:59.537+0000] {logging_mixin.py:190} INFO - [2025-07-28T15:52:59.537+0000] {dag.py:3229} INFO - Sync 1 DAGs
[2025-07-28T15:52:59.546+0000] {logging_mixin.py:190} INFO - [2025-07-28T15:52:59.546+0000] {dag.py:4156} INFO - Setting next_dagrun for example_branch_python_operator_decorator to 2025-07-27 00:00:00+00:00, run_after=2025-07-28 00:00:00+00:00
[2025-07-28T15:52:59.553+0000] {processor.py:208} INFO - Processing /home/airflow/.local/lib/python3.12/site-packages/airflow/example_dags/example_branch_operator_decorator.py took 0.042 seconds
[2025-07-28T15:53:30.440+0000] {processor.py:186} INFO - Started process (PID=1366) to work on /home/airflow/.local/lib/python3.12/site-packages/airflow/example_dags/example_branch_operator_decorator.py
[2025-07-28T15:53:30.440+0000] {processor.py:914} INFO - Processing file /home/airflow/.local/lib/python3.12/site-packages/airflow/example_dags/example_branch_operator_decorator.py for tasks to queue
[2025-07-28T15:53:30.443+0000] {logging_mixin.py:190} INFO - [2025-07-28T15:53:30.442+0000] {dagbag.py:587} INFO - Filling up the DagBag from /home/airflow/.local/lib/python3.12/site-packages/airflow/example_dags/example_branch_operator_decorator.py
[2025-07-28T15:53:30.466+0000] {processor.py:925} INFO - DAG(s) 'example_branch_python_operator_decorator' retrieved from /home/airflow/.local/lib/python3.12/site-packages/airflow/example_dags/example_branch_operator_decorator.py
[2025-07-28T15:53:30.510+0000] {logging_mixin.py:190} INFO - [2025-07-28T15:53:30.510+0000] {dag.py:3229} INFO - Sync 1 DAGs
[2025-07-28T15:53:30.524+0000] {logging_mixin.py:190} INFO - [2025-07-28T15:53:30.523+0000] {dag.py:4156} INFO - Setting next_dagrun for example_branch_python_operator_decorator to 2025-07-27 00:00:00+00:00, run_after=2025-07-28 00:00:00+00:00
[2025-07-28T15:53:30.533+0000] {processor.py:208} INFO - Processing /home/airflow/.local/lib/python3.12/site-packages/airflow/example_dags/example_branch_operator_decorator.py took 0.099 seconds
[2025-07-28T15:54:01.315+0000] {processor.py:186} INFO - Started process (PID=1429) to work on /home/airflow/.local/lib/python3.12/site-packages/airflow/example_dags/example_branch_operator_decorator.py
[2025-07-28T15:54:01.315+0000] {processor.py:914} INFO - Processing file /home/airflow/.local/lib/python3.12/site-packages/airflow/example_dags/example_branch_operator_decorator.py for tasks to queue
[2025-07-28T15:54:01.317+0000] {logging_mixin.py:190} INFO - [2025-07-28T15:54:01.317+0000] {dagbag.py:587} INFO - Filling up the DagBag from /home/airflow/.local/lib/python3.12/site-packages/airflow/example_dags/example_branch_operator_decorator.py
[2025-07-28T15:54:01.327+0000] {processor.py:925} INFO - DAG(s) 'example_branch_python_operator_decorator' retrieved from /home/airflow/.local/lib/python3.12/site-packages/airflow/example_dags/example_branch_operator_decorator.py
[2025-07-28T15:54:01.340+0000] {logging_mixin.py:190} INFO - [2025-07-28T15:54:01.340+0000] {dag.py:3229} INFO - Sync 1 DAGs
[2025-07-28T15:54:01.351+0000] {logging_mixin.py:190} INFO - [2025-07-28T15:54:01.351+0000] {dag.py:4156} INFO - Setting next_dagrun for example_branch_python_operator_decorator to 2025-07-27 00:00:00+00:00, run_after=2025-07-28 00:00:00+00:00
[2025-07-28T15:54:01.359+0000] {processor.py:208} INFO - Processing /home/airflow/.local/lib/python3.12/site-packages/airflow/example_dags/example_branch_operator_decorator.py took 0.047 seconds
[2025-07-28T15:54:32.237+0000] {processor.py:186} INFO - Started process (PID=1492) to work on /home/airflow/.local/lib/python3.12/site-packages/airflow/example_dags/example_branch_operator_decorator.py
[2025-07-28T15:54:32.237+0000] {processor.py:914} INFO - Processing file /home/airflow/.local/lib/python3.12/site-packages/airflow/example_dags/example_branch_operator_decorator.py for tasks to queue
[2025-07-28T15:54:32.238+0000] {logging_mixin.py:190} INFO - [2025-07-28T15:54:32.238+0000] {dagbag.py:587} INFO - Filling up the DagBag from /home/airflow/.local/lib/python3.12/site-packages/airflow/example_dags/example_branch_operator_decorator.py
[2025-07-28T15:54:32.248+0000] {processor.py:925} INFO - DAG(s) 'example_branch_python_operator_decorator' retrieved from /home/airflow/.local/lib/python3.12/site-packages/airflow/example_dags/example_branch_operator_decorator.py
[2025-07-28T15:54:32.259+0000] {logging_mixin.py:190} INFO - [2025-07-28T15:54:32.259+0000] {dag.py:3229} INFO - Sync 1 DAGs
[2025-07-28T15:54:32.269+0000] {logging_mixin.py:190} INFO - [2025-07-28T15:54:32.269+0000] {dag.py:4156} INFO - Setting next_dagrun for example_branch_python_operator_decorator to 2025-07-27 00:00:00+00:00, run_after=2025-07-28 00:00:00+00:00
[2025-07-28T15:54:32.275+0000] {processor.py:208} INFO - Processing /home/airflow/.local/lib/python3.12/site-packages/airflow/example_dags/example_branch_operator_decorator.py took 0.042 seconds
[2025-07-28T15:55:03.015+0000] {processor.py:186} INFO - Started process (PID=1555) to work on /home/airflow/.local/lib/python3.12/site-packages/airflow/example_dags/example_branch_operator_decorator.py
[2025-07-28T15:55:03.016+0000] {processor.py:914} INFO - Processing file /home/airflow/.local/lib/python3.12/site-packages/airflow/example_dags/example_branch_operator_decorator.py for tasks to queue
[2025-07-28T15:55:03.017+0000] {logging_mixin.py:190} INFO - [2025-07-28T15:55:03.017+0000] {dagbag.py:587} INFO - Filling up the DagBag from /home/airflow/.local/lib/python3.12/site-packages/airflow/example_dags/example_branch_operator_decorator.py
[2025-07-28T15:55:03.028+0000] {processor.py:925} INFO - DAG(s) 'example_branch_python_operator_decorator' retrieved from /home/airflow/.local/lib/python3.12/site-packages/airflow/example_dags/example_branch_operator_decorator.py
[2025-07-28T15:55:03.041+0000] {logging_mixin.py:190} INFO - [2025-07-28T15:55:03.041+0000] {dag.py:3229} INFO - Sync 1 DAGs
[2025-07-28T15:55:03.050+0000] {logging_mixin.py:190} INFO - [2025-07-28T15:55:03.050+0000] {dag.py:4156} INFO - Setting next_dagrun for example_branch_python_operator_decorator to 2025-07-27 00:00:00+00:00, run_after=2025-07-28 00:00:00+00:00
[2025-07-28T15:55:03.058+0000] {processor.py:208} INFO - Processing /home/airflow/.local/lib/python3.12/site-packages/airflow/example_dags/example_branch_operator_decorator.py took 0.048 seconds
[2025-07-28T15:55:33.876+0000] {processor.py:186} INFO - Started process (PID=1618) to work on /home/airflow/.local/lib/python3.12/site-packages/airflow/example_dags/example_branch_operator_decorator.py
[2025-07-28T15:55:33.877+0000] {processor.py:914} INFO - Processing file /home/airflow/.local/lib/python3.12/site-packages/airflow/example_dags/example_branch_operator_decorator.py for tasks to queue
[2025-07-28T15:55:33.880+0000] {logging_mixin.py:190} INFO - [2025-07-28T15:55:33.880+0000] {dagbag.py:587} INFO - Filling up the DagBag from /home/airflow/.local/lib/python3.12/site-packages/airflow/example_dags/example_branch_operator_decorator.py
[2025-07-28T15:55:33.896+0000] {processor.py:925} INFO - DAG(s) 'example_branch_python_operator_decorator' retrieved from /home/airflow/.local/lib/python3.12/site-packages/airflow/example_dags/example_branch_operator_decorator.py
[2025-07-28T15:55:33.910+0000] {logging_mixin.py:190} INFO - [2025-07-28T15:55:33.909+0000] {dag.py:3229} INFO - Sync 1 DAGs
[2025-07-28T15:55:33.920+0000] {logging_mixin.py:190} INFO - [2025-07-28T15:55:33.920+0000] {dag.py:4156} INFO - Setting next_dagrun for example_branch_python_operator_decorator to 2025-07-27 00:00:00+00:00, run_after=2025-07-28 00:00:00+00:00
[2025-07-28T15:55:33.927+0000] {processor.py:208} INFO - Processing /home/airflow/.local/lib/python3.12/site-packages/airflow/example_dags/example_branch_operator_decorator.py took 0.055 seconds
[2025-07-28T15:56:05.364+0000] {processor.py:186} INFO - Started process (PID=1681) to work on /home/airflow/.local/lib/python3.12/site-packages/airflow/example_dags/example_branch_operator_decorator.py
[2025-07-28T15:56:05.366+0000] {processor.py:914} INFO - Processing file /home/airflow/.local/lib/python3.12/site-packages/airflow/example_dags/example_branch_operator_decorator.py for tasks to queue
[2025-07-28T15:56:05.369+0000] {logging_mixin.py:190} INFO - [2025-07-28T15:56:05.369+0000] {dagbag.py:587} INFO - Filling up the DagBag from /home/airflow/.local/lib/python3.12/site-packages/airflow/example_dags/example_branch_operator_decorator.py
[2025-07-28T15:56:05.414+0000] {processor.py:925} INFO - DAG(s) 'example_branch_python_operator_decorator' retrieved from /home/airflow/.local/lib/python3.12/site-packages/airflow/example_dags/example_branch_operator_decorator.py
[2025-07-28T15:56:05.442+0000] {logging_mixin.py:190} INFO - [2025-07-28T15:56:05.442+0000] {dag.py:3229} INFO - Sync 1 DAGs
[2025-07-28T15:56:05.457+0000] {logging_mixin.py:190} INFO - [2025-07-28T15:56:05.457+0000] {dag.py:4156} INFO - Setting next_dagrun for example_branch_python_operator_decorator to 2025-07-27 00:00:00+00:00, run_after=2025-07-28 00:00:00+00:00
[2025-07-28T15:56:05.474+0000] {processor.py:208} INFO - Processing /home/airflow/.local/lib/python3.12/site-packages/airflow/example_dags/example_branch_operator_decorator.py took 0.118 seconds
[2025-07-28T15:56:36.053+0000] {processor.py:186} INFO - Started process (PID=1744) to work on /home/airflow/.local/lib/python3.12/site-packages/airflow/example_dags/example_branch_operator_decorator.py
[2025-07-28T15:56:36.054+0000] {processor.py:914} INFO - Processing file /home/airflow/.local/lib/python3.12/site-packages/airflow/example_dags/example_branch_operator_decorator.py for tasks to queue
[2025-07-28T15:56:36.058+0000] {logging_mixin.py:190} INFO - [2025-07-28T15:56:36.058+0000] {dagbag.py:587} INFO - Filling up the DagBag from /home/airflow/.local/lib/python3.12/site-packages/airflow/example_dags/example_branch_operator_decorator.py
[2025-07-28T15:56:36.074+0000] {processor.py:925} INFO - DAG(s) 'example_branch_python_operator_decorator' retrieved from /home/airflow/.local/lib/python3.12/site-packages/airflow/example_dags/example_branch_operator_decorator.py
[2025-07-28T15:56:36.095+0000] {logging_mixin.py:190} INFO - [2025-07-28T15:56:36.095+0000] {dag.py:3229} INFO - Sync 1 DAGs
[2025-07-28T15:56:36.110+0000] {logging_mixin.py:190} INFO - [2025-07-28T15:56:36.110+0000] {dag.py:4156} INFO - Setting next_dagrun for example_branch_python_operator_decorator to 2025-07-27 00:00:00+00:00, run_after=2025-07-28 00:00:00+00:00
[2025-07-28T15:56:36.124+0000] {processor.py:208} INFO - Processing /home/airflow/.local/lib/python3.12/site-packages/airflow/example_dags/example_branch_operator_decorator.py took 0.078 seconds
[2025-07-28T15:57:06.419+0000] {processor.py:186} INFO - Started process (PID=1807) to work on /home/airflow/.local/lib/python3.12/site-packages/airflow/example_dags/example_branch_operator_decorator.py
[2025-07-28T15:57:06.420+0000] {processor.py:914} INFO - Processing file /home/airflow/.local/lib/python3.12/site-packages/airflow/example_dags/example_branch_operator_decorator.py for tasks to queue
[2025-07-28T15:57:06.421+0000] {logging_mixin.py:190} INFO - [2025-07-28T15:57:06.420+0000] {dagbag.py:587} INFO - Filling up the DagBag from /home/airflow/.local/lib/python3.12/site-packages/airflow/example_dags/example_branch_operator_decorator.py
[2025-07-28T15:57:06.430+0000] {processor.py:925} INFO - DAG(s) 'example_branch_python_operator_decorator' retrieved from /home/airflow/.local/lib/python3.12/site-packages/airflow/example_dags/example_branch_operator_decorator.py
[2025-07-28T15:57:06.441+0000] {logging_mixin.py:190} INFO - [2025-07-28T15:57:06.441+0000] {dag.py:3229} INFO - Sync 1 DAGs
[2025-07-28T15:57:06.451+0000] {logging_mixin.py:190} INFO - [2025-07-28T15:57:06.451+0000] {dag.py:4156} INFO - Setting next_dagrun for example_branch_python_operator_decorator to 2025-07-27 00:00:00+00:00, run_after=2025-07-28 00:00:00+00:00
[2025-07-28T15:57:06.458+0000] {processor.py:208} INFO - Processing /home/airflow/.local/lib/python3.12/site-packages/airflow/example_dags/example_branch_operator_decorator.py took 0.042 seconds
[2025-07-28T15:57:37.391+0000] {processor.py:186} INFO - Started process (PID=1869) to work on /home/airflow/.local/lib/python3.12/site-packages/airflow/example_dags/example_branch_operator_decorator.py
[2025-07-28T15:57:37.392+0000] {processor.py:914} INFO - Processing file /home/airflow/.local/lib/python3.12/site-packages/airflow/example_dags/example_branch_operator_decorator.py for tasks to queue
[2025-07-28T15:57:37.394+0000] {logging_mixin.py:190} INFO - [2025-07-28T15:57:37.393+0000] {dagbag.py:587} INFO - Filling up the DagBag from /home/airflow/.local/lib/python3.12/site-packages/airflow/example_dags/example_branch_operator_decorator.py
[2025-07-28T15:57:37.405+0000] {processor.py:925} INFO - DAG(s) 'example_branch_python_operator_decorator' retrieved from /home/airflow/.local/lib/python3.12/site-packages/airflow/example_dags/example_branch_operator_decorator.py
[2025-07-28T15:57:37.418+0000] {logging_mixin.py:190} INFO - [2025-07-28T15:57:37.418+0000] {dag.py:3229} INFO - Sync 1 DAGs
[2025-07-28T15:57:37.428+0000] {logging_mixin.py:190} INFO - [2025-07-28T15:57:37.428+0000] {dag.py:4156} INFO - Setting next_dagrun for example_branch_python_operator_decorator to 2025-07-27 00:00:00+00:00, run_after=2025-07-28 00:00:00+00:00
[2025-07-28T15:57:37.435+0000] {processor.py:208} INFO - Processing /home/airflow/.local/lib/python3.12/site-packages/airflow/example_dags/example_branch_operator_decorator.py took 0.049 seconds
[2025-07-28T15:58:08.473+0000] {processor.py:186} INFO - Started process (PID=1932) to work on /home/airflow/.local/lib/python3.12/site-packages/airflow/example_dags/example_branch_operator_decorator.py
[2025-07-28T15:58:08.474+0000] {processor.py:914} INFO - Processing file /home/airflow/.local/lib/python3.12/site-packages/airflow/example_dags/example_branch_operator_decorator.py for tasks to queue
[2025-07-28T15:58:08.476+0000] {logging_mixin.py:190} INFO - [2025-07-28T15:58:08.476+0000] {dagbag.py:587} INFO - Filling up the DagBag from /home/airflow/.local/lib/python3.12/site-packages/airflow/example_dags/example_branch_operator_decorator.py
[2025-07-28T15:58:08.491+0000] {processor.py:925} INFO - DAG(s) 'example_branch_python_operator_decorator' retrieved from /home/airflow/.local/lib/python3.12/site-packages/airflow/example_dags/example_branch_operator_decorator.py
[2025-07-28T15:58:08.507+0000] {logging_mixin.py:190} INFO - [2025-07-28T15:58:08.507+0000] {dag.py:3229} INFO - Sync 1 DAGs
[2025-07-28T15:58:08.518+0000] {logging_mixin.py:190} INFO - [2025-07-28T15:58:08.517+0000] {dag.py:4156} INFO - Setting next_dagrun for example_branch_python_operator_decorator to 2025-07-27 00:00:00+00:00, run_after=2025-07-28 00:00:00+00:00
[2025-07-28T15:58:08.534+0000] {processor.py:208} INFO - Processing /home/airflow/.local/lib/python3.12/site-packages/airflow/example_dags/example_branch_operator_decorator.py took 0.066 seconds
[2025-07-28T15:58:39.072+0000] {processor.py:186} INFO - Started process (PID=1995) to work on /home/airflow/.local/lib/python3.12/site-packages/airflow/example_dags/example_branch_operator_decorator.py
[2025-07-28T15:58:39.072+0000] {processor.py:914} INFO - Processing file /home/airflow/.local/lib/python3.12/site-packages/airflow/example_dags/example_branch_operator_decorator.py for tasks to queue
[2025-07-28T15:58:39.073+0000] {logging_mixin.py:190} INFO - [2025-07-28T15:58:39.073+0000] {dagbag.py:587} INFO - Filling up the DagBag from /home/airflow/.local/lib/python3.12/site-packages/airflow/example_dags/example_branch_operator_decorator.py
[2025-07-28T15:58:39.084+0000] {processor.py:925} INFO - DAG(s) 'example_branch_python_operator_decorator' retrieved from /home/airflow/.local/lib/python3.12/site-packages/airflow/example_dags/example_branch_operator_decorator.py
[2025-07-28T15:58:39.101+0000] {logging_mixin.py:190} INFO - [2025-07-28T15:58:39.100+0000] {dag.py:3229} INFO - Sync 1 DAGs
[2025-07-28T15:58:39.115+0000] {logging_mixin.py:190} INFO - [2025-07-28T15:58:39.114+0000] {dag.py:4156} INFO - Setting next_dagrun for example_branch_python_operator_decorator to 2025-07-27 00:00:00+00:00, run_after=2025-07-28 00:00:00+00:00
[2025-07-28T15:58:39.123+0000] {processor.py:208} INFO - Processing /home/airflow/.local/lib/python3.12/site-packages/airflow/example_dags/example_branch_operator_decorator.py took 0.054 seconds
[2025-07-28T15:59:10.005+0000] {processor.py:186} INFO - Started process (PID=2057) to work on /home/airflow/.local/lib/python3.12/site-packages/airflow/example_dags/example_branch_operator_decorator.py
[2025-07-28T15:59:10.007+0000] {processor.py:914} INFO - Processing file /home/airflow/.local/lib/python3.12/site-packages/airflow/example_dags/example_branch_operator_decorator.py for tasks to queue
[2025-07-28T15:59:10.009+0000] {logging_mixin.py:190} INFO - [2025-07-28T15:59:10.008+0000] {dagbag.py:587} INFO - Filling up the DagBag from /home/airflow/.local/lib/python3.12/site-packages/airflow/example_dags/example_branch_operator_decorator.py
[2025-07-28T15:59:10.019+0000] {processor.py:925} INFO - DAG(s) 'example_branch_python_operator_decorator' retrieved from /home/airflow/.local/lib/python3.12/site-packages/airflow/example_dags/example_branch_operator_decorator.py
[2025-07-28T15:59:10.034+0000] {logging_mixin.py:190} INFO - [2025-07-28T15:59:10.034+0000] {dag.py:3229} INFO - Sync 1 DAGs
[2025-07-28T15:59:10.049+0000] {logging_mixin.py:190} INFO - [2025-07-28T15:59:10.048+0000] {dag.py:4156} INFO - Setting next_dagrun for example_branch_python_operator_decorator to 2025-07-27 00:00:00+00:00, run_after=2025-07-28 00:00:00+00:00
[2025-07-28T15:59:10.056+0000] {processor.py:208} INFO - Processing /home/airflow/.local/lib/python3.12/site-packages/airflow/example_dags/example_branch_operator_decorator.py took 0.055 seconds
[2025-07-28T15:59:41.352+0000] {processor.py:186} INFO - Started process (PID=2120) to work on /home/airflow/.local/lib/python3.12/site-packages/airflow/example_dags/example_branch_operator_decorator.py
[2025-07-28T15:59:41.353+0000] {processor.py:914} INFO - Processing file /home/airflow/.local/lib/python3.12/site-packages/airflow/example_dags/example_branch_operator_decorator.py for tasks to queue
[2025-07-28T15:59:41.355+0000] {logging_mixin.py:190} INFO - [2025-07-28T15:59:41.355+0000] {dagbag.py:587} INFO - Filling up the DagBag from /home/airflow/.local/lib/python3.12/site-packages/airflow/example_dags/example_branch_operator_decorator.py
[2025-07-28T15:59:41.375+0000] {processor.py:925} INFO - DAG(s) 'example_branch_python_operator_decorator' retrieved from /home/airflow/.local/lib/python3.12/site-packages/airflow/example_dags/example_branch_operator_decorator.py
[2025-07-28T15:59:41.409+0000] {logging_mixin.py:190} INFO - [2025-07-28T15:59:41.408+0000] {dag.py:3229} INFO - Sync 1 DAGs
[2025-07-28T15:59:41.449+0000] {logging_mixin.py:190} INFO - [2025-07-28T15:59:41.448+0000] {dag.py:4156} INFO - Setting next_dagrun for example_branch_python_operator_decorator to 2025-07-27 00:00:00+00:00, run_after=2025-07-28 00:00:00+00:00
[2025-07-28T15:59:41.469+0000] {processor.py:208} INFO - Processing /home/airflow/.local/lib/python3.12/site-packages/airflow/example_dags/example_branch_operator_decorator.py took 0.122 seconds
[2025-07-28T16:00:12.347+0000] {processor.py:186} INFO - Started process (PID=2183) to work on /home/airflow/.local/lib/python3.12/site-packages/airflow/example_dags/example_branch_operator_decorator.py
[2025-07-28T16:00:12.350+0000] {processor.py:914} INFO - Processing file /home/airflow/.local/lib/python3.12/site-packages/airflow/example_dags/example_branch_operator_decorator.py for tasks to queue
[2025-07-28T16:00:12.361+0000] {logging_mixin.py:190} INFO - [2025-07-28T16:00:12.360+0000] {dagbag.py:587} INFO - Filling up the DagBag from /home/airflow/.local/lib/python3.12/site-packages/airflow/example_dags/example_branch_operator_decorator.py
[2025-07-28T16:00:12.393+0000] {processor.py:925} INFO - DAG(s) 'example_branch_python_operator_decorator' retrieved from /home/airflow/.local/lib/python3.12/site-packages/airflow/example_dags/example_branch_operator_decorator.py
[2025-07-28T16:00:12.427+0000] {logging_mixin.py:190} INFO - [2025-07-28T16:00:12.427+0000] {dag.py:3229} INFO - Sync 1 DAGs
[2025-07-28T16:00:12.455+0000] {logging_mixin.py:190} INFO - [2025-07-28T16:00:12.455+0000] {dag.py:4156} INFO - Setting next_dagrun for example_branch_python_operator_decorator to 2025-07-27 00:00:00+00:00, run_after=2025-07-28 00:00:00+00:00
[2025-07-28T16:00:12.474+0000] {processor.py:208} INFO - Processing /home/airflow/.local/lib/python3.12/site-packages/airflow/example_dags/example_branch_operator_decorator.py took 0.138 seconds
[2025-07-28T16:00:43.273+0000] {processor.py:186} INFO - Started process (PID=2246) to work on /home/airflow/.local/lib/python3.12/site-packages/airflow/example_dags/example_branch_operator_decorator.py
[2025-07-28T16:00:43.282+0000] {processor.py:914} INFO - Processing file /home/airflow/.local/lib/python3.12/site-packages/airflow/example_dags/example_branch_operator_decorator.py for tasks to queue
[2025-07-28T16:00:43.287+0000] {logging_mixin.py:190} INFO - [2025-07-28T16:00:43.286+0000] {dagbag.py:587} INFO - Filling up the DagBag from /home/airflow/.local/lib/python3.12/site-packages/airflow/example_dags/example_branch_operator_decorator.py
[2025-07-28T16:00:43.324+0000] {processor.py:925} INFO - DAG(s) 'example_branch_python_operator_decorator' retrieved from /home/airflow/.local/lib/python3.12/site-packages/airflow/example_dags/example_branch_operator_decorator.py
[2025-07-28T16:00:43.361+0000] {logging_mixin.py:190} INFO - [2025-07-28T16:00:43.361+0000] {dag.py:3229} INFO - Sync 1 DAGs
[2025-07-28T16:00:43.389+0000] {logging_mixin.py:190} INFO - [2025-07-28T16:00:43.389+0000] {dag.py:4156} INFO - Setting next_dagrun for example_branch_python_operator_decorator to 2025-07-27 00:00:00+00:00, run_after=2025-07-28 00:00:00+00:00
[2025-07-28T16:00:43.410+0000] {processor.py:208} INFO - Processing /home/airflow/.local/lib/python3.12/site-packages/airflow/example_dags/example_branch_operator_decorator.py took 0.156 seconds
