[2025-07-28T15:42:52.985+0000] {processor.py:186} INFO - Started process (PID=85) to work on /home/airflow/.local/lib/python3.12/site-packages/airflow/example_dags/example_time_delta_sensor_async.py
[2025-07-28T15:42:52.986+0000] {processor.py:914} INFO - Processing file /home/airflow/.local/lib/python3.12/site-packages/airflow/example_dags/example_time_delta_sensor_async.py for tasks to queue
[2025-07-28T15:42:52.988+0000] {logging_mixin.py:190} INFO - [2025-07-28T15:42:52.988+0000] {dagbag.py:587} INFO - Filling up the DagBag from /home/airflow/.local/lib/python3.12/site-packages/airflow/example_dags/example_time_delta_sensor_async.py
[2025-07-28T15:42:52.997+0000] {processor.py:925} INFO - DAG(s) 'example_time_delta_sensor_async' retrieved from /home/airflow/.local/lib/python3.12/site-packages/airflow/example_dags/example_time_delta_sensor_async.py
[2025-07-28T15:42:53.113+0000] {logging_mixin.py:190} INFO - [2025-07-28T15:42:53.111+0000] {override.py:1900} INFO - Created Permission View: can edit on DAG:example_time_delta_sensor_async
[2025-07-28T15:42:53.119+0000] {logging_mixin.py:190} INFO - [2025-07-28T15:42:53.119+0000] {override.py:1900} INFO - Created Permission View: can read on DAG:example_time_delta_sensor_async
[2025-07-28T15:42:53.123+0000] {logging_mixin.py:190} INFO - [2025-07-28T15:42:53.123+0000] {override.py:1900} INFO - Created Permission View: can delete on DAG:example_time_delta_sensor_async
[2025-07-28T15:42:53.128+0000] {logging_mixin.py:190} INFO - [2025-07-28T15:42:53.128+0000] {override.py:1900} INFO - Created Permission View: can read on DAG Run:example_time_delta_sensor_async
[2025-07-28T15:42:53.132+0000] {logging_mixin.py:190} INFO - [2025-07-28T15:42:53.131+0000] {override.py:1900} INFO - Created Permission View: can delete on DAG Run:example_time_delta_sensor_async
[2025-07-28T15:42:53.134+0000] {logging_mixin.py:190} INFO - [2025-07-28T15:42:53.134+0000] {override.py:1900} INFO - Created Permission View: can create on DAG Run:example_time_delta_sensor_async
[2025-07-28T15:42:53.139+0000] {logging_mixin.py:190} INFO - [2025-07-28T15:42:53.138+0000] {override.py:1900} INFO - Created Permission View: menu access on DAG Run:example_time_delta_sensor_async
[2025-07-28T15:42:53.139+0000] {logging_mixin.py:190} INFO - [2025-07-28T15:42:53.139+0000] {dag.py:3229} INFO - Sync 1 DAGs
[2025-07-28T15:42:53.150+0000] {logging_mixin.py:190} INFO - [2025-07-28T15:42:53.149+0000] {dag.py:3252} INFO - Creating ORM DAG for example_time_delta_sensor_async
[2025-07-28T15:42:53.150+0000] {logging_mixin.py:190} INFO - [2025-07-28T15:42:53.150+0000] {dag.py:4156} INFO - Setting next_dagrun for example_time_delta_sensor_async to None, run_after=None
[2025-07-28T15:42:53.161+0000] {processor.py:208} INFO - Processing /home/airflow/.local/lib/python3.12/site-packages/airflow/example_dags/example_time_delta_sensor_async.py took 0.181 seconds
[2025-07-28T15:43:23.933+0000] {processor.py:186} INFO - Started process (PID=147) to work on /home/airflow/.local/lib/python3.12/site-packages/airflow/example_dags/example_time_delta_sensor_async.py
[2025-07-28T15:43:23.934+0000] {processor.py:914} INFO - Processing file /home/airflow/.local/lib/python3.12/site-packages/airflow/example_dags/example_time_delta_sensor_async.py for tasks to queue
[2025-07-28T15:43:23.935+0000] {logging_mixin.py:190} INFO - [2025-07-28T15:43:23.935+0000] {dagbag.py:587} INFO - Filling up the DagBag from /home/airflow/.local/lib/python3.12/site-packages/airflow/example_dags/example_time_delta_sensor_async.py
[2025-07-28T15:43:23.939+0000] {processor.py:925} INFO - DAG(s) 'example_time_delta_sensor_async' retrieved from /home/airflow/.local/lib/python3.12/site-packages/airflow/example_dags/example_time_delta_sensor_async.py
[2025-07-28T15:43:23.949+0000] {logging_mixin.py:190} INFO - [2025-07-28T15:43:23.949+0000] {dag.py:3229} INFO - Sync 1 DAGs
[2025-07-28T15:43:23.959+0000] {logging_mixin.py:190} INFO - [2025-07-28T15:43:23.959+0000] {dag.py:4156} INFO - Setting next_dagrun for example_time_delta_sensor_async to None, run_after=None
[2025-07-28T15:43:23.968+0000] {processor.py:208} INFO - Processing /home/airflow/.local/lib/python3.12/site-packages/airflow/example_dags/example_time_delta_sensor_async.py took 0.038 seconds
[2025-07-28T15:43:54.728+0000] {processor.py:186} INFO - Started process (PID=209) to work on /home/airflow/.local/lib/python3.12/site-packages/airflow/example_dags/example_time_delta_sensor_async.py
[2025-07-28T15:43:54.729+0000] {processor.py:914} INFO - Processing file /home/airflow/.local/lib/python3.12/site-packages/airflow/example_dags/example_time_delta_sensor_async.py for tasks to queue
[2025-07-28T15:43:54.731+0000] {logging_mixin.py:190} INFO - [2025-07-28T15:43:54.730+0000] {dagbag.py:587} INFO - Filling up the DagBag from /home/airflow/.local/lib/python3.12/site-packages/airflow/example_dags/example_time_delta_sensor_async.py
[2025-07-28T15:43:54.735+0000] {processor.py:925} INFO - DAG(s) 'example_time_delta_sensor_async' retrieved from /home/airflow/.local/lib/python3.12/site-packages/airflow/example_dags/example_time_delta_sensor_async.py
[2025-07-28T15:43:54.745+0000] {logging_mixin.py:190} INFO - [2025-07-28T15:43:54.745+0000] {dag.py:3229} INFO - Sync 1 DAGs
[2025-07-28T15:43:54.754+0000] {logging_mixin.py:190} INFO - [2025-07-28T15:43:54.754+0000] {dag.py:4156} INFO - Setting next_dagrun for example_time_delta_sensor_async to None, run_after=None
[2025-07-28T15:43:54.762+0000] {processor.py:208} INFO - Processing /home/airflow/.local/lib/python3.12/site-packages/airflow/example_dags/example_time_delta_sensor_async.py took 0.037 seconds
[2025-07-28T15:44:25.254+0000] {processor.py:186} INFO - Started process (PID=271) to work on /home/airflow/.local/lib/python3.12/site-packages/airflow/example_dags/example_time_delta_sensor_async.py
[2025-07-28T15:44:25.256+0000] {processor.py:914} INFO - Processing file /home/airflow/.local/lib/python3.12/site-packages/airflow/example_dags/example_time_delta_sensor_async.py for tasks to queue
[2025-07-28T15:44:25.258+0000] {logging_mixin.py:190} INFO - [2025-07-28T15:44:25.257+0000] {dagbag.py:587} INFO - Filling up the DagBag from /home/airflow/.local/lib/python3.12/site-packages/airflow/example_dags/example_time_delta_sensor_async.py
[2025-07-28T15:44:25.263+0000] {processor.py:925} INFO - DAG(s) 'example_time_delta_sensor_async' retrieved from /home/airflow/.local/lib/python3.12/site-packages/airflow/example_dags/example_time_delta_sensor_async.py
[2025-07-28T15:44:25.271+0000] {logging_mixin.py:190} INFO - [2025-07-28T15:44:25.271+0000] {dag.py:3229} INFO - Sync 1 DAGs
[2025-07-28T15:44:25.278+0000] {logging_mixin.py:190} INFO - [2025-07-28T15:44:25.278+0000] {dag.py:4156} INFO - Setting next_dagrun for example_time_delta_sensor_async to None, run_after=None
[2025-07-28T15:44:25.286+0000] {processor.py:208} INFO - Processing /home/airflow/.local/lib/python3.12/site-packages/airflow/example_dags/example_time_delta_sensor_async.py took 0.035 seconds
[2025-07-28T15:44:55.781+0000] {processor.py:186} INFO - Started process (PID=333) to work on /home/airflow/.local/lib/python3.12/site-packages/airflow/example_dags/example_time_delta_sensor_async.py
[2025-07-28T15:44:55.782+0000] {processor.py:914} INFO - Processing file /home/airflow/.local/lib/python3.12/site-packages/airflow/example_dags/example_time_delta_sensor_async.py for tasks to queue
[2025-07-28T15:44:55.784+0000] {logging_mixin.py:190} INFO - [2025-07-28T15:44:55.784+0000] {dagbag.py:587} INFO - Filling up the DagBag from /home/airflow/.local/lib/python3.12/site-packages/airflow/example_dags/example_time_delta_sensor_async.py
[2025-07-28T15:44:55.791+0000] {processor.py:925} INFO - DAG(s) 'example_time_delta_sensor_async' retrieved from /home/airflow/.local/lib/python3.12/site-packages/airflow/example_dags/example_time_delta_sensor_async.py
[2025-07-28T15:44:55.806+0000] {logging_mixin.py:190} INFO - [2025-07-28T15:44:55.806+0000] {dag.py:3229} INFO - Sync 1 DAGs
[2025-07-28T15:44:55.817+0000] {logging_mixin.py:190} INFO - [2025-07-28T15:44:55.817+0000] {dag.py:4156} INFO - Setting next_dagrun for example_time_delta_sensor_async to None, run_after=None
[2025-07-28T15:44:55.826+0000] {processor.py:208} INFO - Processing /home/airflow/.local/lib/python3.12/site-packages/airflow/example_dags/example_time_delta_sensor_async.py took 0.049 seconds
[2025-07-28T15:45:26.562+0000] {processor.py:186} INFO - Started process (PID=395) to work on /home/airflow/.local/lib/python3.12/site-packages/airflow/example_dags/example_time_delta_sensor_async.py
[2025-07-28T15:45:26.565+0000] {processor.py:914} INFO - Processing file /home/airflow/.local/lib/python3.12/site-packages/airflow/example_dags/example_time_delta_sensor_async.py for tasks to queue
[2025-07-28T15:45:26.567+0000] {logging_mixin.py:190} INFO - [2025-07-28T15:45:26.567+0000] {dagbag.py:587} INFO - Filling up the DagBag from /home/airflow/.local/lib/python3.12/site-packages/airflow/example_dags/example_time_delta_sensor_async.py
[2025-07-28T15:45:26.572+0000] {processor.py:925} INFO - DAG(s) 'example_time_delta_sensor_async' retrieved from /home/airflow/.local/lib/python3.12/site-packages/airflow/example_dags/example_time_delta_sensor_async.py
[2025-07-28T15:45:26.589+0000] {logging_mixin.py:190} INFO - [2025-07-28T15:45:26.589+0000] {dag.py:3229} INFO - Sync 1 DAGs
[2025-07-28T15:45:26.598+0000] {logging_mixin.py:190} INFO - [2025-07-28T15:45:26.598+0000] {dag.py:4156} INFO - Setting next_dagrun for example_time_delta_sensor_async to None, run_after=None
[2025-07-28T15:45:26.608+0000] {processor.py:208} INFO - Processing /home/airflow/.local/lib/python3.12/site-packages/airflow/example_dags/example_time_delta_sensor_async.py took 0.049 seconds
[2025-07-28T15:45:57.401+0000] {processor.py:186} INFO - Started process (PID=457) to work on /home/airflow/.local/lib/python3.12/site-packages/airflow/example_dags/example_time_delta_sensor_async.py
[2025-07-28T15:45:57.403+0000] {processor.py:914} INFO - Processing file /home/airflow/.local/lib/python3.12/site-packages/airflow/example_dags/example_time_delta_sensor_async.py for tasks to queue
[2025-07-28T15:45:57.409+0000] {logging_mixin.py:190} INFO - [2025-07-28T15:45:57.409+0000] {dagbag.py:587} INFO - Filling up the DagBag from /home/airflow/.local/lib/python3.12/site-packages/airflow/example_dags/example_time_delta_sensor_async.py
[2025-07-28T15:45:57.420+0000] {processor.py:925} INFO - DAG(s) 'example_time_delta_sensor_async' retrieved from /home/airflow/.local/lib/python3.12/site-packages/airflow/example_dags/example_time_delta_sensor_async.py
[2025-07-28T15:45:57.465+0000] {logging_mixin.py:190} INFO - [2025-07-28T15:45:57.465+0000] {dag.py:3229} INFO - Sync 1 DAGs
[2025-07-28T15:45:57.476+0000] {logging_mixin.py:190} INFO - [2025-07-28T15:45:57.476+0000] {dag.py:4156} INFO - Setting next_dagrun for example_time_delta_sensor_async to None, run_after=None
[2025-07-28T15:45:57.498+0000] {processor.py:208} INFO - Processing /home/airflow/.local/lib/python3.12/site-packages/airflow/example_dags/example_time_delta_sensor_async.py took 0.102 seconds
[2025-07-28T15:46:27.969+0000] {processor.py:186} INFO - Started process (PID=519) to work on /home/airflow/.local/lib/python3.12/site-packages/airflow/example_dags/example_time_delta_sensor_async.py
[2025-07-28T15:46:27.970+0000] {processor.py:914} INFO - Processing file /home/airflow/.local/lib/python3.12/site-packages/airflow/example_dags/example_time_delta_sensor_async.py for tasks to queue
[2025-07-28T15:46:27.971+0000] {logging_mixin.py:190} INFO - [2025-07-28T15:46:27.971+0000] {dagbag.py:587} INFO - Filling up the DagBag from /home/airflow/.local/lib/python3.12/site-packages/airflow/example_dags/example_time_delta_sensor_async.py
[2025-07-28T15:46:27.976+0000] {processor.py:925} INFO - DAG(s) 'example_time_delta_sensor_async' retrieved from /home/airflow/.local/lib/python3.12/site-packages/airflow/example_dags/example_time_delta_sensor_async.py
[2025-07-28T15:46:27.989+0000] {logging_mixin.py:190} INFO - [2025-07-28T15:46:27.989+0000] {dag.py:3229} INFO - Sync 1 DAGs
[2025-07-28T15:46:27.998+0000] {logging_mixin.py:190} INFO - [2025-07-28T15:46:27.998+0000] {dag.py:4156} INFO - Setting next_dagrun for example_time_delta_sensor_async to None, run_after=None
[2025-07-28T15:46:28.008+0000] {processor.py:208} INFO - Processing /home/airflow/.local/lib/python3.12/site-packages/airflow/example_dags/example_time_delta_sensor_async.py took 0.042 seconds
[2025-07-28T15:46:58.542+0000] {processor.py:186} INFO - Started process (PID=581) to work on /home/airflow/.local/lib/python3.12/site-packages/airflow/example_dags/example_time_delta_sensor_async.py
[2025-07-28T15:46:58.543+0000] {processor.py:914} INFO - Processing file /home/airflow/.local/lib/python3.12/site-packages/airflow/example_dags/example_time_delta_sensor_async.py for tasks to queue
[2025-07-28T15:46:58.544+0000] {logging_mixin.py:190} INFO - [2025-07-28T15:46:58.544+0000] {dagbag.py:587} INFO - Filling up the DagBag from /home/airflow/.local/lib/python3.12/site-packages/airflow/example_dags/example_time_delta_sensor_async.py
[2025-07-28T15:46:58.547+0000] {processor.py:925} INFO - DAG(s) 'example_time_delta_sensor_async' retrieved from /home/airflow/.local/lib/python3.12/site-packages/airflow/example_dags/example_time_delta_sensor_async.py
[2025-07-28T15:46:58.556+0000] {logging_mixin.py:190} INFO - [2025-07-28T15:46:58.556+0000] {dag.py:3229} INFO - Sync 1 DAGs
[2025-07-28T15:46:58.563+0000] {logging_mixin.py:190} INFO - [2025-07-28T15:46:58.563+0000] {dag.py:4156} INFO - Setting next_dagrun for example_time_delta_sensor_async to None, run_after=None
[2025-07-28T15:46:58.570+0000] {processor.py:208} INFO - Processing /home/airflow/.local/lib/python3.12/site-packages/airflow/example_dags/example_time_delta_sensor_async.py took 0.031 seconds
[2025-07-28T15:47:29.993+0000] {processor.py:186} INFO - Started process (PID=643) to work on /home/airflow/.local/lib/python3.12/site-packages/airflow/example_dags/example_time_delta_sensor_async.py
[2025-07-28T15:47:29.995+0000] {processor.py:914} INFO - Processing file /home/airflow/.local/lib/python3.12/site-packages/airflow/example_dags/example_time_delta_sensor_async.py for tasks to queue
[2025-07-28T15:47:29.997+0000] {logging_mixin.py:190} INFO - [2025-07-28T15:47:29.997+0000] {dagbag.py:587} INFO - Filling up the DagBag from /home/airflow/.local/lib/python3.12/site-packages/airflow/example_dags/example_time_delta_sensor_async.py
[2025-07-28T15:47:30.001+0000] {processor.py:925} INFO - DAG(s) 'example_time_delta_sensor_async' retrieved from /home/airflow/.local/lib/python3.12/site-packages/airflow/example_dags/example_time_delta_sensor_async.py
[2025-07-28T15:47:30.020+0000] {logging_mixin.py:190} INFO - [2025-07-28T15:47:30.020+0000] {dag.py:3229} INFO - Sync 1 DAGs
[2025-07-28T15:47:30.033+0000] {logging_mixin.py:190} INFO - [2025-07-28T15:47:30.033+0000] {dag.py:4156} INFO - Setting next_dagrun for example_time_delta_sensor_async to None, run_after=None
[2025-07-28T15:47:30.055+0000] {processor.py:208} INFO - Processing /home/airflow/.local/lib/python3.12/site-packages/airflow/example_dags/example_time_delta_sensor_async.py took 0.072 seconds
[2025-07-28T15:48:00.330+0000] {processor.py:186} INFO - Started process (PID=705) to work on /home/airflow/.local/lib/python3.12/site-packages/airflow/example_dags/example_time_delta_sensor_async.py
[2025-07-28T15:48:00.334+0000] {processor.py:914} INFO - Processing file /home/airflow/.local/lib/python3.12/site-packages/airflow/example_dags/example_time_delta_sensor_async.py for tasks to queue
[2025-07-28T15:48:00.337+0000] {logging_mixin.py:190} INFO - [2025-07-28T15:48:00.337+0000] {dagbag.py:587} INFO - Filling up the DagBag from /home/airflow/.local/lib/python3.12/site-packages/airflow/example_dags/example_time_delta_sensor_async.py
[2025-07-28T15:48:00.344+0000] {processor.py:925} INFO - DAG(s) 'example_time_delta_sensor_async' retrieved from /home/airflow/.local/lib/python3.12/site-packages/airflow/example_dags/example_time_delta_sensor_async.py
[2025-07-28T15:48:00.361+0000] {logging_mixin.py:190} INFO - [2025-07-28T15:48:00.361+0000] {dag.py:3229} INFO - Sync 1 DAGs
[2025-07-28T15:48:00.370+0000] {logging_mixin.py:190} INFO - [2025-07-28T15:48:00.370+0000] {dag.py:4156} INFO - Setting next_dagrun for example_time_delta_sensor_async to None, run_after=None
[2025-07-28T15:48:00.380+0000] {processor.py:208} INFO - Processing /home/airflow/.local/lib/python3.12/site-packages/airflow/example_dags/example_time_delta_sensor_async.py took 0.057 seconds
[2025-07-28T15:48:30.759+0000] {processor.py:186} INFO - Started process (PID=767) to work on /home/airflow/.local/lib/python3.12/site-packages/airflow/example_dags/example_time_delta_sensor_async.py
[2025-07-28T15:48:30.760+0000] {processor.py:914} INFO - Processing file /home/airflow/.local/lib/python3.12/site-packages/airflow/example_dags/example_time_delta_sensor_async.py for tasks to queue
[2025-07-28T15:48:30.762+0000] {logging_mixin.py:190} INFO - [2025-07-28T15:48:30.762+0000] {dagbag.py:587} INFO - Filling up the DagBag from /home/airflow/.local/lib/python3.12/site-packages/airflow/example_dags/example_time_delta_sensor_async.py
[2025-07-28T15:48:30.769+0000] {processor.py:925} INFO - DAG(s) 'example_time_delta_sensor_async' retrieved from /home/airflow/.local/lib/python3.12/site-packages/airflow/example_dags/example_time_delta_sensor_async.py
[2025-07-28T15:48:30.783+0000] {logging_mixin.py:190} INFO - [2025-07-28T15:48:30.783+0000] {dag.py:3229} INFO - Sync 1 DAGs
[2025-07-28T15:48:30.790+0000] {logging_mixin.py:190} INFO - [2025-07-28T15:48:30.790+0000] {dag.py:4156} INFO - Setting next_dagrun for example_time_delta_sensor_async to None, run_after=None
[2025-07-28T15:48:30.800+0000] {processor.py:208} INFO - Processing /home/airflow/.local/lib/python3.12/site-packages/airflow/example_dags/example_time_delta_sensor_async.py took 0.044 seconds
[2025-07-28T15:49:01.638+0000] {processor.py:186} INFO - Started process (PID=829) to work on /home/airflow/.local/lib/python3.12/site-packages/airflow/example_dags/example_time_delta_sensor_async.py
[2025-07-28T15:49:01.639+0000] {processor.py:914} INFO - Processing file /home/airflow/.local/lib/python3.12/site-packages/airflow/example_dags/example_time_delta_sensor_async.py for tasks to queue
[2025-07-28T15:49:01.640+0000] {logging_mixin.py:190} INFO - [2025-07-28T15:49:01.640+0000] {dagbag.py:587} INFO - Filling up the DagBag from /home/airflow/.local/lib/python3.12/site-packages/airflow/example_dags/example_time_delta_sensor_async.py
[2025-07-28T15:49:01.644+0000] {processor.py:925} INFO - DAG(s) 'example_time_delta_sensor_async' retrieved from /home/airflow/.local/lib/python3.12/site-packages/airflow/example_dags/example_time_delta_sensor_async.py
[2025-07-28T15:49:01.654+0000] {logging_mixin.py:190} INFO - [2025-07-28T15:49:01.654+0000] {dag.py:3229} INFO - Sync 1 DAGs
[2025-07-28T15:49:01.660+0000] {logging_mixin.py:190} INFO - [2025-07-28T15:49:01.660+0000] {dag.py:4156} INFO - Setting next_dagrun for example_time_delta_sensor_async to None, run_after=None
[2025-07-28T15:49:01.668+0000] {processor.py:208} INFO - Processing /home/airflow/.local/lib/python3.12/site-packages/airflow/example_dags/example_time_delta_sensor_async.py took 0.033 seconds
[2025-07-28T15:49:32.185+0000] {processor.py:186} INFO - Started process (PID=891) to work on /home/airflow/.local/lib/python3.12/site-packages/airflow/example_dags/example_time_delta_sensor_async.py
[2025-07-28T15:49:32.187+0000] {processor.py:914} INFO - Processing file /home/airflow/.local/lib/python3.12/site-packages/airflow/example_dags/example_time_delta_sensor_async.py for tasks to queue
[2025-07-28T15:49:32.189+0000] {logging_mixin.py:190} INFO - [2025-07-28T15:49:32.189+0000] {dagbag.py:587} INFO - Filling up the DagBag from /home/airflow/.local/lib/python3.12/site-packages/airflow/example_dags/example_time_delta_sensor_async.py
[2025-07-28T15:49:32.194+0000] {processor.py:925} INFO - DAG(s) 'example_time_delta_sensor_async' retrieved from /home/airflow/.local/lib/python3.12/site-packages/airflow/example_dags/example_time_delta_sensor_async.py
[2025-07-28T15:49:32.206+0000] {logging_mixin.py:190} INFO - [2025-07-28T15:49:32.206+0000] {dag.py:3229} INFO - Sync 1 DAGs
[2025-07-28T15:49:32.217+0000] {logging_mixin.py:190} INFO - [2025-07-28T15:49:32.216+0000] {dag.py:4156} INFO - Setting next_dagrun for example_time_delta_sensor_async to None, run_after=None
[2025-07-28T15:49:32.225+0000] {processor.py:208} INFO - Processing /home/airflow/.local/lib/python3.12/site-packages/airflow/example_dags/example_time_delta_sensor_async.py took 0.043 seconds
[2025-07-28T15:50:03.125+0000] {processor.py:186} INFO - Started process (PID=953) to work on /home/airflow/.local/lib/python3.12/site-packages/airflow/example_dags/example_time_delta_sensor_async.py
[2025-07-28T15:50:03.127+0000] {processor.py:914} INFO - Processing file /home/airflow/.local/lib/python3.12/site-packages/airflow/example_dags/example_time_delta_sensor_async.py for tasks to queue
[2025-07-28T15:50:03.129+0000] {logging_mixin.py:190} INFO - [2025-07-28T15:50:03.129+0000] {dagbag.py:587} INFO - Filling up the DagBag from /home/airflow/.local/lib/python3.12/site-packages/airflow/example_dags/example_time_delta_sensor_async.py
[2025-07-28T15:50:03.134+0000] {processor.py:925} INFO - DAG(s) 'example_time_delta_sensor_async' retrieved from /home/airflow/.local/lib/python3.12/site-packages/airflow/example_dags/example_time_delta_sensor_async.py
[2025-07-28T15:50:03.162+0000] {logging_mixin.py:190} INFO - [2025-07-28T15:50:03.162+0000] {dag.py:3229} INFO - Sync 1 DAGs
[2025-07-28T15:50:03.183+0000] {logging_mixin.py:190} INFO - [2025-07-28T15:50:03.182+0000] {dag.py:4156} INFO - Setting next_dagrun for example_time_delta_sensor_async to None, run_after=None
[2025-07-28T15:50:03.202+0000] {processor.py:208} INFO - Processing /home/airflow/.local/lib/python3.12/site-packages/airflow/example_dags/example_time_delta_sensor_async.py took 0.082 seconds
[2025-07-28T15:50:33.353+0000] {processor.py:186} INFO - Started process (PID=1015) to work on /home/airflow/.local/lib/python3.12/site-packages/airflow/example_dags/example_time_delta_sensor_async.py
[2025-07-28T15:50:33.353+0000] {processor.py:914} INFO - Processing file /home/airflow/.local/lib/python3.12/site-packages/airflow/example_dags/example_time_delta_sensor_async.py for tasks to queue
[2025-07-28T15:50:33.355+0000] {logging_mixin.py:190} INFO - [2025-07-28T15:50:33.355+0000] {dagbag.py:587} INFO - Filling up the DagBag from /home/airflow/.local/lib/python3.12/site-packages/airflow/example_dags/example_time_delta_sensor_async.py
[2025-07-28T15:50:33.359+0000] {processor.py:925} INFO - DAG(s) 'example_time_delta_sensor_async' retrieved from /home/airflow/.local/lib/python3.12/site-packages/airflow/example_dags/example_time_delta_sensor_async.py
[2025-07-28T15:50:33.389+0000] {logging_mixin.py:190} INFO - [2025-07-28T15:50:33.388+0000] {dag.py:3229} INFO - Sync 1 DAGs
[2025-07-28T15:50:33.396+0000] {logging_mixin.py:190} INFO - [2025-07-28T15:50:33.396+0000] {dag.py:4156} INFO - Setting next_dagrun for example_time_delta_sensor_async to None, run_after=None
[2025-07-28T15:50:33.405+0000] {processor.py:208} INFO - Processing /home/airflow/.local/lib/python3.12/site-packages/airflow/example_dags/example_time_delta_sensor_async.py took 0.055 seconds
[2025-07-28T15:51:03.506+0000] {processor.py:186} INFO - Started process (PID=1077) to work on /home/airflow/.local/lib/python3.12/site-packages/airflow/example_dags/example_time_delta_sensor_async.py
[2025-07-28T15:51:03.507+0000] {processor.py:914} INFO - Processing file /home/airflow/.local/lib/python3.12/site-packages/airflow/example_dags/example_time_delta_sensor_async.py for tasks to queue
[2025-07-28T15:51:03.508+0000] {logging_mixin.py:190} INFO - [2025-07-28T15:51:03.508+0000] {dagbag.py:587} INFO - Filling up the DagBag from /home/airflow/.local/lib/python3.12/site-packages/airflow/example_dags/example_time_delta_sensor_async.py
[2025-07-28T15:51:03.511+0000] {processor.py:925} INFO - DAG(s) 'example_time_delta_sensor_async' retrieved from /home/airflow/.local/lib/python3.12/site-packages/airflow/example_dags/example_time_delta_sensor_async.py
[2025-07-28T15:51:03.521+0000] {logging_mixin.py:190} INFO - [2025-07-28T15:51:03.521+0000] {dag.py:3229} INFO - Sync 1 DAGs
[2025-07-28T15:51:03.527+0000] {logging_mixin.py:190} INFO - [2025-07-28T15:51:03.527+0000] {dag.py:4156} INFO - Setting next_dagrun for example_time_delta_sensor_async to None, run_after=None
[2025-07-28T15:51:03.535+0000] {processor.py:208} INFO - Processing /home/airflow/.local/lib/python3.12/site-packages/airflow/example_dags/example_time_delta_sensor_async.py took 0.034 seconds
[2025-07-28T15:51:34.253+0000] {processor.py:186} INFO - Started process (PID=1139) to work on /home/airflow/.local/lib/python3.12/site-packages/airflow/example_dags/example_time_delta_sensor_async.py
[2025-07-28T15:51:34.257+0000] {processor.py:914} INFO - Processing file /home/airflow/.local/lib/python3.12/site-packages/airflow/example_dags/example_time_delta_sensor_async.py for tasks to queue
[2025-07-28T15:51:34.260+0000] {logging_mixin.py:190} INFO - [2025-07-28T15:51:34.260+0000] {dagbag.py:587} INFO - Filling up the DagBag from /home/airflow/.local/lib/python3.12/site-packages/airflow/example_dags/example_time_delta_sensor_async.py
[2025-07-28T15:51:34.271+0000] {processor.py:925} INFO - DAG(s) 'example_time_delta_sensor_async' retrieved from /home/airflow/.local/lib/python3.12/site-packages/airflow/example_dags/example_time_delta_sensor_async.py
[2025-07-28T15:51:34.294+0000] {logging_mixin.py:190} INFO - [2025-07-28T15:51:34.293+0000] {dag.py:3229} INFO - Sync 1 DAGs
[2025-07-28T15:51:34.304+0000] {logging_mixin.py:190} INFO - [2025-07-28T15:51:34.304+0000] {dag.py:4156} INFO - Setting next_dagrun for example_time_delta_sensor_async to None, run_after=None
[2025-07-28T15:51:34.333+0000] {processor.py:208} INFO - Processing /home/airflow/.local/lib/python3.12/site-packages/airflow/example_dags/example_time_delta_sensor_async.py took 0.084 seconds
[2025-07-28T15:52:04.461+0000] {processor.py:186} INFO - Started process (PID=1201) to work on /home/airflow/.local/lib/python3.12/site-packages/airflow/example_dags/example_time_delta_sensor_async.py
[2025-07-28T15:52:04.462+0000] {processor.py:914} INFO - Processing file /home/airflow/.local/lib/python3.12/site-packages/airflow/example_dags/example_time_delta_sensor_async.py for tasks to queue
[2025-07-28T15:52:04.463+0000] {logging_mixin.py:190} INFO - [2025-07-28T15:52:04.462+0000] {dagbag.py:587} INFO - Filling up the DagBag from /home/airflow/.local/lib/python3.12/site-packages/airflow/example_dags/example_time_delta_sensor_async.py
[2025-07-28T15:52:04.466+0000] {processor.py:925} INFO - DAG(s) 'example_time_delta_sensor_async' retrieved from /home/airflow/.local/lib/python3.12/site-packages/airflow/example_dags/example_time_delta_sensor_async.py
[2025-07-28T15:52:04.477+0000] {logging_mixin.py:190} INFO - [2025-07-28T15:52:04.477+0000] {dag.py:3229} INFO - Sync 1 DAGs
[2025-07-28T15:52:04.485+0000] {logging_mixin.py:190} INFO - [2025-07-28T15:52:04.485+0000] {dag.py:4156} INFO - Setting next_dagrun for example_time_delta_sensor_async to None, run_after=None
[2025-07-28T15:52:04.493+0000] {processor.py:208} INFO - Processing /home/airflow/.local/lib/python3.12/site-packages/airflow/example_dags/example_time_delta_sensor_async.py took 0.036 seconds
[2025-07-28T15:52:35.434+0000] {processor.py:186} INFO - Started process (PID=1263) to work on /home/airflow/.local/lib/python3.12/site-packages/airflow/example_dags/example_time_delta_sensor_async.py
[2025-07-28T15:52:35.434+0000] {processor.py:914} INFO - Processing file /home/airflow/.local/lib/python3.12/site-packages/airflow/example_dags/example_time_delta_sensor_async.py for tasks to queue
[2025-07-28T15:52:35.436+0000] {logging_mixin.py:190} INFO - [2025-07-28T15:52:35.436+0000] {dagbag.py:587} INFO - Filling up the DagBag from /home/airflow/.local/lib/python3.12/site-packages/airflow/example_dags/example_time_delta_sensor_async.py
[2025-07-28T15:52:35.439+0000] {processor.py:925} INFO - DAG(s) 'example_time_delta_sensor_async' retrieved from /home/airflow/.local/lib/python3.12/site-packages/airflow/example_dags/example_time_delta_sensor_async.py
[2025-07-28T15:52:35.451+0000] {logging_mixin.py:190} INFO - [2025-07-28T15:52:35.451+0000] {dag.py:3229} INFO - Sync 1 DAGs
[2025-07-28T15:52:35.458+0000] {logging_mixin.py:190} INFO - [2025-07-28T15:52:35.457+0000] {dag.py:4156} INFO - Setting next_dagrun for example_time_delta_sensor_async to None, run_after=None
[2025-07-28T15:52:35.465+0000] {processor.py:208} INFO - Processing /home/airflow/.local/lib/python3.12/site-packages/airflow/example_dags/example_time_delta_sensor_async.py took 0.034 seconds
[2025-07-28T15:53:05.563+0000] {processor.py:186} INFO - Started process (PID=1325) to work on /home/airflow/.local/lib/python3.12/site-packages/airflow/example_dags/example_time_delta_sensor_async.py
[2025-07-28T15:53:05.564+0000] {processor.py:914} INFO - Processing file /home/airflow/.local/lib/python3.12/site-packages/airflow/example_dags/example_time_delta_sensor_async.py for tasks to queue
[2025-07-28T15:53:05.565+0000] {logging_mixin.py:190} INFO - [2025-07-28T15:53:05.565+0000] {dagbag.py:587} INFO - Filling up the DagBag from /home/airflow/.local/lib/python3.12/site-packages/airflow/example_dags/example_time_delta_sensor_async.py
[2025-07-28T15:53:05.569+0000] {processor.py:925} INFO - DAG(s) 'example_time_delta_sensor_async' retrieved from /home/airflow/.local/lib/python3.12/site-packages/airflow/example_dags/example_time_delta_sensor_async.py
[2025-07-28T15:53:05.579+0000] {logging_mixin.py:190} INFO - [2025-07-28T15:53:05.579+0000] {dag.py:3229} INFO - Sync 1 DAGs
[2025-07-28T15:53:05.587+0000] {logging_mixin.py:190} INFO - [2025-07-28T15:53:05.587+0000] {dag.py:4156} INFO - Setting next_dagrun for example_time_delta_sensor_async to None, run_after=None
[2025-07-28T15:53:05.595+0000] {processor.py:208} INFO - Processing /home/airflow/.local/lib/python3.12/site-packages/airflow/example_dags/example_time_delta_sensor_async.py took 0.036 seconds
[2025-07-28T15:53:36.569+0000] {processor.py:186} INFO - Started process (PID=1388) to work on /home/airflow/.local/lib/python3.12/site-packages/airflow/example_dags/example_time_delta_sensor_async.py
[2025-07-28T15:53:36.570+0000] {processor.py:914} INFO - Processing file /home/airflow/.local/lib/python3.12/site-packages/airflow/example_dags/example_time_delta_sensor_async.py for tasks to queue
[2025-07-28T15:53:36.571+0000] {logging_mixin.py:190} INFO - [2025-07-28T15:53:36.571+0000] {dagbag.py:587} INFO - Filling up the DagBag from /home/airflow/.local/lib/python3.12/site-packages/airflow/example_dags/example_time_delta_sensor_async.py
[2025-07-28T15:53:36.577+0000] {processor.py:925} INFO - DAG(s) 'example_time_delta_sensor_async' retrieved from /home/airflow/.local/lib/python3.12/site-packages/airflow/example_dags/example_time_delta_sensor_async.py
[2025-07-28T15:53:36.591+0000] {logging_mixin.py:190} INFO - [2025-07-28T15:53:36.591+0000] {dag.py:3229} INFO - Sync 1 DAGs
[2025-07-28T15:53:36.601+0000] {logging_mixin.py:190} INFO - [2025-07-28T15:53:36.601+0000] {dag.py:4156} INFO - Setting next_dagrun for example_time_delta_sensor_async to None, run_after=None
[2025-07-28T15:53:36.610+0000] {processor.py:208} INFO - Processing /home/airflow/.local/lib/python3.12/site-packages/airflow/example_dags/example_time_delta_sensor_async.py took 0.048 seconds
[2025-07-28T15:54:07.428+0000] {processor.py:186} INFO - Started process (PID=1451) to work on /home/airflow/.local/lib/python3.12/site-packages/airflow/example_dags/example_time_delta_sensor_async.py
[2025-07-28T15:54:07.429+0000] {processor.py:914} INFO - Processing file /home/airflow/.local/lib/python3.12/site-packages/airflow/example_dags/example_time_delta_sensor_async.py for tasks to queue
[2025-07-28T15:54:07.430+0000] {logging_mixin.py:190} INFO - [2025-07-28T15:54:07.430+0000] {dagbag.py:587} INFO - Filling up the DagBag from /home/airflow/.local/lib/python3.12/site-packages/airflow/example_dags/example_time_delta_sensor_async.py
[2025-07-28T15:54:07.434+0000] {processor.py:925} INFO - DAG(s) 'example_time_delta_sensor_async' retrieved from /home/airflow/.local/lib/python3.12/site-packages/airflow/example_dags/example_time_delta_sensor_async.py
[2025-07-28T15:54:07.446+0000] {logging_mixin.py:190} INFO - [2025-07-28T15:54:07.446+0000] {dag.py:3229} INFO - Sync 1 DAGs
[2025-07-28T15:54:07.455+0000] {logging_mixin.py:190} INFO - [2025-07-28T15:54:07.455+0000] {dag.py:4156} INFO - Setting next_dagrun for example_time_delta_sensor_async to None, run_after=None
[2025-07-28T15:54:07.465+0000] {processor.py:208} INFO - Processing /home/airflow/.local/lib/python3.12/site-packages/airflow/example_dags/example_time_delta_sensor_async.py took 0.041 seconds
[2025-07-28T15:54:38.365+0000] {processor.py:186} INFO - Started process (PID=1514) to work on /home/airflow/.local/lib/python3.12/site-packages/airflow/example_dags/example_time_delta_sensor_async.py
[2025-07-28T15:54:38.365+0000] {processor.py:914} INFO - Processing file /home/airflow/.local/lib/python3.12/site-packages/airflow/example_dags/example_time_delta_sensor_async.py for tasks to queue
[2025-07-28T15:54:38.366+0000] {logging_mixin.py:190} INFO - [2025-07-28T15:54:38.366+0000] {dagbag.py:587} INFO - Filling up the DagBag from /home/airflow/.local/lib/python3.12/site-packages/airflow/example_dags/example_time_delta_sensor_async.py
[2025-07-28T15:54:38.370+0000] {processor.py:925} INFO - DAG(s) 'example_time_delta_sensor_async' retrieved from /home/airflow/.local/lib/python3.12/site-packages/airflow/example_dags/example_time_delta_sensor_async.py
[2025-07-28T15:54:38.379+0000] {logging_mixin.py:190} INFO - [2025-07-28T15:54:38.379+0000] {dag.py:3229} INFO - Sync 1 DAGs
[2025-07-28T15:54:38.387+0000] {logging_mixin.py:190} INFO - [2025-07-28T15:54:38.387+0000] {dag.py:4156} INFO - Setting next_dagrun for example_time_delta_sensor_async to None, run_after=None
[2025-07-28T15:54:38.395+0000] {processor.py:208} INFO - Processing /home/airflow/.local/lib/python3.12/site-packages/airflow/example_dags/example_time_delta_sensor_async.py took 0.033 seconds
[2025-07-28T15:55:09.992+0000] {processor.py:186} INFO - Started process (PID=1577) to work on /home/airflow/.local/lib/python3.12/site-packages/airflow/example_dags/example_time_delta_sensor_async.py
[2025-07-28T15:55:09.992+0000] {processor.py:914} INFO - Processing file /home/airflow/.local/lib/python3.12/site-packages/airflow/example_dags/example_time_delta_sensor_async.py for tasks to queue
[2025-07-28T15:55:09.993+0000] {logging_mixin.py:190} INFO - [2025-07-28T15:55:09.993+0000] {dagbag.py:587} INFO - Filling up the DagBag from /home/airflow/.local/lib/python3.12/site-packages/airflow/example_dags/example_time_delta_sensor_async.py
[2025-07-28T15:55:09.997+0000] {processor.py:925} INFO - DAG(s) 'example_time_delta_sensor_async' retrieved from /home/airflow/.local/lib/python3.12/site-packages/airflow/example_dags/example_time_delta_sensor_async.py
[2025-07-28T15:55:10.007+0000] {logging_mixin.py:190} INFO - [2025-07-28T15:55:10.007+0000] {dag.py:3229} INFO - Sync 1 DAGs
[2025-07-28T15:55:10.013+0000] {logging_mixin.py:190} INFO - [2025-07-28T15:55:10.013+0000] {dag.py:4156} INFO - Setting next_dagrun for example_time_delta_sensor_async to None, run_after=None
[2025-07-28T15:55:10.020+0000] {processor.py:208} INFO - Processing /home/airflow/.local/lib/python3.12/site-packages/airflow/example_dags/example_time_delta_sensor_async.py took 0.031 seconds
[2025-07-28T15:55:41.000+0000] {processor.py:186} INFO - Started process (PID=1640) to work on /home/airflow/.local/lib/python3.12/site-packages/airflow/example_dags/example_time_delta_sensor_async.py
[2025-07-28T15:55:41.001+0000] {processor.py:914} INFO - Processing file /home/airflow/.local/lib/python3.12/site-packages/airflow/example_dags/example_time_delta_sensor_async.py for tasks to queue
[2025-07-28T15:55:41.003+0000] {logging_mixin.py:190} INFO - [2025-07-28T15:55:41.003+0000] {dagbag.py:587} INFO - Filling up the DagBag from /home/airflow/.local/lib/python3.12/site-packages/airflow/example_dags/example_time_delta_sensor_async.py
[2025-07-28T15:55:41.007+0000] {processor.py:925} INFO - DAG(s) 'example_time_delta_sensor_async' retrieved from /home/airflow/.local/lib/python3.12/site-packages/airflow/example_dags/example_time_delta_sensor_async.py
[2025-07-28T15:55:41.018+0000] {logging_mixin.py:190} INFO - [2025-07-28T15:55:41.018+0000] {dag.py:3229} INFO - Sync 1 DAGs
[2025-07-28T15:55:41.026+0000] {logging_mixin.py:190} INFO - [2025-07-28T15:55:41.026+0000] {dag.py:4156} INFO - Setting next_dagrun for example_time_delta_sensor_async to None, run_after=None
[2025-07-28T15:55:41.037+0000] {processor.py:208} INFO - Processing /home/airflow/.local/lib/python3.12/site-packages/airflow/example_dags/example_time_delta_sensor_async.py took 0.040 seconds
[2025-07-28T15:56:29.261+0000] {processor.py:186} INFO - Started process (PID=1709) to work on /home/airflow/.local/lib/python3.12/site-packages/airflow/example_dags/example_time_delta_sensor_async.py
[2025-07-28T15:56:29.263+0000] {processor.py:914} INFO - Processing file /home/airflow/.local/lib/python3.12/site-packages/airflow/example_dags/example_time_delta_sensor_async.py for tasks to queue
[2025-07-28T15:56:29.275+0000] {logging_mixin.py:190} INFO - [2025-07-28T15:56:29.274+0000] {dagbag.py:587} INFO - Filling up the DagBag from /home/airflow/.local/lib/python3.12/site-packages/airflow/example_dags/example_time_delta_sensor_async.py
[2025-07-28T15:56:29.325+0000] {processor.py:925} INFO - DAG(s) 'example_time_delta_sensor_async' retrieved from /home/airflow/.local/lib/python3.12/site-packages/airflow/example_dags/example_time_delta_sensor_async.py
[2025-07-28T15:56:29.429+0000] {logging_mixin.py:190} INFO - [2025-07-28T15:56:29.425+0000] {dag.py:3229} INFO - Sync 1 DAGs
[2025-07-28T15:56:29.510+0000] {logging_mixin.py:190} INFO - [2025-07-28T15:56:29.505+0000] {dag.py:4156} INFO - Setting next_dagrun for example_time_delta_sensor_async to None, run_after=None
[2025-07-28T15:56:29.763+0000] {processor.py:208} INFO - Processing /home/airflow/.local/lib/python3.12/site-packages/airflow/example_dags/example_time_delta_sensor_async.py took 0.521 seconds
[2025-07-28T15:57:00.682+0000] {processor.py:186} INFO - Started process (PID=1772) to work on /home/airflow/.local/lib/python3.12/site-packages/airflow/example_dags/example_time_delta_sensor_async.py
[2025-07-28T15:57:00.685+0000] {processor.py:914} INFO - Processing file /home/airflow/.local/lib/python3.12/site-packages/airflow/example_dags/example_time_delta_sensor_async.py for tasks to queue
[2025-07-28T15:57:00.689+0000] {logging_mixin.py:190} INFO - [2025-07-28T15:57:00.689+0000] {dagbag.py:587} INFO - Filling up the DagBag from /home/airflow/.local/lib/python3.12/site-packages/airflow/example_dags/example_time_delta_sensor_async.py
[2025-07-28T15:57:00.707+0000] {processor.py:925} INFO - DAG(s) 'example_time_delta_sensor_async' retrieved from /home/airflow/.local/lib/python3.12/site-packages/airflow/example_dags/example_time_delta_sensor_async.py
[2025-07-28T15:57:00.749+0000] {logging_mixin.py:190} INFO - [2025-07-28T15:57:00.749+0000] {dag.py:3229} INFO - Sync 1 DAGs
[2025-07-28T15:57:00.763+0000] {logging_mixin.py:190} INFO - [2025-07-28T15:57:00.763+0000] {dag.py:4156} INFO - Setting next_dagrun for example_time_delta_sensor_async to None, run_after=None
[2025-07-28T15:57:00.784+0000] {processor.py:208} INFO - Processing /home/airflow/.local/lib/python3.12/site-packages/airflow/example_dags/example_time_delta_sensor_async.py took 0.126 seconds
[2025-07-28T15:57:30.902+0000] {processor.py:186} INFO - Started process (PID=1835) to work on /home/airflow/.local/lib/python3.12/site-packages/airflow/example_dags/example_time_delta_sensor_async.py
[2025-07-28T15:57:30.903+0000] {processor.py:914} INFO - Processing file /home/airflow/.local/lib/python3.12/site-packages/airflow/example_dags/example_time_delta_sensor_async.py for tasks to queue
[2025-07-28T15:57:30.905+0000] {logging_mixin.py:190} INFO - [2025-07-28T15:57:30.904+0000] {dagbag.py:587} INFO - Filling up the DagBag from /home/airflow/.local/lib/python3.12/site-packages/airflow/example_dags/example_time_delta_sensor_async.py
[2025-07-28T15:57:30.912+0000] {processor.py:925} INFO - DAG(s) 'example_time_delta_sensor_async' retrieved from /home/airflow/.local/lib/python3.12/site-packages/airflow/example_dags/example_time_delta_sensor_async.py
[2025-07-28T15:57:30.928+0000] {logging_mixin.py:190} INFO - [2025-07-28T15:57:30.928+0000] {dag.py:3229} INFO - Sync 1 DAGs
[2025-07-28T15:57:30.941+0000] {logging_mixin.py:190} INFO - [2025-07-28T15:57:30.941+0000] {dag.py:4156} INFO - Setting next_dagrun for example_time_delta_sensor_async to None, run_after=None
[2025-07-28T15:57:30.951+0000] {processor.py:208} INFO - Processing /home/airflow/.local/lib/python3.12/site-packages/airflow/example_dags/example_time_delta_sensor_async.py took 0.060 seconds
[2025-07-28T15:58:01.399+0000] {processor.py:186} INFO - Started process (PID=1898) to work on /home/airflow/.local/lib/python3.12/site-packages/airflow/example_dags/example_time_delta_sensor_async.py
[2025-07-28T15:58:01.400+0000] {processor.py:914} INFO - Processing file /home/airflow/.local/lib/python3.12/site-packages/airflow/example_dags/example_time_delta_sensor_async.py for tasks to queue
[2025-07-28T15:58:01.402+0000] {logging_mixin.py:190} INFO - [2025-07-28T15:58:01.402+0000] {dagbag.py:587} INFO - Filling up the DagBag from /home/airflow/.local/lib/python3.12/site-packages/airflow/example_dags/example_time_delta_sensor_async.py
[2025-07-28T15:58:01.408+0000] {processor.py:925} INFO - DAG(s) 'example_time_delta_sensor_async' retrieved from /home/airflow/.local/lib/python3.12/site-packages/airflow/example_dags/example_time_delta_sensor_async.py
[2025-07-28T15:58:01.420+0000] {logging_mixin.py:190} INFO - [2025-07-28T15:58:01.420+0000] {dag.py:3229} INFO - Sync 1 DAGs
[2025-07-28T15:58:01.431+0000] {logging_mixin.py:190} INFO - [2025-07-28T15:58:01.431+0000] {dag.py:4156} INFO - Setting next_dagrun for example_time_delta_sensor_async to None, run_after=None
[2025-07-28T15:58:01.448+0000] {processor.py:208} INFO - Processing /home/airflow/.local/lib/python3.12/site-packages/airflow/example_dags/example_time_delta_sensor_async.py took 0.058 seconds
[2025-07-28T15:58:32.159+0000] {processor.py:186} INFO - Started process (PID=1961) to work on /home/airflow/.local/lib/python3.12/site-packages/airflow/example_dags/example_time_delta_sensor_async.py
[2025-07-28T15:58:32.160+0000] {processor.py:914} INFO - Processing file /home/airflow/.local/lib/python3.12/site-packages/airflow/example_dags/example_time_delta_sensor_async.py for tasks to queue
[2025-07-28T15:58:32.162+0000] {logging_mixin.py:190} INFO - [2025-07-28T15:58:32.162+0000] {dagbag.py:587} INFO - Filling up the DagBag from /home/airflow/.local/lib/python3.12/site-packages/airflow/example_dags/example_time_delta_sensor_async.py
[2025-07-28T15:58:32.169+0000] {processor.py:925} INFO - DAG(s) 'example_time_delta_sensor_async' retrieved from /home/airflow/.local/lib/python3.12/site-packages/airflow/example_dags/example_time_delta_sensor_async.py
[2025-07-28T15:58:32.181+0000] {logging_mixin.py:190} INFO - [2025-07-28T15:58:32.181+0000] {dag.py:3229} INFO - Sync 1 DAGs
[2025-07-28T15:58:32.189+0000] {logging_mixin.py:190} INFO - [2025-07-28T15:58:32.188+0000] {dag.py:4156} INFO - Setting next_dagrun for example_time_delta_sensor_async to None, run_after=None
[2025-07-28T15:58:32.197+0000] {processor.py:208} INFO - Processing /home/airflow/.local/lib/python3.12/site-packages/airflow/example_dags/example_time_delta_sensor_async.py took 0.043 seconds
[2025-07-28T15:59:03.140+0000] {processor.py:186} INFO - Started process (PID=2023) to work on /home/airflow/.local/lib/python3.12/site-packages/airflow/example_dags/example_time_delta_sensor_async.py
[2025-07-28T15:59:03.143+0000] {processor.py:914} INFO - Processing file /home/airflow/.local/lib/python3.12/site-packages/airflow/example_dags/example_time_delta_sensor_async.py for tasks to queue
[2025-07-28T15:59:03.153+0000] {logging_mixin.py:190} INFO - [2025-07-28T15:59:03.152+0000] {dagbag.py:587} INFO - Filling up the DagBag from /home/airflow/.local/lib/python3.12/site-packages/airflow/example_dags/example_time_delta_sensor_async.py
[2025-07-28T15:59:03.179+0000] {processor.py:925} INFO - DAG(s) 'example_time_delta_sensor_async' retrieved from /home/airflow/.local/lib/python3.12/site-packages/airflow/example_dags/example_time_delta_sensor_async.py
[2025-07-28T15:59:03.206+0000] {logging_mixin.py:190} INFO - [2025-07-28T15:59:03.206+0000] {dag.py:3229} INFO - Sync 1 DAGs
[2025-07-28T15:59:03.238+0000] {logging_mixin.py:190} INFO - [2025-07-28T15:59:03.238+0000] {dag.py:4156} INFO - Setting next_dagrun for example_time_delta_sensor_async to None, run_after=None
[2025-07-28T15:59:03.253+0000] {processor.py:208} INFO - Processing /home/airflow/.local/lib/python3.12/site-packages/airflow/example_dags/example_time_delta_sensor_async.py took 0.125 seconds
[2025-07-28T15:59:33.952+0000] {processor.py:186} INFO - Started process (PID=2086) to work on /home/airflow/.local/lib/python3.12/site-packages/airflow/example_dags/example_time_delta_sensor_async.py
[2025-07-28T15:59:33.953+0000] {processor.py:914} INFO - Processing file /home/airflow/.local/lib/python3.12/site-packages/airflow/example_dags/example_time_delta_sensor_async.py for tasks to queue
[2025-07-28T15:59:33.957+0000] {logging_mixin.py:190} INFO - [2025-07-28T15:59:33.956+0000] {dagbag.py:587} INFO - Filling up the DagBag from /home/airflow/.local/lib/python3.12/site-packages/airflow/example_dags/example_time_delta_sensor_async.py
[2025-07-28T15:59:33.971+0000] {processor.py:925} INFO - DAG(s) 'example_time_delta_sensor_async' retrieved from /home/airflow/.local/lib/python3.12/site-packages/airflow/example_dags/example_time_delta_sensor_async.py
[2025-07-28T15:59:33.993+0000] {logging_mixin.py:190} INFO - [2025-07-28T15:59:33.992+0000] {dag.py:3229} INFO - Sync 1 DAGs
[2025-07-28T15:59:34.007+0000] {logging_mixin.py:190} INFO - [2025-07-28T15:59:34.007+0000] {dag.py:4156} INFO - Setting next_dagrun for example_time_delta_sensor_async to None, run_after=None
[2025-07-28T15:59:34.021+0000] {processor.py:208} INFO - Processing /home/airflow/.local/lib/python3.12/site-packages/airflow/example_dags/example_time_delta_sensor_async.py took 0.079 seconds
[2025-07-28T16:00:04.198+0000] {processor.py:186} INFO - Started process (PID=2149) to work on /home/airflow/.local/lib/python3.12/site-packages/airflow/example_dags/example_time_delta_sensor_async.py
[2025-07-28T16:00:04.199+0000] {processor.py:914} INFO - Processing file /home/airflow/.local/lib/python3.12/site-packages/airflow/example_dags/example_time_delta_sensor_async.py for tasks to queue
[2025-07-28T16:00:04.200+0000] {logging_mixin.py:190} INFO - [2025-07-28T16:00:04.200+0000] {dagbag.py:587} INFO - Filling up the DagBag from /home/airflow/.local/lib/python3.12/site-packages/airflow/example_dags/example_time_delta_sensor_async.py
[2025-07-28T16:00:04.205+0000] {processor.py:925} INFO - DAG(s) 'example_time_delta_sensor_async' retrieved from /home/airflow/.local/lib/python3.12/site-packages/airflow/example_dags/example_time_delta_sensor_async.py
[2025-07-28T16:00:04.216+0000] {logging_mixin.py:190} INFO - [2025-07-28T16:00:04.215+0000] {dag.py:3229} INFO - Sync 1 DAGs
[2025-07-28T16:00:04.222+0000] {logging_mixin.py:190} INFO - [2025-07-28T16:00:04.222+0000] {dag.py:4156} INFO - Setting next_dagrun for example_time_delta_sensor_async to None, run_after=None
[2025-07-28T16:00:04.229+0000] {processor.py:208} INFO - Processing /home/airflow/.local/lib/python3.12/site-packages/airflow/example_dags/example_time_delta_sensor_async.py took 0.034 seconds
[2025-07-28T16:00:35.309+0000] {processor.py:186} INFO - Started process (PID=2212) to work on /home/airflow/.local/lib/python3.12/site-packages/airflow/example_dags/example_time_delta_sensor_async.py
[2025-07-28T16:00:35.311+0000] {processor.py:914} INFO - Processing file /home/airflow/.local/lib/python3.12/site-packages/airflow/example_dags/example_time_delta_sensor_async.py for tasks to queue
[2025-07-28T16:00:35.316+0000] {logging_mixin.py:190} INFO - [2025-07-28T16:00:35.315+0000] {dagbag.py:587} INFO - Filling up the DagBag from /home/airflow/.local/lib/python3.12/site-packages/airflow/example_dags/example_time_delta_sensor_async.py
[2025-07-28T16:00:35.321+0000] {processor.py:925} INFO - DAG(s) 'example_time_delta_sensor_async' retrieved from /home/airflow/.local/lib/python3.12/site-packages/airflow/example_dags/example_time_delta_sensor_async.py
[2025-07-28T16:00:35.342+0000] {logging_mixin.py:190} INFO - [2025-07-28T16:00:35.341+0000] {dag.py:3229} INFO - Sync 1 DAGs
[2025-07-28T16:00:35.357+0000] {logging_mixin.py:190} INFO - [2025-07-28T16:00:35.357+0000] {dag.py:4156} INFO - Setting next_dagrun for example_time_delta_sensor_async to None, run_after=None
[2025-07-28T16:00:35.370+0000] {processor.py:208} INFO - Processing /home/airflow/.local/lib/python3.12/site-packages/airflow/example_dags/example_time_delta_sensor_async.py took 0.066 seconds
[2025-07-28T16:01:06.064+0000] {processor.py:186} INFO - Started process (PID=2275) to work on /home/airflow/.local/lib/python3.12/site-packages/airflow/example_dags/example_time_delta_sensor_async.py
[2025-07-28T16:01:06.064+0000] {processor.py:914} INFO - Processing file /home/airflow/.local/lib/python3.12/site-packages/airflow/example_dags/example_time_delta_sensor_async.py for tasks to queue
[2025-07-28T16:01:06.066+0000] {logging_mixin.py:190} INFO - [2025-07-28T16:01:06.066+0000] {dagbag.py:587} INFO - Filling up the DagBag from /home/airflow/.local/lib/python3.12/site-packages/airflow/example_dags/example_time_delta_sensor_async.py
[2025-07-28T16:01:06.070+0000] {processor.py:925} INFO - DAG(s) 'example_time_delta_sensor_async' retrieved from /home/airflow/.local/lib/python3.12/site-packages/airflow/example_dags/example_time_delta_sensor_async.py
[2025-07-28T16:01:06.083+0000] {logging_mixin.py:190} INFO - [2025-07-28T16:01:06.083+0000] {dag.py:3229} INFO - Sync 1 DAGs
[2025-07-28T16:01:06.089+0000] {logging_mixin.py:190} INFO - [2025-07-28T16:01:06.089+0000] {dag.py:4156} INFO - Setting next_dagrun for example_time_delta_sensor_async to None, run_after=None
[2025-07-28T16:01:06.097+0000] {processor.py:208} INFO - Processing /home/airflow/.local/lib/python3.12/site-packages/airflow/example_dags/example_time_delta_sensor_async.py took 0.037 seconds
