[2025-07-28T15:42:53.452+0000] {processor.py:186} INFO - Started process (PID=90) to work on /home/airflow/.local/lib/python3.12/site-packages/airflow/example_dags/example_short_circuit_operator.py
[2025-07-28T15:42:53.453+0000] {processor.py:914} INFO - Processing file /home/airflow/.local/lib/python3.12/site-packages/airflow/example_dags/example_short_circuit_operator.py for tasks to queue
[2025-07-28T15:42:53.454+0000] {logging_mixin.py:190} INFO - [2025-07-28T15:42:53.454+0000] {dagbag.py:587} INFO - Filling up the DagBag from /home/airflow/.local/lib/python3.12/site-packages/airflow/example_dags/example_short_circuit_operator.py
[2025-07-28T15:42:53.459+0000] {processor.py:925} INFO - DAG(s) 'example_short_circuit_operator' retrieved from /home/airflow/.local/lib/python3.12/site-packages/airflow/example_dags/example_short_circuit_operator.py
[2025-07-28T15:42:53.517+0000] {logging_mixin.py:190} INFO - [2025-07-28T15:42:53.516+0000] {override.py:1900} INFO - Created Permission View: can edit on DAG:example_short_circuit_operator
[2025-07-28T15:42:53.521+0000] {logging_mixin.py:190} INFO - [2025-07-28T15:42:53.520+0000] {override.py:1900} INFO - Created Permission View: can read on DAG:example_short_circuit_operator
[2025-07-28T15:42:53.523+0000] {logging_mixin.py:190} INFO - [2025-07-28T15:42:53.523+0000] {override.py:1900} INFO - Created Permission View: can delete on DAG:example_short_circuit_operator
[2025-07-28T15:42:53.525+0000] {logging_mixin.py:190} INFO - [2025-07-28T15:42:53.525+0000] {override.py:1900} INFO - Created Permission View: can read on DAG Run:example_short_circuit_operator
[2025-07-28T15:42:53.528+0000] {logging_mixin.py:190} INFO - [2025-07-28T15:42:53.527+0000] {override.py:1900} INFO - Created Permission View: can delete on DAG Run:example_short_circuit_operator
[2025-07-28T15:42:53.530+0000] {logging_mixin.py:190} INFO - [2025-07-28T15:42:53.530+0000] {override.py:1900} INFO - Created Permission View: can create on DAG Run:example_short_circuit_operator
[2025-07-28T15:42:53.533+0000] {logging_mixin.py:190} INFO - [2025-07-28T15:42:53.533+0000] {override.py:1900} INFO - Created Permission View: menu access on DAG Run:example_short_circuit_operator
[2025-07-28T15:42:53.533+0000] {logging_mixin.py:190} INFO - [2025-07-28T15:42:53.533+0000] {dag.py:3229} INFO - Sync 1 DAGs
[2025-07-28T15:42:53.540+0000] {logging_mixin.py:190} INFO - [2025-07-28T15:42:53.540+0000] {dag.py:3252} INFO - Creating ORM DAG for example_short_circuit_operator
[2025-07-28T15:42:53.540+0000] {logging_mixin.py:190} INFO - [2025-07-28T15:42:53.540+0000] {dag.py:4156} INFO - Setting next_dagrun for example_short_circuit_operator to None, run_after=None
[2025-07-28T15:42:53.547+0000] {processor.py:208} INFO - Processing /home/airflow/.local/lib/python3.12/site-packages/airflow/example_dags/example_short_circuit_operator.py took 0.098 seconds
[2025-07-28T15:43:24.132+0000] {processor.py:186} INFO - Started process (PID=152) to work on /home/airflow/.local/lib/python3.12/site-packages/airflow/example_dags/example_short_circuit_operator.py
[2025-07-28T15:43:24.135+0000] {processor.py:914} INFO - Processing file /home/airflow/.local/lib/python3.12/site-packages/airflow/example_dags/example_short_circuit_operator.py for tasks to queue
[2025-07-28T15:43:24.136+0000] {logging_mixin.py:190} INFO - [2025-07-28T15:43:24.136+0000] {dagbag.py:587} INFO - Filling up the DagBag from /home/airflow/.local/lib/python3.12/site-packages/airflow/example_dags/example_short_circuit_operator.py
[2025-07-28T15:43:24.140+0000] {processor.py:925} INFO - DAG(s) 'example_short_circuit_operator' retrieved from /home/airflow/.local/lib/python3.12/site-packages/airflow/example_dags/example_short_circuit_operator.py
[2025-07-28T15:43:24.151+0000] {logging_mixin.py:190} INFO - [2025-07-28T15:43:24.151+0000] {dag.py:3229} INFO - Sync 1 DAGs
[2025-07-28T15:43:24.157+0000] {logging_mixin.py:190} INFO - [2025-07-28T15:43:24.157+0000] {dag.py:4156} INFO - Setting next_dagrun for example_short_circuit_operator to None, run_after=None
[2025-07-28T15:43:24.164+0000] {processor.py:208} INFO - Processing /home/airflow/.local/lib/python3.12/site-packages/airflow/example_dags/example_short_circuit_operator.py took 0.036 seconds
[2025-07-28T15:43:54.900+0000] {processor.py:186} INFO - Started process (PID=214) to work on /home/airflow/.local/lib/python3.12/site-packages/airflow/example_dags/example_short_circuit_operator.py
[2025-07-28T15:43:54.901+0000] {processor.py:914} INFO - Processing file /home/airflow/.local/lib/python3.12/site-packages/airflow/example_dags/example_short_circuit_operator.py for tasks to queue
[2025-07-28T15:43:54.903+0000] {logging_mixin.py:190} INFO - [2025-07-28T15:43:54.902+0000] {dagbag.py:587} INFO - Filling up the DagBag from /home/airflow/.local/lib/python3.12/site-packages/airflow/example_dags/example_short_circuit_operator.py
[2025-07-28T15:43:54.909+0000] {processor.py:925} INFO - DAG(s) 'example_short_circuit_operator' retrieved from /home/airflow/.local/lib/python3.12/site-packages/airflow/example_dags/example_short_circuit_operator.py
[2025-07-28T15:43:54.921+0000] {logging_mixin.py:190} INFO - [2025-07-28T15:43:54.921+0000] {dag.py:3229} INFO - Sync 1 DAGs
[2025-07-28T15:43:54.930+0000] {logging_mixin.py:190} INFO - [2025-07-28T15:43:54.930+0000] {dag.py:4156} INFO - Setting next_dagrun for example_short_circuit_operator to None, run_after=None
[2025-07-28T15:43:54.939+0000] {processor.py:208} INFO - Processing /home/airflow/.local/lib/python3.12/site-packages/airflow/example_dags/example_short_circuit_operator.py took 0.041 seconds
[2025-07-28T15:44:25.425+0000] {processor.py:186} INFO - Started process (PID=276) to work on /home/airflow/.local/lib/python3.12/site-packages/airflow/example_dags/example_short_circuit_operator.py
[2025-07-28T15:44:25.428+0000] {processor.py:914} INFO - Processing file /home/airflow/.local/lib/python3.12/site-packages/airflow/example_dags/example_short_circuit_operator.py for tasks to queue
[2025-07-28T15:44:25.429+0000] {logging_mixin.py:190} INFO - [2025-07-28T15:44:25.429+0000] {dagbag.py:587} INFO - Filling up the DagBag from /home/airflow/.local/lib/python3.12/site-packages/airflow/example_dags/example_short_circuit_operator.py
[2025-07-28T15:44:25.434+0000] {processor.py:925} INFO - DAG(s) 'example_short_circuit_operator' retrieved from /home/airflow/.local/lib/python3.12/site-packages/airflow/example_dags/example_short_circuit_operator.py
[2025-07-28T15:44:25.448+0000] {logging_mixin.py:190} INFO - [2025-07-28T15:44:25.448+0000] {dag.py:3229} INFO - Sync 1 DAGs
[2025-07-28T15:44:25.456+0000] {logging_mixin.py:190} INFO - [2025-07-28T15:44:25.456+0000] {dag.py:4156} INFO - Setting next_dagrun for example_short_circuit_operator to None, run_after=None
[2025-07-28T15:44:25.467+0000] {processor.py:208} INFO - Processing /home/airflow/.local/lib/python3.12/site-packages/airflow/example_dags/example_short_circuit_operator.py took 0.046 seconds
[2025-07-28T15:44:55.977+0000] {processor.py:186} INFO - Started process (PID=338) to work on /home/airflow/.local/lib/python3.12/site-packages/airflow/example_dags/example_short_circuit_operator.py
[2025-07-28T15:44:55.979+0000] {processor.py:914} INFO - Processing file /home/airflow/.local/lib/python3.12/site-packages/airflow/example_dags/example_short_circuit_operator.py for tasks to queue
[2025-07-28T15:44:55.980+0000] {logging_mixin.py:190} INFO - [2025-07-28T15:44:55.980+0000] {dagbag.py:587} INFO - Filling up the DagBag from /home/airflow/.local/lib/python3.12/site-packages/airflow/example_dags/example_short_circuit_operator.py
[2025-07-28T15:44:55.984+0000] {processor.py:925} INFO - DAG(s) 'example_short_circuit_operator' retrieved from /home/airflow/.local/lib/python3.12/site-packages/airflow/example_dags/example_short_circuit_operator.py
[2025-07-28T15:44:55.994+0000] {logging_mixin.py:190} INFO - [2025-07-28T15:44:55.994+0000] {dag.py:3229} INFO - Sync 1 DAGs
[2025-07-28T15:44:56.000+0000] {logging_mixin.py:190} INFO - [2025-07-28T15:44:56.000+0000] {dag.py:4156} INFO - Setting next_dagrun for example_short_circuit_operator to None, run_after=None
[2025-07-28T15:44:56.007+0000] {processor.py:208} INFO - Processing /home/airflow/.local/lib/python3.12/site-packages/airflow/example_dags/example_short_circuit_operator.py took 0.033 seconds
[2025-07-28T15:45:26.739+0000] {processor.py:186} INFO - Started process (PID=400) to work on /home/airflow/.local/lib/python3.12/site-packages/airflow/example_dags/example_short_circuit_operator.py
[2025-07-28T15:45:26.739+0000] {processor.py:914} INFO - Processing file /home/airflow/.local/lib/python3.12/site-packages/airflow/example_dags/example_short_circuit_operator.py for tasks to queue
[2025-07-28T15:45:26.740+0000] {logging_mixin.py:190} INFO - [2025-07-28T15:45:26.740+0000] {dagbag.py:587} INFO - Filling up the DagBag from /home/airflow/.local/lib/python3.12/site-packages/airflow/example_dags/example_short_circuit_operator.py
[2025-07-28T15:45:26.745+0000] {processor.py:925} INFO - DAG(s) 'example_short_circuit_operator' retrieved from /home/airflow/.local/lib/python3.12/site-packages/airflow/example_dags/example_short_circuit_operator.py
[2025-07-28T15:45:26.761+0000] {logging_mixin.py:190} INFO - [2025-07-28T15:45:26.761+0000] {dag.py:3229} INFO - Sync 1 DAGs
[2025-07-28T15:45:26.790+0000] {logging_mixin.py:190} INFO - [2025-07-28T15:45:26.790+0000] {dag.py:4156} INFO - Setting next_dagrun for example_short_circuit_operator to None, run_after=None
[2025-07-28T15:45:26.804+0000] {processor.py:208} INFO - Processing /home/airflow/.local/lib/python3.12/site-packages/airflow/example_dags/example_short_circuit_operator.py took 0.069 seconds
[2025-07-28T15:45:57.669+0000] {processor.py:186} INFO - Started process (PID=462) to work on /home/airflow/.local/lib/python3.12/site-packages/airflow/example_dags/example_short_circuit_operator.py
[2025-07-28T15:45:57.671+0000] {processor.py:914} INFO - Processing file /home/airflow/.local/lib/python3.12/site-packages/airflow/example_dags/example_short_circuit_operator.py for tasks to queue
[2025-07-28T15:45:57.674+0000] {logging_mixin.py:190} INFO - [2025-07-28T15:45:57.673+0000] {dagbag.py:587} INFO - Filling up the DagBag from /home/airflow/.local/lib/python3.12/site-packages/airflow/example_dags/example_short_circuit_operator.py
[2025-07-28T15:45:57.683+0000] {processor.py:925} INFO - DAG(s) 'example_short_circuit_operator' retrieved from /home/airflow/.local/lib/python3.12/site-packages/airflow/example_dags/example_short_circuit_operator.py
[2025-07-28T15:45:57.701+0000] {logging_mixin.py:190} INFO - [2025-07-28T15:45:57.701+0000] {dag.py:3229} INFO - Sync 1 DAGs
[2025-07-28T15:45:57.710+0000] {logging_mixin.py:190} INFO - [2025-07-28T15:45:57.710+0000] {dag.py:4156} INFO - Setting next_dagrun for example_short_circuit_operator to None, run_after=None
[2025-07-28T15:45:57.720+0000] {processor.py:208} INFO - Processing /home/airflow/.local/lib/python3.12/site-packages/airflow/example_dags/example_short_circuit_operator.py took 0.056 seconds
[2025-07-28T15:46:28.192+0000] {processor.py:186} INFO - Started process (PID=524) to work on /home/airflow/.local/lib/python3.12/site-packages/airflow/example_dags/example_short_circuit_operator.py
[2025-07-28T15:46:28.193+0000] {processor.py:914} INFO - Processing file /home/airflow/.local/lib/python3.12/site-packages/airflow/example_dags/example_short_circuit_operator.py for tasks to queue
[2025-07-28T15:46:28.194+0000] {logging_mixin.py:190} INFO - [2025-07-28T15:46:28.194+0000] {dagbag.py:587} INFO - Filling up the DagBag from /home/airflow/.local/lib/python3.12/site-packages/airflow/example_dags/example_short_circuit_operator.py
[2025-07-28T15:46:28.198+0000] {processor.py:925} INFO - DAG(s) 'example_short_circuit_operator' retrieved from /home/airflow/.local/lib/python3.12/site-packages/airflow/example_dags/example_short_circuit_operator.py
[2025-07-28T15:46:28.217+0000] {logging_mixin.py:190} INFO - [2025-07-28T15:46:28.217+0000] {dag.py:3229} INFO - Sync 1 DAGs
[2025-07-28T15:46:28.224+0000] {logging_mixin.py:190} INFO - [2025-07-28T15:46:28.224+0000] {dag.py:4156} INFO - Setting next_dagrun for example_short_circuit_operator to None, run_after=None
[2025-07-28T15:46:28.237+0000] {processor.py:208} INFO - Processing /home/airflow/.local/lib/python3.12/site-packages/airflow/example_dags/example_short_circuit_operator.py took 0.049 seconds
[2025-07-28T15:46:58.696+0000] {processor.py:186} INFO - Started process (PID=586) to work on /home/airflow/.local/lib/python3.12/site-packages/airflow/example_dags/example_short_circuit_operator.py
[2025-07-28T15:46:58.696+0000] {processor.py:914} INFO - Processing file /home/airflow/.local/lib/python3.12/site-packages/airflow/example_dags/example_short_circuit_operator.py for tasks to queue
[2025-07-28T15:46:58.697+0000] {logging_mixin.py:190} INFO - [2025-07-28T15:46:58.697+0000] {dagbag.py:587} INFO - Filling up the DagBag from /home/airflow/.local/lib/python3.12/site-packages/airflow/example_dags/example_short_circuit_operator.py
[2025-07-28T15:46:58.701+0000] {processor.py:925} INFO - DAG(s) 'example_short_circuit_operator' retrieved from /home/airflow/.local/lib/python3.12/site-packages/airflow/example_dags/example_short_circuit_operator.py
[2025-07-28T15:46:58.712+0000] {logging_mixin.py:190} INFO - [2025-07-28T15:46:58.712+0000] {dag.py:3229} INFO - Sync 1 DAGs
[2025-07-28T15:46:58.718+0000] {logging_mixin.py:190} INFO - [2025-07-28T15:46:58.718+0000] {dag.py:4156} INFO - Setting next_dagrun for example_short_circuit_operator to None, run_after=None
[2025-07-28T15:46:58.726+0000] {processor.py:208} INFO - Processing /home/airflow/.local/lib/python3.12/site-packages/airflow/example_dags/example_short_circuit_operator.py took 0.033 seconds
[2025-07-28T15:47:30.251+0000] {processor.py:186} INFO - Started process (PID=648) to work on /home/airflow/.local/lib/python3.12/site-packages/airflow/example_dags/example_short_circuit_operator.py
[2025-07-28T15:47:30.252+0000] {processor.py:914} INFO - Processing file /home/airflow/.local/lib/python3.12/site-packages/airflow/example_dags/example_short_circuit_operator.py for tasks to queue
[2025-07-28T15:47:30.253+0000] {logging_mixin.py:190} INFO - [2025-07-28T15:47:30.253+0000] {dagbag.py:587} INFO - Filling up the DagBag from /home/airflow/.local/lib/python3.12/site-packages/airflow/example_dags/example_short_circuit_operator.py
[2025-07-28T15:47:30.261+0000] {processor.py:925} INFO - DAG(s) 'example_short_circuit_operator' retrieved from /home/airflow/.local/lib/python3.12/site-packages/airflow/example_dags/example_short_circuit_operator.py
[2025-07-28T15:47:30.283+0000] {logging_mixin.py:190} INFO - [2025-07-28T15:47:30.283+0000] {dag.py:3229} INFO - Sync 1 DAGs
[2025-07-28T15:47:30.294+0000] {logging_mixin.py:190} INFO - [2025-07-28T15:47:30.294+0000] {dag.py:4156} INFO - Setting next_dagrun for example_short_circuit_operator to None, run_after=None
[2025-07-28T15:47:30.315+0000] {processor.py:208} INFO - Processing /home/airflow/.local/lib/python3.12/site-packages/airflow/example_dags/example_short_circuit_operator.py took 0.068 seconds
[2025-07-28T15:48:00.585+0000] {processor.py:186} INFO - Started process (PID=710) to work on /home/airflow/.local/lib/python3.12/site-packages/airflow/example_dags/example_short_circuit_operator.py
[2025-07-28T15:48:00.586+0000] {processor.py:914} INFO - Processing file /home/airflow/.local/lib/python3.12/site-packages/airflow/example_dags/example_short_circuit_operator.py for tasks to queue
[2025-07-28T15:48:00.588+0000] {logging_mixin.py:190} INFO - [2025-07-28T15:48:00.587+0000] {dagbag.py:587} INFO - Filling up the DagBag from /home/airflow/.local/lib/python3.12/site-packages/airflow/example_dags/example_short_circuit_operator.py
[2025-07-28T15:48:00.593+0000] {processor.py:925} INFO - DAG(s) 'example_short_circuit_operator' retrieved from /home/airflow/.local/lib/python3.12/site-packages/airflow/example_dags/example_short_circuit_operator.py
[2025-07-28T15:48:00.607+0000] {logging_mixin.py:190} INFO - [2025-07-28T15:48:00.607+0000] {dag.py:3229} INFO - Sync 1 DAGs
[2025-07-28T15:48:00.616+0000] {logging_mixin.py:190} INFO - [2025-07-28T15:48:00.616+0000] {dag.py:4156} INFO - Setting next_dagrun for example_short_circuit_operator to None, run_after=None
[2025-07-28T15:48:00.625+0000] {processor.py:208} INFO - Processing /home/airflow/.local/lib/python3.12/site-packages/airflow/example_dags/example_short_circuit_operator.py took 0.044 seconds
[2025-07-28T15:48:30.987+0000] {processor.py:186} INFO - Started process (PID=772) to work on /home/airflow/.local/lib/python3.12/site-packages/airflow/example_dags/example_short_circuit_operator.py
[2025-07-28T15:48:30.988+0000] {processor.py:914} INFO - Processing file /home/airflow/.local/lib/python3.12/site-packages/airflow/example_dags/example_short_circuit_operator.py for tasks to queue
[2025-07-28T15:48:30.989+0000] {logging_mixin.py:190} INFO - [2025-07-28T15:48:30.989+0000] {dagbag.py:587} INFO - Filling up the DagBag from /home/airflow/.local/lib/python3.12/site-packages/airflow/example_dags/example_short_circuit_operator.py
[2025-07-28T15:48:30.994+0000] {processor.py:925} INFO - DAG(s) 'example_short_circuit_operator' retrieved from /home/airflow/.local/lib/python3.12/site-packages/airflow/example_dags/example_short_circuit_operator.py
[2025-07-28T15:48:31.013+0000] {logging_mixin.py:190} INFO - [2025-07-28T15:48:31.013+0000] {dag.py:3229} INFO - Sync 1 DAGs
[2025-07-28T15:48:31.021+0000] {logging_mixin.py:190} INFO - [2025-07-28T15:48:31.021+0000] {dag.py:4156} INFO - Setting next_dagrun for example_short_circuit_operator to None, run_after=None
[2025-07-28T15:48:31.038+0000] {processor.py:208} INFO - Processing /home/airflow/.local/lib/python3.12/site-packages/airflow/example_dags/example_short_circuit_operator.py took 0.054 seconds
[2025-07-28T15:49:01.791+0000] {processor.py:186} INFO - Started process (PID=834) to work on /home/airflow/.local/lib/python3.12/site-packages/airflow/example_dags/example_short_circuit_operator.py
[2025-07-28T15:49:01.792+0000] {processor.py:914} INFO - Processing file /home/airflow/.local/lib/python3.12/site-packages/airflow/example_dags/example_short_circuit_operator.py for tasks to queue
[2025-07-28T15:49:01.794+0000] {logging_mixin.py:190} INFO - [2025-07-28T15:49:01.794+0000] {dagbag.py:587} INFO - Filling up the DagBag from /home/airflow/.local/lib/python3.12/site-packages/airflow/example_dags/example_short_circuit_operator.py
[2025-07-28T15:49:01.803+0000] {processor.py:925} INFO - DAG(s) 'example_short_circuit_operator' retrieved from /home/airflow/.local/lib/python3.12/site-packages/airflow/example_dags/example_short_circuit_operator.py
[2025-07-28T15:49:01.816+0000] {logging_mixin.py:190} INFO - [2025-07-28T15:49:01.816+0000] {dag.py:3229} INFO - Sync 1 DAGs
[2025-07-28T15:49:01.823+0000] {logging_mixin.py:190} INFO - [2025-07-28T15:49:01.823+0000] {dag.py:4156} INFO - Setting next_dagrun for example_short_circuit_operator to None, run_after=None
[2025-07-28T15:49:01.831+0000] {processor.py:208} INFO - Processing /home/airflow/.local/lib/python3.12/site-packages/airflow/example_dags/example_short_circuit_operator.py took 0.046 seconds
[2025-07-28T15:49:32.367+0000] {processor.py:186} INFO - Started process (PID=896) to work on /home/airflow/.local/lib/python3.12/site-packages/airflow/example_dags/example_short_circuit_operator.py
[2025-07-28T15:49:32.368+0000] {processor.py:914} INFO - Processing file /home/airflow/.local/lib/python3.12/site-packages/airflow/example_dags/example_short_circuit_operator.py for tasks to queue
[2025-07-28T15:49:32.369+0000] {logging_mixin.py:190} INFO - [2025-07-28T15:49:32.369+0000] {dagbag.py:587} INFO - Filling up the DagBag from /home/airflow/.local/lib/python3.12/site-packages/airflow/example_dags/example_short_circuit_operator.py
[2025-07-28T15:49:32.373+0000] {processor.py:925} INFO - DAG(s) 'example_short_circuit_operator' retrieved from /home/airflow/.local/lib/python3.12/site-packages/airflow/example_dags/example_short_circuit_operator.py
[2025-07-28T15:49:32.385+0000] {logging_mixin.py:190} INFO - [2025-07-28T15:49:32.385+0000] {dag.py:3229} INFO - Sync 1 DAGs
[2025-07-28T15:49:32.391+0000] {logging_mixin.py:190} INFO - [2025-07-28T15:49:32.391+0000] {dag.py:4156} INFO - Setting next_dagrun for example_short_circuit_operator to None, run_after=None
[2025-07-28T15:49:32.398+0000] {processor.py:208} INFO - Processing /home/airflow/.local/lib/python3.12/site-packages/airflow/example_dags/example_short_circuit_operator.py took 0.034 seconds
[2025-07-28T15:50:03.361+0000] {processor.py:186} INFO - Started process (PID=958) to work on /home/airflow/.local/lib/python3.12/site-packages/airflow/example_dags/example_short_circuit_operator.py
[2025-07-28T15:50:03.361+0000] {processor.py:914} INFO - Processing file /home/airflow/.local/lib/python3.12/site-packages/airflow/example_dags/example_short_circuit_operator.py for tasks to queue
[2025-07-28T15:50:03.364+0000] {logging_mixin.py:190} INFO - [2025-07-28T15:50:03.364+0000] {dagbag.py:587} INFO - Filling up the DagBag from /home/airflow/.local/lib/python3.12/site-packages/airflow/example_dags/example_short_circuit_operator.py
[2025-07-28T15:50:03.369+0000] {processor.py:925} INFO - DAG(s) 'example_short_circuit_operator' retrieved from /home/airflow/.local/lib/python3.12/site-packages/airflow/example_dags/example_short_circuit_operator.py
[2025-07-28T15:50:03.380+0000] {logging_mixin.py:190} INFO - [2025-07-28T15:50:03.380+0000] {dag.py:3229} INFO - Sync 1 DAGs
[2025-07-28T15:50:03.387+0000] {logging_mixin.py:190} INFO - [2025-07-28T15:50:03.387+0000] {dag.py:4156} INFO - Setting next_dagrun for example_short_circuit_operator to None, run_after=None
[2025-07-28T15:50:03.395+0000] {processor.py:208} INFO - Processing /home/airflow/.local/lib/python3.12/site-packages/airflow/example_dags/example_short_circuit_operator.py took 0.037 seconds
[2025-07-28T15:50:33.656+0000] {processor.py:186} INFO - Started process (PID=1020) to work on /home/airflow/.local/lib/python3.12/site-packages/airflow/example_dags/example_short_circuit_operator.py
[2025-07-28T15:50:33.656+0000] {processor.py:914} INFO - Processing file /home/airflow/.local/lib/python3.12/site-packages/airflow/example_dags/example_short_circuit_operator.py for tasks to queue
[2025-07-28T15:50:33.659+0000] {logging_mixin.py:190} INFO - [2025-07-28T15:50:33.659+0000] {dagbag.py:587} INFO - Filling up the DagBag from /home/airflow/.local/lib/python3.12/site-packages/airflow/example_dags/example_short_circuit_operator.py
[2025-07-28T15:50:33.664+0000] {processor.py:925} INFO - DAG(s) 'example_short_circuit_operator' retrieved from /home/airflow/.local/lib/python3.12/site-packages/airflow/example_dags/example_short_circuit_operator.py
[2025-07-28T15:50:33.674+0000] {logging_mixin.py:190} INFO - [2025-07-28T15:50:33.674+0000] {dag.py:3229} INFO - Sync 1 DAGs
[2025-07-28T15:50:33.680+0000] {logging_mixin.py:190} INFO - [2025-07-28T15:50:33.680+0000] {dag.py:4156} INFO - Setting next_dagrun for example_short_circuit_operator to None, run_after=None
[2025-07-28T15:50:33.688+0000] {processor.py:208} INFO - Processing /home/airflow/.local/lib/python3.12/site-packages/airflow/example_dags/example_short_circuit_operator.py took 0.035 seconds
[2025-07-28T15:51:04.729+0000] {processor.py:186} INFO - Started process (PID=1082) to work on /home/airflow/.local/lib/python3.12/site-packages/airflow/example_dags/example_short_circuit_operator.py
[2025-07-28T15:51:04.729+0000] {processor.py:914} INFO - Processing file /home/airflow/.local/lib/python3.12/site-packages/airflow/example_dags/example_short_circuit_operator.py for tasks to queue
[2025-07-28T15:51:04.731+0000] {logging_mixin.py:190} INFO - [2025-07-28T15:51:04.730+0000] {dagbag.py:587} INFO - Filling up the DagBag from /home/airflow/.local/lib/python3.12/site-packages/airflow/example_dags/example_short_circuit_operator.py
[2025-07-28T15:51:04.734+0000] {processor.py:925} INFO - DAG(s) 'example_short_circuit_operator' retrieved from /home/airflow/.local/lib/python3.12/site-packages/airflow/example_dags/example_short_circuit_operator.py
[2025-07-28T15:51:04.751+0000] {logging_mixin.py:190} INFO - [2025-07-28T15:51:04.751+0000] {dag.py:3229} INFO - Sync 1 DAGs
[2025-07-28T15:51:04.757+0000] {logging_mixin.py:190} INFO - [2025-07-28T15:51:04.757+0000] {dag.py:4156} INFO - Setting next_dagrun for example_short_circuit_operator to None, run_after=None
[2025-07-28T15:51:04.764+0000] {processor.py:208} INFO - Processing /home/airflow/.local/lib/python3.12/site-packages/airflow/example_dags/example_short_circuit_operator.py took 0.039 seconds
[2025-07-28T15:51:35.633+0000] {processor.py:186} INFO - Started process (PID=1144) to work on /home/airflow/.local/lib/python3.12/site-packages/airflow/example_dags/example_short_circuit_operator.py
[2025-07-28T15:51:35.634+0000] {processor.py:914} INFO - Processing file /home/airflow/.local/lib/python3.12/site-packages/airflow/example_dags/example_short_circuit_operator.py for tasks to queue
[2025-07-28T15:51:35.635+0000] {logging_mixin.py:190} INFO - [2025-07-28T15:51:35.635+0000] {dagbag.py:587} INFO - Filling up the DagBag from /home/airflow/.local/lib/python3.12/site-packages/airflow/example_dags/example_short_circuit_operator.py
[2025-07-28T15:51:35.639+0000] {processor.py:925} INFO - DAG(s) 'example_short_circuit_operator' retrieved from /home/airflow/.local/lib/python3.12/site-packages/airflow/example_dags/example_short_circuit_operator.py
[2025-07-28T15:51:35.655+0000] {logging_mixin.py:190} INFO - [2025-07-28T15:51:35.655+0000] {dag.py:3229} INFO - Sync 1 DAGs
[2025-07-28T15:51:35.668+0000] {logging_mixin.py:190} INFO - [2025-07-28T15:51:35.668+0000] {dag.py:4156} INFO - Setting next_dagrun for example_short_circuit_operator to None, run_after=None
[2025-07-28T15:51:35.683+0000] {processor.py:208} INFO - Processing /home/airflow/.local/lib/python3.12/site-packages/airflow/example_dags/example_short_circuit_operator.py took 0.053 seconds
[2025-07-28T15:52:06.831+0000] {processor.py:186} INFO - Started process (PID=1206) to work on /home/airflow/.local/lib/python3.12/site-packages/airflow/example_dags/example_short_circuit_operator.py
[2025-07-28T15:52:06.832+0000] {processor.py:914} INFO - Processing file /home/airflow/.local/lib/python3.12/site-packages/airflow/example_dags/example_short_circuit_operator.py for tasks to queue
[2025-07-28T15:52:06.833+0000] {logging_mixin.py:190} INFO - [2025-07-28T15:52:06.833+0000] {dagbag.py:587} INFO - Filling up the DagBag from /home/airflow/.local/lib/python3.12/site-packages/airflow/example_dags/example_short_circuit_operator.py
[2025-07-28T15:52:06.842+0000] {processor.py:925} INFO - DAG(s) 'example_short_circuit_operator' retrieved from /home/airflow/.local/lib/python3.12/site-packages/airflow/example_dags/example_short_circuit_operator.py
[2025-07-28T15:52:06.858+0000] {logging_mixin.py:190} INFO - [2025-07-28T15:52:06.858+0000] {dag.py:3229} INFO - Sync 1 DAGs
[2025-07-28T15:52:06.868+0000] {logging_mixin.py:190} INFO - [2025-07-28T15:52:06.868+0000] {dag.py:4156} INFO - Setting next_dagrun for example_short_circuit_operator to None, run_after=None
[2025-07-28T15:52:06.881+0000] {processor.py:208} INFO - Processing /home/airflow/.local/lib/python3.12/site-packages/airflow/example_dags/example_short_circuit_operator.py took 0.061 seconds
[2025-07-28T15:52:37.880+0000] {processor.py:186} INFO - Started process (PID=1268) to work on /home/airflow/.local/lib/python3.12/site-packages/airflow/example_dags/example_short_circuit_operator.py
[2025-07-28T15:52:37.882+0000] {processor.py:914} INFO - Processing file /home/airflow/.local/lib/python3.12/site-packages/airflow/example_dags/example_short_circuit_operator.py for tasks to queue
[2025-07-28T15:52:37.884+0000] {logging_mixin.py:190} INFO - [2025-07-28T15:52:37.884+0000] {dagbag.py:587} INFO - Filling up the DagBag from /home/airflow/.local/lib/python3.12/site-packages/airflow/example_dags/example_short_circuit_operator.py
[2025-07-28T15:52:37.890+0000] {processor.py:925} INFO - DAG(s) 'example_short_circuit_operator' retrieved from /home/airflow/.local/lib/python3.12/site-packages/airflow/example_dags/example_short_circuit_operator.py
[2025-07-28T15:52:37.901+0000] {logging_mixin.py:190} INFO - [2025-07-28T15:52:37.901+0000] {dag.py:3229} INFO - Sync 1 DAGs
[2025-07-28T15:52:37.908+0000] {logging_mixin.py:190} INFO - [2025-07-28T15:52:37.908+0000] {dag.py:4156} INFO - Setting next_dagrun for example_short_circuit_operator to None, run_after=None
[2025-07-28T15:52:37.915+0000] {processor.py:208} INFO - Processing /home/airflow/.local/lib/python3.12/site-packages/airflow/example_dags/example_short_circuit_operator.py took 0.039 seconds
[2025-07-28T15:53:08.830+0000] {processor.py:186} INFO - Started process (PID=1330) to work on /home/airflow/.local/lib/python3.12/site-packages/airflow/example_dags/example_short_circuit_operator.py
[2025-07-28T15:53:08.830+0000] {processor.py:914} INFO - Processing file /home/airflow/.local/lib/python3.12/site-packages/airflow/example_dags/example_short_circuit_operator.py for tasks to queue
[2025-07-28T15:53:08.832+0000] {logging_mixin.py:190} INFO - [2025-07-28T15:53:08.832+0000] {dagbag.py:587} INFO - Filling up the DagBag from /home/airflow/.local/lib/python3.12/site-packages/airflow/example_dags/example_short_circuit_operator.py
[2025-07-28T15:53:08.838+0000] {processor.py:925} INFO - DAG(s) 'example_short_circuit_operator' retrieved from /home/airflow/.local/lib/python3.12/site-packages/airflow/example_dags/example_short_circuit_operator.py
[2025-07-28T15:53:08.849+0000] {logging_mixin.py:190} INFO - [2025-07-28T15:53:08.849+0000] {dag.py:3229} INFO - Sync 1 DAGs
[2025-07-28T15:53:08.855+0000] {logging_mixin.py:190} INFO - [2025-07-28T15:53:08.855+0000] {dag.py:4156} INFO - Setting next_dagrun for example_short_circuit_operator to None, run_after=None
[2025-07-28T15:53:08.862+0000] {processor.py:208} INFO - Processing /home/airflow/.local/lib/python3.12/site-packages/airflow/example_dags/example_short_circuit_operator.py took 0.037 seconds
[2025-07-28T15:53:39.976+0000] {processor.py:186} INFO - Started process (PID=1393) to work on /home/airflow/.local/lib/python3.12/site-packages/airflow/example_dags/example_short_circuit_operator.py
[2025-07-28T15:53:39.977+0000] {processor.py:914} INFO - Processing file /home/airflow/.local/lib/python3.12/site-packages/airflow/example_dags/example_short_circuit_operator.py for tasks to queue
[2025-07-28T15:53:39.978+0000] {logging_mixin.py:190} INFO - [2025-07-28T15:53:39.978+0000] {dagbag.py:587} INFO - Filling up the DagBag from /home/airflow/.local/lib/python3.12/site-packages/airflow/example_dags/example_short_circuit_operator.py
[2025-07-28T15:53:39.983+0000] {processor.py:925} INFO - DAG(s) 'example_short_circuit_operator' retrieved from /home/airflow/.local/lib/python3.12/site-packages/airflow/example_dags/example_short_circuit_operator.py
[2025-07-28T15:53:39.993+0000] {logging_mixin.py:190} INFO - [2025-07-28T15:53:39.993+0000] {dag.py:3229} INFO - Sync 1 DAGs
[2025-07-28T15:53:39.999+0000] {logging_mixin.py:190} INFO - [2025-07-28T15:53:39.999+0000] {dag.py:4156} INFO - Setting next_dagrun for example_short_circuit_operator to None, run_after=None
[2025-07-28T15:53:40.009+0000] {processor.py:208} INFO - Processing /home/airflow/.local/lib/python3.12/site-packages/airflow/example_dags/example_short_circuit_operator.py took 0.036 seconds
[2025-07-28T15:54:10.760+0000] {processor.py:186} INFO - Started process (PID=1456) to work on /home/airflow/.local/lib/python3.12/site-packages/airflow/example_dags/example_short_circuit_operator.py
[2025-07-28T15:54:10.761+0000] {processor.py:914} INFO - Processing file /home/airflow/.local/lib/python3.12/site-packages/airflow/example_dags/example_short_circuit_operator.py for tasks to queue
[2025-07-28T15:54:10.763+0000] {logging_mixin.py:190} INFO - [2025-07-28T15:54:10.763+0000] {dagbag.py:587} INFO - Filling up the DagBag from /home/airflow/.local/lib/python3.12/site-packages/airflow/example_dags/example_short_circuit_operator.py
[2025-07-28T15:54:10.768+0000] {processor.py:925} INFO - DAG(s) 'example_short_circuit_operator' retrieved from /home/airflow/.local/lib/python3.12/site-packages/airflow/example_dags/example_short_circuit_operator.py
[2025-07-28T15:54:10.789+0000] {logging_mixin.py:190} INFO - [2025-07-28T15:54:10.789+0000] {dag.py:3229} INFO - Sync 1 DAGs
[2025-07-28T15:54:10.795+0000] {logging_mixin.py:190} INFO - [2025-07-28T15:54:10.795+0000] {dag.py:4156} INFO - Setting next_dagrun for example_short_circuit_operator to None, run_after=None
[2025-07-28T15:54:10.803+0000] {processor.py:208} INFO - Processing /home/airflow/.local/lib/python3.12/site-packages/airflow/example_dags/example_short_circuit_operator.py took 0.049 seconds
[2025-07-28T15:54:41.639+0000] {processor.py:186} INFO - Started process (PID=1519) to work on /home/airflow/.local/lib/python3.12/site-packages/airflow/example_dags/example_short_circuit_operator.py
[2025-07-28T15:54:41.640+0000] {processor.py:914} INFO - Processing file /home/airflow/.local/lib/python3.12/site-packages/airflow/example_dags/example_short_circuit_operator.py for tasks to queue
[2025-07-28T15:54:41.641+0000] {logging_mixin.py:190} INFO - [2025-07-28T15:54:41.641+0000] {dagbag.py:587} INFO - Filling up the DagBag from /home/airflow/.local/lib/python3.12/site-packages/airflow/example_dags/example_short_circuit_operator.py
[2025-07-28T15:54:41.645+0000] {processor.py:925} INFO - DAG(s) 'example_short_circuit_operator' retrieved from /home/airflow/.local/lib/python3.12/site-packages/airflow/example_dags/example_short_circuit_operator.py
[2025-07-28T15:54:41.658+0000] {logging_mixin.py:190} INFO - [2025-07-28T15:54:41.658+0000] {dag.py:3229} INFO - Sync 1 DAGs
[2025-07-28T15:54:41.665+0000] {logging_mixin.py:190} INFO - [2025-07-28T15:54:41.665+0000] {dag.py:4156} INFO - Setting next_dagrun for example_short_circuit_operator to None, run_after=None
[2025-07-28T15:54:41.673+0000] {processor.py:208} INFO - Processing /home/airflow/.local/lib/python3.12/site-packages/airflow/example_dags/example_short_circuit_operator.py took 0.037 seconds
[2025-07-28T15:55:12.307+0000] {processor.py:186} INFO - Started process (PID=1582) to work on /home/airflow/.local/lib/python3.12/site-packages/airflow/example_dags/example_short_circuit_operator.py
[2025-07-28T15:55:12.308+0000] {processor.py:914} INFO - Processing file /home/airflow/.local/lib/python3.12/site-packages/airflow/example_dags/example_short_circuit_operator.py for tasks to queue
[2025-07-28T15:55:12.309+0000] {logging_mixin.py:190} INFO - [2025-07-28T15:55:12.309+0000] {dagbag.py:587} INFO - Filling up the DagBag from /home/airflow/.local/lib/python3.12/site-packages/airflow/example_dags/example_short_circuit_operator.py
[2025-07-28T15:55:12.314+0000] {processor.py:925} INFO - DAG(s) 'example_short_circuit_operator' retrieved from /home/airflow/.local/lib/python3.12/site-packages/airflow/example_dags/example_short_circuit_operator.py
[2025-07-28T15:55:12.324+0000] {logging_mixin.py:190} INFO - [2025-07-28T15:55:12.324+0000] {dag.py:3229} INFO - Sync 1 DAGs
[2025-07-28T15:55:12.331+0000] {logging_mixin.py:190} INFO - [2025-07-28T15:55:12.331+0000] {dag.py:4156} INFO - Setting next_dagrun for example_short_circuit_operator to None, run_after=None
[2025-07-28T15:55:12.337+0000] {processor.py:208} INFO - Processing /home/airflow/.local/lib/python3.12/site-packages/airflow/example_dags/example_short_circuit_operator.py took 0.033 seconds
[2025-07-28T15:55:43.337+0000] {processor.py:186} INFO - Started process (PID=1645) to work on /home/airflow/.local/lib/python3.12/site-packages/airflow/example_dags/example_short_circuit_operator.py
[2025-07-28T15:55:43.338+0000] {processor.py:914} INFO - Processing file /home/airflow/.local/lib/python3.12/site-packages/airflow/example_dags/example_short_circuit_operator.py for tasks to queue
[2025-07-28T15:55:43.339+0000] {logging_mixin.py:190} INFO - [2025-07-28T15:55:43.339+0000] {dagbag.py:587} INFO - Filling up the DagBag from /home/airflow/.local/lib/python3.12/site-packages/airflow/example_dags/example_short_circuit_operator.py
[2025-07-28T15:55:43.345+0000] {processor.py:925} INFO - DAG(s) 'example_short_circuit_operator' retrieved from /home/airflow/.local/lib/python3.12/site-packages/airflow/example_dags/example_short_circuit_operator.py
[2025-07-28T15:55:43.362+0000] {logging_mixin.py:190} INFO - [2025-07-28T15:55:43.362+0000] {dag.py:3229} INFO - Sync 1 DAGs
[2025-07-28T15:55:43.369+0000] {logging_mixin.py:190} INFO - [2025-07-28T15:55:43.368+0000] {dag.py:4156} INFO - Setting next_dagrun for example_short_circuit_operator to None, run_after=None
[2025-07-28T15:55:43.376+0000] {processor.py:208} INFO - Processing /home/airflow/.local/lib/python3.12/site-packages/airflow/example_dags/example_short_circuit_operator.py took 0.043 seconds
[2025-07-28T15:56:31.392+0000] {processor.py:186} INFO - Started process (PID=1715) to work on /home/airflow/.local/lib/python3.12/site-packages/airflow/example_dags/example_short_circuit_operator.py
[2025-07-28T15:56:31.393+0000] {processor.py:914} INFO - Processing file /home/airflow/.local/lib/python3.12/site-packages/airflow/example_dags/example_short_circuit_operator.py for tasks to queue
[2025-07-28T15:56:31.397+0000] {logging_mixin.py:190} INFO - [2025-07-28T15:56:31.397+0000] {dagbag.py:587} INFO - Filling up the DagBag from /home/airflow/.local/lib/python3.12/site-packages/airflow/example_dags/example_short_circuit_operator.py
[2025-07-28T15:56:31.415+0000] {processor.py:925} INFO - DAG(s) 'example_short_circuit_operator' retrieved from /home/airflow/.local/lib/python3.12/site-packages/airflow/example_dags/example_short_circuit_operator.py
[2025-07-28T15:56:31.438+0000] {logging_mixin.py:190} INFO - [2025-07-28T15:56:31.438+0000] {dag.py:3229} INFO - Sync 1 DAGs
[2025-07-28T15:56:31.452+0000] {logging_mixin.py:190} INFO - [2025-07-28T15:56:31.452+0000] {dag.py:4156} INFO - Setting next_dagrun for example_short_circuit_operator to None, run_after=None
[2025-07-28T15:56:31.477+0000] {processor.py:208} INFO - Processing /home/airflow/.local/lib/python3.12/site-packages/airflow/example_dags/example_short_circuit_operator.py took 0.100 seconds
[2025-07-28T15:57:02.192+0000] {processor.py:186} INFO - Started process (PID=1778) to work on /home/airflow/.local/lib/python3.12/site-packages/airflow/example_dags/example_short_circuit_operator.py
[2025-07-28T15:57:02.193+0000] {processor.py:914} INFO - Processing file /home/airflow/.local/lib/python3.12/site-packages/airflow/example_dags/example_short_circuit_operator.py for tasks to queue
[2025-07-28T15:57:02.195+0000] {logging_mixin.py:190} INFO - [2025-07-28T15:57:02.194+0000] {dagbag.py:587} INFO - Filling up the DagBag from /home/airflow/.local/lib/python3.12/site-packages/airflow/example_dags/example_short_circuit_operator.py
[2025-07-28T15:57:02.200+0000] {processor.py:925} INFO - DAG(s) 'example_short_circuit_operator' retrieved from /home/airflow/.local/lib/python3.12/site-packages/airflow/example_dags/example_short_circuit_operator.py
[2025-07-28T15:57:02.218+0000] {logging_mixin.py:190} INFO - [2025-07-28T15:57:02.218+0000] {dag.py:3229} INFO - Sync 1 DAGs
[2025-07-28T15:57:02.231+0000] {logging_mixin.py:190} INFO - [2025-07-28T15:57:02.231+0000] {dag.py:4156} INFO - Setting next_dagrun for example_short_circuit_operator to None, run_after=None
[2025-07-28T15:57:02.259+0000] {processor.py:208} INFO - Processing /home/airflow/.local/lib/python3.12/site-packages/airflow/example_dags/example_short_circuit_operator.py took 0.077 seconds
[2025-07-28T15:57:33.312+0000] {processor.py:186} INFO - Started process (PID=1840) to work on /home/airflow/.local/lib/python3.12/site-packages/airflow/example_dags/example_short_circuit_operator.py
[2025-07-28T15:57:33.313+0000] {processor.py:914} INFO - Processing file /home/airflow/.local/lib/python3.12/site-packages/airflow/example_dags/example_short_circuit_operator.py for tasks to queue
[2025-07-28T15:57:33.314+0000] {logging_mixin.py:190} INFO - [2025-07-28T15:57:33.314+0000] {dagbag.py:587} INFO - Filling up the DagBag from /home/airflow/.local/lib/python3.12/site-packages/airflow/example_dags/example_short_circuit_operator.py
[2025-07-28T15:57:33.319+0000] {processor.py:925} INFO - DAG(s) 'example_short_circuit_operator' retrieved from /home/airflow/.local/lib/python3.12/site-packages/airflow/example_dags/example_short_circuit_operator.py
[2025-07-28T15:57:33.333+0000] {logging_mixin.py:190} INFO - [2025-07-28T15:57:33.333+0000] {dag.py:3229} INFO - Sync 1 DAGs
[2025-07-28T15:57:33.342+0000] {logging_mixin.py:190} INFO - [2025-07-28T15:57:33.342+0000] {dag.py:4156} INFO - Setting next_dagrun for example_short_circuit_operator to None, run_after=None
[2025-07-28T15:57:33.354+0000] {processor.py:208} INFO - Processing /home/airflow/.local/lib/python3.12/site-packages/airflow/example_dags/example_short_circuit_operator.py took 0.045 seconds
[2025-07-28T15:58:03.766+0000] {processor.py:186} INFO - Started process (PID=1903) to work on /home/airflow/.local/lib/python3.12/site-packages/airflow/example_dags/example_short_circuit_operator.py
[2025-07-28T15:58:03.767+0000] {processor.py:914} INFO - Processing file /home/airflow/.local/lib/python3.12/site-packages/airflow/example_dags/example_short_circuit_operator.py for tasks to queue
[2025-07-28T15:58:03.769+0000] {logging_mixin.py:190} INFO - [2025-07-28T15:58:03.768+0000] {dagbag.py:587} INFO - Filling up the DagBag from /home/airflow/.local/lib/python3.12/site-packages/airflow/example_dags/example_short_circuit_operator.py
[2025-07-28T15:58:03.772+0000] {processor.py:925} INFO - DAG(s) 'example_short_circuit_operator' retrieved from /home/airflow/.local/lib/python3.12/site-packages/airflow/example_dags/example_short_circuit_operator.py
[2025-07-28T15:58:03.783+0000] {logging_mixin.py:190} INFO - [2025-07-28T15:58:03.783+0000] {dag.py:3229} INFO - Sync 1 DAGs
[2025-07-28T15:58:03.790+0000] {logging_mixin.py:190} INFO - [2025-07-28T15:58:03.790+0000] {dag.py:4156} INFO - Setting next_dagrun for example_short_circuit_operator to None, run_after=None
[2025-07-28T15:58:03.799+0000] {processor.py:208} INFO - Processing /home/airflow/.local/lib/python3.12/site-packages/airflow/example_dags/example_short_circuit_operator.py took 0.036 seconds
[2025-07-28T15:58:34.507+0000] {processor.py:186} INFO - Started process (PID=1966) to work on /home/airflow/.local/lib/python3.12/site-packages/airflow/example_dags/example_short_circuit_operator.py
[2025-07-28T15:58:34.508+0000] {processor.py:914} INFO - Processing file /home/airflow/.local/lib/python3.12/site-packages/airflow/example_dags/example_short_circuit_operator.py for tasks to queue
[2025-07-28T15:58:34.510+0000] {logging_mixin.py:190} INFO - [2025-07-28T15:58:34.510+0000] {dagbag.py:587} INFO - Filling up the DagBag from /home/airflow/.local/lib/python3.12/site-packages/airflow/example_dags/example_short_circuit_operator.py
[2025-07-28T15:58:34.514+0000] {processor.py:925} INFO - DAG(s) 'example_short_circuit_operator' retrieved from /home/airflow/.local/lib/python3.12/site-packages/airflow/example_dags/example_short_circuit_operator.py
[2025-07-28T15:58:34.525+0000] {logging_mixin.py:190} INFO - [2025-07-28T15:58:34.525+0000] {dag.py:3229} INFO - Sync 1 DAGs
[2025-07-28T15:58:34.533+0000] {logging_mixin.py:190} INFO - [2025-07-28T15:58:34.533+0000] {dag.py:4156} INFO - Setting next_dagrun for example_short_circuit_operator to None, run_after=None
[2025-07-28T15:58:34.543+0000] {processor.py:208} INFO - Processing /home/airflow/.local/lib/python3.12/site-packages/airflow/example_dags/example_short_circuit_operator.py took 0.039 seconds
[2025-07-28T15:59:05.847+0000] {processor.py:186} INFO - Started process (PID=2028) to work on /home/airflow/.local/lib/python3.12/site-packages/airflow/example_dags/example_short_circuit_operator.py
[2025-07-28T15:59:05.849+0000] {processor.py:914} INFO - Processing file /home/airflow/.local/lib/python3.12/site-packages/airflow/example_dags/example_short_circuit_operator.py for tasks to queue
[2025-07-28T15:59:05.851+0000] {logging_mixin.py:190} INFO - [2025-07-28T15:59:05.851+0000] {dagbag.py:587} INFO - Filling up the DagBag from /home/airflow/.local/lib/python3.12/site-packages/airflow/example_dags/example_short_circuit_operator.py
[2025-07-28T15:59:05.857+0000] {processor.py:925} INFO - DAG(s) 'example_short_circuit_operator' retrieved from /home/airflow/.local/lib/python3.12/site-packages/airflow/example_dags/example_short_circuit_operator.py
[2025-07-28T15:59:05.875+0000] {logging_mixin.py:190} INFO - [2025-07-28T15:59:05.875+0000] {dag.py:3229} INFO - Sync 1 DAGs
[2025-07-28T15:59:05.884+0000] {logging_mixin.py:190} INFO - [2025-07-28T15:59:05.884+0000] {dag.py:4156} INFO - Setting next_dagrun for example_short_circuit_operator to None, run_after=None
[2025-07-28T15:59:05.894+0000] {processor.py:208} INFO - Processing /home/airflow/.local/lib/python3.12/site-packages/airflow/example_dags/example_short_circuit_operator.py took 0.052 seconds
[2025-07-28T15:59:36.347+0000] {processor.py:186} INFO - Started process (PID=2091) to work on /home/airflow/.local/lib/python3.12/site-packages/airflow/example_dags/example_short_circuit_operator.py
[2025-07-28T15:59:36.348+0000] {processor.py:914} INFO - Processing file /home/airflow/.local/lib/python3.12/site-packages/airflow/example_dags/example_short_circuit_operator.py for tasks to queue
[2025-07-28T15:59:36.349+0000] {logging_mixin.py:190} INFO - [2025-07-28T15:59:36.349+0000] {dagbag.py:587} INFO - Filling up the DagBag from /home/airflow/.local/lib/python3.12/site-packages/airflow/example_dags/example_short_circuit_operator.py
[2025-07-28T15:59:36.354+0000] {processor.py:925} INFO - DAG(s) 'example_short_circuit_operator' retrieved from /home/airflow/.local/lib/python3.12/site-packages/airflow/example_dags/example_short_circuit_operator.py
[2025-07-28T15:59:36.365+0000] {logging_mixin.py:190} INFO - [2025-07-28T15:59:36.365+0000] {dag.py:3229} INFO - Sync 1 DAGs
[2025-07-28T15:59:36.371+0000] {logging_mixin.py:190} INFO - [2025-07-28T15:59:36.371+0000] {dag.py:4156} INFO - Setting next_dagrun for example_short_circuit_operator to None, run_after=None
[2025-07-28T15:59:36.378+0000] {processor.py:208} INFO - Processing /home/airflow/.local/lib/python3.12/site-packages/airflow/example_dags/example_short_circuit_operator.py took 0.035 seconds
[2025-07-28T16:00:06.530+0000] {processor.py:186} INFO - Started process (PID=2154) to work on /home/airflow/.local/lib/python3.12/site-packages/airflow/example_dags/example_short_circuit_operator.py
[2025-07-28T16:00:06.531+0000] {processor.py:914} INFO - Processing file /home/airflow/.local/lib/python3.12/site-packages/airflow/example_dags/example_short_circuit_operator.py for tasks to queue
[2025-07-28T16:00:06.533+0000] {logging_mixin.py:190} INFO - [2025-07-28T16:00:06.533+0000] {dagbag.py:587} INFO - Filling up the DagBag from /home/airflow/.local/lib/python3.12/site-packages/airflow/example_dags/example_short_circuit_operator.py
[2025-07-28T16:00:06.538+0000] {processor.py:925} INFO - DAG(s) 'example_short_circuit_operator' retrieved from /home/airflow/.local/lib/python3.12/site-packages/airflow/example_dags/example_short_circuit_operator.py
[2025-07-28T16:00:06.555+0000] {logging_mixin.py:190} INFO - [2025-07-28T16:00:06.555+0000] {dag.py:3229} INFO - Sync 1 DAGs
[2025-07-28T16:00:06.565+0000] {logging_mixin.py:190} INFO - [2025-07-28T16:00:06.565+0000] {dag.py:4156} INFO - Setting next_dagrun for example_short_circuit_operator to None, run_after=None
[2025-07-28T16:00:06.576+0000] {processor.py:208} INFO - Processing /home/airflow/.local/lib/python3.12/site-packages/airflow/example_dags/example_short_circuit_operator.py took 0.051 seconds
[2025-07-28T16:00:36.690+0000] {processor.py:186} INFO - Started process (PID=2217) to work on /home/airflow/.local/lib/python3.12/site-packages/airflow/example_dags/example_short_circuit_operator.py
[2025-07-28T16:00:36.691+0000] {processor.py:914} INFO - Processing file /home/airflow/.local/lib/python3.12/site-packages/airflow/example_dags/example_short_circuit_operator.py for tasks to queue
[2025-07-28T16:00:36.693+0000] {logging_mixin.py:190} INFO - [2025-07-28T16:00:36.693+0000] {dagbag.py:587} INFO - Filling up the DagBag from /home/airflow/.local/lib/python3.12/site-packages/airflow/example_dags/example_short_circuit_operator.py
[2025-07-28T16:00:36.706+0000] {processor.py:925} INFO - DAG(s) 'example_short_circuit_operator' retrieved from /home/airflow/.local/lib/python3.12/site-packages/airflow/example_dags/example_short_circuit_operator.py
[2025-07-28T16:00:36.728+0000] {logging_mixin.py:190} INFO - [2025-07-28T16:00:36.728+0000] {dag.py:3229} INFO - Sync 1 DAGs
[2025-07-28T16:00:36.742+0000] {logging_mixin.py:190} INFO - [2025-07-28T16:00:36.742+0000] {dag.py:4156} INFO - Setting next_dagrun for example_short_circuit_operator to None, run_after=None
[2025-07-28T16:00:36.757+0000] {processor.py:208} INFO - Processing /home/airflow/.local/lib/python3.12/site-packages/airflow/example_dags/example_short_circuit_operator.py took 0.072 seconds
[2025-07-28T16:01:07.430+0000] {processor.py:186} INFO - Started process (PID=2280) to work on /home/airflow/.local/lib/python3.12/site-packages/airflow/example_dags/example_short_circuit_operator.py
[2025-07-28T16:01:07.431+0000] {processor.py:914} INFO - Processing file /home/airflow/.local/lib/python3.12/site-packages/airflow/example_dags/example_short_circuit_operator.py for tasks to queue
[2025-07-28T16:01:07.432+0000] {logging_mixin.py:190} INFO - [2025-07-28T16:01:07.432+0000] {dagbag.py:587} INFO - Filling up the DagBag from /home/airflow/.local/lib/python3.12/site-packages/airflow/example_dags/example_short_circuit_operator.py
[2025-07-28T16:01:07.436+0000] {processor.py:925} INFO - DAG(s) 'example_short_circuit_operator' retrieved from /home/airflow/.local/lib/python3.12/site-packages/airflow/example_dags/example_short_circuit_operator.py
[2025-07-28T16:01:07.452+0000] {logging_mixin.py:190} INFO - [2025-07-28T16:01:07.452+0000] {dag.py:3229} INFO - Sync 1 DAGs
[2025-07-28T16:01:07.458+0000] {logging_mixin.py:190} INFO - [2025-07-28T16:01:07.458+0000] {dag.py:4156} INFO - Setting next_dagrun for example_short_circuit_operator to None, run_after=None
[2025-07-28T16:01:07.476+0000] {processor.py:208} INFO - Processing /home/airflow/.local/lib/python3.12/site-packages/airflow/example_dags/example_short_circuit_operator.py took 0.050 seconds
