[2025-07-28T15:42:51.761+0000] {processor.py:186} INFO - Started process (PID=77) to work on /home/airflow/.local/lib/python3.12/site-packages/airflow/example_dags/example_latest_only_with_trigger.py
[2025-07-28T15:42:51.763+0000] {processor.py:914} INFO - Processing file /home/airflow/.local/lib/python3.12/site-packages/airflow/example_dags/example_latest_only_with_trigger.py for tasks to queue
[2025-07-28T15:42:51.765+0000] {logging_mixin.py:190} INFO - [2025-07-28T15:42:51.765+0000] {dagbag.py:587} INFO - Filling up the DagBag from /home/airflow/.local/lib/python3.12/site-packages/airflow/example_dags/example_latest_only_with_trigger.py
[2025-07-28T15:42:51.773+0000] {processor.py:925} INFO - DAG(s) 'latest_only_with_trigger' retrieved from /home/airflow/.local/lib/python3.12/site-packages/airflow/example_dags/example_latest_only_with_trigger.py
[2025-07-28T15:42:51.937+0000] {logging_mixin.py:190} INFO - [2025-07-28T15:42:51.936+0000] {override.py:1900} INFO - Created Permission View: can edit on DAG:latest_only_with_trigger
[2025-07-28T15:42:51.943+0000] {logging_mixin.py:190} INFO - [2025-07-28T15:42:51.943+0000] {override.py:1900} INFO - Created Permission View: can read on DAG:latest_only_with_trigger
[2025-07-28T15:42:51.947+0000] {logging_mixin.py:190} INFO - [2025-07-28T15:42:51.946+0000] {override.py:1900} INFO - Created Permission View: can delete on DAG:latest_only_with_trigger
[2025-07-28T15:42:51.953+0000] {logging_mixin.py:190} INFO - [2025-07-28T15:42:51.953+0000] {override.py:1900} INFO - Created Permission View: can read on DAG Run:latest_only_with_trigger
[2025-07-28T15:42:51.957+0000] {logging_mixin.py:190} INFO - [2025-07-28T15:42:51.957+0000] {override.py:1900} INFO - Created Permission View: can delete on DAG Run:latest_only_with_trigger
[2025-07-28T15:42:51.963+0000] {logging_mixin.py:190} INFO - [2025-07-28T15:42:51.963+0000] {override.py:1900} INFO - Created Permission View: can create on DAG Run:latest_only_with_trigger
[2025-07-28T15:42:51.972+0000] {logging_mixin.py:190} INFO - [2025-07-28T15:42:51.971+0000] {override.py:1900} INFO - Created Permission View: menu access on DAG Run:latest_only_with_trigger
[2025-07-28T15:42:51.973+0000] {logging_mixin.py:190} INFO - [2025-07-28T15:42:51.973+0000] {dag.py:3229} INFO - Sync 1 DAGs
[2025-07-28T15:42:51.986+0000] {logging_mixin.py:190} INFO - [2025-07-28T15:42:51.986+0000] {dag.py:3252} INFO - Creating ORM DAG for latest_only_with_trigger
[2025-07-28T15:42:52.005+0000] {logging_mixin.py:190} INFO - [2025-07-28T15:42:52.005+0000] {dag.py:4156} INFO - Setting next_dagrun for latest_only_with_trigger to 2025-07-28 08:00:00+00:00, run_after=2025-07-28 12:00:00+00:00
[2025-07-28T15:42:52.025+0000] {processor.py:208} INFO - Processing /home/airflow/.local/lib/python3.12/site-packages/airflow/example_dags/example_latest_only_with_trigger.py took 0.273 seconds
[2025-07-28T15:43:22.601+0000] {processor.py:186} INFO - Started process (PID=139) to work on /home/airflow/.local/lib/python3.12/site-packages/airflow/example_dags/example_latest_only_with_trigger.py
[2025-07-28T15:43:22.603+0000] {processor.py:914} INFO - Processing file /home/airflow/.local/lib/python3.12/site-packages/airflow/example_dags/example_latest_only_with_trigger.py for tasks to queue
[2025-07-28T15:43:22.604+0000] {logging_mixin.py:190} INFO - [2025-07-28T15:43:22.604+0000] {dagbag.py:587} INFO - Filling up the DagBag from /home/airflow/.local/lib/python3.12/site-packages/airflow/example_dags/example_latest_only_with_trigger.py
[2025-07-28T15:43:22.611+0000] {processor.py:925} INFO - DAG(s) 'latest_only_with_trigger' retrieved from /home/airflow/.local/lib/python3.12/site-packages/airflow/example_dags/example_latest_only_with_trigger.py
[2025-07-28T15:43:22.630+0000] {logging_mixin.py:190} INFO - [2025-07-28T15:43:22.629+0000] {dag.py:3229} INFO - Sync 1 DAGs
[2025-07-28T15:43:22.643+0000] {logging_mixin.py:190} INFO - [2025-07-28T15:43:22.643+0000] {dag.py:4156} INFO - Setting next_dagrun for latest_only_with_trigger to 2025-07-28 08:00:00+00:00, run_after=2025-07-28 12:00:00+00:00
[2025-07-28T15:43:22.652+0000] {processor.py:208} INFO - Processing /home/airflow/.local/lib/python3.12/site-packages/airflow/example_dags/example_latest_only_with_trigger.py took 0.059 seconds
[2025-07-28T15:43:53.372+0000] {processor.py:186} INFO - Started process (PID=201) to work on /home/airflow/.local/lib/python3.12/site-packages/airflow/example_dags/example_latest_only_with_trigger.py
[2025-07-28T15:43:53.372+0000] {processor.py:914} INFO - Processing file /home/airflow/.local/lib/python3.12/site-packages/airflow/example_dags/example_latest_only_with_trigger.py for tasks to queue
[2025-07-28T15:43:53.374+0000] {logging_mixin.py:190} INFO - [2025-07-28T15:43:53.374+0000] {dagbag.py:587} INFO - Filling up the DagBag from /home/airflow/.local/lib/python3.12/site-packages/airflow/example_dags/example_latest_only_with_trigger.py
[2025-07-28T15:43:53.380+0000] {processor.py:925} INFO - DAG(s) 'latest_only_with_trigger' retrieved from /home/airflow/.local/lib/python3.12/site-packages/airflow/example_dags/example_latest_only_with_trigger.py
[2025-07-28T15:43:53.394+0000] {logging_mixin.py:190} INFO - [2025-07-28T15:43:53.394+0000] {dag.py:3229} INFO - Sync 1 DAGs
[2025-07-28T15:43:53.408+0000] {logging_mixin.py:190} INFO - [2025-07-28T15:43:53.408+0000] {dag.py:4156} INFO - Setting next_dagrun for latest_only_with_trigger to 2025-07-28 08:00:00+00:00, run_after=2025-07-28 12:00:00+00:00
[2025-07-28T15:43:53.417+0000] {processor.py:208} INFO - Processing /home/airflow/.local/lib/python3.12/site-packages/airflow/example_dags/example_latest_only_with_trigger.py took 0.048 seconds
[2025-07-28T15:44:23.992+0000] {processor.py:186} INFO - Started process (PID=263) to work on /home/airflow/.local/lib/python3.12/site-packages/airflow/example_dags/example_latest_only_with_trigger.py
[2025-07-28T15:44:23.993+0000] {processor.py:914} INFO - Processing file /home/airflow/.local/lib/python3.12/site-packages/airflow/example_dags/example_latest_only_with_trigger.py for tasks to queue
[2025-07-28T15:44:23.994+0000] {logging_mixin.py:190} INFO - [2025-07-28T15:44:23.994+0000] {dagbag.py:587} INFO - Filling up the DagBag from /home/airflow/.local/lib/python3.12/site-packages/airflow/example_dags/example_latest_only_with_trigger.py
[2025-07-28T15:44:24.000+0000] {processor.py:925} INFO - DAG(s) 'latest_only_with_trigger' retrieved from /home/airflow/.local/lib/python3.12/site-packages/airflow/example_dags/example_latest_only_with_trigger.py
[2025-07-28T15:44:24.010+0000] {logging_mixin.py:190} INFO - [2025-07-28T15:44:24.010+0000] {dag.py:3229} INFO - Sync 1 DAGs
[2025-07-28T15:44:24.021+0000] {logging_mixin.py:190} INFO - [2025-07-28T15:44:24.021+0000] {dag.py:4156} INFO - Setting next_dagrun for latest_only_with_trigger to 2025-07-28 08:00:00+00:00, run_after=2025-07-28 12:00:00+00:00
[2025-07-28T15:44:24.029+0000] {processor.py:208} INFO - Processing /home/airflow/.local/lib/python3.12/site-packages/airflow/example_dags/example_latest_only_with_trigger.py took 0.040 seconds
[2025-07-28T15:44:54.473+0000] {processor.py:186} INFO - Started process (PID=325) to work on /home/airflow/.local/lib/python3.12/site-packages/airflow/example_dags/example_latest_only_with_trigger.py
[2025-07-28T15:44:54.474+0000] {processor.py:914} INFO - Processing file /home/airflow/.local/lib/python3.12/site-packages/airflow/example_dags/example_latest_only_with_trigger.py for tasks to queue
[2025-07-28T15:44:54.475+0000] {logging_mixin.py:190} INFO - [2025-07-28T15:44:54.475+0000] {dagbag.py:587} INFO - Filling up the DagBag from /home/airflow/.local/lib/python3.12/site-packages/airflow/example_dags/example_latest_only_with_trigger.py
[2025-07-28T15:44:54.481+0000] {processor.py:925} INFO - DAG(s) 'latest_only_with_trigger' retrieved from /home/airflow/.local/lib/python3.12/site-packages/airflow/example_dags/example_latest_only_with_trigger.py
[2025-07-28T15:44:54.497+0000] {logging_mixin.py:190} INFO - [2025-07-28T15:44:54.497+0000] {dag.py:3229} INFO - Sync 1 DAGs
[2025-07-28T15:44:54.513+0000] {logging_mixin.py:190} INFO - [2025-07-28T15:44:54.513+0000] {dag.py:4156} INFO - Setting next_dagrun for latest_only_with_trigger to 2025-07-28 08:00:00+00:00, run_after=2025-07-28 12:00:00+00:00
[2025-07-28T15:44:54.527+0000] {processor.py:208} INFO - Processing /home/airflow/.local/lib/python3.12/site-packages/airflow/example_dags/example_latest_only_with_trigger.py took 0.059 seconds
[2025-07-28T15:45:25.223+0000] {processor.py:186} INFO - Started process (PID=387) to work on /home/airflow/.local/lib/python3.12/site-packages/airflow/example_dags/example_latest_only_with_trigger.py
[2025-07-28T15:45:25.224+0000] {processor.py:914} INFO - Processing file /home/airflow/.local/lib/python3.12/site-packages/airflow/example_dags/example_latest_only_with_trigger.py for tasks to queue
[2025-07-28T15:45:25.226+0000] {logging_mixin.py:190} INFO - [2025-07-28T15:45:25.226+0000] {dagbag.py:587} INFO - Filling up the DagBag from /home/airflow/.local/lib/python3.12/site-packages/airflow/example_dags/example_latest_only_with_trigger.py
[2025-07-28T15:45:25.231+0000] {processor.py:925} INFO - DAG(s) 'latest_only_with_trigger' retrieved from /home/airflow/.local/lib/python3.12/site-packages/airflow/example_dags/example_latest_only_with_trigger.py
[2025-07-28T15:45:25.248+0000] {logging_mixin.py:190} INFO - [2025-07-28T15:45:25.248+0000] {dag.py:3229} INFO - Sync 1 DAGs
[2025-07-28T15:45:25.262+0000] {logging_mixin.py:190} INFO - [2025-07-28T15:45:25.262+0000] {dag.py:4156} INFO - Setting next_dagrun for latest_only_with_trigger to 2025-07-28 08:00:00+00:00, run_after=2025-07-28 12:00:00+00:00
[2025-07-28T15:45:25.273+0000] {processor.py:208} INFO - Processing /home/airflow/.local/lib/python3.12/site-packages/airflow/example_dags/example_latest_only_with_trigger.py took 0.053 seconds
[2025-07-28T15:45:56.106+0000] {processor.py:186} INFO - Started process (PID=449) to work on /home/airflow/.local/lib/python3.12/site-packages/airflow/example_dags/example_latest_only_with_trigger.py
[2025-07-28T15:45:56.106+0000] {processor.py:914} INFO - Processing file /home/airflow/.local/lib/python3.12/site-packages/airflow/example_dags/example_latest_only_with_trigger.py for tasks to queue
[2025-07-28T15:45:56.107+0000] {logging_mixin.py:190} INFO - [2025-07-28T15:45:56.107+0000] {dagbag.py:587} INFO - Filling up the DagBag from /home/airflow/.local/lib/python3.12/site-packages/airflow/example_dags/example_latest_only_with_trigger.py
[2025-07-28T15:45:56.111+0000] {processor.py:925} INFO - DAG(s) 'latest_only_with_trigger' retrieved from /home/airflow/.local/lib/python3.12/site-packages/airflow/example_dags/example_latest_only_with_trigger.py
[2025-07-28T15:45:56.121+0000] {logging_mixin.py:190} INFO - [2025-07-28T15:45:56.120+0000] {dag.py:3229} INFO - Sync 1 DAGs
[2025-07-28T15:45:56.131+0000] {logging_mixin.py:190} INFO - [2025-07-28T15:45:56.131+0000] {dag.py:4156} INFO - Setting next_dagrun for latest_only_with_trigger to 2025-07-28 08:00:00+00:00, run_after=2025-07-28 12:00:00+00:00
[2025-07-28T15:45:56.139+0000] {processor.py:208} INFO - Processing /home/airflow/.local/lib/python3.12/site-packages/airflow/example_dags/example_latest_only_with_trigger.py took 0.036 seconds
[2025-07-28T15:46:26.668+0000] {processor.py:186} INFO - Started process (PID=511) to work on /home/airflow/.local/lib/python3.12/site-packages/airflow/example_dags/example_latest_only_with_trigger.py
[2025-07-28T15:46:26.670+0000] {processor.py:914} INFO - Processing file /home/airflow/.local/lib/python3.12/site-packages/airflow/example_dags/example_latest_only_with_trigger.py for tasks to queue
[2025-07-28T15:46:26.675+0000] {logging_mixin.py:190} INFO - [2025-07-28T15:46:26.674+0000] {dagbag.py:587} INFO - Filling up the DagBag from /home/airflow/.local/lib/python3.12/site-packages/airflow/example_dags/example_latest_only_with_trigger.py
[2025-07-28T15:46:26.679+0000] {processor.py:925} INFO - DAG(s) 'latest_only_with_trigger' retrieved from /home/airflow/.local/lib/python3.12/site-packages/airflow/example_dags/example_latest_only_with_trigger.py
[2025-07-28T15:46:26.699+0000] {logging_mixin.py:190} INFO - [2025-07-28T15:46:26.699+0000] {dag.py:3229} INFO - Sync 1 DAGs
[2025-07-28T15:46:26.722+0000] {logging_mixin.py:190} INFO - [2025-07-28T15:46:26.722+0000] {dag.py:4156} INFO - Setting next_dagrun for latest_only_with_trigger to 2025-07-28 08:00:00+00:00, run_after=2025-07-28 12:00:00+00:00
[2025-07-28T15:46:26.736+0000] {processor.py:208} INFO - Processing /home/airflow/.local/lib/python3.12/site-packages/airflow/example_dags/example_latest_only_with_trigger.py took 0.071 seconds
[2025-07-28T15:46:57.256+0000] {processor.py:186} INFO - Started process (PID=573) to work on /home/airflow/.local/lib/python3.12/site-packages/airflow/example_dags/example_latest_only_with_trigger.py
[2025-07-28T15:46:57.257+0000] {processor.py:914} INFO - Processing file /home/airflow/.local/lib/python3.12/site-packages/airflow/example_dags/example_latest_only_with_trigger.py for tasks to queue
[2025-07-28T15:46:57.258+0000] {logging_mixin.py:190} INFO - [2025-07-28T15:46:57.258+0000] {dagbag.py:587} INFO - Filling up the DagBag from /home/airflow/.local/lib/python3.12/site-packages/airflow/example_dags/example_latest_only_with_trigger.py
[2025-07-28T15:46:57.262+0000] {processor.py:925} INFO - DAG(s) 'latest_only_with_trigger' retrieved from /home/airflow/.local/lib/python3.12/site-packages/airflow/example_dags/example_latest_only_with_trigger.py
[2025-07-28T15:46:57.271+0000] {logging_mixin.py:190} INFO - [2025-07-28T15:46:57.271+0000] {dag.py:3229} INFO - Sync 1 DAGs
[2025-07-28T15:46:57.282+0000] {logging_mixin.py:190} INFO - [2025-07-28T15:46:57.282+0000] {dag.py:4156} INFO - Setting next_dagrun for latest_only_with_trigger to 2025-07-28 08:00:00+00:00, run_after=2025-07-28 12:00:00+00:00
[2025-07-28T15:46:57.291+0000] {processor.py:208} INFO - Processing /home/airflow/.local/lib/python3.12/site-packages/airflow/example_dags/example_latest_only_with_trigger.py took 0.037 seconds
[2025-07-28T15:47:27.954+0000] {processor.py:186} INFO - Started process (PID=635) to work on /home/airflow/.local/lib/python3.12/site-packages/airflow/example_dags/example_latest_only_with_trigger.py
[2025-07-28T15:47:27.955+0000] {processor.py:914} INFO - Processing file /home/airflow/.local/lib/python3.12/site-packages/airflow/example_dags/example_latest_only_with_trigger.py for tasks to queue
[2025-07-28T15:47:27.960+0000] {logging_mixin.py:190} INFO - [2025-07-28T15:47:27.960+0000] {dagbag.py:587} INFO - Filling up the DagBag from /home/airflow/.local/lib/python3.12/site-packages/airflow/example_dags/example_latest_only_with_trigger.py
[2025-07-28T15:47:27.974+0000] {processor.py:925} INFO - DAG(s) 'latest_only_with_trigger' retrieved from /home/airflow/.local/lib/python3.12/site-packages/airflow/example_dags/example_latest_only_with_trigger.py
[2025-07-28T15:47:28.018+0000] {logging_mixin.py:190} INFO - [2025-07-28T15:47:28.017+0000] {dag.py:3229} INFO - Sync 1 DAGs
[2025-07-28T15:47:28.061+0000] {logging_mixin.py:190} INFO - [2025-07-28T15:47:28.061+0000] {dag.py:4156} INFO - Setting next_dagrun for latest_only_with_trigger to 2025-07-28 08:00:00+00:00, run_after=2025-07-28 12:00:00+00:00
[2025-07-28T15:47:28.108+0000] {processor.py:208} INFO - Processing /home/airflow/.local/lib/python3.12/site-packages/airflow/example_dags/example_latest_only_with_trigger.py took 0.162 seconds
[2025-07-28T15:47:58.862+0000] {processor.py:186} INFO - Started process (PID=697) to work on /home/airflow/.local/lib/python3.12/site-packages/airflow/example_dags/example_latest_only_with_trigger.py
[2025-07-28T15:47:58.863+0000] {processor.py:914} INFO - Processing file /home/airflow/.local/lib/python3.12/site-packages/airflow/example_dags/example_latest_only_with_trigger.py for tasks to queue
[2025-07-28T15:47:58.864+0000] {logging_mixin.py:190} INFO - [2025-07-28T15:47:58.864+0000] {dagbag.py:587} INFO - Filling up the DagBag from /home/airflow/.local/lib/python3.12/site-packages/airflow/example_dags/example_latest_only_with_trigger.py
[2025-07-28T15:47:58.874+0000] {processor.py:925} INFO - DAG(s) 'latest_only_with_trigger' retrieved from /home/airflow/.local/lib/python3.12/site-packages/airflow/example_dags/example_latest_only_with_trigger.py
[2025-07-28T15:47:58.897+0000] {logging_mixin.py:190} INFO - [2025-07-28T15:47:58.897+0000] {dag.py:3229} INFO - Sync 1 DAGs
[2025-07-28T15:47:58.911+0000] {logging_mixin.py:190} INFO - [2025-07-28T15:47:58.911+0000] {dag.py:4156} INFO - Setting next_dagrun for latest_only_with_trigger to 2025-07-28 08:00:00+00:00, run_after=2025-07-28 12:00:00+00:00
[2025-07-28T15:47:58.923+0000] {processor.py:208} INFO - Processing /home/airflow/.local/lib/python3.12/site-packages/airflow/example_dags/example_latest_only_with_trigger.py took 0.065 seconds
[2025-07-28T15:48:29.406+0000] {processor.py:186} INFO - Started process (PID=759) to work on /home/airflow/.local/lib/python3.12/site-packages/airflow/example_dags/example_latest_only_with_trigger.py
[2025-07-28T15:48:29.407+0000] {processor.py:914} INFO - Processing file /home/airflow/.local/lib/python3.12/site-packages/airflow/example_dags/example_latest_only_with_trigger.py for tasks to queue
[2025-07-28T15:48:29.412+0000] {logging_mixin.py:190} INFO - [2025-07-28T15:48:29.412+0000] {dagbag.py:587} INFO - Filling up the DagBag from /home/airflow/.local/lib/python3.12/site-packages/airflow/example_dags/example_latest_only_with_trigger.py
[2025-07-28T15:48:29.422+0000] {processor.py:925} INFO - DAG(s) 'latest_only_with_trigger' retrieved from /home/airflow/.local/lib/python3.12/site-packages/airflow/example_dags/example_latest_only_with_trigger.py
[2025-07-28T15:48:29.447+0000] {logging_mixin.py:190} INFO - [2025-07-28T15:48:29.446+0000] {dag.py:3229} INFO - Sync 1 DAGs
[2025-07-28T15:48:29.466+0000] {logging_mixin.py:190} INFO - [2025-07-28T15:48:29.466+0000] {dag.py:4156} INFO - Setting next_dagrun for latest_only_with_trigger to 2025-07-28 08:00:00+00:00, run_after=2025-07-28 12:00:00+00:00
[2025-07-28T15:48:29.476+0000] {processor.py:208} INFO - Processing /home/airflow/.local/lib/python3.12/site-packages/airflow/example_dags/example_latest_only_with_trigger.py took 0.074 seconds
[2025-07-28T15:49:00.321+0000] {processor.py:186} INFO - Started process (PID=821) to work on /home/airflow/.local/lib/python3.12/site-packages/airflow/example_dags/example_latest_only_with_trigger.py
[2025-07-28T15:49:00.322+0000] {processor.py:914} INFO - Processing file /home/airflow/.local/lib/python3.12/site-packages/airflow/example_dags/example_latest_only_with_trigger.py for tasks to queue
[2025-07-28T15:49:00.325+0000] {logging_mixin.py:190} INFO - [2025-07-28T15:49:00.324+0000] {dagbag.py:587} INFO - Filling up the DagBag from /home/airflow/.local/lib/python3.12/site-packages/airflow/example_dags/example_latest_only_with_trigger.py
[2025-07-28T15:49:00.334+0000] {processor.py:925} INFO - DAG(s) 'latest_only_with_trigger' retrieved from /home/airflow/.local/lib/python3.12/site-packages/airflow/example_dags/example_latest_only_with_trigger.py
[2025-07-28T15:49:00.352+0000] {logging_mixin.py:190} INFO - [2025-07-28T15:49:00.352+0000] {dag.py:3229} INFO - Sync 1 DAGs
[2025-07-28T15:49:00.367+0000] {logging_mixin.py:190} INFO - [2025-07-28T15:49:00.367+0000] {dag.py:4156} INFO - Setting next_dagrun for latest_only_with_trigger to 2025-07-28 08:00:00+00:00, run_after=2025-07-28 12:00:00+00:00
[2025-07-28T15:49:00.384+0000] {processor.py:208} INFO - Processing /home/airflow/.local/lib/python3.12/site-packages/airflow/example_dags/example_latest_only_with_trigger.py took 0.068 seconds
[2025-07-28T15:49:30.881+0000] {processor.py:186} INFO - Started process (PID=883) to work on /home/airflow/.local/lib/python3.12/site-packages/airflow/example_dags/example_latest_only_with_trigger.py
[2025-07-28T15:49:30.881+0000] {processor.py:914} INFO - Processing file /home/airflow/.local/lib/python3.12/site-packages/airflow/example_dags/example_latest_only_with_trigger.py for tasks to queue
[2025-07-28T15:49:30.883+0000] {logging_mixin.py:190} INFO - [2025-07-28T15:49:30.882+0000] {dagbag.py:587} INFO - Filling up the DagBag from /home/airflow/.local/lib/python3.12/site-packages/airflow/example_dags/example_latest_only_with_trigger.py
[2025-07-28T15:49:30.889+0000] {processor.py:925} INFO - DAG(s) 'latest_only_with_trigger' retrieved from /home/airflow/.local/lib/python3.12/site-packages/airflow/example_dags/example_latest_only_with_trigger.py
[2025-07-28T15:49:30.902+0000] {logging_mixin.py:190} INFO - [2025-07-28T15:49:30.902+0000] {dag.py:3229} INFO - Sync 1 DAGs
[2025-07-28T15:49:30.918+0000] {logging_mixin.py:190} INFO - [2025-07-28T15:49:30.918+0000] {dag.py:4156} INFO - Setting next_dagrun for latest_only_with_trigger to 2025-07-28 08:00:00+00:00, run_after=2025-07-28 12:00:00+00:00
[2025-07-28T15:49:30.933+0000] {processor.py:208} INFO - Processing /home/airflow/.local/lib/python3.12/site-packages/airflow/example_dags/example_latest_only_with_trigger.py took 0.055 seconds
[2025-07-28T15:50:01.564+0000] {processor.py:186} INFO - Started process (PID=945) to work on /home/airflow/.local/lib/python3.12/site-packages/airflow/example_dags/example_latest_only_with_trigger.py
[2025-07-28T15:50:01.565+0000] {processor.py:914} INFO - Processing file /home/airflow/.local/lib/python3.12/site-packages/airflow/example_dags/example_latest_only_with_trigger.py for tasks to queue
[2025-07-28T15:50:01.567+0000] {logging_mixin.py:190} INFO - [2025-07-28T15:50:01.567+0000] {dagbag.py:587} INFO - Filling up the DagBag from /home/airflow/.local/lib/python3.12/site-packages/airflow/example_dags/example_latest_only_with_trigger.py
[2025-07-28T15:50:01.575+0000] {processor.py:925} INFO - DAG(s) 'latest_only_with_trigger' retrieved from /home/airflow/.local/lib/python3.12/site-packages/airflow/example_dags/example_latest_only_with_trigger.py
[2025-07-28T15:50:01.595+0000] {logging_mixin.py:190} INFO - [2025-07-28T15:50:01.595+0000] {dag.py:3229} INFO - Sync 1 DAGs
[2025-07-28T15:50:01.615+0000] {logging_mixin.py:190} INFO - [2025-07-28T15:50:01.615+0000] {dag.py:4156} INFO - Setting next_dagrun for latest_only_with_trigger to 2025-07-28 08:00:00+00:00, run_after=2025-07-28 12:00:00+00:00
[2025-07-28T15:50:01.626+0000] {processor.py:208} INFO - Processing /home/airflow/.local/lib/python3.12/site-packages/airflow/example_dags/example_latest_only_with_trigger.py took 0.065 seconds
[2025-07-28T15:50:31.935+0000] {processor.py:186} INFO - Started process (PID=1007) to work on /home/airflow/.local/lib/python3.12/site-packages/airflow/example_dags/example_latest_only_with_trigger.py
[2025-07-28T15:50:31.935+0000] {processor.py:914} INFO - Processing file /home/airflow/.local/lib/python3.12/site-packages/airflow/example_dags/example_latest_only_with_trigger.py for tasks to queue
[2025-07-28T15:50:31.936+0000] {logging_mixin.py:190} INFO - [2025-07-28T15:50:31.936+0000] {dagbag.py:587} INFO - Filling up the DagBag from /home/airflow/.local/lib/python3.12/site-packages/airflow/example_dags/example_latest_only_with_trigger.py
[2025-07-28T15:50:31.940+0000] {processor.py:925} INFO - DAG(s) 'latest_only_with_trigger' retrieved from /home/airflow/.local/lib/python3.12/site-packages/airflow/example_dags/example_latest_only_with_trigger.py
[2025-07-28T15:50:31.956+0000] {logging_mixin.py:190} INFO - [2025-07-28T15:50:31.956+0000] {dag.py:3229} INFO - Sync 1 DAGs
[2025-07-28T15:50:31.967+0000] {logging_mixin.py:190} INFO - [2025-07-28T15:50:31.967+0000] {dag.py:4156} INFO - Setting next_dagrun for latest_only_with_trigger to 2025-07-28 08:00:00+00:00, run_after=2025-07-28 12:00:00+00:00
[2025-07-28T15:50:31.976+0000] {processor.py:208} INFO - Processing /home/airflow/.local/lib/python3.12/site-packages/airflow/example_dags/example_latest_only_with_trigger.py took 0.044 seconds
[2025-07-28T15:51:02.007+0000] {processor.py:186} INFO - Started process (PID=1068) to work on /home/airflow/.local/lib/python3.12/site-packages/airflow/example_dags/example_latest_only_with_trigger.py
[2025-07-28T15:51:02.008+0000] {processor.py:914} INFO - Processing file /home/airflow/.local/lib/python3.12/site-packages/airflow/example_dags/example_latest_only_with_trigger.py for tasks to queue
[2025-07-28T15:51:02.010+0000] {logging_mixin.py:190} INFO - [2025-07-28T15:51:02.010+0000] {dagbag.py:587} INFO - Filling up the DagBag from /home/airflow/.local/lib/python3.12/site-packages/airflow/example_dags/example_latest_only_with_trigger.py
[2025-07-28T15:51:02.016+0000] {processor.py:925} INFO - DAG(s) 'latest_only_with_trigger' retrieved from /home/airflow/.local/lib/python3.12/site-packages/airflow/example_dags/example_latest_only_with_trigger.py
[2025-07-28T15:51:02.031+0000] {logging_mixin.py:190} INFO - [2025-07-28T15:51:02.031+0000] {dag.py:3229} INFO - Sync 1 DAGs
[2025-07-28T15:51:02.040+0000] {logging_mixin.py:190} INFO - [2025-07-28T15:51:02.040+0000] {dag.py:4156} INFO - Setting next_dagrun for latest_only_with_trigger to 2025-07-28 08:00:00+00:00, run_after=2025-07-28 12:00:00+00:00
[2025-07-28T15:51:02.048+0000] {processor.py:208} INFO - Processing /home/airflow/.local/lib/python3.12/site-packages/airflow/example_dags/example_latest_only_with_trigger.py took 0.044 seconds
[2025-07-28T15:51:32.661+0000] {processor.py:186} INFO - Started process (PID=1131) to work on /home/airflow/.local/lib/python3.12/site-packages/airflow/example_dags/example_latest_only_with_trigger.py
[2025-07-28T15:51:32.662+0000] {processor.py:914} INFO - Processing file /home/airflow/.local/lib/python3.12/site-packages/airflow/example_dags/example_latest_only_with_trigger.py for tasks to queue
[2025-07-28T15:51:32.664+0000] {logging_mixin.py:190} INFO - [2025-07-28T15:51:32.664+0000] {dagbag.py:587} INFO - Filling up the DagBag from /home/airflow/.local/lib/python3.12/site-packages/airflow/example_dags/example_latest_only_with_trigger.py
[2025-07-28T15:51:32.668+0000] {processor.py:925} INFO - DAG(s) 'latest_only_with_trigger' retrieved from /home/airflow/.local/lib/python3.12/site-packages/airflow/example_dags/example_latest_only_with_trigger.py
[2025-07-28T15:51:32.728+0000] {logging_mixin.py:190} INFO - [2025-07-28T15:51:32.727+0000] {dag.py:3229} INFO - Sync 1 DAGs
[2025-07-28T15:51:32.743+0000] {logging_mixin.py:190} INFO - [2025-07-28T15:51:32.743+0000] {dag.py:4156} INFO - Setting next_dagrun for latest_only_with_trigger to 2025-07-28 08:00:00+00:00, run_after=2025-07-28 12:00:00+00:00
[2025-07-28T15:51:32.757+0000] {processor.py:208} INFO - Processing /home/airflow/.local/lib/python3.12/site-packages/airflow/example_dags/example_latest_only_with_trigger.py took 0.100 seconds
[2025-07-28T15:52:03.028+0000] {processor.py:186} INFO - Started process (PID=1193) to work on /home/airflow/.local/lib/python3.12/site-packages/airflow/example_dags/example_latest_only_with_trigger.py
[2025-07-28T15:52:03.029+0000] {processor.py:914} INFO - Processing file /home/airflow/.local/lib/python3.12/site-packages/airflow/example_dags/example_latest_only_with_trigger.py for tasks to queue
[2025-07-28T15:52:03.030+0000] {logging_mixin.py:190} INFO - [2025-07-28T15:52:03.030+0000] {dagbag.py:587} INFO - Filling up the DagBag from /home/airflow/.local/lib/python3.12/site-packages/airflow/example_dags/example_latest_only_with_trigger.py
[2025-07-28T15:52:03.034+0000] {processor.py:925} INFO - DAG(s) 'latest_only_with_trigger' retrieved from /home/airflow/.local/lib/python3.12/site-packages/airflow/example_dags/example_latest_only_with_trigger.py
[2025-07-28T15:52:03.045+0000] {logging_mixin.py:190} INFO - [2025-07-28T15:52:03.045+0000] {dag.py:3229} INFO - Sync 1 DAGs
[2025-07-28T15:52:03.056+0000] {logging_mixin.py:190} INFO - [2025-07-28T15:52:03.056+0000] {dag.py:4156} INFO - Setting next_dagrun for latest_only_with_trigger to 2025-07-28 08:00:00+00:00, run_after=2025-07-28 12:00:00+00:00
[2025-07-28T15:52:03.063+0000] {processor.py:208} INFO - Processing /home/airflow/.local/lib/python3.12/site-packages/airflow/example_dags/example_latest_only_with_trigger.py took 0.038 seconds
[2025-07-28T15:52:34.093+0000] {processor.py:186} INFO - Started process (PID=1255) to work on /home/airflow/.local/lib/python3.12/site-packages/airflow/example_dags/example_latest_only_with_trigger.py
[2025-07-28T15:52:34.094+0000] {processor.py:914} INFO - Processing file /home/airflow/.local/lib/python3.12/site-packages/airflow/example_dags/example_latest_only_with_trigger.py for tasks to queue
[2025-07-28T15:52:34.095+0000] {logging_mixin.py:190} INFO - [2025-07-28T15:52:34.095+0000] {dagbag.py:587} INFO - Filling up the DagBag from /home/airflow/.local/lib/python3.12/site-packages/airflow/example_dags/example_latest_only_with_trigger.py
[2025-07-28T15:52:34.104+0000] {processor.py:925} INFO - DAG(s) 'latest_only_with_trigger' retrieved from /home/airflow/.local/lib/python3.12/site-packages/airflow/example_dags/example_latest_only_with_trigger.py
[2025-07-28T15:52:34.114+0000] {logging_mixin.py:190} INFO - [2025-07-28T15:52:34.114+0000] {dag.py:3229} INFO - Sync 1 DAGs
[2025-07-28T15:52:34.126+0000] {logging_mixin.py:190} INFO - [2025-07-28T15:52:34.125+0000] {dag.py:4156} INFO - Setting next_dagrun for latest_only_with_trigger to 2025-07-28 08:00:00+00:00, run_after=2025-07-28 12:00:00+00:00
[2025-07-28T15:52:34.136+0000] {processor.py:208} INFO - Processing /home/airflow/.local/lib/python3.12/site-packages/airflow/example_dags/example_latest_only_with_trigger.py took 0.046 seconds
[2025-07-28T15:53:04.276+0000] {processor.py:186} INFO - Started process (PID=1317) to work on /home/airflow/.local/lib/python3.12/site-packages/airflow/example_dags/example_latest_only_with_trigger.py
[2025-07-28T15:53:04.276+0000] {processor.py:914} INFO - Processing file /home/airflow/.local/lib/python3.12/site-packages/airflow/example_dags/example_latest_only_with_trigger.py for tasks to queue
[2025-07-28T15:53:04.278+0000] {logging_mixin.py:190} INFO - [2025-07-28T15:53:04.278+0000] {dagbag.py:587} INFO - Filling up the DagBag from /home/airflow/.local/lib/python3.12/site-packages/airflow/example_dags/example_latest_only_with_trigger.py
[2025-07-28T15:53:04.282+0000] {processor.py:925} INFO - DAG(s) 'latest_only_with_trigger' retrieved from /home/airflow/.local/lib/python3.12/site-packages/airflow/example_dags/example_latest_only_with_trigger.py
[2025-07-28T15:53:04.292+0000] {logging_mixin.py:190} INFO - [2025-07-28T15:53:04.292+0000] {dag.py:3229} INFO - Sync 1 DAGs
[2025-07-28T15:53:04.302+0000] {logging_mixin.py:190} INFO - [2025-07-28T15:53:04.302+0000] {dag.py:4156} INFO - Setting next_dagrun for latest_only_with_trigger to 2025-07-28 08:00:00+00:00, run_after=2025-07-28 12:00:00+00:00
[2025-07-28T15:53:04.309+0000] {processor.py:208} INFO - Processing /home/airflow/.local/lib/python3.12/site-packages/airflow/example_dags/example_latest_only_with_trigger.py took 0.037 seconds
[2025-07-28T15:53:35.280+0000] {processor.py:186} INFO - Started process (PID=1380) to work on /home/airflow/.local/lib/python3.12/site-packages/airflow/example_dags/example_latest_only_with_trigger.py
[2025-07-28T15:53:35.281+0000] {processor.py:914} INFO - Processing file /home/airflow/.local/lib/python3.12/site-packages/airflow/example_dags/example_latest_only_with_trigger.py for tasks to queue
[2025-07-28T15:53:35.282+0000] {logging_mixin.py:190} INFO - [2025-07-28T15:53:35.282+0000] {dagbag.py:587} INFO - Filling up the DagBag from /home/airflow/.local/lib/python3.12/site-packages/airflow/example_dags/example_latest_only_with_trigger.py
[2025-07-28T15:53:35.286+0000] {processor.py:925} INFO - DAG(s) 'latest_only_with_trigger' retrieved from /home/airflow/.local/lib/python3.12/site-packages/airflow/example_dags/example_latest_only_with_trigger.py
[2025-07-28T15:53:35.295+0000] {logging_mixin.py:190} INFO - [2025-07-28T15:53:35.295+0000] {dag.py:3229} INFO - Sync 1 DAGs
[2025-07-28T15:53:35.306+0000] {logging_mixin.py:190} INFO - [2025-07-28T15:53:35.305+0000] {dag.py:4156} INFO - Setting next_dagrun for latest_only_with_trigger to 2025-07-28 08:00:00+00:00, run_after=2025-07-28 12:00:00+00:00
[2025-07-28T15:53:35.314+0000] {processor.py:208} INFO - Processing /home/airflow/.local/lib/python3.12/site-packages/airflow/example_dags/example_latest_only_with_trigger.py took 0.036 seconds
[2025-07-28T15:54:06.071+0000] {processor.py:186} INFO - Started process (PID=1442) to work on /home/airflow/.local/lib/python3.12/site-packages/airflow/example_dags/example_latest_only_with_trigger.py
[2025-07-28T15:54:06.071+0000] {processor.py:914} INFO - Processing file /home/airflow/.local/lib/python3.12/site-packages/airflow/example_dags/example_latest_only_with_trigger.py for tasks to queue
[2025-07-28T15:54:06.072+0000] {logging_mixin.py:190} INFO - [2025-07-28T15:54:06.072+0000] {dagbag.py:587} INFO - Filling up the DagBag from /home/airflow/.local/lib/python3.12/site-packages/airflow/example_dags/example_latest_only_with_trigger.py
[2025-07-28T15:54:06.077+0000] {processor.py:925} INFO - DAG(s) 'latest_only_with_trigger' retrieved from /home/airflow/.local/lib/python3.12/site-packages/airflow/example_dags/example_latest_only_with_trigger.py
[2025-07-28T15:54:06.086+0000] {logging_mixin.py:190} INFO - [2025-07-28T15:54:06.086+0000] {dag.py:3229} INFO - Sync 1 DAGs
[2025-07-28T15:54:06.099+0000] {logging_mixin.py:190} INFO - [2025-07-28T15:54:06.098+0000] {dag.py:4156} INFO - Setting next_dagrun for latest_only_with_trigger to 2025-07-28 08:00:00+00:00, run_after=2025-07-28 12:00:00+00:00
[2025-07-28T15:54:06.106+0000] {processor.py:208} INFO - Processing /home/airflow/.local/lib/python3.12/site-packages/airflow/example_dags/example_latest_only_with_trigger.py took 0.039 seconds
[2025-07-28T15:54:36.909+0000] {processor.py:186} INFO - Started process (PID=1506) to work on /home/airflow/.local/lib/python3.12/site-packages/airflow/example_dags/example_latest_only_with_trigger.py
[2025-07-28T15:54:36.909+0000] {processor.py:914} INFO - Processing file /home/airflow/.local/lib/python3.12/site-packages/airflow/example_dags/example_latest_only_with_trigger.py for tasks to queue
[2025-07-28T15:54:36.911+0000] {logging_mixin.py:190} INFO - [2025-07-28T15:54:36.910+0000] {dagbag.py:587} INFO - Filling up the DagBag from /home/airflow/.local/lib/python3.12/site-packages/airflow/example_dags/example_latest_only_with_trigger.py
[2025-07-28T15:54:36.915+0000] {processor.py:925} INFO - DAG(s) 'latest_only_with_trigger' retrieved from /home/airflow/.local/lib/python3.12/site-packages/airflow/example_dags/example_latest_only_with_trigger.py
[2025-07-28T15:54:36.926+0000] {logging_mixin.py:190} INFO - [2025-07-28T15:54:36.925+0000] {dag.py:3229} INFO - Sync 1 DAGs
[2025-07-28T15:54:36.938+0000] {logging_mixin.py:190} INFO - [2025-07-28T15:54:36.938+0000] {dag.py:4156} INFO - Setting next_dagrun for latest_only_with_trigger to 2025-07-28 08:00:00+00:00, run_after=2025-07-28 12:00:00+00:00
[2025-07-28T15:54:36.946+0000] {processor.py:208} INFO - Processing /home/airflow/.local/lib/python3.12/site-packages/airflow/example_dags/example_latest_only_with_trigger.py took 0.040 seconds
[2025-07-28T15:55:09.698+0000] {processor.py:186} INFO - Started process (PID=1569) to work on /home/airflow/.local/lib/python3.12/site-packages/airflow/example_dags/example_latest_only_with_trigger.py
[2025-07-28T15:55:09.699+0000] {processor.py:914} INFO - Processing file /home/airflow/.local/lib/python3.12/site-packages/airflow/example_dags/example_latest_only_with_trigger.py for tasks to queue
[2025-07-28T15:55:09.701+0000] {logging_mixin.py:190} INFO - [2025-07-28T15:55:09.700+0000] {dagbag.py:587} INFO - Filling up the DagBag from /home/airflow/.local/lib/python3.12/site-packages/airflow/example_dags/example_latest_only_with_trigger.py
[2025-07-28T15:55:09.710+0000] {processor.py:925} INFO - DAG(s) 'latest_only_with_trigger' retrieved from /home/airflow/.local/lib/python3.12/site-packages/airflow/example_dags/example_latest_only_with_trigger.py
[2025-07-28T15:55:09.730+0000] {logging_mixin.py:190} INFO - [2025-07-28T15:55:09.730+0000] {dag.py:3229} INFO - Sync 1 DAGs
[2025-07-28T15:55:09.742+0000] {logging_mixin.py:190} INFO - [2025-07-28T15:55:09.742+0000] {dag.py:4156} INFO - Setting next_dagrun for latest_only_with_trigger to 2025-07-28 08:00:00+00:00, run_after=2025-07-28 12:00:00+00:00
[2025-07-28T15:55:09.750+0000] {processor.py:208} INFO - Processing /home/airflow/.local/lib/python3.12/site-packages/airflow/example_dags/example_latest_only_with_trigger.py took 0.060 seconds
[2025-07-28T15:55:40.682+0000] {processor.py:186} INFO - Started process (PID=1632) to work on /home/airflow/.local/lib/python3.12/site-packages/airflow/example_dags/example_latest_only_with_trigger.py
[2025-07-28T15:55:40.683+0000] {processor.py:914} INFO - Processing file /home/airflow/.local/lib/python3.12/site-packages/airflow/example_dags/example_latest_only_with_trigger.py for tasks to queue
[2025-07-28T15:55:40.684+0000] {logging_mixin.py:190} INFO - [2025-07-28T15:55:40.684+0000] {dagbag.py:587} INFO - Filling up the DagBag from /home/airflow/.local/lib/python3.12/site-packages/airflow/example_dags/example_latest_only_with_trigger.py
[2025-07-28T15:55:40.690+0000] {processor.py:925} INFO - DAG(s) 'latest_only_with_trigger' retrieved from /home/airflow/.local/lib/python3.12/site-packages/airflow/example_dags/example_latest_only_with_trigger.py
[2025-07-28T15:55:40.706+0000] {logging_mixin.py:190} INFO - [2025-07-28T15:55:40.706+0000] {dag.py:3229} INFO - Sync 1 DAGs
[2025-07-28T15:55:40.723+0000] {logging_mixin.py:190} INFO - [2025-07-28T15:55:40.723+0000] {dag.py:4156} INFO - Setting next_dagrun for latest_only_with_trigger to 2025-07-28 08:00:00+00:00, run_after=2025-07-28 12:00:00+00:00
[2025-07-28T15:55:40.734+0000] {processor.py:208} INFO - Processing /home/airflow/.local/lib/python3.12/site-packages/airflow/example_dags/example_latest_only_with_trigger.py took 0.057 seconds
[2025-07-28T15:56:27.395+0000] {processor.py:186} INFO - Started process (PID=1701) to work on /home/airflow/.local/lib/python3.12/site-packages/airflow/example_dags/example_latest_only_with_trigger.py
[2025-07-28T15:56:27.398+0000] {processor.py:914} INFO - Processing file /home/airflow/.local/lib/python3.12/site-packages/airflow/example_dags/example_latest_only_with_trigger.py for tasks to queue
[2025-07-28T15:56:27.412+0000] {logging_mixin.py:190} INFO - [2025-07-28T15:56:27.408+0000] {dagbag.py:587} INFO - Filling up the DagBag from /home/airflow/.local/lib/python3.12/site-packages/airflow/example_dags/example_latest_only_with_trigger.py
[2025-07-28T15:56:27.439+0000] {processor.py:925} INFO - DAG(s) 'latest_only_with_trigger' retrieved from /home/airflow/.local/lib/python3.12/site-packages/airflow/example_dags/example_latest_only_with_trigger.py
[2025-07-28T15:56:27.508+0000] {logging_mixin.py:190} INFO - [2025-07-28T15:56:27.508+0000] {dag.py:3229} INFO - Sync 1 DAGs
[2025-07-28T15:56:27.580+0000] {logging_mixin.py:190} INFO - [2025-07-28T15:56:27.580+0000] {dag.py:4156} INFO - Setting next_dagrun for latest_only_with_trigger to 2025-07-28 08:00:00+00:00, run_after=2025-07-28 12:00:00+00:00
[2025-07-28T15:56:27.617+0000] {processor.py:208} INFO - Processing /home/airflow/.local/lib/python3.12/site-packages/airflow/example_dags/example_latest_only_with_trigger.py took 0.241 seconds
[2025-07-28T15:56:57.972+0000] {processor.py:186} INFO - Started process (PID=1764) to work on /home/airflow/.local/lib/python3.12/site-packages/airflow/example_dags/example_latest_only_with_trigger.py
[2025-07-28T15:56:57.973+0000] {processor.py:914} INFO - Processing file /home/airflow/.local/lib/python3.12/site-packages/airflow/example_dags/example_latest_only_with_trigger.py for tasks to queue
[2025-07-28T15:56:57.975+0000] {logging_mixin.py:190} INFO - [2025-07-28T15:56:57.975+0000] {dagbag.py:587} INFO - Filling up the DagBag from /home/airflow/.local/lib/python3.12/site-packages/airflow/example_dags/example_latest_only_with_trigger.py
[2025-07-28T15:56:57.983+0000] {processor.py:925} INFO - DAG(s) 'latest_only_with_trigger' retrieved from /home/airflow/.local/lib/python3.12/site-packages/airflow/example_dags/example_latest_only_with_trigger.py
[2025-07-28T15:56:58.009+0000] {logging_mixin.py:190} INFO - [2025-07-28T15:56:58.009+0000] {dag.py:3229} INFO - Sync 1 DAGs
[2025-07-28T15:56:58.030+0000] {logging_mixin.py:190} INFO - [2025-07-28T15:56:58.030+0000] {dag.py:4156} INFO - Setting next_dagrun for latest_only_with_trigger to 2025-07-28 08:00:00+00:00, run_after=2025-07-28 12:00:00+00:00
[2025-07-28T15:56:58.043+0000] {processor.py:208} INFO - Processing /home/airflow/.local/lib/python3.12/site-packages/airflow/example_dags/example_latest_only_with_trigger.py took 0.080 seconds
[2025-07-28T15:57:28.133+0000] {processor.py:186} INFO - Started process (PID=1825) to work on /home/airflow/.local/lib/python3.12/site-packages/airflow/example_dags/example_latest_only_with_trigger.py
[2025-07-28T15:57:28.135+0000] {processor.py:914} INFO - Processing file /home/airflow/.local/lib/python3.12/site-packages/airflow/example_dags/example_latest_only_with_trigger.py for tasks to queue
[2025-07-28T15:57:28.138+0000] {logging_mixin.py:190} INFO - [2025-07-28T15:57:28.138+0000] {dagbag.py:587} INFO - Filling up the DagBag from /home/airflow/.local/lib/python3.12/site-packages/airflow/example_dags/example_latest_only_with_trigger.py
[2025-07-28T15:57:28.157+0000] {processor.py:925} INFO - DAG(s) 'latest_only_with_trigger' retrieved from /home/airflow/.local/lib/python3.12/site-packages/airflow/example_dags/example_latest_only_with_trigger.py
[2025-07-28T15:57:28.190+0000] {logging_mixin.py:190} INFO - [2025-07-28T15:57:28.190+0000] {dag.py:3229} INFO - Sync 1 DAGs
[2025-07-28T15:57:28.212+0000] {logging_mixin.py:190} INFO - [2025-07-28T15:57:28.212+0000] {dag.py:4156} INFO - Setting next_dagrun for latest_only_with_trigger to 2025-07-28 08:00:00+00:00, run_after=2025-07-28 12:00:00+00:00
[2025-07-28T15:57:28.225+0000] {processor.py:208} INFO - Processing /home/airflow/.local/lib/python3.12/site-packages/airflow/example_dags/example_latest_only_with_trigger.py took 0.101 seconds
[2025-07-28T15:57:58.873+0000] {processor.py:186} INFO - Started process (PID=1888) to work on /home/airflow/.local/lib/python3.12/site-packages/airflow/example_dags/example_latest_only_with_trigger.py
[2025-07-28T15:57:58.876+0000] {processor.py:914} INFO - Processing file /home/airflow/.local/lib/python3.12/site-packages/airflow/example_dags/example_latest_only_with_trigger.py for tasks to queue
[2025-07-28T15:57:58.880+0000] {logging_mixin.py:190} INFO - [2025-07-28T15:57:58.880+0000] {dagbag.py:587} INFO - Filling up the DagBag from /home/airflow/.local/lib/python3.12/site-packages/airflow/example_dags/example_latest_only_with_trigger.py
[2025-07-28T15:57:58.891+0000] {processor.py:925} INFO - DAG(s) 'latest_only_with_trigger' retrieved from /home/airflow/.local/lib/python3.12/site-packages/airflow/example_dags/example_latest_only_with_trigger.py
[2025-07-28T15:57:58.920+0000] {logging_mixin.py:190} INFO - [2025-07-28T15:57:58.920+0000] {dag.py:3229} INFO - Sync 1 DAGs
[2025-07-28T15:57:58.945+0000] {logging_mixin.py:190} INFO - [2025-07-28T15:57:58.945+0000] {dag.py:4156} INFO - Setting next_dagrun for latest_only_with_trigger to 2025-07-28 08:00:00+00:00, run_after=2025-07-28 12:00:00+00:00
[2025-07-28T15:57:58.955+0000] {processor.py:208} INFO - Processing /home/airflow/.local/lib/python3.12/site-packages/airflow/example_dags/example_latest_only_with_trigger.py took 0.093 seconds
[2025-07-28T15:58:29.677+0000] {processor.py:186} INFO - Started process (PID=1951) to work on /home/airflow/.local/lib/python3.12/site-packages/airflow/example_dags/example_latest_only_with_trigger.py
[2025-07-28T15:58:29.681+0000] {processor.py:914} INFO - Processing file /home/airflow/.local/lib/python3.12/site-packages/airflow/example_dags/example_latest_only_with_trigger.py for tasks to queue
[2025-07-28T15:58:29.688+0000] {logging_mixin.py:190} INFO - [2025-07-28T15:58:29.687+0000] {dagbag.py:587} INFO - Filling up the DagBag from /home/airflow/.local/lib/python3.12/site-packages/airflow/example_dags/example_latest_only_with_trigger.py
[2025-07-28T15:58:29.706+0000] {processor.py:925} INFO - DAG(s) 'latest_only_with_trigger' retrieved from /home/airflow/.local/lib/python3.12/site-packages/airflow/example_dags/example_latest_only_with_trigger.py
[2025-07-28T15:58:29.735+0000] {logging_mixin.py:190} INFO - [2025-07-28T15:58:29.735+0000] {dag.py:3229} INFO - Sync 1 DAGs
[2025-07-28T15:58:29.762+0000] {logging_mixin.py:190} INFO - [2025-07-28T15:58:29.762+0000] {dag.py:4156} INFO - Setting next_dagrun for latest_only_with_trigger to 2025-07-28 08:00:00+00:00, run_after=2025-07-28 12:00:00+00:00
[2025-07-28T15:58:29.776+0000] {processor.py:208} INFO - Processing /home/airflow/.local/lib/python3.12/site-packages/airflow/example_dags/example_latest_only_with_trigger.py took 0.110 seconds
[2025-07-28T15:58:59.931+0000] {processor.py:186} INFO - Started process (PID=2013) to work on /home/airflow/.local/lib/python3.12/site-packages/airflow/example_dags/example_latest_only_with_trigger.py
[2025-07-28T15:58:59.936+0000] {processor.py:914} INFO - Processing file /home/airflow/.local/lib/python3.12/site-packages/airflow/example_dags/example_latest_only_with_trigger.py for tasks to queue
[2025-07-28T15:58:59.943+0000] {logging_mixin.py:190} INFO - [2025-07-28T15:58:59.942+0000] {dagbag.py:587} INFO - Filling up the DagBag from /home/airflow/.local/lib/python3.12/site-packages/airflow/example_dags/example_latest_only_with_trigger.py
[2025-07-28T15:58:59.957+0000] {processor.py:925} INFO - DAG(s) 'latest_only_with_trigger' retrieved from /home/airflow/.local/lib/python3.12/site-packages/airflow/example_dags/example_latest_only_with_trigger.py
[2025-07-28T15:59:00.000+0000] {logging_mixin.py:190} INFO - [2025-07-28T15:58:59.999+0000] {dag.py:3229} INFO - Sync 1 DAGs
[2025-07-28T15:59:00.063+0000] {logging_mixin.py:190} INFO - [2025-07-28T15:59:00.062+0000] {dag.py:4156} INFO - Setting next_dagrun for latest_only_with_trigger to 2025-07-28 08:00:00+00:00, run_after=2025-07-28 12:00:00+00:00
[2025-07-28T15:59:00.085+0000] {processor.py:208} INFO - Processing /home/airflow/.local/lib/python3.12/site-packages/airflow/example_dags/example_latest_only_with_trigger.py took 0.166 seconds
[2025-07-28T15:59:30.162+0000] {processor.py:186} INFO - Started process (PID=2076) to work on /home/airflow/.local/lib/python3.12/site-packages/airflow/example_dags/example_latest_only_with_trigger.py
[2025-07-28T15:59:30.166+0000] {processor.py:914} INFO - Processing file /home/airflow/.local/lib/python3.12/site-packages/airflow/example_dags/example_latest_only_with_trigger.py for tasks to queue
[2025-07-28T15:59:30.173+0000] {logging_mixin.py:190} INFO - [2025-07-28T15:59:30.172+0000] {dagbag.py:587} INFO - Filling up the DagBag from /home/airflow/.local/lib/python3.12/site-packages/airflow/example_dags/example_latest_only_with_trigger.py
[2025-07-28T15:59:30.202+0000] {processor.py:925} INFO - DAG(s) 'latest_only_with_trigger' retrieved from /home/airflow/.local/lib/python3.12/site-packages/airflow/example_dags/example_latest_only_with_trigger.py
[2025-07-28T15:59:30.232+0000] {logging_mixin.py:190} INFO - [2025-07-28T15:59:30.232+0000] {dag.py:3229} INFO - Sync 1 DAGs
[2025-07-28T15:59:30.262+0000] {logging_mixin.py:190} INFO - [2025-07-28T15:59:30.262+0000] {dag.py:4156} INFO - Setting next_dagrun for latest_only_with_trigger to 2025-07-28 08:00:00+00:00, run_after=2025-07-28 12:00:00+00:00
[2025-07-28T15:59:30.275+0000] {processor.py:208} INFO - Processing /home/airflow/.local/lib/python3.12/site-packages/airflow/example_dags/example_latest_only_with_trigger.py took 0.127 seconds
[2025-07-28T16:00:00.782+0000] {processor.py:186} INFO - Started process (PID=2139) to work on /home/airflow/.local/lib/python3.12/site-packages/airflow/example_dags/example_latest_only_with_trigger.py
[2025-07-28T16:00:00.788+0000] {processor.py:914} INFO - Processing file /home/airflow/.local/lib/python3.12/site-packages/airflow/example_dags/example_latest_only_with_trigger.py for tasks to queue
[2025-07-28T16:00:00.793+0000] {logging_mixin.py:190} INFO - [2025-07-28T16:00:00.792+0000] {dagbag.py:587} INFO - Filling up the DagBag from /home/airflow/.local/lib/python3.12/site-packages/airflow/example_dags/example_latest_only_with_trigger.py
[2025-07-28T16:00:00.813+0000] {processor.py:925} INFO - DAG(s) 'latest_only_with_trigger' retrieved from /home/airflow/.local/lib/python3.12/site-packages/airflow/example_dags/example_latest_only_with_trigger.py
[2025-07-28T16:00:00.835+0000] {logging_mixin.py:190} INFO - [2025-07-28T16:00:00.835+0000] {dag.py:3229} INFO - Sync 1 DAGs
[2025-07-28T16:00:00.861+0000] {logging_mixin.py:190} INFO - [2025-07-28T16:00:00.860+0000] {dag.py:4156} INFO - Setting next_dagrun for latest_only_with_trigger to 2025-07-28 12:00:00+00:00, run_after=2025-07-28 16:00:00+00:00
[2025-07-28T16:00:00.875+0000] {processor.py:208} INFO - Processing /home/airflow/.local/lib/python3.12/site-packages/airflow/example_dags/example_latest_only_with_trigger.py took 0.101 seconds
[2025-07-28T16:00:31.670+0000] {processor.py:186} INFO - Started process (PID=2202) to work on /home/airflow/.local/lib/python3.12/site-packages/airflow/example_dags/example_latest_only_with_trigger.py
[2025-07-28T16:00:31.672+0000] {processor.py:914} INFO - Processing file /home/airflow/.local/lib/python3.12/site-packages/airflow/example_dags/example_latest_only_with_trigger.py for tasks to queue
[2025-07-28T16:00:31.679+0000] {logging_mixin.py:190} INFO - [2025-07-28T16:00:31.678+0000] {dagbag.py:587} INFO - Filling up the DagBag from /home/airflow/.local/lib/python3.12/site-packages/airflow/example_dags/example_latest_only_with_trigger.py
[2025-07-28T16:00:31.697+0000] {processor.py:925} INFO - DAG(s) 'latest_only_with_trigger' retrieved from /home/airflow/.local/lib/python3.12/site-packages/airflow/example_dags/example_latest_only_with_trigger.py
[2025-07-28T16:00:31.736+0000] {logging_mixin.py:190} INFO - [2025-07-28T16:00:31.735+0000] {dag.py:3229} INFO - Sync 1 DAGs
[2025-07-28T16:00:31.765+0000] {logging_mixin.py:190} INFO - [2025-07-28T16:00:31.765+0000] {dag.py:4156} INFO - Setting next_dagrun for latest_only_with_trigger to 2025-07-28 12:00:00+00:00, run_after=2025-07-28 16:00:00+00:00
[2025-07-28T16:00:31.780+0000] {processor.py:208} INFO - Processing /home/airflow/.local/lib/python3.12/site-packages/airflow/example_dags/example_latest_only_with_trigger.py took 0.124 seconds
[2025-07-28T16:01:02.459+0000] {processor.py:186} INFO - Started process (PID=2265) to work on /home/airflow/.local/lib/python3.12/site-packages/airflow/example_dags/example_latest_only_with_trigger.py
[2025-07-28T16:01:02.462+0000] {processor.py:914} INFO - Processing file /home/airflow/.local/lib/python3.12/site-packages/airflow/example_dags/example_latest_only_with_trigger.py for tasks to queue
[2025-07-28T16:01:02.468+0000] {logging_mixin.py:190} INFO - [2025-07-28T16:01:02.467+0000] {dagbag.py:587} INFO - Filling up the DagBag from /home/airflow/.local/lib/python3.12/site-packages/airflow/example_dags/example_latest_only_with_trigger.py
[2025-07-28T16:01:02.484+0000] {processor.py:925} INFO - DAG(s) 'latest_only_with_trigger' retrieved from /home/airflow/.local/lib/python3.12/site-packages/airflow/example_dags/example_latest_only_with_trigger.py
[2025-07-28T16:01:02.515+0000] {logging_mixin.py:190} INFO - [2025-07-28T16:01:02.515+0000] {dag.py:3229} INFO - Sync 1 DAGs
[2025-07-28T16:01:02.540+0000] {logging_mixin.py:190} INFO - [2025-07-28T16:01:02.540+0000] {dag.py:4156} INFO - Setting next_dagrun for latest_only_with_trigger to 2025-07-28 12:00:00+00:00, run_after=2025-07-28 16:00:00+00:00
[2025-07-28T16:01:02.554+0000] {processor.py:208} INFO - Processing /home/airflow/.local/lib/python3.12/site-packages/airflow/example_dags/example_latest_only_with_trigger.py took 0.111 seconds
