[2025-07-28T15:42:52.396+0000] {processor.py:186} INFO - Started process (PID=81) to work on /home/airflow/.local/lib/python3.12/site-packages/airflow/example_dags/example_branch_day_of_week_operator.py
[2025-07-28T15:42:52.398+0000] {processor.py:914} INFO - Processing file /home/airflow/.local/lib/python3.12/site-packages/airflow/example_dags/example_branch_day_of_week_operator.py for tasks to queue
[2025-07-28T15:42:52.402+0000] {logging_mixin.py:190} INFO - [2025-07-28T15:42:52.401+0000] {dagbag.py:587} INFO - Filling up the DagBag from /home/airflow/.local/lib/python3.12/site-packages/airflow/example_dags/example_branch_day_of_week_operator.py
[2025-07-28T15:42:52.414+0000] {processor.py:925} INFO - DAG(s) 'example_weekday_branch_operator' retrieved from /home/airflow/.local/lib/python3.12/site-packages/airflow/example_dags/example_branch_day_of_week_operator.py
[2025-07-28T15:42:52.665+0000] {logging_mixin.py:190} INFO - [2025-07-28T15:42:52.664+0000] {override.py:1900} INFO - Created Permission View: can edit on DAG:example_weekday_branch_operator
[2025-07-28T15:42:52.683+0000] {logging_mixin.py:190} INFO - [2025-07-28T15:42:52.682+0000] {override.py:1900} INFO - Created Permission View: can read on DAG:example_weekday_branch_operator
[2025-07-28T15:42:52.691+0000] {logging_mixin.py:190} INFO - [2025-07-28T15:42:52.691+0000] {override.py:1900} INFO - Created Permission View: can delete on DAG:example_weekday_branch_operator
[2025-07-28T15:42:52.698+0000] {logging_mixin.py:190} INFO - [2025-07-28T15:42:52.698+0000] {override.py:1900} INFO - Created Permission View: can read on DAG Run:example_weekday_branch_operator
[2025-07-28T15:42:52.709+0000] {logging_mixin.py:190} INFO - [2025-07-28T15:42:52.708+0000] {override.py:1900} INFO - Created Permission View: can delete on DAG Run:example_weekday_branch_operator
[2025-07-28T15:42:52.714+0000] {logging_mixin.py:190} INFO - [2025-07-28T15:42:52.714+0000] {override.py:1900} INFO - Created Permission View: can create on DAG Run:example_weekday_branch_operator
[2025-07-28T15:42:52.732+0000] {logging_mixin.py:190} INFO - [2025-07-28T15:42:52.730+0000] {override.py:1900} INFO - Created Permission View: menu access on DAG Run:example_weekday_branch_operator
[2025-07-28T15:42:52.733+0000] {logging_mixin.py:190} INFO - [2025-07-28T15:42:52.733+0000] {dag.py:3229} INFO - Sync 1 DAGs
[2025-07-28T15:42:52.753+0000] {logging_mixin.py:190} INFO - [2025-07-28T15:42:52.752+0000] {dag.py:3252} INFO - Creating ORM DAG for example_weekday_branch_operator
[2025-07-28T15:42:52.770+0000] {logging_mixin.py:190} INFO - [2025-07-28T15:42:52.770+0000] {dag.py:4156} INFO - Setting next_dagrun for example_weekday_branch_operator to 2025-07-27 00:00:00+00:00, run_after=2025-07-28 00:00:00+00:00
[2025-07-28T15:42:52.785+0000] {processor.py:208} INFO - Processing /home/airflow/.local/lib/python3.12/site-packages/airflow/example_dags/example_branch_day_of_week_operator.py took 0.403 seconds
[2025-07-28T15:43:23.793+0000] {processor.py:186} INFO - Started process (PID=143) to work on /home/airflow/.local/lib/python3.12/site-packages/airflow/example_dags/example_branch_day_of_week_operator.py
[2025-07-28T15:43:23.795+0000] {processor.py:914} INFO - Processing file /home/airflow/.local/lib/python3.12/site-packages/airflow/example_dags/example_branch_day_of_week_operator.py for tasks to queue
[2025-07-28T15:43:23.800+0000] {logging_mixin.py:190} INFO - [2025-07-28T15:43:23.799+0000] {dagbag.py:587} INFO - Filling up the DagBag from /home/airflow/.local/lib/python3.12/site-packages/airflow/example_dags/example_branch_day_of_week_operator.py
[2025-07-28T15:43:23.814+0000] {processor.py:925} INFO - DAG(s) 'example_weekday_branch_operator' retrieved from /home/airflow/.local/lib/python3.12/site-packages/airflow/example_dags/example_branch_day_of_week_operator.py
[2025-07-28T15:43:23.830+0000] {logging_mixin.py:190} INFO - [2025-07-28T15:43:23.830+0000] {dag.py:3229} INFO - Sync 1 DAGs
[2025-07-28T15:43:23.845+0000] {logging_mixin.py:190} INFO - [2025-07-28T15:43:23.845+0000] {dag.py:4156} INFO - Setting next_dagrun for example_weekday_branch_operator to 2025-07-27 00:00:00+00:00, run_after=2025-07-28 00:00:00+00:00
[2025-07-28T15:43:23.856+0000] {processor.py:208} INFO - Processing /home/airflow/.local/lib/python3.12/site-packages/airflow/example_dags/example_branch_day_of_week_operator.py took 0.069 seconds
[2025-07-28T15:43:54.579+0000] {processor.py:186} INFO - Started process (PID=205) to work on /home/airflow/.local/lib/python3.12/site-packages/airflow/example_dags/example_branch_day_of_week_operator.py
[2025-07-28T15:43:54.580+0000] {processor.py:914} INFO - Processing file /home/airflow/.local/lib/python3.12/site-packages/airflow/example_dags/example_branch_day_of_week_operator.py for tasks to queue
[2025-07-28T15:43:54.584+0000] {logging_mixin.py:190} INFO - [2025-07-28T15:43:54.584+0000] {dagbag.py:587} INFO - Filling up the DagBag from /home/airflow/.local/lib/python3.12/site-packages/airflow/example_dags/example_branch_day_of_week_operator.py
[2025-07-28T15:43:54.599+0000] {processor.py:925} INFO - DAG(s) 'example_weekday_branch_operator' retrieved from /home/airflow/.local/lib/python3.12/site-packages/airflow/example_dags/example_branch_day_of_week_operator.py
[2025-07-28T15:43:54.623+0000] {logging_mixin.py:190} INFO - [2025-07-28T15:43:54.623+0000] {dag.py:3229} INFO - Sync 1 DAGs
[2025-07-28T15:43:54.645+0000] {logging_mixin.py:190} INFO - [2025-07-28T15:43:54.645+0000] {dag.py:4156} INFO - Setting next_dagrun for example_weekday_branch_operator to 2025-07-27 00:00:00+00:00, run_after=2025-07-28 00:00:00+00:00
[2025-07-28T15:43:54.660+0000] {processor.py:208} INFO - Processing /home/airflow/.local/lib/python3.12/site-packages/airflow/example_dags/example_branch_day_of_week_operator.py took 0.096 seconds
[2025-07-28T15:44:25.143+0000] {processor.py:186} INFO - Started process (PID=267) to work on /home/airflow/.local/lib/python3.12/site-packages/airflow/example_dags/example_branch_day_of_week_operator.py
[2025-07-28T15:44:25.144+0000] {processor.py:914} INFO - Processing file /home/airflow/.local/lib/python3.12/site-packages/airflow/example_dags/example_branch_day_of_week_operator.py for tasks to queue
[2025-07-28T15:44:25.146+0000] {logging_mixin.py:190} INFO - [2025-07-28T15:44:25.146+0000] {dagbag.py:587} INFO - Filling up the DagBag from /home/airflow/.local/lib/python3.12/site-packages/airflow/example_dags/example_branch_day_of_week_operator.py
[2025-07-28T15:44:25.153+0000] {processor.py:925} INFO - DAG(s) 'example_weekday_branch_operator' retrieved from /home/airflow/.local/lib/python3.12/site-packages/airflow/example_dags/example_branch_day_of_week_operator.py
[2025-07-28T15:44:25.165+0000] {logging_mixin.py:190} INFO - [2025-07-28T15:44:25.164+0000] {dag.py:3229} INFO - Sync 1 DAGs
[2025-07-28T15:44:25.177+0000] {logging_mixin.py:190} INFO - [2025-07-28T15:44:25.176+0000] {dag.py:4156} INFO - Setting next_dagrun for example_weekday_branch_operator to 2025-07-27 00:00:00+00:00, run_after=2025-07-28 00:00:00+00:00
[2025-07-28T15:44:25.193+0000] {processor.py:208} INFO - Processing /home/airflow/.local/lib/python3.12/site-packages/airflow/example_dags/example_branch_day_of_week_operator.py took 0.055 seconds
[2025-07-28T15:44:55.650+0000] {processor.py:186} INFO - Started process (PID=329) to work on /home/airflow/.local/lib/python3.12/site-packages/airflow/example_dags/example_branch_day_of_week_operator.py
[2025-07-28T15:44:55.651+0000] {processor.py:914} INFO - Processing file /home/airflow/.local/lib/python3.12/site-packages/airflow/example_dags/example_branch_day_of_week_operator.py for tasks to queue
[2025-07-28T15:44:55.653+0000] {logging_mixin.py:190} INFO - [2025-07-28T15:44:55.653+0000] {dagbag.py:587} INFO - Filling up the DagBag from /home/airflow/.local/lib/python3.12/site-packages/airflow/example_dags/example_branch_day_of_week_operator.py
[2025-07-28T15:44:55.662+0000] {processor.py:925} INFO - DAG(s) 'example_weekday_branch_operator' retrieved from /home/airflow/.local/lib/python3.12/site-packages/airflow/example_dags/example_branch_day_of_week_operator.py
[2025-07-28T15:44:55.678+0000] {logging_mixin.py:190} INFO - [2025-07-28T15:44:55.678+0000] {dag.py:3229} INFO - Sync 1 DAGs
[2025-07-28T15:44:55.694+0000] {logging_mixin.py:190} INFO - [2025-07-28T15:44:55.694+0000] {dag.py:4156} INFO - Setting next_dagrun for example_weekday_branch_operator to 2025-07-27 00:00:00+00:00, run_after=2025-07-28 00:00:00+00:00
[2025-07-28T15:44:55.703+0000] {processor.py:208} INFO - Processing /home/airflow/.local/lib/python3.12/site-packages/airflow/example_dags/example_branch_day_of_week_operator.py took 0.061 seconds
[2025-07-28T15:45:26.457+0000] {processor.py:186} INFO - Started process (PID=391) to work on /home/airflow/.local/lib/python3.12/site-packages/airflow/example_dags/example_branch_day_of_week_operator.py
[2025-07-28T15:45:26.458+0000] {processor.py:914} INFO - Processing file /home/airflow/.local/lib/python3.12/site-packages/airflow/example_dags/example_branch_day_of_week_operator.py for tasks to queue
[2025-07-28T15:45:26.460+0000] {logging_mixin.py:190} INFO - [2025-07-28T15:45:26.459+0000] {dagbag.py:587} INFO - Filling up the DagBag from /home/airflow/.local/lib/python3.12/site-packages/airflow/example_dags/example_branch_day_of_week_operator.py
[2025-07-28T15:45:26.468+0000] {processor.py:925} INFO - DAG(s) 'example_weekday_branch_operator' retrieved from /home/airflow/.local/lib/python3.12/site-packages/airflow/example_dags/example_branch_day_of_week_operator.py
[2025-07-28T15:45:26.483+0000] {logging_mixin.py:190} INFO - [2025-07-28T15:45:26.483+0000] {dag.py:3229} INFO - Sync 1 DAGs
[2025-07-28T15:45:26.497+0000] {logging_mixin.py:190} INFO - [2025-07-28T15:45:26.497+0000] {dag.py:4156} INFO - Setting next_dagrun for example_weekday_branch_operator to 2025-07-27 00:00:00+00:00, run_after=2025-07-28 00:00:00+00:00
[2025-07-28T15:45:26.505+0000] {processor.py:208} INFO - Processing /home/airflow/.local/lib/python3.12/site-packages/airflow/example_dags/example_branch_day_of_week_operator.py took 0.053 seconds
[2025-07-28T15:45:57.290+0000] {processor.py:186} INFO - Started process (PID=453) to work on /home/airflow/.local/lib/python3.12/site-packages/airflow/example_dags/example_branch_day_of_week_operator.py
[2025-07-28T15:45:57.292+0000] {processor.py:914} INFO - Processing file /home/airflow/.local/lib/python3.12/site-packages/airflow/example_dags/example_branch_day_of_week_operator.py for tasks to queue
[2025-07-28T15:45:57.295+0000] {logging_mixin.py:190} INFO - [2025-07-28T15:45:57.294+0000] {dagbag.py:587} INFO - Filling up the DagBag from /home/airflow/.local/lib/python3.12/site-packages/airflow/example_dags/example_branch_day_of_week_operator.py
[2025-07-28T15:45:57.303+0000] {processor.py:925} INFO - DAG(s) 'example_weekday_branch_operator' retrieved from /home/airflow/.local/lib/python3.12/site-packages/airflow/example_dags/example_branch_day_of_week_operator.py
[2025-07-28T15:45:57.317+0000] {logging_mixin.py:190} INFO - [2025-07-28T15:45:57.317+0000] {dag.py:3229} INFO - Sync 1 DAGs
[2025-07-28T15:45:57.329+0000] {logging_mixin.py:190} INFO - [2025-07-28T15:45:57.329+0000] {dag.py:4156} INFO - Setting next_dagrun for example_weekday_branch_operator to 2025-07-27 00:00:00+00:00, run_after=2025-07-28 00:00:00+00:00
[2025-07-28T15:45:57.336+0000] {processor.py:208} INFO - Processing /home/airflow/.local/lib/python3.12/site-packages/airflow/example_dags/example_branch_day_of_week_operator.py took 0.054 seconds
[2025-07-28T15:46:27.854+0000] {processor.py:186} INFO - Started process (PID=515) to work on /home/airflow/.local/lib/python3.12/site-packages/airflow/example_dags/example_branch_day_of_week_operator.py
[2025-07-28T15:46:27.855+0000] {processor.py:914} INFO - Processing file /home/airflow/.local/lib/python3.12/site-packages/airflow/example_dags/example_branch_day_of_week_operator.py for tasks to queue
[2025-07-28T15:46:27.858+0000] {logging_mixin.py:190} INFO - [2025-07-28T15:46:27.857+0000] {dagbag.py:587} INFO - Filling up the DagBag from /home/airflow/.local/lib/python3.12/site-packages/airflow/example_dags/example_branch_day_of_week_operator.py
[2025-07-28T15:46:27.866+0000] {processor.py:925} INFO - DAG(s) 'example_weekday_branch_operator' retrieved from /home/airflow/.local/lib/python3.12/site-packages/airflow/example_dags/example_branch_day_of_week_operator.py
[2025-07-28T15:46:27.886+0000] {logging_mixin.py:190} INFO - [2025-07-28T15:46:27.883+0000] {dag.py:3229} INFO - Sync 1 DAGs
[2025-07-28T15:46:27.900+0000] {logging_mixin.py:190} INFO - [2025-07-28T15:46:27.900+0000] {dag.py:4156} INFO - Setting next_dagrun for example_weekday_branch_operator to 2025-07-27 00:00:00+00:00, run_after=2025-07-28 00:00:00+00:00
[2025-07-28T15:46:27.911+0000] {processor.py:208} INFO - Processing /home/airflow/.local/lib/python3.12/site-packages/airflow/example_dags/example_branch_day_of_week_operator.py took 0.064 seconds
[2025-07-28T15:46:58.429+0000] {processor.py:186} INFO - Started process (PID=577) to work on /home/airflow/.local/lib/python3.12/site-packages/airflow/example_dags/example_branch_day_of_week_operator.py
[2025-07-28T15:46:58.430+0000] {processor.py:914} INFO - Processing file /home/airflow/.local/lib/python3.12/site-packages/airflow/example_dags/example_branch_day_of_week_operator.py for tasks to queue
[2025-07-28T15:46:58.432+0000] {logging_mixin.py:190} INFO - [2025-07-28T15:46:58.432+0000] {dagbag.py:587} INFO - Filling up the DagBag from /home/airflow/.local/lib/python3.12/site-packages/airflow/example_dags/example_branch_day_of_week_operator.py
[2025-07-28T15:46:58.441+0000] {processor.py:925} INFO - DAG(s) 'example_weekday_branch_operator' retrieved from /home/airflow/.local/lib/python3.12/site-packages/airflow/example_dags/example_branch_day_of_week_operator.py
[2025-07-28T15:46:58.459+0000] {logging_mixin.py:190} INFO - [2025-07-28T15:46:58.459+0000] {dag.py:3229} INFO - Sync 1 DAGs
[2025-07-28T15:46:58.472+0000] {logging_mixin.py:190} INFO - [2025-07-28T15:46:58.472+0000] {dag.py:4156} INFO - Setting next_dagrun for example_weekday_branch_operator to 2025-07-27 00:00:00+00:00, run_after=2025-07-28 00:00:00+00:00
[2025-07-28T15:46:58.479+0000] {processor.py:208} INFO - Processing /home/airflow/.local/lib/python3.12/site-packages/airflow/example_dags/example_branch_day_of_week_operator.py took 0.058 seconds
[2025-07-28T15:47:29.349+0000] {processor.py:186} INFO - Started process (PID=639) to work on /home/airflow/.local/lib/python3.12/site-packages/airflow/example_dags/example_branch_day_of_week_operator.py
[2025-07-28T15:47:29.351+0000] {processor.py:914} INFO - Processing file /home/airflow/.local/lib/python3.12/site-packages/airflow/example_dags/example_branch_day_of_week_operator.py for tasks to queue
[2025-07-28T15:47:29.361+0000] {logging_mixin.py:190} INFO - [2025-07-28T15:47:29.360+0000] {dagbag.py:587} INFO - Filling up the DagBag from /home/airflow/.local/lib/python3.12/site-packages/airflow/example_dags/example_branch_day_of_week_operator.py
[2025-07-28T15:47:29.385+0000] {processor.py:925} INFO - DAG(s) 'example_weekday_branch_operator' retrieved from /home/airflow/.local/lib/python3.12/site-packages/airflow/example_dags/example_branch_day_of_week_operator.py
[2025-07-28T15:47:29.422+0000] {logging_mixin.py:190} INFO - [2025-07-28T15:47:29.421+0000] {dag.py:3229} INFO - Sync 1 DAGs
[2025-07-28T15:47:29.446+0000] {logging_mixin.py:190} INFO - [2025-07-28T15:47:29.446+0000] {dag.py:4156} INFO - Setting next_dagrun for example_weekday_branch_operator to 2025-07-27 00:00:00+00:00, run_after=2025-07-28 00:00:00+00:00
[2025-07-28T15:47:29.460+0000] {processor.py:208} INFO - Processing /home/airflow/.local/lib/python3.12/site-packages/airflow/example_dags/example_branch_day_of_week_operator.py took 0.133 seconds
[2025-07-28T15:48:00.096+0000] {processor.py:186} INFO - Started process (PID=701) to work on /home/airflow/.local/lib/python3.12/site-packages/airflow/example_dags/example_branch_day_of_week_operator.py
[2025-07-28T15:48:00.097+0000] {processor.py:914} INFO - Processing file /home/airflow/.local/lib/python3.12/site-packages/airflow/example_dags/example_branch_day_of_week_operator.py for tasks to queue
[2025-07-28T15:48:00.099+0000] {logging_mixin.py:190} INFO - [2025-07-28T15:48:00.099+0000] {dagbag.py:587} INFO - Filling up the DagBag from /home/airflow/.local/lib/python3.12/site-packages/airflow/example_dags/example_branch_day_of_week_operator.py
[2025-07-28T15:48:00.112+0000] {processor.py:925} INFO - DAG(s) 'example_weekday_branch_operator' retrieved from /home/airflow/.local/lib/python3.12/site-packages/airflow/example_dags/example_branch_day_of_week_operator.py
[2025-07-28T15:48:00.160+0000] {logging_mixin.py:190} INFO - [2025-07-28T15:48:00.160+0000] {dag.py:3229} INFO - Sync 1 DAGs
[2025-07-28T15:48:00.190+0000] {logging_mixin.py:190} INFO - [2025-07-28T15:48:00.190+0000] {dag.py:4156} INFO - Setting next_dagrun for example_weekday_branch_operator to 2025-07-27 00:00:00+00:00, run_after=2025-07-28 00:00:00+00:00
[2025-07-28T15:48:00.206+0000] {processor.py:208} INFO - Processing /home/airflow/.local/lib/python3.12/site-packages/airflow/example_dags/example_branch_day_of_week_operator.py took 0.115 seconds
[2025-07-28T15:48:30.633+0000] {processor.py:186} INFO - Started process (PID=763) to work on /home/airflow/.local/lib/python3.12/site-packages/airflow/example_dags/example_branch_day_of_week_operator.py
[2025-07-28T15:48:30.635+0000] {processor.py:914} INFO - Processing file /home/airflow/.local/lib/python3.12/site-packages/airflow/example_dags/example_branch_day_of_week_operator.py for tasks to queue
[2025-07-28T15:48:30.638+0000] {logging_mixin.py:190} INFO - [2025-07-28T15:48:30.638+0000] {dagbag.py:587} INFO - Filling up the DagBag from /home/airflow/.local/lib/python3.12/site-packages/airflow/example_dags/example_branch_day_of_week_operator.py
[2025-07-28T15:48:30.651+0000] {processor.py:925} INFO - DAG(s) 'example_weekday_branch_operator' retrieved from /home/airflow/.local/lib/python3.12/site-packages/airflow/example_dags/example_branch_day_of_week_operator.py
[2025-07-28T15:48:30.672+0000] {logging_mixin.py:190} INFO - [2025-07-28T15:48:30.672+0000] {dag.py:3229} INFO - Sync 1 DAGs
[2025-07-28T15:48:30.690+0000] {logging_mixin.py:190} INFO - [2025-07-28T15:48:30.690+0000] {dag.py:4156} INFO - Setting next_dagrun for example_weekday_branch_operator to 2025-07-27 00:00:00+00:00, run_after=2025-07-28 00:00:00+00:00
[2025-07-28T15:48:30.704+0000] {processor.py:208} INFO - Processing /home/airflow/.local/lib/python3.12/site-packages/airflow/example_dags/example_branch_day_of_week_operator.py took 0.086 seconds
[2025-07-28T15:49:01.540+0000] {processor.py:186} INFO - Started process (PID=825) to work on /home/airflow/.local/lib/python3.12/site-packages/airflow/example_dags/example_branch_day_of_week_operator.py
[2025-07-28T15:49:01.542+0000] {processor.py:914} INFO - Processing file /home/airflow/.local/lib/python3.12/site-packages/airflow/example_dags/example_branch_day_of_week_operator.py for tasks to queue
[2025-07-28T15:49:01.543+0000] {logging_mixin.py:190} INFO - [2025-07-28T15:49:01.543+0000] {dagbag.py:587} INFO - Filling up the DagBag from /home/airflow/.local/lib/python3.12/site-packages/airflow/example_dags/example_branch_day_of_week_operator.py
[2025-07-28T15:49:01.549+0000] {processor.py:925} INFO - DAG(s) 'example_weekday_branch_operator' retrieved from /home/airflow/.local/lib/python3.12/site-packages/airflow/example_dags/example_branch_day_of_week_operator.py
[2025-07-28T15:49:01.565+0000] {logging_mixin.py:190} INFO - [2025-07-28T15:49:01.565+0000] {dag.py:3229} INFO - Sync 1 DAGs
[2025-07-28T15:49:01.576+0000] {logging_mixin.py:190} INFO - [2025-07-28T15:49:01.576+0000] {dag.py:4156} INFO - Setting next_dagrun for example_weekday_branch_operator to 2025-07-27 00:00:00+00:00, run_after=2025-07-28 00:00:00+00:00
[2025-07-28T15:49:01.583+0000] {processor.py:208} INFO - Processing /home/airflow/.local/lib/python3.12/site-packages/airflow/example_dags/example_branch_day_of_week_operator.py took 0.047 seconds
[2025-07-28T15:49:32.070+0000] {processor.py:186} INFO - Started process (PID=887) to work on /home/airflow/.local/lib/python3.12/site-packages/airflow/example_dags/example_branch_day_of_week_operator.py
[2025-07-28T15:49:32.072+0000] {processor.py:914} INFO - Processing file /home/airflow/.local/lib/python3.12/site-packages/airflow/example_dags/example_branch_day_of_week_operator.py for tasks to queue
[2025-07-28T15:49:32.076+0000] {logging_mixin.py:190} INFO - [2025-07-28T15:49:32.076+0000] {dagbag.py:587} INFO - Filling up the DagBag from /home/airflow/.local/lib/python3.12/site-packages/airflow/example_dags/example_branch_day_of_week_operator.py
[2025-07-28T15:49:32.083+0000] {processor.py:925} INFO - DAG(s) 'example_weekday_branch_operator' retrieved from /home/airflow/.local/lib/python3.12/site-packages/airflow/example_dags/example_branch_day_of_week_operator.py
[2025-07-28T15:49:32.100+0000] {logging_mixin.py:190} INFO - [2025-07-28T15:49:32.099+0000] {dag.py:3229} INFO - Sync 1 DAGs
[2025-07-28T15:49:32.115+0000] {logging_mixin.py:190} INFO - [2025-07-28T15:49:32.115+0000] {dag.py:4156} INFO - Setting next_dagrun for example_weekday_branch_operator to 2025-07-27 00:00:00+00:00, run_after=2025-07-28 00:00:00+00:00
[2025-07-28T15:49:32.123+0000] {processor.py:208} INFO - Processing /home/airflow/.local/lib/python3.12/site-packages/airflow/example_dags/example_branch_day_of_week_operator.py took 0.061 seconds
[2025-07-28T15:50:02.846+0000] {processor.py:186} INFO - Started process (PID=949) to work on /home/airflow/.local/lib/python3.12/site-packages/airflow/example_dags/example_branch_day_of_week_operator.py
[2025-07-28T15:50:02.849+0000] {processor.py:914} INFO - Processing file /home/airflow/.local/lib/python3.12/site-packages/airflow/example_dags/example_branch_day_of_week_operator.py for tasks to queue
[2025-07-28T15:50:02.857+0000] {logging_mixin.py:190} INFO - [2025-07-28T15:50:02.856+0000] {dagbag.py:587} INFO - Filling up the DagBag from /home/airflow/.local/lib/python3.12/site-packages/airflow/example_dags/example_branch_day_of_week_operator.py
[2025-07-28T15:50:02.898+0000] {processor.py:925} INFO - DAG(s) 'example_weekday_branch_operator' retrieved from /home/airflow/.local/lib/python3.12/site-packages/airflow/example_dags/example_branch_day_of_week_operator.py
[2025-07-28T15:50:02.964+0000] {logging_mixin.py:190} INFO - [2025-07-28T15:50:02.963+0000] {dag.py:3229} INFO - Sync 1 DAGs
[2025-07-28T15:50:03.000+0000] {logging_mixin.py:190} INFO - [2025-07-28T15:50:03.000+0000] {dag.py:4156} INFO - Setting next_dagrun for example_weekday_branch_operator to 2025-07-27 00:00:00+00:00, run_after=2025-07-28 00:00:00+00:00
[2025-07-28T15:50:03.015+0000] {processor.py:208} INFO - Processing /home/airflow/.local/lib/python3.12/site-packages/airflow/example_dags/example_branch_day_of_week_operator.py took 0.208 seconds
[2025-07-28T15:50:33.173+0000] {processor.py:186} INFO - Started process (PID=1011) to work on /home/airflow/.local/lib/python3.12/site-packages/airflow/example_dags/example_branch_day_of_week_operator.py
[2025-07-28T15:50:33.175+0000] {processor.py:914} INFO - Processing file /home/airflow/.local/lib/python3.12/site-packages/airflow/example_dags/example_branch_day_of_week_operator.py for tasks to queue
[2025-07-28T15:50:33.182+0000] {logging_mixin.py:190} INFO - [2025-07-28T15:50:33.182+0000] {dagbag.py:587} INFO - Filling up the DagBag from /home/airflow/.local/lib/python3.12/site-packages/airflow/example_dags/example_branch_day_of_week_operator.py
[2025-07-28T15:50:33.199+0000] {processor.py:925} INFO - DAG(s) 'example_weekday_branch_operator' retrieved from /home/airflow/.local/lib/python3.12/site-packages/airflow/example_dags/example_branch_day_of_week_operator.py
[2025-07-28T15:50:33.233+0000] {logging_mixin.py:190} INFO - [2025-07-28T15:50:33.233+0000] {dag.py:3229} INFO - Sync 1 DAGs
[2025-07-28T15:50:33.261+0000] {logging_mixin.py:190} INFO - [2025-07-28T15:50:33.260+0000] {dag.py:4156} INFO - Setting next_dagrun for example_weekday_branch_operator to 2025-07-27 00:00:00+00:00, run_after=2025-07-28 00:00:00+00:00
[2025-07-28T15:50:33.276+0000] {processor.py:208} INFO - Processing /home/airflow/.local/lib/python3.12/site-packages/airflow/example_dags/example_branch_day_of_week_operator.py took 0.120 seconds
[2025-07-28T15:51:03.328+0000] {processor.py:186} INFO - Started process (PID=1073) to work on /home/airflow/.local/lib/python3.12/site-packages/airflow/example_dags/example_branch_day_of_week_operator.py
[2025-07-28T15:51:03.331+0000] {processor.py:914} INFO - Processing file /home/airflow/.local/lib/python3.12/site-packages/airflow/example_dags/example_branch_day_of_week_operator.py for tasks to queue
[2025-07-28T15:51:03.334+0000] {logging_mixin.py:190} INFO - [2025-07-28T15:51:03.334+0000] {dagbag.py:587} INFO - Filling up the DagBag from /home/airflow/.local/lib/python3.12/site-packages/airflow/example_dags/example_branch_day_of_week_operator.py
[2025-07-28T15:51:03.354+0000] {processor.py:925} INFO - DAG(s) 'example_weekday_branch_operator' retrieved from /home/airflow/.local/lib/python3.12/site-packages/airflow/example_dags/example_branch_day_of_week_operator.py
[2025-07-28T15:51:03.380+0000] {logging_mixin.py:190} INFO - [2025-07-28T15:51:03.380+0000] {dag.py:3229} INFO - Sync 1 DAGs
[2025-07-28T15:51:03.404+0000] {logging_mixin.py:190} INFO - [2025-07-28T15:51:03.404+0000] {dag.py:4156} INFO - Setting next_dagrun for example_weekday_branch_operator to 2025-07-27 00:00:00+00:00, run_after=2025-07-28 00:00:00+00:00
[2025-07-28T15:51:03.417+0000] {processor.py:208} INFO - Processing /home/airflow/.local/lib/python3.12/site-packages/airflow/example_dags/example_branch_day_of_week_operator.py took 0.100 seconds
[2025-07-28T15:51:34.006+0000] {processor.py:186} INFO - Started process (PID=1135) to work on /home/airflow/.local/lib/python3.12/site-packages/airflow/example_dags/example_branch_day_of_week_operator.py
[2025-07-28T15:51:34.010+0000] {processor.py:914} INFO - Processing file /home/airflow/.local/lib/python3.12/site-packages/airflow/example_dags/example_branch_day_of_week_operator.py for tasks to queue
[2025-07-28T15:51:34.026+0000] {logging_mixin.py:190} INFO - [2025-07-28T15:51:34.023+0000] {dagbag.py:587} INFO - Filling up the DagBag from /home/airflow/.local/lib/python3.12/site-packages/airflow/example_dags/example_branch_day_of_week_operator.py
[2025-07-28T15:51:34.050+0000] {processor.py:925} INFO - DAG(s) 'example_weekday_branch_operator' retrieved from /home/airflow/.local/lib/python3.12/site-packages/airflow/example_dags/example_branch_day_of_week_operator.py
[2025-07-28T15:51:34.100+0000] {logging_mixin.py:190} INFO - [2025-07-28T15:51:34.100+0000] {dag.py:3229} INFO - Sync 1 DAGs
[2025-07-28T15:51:34.138+0000] {logging_mixin.py:190} INFO - [2025-07-28T15:51:34.138+0000] {dag.py:4156} INFO - Setting next_dagrun for example_weekday_branch_operator to 2025-07-27 00:00:00+00:00, run_after=2025-07-28 00:00:00+00:00
[2025-07-28T15:51:34.156+0000] {processor.py:208} INFO - Processing /home/airflow/.local/lib/python3.12/site-packages/airflow/example_dags/example_branch_day_of_week_operator.py took 0.183 seconds
[2025-07-28T15:52:04.249+0000] {processor.py:186} INFO - Started process (PID=1198) to work on /home/airflow/.local/lib/python3.12/site-packages/airflow/example_dags/example_branch_day_of_week_operator.py
[2025-07-28T15:52:04.253+0000] {processor.py:914} INFO - Processing file /home/airflow/.local/lib/python3.12/site-packages/airflow/example_dags/example_branch_day_of_week_operator.py for tasks to queue
[2025-07-28T15:52:04.256+0000] {logging_mixin.py:190} INFO - [2025-07-28T15:52:04.255+0000] {dagbag.py:587} INFO - Filling up the DagBag from /home/airflow/.local/lib/python3.12/site-packages/airflow/example_dags/example_branch_day_of_week_operator.py
[2025-07-28T15:52:04.270+0000] {processor.py:925} INFO - DAG(s) 'example_weekday_branch_operator' retrieved from /home/airflow/.local/lib/python3.12/site-packages/airflow/example_dags/example_branch_day_of_week_operator.py
[2025-07-28T15:52:04.293+0000] {logging_mixin.py:190} INFO - [2025-07-28T15:52:04.293+0000] {dag.py:3229} INFO - Sync 1 DAGs
[2025-07-28T15:52:04.318+0000] {logging_mixin.py:190} INFO - [2025-07-28T15:52:04.317+0000] {dag.py:4156} INFO - Setting next_dagrun for example_weekday_branch_operator to 2025-07-27 00:00:00+00:00, run_after=2025-07-28 00:00:00+00:00
[2025-07-28T15:52:04.332+0000] {processor.py:208} INFO - Processing /home/airflow/.local/lib/python3.12/site-packages/airflow/example_dags/example_branch_day_of_week_operator.py took 0.095 seconds
[2025-07-28T15:52:35.280+0000] {processor.py:186} INFO - Started process (PID=1259) to work on /home/airflow/.local/lib/python3.12/site-packages/airflow/example_dags/example_branch_day_of_week_operator.py
[2025-07-28T15:52:35.282+0000] {processor.py:914} INFO - Processing file /home/airflow/.local/lib/python3.12/site-packages/airflow/example_dags/example_branch_day_of_week_operator.py for tasks to queue
[2025-07-28T15:52:35.284+0000] {logging_mixin.py:190} INFO - [2025-07-28T15:52:35.284+0000] {dagbag.py:587} INFO - Filling up the DagBag from /home/airflow/.local/lib/python3.12/site-packages/airflow/example_dags/example_branch_day_of_week_operator.py
[2025-07-28T15:52:35.292+0000] {processor.py:925} INFO - DAG(s) 'example_weekday_branch_operator' retrieved from /home/airflow/.local/lib/python3.12/site-packages/airflow/example_dags/example_branch_day_of_week_operator.py
[2025-07-28T15:52:35.314+0000] {logging_mixin.py:190} INFO - [2025-07-28T15:52:35.313+0000] {dag.py:3229} INFO - Sync 1 DAGs
[2025-07-28T15:52:35.335+0000] {logging_mixin.py:190} INFO - [2025-07-28T15:52:35.335+0000] {dag.py:4156} INFO - Setting next_dagrun for example_weekday_branch_operator to 2025-07-27 00:00:00+00:00, run_after=2025-07-28 00:00:00+00:00
[2025-07-28T15:52:35.348+0000] {processor.py:208} INFO - Processing /home/airflow/.local/lib/python3.12/site-packages/airflow/example_dags/example_branch_day_of_week_operator.py took 0.077 seconds
[2025-07-28T15:53:05.401+0000] {processor.py:186} INFO - Started process (PID=1321) to work on /home/airflow/.local/lib/python3.12/site-packages/airflow/example_dags/example_branch_day_of_week_operator.py
[2025-07-28T15:53:05.404+0000] {processor.py:914} INFO - Processing file /home/airflow/.local/lib/python3.12/site-packages/airflow/example_dags/example_branch_day_of_week_operator.py for tasks to queue
[2025-07-28T15:53:05.405+0000] {logging_mixin.py:190} INFO - [2025-07-28T15:53:05.405+0000] {dagbag.py:587} INFO - Filling up the DagBag from /home/airflow/.local/lib/python3.12/site-packages/airflow/example_dags/example_branch_day_of_week_operator.py
[2025-07-28T15:53:05.412+0000] {processor.py:925} INFO - DAG(s) 'example_weekday_branch_operator' retrieved from /home/airflow/.local/lib/python3.12/site-packages/airflow/example_dags/example_branch_day_of_week_operator.py
[2025-07-28T15:53:05.426+0000] {logging_mixin.py:190} INFO - [2025-07-28T15:53:05.426+0000] {dag.py:3229} INFO - Sync 1 DAGs
[2025-07-28T15:53:05.438+0000] {logging_mixin.py:190} INFO - [2025-07-28T15:53:05.438+0000] {dag.py:4156} INFO - Setting next_dagrun for example_weekday_branch_operator to 2025-07-27 00:00:00+00:00, run_after=2025-07-28 00:00:00+00:00
[2025-07-28T15:53:05.446+0000] {processor.py:208} INFO - Processing /home/airflow/.local/lib/python3.12/site-packages/airflow/example_dags/example_branch_day_of_week_operator.py took 0.050 seconds
[2025-07-28T15:53:36.459+0000] {processor.py:186} INFO - Started process (PID=1384) to work on /home/airflow/.local/lib/python3.12/site-packages/airflow/example_dags/example_branch_day_of_week_operator.py
[2025-07-28T15:53:36.461+0000] {processor.py:914} INFO - Processing file /home/airflow/.local/lib/python3.12/site-packages/airflow/example_dags/example_branch_day_of_week_operator.py for tasks to queue
[2025-07-28T15:53:36.463+0000] {logging_mixin.py:190} INFO - [2025-07-28T15:53:36.463+0000] {dagbag.py:587} INFO - Filling up the DagBag from /home/airflow/.local/lib/python3.12/site-packages/airflow/example_dags/example_branch_day_of_week_operator.py
[2025-07-28T15:53:36.470+0000] {processor.py:925} INFO - DAG(s) 'example_weekday_branch_operator' retrieved from /home/airflow/.local/lib/python3.12/site-packages/airflow/example_dags/example_branch_day_of_week_operator.py
[2025-07-28T15:53:36.482+0000] {logging_mixin.py:190} INFO - [2025-07-28T15:53:36.482+0000] {dag.py:3229} INFO - Sync 1 DAGs
[2025-07-28T15:53:36.494+0000] {logging_mixin.py:190} INFO - [2025-07-28T15:53:36.494+0000] {dag.py:4156} INFO - Setting next_dagrun for example_weekday_branch_operator to 2025-07-27 00:00:00+00:00, run_after=2025-07-28 00:00:00+00:00
[2025-07-28T15:53:36.502+0000] {processor.py:208} INFO - Processing /home/airflow/.local/lib/python3.12/site-packages/airflow/example_dags/example_branch_day_of_week_operator.py took 0.049 seconds
[2025-07-28T15:54:07.295+0000] {processor.py:186} INFO - Started process (PID=1447) to work on /home/airflow/.local/lib/python3.12/site-packages/airflow/example_dags/example_branch_day_of_week_operator.py
[2025-07-28T15:54:07.297+0000] {processor.py:914} INFO - Processing file /home/airflow/.local/lib/python3.12/site-packages/airflow/example_dags/example_branch_day_of_week_operator.py for tasks to queue
[2025-07-28T15:54:07.300+0000] {logging_mixin.py:190} INFO - [2025-07-28T15:54:07.299+0000] {dagbag.py:587} INFO - Filling up the DagBag from /home/airflow/.local/lib/python3.12/site-packages/airflow/example_dags/example_branch_day_of_week_operator.py
[2025-07-28T15:54:07.309+0000] {processor.py:925} INFO - DAG(s) 'example_weekday_branch_operator' retrieved from /home/airflow/.local/lib/python3.12/site-packages/airflow/example_dags/example_branch_day_of_week_operator.py
[2025-07-28T15:54:07.324+0000] {logging_mixin.py:190} INFO - [2025-07-28T15:54:07.324+0000] {dag.py:3229} INFO - Sync 1 DAGs
[2025-07-28T15:54:07.339+0000] {logging_mixin.py:190} INFO - [2025-07-28T15:54:07.339+0000] {dag.py:4156} INFO - Setting next_dagrun for example_weekday_branch_operator to 2025-07-27 00:00:00+00:00, run_after=2025-07-28 00:00:00+00:00
[2025-07-28T15:54:07.348+0000] {processor.py:208} INFO - Processing /home/airflow/.local/lib/python3.12/site-packages/airflow/example_dags/example_branch_day_of_week_operator.py took 0.062 seconds
[2025-07-28T15:54:38.188+0000] {processor.py:186} INFO - Started process (PID=1510) to work on /home/airflow/.local/lib/python3.12/site-packages/airflow/example_dags/example_branch_day_of_week_operator.py
[2025-07-28T15:54:38.191+0000] {processor.py:914} INFO - Processing file /home/airflow/.local/lib/python3.12/site-packages/airflow/example_dags/example_branch_day_of_week_operator.py for tasks to queue
[2025-07-28T15:54:38.201+0000] {logging_mixin.py:190} INFO - [2025-07-28T15:54:38.198+0000] {dagbag.py:587} INFO - Filling up the DagBag from /home/airflow/.local/lib/python3.12/site-packages/airflow/example_dags/example_branch_day_of_week_operator.py
[2025-07-28T15:54:38.223+0000] {processor.py:925} INFO - DAG(s) 'example_weekday_branch_operator' retrieved from /home/airflow/.local/lib/python3.12/site-packages/airflow/example_dags/example_branch_day_of_week_operator.py
[2025-07-28T15:54:38.252+0000] {logging_mixin.py:190} INFO - [2025-07-28T15:54:38.252+0000] {dag.py:3229} INFO - Sync 1 DAGs
[2025-07-28T15:54:38.277+0000] {logging_mixin.py:190} INFO - [2025-07-28T15:54:38.277+0000] {dag.py:4156} INFO - Setting next_dagrun for example_weekday_branch_operator to 2025-07-27 00:00:00+00:00, run_after=2025-07-28 00:00:00+00:00
[2025-07-28T15:54:38.290+0000] {processor.py:208} INFO - Processing /home/airflow/.local/lib/python3.12/site-packages/airflow/example_dags/example_branch_day_of_week_operator.py took 0.128 seconds
[2025-07-28T15:55:09.847+0000] {processor.py:186} INFO - Started process (PID=1573) to work on /home/airflow/.local/lib/python3.12/site-packages/airflow/example_dags/example_branch_day_of_week_operator.py
[2025-07-28T15:55:09.847+0000] {processor.py:914} INFO - Processing file /home/airflow/.local/lib/python3.12/site-packages/airflow/example_dags/example_branch_day_of_week_operator.py for tasks to queue
[2025-07-28T15:55:09.848+0000] {logging_mixin.py:190} INFO - [2025-07-28T15:55:09.848+0000] {dagbag.py:587} INFO - Filling up the DagBag from /home/airflow/.local/lib/python3.12/site-packages/airflow/example_dags/example_branch_day_of_week_operator.py
[2025-07-28T15:55:09.854+0000] {processor.py:925} INFO - DAG(s) 'example_weekday_branch_operator' retrieved from /home/airflow/.local/lib/python3.12/site-packages/airflow/example_dags/example_branch_day_of_week_operator.py
[2025-07-28T15:55:09.866+0000] {logging_mixin.py:190} INFO - [2025-07-28T15:55:09.866+0000] {dag.py:3229} INFO - Sync 1 DAGs
[2025-07-28T15:55:09.877+0000] {logging_mixin.py:190} INFO - [2025-07-28T15:55:09.877+0000] {dag.py:4156} INFO - Setting next_dagrun for example_weekday_branch_operator to 2025-07-27 00:00:00+00:00, run_after=2025-07-28 00:00:00+00:00
[2025-07-28T15:55:09.884+0000] {processor.py:208} INFO - Processing /home/airflow/.local/lib/python3.12/site-packages/airflow/example_dags/example_branch_day_of_week_operator.py took 0.040 seconds
[2025-07-28T15:55:40.884+0000] {processor.py:186} INFO - Started process (PID=1636) to work on /home/airflow/.local/lib/python3.12/site-packages/airflow/example_dags/example_branch_day_of_week_operator.py
[2025-07-28T15:55:40.885+0000] {processor.py:914} INFO - Processing file /home/airflow/.local/lib/python3.12/site-packages/airflow/example_dags/example_branch_day_of_week_operator.py for tasks to queue
[2025-07-28T15:55:40.887+0000] {logging_mixin.py:190} INFO - [2025-07-28T15:55:40.887+0000] {dagbag.py:587} INFO - Filling up the DagBag from /home/airflow/.local/lib/python3.12/site-packages/airflow/example_dags/example_branch_day_of_week_operator.py
[2025-07-28T15:55:40.893+0000] {processor.py:925} INFO - DAG(s) 'example_weekday_branch_operator' retrieved from /home/airflow/.local/lib/python3.12/site-packages/airflow/example_dags/example_branch_day_of_week_operator.py
[2025-07-28T15:55:40.906+0000] {logging_mixin.py:190} INFO - [2025-07-28T15:55:40.906+0000] {dag.py:3229} INFO - Sync 1 DAGs
[2025-07-28T15:55:40.919+0000] {logging_mixin.py:190} INFO - [2025-07-28T15:55:40.919+0000] {dag.py:4156} INFO - Setting next_dagrun for example_weekday_branch_operator to 2025-07-27 00:00:00+00:00, run_after=2025-07-28 00:00:00+00:00
[2025-07-28T15:55:40.929+0000] {processor.py:208} INFO - Processing /home/airflow/.local/lib/python3.12/site-packages/airflow/example_dags/example_branch_day_of_week_operator.py took 0.048 seconds
[2025-07-28T15:56:28.001+0000] {processor.py:186} INFO - Started process (PID=1705) to work on /home/airflow/.local/lib/python3.12/site-packages/airflow/example_dags/example_branch_day_of_week_operator.py
[2025-07-28T15:56:28.005+0000] {processor.py:914} INFO - Processing file /home/airflow/.local/lib/python3.12/site-packages/airflow/example_dags/example_branch_day_of_week_operator.py for tasks to queue
[2025-07-28T15:56:28.022+0000] {logging_mixin.py:190} INFO - [2025-07-28T15:56:28.020+0000] {dagbag.py:587} INFO - Filling up the DagBag from /home/airflow/.local/lib/python3.12/site-packages/airflow/example_dags/example_branch_day_of_week_operator.py
[2025-07-28T15:56:28.078+0000] {processor.py:925} INFO - DAG(s) 'example_weekday_branch_operator' retrieved from /home/airflow/.local/lib/python3.12/site-packages/airflow/example_dags/example_branch_day_of_week_operator.py
[2025-07-28T15:56:28.133+0000] {logging_mixin.py:190} INFO - [2025-07-28T15:56:28.132+0000] {dag.py:3229} INFO - Sync 1 DAGs
[2025-07-28T15:56:28.201+0000] {logging_mixin.py:190} INFO - [2025-07-28T15:56:28.200+0000] {dag.py:4156} INFO - Setting next_dagrun for example_weekday_branch_operator to 2025-07-27 00:00:00+00:00, run_after=2025-07-28 00:00:00+00:00
[2025-07-28T15:56:28.268+0000] {processor.py:208} INFO - Processing /home/airflow/.local/lib/python3.12/site-packages/airflow/example_dags/example_branch_day_of_week_operator.py took 0.298 seconds
[2025-07-28T15:56:58.439+0000] {processor.py:186} INFO - Started process (PID=1768) to work on /home/airflow/.local/lib/python3.12/site-packages/airflow/example_dags/example_branch_day_of_week_operator.py
[2025-07-28T15:56:58.440+0000] {processor.py:914} INFO - Processing file /home/airflow/.local/lib/python3.12/site-packages/airflow/example_dags/example_branch_day_of_week_operator.py for tasks to queue
[2025-07-28T15:56:58.443+0000] {logging_mixin.py:190} INFO - [2025-07-28T15:56:58.443+0000] {dagbag.py:587} INFO - Filling up the DagBag from /home/airflow/.local/lib/python3.12/site-packages/airflow/example_dags/example_branch_day_of_week_operator.py
[2025-07-28T15:56:58.451+0000] {processor.py:925} INFO - DAG(s) 'example_weekday_branch_operator' retrieved from /home/airflow/.local/lib/python3.12/site-packages/airflow/example_dags/example_branch_day_of_week_operator.py
[2025-07-28T15:56:58.463+0000] {logging_mixin.py:190} INFO - [2025-07-28T15:56:58.463+0000] {dag.py:3229} INFO - Sync 1 DAGs
[2025-07-28T15:56:58.473+0000] {logging_mixin.py:190} INFO - [2025-07-28T15:56:58.473+0000] {dag.py:4156} INFO - Setting next_dagrun for example_weekday_branch_operator to 2025-07-27 00:00:00+00:00, run_after=2025-07-28 00:00:00+00:00
[2025-07-28T15:56:58.481+0000] {processor.py:208} INFO - Processing /home/airflow/.local/lib/python3.12/site-packages/airflow/example_dags/example_branch_day_of_week_operator.py took 0.045 seconds
[2025-07-28T15:57:29.437+0000] {processor.py:186} INFO - Started process (PID=1830) to work on /home/airflow/.local/lib/python3.12/site-packages/airflow/example_dags/example_branch_day_of_week_operator.py
[2025-07-28T15:57:29.438+0000] {processor.py:914} INFO - Processing file /home/airflow/.local/lib/python3.12/site-packages/airflow/example_dags/example_branch_day_of_week_operator.py for tasks to queue
[2025-07-28T15:57:29.439+0000] {logging_mixin.py:190} INFO - [2025-07-28T15:57:29.439+0000] {dagbag.py:587} INFO - Filling up the DagBag from /home/airflow/.local/lib/python3.12/site-packages/airflow/example_dags/example_branch_day_of_week_operator.py
[2025-07-28T15:57:29.445+0000] {processor.py:925} INFO - DAG(s) 'example_weekday_branch_operator' retrieved from /home/airflow/.local/lib/python3.12/site-packages/airflow/example_dags/example_branch_day_of_week_operator.py
[2025-07-28T15:57:29.456+0000] {logging_mixin.py:190} INFO - [2025-07-28T15:57:29.456+0000] {dag.py:3229} INFO - Sync 1 DAGs
[2025-07-28T15:57:29.472+0000] {logging_mixin.py:190} INFO - [2025-07-28T15:57:29.472+0000] {dag.py:4156} INFO - Setting next_dagrun for example_weekday_branch_operator to 2025-07-27 00:00:00+00:00, run_after=2025-07-28 00:00:00+00:00
[2025-07-28T15:57:29.485+0000] {processor.py:208} INFO - Processing /home/airflow/.local/lib/python3.12/site-packages/airflow/example_dags/example_branch_day_of_week_operator.py took 0.053 seconds
[2025-07-28T15:58:00.157+0000] {processor.py:186} INFO - Started process (PID=1893) to work on /home/airflow/.local/lib/python3.12/site-packages/airflow/example_dags/example_branch_day_of_week_operator.py
[2025-07-28T15:58:00.157+0000] {processor.py:914} INFO - Processing file /home/airflow/.local/lib/python3.12/site-packages/airflow/example_dags/example_branch_day_of_week_operator.py for tasks to queue
[2025-07-28T15:58:00.159+0000] {logging_mixin.py:190} INFO - [2025-07-28T15:58:00.158+0000] {dagbag.py:587} INFO - Filling up the DagBag from /home/airflow/.local/lib/python3.12/site-packages/airflow/example_dags/example_branch_day_of_week_operator.py
[2025-07-28T15:58:00.164+0000] {processor.py:925} INFO - DAG(s) 'example_weekday_branch_operator' retrieved from /home/airflow/.local/lib/python3.12/site-packages/airflow/example_dags/example_branch_day_of_week_operator.py
[2025-07-28T15:58:00.176+0000] {logging_mixin.py:190} INFO - [2025-07-28T15:58:00.176+0000] {dag.py:3229} INFO - Sync 1 DAGs
[2025-07-28T15:58:00.188+0000] {logging_mixin.py:190} INFO - [2025-07-28T15:58:00.187+0000] {dag.py:4156} INFO - Setting next_dagrun for example_weekday_branch_operator to 2025-07-27 00:00:00+00:00, run_after=2025-07-28 00:00:00+00:00
[2025-07-28T15:58:00.199+0000] {processor.py:208} INFO - Processing /home/airflow/.local/lib/python3.12/site-packages/airflow/example_dags/example_branch_day_of_week_operator.py took 0.046 seconds
[2025-07-28T15:58:30.971+0000] {processor.py:186} INFO - Started process (PID=1956) to work on /home/airflow/.local/lib/python3.12/site-packages/airflow/example_dags/example_branch_day_of_week_operator.py
[2025-07-28T15:58:30.972+0000] {processor.py:914} INFO - Processing file /home/airflow/.local/lib/python3.12/site-packages/airflow/example_dags/example_branch_day_of_week_operator.py for tasks to queue
[2025-07-28T15:58:30.974+0000] {logging_mixin.py:190} INFO - [2025-07-28T15:58:30.974+0000] {dagbag.py:587} INFO - Filling up the DagBag from /home/airflow/.local/lib/python3.12/site-packages/airflow/example_dags/example_branch_day_of_week_operator.py
[2025-07-28T15:58:30.982+0000] {processor.py:925} INFO - DAG(s) 'example_weekday_branch_operator' retrieved from /home/airflow/.local/lib/python3.12/site-packages/airflow/example_dags/example_branch_day_of_week_operator.py
[2025-07-28T15:58:31.005+0000] {logging_mixin.py:190} INFO - [2025-07-28T15:58:31.005+0000] {dag.py:3229} INFO - Sync 1 DAGs
[2025-07-28T15:58:31.016+0000] {logging_mixin.py:190} INFO - [2025-07-28T15:58:31.016+0000] {dag.py:4156} INFO - Setting next_dagrun for example_weekday_branch_operator to 2025-07-27 00:00:00+00:00, run_after=2025-07-28 00:00:00+00:00
[2025-07-28T15:58:31.025+0000] {processor.py:208} INFO - Processing /home/airflow/.local/lib/python3.12/site-packages/airflow/example_dags/example_branch_day_of_week_operator.py took 0.062 seconds
[2025-07-28T15:59:01.458+0000] {processor.py:186} INFO - Started process (PID=2018) to work on /home/airflow/.local/lib/python3.12/site-packages/airflow/example_dags/example_branch_day_of_week_operator.py
[2025-07-28T15:59:01.459+0000] {processor.py:914} INFO - Processing file /home/airflow/.local/lib/python3.12/site-packages/airflow/example_dags/example_branch_day_of_week_operator.py for tasks to queue
[2025-07-28T15:59:01.464+0000] {logging_mixin.py:190} INFO - [2025-07-28T15:59:01.463+0000] {dagbag.py:587} INFO - Filling up the DagBag from /home/airflow/.local/lib/python3.12/site-packages/airflow/example_dags/example_branch_day_of_week_operator.py
[2025-07-28T15:59:01.475+0000] {processor.py:925} INFO - DAG(s) 'example_weekday_branch_operator' retrieved from /home/airflow/.local/lib/python3.12/site-packages/airflow/example_dags/example_branch_day_of_week_operator.py
[2025-07-28T15:59:01.488+0000] {logging_mixin.py:190} INFO - [2025-07-28T15:59:01.488+0000] {dag.py:3229} INFO - Sync 1 DAGs
[2025-07-28T15:59:01.501+0000] {logging_mixin.py:190} INFO - [2025-07-28T15:59:01.501+0000] {dag.py:4156} INFO - Setting next_dagrun for example_weekday_branch_operator to 2025-07-27 00:00:00+00:00, run_after=2025-07-28 00:00:00+00:00
[2025-07-28T15:59:01.510+0000] {processor.py:208} INFO - Processing /home/airflow/.local/lib/python3.12/site-packages/airflow/example_dags/example_branch_day_of_week_operator.py took 0.058 seconds
[2025-07-28T15:59:31.538+0000] {processor.py:186} INFO - Started process (PID=2080) to work on /home/airflow/.local/lib/python3.12/site-packages/airflow/example_dags/example_branch_day_of_week_operator.py
[2025-07-28T15:59:31.539+0000] {processor.py:914} INFO - Processing file /home/airflow/.local/lib/python3.12/site-packages/airflow/example_dags/example_branch_day_of_week_operator.py for tasks to queue
[2025-07-28T15:59:31.540+0000] {logging_mixin.py:190} INFO - [2025-07-28T15:59:31.540+0000] {dagbag.py:587} INFO - Filling up the DagBag from /home/airflow/.local/lib/python3.12/site-packages/airflow/example_dags/example_branch_day_of_week_operator.py
[2025-07-28T15:59:31.547+0000] {processor.py:925} INFO - DAG(s) 'example_weekday_branch_operator' retrieved from /home/airflow/.local/lib/python3.12/site-packages/airflow/example_dags/example_branch_day_of_week_operator.py
[2025-07-28T15:59:31.557+0000] {logging_mixin.py:190} INFO - [2025-07-28T15:59:31.556+0000] {dag.py:3229} INFO - Sync 1 DAGs
[2025-07-28T15:59:31.576+0000] {logging_mixin.py:190} INFO - [2025-07-28T15:59:31.576+0000] {dag.py:4156} INFO - Setting next_dagrun for example_weekday_branch_operator to 2025-07-27 00:00:00+00:00, run_after=2025-07-28 00:00:00+00:00
[2025-07-28T15:59:31.584+0000] {processor.py:208} INFO - Processing /home/airflow/.local/lib/python3.12/site-packages/airflow/example_dags/example_branch_day_of_week_operator.py took 0.049 seconds
[2025-07-28T16:00:02.001+0000] {processor.py:186} INFO - Started process (PID=2143) to work on /home/airflow/.local/lib/python3.12/site-packages/airflow/example_dags/example_branch_day_of_week_operator.py
[2025-07-28T16:00:02.001+0000] {processor.py:914} INFO - Processing file /home/airflow/.local/lib/python3.12/site-packages/airflow/example_dags/example_branch_day_of_week_operator.py for tasks to queue
[2025-07-28T16:00:02.002+0000] {logging_mixin.py:190} INFO - [2025-07-28T16:00:02.002+0000] {dagbag.py:587} INFO - Filling up the DagBag from /home/airflow/.local/lib/python3.12/site-packages/airflow/example_dags/example_branch_day_of_week_operator.py
[2025-07-28T16:00:02.007+0000] {processor.py:925} INFO - DAG(s) 'example_weekday_branch_operator' retrieved from /home/airflow/.local/lib/python3.12/site-packages/airflow/example_dags/example_branch_day_of_week_operator.py
[2025-07-28T16:00:02.015+0000] {logging_mixin.py:190} INFO - [2025-07-28T16:00:02.015+0000] {dag.py:3229} INFO - Sync 1 DAGs
[2025-07-28T16:00:02.024+0000] {logging_mixin.py:190} INFO - [2025-07-28T16:00:02.024+0000] {dag.py:4156} INFO - Setting next_dagrun for example_weekday_branch_operator to 2025-07-27 00:00:00+00:00, run_after=2025-07-28 00:00:00+00:00
[2025-07-28T16:00:02.031+0000] {processor.py:208} INFO - Processing /home/airflow/.local/lib/python3.12/site-packages/airflow/example_dags/example_branch_day_of_week_operator.py took 0.032 seconds
[2025-07-28T16:00:32.929+0000] {processor.py:186} INFO - Started process (PID=2206) to work on /home/airflow/.local/lib/python3.12/site-packages/airflow/example_dags/example_branch_day_of_week_operator.py
[2025-07-28T16:00:32.931+0000] {processor.py:914} INFO - Processing file /home/airflow/.local/lib/python3.12/site-packages/airflow/example_dags/example_branch_day_of_week_operator.py for tasks to queue
[2025-07-28T16:00:32.933+0000] {logging_mixin.py:190} INFO - [2025-07-28T16:00:32.932+0000] {dagbag.py:587} INFO - Filling up the DagBag from /home/airflow/.local/lib/python3.12/site-packages/airflow/example_dags/example_branch_day_of_week_operator.py
[2025-07-28T16:00:32.942+0000] {processor.py:925} INFO - DAG(s) 'example_weekday_branch_operator' retrieved from /home/airflow/.local/lib/python3.12/site-packages/airflow/example_dags/example_branch_day_of_week_operator.py
[2025-07-28T16:00:32.955+0000] {logging_mixin.py:190} INFO - [2025-07-28T16:00:32.955+0000] {dag.py:3229} INFO - Sync 1 DAGs
[2025-07-28T16:00:32.966+0000] {logging_mixin.py:190} INFO - [2025-07-28T16:00:32.966+0000] {dag.py:4156} INFO - Setting next_dagrun for example_weekday_branch_operator to 2025-07-27 00:00:00+00:00, run_after=2025-07-28 00:00:00+00:00
[2025-07-28T16:00:32.974+0000] {processor.py:208} INFO - Processing /home/airflow/.local/lib/python3.12/site-packages/airflow/example_dags/example_branch_day_of_week_operator.py took 0.050 seconds
[2025-07-28T16:01:03.723+0000] {processor.py:186} INFO - Started process (PID=2269) to work on /home/airflow/.local/lib/python3.12/site-packages/airflow/example_dags/example_branch_day_of_week_operator.py
[2025-07-28T16:01:03.724+0000] {processor.py:914} INFO - Processing file /home/airflow/.local/lib/python3.12/site-packages/airflow/example_dags/example_branch_day_of_week_operator.py for tasks to queue
[2025-07-28T16:01:03.725+0000] {logging_mixin.py:190} INFO - [2025-07-28T16:01:03.725+0000] {dagbag.py:587} INFO - Filling up the DagBag from /home/airflow/.local/lib/python3.12/site-packages/airflow/example_dags/example_branch_day_of_week_operator.py
[2025-07-28T16:01:03.730+0000] {processor.py:925} INFO - DAG(s) 'example_weekday_branch_operator' retrieved from /home/airflow/.local/lib/python3.12/site-packages/airflow/example_dags/example_branch_day_of_week_operator.py
[2025-07-28T16:01:03.738+0000] {logging_mixin.py:190} INFO - [2025-07-28T16:01:03.738+0000] {dag.py:3229} INFO - Sync 1 DAGs
[2025-07-28T16:01:03.747+0000] {logging_mixin.py:190} INFO - [2025-07-28T16:01:03.747+0000] {dag.py:4156} INFO - Setting next_dagrun for example_weekday_branch_operator to 2025-07-27 00:00:00+00:00, run_after=2025-07-28 00:00:00+00:00
[2025-07-28T16:01:03.753+0000] {processor.py:208} INFO - Processing /home/airflow/.local/lib/python3.12/site-packages/airflow/example_dags/example_branch_day_of_week_operator.py took 0.033 seconds
