[2025-07-28T15:42:52.066+0000] {processor.py:186} INFO - Started process (PID=79) to work on /home/airflow/.local/lib/python3.12/site-packages/airflow/example_dags/example_branch_labels.py
[2025-07-28T15:42:52.067+0000] {processor.py:914} INFO - Processing file /home/airflow/.local/lib/python3.12/site-packages/airflow/example_dags/example_branch_labels.py for tasks to queue
[2025-07-28T15:42:52.071+0000] {logging_mixin.py:190} INFO - [2025-07-28T15:42:52.070+0000] {dagbag.py:587} INFO - Filling up the DagBag from /home/airflow/.local/lib/python3.12/site-packages/airflow/example_dags/example_branch_labels.py
[2025-07-28T15:42:52.081+0000] {processor.py:925} INFO - DAG(s) 'example_branch_labels' retrieved from /home/airflow/.local/lib/python3.12/site-packages/airflow/example_dags/example_branch_labels.py
[2025-07-28T15:42:52.269+0000] {logging_mixin.py:190} INFO - [2025-07-28T15:42:52.267+0000] {override.py:1900} INFO - Created Permission View: can edit on DAG:example_branch_labels
[2025-07-28T15:42:52.279+0000] {logging_mixin.py:190} INFO - [2025-07-28T15:42:52.279+0000] {override.py:1900} INFO - Created Permission View: can read on DAG:example_branch_labels
[2025-07-28T15:42:52.288+0000] {logging_mixin.py:190} INFO - [2025-07-28T15:42:52.287+0000] {override.py:1900} INFO - Created Permission View: can delete on DAG:example_branch_labels
[2025-07-28T15:42:52.294+0000] {logging_mixin.py:190} INFO - [2025-07-28T15:42:52.294+0000] {override.py:1900} INFO - Created Permission View: can read on DAG Run:example_branch_labels
[2025-07-28T15:42:52.297+0000] {logging_mixin.py:190} INFO - [2025-07-28T15:42:52.297+0000] {override.py:1900} INFO - Created Permission View: can delete on DAG Run:example_branch_labels
[2025-07-28T15:42:52.301+0000] {logging_mixin.py:190} INFO - [2025-07-28T15:42:52.301+0000] {override.py:1900} INFO - Created Permission View: can create on DAG Run:example_branch_labels
[2025-07-28T15:42:52.305+0000] {logging_mixin.py:190} INFO - [2025-07-28T15:42:52.305+0000] {override.py:1900} INFO - Created Permission View: menu access on DAG Run:example_branch_labels
[2025-07-28T15:42:52.306+0000] {logging_mixin.py:190} INFO - [2025-07-28T15:42:52.305+0000] {dag.py:3229} INFO - Sync 1 DAGs
[2025-07-28T15:42:52.321+0000] {logging_mixin.py:190} INFO - [2025-07-28T15:42:52.321+0000] {dag.py:3252} INFO - Creating ORM DAG for example_branch_labels
[2025-07-28T15:42:52.334+0000] {logging_mixin.py:190} INFO - [2025-07-28T15:42:52.334+0000] {dag.py:4156} INFO - Setting next_dagrun for example_branch_labels to 2025-07-27 00:00:00+00:00, run_after=2025-07-28 00:00:00+00:00
[2025-07-28T15:42:52.350+0000] {processor.py:208} INFO - Processing /home/airflow/.local/lib/python3.12/site-packages/airflow/example_dags/example_branch_labels.py took 0.293 seconds
[2025-07-28T15:43:22.707+0000] {processor.py:186} INFO - Started process (PID=141) to work on /home/airflow/.local/lib/python3.12/site-packages/airflow/example_dags/example_branch_labels.py
[2025-07-28T15:43:22.709+0000] {processor.py:914} INFO - Processing file /home/airflow/.local/lib/python3.12/site-packages/airflow/example_dags/example_branch_labels.py for tasks to queue
[2025-07-28T15:43:22.710+0000] {logging_mixin.py:190} INFO - [2025-07-28T15:43:22.710+0000] {dagbag.py:587} INFO - Filling up the DagBag from /home/airflow/.local/lib/python3.12/site-packages/airflow/example_dags/example_branch_labels.py
[2025-07-28T15:43:22.718+0000] {processor.py:925} INFO - DAG(s) 'example_branch_labels' retrieved from /home/airflow/.local/lib/python3.12/site-packages/airflow/example_dags/example_branch_labels.py
[2025-07-28T15:43:22.733+0000] {logging_mixin.py:190} INFO - [2025-07-28T15:43:22.733+0000] {dag.py:3229} INFO - Sync 1 DAGs
[2025-07-28T15:43:22.747+0000] {logging_mixin.py:190} INFO - [2025-07-28T15:43:22.747+0000] {dag.py:4156} INFO - Setting next_dagrun for example_branch_labels to 2025-07-27 00:00:00+00:00, run_after=2025-07-28 00:00:00+00:00
[2025-07-28T15:43:22.755+0000] {processor.py:208} INFO - Processing /home/airflow/.local/lib/python3.12/site-packages/airflow/example_dags/example_branch_labels.py took 0.051 seconds
[2025-07-28T15:43:53.490+0000] {processor.py:186} INFO - Started process (PID=203) to work on /home/airflow/.local/lib/python3.12/site-packages/airflow/example_dags/example_branch_labels.py
[2025-07-28T15:43:53.494+0000] {processor.py:914} INFO - Processing file /home/airflow/.local/lib/python3.12/site-packages/airflow/example_dags/example_branch_labels.py for tasks to queue
[2025-07-28T15:43:53.495+0000] {logging_mixin.py:190} INFO - [2025-07-28T15:43:53.495+0000] {dagbag.py:587} INFO - Filling up the DagBag from /home/airflow/.local/lib/python3.12/site-packages/airflow/example_dags/example_branch_labels.py
[2025-07-28T15:43:53.501+0000] {processor.py:925} INFO - DAG(s) 'example_branch_labels' retrieved from /home/airflow/.local/lib/python3.12/site-packages/airflow/example_dags/example_branch_labels.py
[2025-07-28T15:43:53.514+0000] {logging_mixin.py:190} INFO - [2025-07-28T15:43:53.513+0000] {dag.py:3229} INFO - Sync 1 DAGs
[2025-07-28T15:43:53.526+0000] {logging_mixin.py:190} INFO - [2025-07-28T15:43:53.526+0000] {dag.py:4156} INFO - Setting next_dagrun for example_branch_labels to 2025-07-27 00:00:00+00:00, run_after=2025-07-28 00:00:00+00:00
[2025-07-28T15:43:53.533+0000] {processor.py:208} INFO - Processing /home/airflow/.local/lib/python3.12/site-packages/airflow/example_dags/example_branch_labels.py took 0.048 seconds
[2025-07-28T15:44:24.075+0000] {processor.py:186} INFO - Started process (PID=265) to work on /home/airflow/.local/lib/python3.12/site-packages/airflow/example_dags/example_branch_labels.py
[2025-07-28T15:44:24.076+0000] {processor.py:914} INFO - Processing file /home/airflow/.local/lib/python3.12/site-packages/airflow/example_dags/example_branch_labels.py for tasks to queue
[2025-07-28T15:44:24.078+0000] {logging_mixin.py:190} INFO - [2025-07-28T15:44:24.077+0000] {dagbag.py:587} INFO - Filling up the DagBag from /home/airflow/.local/lib/python3.12/site-packages/airflow/example_dags/example_branch_labels.py
[2025-07-28T15:44:24.083+0000] {processor.py:925} INFO - DAG(s) 'example_branch_labels' retrieved from /home/airflow/.local/lib/python3.12/site-packages/airflow/example_dags/example_branch_labels.py
[2025-07-28T15:44:24.095+0000] {logging_mixin.py:190} INFO - [2025-07-28T15:44:24.095+0000] {dag.py:3229} INFO - Sync 1 DAGs
[2025-07-28T15:44:24.106+0000] {logging_mixin.py:190} INFO - [2025-07-28T15:44:24.106+0000] {dag.py:4156} INFO - Setting next_dagrun for example_branch_labels to 2025-07-27 00:00:00+00:00, run_after=2025-07-28 00:00:00+00:00
[2025-07-28T15:44:24.113+0000] {processor.py:208} INFO - Processing /home/airflow/.local/lib/python3.12/site-packages/airflow/example_dags/example_branch_labels.py took 0.041 seconds
[2025-07-28T15:44:54.570+0000] {processor.py:186} INFO - Started process (PID=327) to work on /home/airflow/.local/lib/python3.12/site-packages/airflow/example_dags/example_branch_labels.py
[2025-07-28T15:44:54.570+0000] {processor.py:914} INFO - Processing file /home/airflow/.local/lib/python3.12/site-packages/airflow/example_dags/example_branch_labels.py for tasks to queue
[2025-07-28T15:44:54.573+0000] {logging_mixin.py:190} INFO - [2025-07-28T15:44:54.572+0000] {dagbag.py:587} INFO - Filling up the DagBag from /home/airflow/.local/lib/python3.12/site-packages/airflow/example_dags/example_branch_labels.py
[2025-07-28T15:44:54.579+0000] {processor.py:925} INFO - DAG(s) 'example_branch_labels' retrieved from /home/airflow/.local/lib/python3.12/site-packages/airflow/example_dags/example_branch_labels.py
[2025-07-28T15:44:54.589+0000] {logging_mixin.py:190} INFO - [2025-07-28T15:44:54.588+0000] {dag.py:3229} INFO - Sync 1 DAGs
[2025-07-28T15:44:54.600+0000] {logging_mixin.py:190} INFO - [2025-07-28T15:44:54.600+0000] {dag.py:4156} INFO - Setting next_dagrun for example_branch_labels to 2025-07-27 00:00:00+00:00, run_after=2025-07-28 00:00:00+00:00
[2025-07-28T15:44:54.607+0000] {processor.py:208} INFO - Processing /home/airflow/.local/lib/python3.12/site-packages/airflow/example_dags/example_branch_labels.py took 0.042 seconds
[2025-07-28T15:45:25.361+0000] {processor.py:186} INFO - Started process (PID=389) to work on /home/airflow/.local/lib/python3.12/site-packages/airflow/example_dags/example_branch_labels.py
[2025-07-28T15:45:25.362+0000] {processor.py:914} INFO - Processing file /home/airflow/.local/lib/python3.12/site-packages/airflow/example_dags/example_branch_labels.py for tasks to queue
[2025-07-28T15:45:25.363+0000] {logging_mixin.py:190} INFO - [2025-07-28T15:45:25.363+0000] {dagbag.py:587} INFO - Filling up the DagBag from /home/airflow/.local/lib/python3.12/site-packages/airflow/example_dags/example_branch_labels.py
[2025-07-28T15:45:25.370+0000] {processor.py:925} INFO - DAG(s) 'example_branch_labels' retrieved from /home/airflow/.local/lib/python3.12/site-packages/airflow/example_dags/example_branch_labels.py
[2025-07-28T15:45:25.386+0000] {logging_mixin.py:190} INFO - [2025-07-28T15:45:25.386+0000] {dag.py:3229} INFO - Sync 1 DAGs
[2025-07-28T15:45:25.406+0000] {logging_mixin.py:190} INFO - [2025-07-28T15:45:25.406+0000] {dag.py:4156} INFO - Setting next_dagrun for example_branch_labels to 2025-07-27 00:00:00+00:00, run_after=2025-07-28 00:00:00+00:00
[2025-07-28T15:45:25.414+0000] {processor.py:208} INFO - Processing /home/airflow/.local/lib/python3.12/site-packages/airflow/example_dags/example_branch_labels.py took 0.056 seconds
[2025-07-28T15:45:56.200+0000] {processor.py:186} INFO - Started process (PID=451) to work on /home/airflow/.local/lib/python3.12/site-packages/airflow/example_dags/example_branch_labels.py
[2025-07-28T15:45:56.201+0000] {processor.py:914} INFO - Processing file /home/airflow/.local/lib/python3.12/site-packages/airflow/example_dags/example_branch_labels.py for tasks to queue
[2025-07-28T15:45:56.202+0000] {logging_mixin.py:190} INFO - [2025-07-28T15:45:56.202+0000] {dagbag.py:587} INFO - Filling up the DagBag from /home/airflow/.local/lib/python3.12/site-packages/airflow/example_dags/example_branch_labels.py
[2025-07-28T15:45:56.208+0000] {processor.py:925} INFO - DAG(s) 'example_branch_labels' retrieved from /home/airflow/.local/lib/python3.12/site-packages/airflow/example_dags/example_branch_labels.py
[2025-07-28T15:45:56.223+0000] {logging_mixin.py:190} INFO - [2025-07-28T15:45:56.223+0000] {dag.py:3229} INFO - Sync 1 DAGs
[2025-07-28T15:45:56.236+0000] {logging_mixin.py:190} INFO - [2025-07-28T15:45:56.235+0000] {dag.py:4156} INFO - Setting next_dagrun for example_branch_labels to 2025-07-27 00:00:00+00:00, run_after=2025-07-28 00:00:00+00:00
[2025-07-28T15:45:56.247+0000] {processor.py:208} INFO - Processing /home/airflow/.local/lib/python3.12/site-packages/airflow/example_dags/example_branch_labels.py took 0.050 seconds
[2025-07-28T15:46:26.773+0000] {processor.py:186} INFO - Started process (PID=513) to work on /home/airflow/.local/lib/python3.12/site-packages/airflow/example_dags/example_branch_labels.py
[2025-07-28T15:46:26.775+0000] {processor.py:914} INFO - Processing file /home/airflow/.local/lib/python3.12/site-packages/airflow/example_dags/example_branch_labels.py for tasks to queue
[2025-07-28T15:46:26.777+0000] {logging_mixin.py:190} INFO - [2025-07-28T15:46:26.777+0000] {dagbag.py:587} INFO - Filling up the DagBag from /home/airflow/.local/lib/python3.12/site-packages/airflow/example_dags/example_branch_labels.py
[2025-07-28T15:46:26.785+0000] {processor.py:925} INFO - DAG(s) 'example_branch_labels' retrieved from /home/airflow/.local/lib/python3.12/site-packages/airflow/example_dags/example_branch_labels.py
[2025-07-28T15:46:26.801+0000] {logging_mixin.py:190} INFO - [2025-07-28T15:46:26.801+0000] {dag.py:3229} INFO - Sync 1 DAGs
[2025-07-28T15:46:26.812+0000] {logging_mixin.py:190} INFO - [2025-07-28T15:46:26.812+0000] {dag.py:4156} INFO - Setting next_dagrun for example_branch_labels to 2025-07-27 00:00:00+00:00, run_after=2025-07-28 00:00:00+00:00
[2025-07-28T15:46:26.822+0000] {processor.py:208} INFO - Processing /home/airflow/.local/lib/python3.12/site-packages/airflow/example_dags/example_branch_labels.py took 0.051 seconds
[2025-07-28T15:46:57.344+0000] {processor.py:186} INFO - Started process (PID=575) to work on /home/airflow/.local/lib/python3.12/site-packages/airflow/example_dags/example_branch_labels.py
[2025-07-28T15:46:57.345+0000] {processor.py:914} INFO - Processing file /home/airflow/.local/lib/python3.12/site-packages/airflow/example_dags/example_branch_labels.py for tasks to queue
[2025-07-28T15:46:57.346+0000] {logging_mixin.py:190} INFO - [2025-07-28T15:46:57.346+0000] {dagbag.py:587} INFO - Filling up the DagBag from /home/airflow/.local/lib/python3.12/site-packages/airflow/example_dags/example_branch_labels.py
[2025-07-28T15:46:57.351+0000] {processor.py:925} INFO - DAG(s) 'example_branch_labels' retrieved from /home/airflow/.local/lib/python3.12/site-packages/airflow/example_dags/example_branch_labels.py
[2025-07-28T15:46:57.360+0000] {logging_mixin.py:190} INFO - [2025-07-28T15:46:57.360+0000] {dag.py:3229} INFO - Sync 1 DAGs
[2025-07-28T15:46:57.371+0000] {logging_mixin.py:190} INFO - [2025-07-28T15:46:57.371+0000] {dag.py:4156} INFO - Setting next_dagrun for example_branch_labels to 2025-07-27 00:00:00+00:00, run_after=2025-07-28 00:00:00+00:00
[2025-07-28T15:46:57.377+0000] {processor.py:208} INFO - Processing /home/airflow/.local/lib/python3.12/site-packages/airflow/example_dags/example_branch_labels.py took 0.037 seconds
[2025-07-28T15:47:28.199+0000] {processor.py:186} INFO - Started process (PID=637) to work on /home/airflow/.local/lib/python3.12/site-packages/airflow/example_dags/example_branch_labels.py
[2025-07-28T15:47:28.200+0000] {processor.py:914} INFO - Processing file /home/airflow/.local/lib/python3.12/site-packages/airflow/example_dags/example_branch_labels.py for tasks to queue
[2025-07-28T15:47:28.201+0000] {logging_mixin.py:190} INFO - [2025-07-28T15:47:28.201+0000] {dagbag.py:587} INFO - Filling up the DagBag from /home/airflow/.local/lib/python3.12/site-packages/airflow/example_dags/example_branch_labels.py
[2025-07-28T15:47:28.207+0000] {processor.py:925} INFO - DAG(s) 'example_branch_labels' retrieved from /home/airflow/.local/lib/python3.12/site-packages/airflow/example_dags/example_branch_labels.py
[2025-07-28T15:47:28.217+0000] {logging_mixin.py:190} INFO - [2025-07-28T15:47:28.217+0000] {dag.py:3229} INFO - Sync 1 DAGs
[2025-07-28T15:47:28.229+0000] {logging_mixin.py:190} INFO - [2025-07-28T15:47:28.229+0000] {dag.py:4156} INFO - Setting next_dagrun for example_branch_labels to 2025-07-27 00:00:00+00:00, run_after=2025-07-28 00:00:00+00:00
[2025-07-28T15:47:28.240+0000] {processor.py:208} INFO - Processing /home/airflow/.local/lib/python3.12/site-packages/airflow/example_dags/example_branch_labels.py took 0.047 seconds
[2025-07-28T15:47:59.016+0000] {processor.py:186} INFO - Started process (PID=699) to work on /home/airflow/.local/lib/python3.12/site-packages/airflow/example_dags/example_branch_labels.py
[2025-07-28T15:47:59.017+0000] {processor.py:914} INFO - Processing file /home/airflow/.local/lib/python3.12/site-packages/airflow/example_dags/example_branch_labels.py for tasks to queue
[2025-07-28T15:47:59.019+0000] {logging_mixin.py:190} INFO - [2025-07-28T15:47:59.019+0000] {dagbag.py:587} INFO - Filling up the DagBag from /home/airflow/.local/lib/python3.12/site-packages/airflow/example_dags/example_branch_labels.py
[2025-07-28T15:47:59.024+0000] {processor.py:925} INFO - DAG(s) 'example_branch_labels' retrieved from /home/airflow/.local/lib/python3.12/site-packages/airflow/example_dags/example_branch_labels.py
[2025-07-28T15:47:59.037+0000] {logging_mixin.py:190} INFO - [2025-07-28T15:47:59.035+0000] {dag.py:3229} INFO - Sync 1 DAGs
[2025-07-28T15:47:59.058+0000] {logging_mixin.py:190} INFO - [2025-07-28T15:47:59.057+0000] {dag.py:4156} INFO - Setting next_dagrun for example_branch_labels to 2025-07-27 00:00:00+00:00, run_after=2025-07-28 00:00:00+00:00
[2025-07-28T15:47:59.065+0000] {processor.py:208} INFO - Processing /home/airflow/.local/lib/python3.12/site-packages/airflow/example_dags/example_branch_labels.py took 0.055 seconds
[2025-07-28T15:48:29.527+0000] {processor.py:186} INFO - Started process (PID=761) to work on /home/airflow/.local/lib/python3.12/site-packages/airflow/example_dags/example_branch_labels.py
[2025-07-28T15:48:29.528+0000] {processor.py:914} INFO - Processing file /home/airflow/.local/lib/python3.12/site-packages/airflow/example_dags/example_branch_labels.py for tasks to queue
[2025-07-28T15:48:29.529+0000] {logging_mixin.py:190} INFO - [2025-07-28T15:48:29.529+0000] {dagbag.py:587} INFO - Filling up the DagBag from /home/airflow/.local/lib/python3.12/site-packages/airflow/example_dags/example_branch_labels.py
[2025-07-28T15:48:29.535+0000] {processor.py:925} INFO - DAG(s) 'example_branch_labels' retrieved from /home/airflow/.local/lib/python3.12/site-packages/airflow/example_dags/example_branch_labels.py
[2025-07-28T15:48:29.544+0000] {logging_mixin.py:190} INFO - [2025-07-28T15:48:29.544+0000] {dag.py:3229} INFO - Sync 1 DAGs
[2025-07-28T15:48:29.555+0000] {logging_mixin.py:190} INFO - [2025-07-28T15:48:29.555+0000] {dag.py:4156} INFO - Setting next_dagrun for example_branch_labels to 2025-07-27 00:00:00+00:00, run_after=2025-07-28 00:00:00+00:00
[2025-07-28T15:48:29.562+0000] {processor.py:208} INFO - Processing /home/airflow/.local/lib/python3.12/site-packages/airflow/example_dags/example_branch_labels.py took 0.039 seconds
[2025-07-28T15:49:00.467+0000] {processor.py:186} INFO - Started process (PID=823) to work on /home/airflow/.local/lib/python3.12/site-packages/airflow/example_dags/example_branch_labels.py
[2025-07-28T15:49:00.468+0000] {processor.py:914} INFO - Processing file /home/airflow/.local/lib/python3.12/site-packages/airflow/example_dags/example_branch_labels.py for tasks to queue
[2025-07-28T15:49:00.469+0000] {logging_mixin.py:190} INFO - [2025-07-28T15:49:00.469+0000] {dagbag.py:587} INFO - Filling up the DagBag from /home/airflow/.local/lib/python3.12/site-packages/airflow/example_dags/example_branch_labels.py
[2025-07-28T15:49:00.478+0000] {processor.py:925} INFO - DAG(s) 'example_branch_labels' retrieved from /home/airflow/.local/lib/python3.12/site-packages/airflow/example_dags/example_branch_labels.py
[2025-07-28T15:49:00.493+0000] {logging_mixin.py:190} INFO - [2025-07-28T15:49:00.493+0000] {dag.py:3229} INFO - Sync 1 DAGs
[2025-07-28T15:49:00.505+0000] {logging_mixin.py:190} INFO - [2025-07-28T15:49:00.505+0000] {dag.py:4156} INFO - Setting next_dagrun for example_branch_labels to 2025-07-27 00:00:00+00:00, run_after=2025-07-28 00:00:00+00:00
[2025-07-28T15:49:00.513+0000] {processor.py:208} INFO - Processing /home/airflow/.local/lib/python3.12/site-packages/airflow/example_dags/example_branch_labels.py took 0.049 seconds
[2025-07-28T15:49:30.991+0000] {processor.py:186} INFO - Started process (PID=885) to work on /home/airflow/.local/lib/python3.12/site-packages/airflow/example_dags/example_branch_labels.py
[2025-07-28T15:49:30.992+0000] {processor.py:914} INFO - Processing file /home/airflow/.local/lib/python3.12/site-packages/airflow/example_dags/example_branch_labels.py for tasks to queue
[2025-07-28T15:49:30.994+0000] {logging_mixin.py:190} INFO - [2025-07-28T15:49:30.993+0000] {dagbag.py:587} INFO - Filling up the DagBag from /home/airflow/.local/lib/python3.12/site-packages/airflow/example_dags/example_branch_labels.py
[2025-07-28T15:49:30.999+0000] {processor.py:925} INFO - DAG(s) 'example_branch_labels' retrieved from /home/airflow/.local/lib/python3.12/site-packages/airflow/example_dags/example_branch_labels.py
[2025-07-28T15:49:31.010+0000] {logging_mixin.py:190} INFO - [2025-07-28T15:49:31.010+0000] {dag.py:3229} INFO - Sync 1 DAGs
[2025-07-28T15:49:31.022+0000] {logging_mixin.py:190} INFO - [2025-07-28T15:49:31.022+0000] {dag.py:4156} INFO - Setting next_dagrun for example_branch_labels to 2025-07-27 00:00:00+00:00, run_after=2025-07-28 00:00:00+00:00
[2025-07-28T15:49:31.030+0000] {processor.py:208} INFO - Processing /home/airflow/.local/lib/python3.12/site-packages/airflow/example_dags/example_branch_labels.py took 0.042 seconds
[2025-07-28T15:50:01.704+0000] {processor.py:186} INFO - Started process (PID=947) to work on /home/airflow/.local/lib/python3.12/site-packages/airflow/example_dags/example_branch_labels.py
[2025-07-28T15:50:01.705+0000] {processor.py:914} INFO - Processing file /home/airflow/.local/lib/python3.12/site-packages/airflow/example_dags/example_branch_labels.py for tasks to queue
[2025-07-28T15:50:01.706+0000] {logging_mixin.py:190} INFO - [2025-07-28T15:50:01.706+0000] {dagbag.py:587} INFO - Filling up the DagBag from /home/airflow/.local/lib/python3.12/site-packages/airflow/example_dags/example_branch_labels.py
[2025-07-28T15:50:01.712+0000] {processor.py:925} INFO - DAG(s) 'example_branch_labels' retrieved from /home/airflow/.local/lib/python3.12/site-packages/airflow/example_dags/example_branch_labels.py
[2025-07-28T15:50:01.721+0000] {logging_mixin.py:190} INFO - [2025-07-28T15:50:01.721+0000] {dag.py:3229} INFO - Sync 1 DAGs
[2025-07-28T15:50:01.732+0000] {logging_mixin.py:190} INFO - [2025-07-28T15:50:01.732+0000] {dag.py:4156} INFO - Setting next_dagrun for example_branch_labels to 2025-07-27 00:00:00+00:00, run_after=2025-07-28 00:00:00+00:00
[2025-07-28T15:50:01.738+0000] {processor.py:208} INFO - Processing /home/airflow/.local/lib/python3.12/site-packages/airflow/example_dags/example_branch_labels.py took 0.037 seconds
[2025-07-28T15:50:32.050+0000] {processor.py:186} INFO - Started process (PID=1009) to work on /home/airflow/.local/lib/python3.12/site-packages/airflow/example_dags/example_branch_labels.py
[2025-07-28T15:50:32.051+0000] {processor.py:914} INFO - Processing file /home/airflow/.local/lib/python3.12/site-packages/airflow/example_dags/example_branch_labels.py for tasks to queue
[2025-07-28T15:50:32.053+0000] {logging_mixin.py:190} INFO - [2025-07-28T15:50:32.052+0000] {dagbag.py:587} INFO - Filling up the DagBag from /home/airflow/.local/lib/python3.12/site-packages/airflow/example_dags/example_branch_labels.py
[2025-07-28T15:50:32.058+0000] {processor.py:925} INFO - DAG(s) 'example_branch_labels' retrieved from /home/airflow/.local/lib/python3.12/site-packages/airflow/example_dags/example_branch_labels.py
[2025-07-28T15:50:32.070+0000] {logging_mixin.py:190} INFO - [2025-07-28T15:50:32.070+0000] {dag.py:3229} INFO - Sync 1 DAGs
[2025-07-28T15:50:32.081+0000] {logging_mixin.py:190} INFO - [2025-07-28T15:50:32.081+0000] {dag.py:4156} INFO - Setting next_dagrun for example_branch_labels to 2025-07-27 00:00:00+00:00, run_after=2025-07-28 00:00:00+00:00
[2025-07-28T15:50:32.099+0000] {processor.py:208} INFO - Processing /home/airflow/.local/lib/python3.12/site-packages/airflow/example_dags/example_branch_labels.py took 0.051 seconds
[2025-07-28T15:51:02.177+0000] {processor.py:186} INFO - Started process (PID=1071) to work on /home/airflow/.local/lib/python3.12/site-packages/airflow/example_dags/example_branch_labels.py
[2025-07-28T15:51:02.178+0000] {processor.py:914} INFO - Processing file /home/airflow/.local/lib/python3.12/site-packages/airflow/example_dags/example_branch_labels.py for tasks to queue
[2025-07-28T15:51:02.180+0000] {logging_mixin.py:190} INFO - [2025-07-28T15:51:02.180+0000] {dagbag.py:587} INFO - Filling up the DagBag from /home/airflow/.local/lib/python3.12/site-packages/airflow/example_dags/example_branch_labels.py
[2025-07-28T15:51:02.188+0000] {processor.py:925} INFO - DAG(s) 'example_branch_labels' retrieved from /home/airflow/.local/lib/python3.12/site-packages/airflow/example_dags/example_branch_labels.py
[2025-07-28T15:51:02.207+0000] {logging_mixin.py:190} INFO - [2025-07-28T15:51:02.207+0000] {dag.py:3229} INFO - Sync 1 DAGs
[2025-07-28T15:51:02.228+0000] {logging_mixin.py:190} INFO - [2025-07-28T15:51:02.228+0000] {dag.py:4156} INFO - Setting next_dagrun for example_branch_labels to 2025-07-27 00:00:00+00:00, run_after=2025-07-28 00:00:00+00:00
[2025-07-28T15:51:02.252+0000] {processor.py:208} INFO - Processing /home/airflow/.local/lib/python3.12/site-packages/airflow/example_dags/example_branch_labels.py took 0.084 seconds
[2025-07-28T15:51:32.825+0000] {processor.py:186} INFO - Started process (PID=1133) to work on /home/airflow/.local/lib/python3.12/site-packages/airflow/example_dags/example_branch_labels.py
[2025-07-28T15:51:32.826+0000] {processor.py:914} INFO - Processing file /home/airflow/.local/lib/python3.12/site-packages/airflow/example_dags/example_branch_labels.py for tasks to queue
[2025-07-28T15:51:32.827+0000] {logging_mixin.py:190} INFO - [2025-07-28T15:51:32.827+0000] {dagbag.py:587} INFO - Filling up the DagBag from /home/airflow/.local/lib/python3.12/site-packages/airflow/example_dags/example_branch_labels.py
[2025-07-28T15:51:32.833+0000] {processor.py:925} INFO - DAG(s) 'example_branch_labels' retrieved from /home/airflow/.local/lib/python3.12/site-packages/airflow/example_dags/example_branch_labels.py
[2025-07-28T15:51:32.846+0000] {logging_mixin.py:190} INFO - [2025-07-28T15:51:32.846+0000] {dag.py:3229} INFO - Sync 1 DAGs
[2025-07-28T15:51:32.861+0000] {logging_mixin.py:190} INFO - [2025-07-28T15:51:32.861+0000] {dag.py:4156} INFO - Setting next_dagrun for example_branch_labels to 2025-07-27 00:00:00+00:00, run_after=2025-07-28 00:00:00+00:00
[2025-07-28T15:51:32.869+0000] {processor.py:208} INFO - Processing /home/airflow/.local/lib/python3.12/site-packages/airflow/example_dags/example_branch_labels.py took 0.048 seconds
[2025-07-28T15:52:03.094+0000] {processor.py:186} INFO - Started process (PID=1195) to work on /home/airflow/.local/lib/python3.12/site-packages/airflow/example_dags/example_branch_labels.py
[2025-07-28T15:52:03.097+0000] {processor.py:914} INFO - Processing file /home/airflow/.local/lib/python3.12/site-packages/airflow/example_dags/example_branch_labels.py for tasks to queue
[2025-07-28T15:52:03.098+0000] {logging_mixin.py:190} INFO - [2025-07-28T15:52:03.098+0000] {dagbag.py:587} INFO - Filling up the DagBag from /home/airflow/.local/lib/python3.12/site-packages/airflow/example_dags/example_branch_labels.py
[2025-07-28T15:52:03.103+0000] {processor.py:925} INFO - DAG(s) 'example_branch_labels' retrieved from /home/airflow/.local/lib/python3.12/site-packages/airflow/example_dags/example_branch_labels.py
[2025-07-28T15:52:03.118+0000] {logging_mixin.py:190} INFO - [2025-07-28T15:52:03.118+0000] {dag.py:3229} INFO - Sync 1 DAGs
[2025-07-28T15:52:03.131+0000] {logging_mixin.py:190} INFO - [2025-07-28T15:52:03.131+0000] {dag.py:4156} INFO - Setting next_dagrun for example_branch_labels to 2025-07-27 00:00:00+00:00, run_after=2025-07-28 00:00:00+00:00
[2025-07-28T15:52:03.139+0000] {processor.py:208} INFO - Processing /home/airflow/.local/lib/python3.12/site-packages/airflow/example_dags/example_branch_labels.py took 0.048 seconds
[2025-07-28T15:52:34.191+0000] {processor.py:186} INFO - Started process (PID=1257) to work on /home/airflow/.local/lib/python3.12/site-packages/airflow/example_dags/example_branch_labels.py
[2025-07-28T15:52:34.192+0000] {processor.py:914} INFO - Processing file /home/airflow/.local/lib/python3.12/site-packages/airflow/example_dags/example_branch_labels.py for tasks to queue
[2025-07-28T15:52:34.193+0000] {logging_mixin.py:190} INFO - [2025-07-28T15:52:34.193+0000] {dagbag.py:587} INFO - Filling up the DagBag from /home/airflow/.local/lib/python3.12/site-packages/airflow/example_dags/example_branch_labels.py
[2025-07-28T15:52:34.200+0000] {processor.py:925} INFO - DAG(s) 'example_branch_labels' retrieved from /home/airflow/.local/lib/python3.12/site-packages/airflow/example_dags/example_branch_labels.py
[2025-07-28T15:52:34.214+0000] {logging_mixin.py:190} INFO - [2025-07-28T15:52:34.214+0000] {dag.py:3229} INFO - Sync 1 DAGs
[2025-07-28T15:52:34.226+0000] {logging_mixin.py:190} INFO - [2025-07-28T15:52:34.225+0000] {dag.py:4156} INFO - Setting next_dagrun for example_branch_labels to 2025-07-27 00:00:00+00:00, run_after=2025-07-28 00:00:00+00:00
[2025-07-28T15:52:34.235+0000] {processor.py:208} INFO - Processing /home/airflow/.local/lib/python3.12/site-packages/airflow/example_dags/example_branch_labels.py took 0.049 seconds
[2025-07-28T15:53:04.376+0000] {processor.py:186} INFO - Started process (PID=1319) to work on /home/airflow/.local/lib/python3.12/site-packages/airflow/example_dags/example_branch_labels.py
[2025-07-28T15:53:04.377+0000] {processor.py:914} INFO - Processing file /home/airflow/.local/lib/python3.12/site-packages/airflow/example_dags/example_branch_labels.py for tasks to queue
[2025-07-28T15:53:04.378+0000] {logging_mixin.py:190} INFO - [2025-07-28T15:53:04.378+0000] {dagbag.py:587} INFO - Filling up the DagBag from /home/airflow/.local/lib/python3.12/site-packages/airflow/example_dags/example_branch_labels.py
[2025-07-28T15:53:04.386+0000] {processor.py:925} INFO - DAG(s) 'example_branch_labels' retrieved from /home/airflow/.local/lib/python3.12/site-packages/airflow/example_dags/example_branch_labels.py
[2025-07-28T15:53:04.412+0000] {logging_mixin.py:190} INFO - [2025-07-28T15:53:04.412+0000] {dag.py:3229} INFO - Sync 1 DAGs
[2025-07-28T15:53:04.424+0000] {logging_mixin.py:190} INFO - [2025-07-28T15:53:04.424+0000] {dag.py:4156} INFO - Setting next_dagrun for example_branch_labels to 2025-07-27 00:00:00+00:00, run_after=2025-07-28 00:00:00+00:00
[2025-07-28T15:53:04.431+0000] {processor.py:208} INFO - Processing /home/airflow/.local/lib/python3.12/site-packages/airflow/example_dags/example_branch_labels.py took 0.060 seconds
[2025-07-28T15:53:35.378+0000] {processor.py:186} INFO - Started process (PID=1382) to work on /home/airflow/.local/lib/python3.12/site-packages/airflow/example_dags/example_branch_labels.py
[2025-07-28T15:53:35.378+0000] {processor.py:914} INFO - Processing file /home/airflow/.local/lib/python3.12/site-packages/airflow/example_dags/example_branch_labels.py for tasks to queue
[2025-07-28T15:53:35.379+0000] {logging_mixin.py:190} INFO - [2025-07-28T15:53:35.379+0000] {dagbag.py:587} INFO - Filling up the DagBag from /home/airflow/.local/lib/python3.12/site-packages/airflow/example_dags/example_branch_labels.py
[2025-07-28T15:53:35.385+0000] {processor.py:925} INFO - DAG(s) 'example_branch_labels' retrieved from /home/airflow/.local/lib/python3.12/site-packages/airflow/example_dags/example_branch_labels.py
[2025-07-28T15:53:35.400+0000] {logging_mixin.py:190} INFO - [2025-07-28T15:53:35.400+0000] {dag.py:3229} INFO - Sync 1 DAGs
[2025-07-28T15:53:35.410+0000] {logging_mixin.py:190} INFO - [2025-07-28T15:53:35.410+0000] {dag.py:4156} INFO - Setting next_dagrun for example_branch_labels to 2025-07-27 00:00:00+00:00, run_after=2025-07-28 00:00:00+00:00
[2025-07-28T15:53:35.416+0000] {processor.py:208} INFO - Processing /home/airflow/.local/lib/python3.12/site-packages/airflow/example_dags/example_branch_labels.py took 0.042 seconds
[2025-07-28T15:54:06.172+0000] {processor.py:186} INFO - Started process (PID=1445) to work on /home/airflow/.local/lib/python3.12/site-packages/airflow/example_dags/example_branch_labels.py
[2025-07-28T15:54:06.174+0000] {processor.py:914} INFO - Processing file /home/airflow/.local/lib/python3.12/site-packages/airflow/example_dags/example_branch_labels.py for tasks to queue
[2025-07-28T15:54:06.186+0000] {logging_mixin.py:190} INFO - [2025-07-28T15:54:06.185+0000] {dagbag.py:587} INFO - Filling up the DagBag from /home/airflow/.local/lib/python3.12/site-packages/airflow/example_dags/example_branch_labels.py
[2025-07-28T15:54:06.193+0000] {processor.py:925} INFO - DAG(s) 'example_branch_labels' retrieved from /home/airflow/.local/lib/python3.12/site-packages/airflow/example_dags/example_branch_labels.py
[2025-07-28T15:54:06.205+0000] {logging_mixin.py:190} INFO - [2025-07-28T15:54:06.204+0000] {dag.py:3229} INFO - Sync 1 DAGs
[2025-07-28T15:54:06.215+0000] {logging_mixin.py:190} INFO - [2025-07-28T15:54:06.215+0000] {dag.py:4156} INFO - Setting next_dagrun for example_branch_labels to 2025-07-27 00:00:00+00:00, run_after=2025-07-28 00:00:00+00:00
[2025-07-28T15:54:06.222+0000] {processor.py:208} INFO - Processing /home/airflow/.local/lib/python3.12/site-packages/airflow/example_dags/example_branch_labels.py took 0.056 seconds
[2025-07-28T15:54:37.010+0000] {processor.py:186} INFO - Started process (PID=1508) to work on /home/airflow/.local/lib/python3.12/site-packages/airflow/example_dags/example_branch_labels.py
[2025-07-28T15:54:37.011+0000] {processor.py:914} INFO - Processing file /home/airflow/.local/lib/python3.12/site-packages/airflow/example_dags/example_branch_labels.py for tasks to queue
[2025-07-28T15:54:37.015+0000] {logging_mixin.py:190} INFO - [2025-07-28T15:54:37.014+0000] {dagbag.py:587} INFO - Filling up the DagBag from /home/airflow/.local/lib/python3.12/site-packages/airflow/example_dags/example_branch_labels.py
[2025-07-28T15:54:37.020+0000] {processor.py:925} INFO - DAG(s) 'example_branch_labels' retrieved from /home/airflow/.local/lib/python3.12/site-packages/airflow/example_dags/example_branch_labels.py
[2025-07-28T15:54:37.031+0000] {logging_mixin.py:190} INFO - [2025-07-28T15:54:37.031+0000] {dag.py:3229} INFO - Sync 1 DAGs
[2025-07-28T15:54:37.045+0000] {logging_mixin.py:190} INFO - [2025-07-28T15:54:37.045+0000] {dag.py:4156} INFO - Setting next_dagrun for example_branch_labels to 2025-07-27 00:00:00+00:00, run_after=2025-07-28 00:00:00+00:00
[2025-07-28T15:54:37.053+0000] {processor.py:208} INFO - Processing /home/airflow/.local/lib/python3.12/site-packages/airflow/example_dags/example_branch_labels.py took 0.046 seconds
[2025-07-28T15:55:09.799+0000] {processor.py:186} INFO - Started process (PID=1571) to work on /home/airflow/.local/lib/python3.12/site-packages/airflow/example_dags/example_branch_labels.py
[2025-07-28T15:55:09.800+0000] {processor.py:914} INFO - Processing file /home/airflow/.local/lib/python3.12/site-packages/airflow/example_dags/example_branch_labels.py for tasks to queue
[2025-07-28T15:55:09.801+0000] {logging_mixin.py:190} INFO - [2025-07-28T15:55:09.801+0000] {dagbag.py:587} INFO - Filling up the DagBag from /home/airflow/.local/lib/python3.12/site-packages/airflow/example_dags/example_branch_labels.py
[2025-07-28T15:55:09.807+0000] {processor.py:925} INFO - DAG(s) 'example_branch_labels' retrieved from /home/airflow/.local/lib/python3.12/site-packages/airflow/example_dags/example_branch_labels.py
[2025-07-28T15:55:09.817+0000] {logging_mixin.py:190} INFO - [2025-07-28T15:55:09.817+0000] {dag.py:3229} INFO - Sync 1 DAGs
[2025-07-28T15:55:09.827+0000] {logging_mixin.py:190} INFO - [2025-07-28T15:55:09.827+0000] {dag.py:4156} INFO - Setting next_dagrun for example_branch_labels to 2025-07-27 00:00:00+00:00, run_after=2025-07-28 00:00:00+00:00
[2025-07-28T15:55:09.835+0000] {processor.py:208} INFO - Processing /home/airflow/.local/lib/python3.12/site-packages/airflow/example_dags/example_branch_labels.py took 0.038 seconds
[2025-07-28T15:55:40.817+0000] {processor.py:186} INFO - Started process (PID=1634) to work on /home/airflow/.local/lib/python3.12/site-packages/airflow/example_dags/example_branch_labels.py
[2025-07-28T15:55:40.818+0000] {processor.py:914} INFO - Processing file /home/airflow/.local/lib/python3.12/site-packages/airflow/example_dags/example_branch_labels.py for tasks to queue
[2025-07-28T15:55:40.820+0000] {logging_mixin.py:190} INFO - [2025-07-28T15:55:40.820+0000] {dagbag.py:587} INFO - Filling up the DagBag from /home/airflow/.local/lib/python3.12/site-packages/airflow/example_dags/example_branch_labels.py
[2025-07-28T15:55:40.829+0000] {processor.py:925} INFO - DAG(s) 'example_branch_labels' retrieved from /home/airflow/.local/lib/python3.12/site-packages/airflow/example_dags/example_branch_labels.py
[2025-07-28T15:55:40.842+0000] {logging_mixin.py:190} INFO - [2025-07-28T15:55:40.842+0000] {dag.py:3229} INFO - Sync 1 DAGs
[2025-07-28T15:55:40.858+0000] {logging_mixin.py:190} INFO - [2025-07-28T15:55:40.857+0000] {dag.py:4156} INFO - Setting next_dagrun for example_branch_labels to 2025-07-27 00:00:00+00:00, run_after=2025-07-28 00:00:00+00:00
[2025-07-28T15:55:40.867+0000] {processor.py:208} INFO - Processing /home/airflow/.local/lib/python3.12/site-packages/airflow/example_dags/example_branch_labels.py took 0.054 seconds
[2025-07-28T15:56:27.667+0000] {processor.py:186} INFO - Started process (PID=1703) to work on /home/airflow/.local/lib/python3.12/site-packages/airflow/example_dags/example_branch_labels.py
[2025-07-28T15:56:27.672+0000] {processor.py:914} INFO - Processing file /home/airflow/.local/lib/python3.12/site-packages/airflow/example_dags/example_branch_labels.py for tasks to queue
[2025-07-28T15:56:27.702+0000] {logging_mixin.py:190} INFO - [2025-07-28T15:56:27.696+0000] {dagbag.py:587} INFO - Filling up the DagBag from /home/airflow/.local/lib/python3.12/site-packages/airflow/example_dags/example_branch_labels.py
[2025-07-28T15:56:27.755+0000] {processor.py:925} INFO - DAG(s) 'example_branch_labels' retrieved from /home/airflow/.local/lib/python3.12/site-packages/airflow/example_dags/example_branch_labels.py
[2025-07-28T15:56:27.824+0000] {logging_mixin.py:190} INFO - [2025-07-28T15:56:27.824+0000] {dag.py:3229} INFO - Sync 1 DAGs
[2025-07-28T15:56:27.891+0000] {logging_mixin.py:190} INFO - [2025-07-28T15:56:27.891+0000] {dag.py:4156} INFO - Setting next_dagrun for example_branch_labels to 2025-07-27 00:00:00+00:00, run_after=2025-07-28 00:00:00+00:00
[2025-07-28T15:56:27.926+0000] {processor.py:208} INFO - Processing /home/airflow/.local/lib/python3.12/site-packages/airflow/example_dags/example_branch_labels.py took 0.276 seconds
[2025-07-28T15:56:58.216+0000] {processor.py:186} INFO - Started process (PID=1766) to work on /home/airflow/.local/lib/python3.12/site-packages/airflow/example_dags/example_branch_labels.py
[2025-07-28T15:56:58.217+0000] {processor.py:914} INFO - Processing file /home/airflow/.local/lib/python3.12/site-packages/airflow/example_dags/example_branch_labels.py for tasks to queue
[2025-07-28T15:56:58.219+0000] {logging_mixin.py:190} INFO - [2025-07-28T15:56:58.218+0000] {dagbag.py:587} INFO - Filling up the DagBag from /home/airflow/.local/lib/python3.12/site-packages/airflow/example_dags/example_branch_labels.py
[2025-07-28T15:56:58.231+0000] {processor.py:925} INFO - DAG(s) 'example_branch_labels' retrieved from /home/airflow/.local/lib/python3.12/site-packages/airflow/example_dags/example_branch_labels.py
[2025-07-28T15:56:58.255+0000] {logging_mixin.py:190} INFO - [2025-07-28T15:56:58.255+0000] {dag.py:3229} INFO - Sync 1 DAGs
[2025-07-28T15:56:58.288+0000] {logging_mixin.py:190} INFO - [2025-07-28T15:56:58.288+0000] {dag.py:4156} INFO - Setting next_dagrun for example_branch_labels to 2025-07-27 00:00:00+00:00, run_after=2025-07-28 00:00:00+00:00
[2025-07-28T15:56:58.306+0000] {processor.py:208} INFO - Processing /home/airflow/.local/lib/python3.12/site-packages/airflow/example_dags/example_branch_labels.py took 0.100 seconds
[2025-07-28T15:57:29.282+0000] {processor.py:186} INFO - Started process (PID=1828) to work on /home/airflow/.local/lib/python3.12/site-packages/airflow/example_dags/example_branch_labels.py
[2025-07-28T15:57:29.283+0000] {processor.py:914} INFO - Processing file /home/airflow/.local/lib/python3.12/site-packages/airflow/example_dags/example_branch_labels.py for tasks to queue
[2025-07-28T15:57:29.288+0000] {logging_mixin.py:190} INFO - [2025-07-28T15:57:29.288+0000] {dagbag.py:587} INFO - Filling up the DagBag from /home/airflow/.local/lib/python3.12/site-packages/airflow/example_dags/example_branch_labels.py
[2025-07-28T15:57:29.301+0000] {processor.py:925} INFO - DAG(s) 'example_branch_labels' retrieved from /home/airflow/.local/lib/python3.12/site-packages/airflow/example_dags/example_branch_labels.py
[2025-07-28T15:57:29.323+0000] {logging_mixin.py:190} INFO - [2025-07-28T15:57:29.323+0000] {dag.py:3229} INFO - Sync 1 DAGs
[2025-07-28T15:57:29.339+0000] {logging_mixin.py:190} INFO - [2025-07-28T15:57:29.338+0000] {dag.py:4156} INFO - Setting next_dagrun for example_branch_labels to 2025-07-27 00:00:00+00:00, run_after=2025-07-28 00:00:00+00:00
[2025-07-28T15:57:29.350+0000] {processor.py:208} INFO - Processing /home/airflow/.local/lib/python3.12/site-packages/airflow/example_dags/example_branch_labels.py took 0.074 seconds
[2025-07-28T15:58:00.014+0000] {processor.py:186} INFO - Started process (PID=1891) to work on /home/airflow/.local/lib/python3.12/site-packages/airflow/example_dags/example_branch_labels.py
[2025-07-28T15:58:00.016+0000] {processor.py:914} INFO - Processing file /home/airflow/.local/lib/python3.12/site-packages/airflow/example_dags/example_branch_labels.py for tasks to queue
[2025-07-28T15:58:00.018+0000] {logging_mixin.py:190} INFO - [2025-07-28T15:58:00.018+0000] {dagbag.py:587} INFO - Filling up the DagBag from /home/airflow/.local/lib/python3.12/site-packages/airflow/example_dags/example_branch_labels.py
[2025-07-28T15:58:00.031+0000] {processor.py:925} INFO - DAG(s) 'example_branch_labels' retrieved from /home/airflow/.local/lib/python3.12/site-packages/airflow/example_dags/example_branch_labels.py
[2025-07-28T15:58:00.052+0000] {logging_mixin.py:190} INFO - [2025-07-28T15:58:00.052+0000] {dag.py:3229} INFO - Sync 1 DAGs
[2025-07-28T15:58:00.068+0000] {logging_mixin.py:190} INFO - [2025-07-28T15:58:00.068+0000] {dag.py:4156} INFO - Setting next_dagrun for example_branch_labels to 2025-07-27 00:00:00+00:00, run_after=2025-07-28 00:00:00+00:00
[2025-07-28T15:58:00.079+0000] {processor.py:208} INFO - Processing /home/airflow/.local/lib/python3.12/site-packages/airflow/example_dags/example_branch_labels.py took 0.073 seconds
[2025-07-28T15:58:30.820+0000] {processor.py:186} INFO - Started process (PID=1954) to work on /home/airflow/.local/lib/python3.12/site-packages/airflow/example_dags/example_branch_labels.py
[2025-07-28T15:58:30.823+0000] {processor.py:914} INFO - Processing file /home/airflow/.local/lib/python3.12/site-packages/airflow/example_dags/example_branch_labels.py for tasks to queue
[2025-07-28T15:58:30.825+0000] {logging_mixin.py:190} INFO - [2025-07-28T15:58:30.824+0000] {dagbag.py:587} INFO - Filling up the DagBag from /home/airflow/.local/lib/python3.12/site-packages/airflow/example_dags/example_branch_labels.py
[2025-07-28T15:58:30.838+0000] {processor.py:925} INFO - DAG(s) 'example_branch_labels' retrieved from /home/airflow/.local/lib/python3.12/site-packages/airflow/example_dags/example_branch_labels.py
[2025-07-28T15:58:30.851+0000] {logging_mixin.py:190} INFO - [2025-07-28T15:58:30.851+0000] {dag.py:3229} INFO - Sync 1 DAGs
[2025-07-28T15:58:30.866+0000] {logging_mixin.py:190} INFO - [2025-07-28T15:58:30.866+0000] {dag.py:4156} INFO - Setting next_dagrun for example_branch_labels to 2025-07-27 00:00:00+00:00, run_after=2025-07-28 00:00:00+00:00
[2025-07-28T15:58:30.882+0000] {processor.py:208} INFO - Processing /home/airflow/.local/lib/python3.12/site-packages/airflow/example_dags/example_branch_labels.py took 0.068 seconds
[2025-07-28T15:59:01.193+0000] {processor.py:186} INFO - Started process (PID=2016) to work on /home/airflow/.local/lib/python3.12/site-packages/airflow/example_dags/example_branch_labels.py
[2025-07-28T15:59:01.196+0000] {processor.py:914} INFO - Processing file /home/airflow/.local/lib/python3.12/site-packages/airflow/example_dags/example_branch_labels.py for tasks to queue
[2025-07-28T15:59:01.205+0000] {logging_mixin.py:190} INFO - [2025-07-28T15:59:01.204+0000] {dagbag.py:587} INFO - Filling up the DagBag from /home/airflow/.local/lib/python3.12/site-packages/airflow/example_dags/example_branch_labels.py
[2025-07-28T15:59:01.233+0000] {processor.py:925} INFO - DAG(s) 'example_branch_labels' retrieved from /home/airflow/.local/lib/python3.12/site-packages/airflow/example_dags/example_branch_labels.py
[2025-07-28T15:59:01.272+0000] {logging_mixin.py:190} INFO - [2025-07-28T15:59:01.271+0000] {dag.py:3229} INFO - Sync 1 DAGs
[2025-07-28T15:59:01.307+0000] {logging_mixin.py:190} INFO - [2025-07-28T15:59:01.306+0000] {dag.py:4156} INFO - Setting next_dagrun for example_branch_labels to 2025-07-27 00:00:00+00:00, run_after=2025-07-28 00:00:00+00:00
[2025-07-28T15:59:01.321+0000] {processor.py:208} INFO - Processing /home/airflow/.local/lib/python3.12/site-packages/airflow/example_dags/example_branch_labels.py took 0.143 seconds
[2025-07-28T15:59:31.398+0000] {processor.py:186} INFO - Started process (PID=2078) to work on /home/airflow/.local/lib/python3.12/site-packages/airflow/example_dags/example_branch_labels.py
[2025-07-28T15:59:31.399+0000] {processor.py:914} INFO - Processing file /home/airflow/.local/lib/python3.12/site-packages/airflow/example_dags/example_branch_labels.py for tasks to queue
[2025-07-28T15:59:31.403+0000] {logging_mixin.py:190} INFO - [2025-07-28T15:59:31.402+0000] {dagbag.py:587} INFO - Filling up the DagBag from /home/airflow/.local/lib/python3.12/site-packages/airflow/example_dags/example_branch_labels.py
[2025-07-28T15:59:31.416+0000] {processor.py:925} INFO - DAG(s) 'example_branch_labels' retrieved from /home/airflow/.local/lib/python3.12/site-packages/airflow/example_dags/example_branch_labels.py
[2025-07-28T15:59:31.440+0000] {logging_mixin.py:190} INFO - [2025-07-28T15:59:31.440+0000] {dag.py:3229} INFO - Sync 1 DAGs
[2025-07-28T15:59:31.457+0000] {logging_mixin.py:190} INFO - [2025-07-28T15:59:31.457+0000] {dag.py:4156} INFO - Setting next_dagrun for example_branch_labels to 2025-07-27 00:00:00+00:00, run_after=2025-07-28 00:00:00+00:00
[2025-07-28T15:59:31.467+0000] {processor.py:208} INFO - Processing /home/airflow/.local/lib/python3.12/site-packages/airflow/example_dags/example_branch_labels.py took 0.079 seconds
[2025-07-28T16:00:01.924+0000] {processor.py:186} INFO - Started process (PID=2141) to work on /home/airflow/.local/lib/python3.12/site-packages/airflow/example_dags/example_branch_labels.py
[2025-07-28T16:00:01.925+0000] {processor.py:914} INFO - Processing file /home/airflow/.local/lib/python3.12/site-packages/airflow/example_dags/example_branch_labels.py for tasks to queue
[2025-07-28T16:00:01.928+0000] {logging_mixin.py:190} INFO - [2025-07-28T16:00:01.927+0000] {dagbag.py:587} INFO - Filling up the DagBag from /home/airflow/.local/lib/python3.12/site-packages/airflow/example_dags/example_branch_labels.py
[2025-07-28T16:00:01.936+0000] {processor.py:925} INFO - DAG(s) 'example_branch_labels' retrieved from /home/airflow/.local/lib/python3.12/site-packages/airflow/example_dags/example_branch_labels.py
[2025-07-28T16:00:01.955+0000] {logging_mixin.py:190} INFO - [2025-07-28T16:00:01.955+0000] {dag.py:3229} INFO - Sync 1 DAGs
[2025-07-28T16:00:01.974+0000] {logging_mixin.py:190} INFO - [2025-07-28T16:00:01.974+0000] {dag.py:4156} INFO - Setting next_dagrun for example_branch_labels to 2025-07-27 00:00:00+00:00, run_after=2025-07-28 00:00:00+00:00
[2025-07-28T16:00:01.988+0000] {processor.py:208} INFO - Processing /home/airflow/.local/lib/python3.12/site-packages/airflow/example_dags/example_branch_labels.py took 0.072 seconds
[2025-07-28T16:00:32.817+0000] {processor.py:186} INFO - Started process (PID=2204) to work on /home/airflow/.local/lib/python3.12/site-packages/airflow/example_dags/example_branch_labels.py
[2025-07-28T16:00:32.818+0000] {processor.py:914} INFO - Processing file /home/airflow/.local/lib/python3.12/site-packages/airflow/example_dags/example_branch_labels.py for tasks to queue
[2025-07-28T16:00:32.820+0000] {logging_mixin.py:190} INFO - [2025-07-28T16:00:32.820+0000] {dagbag.py:587} INFO - Filling up the DagBag from /home/airflow/.local/lib/python3.12/site-packages/airflow/example_dags/example_branch_labels.py
[2025-07-28T16:00:32.831+0000] {processor.py:925} INFO - DAG(s) 'example_branch_labels' retrieved from /home/airflow/.local/lib/python3.12/site-packages/airflow/example_dags/example_branch_labels.py
[2025-07-28T16:00:32.857+0000] {logging_mixin.py:190} INFO - [2025-07-28T16:00:32.856+0000] {dag.py:3229} INFO - Sync 1 DAGs
[2025-07-28T16:00:32.874+0000] {logging_mixin.py:190} INFO - [2025-07-28T16:00:32.874+0000] {dag.py:4156} INFO - Setting next_dagrun for example_branch_labels to 2025-07-27 00:00:00+00:00, run_after=2025-07-28 00:00:00+00:00
[2025-07-28T16:00:32.909+0000] {processor.py:208} INFO - Processing /home/airflow/.local/lib/python3.12/site-packages/airflow/example_dags/example_branch_labels.py took 0.098 seconds
[2025-07-28T16:01:03.628+0000] {processor.py:186} INFO - Started process (PID=2267) to work on /home/airflow/.local/lib/python3.12/site-packages/airflow/example_dags/example_branch_labels.py
[2025-07-28T16:01:03.631+0000] {processor.py:914} INFO - Processing file /home/airflow/.local/lib/python3.12/site-packages/airflow/example_dags/example_branch_labels.py for tasks to queue
[2025-07-28T16:01:03.638+0000] {logging_mixin.py:190} INFO - [2025-07-28T16:01:03.637+0000] {dagbag.py:587} INFO - Filling up the DagBag from /home/airflow/.local/lib/python3.12/site-packages/airflow/example_dags/example_branch_labels.py
[2025-07-28T16:01:03.650+0000] {processor.py:925} INFO - DAG(s) 'example_branch_labels' retrieved from /home/airflow/.local/lib/python3.12/site-packages/airflow/example_dags/example_branch_labels.py
[2025-07-28T16:01:03.673+0000] {logging_mixin.py:190} INFO - [2025-07-28T16:01:03.673+0000] {dag.py:3229} INFO - Sync 1 DAGs
[2025-07-28T16:01:03.694+0000] {logging_mixin.py:190} INFO - [2025-07-28T16:01:03.694+0000] {dag.py:4156} INFO - Setting next_dagrun for example_branch_labels to 2025-07-27 00:00:00+00:00, run_after=2025-07-28 00:00:00+00:00
[2025-07-28T16:01:03.707+0000] {processor.py:208} INFO - Processing /home/airflow/.local/lib/python3.12/site-packages/airflow/example_dags/example_branch_labels.py took 0.086 seconds
