[2025-07-28T15:42:52.883+0000] {processor.py:186} INFO - Started process (PID=84) to work on /home/airflow/.local/lib/python3.12/site-packages/airflow/example_dags/example_xcom.py
[2025-07-28T15:42:52.884+0000] {processor.py:914} INFO - Processing file /home/airflow/.local/lib/python3.12/site-packages/airflow/example_dags/example_xcom.py for tasks to queue
[2025-07-28T15:42:52.886+0000] {logging_mixin.py:190} INFO - [2025-07-28T15:42:52.886+0000] {dagbag.py:587} INFO - Filling up the DagBag from /home/airflow/.local/lib/python3.12/site-packages/airflow/example_dags/example_xcom.py
[2025-07-28T15:42:52.895+0000] {processor.py:925} INFO - DAG(s) 'example_xcom' retrieved from /home/airflow/.local/lib/python3.12/site-packages/airflow/example_dags/example_xcom.py
[2025-07-28T15:42:52.959+0000] {logging_mixin.py:190} INFO - [2025-07-28T15:42:52.959+0000] {override.py:1900} INFO - Created Permission View: can edit on DAG:example_xcom
[2025-07-28T15:42:52.965+0000] {logging_mixin.py:190} INFO - [2025-07-28T15:42:52.965+0000] {override.py:1900} INFO - Created Permission View: can read on DAG:example_xcom
[2025-07-28T15:42:52.968+0000] {logging_mixin.py:190} INFO - [2025-07-28T15:42:52.968+0000] {override.py:1900} INFO - Created Permission View: can delete on DAG:example_xcom
[2025-07-28T15:42:52.972+0000] {logging_mixin.py:190} INFO - [2025-07-28T15:42:52.972+0000] {override.py:1900} INFO - Created Permission View: can read on DAG Run:example_xcom
[2025-07-28T15:42:52.978+0000] {logging_mixin.py:190} INFO - [2025-07-28T15:42:52.978+0000] {override.py:1900} INFO - Created Permission View: can delete on DAG Run:example_xcom
[2025-07-28T15:42:52.982+0000] {logging_mixin.py:190} INFO - [2025-07-28T15:42:52.982+0000] {override.py:1900} INFO - Created Permission View: can create on DAG Run:example_xcom
[2025-07-28T15:42:52.986+0000] {logging_mixin.py:190} INFO - [2025-07-28T15:42:52.986+0000] {override.py:1900} INFO - Created Permission View: menu access on DAG Run:example_xcom
[2025-07-28T15:42:52.986+0000] {logging_mixin.py:190} INFO - [2025-07-28T15:42:52.986+0000] {dag.py:3229} INFO - Sync 1 DAGs
[2025-07-28T15:42:53.003+0000] {logging_mixin.py:190} INFO - [2025-07-28T15:42:53.002+0000] {dag.py:3252} INFO - Creating ORM DAG for example_xcom
[2025-07-28T15:42:53.013+0000] {logging_mixin.py:190} INFO - [2025-07-28T15:42:53.013+0000] {dag.py:4156} INFO - Setting next_dagrun for example_xcom to 2021-01-01 00:00:00+00:00, run_after=2021-01-01 00:00:00+00:00
[2025-07-28T15:42:53.030+0000] {processor.py:208} INFO - Processing /home/airflow/.local/lib/python3.12/site-packages/airflow/example_dags/example_xcom.py took 0.151 seconds
[2025-07-28T15:43:23.879+0000] {processor.py:186} INFO - Started process (PID=146) to work on /home/airflow/.local/lib/python3.12/site-packages/airflow/example_dags/example_xcom.py
[2025-07-28T15:43:23.880+0000] {processor.py:914} INFO - Processing file /home/airflow/.local/lib/python3.12/site-packages/airflow/example_dags/example_xcom.py for tasks to queue
[2025-07-28T15:43:23.882+0000] {logging_mixin.py:190} INFO - [2025-07-28T15:43:23.882+0000] {dagbag.py:587} INFO - Filling up the DagBag from /home/airflow/.local/lib/python3.12/site-packages/airflow/example_dags/example_xcom.py
[2025-07-28T15:43:23.890+0000] {processor.py:925} INFO - DAG(s) 'example_xcom' retrieved from /home/airflow/.local/lib/python3.12/site-packages/airflow/example_dags/example_xcom.py
[2025-07-28T15:43:23.909+0000] {logging_mixin.py:190} INFO - [2025-07-28T15:43:23.909+0000] {dag.py:3229} INFO - Sync 1 DAGs
[2025-07-28T15:43:23.921+0000] {logging_mixin.py:190} INFO - [2025-07-28T15:43:23.921+0000] {dag.py:4156} INFO - Setting next_dagrun for example_xcom to 2021-01-01 00:00:00+00:00, run_after=2021-01-01 00:00:00+00:00
[2025-07-28T15:43:23.933+0000] {processor.py:208} INFO - Processing /home/airflow/.local/lib/python3.12/site-packages/airflow/example_dags/example_xcom.py took 0.057 seconds
[2025-07-28T15:43:54.684+0000] {processor.py:186} INFO - Started process (PID=208) to work on /home/airflow/.local/lib/python3.12/site-packages/airflow/example_dags/example_xcom.py
[2025-07-28T15:43:54.685+0000] {processor.py:914} INFO - Processing file /home/airflow/.local/lib/python3.12/site-packages/airflow/example_dags/example_xcom.py for tasks to queue
[2025-07-28T15:43:54.690+0000] {logging_mixin.py:190} INFO - [2025-07-28T15:43:54.689+0000] {dagbag.py:587} INFO - Filling up the DagBag from /home/airflow/.local/lib/python3.12/site-packages/airflow/example_dags/example_xcom.py
[2025-07-28T15:43:54.696+0000] {processor.py:925} INFO - DAG(s) 'example_xcom' retrieved from /home/airflow/.local/lib/python3.12/site-packages/airflow/example_dags/example_xcom.py
[2025-07-28T15:43:54.712+0000] {logging_mixin.py:190} INFO - [2025-07-28T15:43:54.712+0000] {dag.py:3229} INFO - Sync 1 DAGs
[2025-07-28T15:43:54.730+0000] {logging_mixin.py:190} INFO - [2025-07-28T15:43:54.730+0000] {dag.py:4156} INFO - Setting next_dagrun for example_xcom to 2021-01-01 00:00:00+00:00, run_after=2021-01-01 00:00:00+00:00
[2025-07-28T15:43:54.738+0000] {processor.py:208} INFO - Processing /home/airflow/.local/lib/python3.12/site-packages/airflow/example_dags/example_xcom.py took 0.059 seconds
[2025-07-28T15:44:25.210+0000] {processor.py:186} INFO - Started process (PID=270) to work on /home/airflow/.local/lib/python3.12/site-packages/airflow/example_dags/example_xcom.py
[2025-07-28T15:44:25.213+0000] {processor.py:914} INFO - Processing file /home/airflow/.local/lib/python3.12/site-packages/airflow/example_dags/example_xcom.py for tasks to queue
[2025-07-28T15:44:25.214+0000] {logging_mixin.py:190} INFO - [2025-07-28T15:44:25.214+0000] {dagbag.py:587} INFO - Filling up the DagBag from /home/airflow/.local/lib/python3.12/site-packages/airflow/example_dags/example_xcom.py
[2025-07-28T15:44:25.219+0000] {processor.py:925} INFO - DAG(s) 'example_xcom' retrieved from /home/airflow/.local/lib/python3.12/site-packages/airflow/example_dags/example_xcom.py
[2025-07-28T15:44:25.231+0000] {logging_mixin.py:190} INFO - [2025-07-28T15:44:25.231+0000] {dag.py:3229} INFO - Sync 1 DAGs
[2025-07-28T15:44:25.243+0000] {logging_mixin.py:190} INFO - [2025-07-28T15:44:25.242+0000] {dag.py:4156} INFO - Setting next_dagrun for example_xcom to 2021-01-01 00:00:00+00:00, run_after=2021-01-01 00:00:00+00:00
[2025-07-28T15:44:25.253+0000] {processor.py:208} INFO - Processing /home/airflow/.local/lib/python3.12/site-packages/airflow/example_dags/example_xcom.py took 0.048 seconds
[2025-07-28T15:44:55.776+0000] {processor.py:186} INFO - Started process (PID=332) to work on /home/airflow/.local/lib/python3.12/site-packages/airflow/example_dags/example_xcom.py
[2025-07-28T15:44:55.776+0000] {processor.py:914} INFO - Processing file /home/airflow/.local/lib/python3.12/site-packages/airflow/example_dags/example_xcom.py for tasks to queue
[2025-07-28T15:44:55.777+0000] {logging_mixin.py:190} INFO - [2025-07-28T15:44:55.777+0000] {dagbag.py:587} INFO - Filling up the DagBag from /home/airflow/.local/lib/python3.12/site-packages/airflow/example_dags/example_xcom.py
[2025-07-28T15:44:55.784+0000] {processor.py:925} INFO - DAG(s) 'example_xcom' retrieved from /home/airflow/.local/lib/python3.12/site-packages/airflow/example_dags/example_xcom.py
[2025-07-28T15:44:55.799+0000] {logging_mixin.py:190} INFO - [2025-07-28T15:44:55.799+0000] {dag.py:3229} INFO - Sync 1 DAGs
[2025-07-28T15:44:55.813+0000] {logging_mixin.py:190} INFO - [2025-07-28T15:44:55.813+0000] {dag.py:4156} INFO - Setting next_dagrun for example_xcom to 2021-01-01 00:00:00+00:00, run_after=2021-01-01 00:00:00+00:00
[2025-07-28T15:44:55.821+0000] {processor.py:208} INFO - Processing /home/airflow/.local/lib/python3.12/site-packages/airflow/example_dags/example_xcom.py took 0.048 seconds
[2025-07-28T15:45:26.559+0000] {processor.py:186} INFO - Started process (PID=394) to work on /home/airflow/.local/lib/python3.12/site-packages/airflow/example_dags/example_xcom.py
[2025-07-28T15:45:26.559+0000] {processor.py:914} INFO - Processing file /home/airflow/.local/lib/python3.12/site-packages/airflow/example_dags/example_xcom.py for tasks to queue
[2025-07-28T15:45:26.561+0000] {logging_mixin.py:190} INFO - [2025-07-28T15:45:26.560+0000] {dagbag.py:587} INFO - Filling up the DagBag from /home/airflow/.local/lib/python3.12/site-packages/airflow/example_dags/example_xcom.py
[2025-07-28T15:45:26.565+0000] {processor.py:925} INFO - DAG(s) 'example_xcom' retrieved from /home/airflow/.local/lib/python3.12/site-packages/airflow/example_dags/example_xcom.py
[2025-07-28T15:45:26.575+0000] {logging_mixin.py:190} INFO - [2025-07-28T15:45:26.575+0000] {dag.py:3229} INFO - Sync 1 DAGs
[2025-07-28T15:45:26.588+0000] {logging_mixin.py:190} INFO - [2025-07-28T15:45:26.587+0000] {dag.py:4156} INFO - Setting next_dagrun for example_xcom to 2021-01-01 00:00:00+00:00, run_after=2021-01-01 00:00:00+00:00
[2025-07-28T15:45:26.596+0000] {processor.py:208} INFO - Processing /home/airflow/.local/lib/python3.12/site-packages/airflow/example_dags/example_xcom.py took 0.040 seconds
[2025-07-28T15:45:57.349+0000] {processor.py:186} INFO - Started process (PID=456) to work on /home/airflow/.local/lib/python3.12/site-packages/airflow/example_dags/example_xcom.py
[2025-07-28T15:45:57.350+0000] {processor.py:914} INFO - Processing file /home/airflow/.local/lib/python3.12/site-packages/airflow/example_dags/example_xcom.py for tasks to queue
[2025-07-28T15:45:57.352+0000] {logging_mixin.py:190} INFO - [2025-07-28T15:45:57.351+0000] {dagbag.py:587} INFO - Filling up the DagBag from /home/airflow/.local/lib/python3.12/site-packages/airflow/example_dags/example_xcom.py
[2025-07-28T15:45:57.356+0000] {processor.py:925} INFO - DAG(s) 'example_xcom' retrieved from /home/airflow/.local/lib/python3.12/site-packages/airflow/example_dags/example_xcom.py
[2025-07-28T15:45:57.367+0000] {logging_mixin.py:190} INFO - [2025-07-28T15:45:57.367+0000] {dag.py:3229} INFO - Sync 1 DAGs
[2025-07-28T15:45:57.380+0000] {logging_mixin.py:190} INFO - [2025-07-28T15:45:57.380+0000] {dag.py:4156} INFO - Setting next_dagrun for example_xcom to 2021-01-01 00:00:00+00:00, run_after=2021-01-01 00:00:00+00:00
[2025-07-28T15:45:57.400+0000] {processor.py:208} INFO - Processing /home/airflow/.local/lib/python3.12/site-packages/airflow/example_dags/example_xcom.py took 0.053 seconds
[2025-07-28T15:46:27.968+0000] {processor.py:186} INFO - Started process (PID=518) to work on /home/airflow/.local/lib/python3.12/site-packages/airflow/example_dags/example_xcom.py
[2025-07-28T15:46:27.970+0000] {processor.py:914} INFO - Processing file /home/airflow/.local/lib/python3.12/site-packages/airflow/example_dags/example_xcom.py for tasks to queue
[2025-07-28T15:46:27.972+0000] {logging_mixin.py:190} INFO - [2025-07-28T15:46:27.972+0000] {dagbag.py:587} INFO - Filling up the DagBag from /home/airflow/.local/lib/python3.12/site-packages/airflow/example_dags/example_xcom.py
[2025-07-28T15:46:27.976+0000] {processor.py:925} INFO - DAG(s) 'example_xcom' retrieved from /home/airflow/.local/lib/python3.12/site-packages/airflow/example_dags/example_xcom.py
[2025-07-28T15:46:27.987+0000] {logging_mixin.py:190} INFO - [2025-07-28T15:46:27.987+0000] {dag.py:3229} INFO - Sync 1 DAGs
[2025-07-28T15:46:27.999+0000] {logging_mixin.py:190} INFO - [2025-07-28T15:46:27.999+0000] {dag.py:4156} INFO - Setting next_dagrun for example_xcom to 2021-01-01 00:00:00+00:00, run_after=2021-01-01 00:00:00+00:00
[2025-07-28T15:46:28.012+0000] {processor.py:208} INFO - Processing /home/airflow/.local/lib/python3.12/site-packages/airflow/example_dags/example_xcom.py took 0.048 seconds
[2025-07-28T15:46:58.493+0000] {processor.py:186} INFO - Started process (PID=580) to work on /home/airflow/.local/lib/python3.12/site-packages/airflow/example_dags/example_xcom.py
[2025-07-28T15:46:58.496+0000] {processor.py:914} INFO - Processing file /home/airflow/.local/lib/python3.12/site-packages/airflow/example_dags/example_xcom.py for tasks to queue
[2025-07-28T15:46:58.497+0000] {logging_mixin.py:190} INFO - [2025-07-28T15:46:58.497+0000] {dagbag.py:587} INFO - Filling up the DagBag from /home/airflow/.local/lib/python3.12/site-packages/airflow/example_dags/example_xcom.py
[2025-07-28T15:46:58.502+0000] {processor.py:925} INFO - DAG(s) 'example_xcom' retrieved from /home/airflow/.local/lib/python3.12/site-packages/airflow/example_dags/example_xcom.py
[2025-07-28T15:46:58.512+0000] {logging_mixin.py:190} INFO - [2025-07-28T15:46:58.512+0000] {dag.py:3229} INFO - Sync 1 DAGs
[2025-07-28T15:46:58.524+0000] {logging_mixin.py:190} INFO - [2025-07-28T15:46:58.524+0000] {dag.py:4156} INFO - Setting next_dagrun for example_xcom to 2021-01-01 00:00:00+00:00, run_after=2021-01-01 00:00:00+00:00
[2025-07-28T15:46:58.535+0000] {processor.py:208} INFO - Processing /home/airflow/.local/lib/python3.12/site-packages/airflow/example_dags/example_xcom.py took 0.045 seconds
[2025-07-28T15:47:29.984+0000] {processor.py:186} INFO - Started process (PID=642) to work on /home/airflow/.local/lib/python3.12/site-packages/airflow/example_dags/example_xcom.py
[2025-07-28T15:47:29.988+0000] {processor.py:914} INFO - Processing file /home/airflow/.local/lib/python3.12/site-packages/airflow/example_dags/example_xcom.py for tasks to queue
[2025-07-28T15:47:29.993+0000] {logging_mixin.py:190} INFO - [2025-07-28T15:47:29.993+0000] {dagbag.py:587} INFO - Filling up the DagBag from /home/airflow/.local/lib/python3.12/site-packages/airflow/example_dags/example_xcom.py
[2025-07-28T15:47:30.002+0000] {processor.py:925} INFO - DAG(s) 'example_xcom' retrieved from /home/airflow/.local/lib/python3.12/site-packages/airflow/example_dags/example_xcom.py
[2025-07-28T15:47:30.027+0000] {logging_mixin.py:190} INFO - [2025-07-28T15:47:30.027+0000] {dag.py:3229} INFO - Sync 1 DAGs
[2025-07-28T15:47:30.046+0000] {logging_mixin.py:190} INFO - [2025-07-28T15:47:30.045+0000] {dag.py:4156} INFO - Setting next_dagrun for example_xcom to 2021-01-01 00:00:00+00:00, run_after=2021-01-01 00:00:00+00:00
[2025-07-28T15:47:30.064+0000] {processor.py:208} INFO - Processing /home/airflow/.local/lib/python3.12/site-packages/airflow/example_dags/example_xcom.py took 0.088 seconds
[2025-07-28T15:48:00.327+0000] {processor.py:186} INFO - Started process (PID=704) to work on /home/airflow/.local/lib/python3.12/site-packages/airflow/example_dags/example_xcom.py
[2025-07-28T15:48:00.328+0000] {processor.py:914} INFO - Processing file /home/airflow/.local/lib/python3.12/site-packages/airflow/example_dags/example_xcom.py for tasks to queue
[2025-07-28T15:48:00.330+0000] {logging_mixin.py:190} INFO - [2025-07-28T15:48:00.330+0000] {dagbag.py:587} INFO - Filling up the DagBag from /home/airflow/.local/lib/python3.12/site-packages/airflow/example_dags/example_xcom.py
[2025-07-28T15:48:00.337+0000] {processor.py:925} INFO - DAG(s) 'example_xcom' retrieved from /home/airflow/.local/lib/python3.12/site-packages/airflow/example_dags/example_xcom.py
[2025-07-28T15:48:00.353+0000] {logging_mixin.py:190} INFO - [2025-07-28T15:48:00.353+0000] {dag.py:3229} INFO - Sync 1 DAGs
[2025-07-28T15:48:00.368+0000] {logging_mixin.py:190} INFO - [2025-07-28T15:48:00.368+0000] {dag.py:4156} INFO - Setting next_dagrun for example_xcom to 2021-01-01 00:00:00+00:00, run_after=2021-01-01 00:00:00+00:00
[2025-07-28T15:48:00.376+0000] {processor.py:208} INFO - Processing /home/airflow/.local/lib/python3.12/site-packages/airflow/example_dags/example_xcom.py took 0.060 seconds
[2025-07-28T15:48:30.757+0000] {processor.py:186} INFO - Started process (PID=766) to work on /home/airflow/.local/lib/python3.12/site-packages/airflow/example_dags/example_xcom.py
[2025-07-28T15:48:30.760+0000] {processor.py:914} INFO - Processing file /home/airflow/.local/lib/python3.12/site-packages/airflow/example_dags/example_xcom.py for tasks to queue
[2025-07-28T15:48:30.761+0000] {logging_mixin.py:190} INFO - [2025-07-28T15:48:30.761+0000] {dagbag.py:587} INFO - Filling up the DagBag from /home/airflow/.local/lib/python3.12/site-packages/airflow/example_dags/example_xcom.py
[2025-07-28T15:48:30.766+0000] {processor.py:925} INFO - DAG(s) 'example_xcom' retrieved from /home/airflow/.local/lib/python3.12/site-packages/airflow/example_dags/example_xcom.py
[2025-07-28T15:48:30.778+0000] {logging_mixin.py:190} INFO - [2025-07-28T15:48:30.778+0000] {dag.py:3229} INFO - Sync 1 DAGs
[2025-07-28T15:48:30.790+0000] {logging_mixin.py:190} INFO - [2025-07-28T15:48:30.790+0000] {dag.py:4156} INFO - Setting next_dagrun for example_xcom to 2021-01-01 00:00:00+00:00, run_after=2021-01-01 00:00:00+00:00
[2025-07-28T15:48:30.802+0000] {processor.py:208} INFO - Processing /home/airflow/.local/lib/python3.12/site-packages/airflow/example_dags/example_xcom.py took 0.048 seconds
[2025-07-28T15:49:01.598+0000] {processor.py:186} INFO - Started process (PID=828) to work on /home/airflow/.local/lib/python3.12/site-packages/airflow/example_dags/example_xcom.py
[2025-07-28T15:49:01.599+0000] {processor.py:914} INFO - Processing file /home/airflow/.local/lib/python3.12/site-packages/airflow/example_dags/example_xcom.py for tasks to queue
[2025-07-28T15:49:01.600+0000] {logging_mixin.py:190} INFO - [2025-07-28T15:49:01.600+0000] {dagbag.py:587} INFO - Filling up the DagBag from /home/airflow/.local/lib/python3.12/site-packages/airflow/example_dags/example_xcom.py
[2025-07-28T15:49:01.605+0000] {processor.py:925} INFO - DAG(s) 'example_xcom' retrieved from /home/airflow/.local/lib/python3.12/site-packages/airflow/example_dags/example_xcom.py
[2025-07-28T15:49:01.614+0000] {logging_mixin.py:190} INFO - [2025-07-28T15:49:01.614+0000] {dag.py:3229} INFO - Sync 1 DAGs
[2025-07-28T15:49:01.624+0000] {logging_mixin.py:190} INFO - [2025-07-28T15:49:01.624+0000] {dag.py:4156} INFO - Setting next_dagrun for example_xcom to 2021-01-01 00:00:00+00:00, run_after=2021-01-01 00:00:00+00:00
[2025-07-28T15:49:01.631+0000] {processor.py:208} INFO - Processing /home/airflow/.local/lib/python3.12/site-packages/airflow/example_dags/example_xcom.py took 0.036 seconds
[2025-07-28T15:49:32.180+0000] {processor.py:186} INFO - Started process (PID=890) to work on /home/airflow/.local/lib/python3.12/site-packages/airflow/example_dags/example_xcom.py
[2025-07-28T15:49:32.180+0000] {processor.py:914} INFO - Processing file /home/airflow/.local/lib/python3.12/site-packages/airflow/example_dags/example_xcom.py for tasks to queue
[2025-07-28T15:49:32.181+0000] {logging_mixin.py:190} INFO - [2025-07-28T15:49:32.181+0000] {dagbag.py:587} INFO - Filling up the DagBag from /home/airflow/.local/lib/python3.12/site-packages/airflow/example_dags/example_xcom.py
[2025-07-28T15:49:32.187+0000] {processor.py:925} INFO - DAG(s) 'example_xcom' retrieved from /home/airflow/.local/lib/python3.12/site-packages/airflow/example_dags/example_xcom.py
[2025-07-28T15:49:32.200+0000] {logging_mixin.py:190} INFO - [2025-07-28T15:49:32.200+0000] {dag.py:3229} INFO - Sync 1 DAGs
[2025-07-28T15:49:32.210+0000] {logging_mixin.py:190} INFO - [2025-07-28T15:49:32.210+0000] {dag.py:4156} INFO - Setting next_dagrun for example_xcom to 2021-01-01 00:00:00+00:00, run_after=2021-01-01 00:00:00+00:00
[2025-07-28T15:49:32.218+0000] {processor.py:208} INFO - Processing /home/airflow/.local/lib/python3.12/site-packages/airflow/example_dags/example_xcom.py took 0.041 seconds
[2025-07-28T15:50:03.121+0000] {processor.py:186} INFO - Started process (PID=952) to work on /home/airflow/.local/lib/python3.12/site-packages/airflow/example_dags/example_xcom.py
[2025-07-28T15:50:03.123+0000] {processor.py:914} INFO - Processing file /home/airflow/.local/lib/python3.12/site-packages/airflow/example_dags/example_xcom.py for tasks to queue
[2025-07-28T15:50:03.125+0000] {logging_mixin.py:190} INFO - [2025-07-28T15:50:03.125+0000] {dagbag.py:587} INFO - Filling up the DagBag from /home/airflow/.local/lib/python3.12/site-packages/airflow/example_dags/example_xcom.py
[2025-07-28T15:50:03.134+0000] {processor.py:925} INFO - DAG(s) 'example_xcom' retrieved from /home/airflow/.local/lib/python3.12/site-packages/airflow/example_dags/example_xcom.py
[2025-07-28T15:50:03.161+0000] {logging_mixin.py:190} INFO - [2025-07-28T15:50:03.161+0000] {dag.py:3229} INFO - Sync 1 DAGs
[2025-07-28T15:50:03.183+0000] {logging_mixin.py:190} INFO - [2025-07-28T15:50:03.183+0000] {dag.py:4156} INFO - Setting next_dagrun for example_xcom to 2021-01-01 00:00:00+00:00, run_after=2021-01-01 00:00:00+00:00
[2025-07-28T15:50:03.194+0000] {processor.py:208} INFO - Processing /home/airflow/.local/lib/python3.12/site-packages/airflow/example_dags/example_xcom.py took 0.078 seconds
[2025-07-28T15:50:33.351+0000] {processor.py:186} INFO - Started process (PID=1014) to work on /home/airflow/.local/lib/python3.12/site-packages/airflow/example_dags/example_xcom.py
[2025-07-28T15:50:33.353+0000] {processor.py:914} INFO - Processing file /home/airflow/.local/lib/python3.12/site-packages/airflow/example_dags/example_xcom.py for tasks to queue
[2025-07-28T15:50:33.354+0000] {logging_mixin.py:190} INFO - [2025-07-28T15:50:33.354+0000] {dagbag.py:587} INFO - Filling up the DagBag from /home/airflow/.local/lib/python3.12/site-packages/airflow/example_dags/example_xcom.py
[2025-07-28T15:50:33.359+0000] {processor.py:925} INFO - DAG(s) 'example_xcom' retrieved from /home/airflow/.local/lib/python3.12/site-packages/airflow/example_dags/example_xcom.py
[2025-07-28T15:50:33.380+0000] {logging_mixin.py:190} INFO - [2025-07-28T15:50:33.379+0000] {dag.py:3229} INFO - Sync 1 DAGs
[2025-07-28T15:50:33.395+0000] {logging_mixin.py:190} INFO - [2025-07-28T15:50:33.395+0000] {dag.py:4156} INFO - Setting next_dagrun for example_xcom to 2021-01-01 00:00:00+00:00, run_after=2021-01-01 00:00:00+00:00
[2025-07-28T15:50:33.404+0000] {processor.py:208} INFO - Processing /home/airflow/.local/lib/python3.12/site-packages/airflow/example_dags/example_xcom.py took 0.056 seconds
[2025-07-28T15:51:03.436+0000] {processor.py:186} INFO - Started process (PID=1076) to work on /home/airflow/.local/lib/python3.12/site-packages/airflow/example_dags/example_xcom.py
[2025-07-28T15:51:03.437+0000] {processor.py:914} INFO - Processing file /home/airflow/.local/lib/python3.12/site-packages/airflow/example_dags/example_xcom.py for tasks to queue
[2025-07-28T15:51:03.439+0000] {logging_mixin.py:190} INFO - [2025-07-28T15:51:03.439+0000] {dagbag.py:587} INFO - Filling up the DagBag from /home/airflow/.local/lib/python3.12/site-packages/airflow/example_dags/example_xcom.py
[2025-07-28T15:51:03.446+0000] {processor.py:925} INFO - DAG(s) 'example_xcom' retrieved from /home/airflow/.local/lib/python3.12/site-packages/airflow/example_dags/example_xcom.py
[2025-07-28T15:51:03.467+0000] {logging_mixin.py:190} INFO - [2025-07-28T15:51:03.467+0000] {dag.py:3229} INFO - Sync 1 DAGs
[2025-07-28T15:51:03.479+0000] {logging_mixin.py:190} INFO - [2025-07-28T15:51:03.479+0000] {dag.py:4156} INFO - Setting next_dagrun for example_xcom to 2021-01-01 00:00:00+00:00, run_after=2021-01-01 00:00:00+00:00
[2025-07-28T15:51:03.495+0000] {processor.py:208} INFO - Processing /home/airflow/.local/lib/python3.12/site-packages/airflow/example_dags/example_xcom.py took 0.063 seconds
[2025-07-28T15:51:34.249+0000] {processor.py:186} INFO - Started process (PID=1138) to work on /home/airflow/.local/lib/python3.12/site-packages/airflow/example_dags/example_xcom.py
[2025-07-28T15:51:34.251+0000] {processor.py:914} INFO - Processing file /home/airflow/.local/lib/python3.12/site-packages/airflow/example_dags/example_xcom.py for tasks to queue
[2025-07-28T15:51:34.252+0000] {logging_mixin.py:190} INFO - [2025-07-28T15:51:34.252+0000] {dagbag.py:587} INFO - Filling up the DagBag from /home/airflow/.local/lib/python3.12/site-packages/airflow/example_dags/example_xcom.py
[2025-07-28T15:51:34.258+0000] {processor.py:925} INFO - DAG(s) 'example_xcom' retrieved from /home/airflow/.local/lib/python3.12/site-packages/airflow/example_dags/example_xcom.py
[2025-07-28T15:51:34.276+0000] {logging_mixin.py:190} INFO - [2025-07-28T15:51:34.275+0000] {dag.py:3229} INFO - Sync 1 DAGs
[2025-07-28T15:51:34.294+0000] {logging_mixin.py:190} INFO - [2025-07-28T15:51:34.294+0000] {dag.py:4156} INFO - Setting next_dagrun for example_xcom to 2021-01-01 00:00:00+00:00, run_after=2021-01-01 00:00:00+00:00
[2025-07-28T15:51:34.312+0000] {processor.py:208} INFO - Processing /home/airflow/.local/lib/python3.12/site-packages/airflow/example_dags/example_xcom.py took 0.067 seconds
[2025-07-28T15:52:04.400+0000] {processor.py:186} INFO - Started process (PID=1200) to work on /home/airflow/.local/lib/python3.12/site-packages/airflow/example_dags/example_xcom.py
[2025-07-28T15:52:04.400+0000] {processor.py:914} INFO - Processing file /home/airflow/.local/lib/python3.12/site-packages/airflow/example_dags/example_xcom.py for tasks to queue
[2025-07-28T15:52:04.401+0000] {logging_mixin.py:190} INFO - [2025-07-28T15:52:04.401+0000] {dagbag.py:587} INFO - Filling up the DagBag from /home/airflow/.local/lib/python3.12/site-packages/airflow/example_dags/example_xcom.py
[2025-07-28T15:52:04.406+0000] {processor.py:925} INFO - DAG(s) 'example_xcom' retrieved from /home/airflow/.local/lib/python3.12/site-packages/airflow/example_dags/example_xcom.py
[2025-07-28T15:52:04.422+0000] {logging_mixin.py:190} INFO - [2025-07-28T15:52:04.422+0000] {dag.py:3229} INFO - Sync 1 DAGs
[2025-07-28T15:52:04.437+0000] {logging_mixin.py:190} INFO - [2025-07-28T15:52:04.437+0000] {dag.py:4156} INFO - Setting next_dagrun for example_xcom to 2021-01-01 00:00:00+00:00, run_after=2021-01-01 00:00:00+00:00
[2025-07-28T15:52:04.444+0000] {processor.py:208} INFO - Processing /home/airflow/.local/lib/python3.12/site-packages/airflow/example_dags/example_xcom.py took 0.047 seconds
[2025-07-28T15:52:35.368+0000] {processor.py:186} INFO - Started process (PID=1262) to work on /home/airflow/.local/lib/python3.12/site-packages/airflow/example_dags/example_xcom.py
[2025-07-28T15:52:35.369+0000] {processor.py:914} INFO - Processing file /home/airflow/.local/lib/python3.12/site-packages/airflow/example_dags/example_xcom.py for tasks to queue
[2025-07-28T15:52:35.371+0000] {logging_mixin.py:190} INFO - [2025-07-28T15:52:35.371+0000] {dagbag.py:587} INFO - Filling up the DagBag from /home/airflow/.local/lib/python3.12/site-packages/airflow/example_dags/example_xcom.py
[2025-07-28T15:52:35.377+0000] {processor.py:925} INFO - DAG(s) 'example_xcom' retrieved from /home/airflow/.local/lib/python3.12/site-packages/airflow/example_dags/example_xcom.py
[2025-07-28T15:52:35.393+0000] {logging_mixin.py:190} INFO - [2025-07-28T15:52:35.393+0000] {dag.py:3229} INFO - Sync 1 DAGs
[2025-07-28T15:52:35.411+0000] {logging_mixin.py:190} INFO - [2025-07-28T15:52:35.410+0000] {dag.py:4156} INFO - Setting next_dagrun for example_xcom to 2021-01-01 00:00:00+00:00, run_after=2021-01-01 00:00:00+00:00
[2025-07-28T15:52:35.424+0000] {processor.py:208} INFO - Processing /home/airflow/.local/lib/python3.12/site-packages/airflow/example_dags/example_xcom.py took 0.062 seconds
[2025-07-28T15:53:05.513+0000] {processor.py:186} INFO - Started process (PID=1324) to work on /home/airflow/.local/lib/python3.12/site-packages/airflow/example_dags/example_xcom.py
[2025-07-28T15:53:05.514+0000] {processor.py:914} INFO - Processing file /home/airflow/.local/lib/python3.12/site-packages/airflow/example_dags/example_xcom.py for tasks to queue
[2025-07-28T15:53:05.515+0000] {logging_mixin.py:190} INFO - [2025-07-28T15:53:05.515+0000] {dagbag.py:587} INFO - Filling up the DagBag from /home/airflow/.local/lib/python3.12/site-packages/airflow/example_dags/example_xcom.py
[2025-07-28T15:53:05.520+0000] {processor.py:925} INFO - DAG(s) 'example_xcom' retrieved from /home/airflow/.local/lib/python3.12/site-packages/airflow/example_dags/example_xcom.py
[2025-07-28T15:53:05.532+0000] {logging_mixin.py:190} INFO - [2025-07-28T15:53:05.531+0000] {dag.py:3229} INFO - Sync 1 DAGs
[2025-07-28T15:53:05.542+0000] {logging_mixin.py:190} INFO - [2025-07-28T15:53:05.542+0000] {dag.py:4156} INFO - Setting next_dagrun for example_xcom to 2021-01-01 00:00:00+00:00, run_after=2021-01-01 00:00:00+00:00
[2025-07-28T15:53:05.549+0000] {processor.py:208} INFO - Processing /home/airflow/.local/lib/python3.12/site-packages/airflow/example_dags/example_xcom.py took 0.040 seconds
[2025-07-28T15:53:36.517+0000] {processor.py:186} INFO - Started process (PID=1387) to work on /home/airflow/.local/lib/python3.12/site-packages/airflow/example_dags/example_xcom.py
[2025-07-28T15:53:36.520+0000] {processor.py:914} INFO - Processing file /home/airflow/.local/lib/python3.12/site-packages/airflow/example_dags/example_xcom.py for tasks to queue
[2025-07-28T15:53:36.521+0000] {logging_mixin.py:190} INFO - [2025-07-28T15:53:36.521+0000] {dagbag.py:587} INFO - Filling up the DagBag from /home/airflow/.local/lib/python3.12/site-packages/airflow/example_dags/example_xcom.py
[2025-07-28T15:53:36.526+0000] {processor.py:925} INFO - DAG(s) 'example_xcom' retrieved from /home/airflow/.local/lib/python3.12/site-packages/airflow/example_dags/example_xcom.py
[2025-07-28T15:53:36.538+0000] {logging_mixin.py:190} INFO - [2025-07-28T15:53:36.537+0000] {dag.py:3229} INFO - Sync 1 DAGs
[2025-07-28T15:53:36.549+0000] {logging_mixin.py:190} INFO - [2025-07-28T15:53:36.549+0000] {dag.py:4156} INFO - Setting next_dagrun for example_xcom to 2021-01-01 00:00:00+00:00, run_after=2021-01-01 00:00:00+00:00
[2025-07-28T15:53:36.564+0000] {processor.py:208} INFO - Processing /home/airflow/.local/lib/python3.12/site-packages/airflow/example_dags/example_xcom.py took 0.050 seconds
[2025-07-28T15:54:07.366+0000] {processor.py:186} INFO - Started process (PID=1450) to work on /home/airflow/.local/lib/python3.12/site-packages/airflow/example_dags/example_xcom.py
[2025-07-28T15:54:07.370+0000] {processor.py:914} INFO - Processing file /home/airflow/.local/lib/python3.12/site-packages/airflow/example_dags/example_xcom.py for tasks to queue
[2025-07-28T15:54:07.373+0000] {logging_mixin.py:190} INFO - [2025-07-28T15:54:07.373+0000] {dagbag.py:587} INFO - Filling up the DagBag from /home/airflow/.local/lib/python3.12/site-packages/airflow/example_dags/example_xcom.py
[2025-07-28T15:54:07.382+0000] {processor.py:925} INFO - DAG(s) 'example_xcom' retrieved from /home/airflow/.local/lib/python3.12/site-packages/airflow/example_dags/example_xcom.py
[2025-07-28T15:54:07.399+0000] {logging_mixin.py:190} INFO - [2025-07-28T15:54:07.399+0000] {dag.py:3229} INFO - Sync 1 DAGs
[2025-07-28T15:54:07.414+0000] {logging_mixin.py:190} INFO - [2025-07-28T15:54:07.413+0000] {dag.py:4156} INFO - Setting next_dagrun for example_xcom to 2021-01-01 00:00:00+00:00, run_after=2021-01-01 00:00:00+00:00
[2025-07-28T15:54:07.424+0000] {processor.py:208} INFO - Processing /home/airflow/.local/lib/python3.12/site-packages/airflow/example_dags/example_xcom.py took 0.061 seconds
[2025-07-28T15:54:38.360+0000] {processor.py:186} INFO - Started process (PID=1513) to work on /home/airflow/.local/lib/python3.12/site-packages/airflow/example_dags/example_xcom.py
[2025-07-28T15:54:38.360+0000] {processor.py:914} INFO - Processing file /home/airflow/.local/lib/python3.12/site-packages/airflow/example_dags/example_xcom.py for tasks to queue
[2025-07-28T15:54:38.362+0000] {logging_mixin.py:190} INFO - [2025-07-28T15:54:38.361+0000] {dagbag.py:587} INFO - Filling up the DagBag from /home/airflow/.local/lib/python3.12/site-packages/airflow/example_dags/example_xcom.py
[2025-07-28T15:54:38.367+0000] {processor.py:925} INFO - DAG(s) 'example_xcom' retrieved from /home/airflow/.local/lib/python3.12/site-packages/airflow/example_dags/example_xcom.py
[2025-07-28T15:54:38.378+0000] {logging_mixin.py:190} INFO - [2025-07-28T15:54:38.377+0000] {dag.py:3229} INFO - Sync 1 DAGs
[2025-07-28T15:54:38.387+0000] {logging_mixin.py:190} INFO - [2025-07-28T15:54:38.387+0000] {dag.py:4156} INFO - Setting next_dagrun for example_xcom to 2021-01-01 00:00:00+00:00, run_after=2021-01-01 00:00:00+00:00
[2025-07-28T15:54:38.394+0000] {processor.py:208} INFO - Processing /home/airflow/.local/lib/python3.12/site-packages/airflow/example_dags/example_xcom.py took 0.038 seconds
[2025-07-28T15:55:09.949+0000] {processor.py:186} INFO - Started process (PID=1576) to work on /home/airflow/.local/lib/python3.12/site-packages/airflow/example_dags/example_xcom.py
[2025-07-28T15:55:09.950+0000] {processor.py:914} INFO - Processing file /home/airflow/.local/lib/python3.12/site-packages/airflow/example_dags/example_xcom.py for tasks to queue
[2025-07-28T15:55:09.951+0000] {logging_mixin.py:190} INFO - [2025-07-28T15:55:09.951+0000] {dagbag.py:587} INFO - Filling up the DagBag from /home/airflow/.local/lib/python3.12/site-packages/airflow/example_dags/example_xcom.py
[2025-07-28T15:55:09.956+0000] {processor.py:925} INFO - DAG(s) 'example_xcom' retrieved from /home/airflow/.local/lib/python3.12/site-packages/airflow/example_dags/example_xcom.py
[2025-07-28T15:55:09.965+0000] {logging_mixin.py:190} INFO - [2025-07-28T15:55:09.965+0000] {dag.py:3229} INFO - Sync 1 DAGs
[2025-07-28T15:55:09.974+0000] {logging_mixin.py:190} INFO - [2025-07-28T15:55:09.974+0000] {dag.py:4156} INFO - Setting next_dagrun for example_xcom to 2021-01-01 00:00:00+00:00, run_after=2021-01-01 00:00:00+00:00
[2025-07-28T15:55:09.981+0000] {processor.py:208} INFO - Processing /home/airflow/.local/lib/python3.12/site-packages/airflow/example_dags/example_xcom.py took 0.035 seconds
[2025-07-28T15:55:40.956+0000] {processor.py:186} INFO - Started process (PID=1639) to work on /home/airflow/.local/lib/python3.12/site-packages/airflow/example_dags/example_xcom.py
[2025-07-28T15:55:40.957+0000] {processor.py:914} INFO - Processing file /home/airflow/.local/lib/python3.12/site-packages/airflow/example_dags/example_xcom.py for tasks to queue
[2025-07-28T15:55:40.958+0000] {logging_mixin.py:190} INFO - [2025-07-28T15:55:40.958+0000] {dagbag.py:587} INFO - Filling up the DagBag from /home/airflow/.local/lib/python3.12/site-packages/airflow/example_dags/example_xcom.py
[2025-07-28T15:55:40.963+0000] {processor.py:925} INFO - DAG(s) 'example_xcom' retrieved from /home/airflow/.local/lib/python3.12/site-packages/airflow/example_dags/example_xcom.py
[2025-07-28T15:55:40.976+0000] {logging_mixin.py:190} INFO - [2025-07-28T15:55:40.976+0000] {dag.py:3229} INFO - Sync 1 DAGs
[2025-07-28T15:55:40.988+0000] {logging_mixin.py:190} INFO - [2025-07-28T15:55:40.987+0000] {dag.py:4156} INFO - Setting next_dagrun for example_xcom to 2021-01-01 00:00:00+00:00, run_after=2021-01-01 00:00:00+00:00
[2025-07-28T15:55:40.996+0000] {processor.py:208} INFO - Processing /home/airflow/.local/lib/python3.12/site-packages/airflow/example_dags/example_xcom.py took 0.043 seconds
[2025-07-28T15:56:28.709+0000] {processor.py:186} INFO - Started process (PID=1708) to work on /home/airflow/.local/lib/python3.12/site-packages/airflow/example_dags/example_xcom.py
[2025-07-28T15:56:28.714+0000] {processor.py:914} INFO - Processing file /home/airflow/.local/lib/python3.12/site-packages/airflow/example_dags/example_xcom.py for tasks to queue
[2025-07-28T15:56:28.734+0000] {logging_mixin.py:190} INFO - [2025-07-28T15:56:28.731+0000] {dagbag.py:587} INFO - Filling up the DagBag from /home/airflow/.local/lib/python3.12/site-packages/airflow/example_dags/example_xcom.py
[2025-07-28T15:56:28.881+0000] {processor.py:925} INFO - DAG(s) 'example_xcom' retrieved from /home/airflow/.local/lib/python3.12/site-packages/airflow/example_dags/example_xcom.py
[2025-07-28T15:56:29.249+0000] {logging_mixin.py:190} INFO - [2025-07-28T15:56:29.235+0000] {dag.py:3229} INFO - Sync 1 DAGs
[2025-07-28T15:56:29.321+0000] {logging_mixin.py:190} INFO - [2025-07-28T15:56:29.321+0000] {dag.py:4156} INFO - Setting next_dagrun for example_xcom to 2021-01-01 00:00:00+00:00, run_after=2021-01-01 00:00:00+00:00
[2025-07-28T15:56:29.358+0000] {processor.py:208} INFO - Processing /home/airflow/.local/lib/python3.12/site-packages/airflow/example_dags/example_xcom.py took 0.683 seconds
[2025-07-28T15:56:59.588+0000] {processor.py:186} INFO - Started process (PID=1771) to work on /home/airflow/.local/lib/python3.12/site-packages/airflow/example_dags/example_xcom.py
[2025-07-28T15:56:59.589+0000] {processor.py:914} INFO - Processing file /home/airflow/.local/lib/python3.12/site-packages/airflow/example_dags/example_xcom.py for tasks to queue
[2025-07-28T15:56:59.590+0000] {logging_mixin.py:190} INFO - [2025-07-28T15:56:59.590+0000] {dagbag.py:587} INFO - Filling up the DagBag from /home/airflow/.local/lib/python3.12/site-packages/airflow/example_dags/example_xcom.py
[2025-07-28T15:56:59.599+0000] {processor.py:925} INFO - DAG(s) 'example_xcom' retrieved from /home/airflow/.local/lib/python3.12/site-packages/airflow/example_dags/example_xcom.py
[2025-07-28T15:56:59.614+0000] {logging_mixin.py:190} INFO - [2025-07-28T15:56:59.614+0000] {dag.py:3229} INFO - Sync 1 DAGs
[2025-07-28T15:56:59.633+0000] {logging_mixin.py:190} INFO - [2025-07-28T15:56:59.633+0000] {dag.py:4156} INFO - Setting next_dagrun for example_xcom to 2021-01-01 00:00:00+00:00, run_after=2021-01-01 00:00:00+00:00
[2025-07-28T15:56:59.646+0000] {processor.py:208} INFO - Processing /home/airflow/.local/lib/python3.12/site-packages/airflow/example_dags/example_xcom.py took 0.061 seconds
[2025-07-28T15:57:29.850+0000] {processor.py:186} INFO - Started process (PID=1833) to work on /home/airflow/.local/lib/python3.12/site-packages/airflow/example_dags/example_xcom.py
[2025-07-28T15:57:29.851+0000] {processor.py:914} INFO - Processing file /home/airflow/.local/lib/python3.12/site-packages/airflow/example_dags/example_xcom.py for tasks to queue
[2025-07-28T15:57:29.852+0000] {logging_mixin.py:190} INFO - [2025-07-28T15:57:29.852+0000] {dagbag.py:587} INFO - Filling up the DagBag from /home/airflow/.local/lib/python3.12/site-packages/airflow/example_dags/example_xcom.py
[2025-07-28T15:57:29.857+0000] {processor.py:925} INFO - DAG(s) 'example_xcom' retrieved from /home/airflow/.local/lib/python3.12/site-packages/airflow/example_dags/example_xcom.py
[2025-07-28T15:57:29.869+0000] {logging_mixin.py:190} INFO - [2025-07-28T15:57:29.869+0000] {dag.py:3229} INFO - Sync 1 DAGs
[2025-07-28T15:57:29.883+0000] {logging_mixin.py:190} INFO - [2025-07-28T15:57:29.882+0000] {dag.py:4156} INFO - Setting next_dagrun for example_xcom to 2021-01-01 00:00:00+00:00, run_after=2021-01-01 00:00:00+00:00
[2025-07-28T15:57:29.892+0000] {processor.py:208} INFO - Processing /home/airflow/.local/lib/python3.12/site-packages/airflow/example_dags/example_xcom.py took 0.044 seconds
[2025-07-28T15:58:00.325+0000] {processor.py:186} INFO - Started process (PID=1896) to work on /home/airflow/.local/lib/python3.12/site-packages/airflow/example_dags/example_xcom.py
[2025-07-28T15:58:00.331+0000] {processor.py:914} INFO - Processing file /home/airflow/.local/lib/python3.12/site-packages/airflow/example_dags/example_xcom.py for tasks to queue
[2025-07-28T15:58:00.336+0000] {logging_mixin.py:190} INFO - [2025-07-28T15:58:00.336+0000] {dagbag.py:587} INFO - Filling up the DagBag from /home/airflow/.local/lib/python3.12/site-packages/airflow/example_dags/example_xcom.py
[2025-07-28T15:58:00.354+0000] {processor.py:925} INFO - DAG(s) 'example_xcom' retrieved from /home/airflow/.local/lib/python3.12/site-packages/airflow/example_dags/example_xcom.py
[2025-07-28T15:58:00.374+0000] {logging_mixin.py:190} INFO - [2025-07-28T15:58:00.374+0000] {dag.py:3229} INFO - Sync 1 DAGs
[2025-07-28T15:58:00.388+0000] {logging_mixin.py:190} INFO - [2025-07-28T15:58:00.388+0000] {dag.py:4156} INFO - Setting next_dagrun for example_xcom to 2021-01-01 00:00:00+00:00, run_after=2021-01-01 00:00:00+00:00
[2025-07-28T15:58:00.396+0000] {processor.py:208} INFO - Processing /home/airflow/.local/lib/python3.12/site-packages/airflow/example_dags/example_xcom.py took 0.090 seconds
[2025-07-28T15:58:31.088+0000] {processor.py:186} INFO - Started process (PID=1959) to work on /home/airflow/.local/lib/python3.12/site-packages/airflow/example_dags/example_xcom.py
[2025-07-28T15:58:31.088+0000] {processor.py:914} INFO - Processing file /home/airflow/.local/lib/python3.12/site-packages/airflow/example_dags/example_xcom.py for tasks to queue
[2025-07-28T15:58:31.091+0000] {logging_mixin.py:190} INFO - [2025-07-28T15:58:31.090+0000] {dagbag.py:587} INFO - Filling up the DagBag from /home/airflow/.local/lib/python3.12/site-packages/airflow/example_dags/example_xcom.py
[2025-07-28T15:58:31.098+0000] {processor.py:925} INFO - DAG(s) 'example_xcom' retrieved from /home/airflow/.local/lib/python3.12/site-packages/airflow/example_dags/example_xcom.py
[2025-07-28T15:58:31.107+0000] {logging_mixin.py:190} INFO - [2025-07-28T15:58:31.107+0000] {dag.py:3229} INFO - Sync 1 DAGs
[2025-07-28T15:58:31.118+0000] {logging_mixin.py:190} INFO - [2025-07-28T15:58:31.118+0000] {dag.py:4156} INFO - Setting next_dagrun for example_xcom to 2021-01-01 00:00:00+00:00, run_after=2021-01-01 00:00:00+00:00
[2025-07-28T15:58:31.125+0000] {processor.py:208} INFO - Processing /home/airflow/.local/lib/python3.12/site-packages/airflow/example_dags/example_xcom.py took 0.040 seconds
[2025-07-28T15:59:01.806+0000] {processor.py:186} INFO - Started process (PID=2021) to work on /home/airflow/.local/lib/python3.12/site-packages/airflow/example_dags/example_xcom.py
[2025-07-28T15:59:01.808+0000] {processor.py:914} INFO - Processing file /home/airflow/.local/lib/python3.12/site-packages/airflow/example_dags/example_xcom.py for tasks to queue
[2025-07-28T15:59:01.810+0000] {logging_mixin.py:190} INFO - [2025-07-28T15:59:01.810+0000] {dagbag.py:587} INFO - Filling up the DagBag from /home/airflow/.local/lib/python3.12/site-packages/airflow/example_dags/example_xcom.py
[2025-07-28T15:59:01.826+0000] {processor.py:925} INFO - DAG(s) 'example_xcom' retrieved from /home/airflow/.local/lib/python3.12/site-packages/airflow/example_dags/example_xcom.py
[2025-07-28T15:59:01.867+0000] {logging_mixin.py:190} INFO - [2025-07-28T15:59:01.867+0000] {dag.py:3229} INFO - Sync 1 DAGs
[2025-07-28T15:59:01.894+0000] {logging_mixin.py:190} INFO - [2025-07-28T15:59:01.894+0000] {dag.py:4156} INFO - Setting next_dagrun for example_xcom to 2021-01-01 00:00:00+00:00, run_after=2021-01-01 00:00:00+00:00
[2025-07-28T15:59:01.909+0000] {processor.py:208} INFO - Processing /home/airflow/.local/lib/python3.12/site-packages/airflow/example_dags/example_xcom.py took 0.112 seconds
[2025-07-28T15:59:32.824+0000] {processor.py:186} INFO - Started process (PID=2084) to work on /home/airflow/.local/lib/python3.12/site-packages/airflow/example_dags/example_xcom.py
[2025-07-28T15:59:32.826+0000] {processor.py:914} INFO - Processing file /home/airflow/.local/lib/python3.12/site-packages/airflow/example_dags/example_xcom.py for tasks to queue
[2025-07-28T15:59:32.828+0000] {logging_mixin.py:190} INFO - [2025-07-28T15:59:32.827+0000] {dagbag.py:587} INFO - Filling up the DagBag from /home/airflow/.local/lib/python3.12/site-packages/airflow/example_dags/example_xcom.py
[2025-07-28T15:59:32.835+0000] {processor.py:925} INFO - DAG(s) 'example_xcom' retrieved from /home/airflow/.local/lib/python3.12/site-packages/airflow/example_dags/example_xcom.py
[2025-07-28T15:59:32.858+0000] {logging_mixin.py:190} INFO - [2025-07-28T15:59:32.858+0000] {dag.py:3229} INFO - Sync 1 DAGs
[2025-07-28T15:59:32.889+0000] {logging_mixin.py:190} INFO - [2025-07-28T15:59:32.888+0000] {dag.py:4156} INFO - Setting next_dagrun for example_xcom to 2021-01-01 00:00:00+00:00, run_after=2021-01-01 00:00:00+00:00
[2025-07-28T15:59:32.898+0000] {processor.py:208} INFO - Processing /home/airflow/.local/lib/python3.12/site-packages/airflow/example_dags/example_xcom.py took 0.080 seconds
[2025-07-28T16:00:03.098+0000] {processor.py:186} INFO - Started process (PID=2146) to work on /home/airflow/.local/lib/python3.12/site-packages/airflow/example_dags/example_xcom.py
[2025-07-28T16:00:03.099+0000] {processor.py:914} INFO - Processing file /home/airflow/.local/lib/python3.12/site-packages/airflow/example_dags/example_xcom.py for tasks to queue
[2025-07-28T16:00:03.100+0000] {logging_mixin.py:190} INFO - [2025-07-28T16:00:03.099+0000] {dagbag.py:587} INFO - Filling up the DagBag from /home/airflow/.local/lib/python3.12/site-packages/airflow/example_dags/example_xcom.py
[2025-07-28T16:00:03.104+0000] {processor.py:925} INFO - DAG(s) 'example_xcom' retrieved from /home/airflow/.local/lib/python3.12/site-packages/airflow/example_dags/example_xcom.py
[2025-07-28T16:00:03.113+0000] {logging_mixin.py:190} INFO - [2025-07-28T16:00:03.113+0000] {dag.py:3229} INFO - Sync 1 DAGs
[2025-07-28T16:00:03.121+0000] {logging_mixin.py:190} INFO - [2025-07-28T16:00:03.121+0000] {dag.py:4156} INFO - Setting next_dagrun for example_xcom to 2021-01-01 00:00:00+00:00, run_after=2021-01-01 00:00:00+00:00
[2025-07-28T16:00:03.128+0000] {processor.py:208} INFO - Processing /home/airflow/.local/lib/python3.12/site-packages/airflow/example_dags/example_xcom.py took 0.032 seconds
[2025-07-28T16:00:34.102+0000] {processor.py:186} INFO - Started process (PID=2209) to work on /home/airflow/.local/lib/python3.12/site-packages/airflow/example_dags/example_xcom.py
[2025-07-28T16:00:34.103+0000] {processor.py:914} INFO - Processing file /home/airflow/.local/lib/python3.12/site-packages/airflow/example_dags/example_xcom.py for tasks to queue
[2025-07-28T16:00:34.104+0000] {logging_mixin.py:190} INFO - [2025-07-28T16:00:34.104+0000] {dagbag.py:587} INFO - Filling up the DagBag from /home/airflow/.local/lib/python3.12/site-packages/airflow/example_dags/example_xcom.py
[2025-07-28T16:00:34.109+0000] {processor.py:925} INFO - DAG(s) 'example_xcom' retrieved from /home/airflow/.local/lib/python3.12/site-packages/airflow/example_dags/example_xcom.py
[2025-07-28T16:00:34.120+0000] {logging_mixin.py:190} INFO - [2025-07-28T16:00:34.119+0000] {dag.py:3229} INFO - Sync 1 DAGs
[2025-07-28T16:00:34.133+0000] {logging_mixin.py:190} INFO - [2025-07-28T16:00:34.133+0000] {dag.py:4156} INFO - Setting next_dagrun for example_xcom to 2021-01-01 00:00:00+00:00, run_after=2021-01-01 00:00:00+00:00
[2025-07-28T16:00:34.140+0000] {processor.py:208} INFO - Processing /home/airflow/.local/lib/python3.12/site-packages/airflow/example_dags/example_xcom.py took 0.040 seconds
[2025-07-28T16:01:04.938+0000] {processor.py:186} INFO - Started process (PID=2272) to work on /home/airflow/.local/lib/python3.12/site-packages/airflow/example_dags/example_xcom.py
[2025-07-28T16:01:04.939+0000] {processor.py:914} INFO - Processing file /home/airflow/.local/lib/python3.12/site-packages/airflow/example_dags/example_xcom.py for tasks to queue
[2025-07-28T16:01:04.941+0000] {logging_mixin.py:190} INFO - [2025-07-28T16:01:04.941+0000] {dagbag.py:587} INFO - Filling up the DagBag from /home/airflow/.local/lib/python3.12/site-packages/airflow/example_dags/example_xcom.py
[2025-07-28T16:01:04.960+0000] {processor.py:925} INFO - DAG(s) 'example_xcom' retrieved from /home/airflow/.local/lib/python3.12/site-packages/airflow/example_dags/example_xcom.py
[2025-07-28T16:01:04.971+0000] {logging_mixin.py:190} INFO - [2025-07-28T16:01:04.971+0000] {dag.py:3229} INFO - Sync 1 DAGs
[2025-07-28T16:01:04.982+0000] {logging_mixin.py:190} INFO - [2025-07-28T16:01:04.981+0000] {dag.py:4156} INFO - Setting next_dagrun for example_xcom to 2021-01-01 00:00:00+00:00, run_after=2021-01-01 00:00:00+00:00
[2025-07-28T16:01:04.989+0000] {processor.py:208} INFO - Processing /home/airflow/.local/lib/python3.12/site-packages/airflow/example_dags/example_xcom.py took 0.055 seconds
