[2025-07-28T15:42:49.827+0000] {processor.py:186} INFO - Started process (PID=67) to work on /home/airflow/.local/lib/python3.12/site-packages/airflow/example_dags/example_branch_datetime_operator.py
[2025-07-28T15:42:49.831+0000] {processor.py:914} INFO - Processing file /home/airflow/.local/lib/python3.12/site-packages/airflow/example_dags/example_branch_datetime_operator.py for tasks to queue
[2025-07-28T15:42:49.840+0000] {logging_mixin.py:190} INFO - [2025-07-28T15:42:49.839+0000] {dagbag.py:587} INFO - Filling up the DagBag from /home/airflow/.local/lib/python3.12/site-packages/airflow/example_dags/example_branch_datetime_operator.py
[2025-07-28T15:42:49.876+0000] {processor.py:925} INFO - DAG(s) 'example_branch_datetime_operator_2', 'example_branch_datetime_operator_3', 'example_branch_datetime_operator' retrieved from /home/airflow/.local/lib/python3.12/site-packages/airflow/example_dags/example_branch_datetime_operator.py
[2025-07-28T15:42:50.087+0000] {logging_mixin.py:190} INFO - [2025-07-28T15:42:50.084+0000] {override.py:1900} INFO - Created Permission View: can edit on DAG:example_branch_datetime_operator_2
[2025-07-28T15:42:50.103+0000] {logging_mixin.py:190} INFO - [2025-07-28T15:42:50.102+0000] {override.py:1900} INFO - Created Permission View: can read on DAG:example_branch_datetime_operator_2
[2025-07-28T15:42:50.109+0000] {logging_mixin.py:190} INFO - [2025-07-28T15:42:50.108+0000] {override.py:1900} INFO - Created Permission View: can delete on DAG:example_branch_datetime_operator_2
[2025-07-28T15:42:50.115+0000] {logging_mixin.py:190} INFO - [2025-07-28T15:42:50.115+0000] {override.py:1900} INFO - Created Permission View: can read on DAG Run:example_branch_datetime_operator_2
[2025-07-28T15:42:50.120+0000] {logging_mixin.py:190} INFO - [2025-07-28T15:42:50.119+0000] {override.py:1900} INFO - Created Permission View: can delete on DAG Run:example_branch_datetime_operator_2
[2025-07-28T15:42:50.129+0000] {logging_mixin.py:190} INFO - [2025-07-28T15:42:50.128+0000] {override.py:1900} INFO - Created Permission View: can create on DAG Run:example_branch_datetime_operator_2
[2025-07-28T15:42:50.135+0000] {logging_mixin.py:190} INFO - [2025-07-28T15:42:50.135+0000] {override.py:1900} INFO - Created Permission View: menu access on DAG Run:example_branch_datetime_operator_2
[2025-07-28T15:42:50.146+0000] {logging_mixin.py:190} INFO - [2025-07-28T15:42:50.146+0000] {override.py:1900} INFO - Created Permission View: can edit on DAG:example_branch_datetime_operator_3
[2025-07-28T15:42:50.151+0000] {logging_mixin.py:190} INFO - [2025-07-28T15:42:50.151+0000] {override.py:1900} INFO - Created Permission View: can read on DAG:example_branch_datetime_operator_3
[2025-07-28T15:42:50.157+0000] {logging_mixin.py:190} INFO - [2025-07-28T15:42:50.157+0000] {override.py:1900} INFO - Created Permission View: can delete on DAG:example_branch_datetime_operator_3
[2025-07-28T15:42:50.160+0000] {logging_mixin.py:190} INFO - [2025-07-28T15:42:50.160+0000] {override.py:1900} INFO - Created Permission View: can read on DAG Run:example_branch_datetime_operator_3
[2025-07-28T15:42:50.165+0000] {logging_mixin.py:190} INFO - [2025-07-28T15:42:50.164+0000] {override.py:1900} INFO - Created Permission View: can delete on DAG Run:example_branch_datetime_operator_3
[2025-07-28T15:42:50.170+0000] {logging_mixin.py:190} INFO - [2025-07-28T15:42:50.170+0000] {override.py:1900} INFO - Created Permission View: can create on DAG Run:example_branch_datetime_operator_3
[2025-07-28T15:42:50.173+0000] {logging_mixin.py:190} INFO - [2025-07-28T15:42:50.173+0000] {override.py:1900} INFO - Created Permission View: menu access on DAG Run:example_branch_datetime_operator_3
[2025-07-28T15:42:50.183+0000] {logging_mixin.py:190} INFO - [2025-07-28T15:42:50.182+0000] {override.py:1900} INFO - Created Permission View: can edit on DAG:example_branch_datetime_operator
[2025-07-28T15:42:50.187+0000] {logging_mixin.py:190} INFO - [2025-07-28T15:42:50.187+0000] {override.py:1900} INFO - Created Permission View: can read on DAG:example_branch_datetime_operator
[2025-07-28T15:42:50.194+0000] {logging_mixin.py:190} INFO - [2025-07-28T15:42:50.194+0000] {override.py:1900} INFO - Created Permission View: can delete on DAG:example_branch_datetime_operator
[2025-07-28T15:42:50.206+0000] {logging_mixin.py:190} INFO - [2025-07-28T15:42:50.205+0000] {override.py:1900} INFO - Created Permission View: can read on DAG Run:example_branch_datetime_operator
[2025-07-28T15:42:50.218+0000] {logging_mixin.py:190} INFO - [2025-07-28T15:42:50.218+0000] {override.py:1900} INFO - Created Permission View: can delete on DAG Run:example_branch_datetime_operator
[2025-07-28T15:42:50.223+0000] {logging_mixin.py:190} INFO - [2025-07-28T15:42:50.222+0000] {override.py:1900} INFO - Created Permission View: can create on DAG Run:example_branch_datetime_operator
[2025-07-28T15:42:50.229+0000] {logging_mixin.py:190} INFO - [2025-07-28T15:42:50.229+0000] {override.py:1900} INFO - Created Permission View: menu access on DAG Run:example_branch_datetime_operator
[2025-07-28T15:42:50.231+0000] {logging_mixin.py:190} INFO - [2025-07-28T15:42:50.231+0000] {dag.py:3229} INFO - Sync 3 DAGs
[2025-07-28T15:42:50.246+0000] {logging_mixin.py:190} INFO - [2025-07-28T15:42:50.246+0000] {dag.py:3252} INFO - Creating ORM DAG for example_branch_datetime_operator
[2025-07-28T15:42:50.250+0000] {logging_mixin.py:190} INFO - [2025-07-28T15:42:50.249+0000] {dag.py:3252} INFO - Creating ORM DAG for example_branch_datetime_operator_3
[2025-07-28T15:42:50.252+0000] {logging_mixin.py:190} INFO - [2025-07-28T15:42:50.251+0000] {dag.py:3252} INFO - Creating ORM DAG for example_branch_datetime_operator_2
[2025-07-28T15:42:50.264+0000] {logging_mixin.py:190} INFO - [2025-07-28T15:42:50.263+0000] {dag.py:4156} INFO - Setting next_dagrun for example_branch_datetime_operator to 2025-07-27 00:00:00+00:00, run_after=2025-07-28 00:00:00+00:00
[2025-07-28T15:42:50.265+0000] {logging_mixin.py:190} INFO - [2025-07-28T15:42:50.265+0000] {dag.py:4156} INFO - Setting next_dagrun for example_branch_datetime_operator_2 to 2025-07-27 00:00:00+00:00, run_after=2025-07-28 00:00:00+00:00
[2025-07-28T15:42:50.266+0000] {logging_mixin.py:190} INFO - [2025-07-28T15:42:50.265+0000] {dag.py:4156} INFO - Setting next_dagrun for example_branch_datetime_operator_3 to 2025-07-27 00:00:00+00:00, run_after=2025-07-28 00:00:00+00:00
[2025-07-28T15:42:50.285+0000] {processor.py:208} INFO - Processing /home/airflow/.local/lib/python3.12/site-packages/airflow/example_dags/example_branch_datetime_operator.py took 0.488 seconds
[2025-07-28T15:43:21.155+0000] {processor.py:186} INFO - Started process (PID=129) to work on /home/airflow/.local/lib/python3.12/site-packages/airflow/example_dags/example_branch_datetime_operator.py
[2025-07-28T15:43:21.157+0000] {processor.py:914} INFO - Processing file /home/airflow/.local/lib/python3.12/site-packages/airflow/example_dags/example_branch_datetime_operator.py for tasks to queue
[2025-07-28T15:43:21.162+0000] {logging_mixin.py:190} INFO - [2025-07-28T15:43:21.161+0000] {dagbag.py:587} INFO - Filling up the DagBag from /home/airflow/.local/lib/python3.12/site-packages/airflow/example_dags/example_branch_datetime_operator.py
[2025-07-28T15:43:21.178+0000] {processor.py:925} INFO - DAG(s) 'example_branch_datetime_operator_3', 'example_branch_datetime_operator', 'example_branch_datetime_operator_2' retrieved from /home/airflow/.local/lib/python3.12/site-packages/airflow/example_dags/example_branch_datetime_operator.py
[2025-07-28T15:43:21.199+0000] {logging_mixin.py:190} INFO - [2025-07-28T15:43:21.199+0000] {dag.py:3229} INFO - Sync 3 DAGs
[2025-07-28T15:43:21.217+0000] {logging_mixin.py:190} INFO - [2025-07-28T15:43:21.217+0000] {dag.py:4156} INFO - Setting next_dagrun for example_branch_datetime_operator to 2025-07-27 00:00:00+00:00, run_after=2025-07-28 00:00:00+00:00
[2025-07-28T15:43:21.219+0000] {logging_mixin.py:190} INFO - [2025-07-28T15:43:21.219+0000] {dag.py:4156} INFO - Setting next_dagrun for example_branch_datetime_operator_2 to 2025-07-27 00:00:00+00:00, run_after=2025-07-28 00:00:00+00:00
[2025-07-28T15:43:21.220+0000] {logging_mixin.py:190} INFO - [2025-07-28T15:43:21.220+0000] {dag.py:4156} INFO - Setting next_dagrun for example_branch_datetime_operator_3 to 2025-07-27 00:00:00+00:00, run_after=2025-07-28 00:00:00+00:00
[2025-07-28T15:43:21.228+0000] {processor.py:208} INFO - Processing /home/airflow/.local/lib/python3.12/site-packages/airflow/example_dags/example_branch_datetime_operator.py took 0.088 seconds
[2025-07-28T15:43:52.049+0000] {processor.py:186} INFO - Started process (PID=191) to work on /home/airflow/.local/lib/python3.12/site-packages/airflow/example_dags/example_branch_datetime_operator.py
[2025-07-28T15:43:52.051+0000] {processor.py:914} INFO - Processing file /home/airflow/.local/lib/python3.12/site-packages/airflow/example_dags/example_branch_datetime_operator.py for tasks to queue
[2025-07-28T15:43:52.053+0000] {logging_mixin.py:190} INFO - [2025-07-28T15:43:52.052+0000] {dagbag.py:587} INFO - Filling up the DagBag from /home/airflow/.local/lib/python3.12/site-packages/airflow/example_dags/example_branch_datetime_operator.py
[2025-07-28T15:43:52.062+0000] {processor.py:925} INFO - DAG(s) 'example_branch_datetime_operator', 'example_branch_datetime_operator_2', 'example_branch_datetime_operator_3' retrieved from /home/airflow/.local/lib/python3.12/site-packages/airflow/example_dags/example_branch_datetime_operator.py
[2025-07-28T15:43:52.078+0000] {logging_mixin.py:190} INFO - [2025-07-28T15:43:52.078+0000] {dag.py:3229} INFO - Sync 3 DAGs
[2025-07-28T15:43:52.091+0000] {logging_mixin.py:190} INFO - [2025-07-28T15:43:52.091+0000] {dag.py:4156} INFO - Setting next_dagrun for example_branch_datetime_operator to 2025-07-27 00:00:00+00:00, run_after=2025-07-28 00:00:00+00:00
[2025-07-28T15:43:52.093+0000] {logging_mixin.py:190} INFO - [2025-07-28T15:43:52.093+0000] {dag.py:4156} INFO - Setting next_dagrun for example_branch_datetime_operator_2 to 2025-07-27 00:00:00+00:00, run_after=2025-07-28 00:00:00+00:00
[2025-07-28T15:43:52.094+0000] {logging_mixin.py:190} INFO - [2025-07-28T15:43:52.094+0000] {dag.py:4156} INFO - Setting next_dagrun for example_branch_datetime_operator_3 to 2025-07-27 00:00:00+00:00, run_after=2025-07-28 00:00:00+00:00
[2025-07-28T15:43:52.101+0000] {processor.py:208} INFO - Processing /home/airflow/.local/lib/python3.12/site-packages/airflow/example_dags/example_branch_datetime_operator.py took 0.060 seconds
[2025-07-28T15:44:22.644+0000] {processor.py:186} INFO - Started process (PID=253) to work on /home/airflow/.local/lib/python3.12/site-packages/airflow/example_dags/example_branch_datetime_operator.py
[2025-07-28T15:44:22.648+0000] {processor.py:914} INFO - Processing file /home/airflow/.local/lib/python3.12/site-packages/airflow/example_dags/example_branch_datetime_operator.py for tasks to queue
[2025-07-28T15:44:22.651+0000] {logging_mixin.py:190} INFO - [2025-07-28T15:44:22.650+0000] {dagbag.py:587} INFO - Filling up the DagBag from /home/airflow/.local/lib/python3.12/site-packages/airflow/example_dags/example_branch_datetime_operator.py
[2025-07-28T15:44:22.663+0000] {processor.py:925} INFO - DAG(s) 'example_branch_datetime_operator_3', 'example_branch_datetime_operator_2', 'example_branch_datetime_operator' retrieved from /home/airflow/.local/lib/python3.12/site-packages/airflow/example_dags/example_branch_datetime_operator.py
[2025-07-28T15:44:22.681+0000] {logging_mixin.py:190} INFO - [2025-07-28T15:44:22.681+0000] {dag.py:3229} INFO - Sync 3 DAGs
[2025-07-28T15:44:22.695+0000] {logging_mixin.py:190} INFO - [2025-07-28T15:44:22.695+0000] {dag.py:4156} INFO - Setting next_dagrun for example_branch_datetime_operator to 2025-07-27 00:00:00+00:00, run_after=2025-07-28 00:00:00+00:00
[2025-07-28T15:44:22.697+0000] {logging_mixin.py:190} INFO - [2025-07-28T15:44:22.697+0000] {dag.py:4156} INFO - Setting next_dagrun for example_branch_datetime_operator_2 to 2025-07-27 00:00:00+00:00, run_after=2025-07-28 00:00:00+00:00
[2025-07-28T15:44:22.698+0000] {logging_mixin.py:190} INFO - [2025-07-28T15:44:22.698+0000] {dag.py:4156} INFO - Setting next_dagrun for example_branch_datetime_operator_3 to 2025-07-27 00:00:00+00:00, run_after=2025-07-28 00:00:00+00:00
[2025-07-28T15:44:22.705+0000] {processor.py:208} INFO - Processing /home/airflow/.local/lib/python3.12/site-packages/airflow/example_dags/example_branch_datetime_operator.py took 0.069 seconds
[2025-07-28T15:44:53.107+0000] {processor.py:186} INFO - Started process (PID=315) to work on /home/airflow/.local/lib/python3.12/site-packages/airflow/example_dags/example_branch_datetime_operator.py
[2025-07-28T15:44:53.112+0000] {processor.py:914} INFO - Processing file /home/airflow/.local/lib/python3.12/site-packages/airflow/example_dags/example_branch_datetime_operator.py for tasks to queue
[2025-07-28T15:44:53.114+0000] {logging_mixin.py:190} INFO - [2025-07-28T15:44:53.114+0000] {dagbag.py:587} INFO - Filling up the DagBag from /home/airflow/.local/lib/python3.12/site-packages/airflow/example_dags/example_branch_datetime_operator.py
[2025-07-28T15:44:53.123+0000] {processor.py:925} INFO - DAG(s) 'example_branch_datetime_operator', 'example_branch_datetime_operator_3', 'example_branch_datetime_operator_2' retrieved from /home/airflow/.local/lib/python3.12/site-packages/airflow/example_dags/example_branch_datetime_operator.py
[2025-07-28T15:44:53.138+0000] {logging_mixin.py:190} INFO - [2025-07-28T15:44:53.138+0000] {dag.py:3229} INFO - Sync 3 DAGs
[2025-07-28T15:44:53.150+0000] {logging_mixin.py:190} INFO - [2025-07-28T15:44:53.150+0000] {dag.py:4156} INFO - Setting next_dagrun for example_branch_datetime_operator to 2025-07-27 00:00:00+00:00, run_after=2025-07-28 00:00:00+00:00
[2025-07-28T15:44:53.152+0000] {logging_mixin.py:190} INFO - [2025-07-28T15:44:53.152+0000] {dag.py:4156} INFO - Setting next_dagrun for example_branch_datetime_operator_2 to 2025-07-27 00:00:00+00:00, run_after=2025-07-28 00:00:00+00:00
[2025-07-28T15:44:53.153+0000] {logging_mixin.py:190} INFO - [2025-07-28T15:44:53.153+0000] {dag.py:4156} INFO - Setting next_dagrun for example_branch_datetime_operator_3 to 2025-07-27 00:00:00+00:00, run_after=2025-07-28 00:00:00+00:00
[2025-07-28T15:44:53.160+0000] {processor.py:208} INFO - Processing /home/airflow/.local/lib/python3.12/site-packages/airflow/example_dags/example_branch_datetime_operator.py took 0.059 seconds
[2025-07-28T15:45:23.781+0000] {processor.py:186} INFO - Started process (PID=377) to work on /home/airflow/.local/lib/python3.12/site-packages/airflow/example_dags/example_branch_datetime_operator.py
[2025-07-28T15:45:23.785+0000] {processor.py:914} INFO - Processing file /home/airflow/.local/lib/python3.12/site-packages/airflow/example_dags/example_branch_datetime_operator.py for tasks to queue
[2025-07-28T15:45:23.789+0000] {logging_mixin.py:190} INFO - [2025-07-28T15:45:23.788+0000] {dagbag.py:587} INFO - Filling up the DagBag from /home/airflow/.local/lib/python3.12/site-packages/airflow/example_dags/example_branch_datetime_operator.py
[2025-07-28T15:45:23.807+0000] {processor.py:925} INFO - DAG(s) 'example_branch_datetime_operator_2', 'example_branch_datetime_operator_3', 'example_branch_datetime_operator' retrieved from /home/airflow/.local/lib/python3.12/site-packages/airflow/example_dags/example_branch_datetime_operator.py
[2025-07-28T15:45:23.841+0000] {logging_mixin.py:190} INFO - [2025-07-28T15:45:23.841+0000] {dag.py:3229} INFO - Sync 3 DAGs
[2025-07-28T15:45:23.861+0000] {logging_mixin.py:190} INFO - [2025-07-28T15:45:23.861+0000] {dag.py:4156} INFO - Setting next_dagrun for example_branch_datetime_operator to 2025-07-27 00:00:00+00:00, run_after=2025-07-28 00:00:00+00:00
[2025-07-28T15:45:23.865+0000] {logging_mixin.py:190} INFO - [2025-07-28T15:45:23.865+0000] {dag.py:4156} INFO - Setting next_dagrun for example_branch_datetime_operator_2 to 2025-07-27 00:00:00+00:00, run_after=2025-07-28 00:00:00+00:00
[2025-07-28T15:45:23.866+0000] {logging_mixin.py:190} INFO - [2025-07-28T15:45:23.866+0000] {dag.py:4156} INFO - Setting next_dagrun for example_branch_datetime_operator_3 to 2025-07-27 00:00:00+00:00, run_after=2025-07-28 00:00:00+00:00
[2025-07-28T15:45:23.881+0000] {processor.py:208} INFO - Processing /home/airflow/.local/lib/python3.12/site-packages/airflow/example_dags/example_branch_datetime_operator.py took 0.110 seconds
[2025-07-28T15:45:54.769+0000] {processor.py:186} INFO - Started process (PID=439) to work on /home/airflow/.local/lib/python3.12/site-packages/airflow/example_dags/example_branch_datetime_operator.py
[2025-07-28T15:45:54.770+0000] {processor.py:914} INFO - Processing file /home/airflow/.local/lib/python3.12/site-packages/airflow/example_dags/example_branch_datetime_operator.py for tasks to queue
[2025-07-28T15:45:54.773+0000] {logging_mixin.py:190} INFO - [2025-07-28T15:45:54.773+0000] {dagbag.py:587} INFO - Filling up the DagBag from /home/airflow/.local/lib/python3.12/site-packages/airflow/example_dags/example_branch_datetime_operator.py
[2025-07-28T15:45:54.786+0000] {processor.py:925} INFO - DAG(s) 'example_branch_datetime_operator_2', 'example_branch_datetime_operator', 'example_branch_datetime_operator_3' retrieved from /home/airflow/.local/lib/python3.12/site-packages/airflow/example_dags/example_branch_datetime_operator.py
[2025-07-28T15:45:54.812+0000] {logging_mixin.py:190} INFO - [2025-07-28T15:45:54.812+0000] {dag.py:3229} INFO - Sync 3 DAGs
[2025-07-28T15:45:54.828+0000] {logging_mixin.py:190} INFO - [2025-07-28T15:45:54.828+0000] {dag.py:4156} INFO - Setting next_dagrun for example_branch_datetime_operator to 2025-07-27 00:00:00+00:00, run_after=2025-07-28 00:00:00+00:00
[2025-07-28T15:45:54.832+0000] {logging_mixin.py:190} INFO - [2025-07-28T15:45:54.832+0000] {dag.py:4156} INFO - Setting next_dagrun for example_branch_datetime_operator_2 to 2025-07-27 00:00:00+00:00, run_after=2025-07-28 00:00:00+00:00
[2025-07-28T15:45:54.833+0000] {logging_mixin.py:190} INFO - [2025-07-28T15:45:54.833+0000] {dag.py:4156} INFO - Setting next_dagrun for example_branch_datetime_operator_3 to 2025-07-27 00:00:00+00:00, run_after=2025-07-28 00:00:00+00:00
[2025-07-28T15:45:54.842+0000] {processor.py:208} INFO - Processing /home/airflow/.local/lib/python3.12/site-packages/airflow/example_dags/example_branch_datetime_operator.py took 0.081 seconds
[2025-07-28T15:46:25.333+0000] {processor.py:186} INFO - Started process (PID=501) to work on /home/airflow/.local/lib/python3.12/site-packages/airflow/example_dags/example_branch_datetime_operator.py
[2025-07-28T15:46:25.334+0000] {processor.py:914} INFO - Processing file /home/airflow/.local/lib/python3.12/site-packages/airflow/example_dags/example_branch_datetime_operator.py for tasks to queue
[2025-07-28T15:46:25.337+0000] {logging_mixin.py:190} INFO - [2025-07-28T15:46:25.337+0000] {dagbag.py:587} INFO - Filling up the DagBag from /home/airflow/.local/lib/python3.12/site-packages/airflow/example_dags/example_branch_datetime_operator.py
[2025-07-28T15:46:25.358+0000] {processor.py:925} INFO - DAG(s) 'example_branch_datetime_operator', 'example_branch_datetime_operator_3', 'example_branch_datetime_operator_2' retrieved from /home/airflow/.local/lib/python3.12/site-packages/airflow/example_dags/example_branch_datetime_operator.py
[2025-07-28T15:46:25.375+0000] {logging_mixin.py:190} INFO - [2025-07-28T15:46:25.374+0000] {dag.py:3229} INFO - Sync 3 DAGs
[2025-07-28T15:46:25.391+0000] {logging_mixin.py:190} INFO - [2025-07-28T15:46:25.391+0000] {dag.py:4156} INFO - Setting next_dagrun for example_branch_datetime_operator to 2025-07-27 00:00:00+00:00, run_after=2025-07-28 00:00:00+00:00
[2025-07-28T15:46:25.393+0000] {logging_mixin.py:190} INFO - [2025-07-28T15:46:25.393+0000] {dag.py:4156} INFO - Setting next_dagrun for example_branch_datetime_operator_2 to 2025-07-27 00:00:00+00:00, run_after=2025-07-28 00:00:00+00:00
[2025-07-28T15:46:25.394+0000] {logging_mixin.py:190} INFO - [2025-07-28T15:46:25.394+0000] {dag.py:4156} INFO - Setting next_dagrun for example_branch_datetime_operator_3 to 2025-07-27 00:00:00+00:00, run_after=2025-07-28 00:00:00+00:00
[2025-07-28T15:46:25.401+0000] {processor.py:208} INFO - Processing /home/airflow/.local/lib/python3.12/site-packages/airflow/example_dags/example_branch_datetime_operator.py took 0.077 seconds
[2025-07-28T15:46:55.850+0000] {processor.py:186} INFO - Started process (PID=563) to work on /home/airflow/.local/lib/python3.12/site-packages/airflow/example_dags/example_branch_datetime_operator.py
[2025-07-28T15:46:55.851+0000] {processor.py:914} INFO - Processing file /home/airflow/.local/lib/python3.12/site-packages/airflow/example_dags/example_branch_datetime_operator.py for tasks to queue
[2025-07-28T15:46:55.853+0000] {logging_mixin.py:190} INFO - [2025-07-28T15:46:55.852+0000] {dagbag.py:587} INFO - Filling up the DagBag from /home/airflow/.local/lib/python3.12/site-packages/airflow/example_dags/example_branch_datetime_operator.py
[2025-07-28T15:46:55.863+0000] {processor.py:925} INFO - DAG(s) 'example_branch_datetime_operator', 'example_branch_datetime_operator_3', 'example_branch_datetime_operator_2' retrieved from /home/airflow/.local/lib/python3.12/site-packages/airflow/example_dags/example_branch_datetime_operator.py
[2025-07-28T15:46:55.879+0000] {logging_mixin.py:190} INFO - [2025-07-28T15:46:55.879+0000] {dag.py:3229} INFO - Sync 3 DAGs
[2025-07-28T15:46:55.891+0000] {logging_mixin.py:190} INFO - [2025-07-28T15:46:55.891+0000] {dag.py:4156} INFO - Setting next_dagrun for example_branch_datetime_operator to 2025-07-27 00:00:00+00:00, run_after=2025-07-28 00:00:00+00:00
[2025-07-28T15:46:55.894+0000] {logging_mixin.py:190} INFO - [2025-07-28T15:46:55.894+0000] {dag.py:4156} INFO - Setting next_dagrun for example_branch_datetime_operator_2 to 2025-07-27 00:00:00+00:00, run_after=2025-07-28 00:00:00+00:00
[2025-07-28T15:46:55.896+0000] {logging_mixin.py:190} INFO - [2025-07-28T15:46:55.896+0000] {dag.py:4156} INFO - Setting next_dagrun for example_branch_datetime_operator_3 to 2025-07-27 00:00:00+00:00, run_after=2025-07-28 00:00:00+00:00
[2025-07-28T15:46:55.907+0000] {processor.py:208} INFO - Processing /home/airflow/.local/lib/python3.12/site-packages/airflow/example_dags/example_branch_datetime_operator.py took 0.063 seconds
[2025-07-28T15:47:26.525+0000] {processor.py:186} INFO - Started process (PID=625) to work on /home/airflow/.local/lib/python3.12/site-packages/airflow/example_dags/example_branch_datetime_operator.py
[2025-07-28T15:47:26.531+0000] {processor.py:914} INFO - Processing file /home/airflow/.local/lib/python3.12/site-packages/airflow/example_dags/example_branch_datetime_operator.py for tasks to queue
[2025-07-28T15:47:26.536+0000] {logging_mixin.py:190} INFO - [2025-07-28T15:47:26.535+0000] {dagbag.py:587} INFO - Filling up the DagBag from /home/airflow/.local/lib/python3.12/site-packages/airflow/example_dags/example_branch_datetime_operator.py
[2025-07-28T15:47:26.550+0000] {processor.py:925} INFO - DAG(s) 'example_branch_datetime_operator', 'example_branch_datetime_operator_2', 'example_branch_datetime_operator_3' retrieved from /home/airflow/.local/lib/python3.12/site-packages/airflow/example_dags/example_branch_datetime_operator.py
[2025-07-28T15:47:26.580+0000] {logging_mixin.py:190} INFO - [2025-07-28T15:47:26.580+0000] {dag.py:3229} INFO - Sync 3 DAGs
[2025-07-28T15:47:26.601+0000] {logging_mixin.py:190} INFO - [2025-07-28T15:47:26.601+0000] {dag.py:4156} INFO - Setting next_dagrun for example_branch_datetime_operator to 2025-07-27 00:00:00+00:00, run_after=2025-07-28 00:00:00+00:00
[2025-07-28T15:47:26.603+0000] {logging_mixin.py:190} INFO - [2025-07-28T15:47:26.603+0000] {dag.py:4156} INFO - Setting next_dagrun for example_branch_datetime_operator_2 to 2025-07-27 00:00:00+00:00, run_after=2025-07-28 00:00:00+00:00
[2025-07-28T15:47:26.604+0000] {logging_mixin.py:190} INFO - [2025-07-28T15:47:26.604+0000] {dag.py:4156} INFO - Setting next_dagrun for example_branch_datetime_operator_3 to 2025-07-27 00:00:00+00:00, run_after=2025-07-28 00:00:00+00:00
[2025-07-28T15:47:26.618+0000] {processor.py:208} INFO - Processing /home/airflow/.local/lib/python3.12/site-packages/airflow/example_dags/example_branch_datetime_operator.py took 0.108 seconds
[2025-07-28T15:47:57.357+0000] {processor.py:186} INFO - Started process (PID=687) to work on /home/airflow/.local/lib/python3.12/site-packages/airflow/example_dags/example_branch_datetime_operator.py
[2025-07-28T15:47:57.358+0000] {processor.py:914} INFO - Processing file /home/airflow/.local/lib/python3.12/site-packages/airflow/example_dags/example_branch_datetime_operator.py for tasks to queue
[2025-07-28T15:47:57.361+0000] {logging_mixin.py:190} INFO - [2025-07-28T15:47:57.360+0000] {dagbag.py:587} INFO - Filling up the DagBag from /home/airflow/.local/lib/python3.12/site-packages/airflow/example_dags/example_branch_datetime_operator.py
[2025-07-28T15:47:57.370+0000] {processor.py:925} INFO - DAG(s) 'example_branch_datetime_operator_2', 'example_branch_datetime_operator_3', 'example_branch_datetime_operator' retrieved from /home/airflow/.local/lib/python3.12/site-packages/airflow/example_dags/example_branch_datetime_operator.py
[2025-07-28T15:47:57.387+0000] {logging_mixin.py:190} INFO - [2025-07-28T15:47:57.387+0000] {dag.py:3229} INFO - Sync 3 DAGs
[2025-07-28T15:47:57.400+0000] {logging_mixin.py:190} INFO - [2025-07-28T15:47:57.400+0000] {dag.py:4156} INFO - Setting next_dagrun for example_branch_datetime_operator to 2025-07-27 00:00:00+00:00, run_after=2025-07-28 00:00:00+00:00
[2025-07-28T15:47:57.402+0000] {logging_mixin.py:190} INFO - [2025-07-28T15:47:57.402+0000] {dag.py:4156} INFO - Setting next_dagrun for example_branch_datetime_operator_2 to 2025-07-27 00:00:00+00:00, run_after=2025-07-28 00:00:00+00:00
[2025-07-28T15:47:57.403+0000] {logging_mixin.py:190} INFO - [2025-07-28T15:47:57.403+0000] {dag.py:4156} INFO - Setting next_dagrun for example_branch_datetime_operator_3 to 2025-07-27 00:00:00+00:00, run_after=2025-07-28 00:00:00+00:00
[2025-07-28T15:47:57.410+0000] {processor.py:208} INFO - Processing /home/airflow/.local/lib/python3.12/site-packages/airflow/example_dags/example_branch_datetime_operator.py took 0.059 seconds
[2025-07-28T15:48:27.666+0000] {processor.py:186} INFO - Started process (PID=749) to work on /home/airflow/.local/lib/python3.12/site-packages/airflow/example_dags/example_branch_datetime_operator.py
[2025-07-28T15:48:27.669+0000] {processor.py:914} INFO - Processing file /home/airflow/.local/lib/python3.12/site-packages/airflow/example_dags/example_branch_datetime_operator.py for tasks to queue
[2025-07-28T15:48:27.671+0000] {logging_mixin.py:190} INFO - [2025-07-28T15:48:27.671+0000] {dagbag.py:587} INFO - Filling up the DagBag from /home/airflow/.local/lib/python3.12/site-packages/airflow/example_dags/example_branch_datetime_operator.py
[2025-07-28T15:48:27.676+0000] {processor.py:925} INFO - DAG(s) 'example_branch_datetime_operator_2', 'example_branch_datetime_operator_3', 'example_branch_datetime_operator' retrieved from /home/airflow/.local/lib/python3.12/site-packages/airflow/example_dags/example_branch_datetime_operator.py
[2025-07-28T15:48:27.690+0000] {logging_mixin.py:190} INFO - [2025-07-28T15:48:27.689+0000] {dag.py:3229} INFO - Sync 3 DAGs
[2025-07-28T15:48:27.701+0000] {logging_mixin.py:190} INFO - [2025-07-28T15:48:27.701+0000] {dag.py:4156} INFO - Setting next_dagrun for example_branch_datetime_operator to 2025-07-27 00:00:00+00:00, run_after=2025-07-28 00:00:00+00:00
[2025-07-28T15:48:27.703+0000] {logging_mixin.py:190} INFO - [2025-07-28T15:48:27.703+0000] {dag.py:4156} INFO - Setting next_dagrun for example_branch_datetime_operator_2 to 2025-07-27 00:00:00+00:00, run_after=2025-07-28 00:00:00+00:00
[2025-07-28T15:48:27.704+0000] {logging_mixin.py:190} INFO - [2025-07-28T15:48:27.704+0000] {dag.py:4156} INFO - Setting next_dagrun for example_branch_datetime_operator_3 to 2025-07-27 00:00:00+00:00, run_after=2025-07-28 00:00:00+00:00
[2025-07-28T15:48:27.713+0000] {processor.py:208} INFO - Processing /home/airflow/.local/lib/python3.12/site-packages/airflow/example_dags/example_branch_datetime_operator.py took 0.050 seconds
[2025-07-28T15:48:58.934+0000] {processor.py:186} INFO - Started process (PID=811) to work on /home/airflow/.local/lib/python3.12/site-packages/airflow/example_dags/example_branch_datetime_operator.py
[2025-07-28T15:48:58.935+0000] {processor.py:914} INFO - Processing file /home/airflow/.local/lib/python3.12/site-packages/airflow/example_dags/example_branch_datetime_operator.py for tasks to queue
[2025-07-28T15:48:58.936+0000] {logging_mixin.py:190} INFO - [2025-07-28T15:48:58.936+0000] {dagbag.py:587} INFO - Filling up the DagBag from /home/airflow/.local/lib/python3.12/site-packages/airflow/example_dags/example_branch_datetime_operator.py
[2025-07-28T15:48:58.944+0000] {processor.py:925} INFO - DAG(s) 'example_branch_datetime_operator', 'example_branch_datetime_operator_3', 'example_branch_datetime_operator_2' retrieved from /home/airflow/.local/lib/python3.12/site-packages/airflow/example_dags/example_branch_datetime_operator.py
[2025-07-28T15:48:58.960+0000] {logging_mixin.py:190} INFO - [2025-07-28T15:48:58.959+0000] {dag.py:3229} INFO - Sync 3 DAGs
[2025-07-28T15:48:58.974+0000] {logging_mixin.py:190} INFO - [2025-07-28T15:48:58.974+0000] {dag.py:4156} INFO - Setting next_dagrun for example_branch_datetime_operator to 2025-07-27 00:00:00+00:00, run_after=2025-07-28 00:00:00+00:00
[2025-07-28T15:48:58.978+0000] {logging_mixin.py:190} INFO - [2025-07-28T15:48:58.978+0000] {dag.py:4156} INFO - Setting next_dagrun for example_branch_datetime_operator_2 to 2025-07-27 00:00:00+00:00, run_after=2025-07-28 00:00:00+00:00
[2025-07-28T15:48:58.979+0000] {logging_mixin.py:190} INFO - [2025-07-28T15:48:58.979+0000] {dag.py:4156} INFO - Setting next_dagrun for example_branch_datetime_operator_3 to 2025-07-27 00:00:00+00:00, run_after=2025-07-28 00:00:00+00:00
[2025-07-28T15:48:58.986+0000] {processor.py:208} INFO - Processing /home/airflow/.local/lib/python3.12/site-packages/airflow/example_dags/example_branch_datetime_operator.py took 0.056 seconds
[2025-07-28T15:49:29.532+0000] {processor.py:186} INFO - Started process (PID=873) to work on /home/airflow/.local/lib/python3.12/site-packages/airflow/example_dags/example_branch_datetime_operator.py
[2025-07-28T15:49:29.532+0000] {processor.py:914} INFO - Processing file /home/airflow/.local/lib/python3.12/site-packages/airflow/example_dags/example_branch_datetime_operator.py for tasks to queue
[2025-07-28T15:49:29.534+0000] {logging_mixin.py:190} INFO - [2025-07-28T15:49:29.534+0000] {dagbag.py:587} INFO - Filling up the DagBag from /home/airflow/.local/lib/python3.12/site-packages/airflow/example_dags/example_branch_datetime_operator.py
[2025-07-28T15:49:29.543+0000] {processor.py:925} INFO - DAG(s) 'example_branch_datetime_operator_2', 'example_branch_datetime_operator', 'example_branch_datetime_operator_3' retrieved from /home/airflow/.local/lib/python3.12/site-packages/airflow/example_dags/example_branch_datetime_operator.py
[2025-07-28T15:49:29.555+0000] {logging_mixin.py:190} INFO - [2025-07-28T15:49:29.554+0000] {dag.py:3229} INFO - Sync 3 DAGs
[2025-07-28T15:49:29.566+0000] {logging_mixin.py:190} INFO - [2025-07-28T15:49:29.565+0000] {dag.py:4156} INFO - Setting next_dagrun for example_branch_datetime_operator to 2025-07-27 00:00:00+00:00, run_after=2025-07-28 00:00:00+00:00
[2025-07-28T15:49:29.568+0000] {logging_mixin.py:190} INFO - [2025-07-28T15:49:29.568+0000] {dag.py:4156} INFO - Setting next_dagrun for example_branch_datetime_operator_2 to 2025-07-27 00:00:00+00:00, run_after=2025-07-28 00:00:00+00:00
[2025-07-28T15:49:29.569+0000] {logging_mixin.py:190} INFO - [2025-07-28T15:49:29.569+0000] {dag.py:4156} INFO - Setting next_dagrun for example_branch_datetime_operator_3 to 2025-07-27 00:00:00+00:00, run_after=2025-07-28 00:00:00+00:00
[2025-07-28T15:49:29.575+0000] {processor.py:208} INFO - Processing /home/airflow/.local/lib/python3.12/site-packages/airflow/example_dags/example_branch_datetime_operator.py took 0.046 seconds
[2025-07-28T15:50:00.020+0000] {processor.py:186} INFO - Started process (PID=935) to work on /home/airflow/.local/lib/python3.12/site-packages/airflow/example_dags/example_branch_datetime_operator.py
[2025-07-28T15:50:00.021+0000] {processor.py:914} INFO - Processing file /home/airflow/.local/lib/python3.12/site-packages/airflow/example_dags/example_branch_datetime_operator.py for tasks to queue
[2025-07-28T15:50:00.024+0000] {logging_mixin.py:190} INFO - [2025-07-28T15:50:00.023+0000] {dagbag.py:587} INFO - Filling up the DagBag from /home/airflow/.local/lib/python3.12/site-packages/airflow/example_dags/example_branch_datetime_operator.py
[2025-07-28T15:50:00.055+0000] {processor.py:925} INFO - DAG(s) 'example_branch_datetime_operator_2', 'example_branch_datetime_operator_3', 'example_branch_datetime_operator' retrieved from /home/airflow/.local/lib/python3.12/site-packages/airflow/example_dags/example_branch_datetime_operator.py
[2025-07-28T15:50:00.077+0000] {logging_mixin.py:190} INFO - [2025-07-28T15:50:00.077+0000] {dag.py:3229} INFO - Sync 3 DAGs
[2025-07-28T15:50:00.104+0000] {logging_mixin.py:190} INFO - [2025-07-28T15:50:00.103+0000] {dag.py:4156} INFO - Setting next_dagrun for example_branch_datetime_operator to 2025-07-27 00:00:00+00:00, run_after=2025-07-28 00:00:00+00:00
[2025-07-28T15:50:00.108+0000] {logging_mixin.py:190} INFO - [2025-07-28T15:50:00.108+0000] {dag.py:4156} INFO - Setting next_dagrun for example_branch_datetime_operator_2 to 2025-07-27 00:00:00+00:00, run_after=2025-07-28 00:00:00+00:00
[2025-07-28T15:50:00.109+0000] {logging_mixin.py:190} INFO - [2025-07-28T15:50:00.109+0000] {dag.py:4156} INFO - Setting next_dagrun for example_branch_datetime_operator_3 to 2025-07-27 00:00:00+00:00, run_after=2025-07-28 00:00:00+00:00
[2025-07-28T15:50:00.117+0000] {processor.py:208} INFO - Processing /home/airflow/.local/lib/python3.12/site-packages/airflow/example_dags/example_branch_datetime_operator.py took 0.100 seconds
[2025-07-28T15:50:30.588+0000] {processor.py:186} INFO - Started process (PID=997) to work on /home/airflow/.local/lib/python3.12/site-packages/airflow/example_dags/example_branch_datetime_operator.py
[2025-07-28T15:50:30.588+0000] {processor.py:914} INFO - Processing file /home/airflow/.local/lib/python3.12/site-packages/airflow/example_dags/example_branch_datetime_operator.py for tasks to queue
[2025-07-28T15:50:30.590+0000] {logging_mixin.py:190} INFO - [2025-07-28T15:50:30.590+0000] {dagbag.py:587} INFO - Filling up the DagBag from /home/airflow/.local/lib/python3.12/site-packages/airflow/example_dags/example_branch_datetime_operator.py
[2025-07-28T15:50:30.595+0000] {processor.py:925} INFO - DAG(s) 'example_branch_datetime_operator_3', 'example_branch_datetime_operator', 'example_branch_datetime_operator_2' retrieved from /home/airflow/.local/lib/python3.12/site-packages/airflow/example_dags/example_branch_datetime_operator.py
[2025-07-28T15:50:30.616+0000] {logging_mixin.py:190} INFO - [2025-07-28T15:50:30.616+0000] {dag.py:3229} INFO - Sync 3 DAGs
[2025-07-28T15:50:30.628+0000] {logging_mixin.py:190} INFO - [2025-07-28T15:50:30.628+0000] {dag.py:4156} INFO - Setting next_dagrun for example_branch_datetime_operator to 2025-07-27 00:00:00+00:00, run_after=2025-07-28 00:00:00+00:00
[2025-07-28T15:50:30.630+0000] {logging_mixin.py:190} INFO - [2025-07-28T15:50:30.630+0000] {dag.py:4156} INFO - Setting next_dagrun for example_branch_datetime_operator_2 to 2025-07-27 00:00:00+00:00, run_after=2025-07-28 00:00:00+00:00
[2025-07-28T15:50:30.631+0000] {logging_mixin.py:190} INFO - [2025-07-28T15:50:30.631+0000] {dag.py:4156} INFO - Setting next_dagrun for example_branch_datetime_operator_3 to 2025-07-27 00:00:00+00:00, run_after=2025-07-28 00:00:00+00:00
[2025-07-28T15:50:30.638+0000] {processor.py:208} INFO - Processing /home/airflow/.local/lib/python3.12/site-packages/airflow/example_dags/example_branch_datetime_operator.py took 0.053 seconds
[2025-07-28T15:51:01.706+0000] {processor.py:186} INFO - Started process (PID=1059) to work on /home/airflow/.local/lib/python3.12/site-packages/airflow/example_dags/example_branch_datetime_operator.py
[2025-07-28T15:51:01.709+0000] {processor.py:914} INFO - Processing file /home/airflow/.local/lib/python3.12/site-packages/airflow/example_dags/example_branch_datetime_operator.py for tasks to queue
[2025-07-28T15:51:01.711+0000] {logging_mixin.py:190} INFO - [2025-07-28T15:51:01.711+0000] {dagbag.py:587} INFO - Filling up the DagBag from /home/airflow/.local/lib/python3.12/site-packages/airflow/example_dags/example_branch_datetime_operator.py
[2025-07-28T15:51:01.717+0000] {processor.py:925} INFO - DAG(s) 'example_branch_datetime_operator_2', 'example_branch_datetime_operator_3', 'example_branch_datetime_operator' retrieved from /home/airflow/.local/lib/python3.12/site-packages/airflow/example_dags/example_branch_datetime_operator.py
[2025-07-28T15:51:01.732+0000] {logging_mixin.py:190} INFO - [2025-07-28T15:51:01.731+0000] {dag.py:3229} INFO - Sync 3 DAGs
[2025-07-28T15:51:01.744+0000] {logging_mixin.py:190} INFO - [2025-07-28T15:51:01.744+0000] {dag.py:4156} INFO - Setting next_dagrun for example_branch_datetime_operator to 2025-07-27 00:00:00+00:00, run_after=2025-07-28 00:00:00+00:00
[2025-07-28T15:51:01.746+0000] {logging_mixin.py:190} INFO - [2025-07-28T15:51:01.746+0000] {dag.py:4156} INFO - Setting next_dagrun for example_branch_datetime_operator_2 to 2025-07-27 00:00:00+00:00, run_after=2025-07-28 00:00:00+00:00
[2025-07-28T15:51:01.747+0000] {logging_mixin.py:190} INFO - [2025-07-28T15:51:01.747+0000] {dag.py:4156} INFO - Setting next_dagrun for example_branch_datetime_operator_3 to 2025-07-27 00:00:00+00:00, run_after=2025-07-28 00:00:00+00:00
[2025-07-28T15:51:01.758+0000] {processor.py:208} INFO - Processing /home/airflow/.local/lib/python3.12/site-packages/airflow/example_dags/example_branch_datetime_operator.py took 0.056 seconds
[2025-07-28T15:51:32.216+0000] {processor.py:186} INFO - Started process (PID=1121) to work on /home/airflow/.local/lib/python3.12/site-packages/airflow/example_dags/example_branch_datetime_operator.py
[2025-07-28T15:51:32.216+0000] {processor.py:914} INFO - Processing file /home/airflow/.local/lib/python3.12/site-packages/airflow/example_dags/example_branch_datetime_operator.py for tasks to queue
[2025-07-28T15:51:32.218+0000] {logging_mixin.py:190} INFO - [2025-07-28T15:51:32.217+0000] {dagbag.py:587} INFO - Filling up the DagBag from /home/airflow/.local/lib/python3.12/site-packages/airflow/example_dags/example_branch_datetime_operator.py
[2025-07-28T15:51:32.224+0000] {processor.py:925} INFO - DAG(s) 'example_branch_datetime_operator_3', 'example_branch_datetime_operator_2', 'example_branch_datetime_operator' retrieved from /home/airflow/.local/lib/python3.12/site-packages/airflow/example_dags/example_branch_datetime_operator.py
[2025-07-28T15:51:32.237+0000] {logging_mixin.py:190} INFO - [2025-07-28T15:51:32.237+0000] {dag.py:3229} INFO - Sync 3 DAGs
[2025-07-28T15:51:32.252+0000] {logging_mixin.py:190} INFO - [2025-07-28T15:51:32.252+0000] {dag.py:4156} INFO - Setting next_dagrun for example_branch_datetime_operator to 2025-07-27 00:00:00+00:00, run_after=2025-07-28 00:00:00+00:00
[2025-07-28T15:51:32.260+0000] {logging_mixin.py:190} INFO - [2025-07-28T15:51:32.260+0000] {dag.py:4156} INFO - Setting next_dagrun for example_branch_datetime_operator_2 to 2025-07-27 00:00:00+00:00, run_after=2025-07-28 00:00:00+00:00
[2025-07-28T15:51:32.263+0000] {logging_mixin.py:190} INFO - [2025-07-28T15:51:32.263+0000] {dag.py:4156} INFO - Setting next_dagrun for example_branch_datetime_operator_3 to 2025-07-27 00:00:00+00:00, run_after=2025-07-28 00:00:00+00:00
[2025-07-28T15:51:32.276+0000] {processor.py:208} INFO - Processing /home/airflow/.local/lib/python3.12/site-packages/airflow/example_dags/example_branch_datetime_operator.py took 0.063 seconds
[2025-07-28T15:52:02.708+0000] {processor.py:186} INFO - Started process (PID=1183) to work on /home/airflow/.local/lib/python3.12/site-packages/airflow/example_dags/example_branch_datetime_operator.py
[2025-07-28T15:52:02.708+0000] {processor.py:914} INFO - Processing file /home/airflow/.local/lib/python3.12/site-packages/airflow/example_dags/example_branch_datetime_operator.py for tasks to queue
[2025-07-28T15:52:02.711+0000] {logging_mixin.py:190} INFO - [2025-07-28T15:52:02.711+0000] {dagbag.py:587} INFO - Filling up the DagBag from /home/airflow/.local/lib/python3.12/site-packages/airflow/example_dags/example_branch_datetime_operator.py
[2025-07-28T15:52:02.718+0000] {processor.py:925} INFO - DAG(s) 'example_branch_datetime_operator_2', 'example_branch_datetime_operator', 'example_branch_datetime_operator_3' retrieved from /home/airflow/.local/lib/python3.12/site-packages/airflow/example_dags/example_branch_datetime_operator.py
[2025-07-28T15:52:02.733+0000] {logging_mixin.py:190} INFO - [2025-07-28T15:52:02.733+0000] {dag.py:3229} INFO - Sync 3 DAGs
[2025-07-28T15:52:02.747+0000] {logging_mixin.py:190} INFO - [2025-07-28T15:52:02.747+0000] {dag.py:4156} INFO - Setting next_dagrun for example_branch_datetime_operator to 2025-07-27 00:00:00+00:00, run_after=2025-07-28 00:00:00+00:00
[2025-07-28T15:52:02.750+0000] {logging_mixin.py:190} INFO - [2025-07-28T15:52:02.749+0000] {dag.py:4156} INFO - Setting next_dagrun for example_branch_datetime_operator_2 to 2025-07-27 00:00:00+00:00, run_after=2025-07-28 00:00:00+00:00
[2025-07-28T15:52:02.751+0000] {logging_mixin.py:190} INFO - [2025-07-28T15:52:02.751+0000] {dag.py:4156} INFO - Setting next_dagrun for example_branch_datetime_operator_3 to 2025-07-27 00:00:00+00:00, run_after=2025-07-28 00:00:00+00:00
[2025-07-28T15:52:02.760+0000] {processor.py:208} INFO - Processing /home/airflow/.local/lib/python3.12/site-packages/airflow/example_dags/example_branch_datetime_operator.py took 0.056 seconds
[2025-07-28T15:52:33.686+0000] {processor.py:186} INFO - Started process (PID=1245) to work on /home/airflow/.local/lib/python3.12/site-packages/airflow/example_dags/example_branch_datetime_operator.py
[2025-07-28T15:52:33.686+0000] {processor.py:914} INFO - Processing file /home/airflow/.local/lib/python3.12/site-packages/airflow/example_dags/example_branch_datetime_operator.py for tasks to queue
[2025-07-28T15:52:33.688+0000] {logging_mixin.py:190} INFO - [2025-07-28T15:52:33.688+0000] {dagbag.py:587} INFO - Filling up the DagBag from /home/airflow/.local/lib/python3.12/site-packages/airflow/example_dags/example_branch_datetime_operator.py
[2025-07-28T15:52:33.696+0000] {processor.py:925} INFO - DAG(s) 'example_branch_datetime_operator', 'example_branch_datetime_operator_3', 'example_branch_datetime_operator_2' retrieved from /home/airflow/.local/lib/python3.12/site-packages/airflow/example_dags/example_branch_datetime_operator.py
[2025-07-28T15:52:33.716+0000] {logging_mixin.py:190} INFO - [2025-07-28T15:52:33.715+0000] {dag.py:3229} INFO - Sync 3 DAGs
[2025-07-28T15:52:33.730+0000] {logging_mixin.py:190} INFO - [2025-07-28T15:52:33.730+0000] {dag.py:4156} INFO - Setting next_dagrun for example_branch_datetime_operator to 2025-07-27 00:00:00+00:00, run_after=2025-07-28 00:00:00+00:00
[2025-07-28T15:52:33.736+0000] {logging_mixin.py:190} INFO - [2025-07-28T15:52:33.736+0000] {dag.py:4156} INFO - Setting next_dagrun for example_branch_datetime_operator_2 to 2025-07-27 00:00:00+00:00, run_after=2025-07-28 00:00:00+00:00
[2025-07-28T15:52:33.737+0000] {logging_mixin.py:190} INFO - [2025-07-28T15:52:33.737+0000] {dag.py:4156} INFO - Setting next_dagrun for example_branch_datetime_operator_3 to 2025-07-27 00:00:00+00:00, run_after=2025-07-28 00:00:00+00:00
[2025-07-28T15:52:33.746+0000] {processor.py:208} INFO - Processing /home/airflow/.local/lib/python3.12/site-packages/airflow/example_dags/example_branch_datetime_operator.py took 0.067 seconds
[2025-07-28T15:53:03.972+0000] {processor.py:186} INFO - Started process (PID=1307) to work on /home/airflow/.local/lib/python3.12/site-packages/airflow/example_dags/example_branch_datetime_operator.py
[2025-07-28T15:53:03.973+0000] {processor.py:914} INFO - Processing file /home/airflow/.local/lib/python3.12/site-packages/airflow/example_dags/example_branch_datetime_operator.py for tasks to queue
[2025-07-28T15:53:03.975+0000] {logging_mixin.py:190} INFO - [2025-07-28T15:53:03.975+0000] {dagbag.py:587} INFO - Filling up the DagBag from /home/airflow/.local/lib/python3.12/site-packages/airflow/example_dags/example_branch_datetime_operator.py
[2025-07-28T15:53:03.981+0000] {processor.py:925} INFO - DAG(s) 'example_branch_datetime_operator_3', 'example_branch_datetime_operator', 'example_branch_datetime_operator_2' retrieved from /home/airflow/.local/lib/python3.12/site-packages/airflow/example_dags/example_branch_datetime_operator.py
[2025-07-28T15:53:04.000+0000] {logging_mixin.py:190} INFO - [2025-07-28T15:53:04.000+0000] {dag.py:3229} INFO - Sync 3 DAGs
[2025-07-28T15:53:04.011+0000] {logging_mixin.py:190} INFO - [2025-07-28T15:53:04.011+0000] {dag.py:4156} INFO - Setting next_dagrun for example_branch_datetime_operator to 2025-07-27 00:00:00+00:00, run_after=2025-07-28 00:00:00+00:00
[2025-07-28T15:53:04.013+0000] {logging_mixin.py:190} INFO - [2025-07-28T15:53:04.013+0000] {dag.py:4156} INFO - Setting next_dagrun for example_branch_datetime_operator_2 to 2025-07-27 00:00:00+00:00, run_after=2025-07-28 00:00:00+00:00
[2025-07-28T15:53:04.014+0000] {logging_mixin.py:190} INFO - [2025-07-28T15:53:04.014+0000] {dag.py:4156} INFO - Setting next_dagrun for example_branch_datetime_operator_3 to 2025-07-27 00:00:00+00:00, run_after=2025-07-28 00:00:00+00:00
[2025-07-28T15:53:04.021+0000] {processor.py:208} INFO - Processing /home/airflow/.local/lib/python3.12/site-packages/airflow/example_dags/example_branch_datetime_operator.py took 0.054 seconds
[2025-07-28T15:53:34.956+0000] {processor.py:186} INFO - Started process (PID=1370) to work on /home/airflow/.local/lib/python3.12/site-packages/airflow/example_dags/example_branch_datetime_operator.py
[2025-07-28T15:53:34.961+0000] {processor.py:914} INFO - Processing file /home/airflow/.local/lib/python3.12/site-packages/airflow/example_dags/example_branch_datetime_operator.py for tasks to queue
[2025-07-28T15:53:34.963+0000] {logging_mixin.py:190} INFO - [2025-07-28T15:53:34.963+0000] {dagbag.py:587} INFO - Filling up the DagBag from /home/airflow/.local/lib/python3.12/site-packages/airflow/example_dags/example_branch_datetime_operator.py
[2025-07-28T15:53:34.983+0000] {processor.py:925} INFO - DAG(s) 'example_branch_datetime_operator_3', 'example_branch_datetime_operator_2', 'example_branch_datetime_operator' retrieved from /home/airflow/.local/lib/python3.12/site-packages/airflow/example_dags/example_branch_datetime_operator.py
[2025-07-28T15:53:34.999+0000] {logging_mixin.py:190} INFO - [2025-07-28T15:53:34.999+0000] {dag.py:3229} INFO - Sync 3 DAGs
[2025-07-28T15:53:35.010+0000] {logging_mixin.py:190} INFO - [2025-07-28T15:53:35.010+0000] {dag.py:4156} INFO - Setting next_dagrun for example_branch_datetime_operator to 2025-07-27 00:00:00+00:00, run_after=2025-07-28 00:00:00+00:00
[2025-07-28T15:53:35.013+0000] {logging_mixin.py:190} INFO - [2025-07-28T15:53:35.013+0000] {dag.py:4156} INFO - Setting next_dagrun for example_branch_datetime_operator_2 to 2025-07-27 00:00:00+00:00, run_after=2025-07-28 00:00:00+00:00
[2025-07-28T15:53:35.014+0000] {logging_mixin.py:190} INFO - [2025-07-28T15:53:35.014+0000] {dag.py:4156} INFO - Setting next_dagrun for example_branch_datetime_operator_3 to 2025-07-27 00:00:00+00:00, run_after=2025-07-28 00:00:00+00:00
[2025-07-28T15:53:35.021+0000] {processor.py:208} INFO - Processing /home/airflow/.local/lib/python3.12/site-packages/airflow/example_dags/example_branch_datetime_operator.py took 0.068 seconds
[2025-07-28T15:54:05.834+0000] {processor.py:186} INFO - Started process (PID=1433) to work on /home/airflow/.local/lib/python3.12/site-packages/airflow/example_dags/example_branch_datetime_operator.py
[2025-07-28T15:54:05.835+0000] {processor.py:914} INFO - Processing file /home/airflow/.local/lib/python3.12/site-packages/airflow/example_dags/example_branch_datetime_operator.py for tasks to queue
[2025-07-28T15:54:05.836+0000] {logging_mixin.py:190} INFO - [2025-07-28T15:54:05.836+0000] {dagbag.py:587} INFO - Filling up the DagBag from /home/airflow/.local/lib/python3.12/site-packages/airflow/example_dags/example_branch_datetime_operator.py
[2025-07-28T15:54:05.842+0000] {processor.py:925} INFO - DAG(s) 'example_branch_datetime_operator_2', 'example_branch_datetime_operator', 'example_branch_datetime_operator_3' retrieved from /home/airflow/.local/lib/python3.12/site-packages/airflow/example_dags/example_branch_datetime_operator.py
[2025-07-28T15:54:05.856+0000] {logging_mixin.py:190} INFO - [2025-07-28T15:54:05.856+0000] {dag.py:3229} INFO - Sync 3 DAGs
[2025-07-28T15:54:05.867+0000] {logging_mixin.py:190} INFO - [2025-07-28T15:54:05.867+0000] {dag.py:4156} INFO - Setting next_dagrun for example_branch_datetime_operator to 2025-07-27 00:00:00+00:00, run_after=2025-07-28 00:00:00+00:00
[2025-07-28T15:54:05.869+0000] {logging_mixin.py:190} INFO - [2025-07-28T15:54:05.869+0000] {dag.py:4156} INFO - Setting next_dagrun for example_branch_datetime_operator_2 to 2025-07-27 00:00:00+00:00, run_after=2025-07-28 00:00:00+00:00
[2025-07-28T15:54:05.870+0000] {logging_mixin.py:190} INFO - [2025-07-28T15:54:05.870+0000] {dag.py:4156} INFO - Setting next_dagrun for example_branch_datetime_operator_3 to 2025-07-27 00:00:00+00:00, run_after=2025-07-28 00:00:00+00:00
[2025-07-28T15:54:05.877+0000] {processor.py:208} INFO - Processing /home/airflow/.local/lib/python3.12/site-packages/airflow/example_dags/example_branch_datetime_operator.py took 0.046 seconds
[2025-07-28T15:54:36.610+0000] {processor.py:186} INFO - Started process (PID=1496) to work on /home/airflow/.local/lib/python3.12/site-packages/airflow/example_dags/example_branch_datetime_operator.py
[2025-07-28T15:54:36.611+0000] {processor.py:914} INFO - Processing file /home/airflow/.local/lib/python3.12/site-packages/airflow/example_dags/example_branch_datetime_operator.py for tasks to queue
[2025-07-28T15:54:36.612+0000] {logging_mixin.py:190} INFO - [2025-07-28T15:54:36.612+0000] {dagbag.py:587} INFO - Filling up the DagBag from /home/airflow/.local/lib/python3.12/site-packages/airflow/example_dags/example_branch_datetime_operator.py
[2025-07-28T15:54:36.621+0000] {processor.py:925} INFO - DAG(s) 'example_branch_datetime_operator', 'example_branch_datetime_operator_2', 'example_branch_datetime_operator_3' retrieved from /home/airflow/.local/lib/python3.12/site-packages/airflow/example_dags/example_branch_datetime_operator.py
[2025-07-28T15:54:36.640+0000] {logging_mixin.py:190} INFO - [2025-07-28T15:54:36.640+0000] {dag.py:3229} INFO - Sync 3 DAGs
[2025-07-28T15:54:36.654+0000] {logging_mixin.py:190} INFO - [2025-07-28T15:54:36.654+0000] {dag.py:4156} INFO - Setting next_dagrun for example_branch_datetime_operator to 2025-07-27 00:00:00+00:00, run_after=2025-07-28 00:00:00+00:00
[2025-07-28T15:54:36.656+0000] {logging_mixin.py:190} INFO - [2025-07-28T15:54:36.656+0000] {dag.py:4156} INFO - Setting next_dagrun for example_branch_datetime_operator_2 to 2025-07-27 00:00:00+00:00, run_after=2025-07-28 00:00:00+00:00
[2025-07-28T15:54:36.657+0000] {logging_mixin.py:190} INFO - [2025-07-28T15:54:36.657+0000] {dag.py:4156} INFO - Setting next_dagrun for example_branch_datetime_operator_3 to 2025-07-27 00:00:00+00:00, run_after=2025-07-28 00:00:00+00:00
[2025-07-28T15:54:36.663+0000] {processor.py:208} INFO - Processing /home/airflow/.local/lib/python3.12/site-packages/airflow/example_dags/example_branch_datetime_operator.py took 0.057 seconds
[2025-07-28T15:55:08.482+0000] {processor.py:186} INFO - Started process (PID=1559) to work on /home/airflow/.local/lib/python3.12/site-packages/airflow/example_dags/example_branch_datetime_operator.py
[2025-07-28T15:55:08.484+0000] {processor.py:914} INFO - Processing file /home/airflow/.local/lib/python3.12/site-packages/airflow/example_dags/example_branch_datetime_operator.py for tasks to queue
[2025-07-28T15:55:08.489+0000] {logging_mixin.py:190} INFO - [2025-07-28T15:55:08.487+0000] {dagbag.py:587} INFO - Filling up the DagBag from /home/airflow/.local/lib/python3.12/site-packages/airflow/example_dags/example_branch_datetime_operator.py
[2025-07-28T15:55:08.508+0000] {processor.py:925} INFO - DAG(s) 'example_branch_datetime_operator', 'example_branch_datetime_operator_3', 'example_branch_datetime_operator_2' retrieved from /home/airflow/.local/lib/python3.12/site-packages/airflow/example_dags/example_branch_datetime_operator.py
[2025-07-28T15:55:08.538+0000] {logging_mixin.py:190} INFO - [2025-07-28T15:55:08.538+0000] {dag.py:3229} INFO - Sync 3 DAGs
[2025-07-28T15:55:08.576+0000] {logging_mixin.py:190} INFO - [2025-07-28T15:55:08.575+0000] {dag.py:4156} INFO - Setting next_dagrun for example_branch_datetime_operator to 2025-07-27 00:00:00+00:00, run_after=2025-07-28 00:00:00+00:00
[2025-07-28T15:55:08.583+0000] {logging_mixin.py:190} INFO - [2025-07-28T15:55:08.583+0000] {dag.py:4156} INFO - Setting next_dagrun for example_branch_datetime_operator_2 to 2025-07-27 00:00:00+00:00, run_after=2025-07-28 00:00:00+00:00
[2025-07-28T15:55:08.585+0000] {logging_mixin.py:190} INFO - [2025-07-28T15:55:08.585+0000] {dag.py:4156} INFO - Setting next_dagrun for example_branch_datetime_operator_3 to 2025-07-27 00:00:00+00:00, run_after=2025-07-28 00:00:00+00:00
[2025-07-28T15:55:08.607+0000] {processor.py:208} INFO - Processing /home/airflow/.local/lib/python3.12/site-packages/airflow/example_dags/example_branch_datetime_operator.py took 0.138 seconds
[2025-07-28T15:55:39.320+0000] {processor.py:186} INFO - Started process (PID=1622) to work on /home/airflow/.local/lib/python3.12/site-packages/airflow/example_dags/example_branch_datetime_operator.py
[2025-07-28T15:55:39.321+0000] {processor.py:914} INFO - Processing file /home/airflow/.local/lib/python3.12/site-packages/airflow/example_dags/example_branch_datetime_operator.py for tasks to queue
[2025-07-28T15:55:39.324+0000] {logging_mixin.py:190} INFO - [2025-07-28T15:55:39.324+0000] {dagbag.py:587} INFO - Filling up the DagBag from /home/airflow/.local/lib/python3.12/site-packages/airflow/example_dags/example_branch_datetime_operator.py
[2025-07-28T15:55:39.335+0000] {processor.py:925} INFO - DAG(s) 'example_branch_datetime_operator', 'example_branch_datetime_operator_3', 'example_branch_datetime_operator_2' retrieved from /home/airflow/.local/lib/python3.12/site-packages/airflow/example_dags/example_branch_datetime_operator.py
[2025-07-28T15:55:39.349+0000] {logging_mixin.py:190} INFO - [2025-07-28T15:55:39.349+0000] {dag.py:3229} INFO - Sync 3 DAGs
[2025-07-28T15:55:39.362+0000] {logging_mixin.py:190} INFO - [2025-07-28T15:55:39.362+0000] {dag.py:4156} INFO - Setting next_dagrun for example_branch_datetime_operator to 2025-07-27 00:00:00+00:00, run_after=2025-07-28 00:00:00+00:00
[2025-07-28T15:55:39.364+0000] {logging_mixin.py:190} INFO - [2025-07-28T15:55:39.364+0000] {dag.py:4156} INFO - Setting next_dagrun for example_branch_datetime_operator_2 to 2025-07-27 00:00:00+00:00, run_after=2025-07-28 00:00:00+00:00
[2025-07-28T15:55:39.365+0000] {logging_mixin.py:190} INFO - [2025-07-28T15:55:39.365+0000] {dag.py:4156} INFO - Setting next_dagrun for example_branch_datetime_operator_3 to 2025-07-27 00:00:00+00:00, run_after=2025-07-28 00:00:00+00:00
[2025-07-28T15:55:39.372+0000] {processor.py:208} INFO - Processing /home/airflow/.local/lib/python3.12/site-packages/airflow/example_dags/example_branch_datetime_operator.py took 0.056 seconds
[2025-07-28T15:56:10.061+0000] {processor.py:186} INFO - Started process (PID=1685) to work on /home/airflow/.local/lib/python3.12/site-packages/airflow/example_dags/example_branch_datetime_operator.py
[2025-07-28T15:56:10.062+0000] {processor.py:914} INFO - Processing file /home/airflow/.local/lib/python3.12/site-packages/airflow/example_dags/example_branch_datetime_operator.py for tasks to queue
[2025-07-28T15:56:10.064+0000] {logging_mixin.py:190} INFO - [2025-07-28T15:56:10.064+0000] {dagbag.py:587} INFO - Filling up the DagBag from /home/airflow/.local/lib/python3.12/site-packages/airflow/example_dags/example_branch_datetime_operator.py
[2025-07-28T15:56:10.075+0000] {processor.py:925} INFO - DAG(s) 'example_branch_datetime_operator', 'example_branch_datetime_operator_2', 'example_branch_datetime_operator_3' retrieved from /home/airflow/.local/lib/python3.12/site-packages/airflow/example_dags/example_branch_datetime_operator.py
[2025-07-28T15:56:10.101+0000] {logging_mixin.py:190} INFO - [2025-07-28T15:56:10.101+0000] {dag.py:3229} INFO - Sync 3 DAGs
[2025-07-28T15:56:10.118+0000] {logging_mixin.py:190} INFO - [2025-07-28T15:56:10.118+0000] {dag.py:4156} INFO - Setting next_dagrun for example_branch_datetime_operator to 2025-07-27 00:00:00+00:00, run_after=2025-07-28 00:00:00+00:00
[2025-07-28T15:56:10.121+0000] {logging_mixin.py:190} INFO - [2025-07-28T15:56:10.121+0000] {dag.py:4156} INFO - Setting next_dagrun for example_branch_datetime_operator_2 to 2025-07-27 00:00:00+00:00, run_after=2025-07-28 00:00:00+00:00
[2025-07-28T15:56:10.124+0000] {logging_mixin.py:190} INFO - [2025-07-28T15:56:10.124+0000] {dag.py:4156} INFO - Setting next_dagrun for example_branch_datetime_operator_3 to 2025-07-27 00:00:00+00:00, run_after=2025-07-28 00:00:00+00:00
[2025-07-28T15:56:10.134+0000] {processor.py:208} INFO - Processing /home/airflow/.local/lib/python3.12/site-packages/airflow/example_dags/example_branch_datetime_operator.py took 0.079 seconds
[2025-07-28T15:56:40.733+0000] {processor.py:186} INFO - Started process (PID=1748) to work on /home/airflow/.local/lib/python3.12/site-packages/airflow/example_dags/example_branch_datetime_operator.py
[2025-07-28T15:56:40.734+0000] {processor.py:914} INFO - Processing file /home/airflow/.local/lib/python3.12/site-packages/airflow/example_dags/example_branch_datetime_operator.py for tasks to queue
[2025-07-28T15:56:40.737+0000] {logging_mixin.py:190} INFO - [2025-07-28T15:56:40.737+0000] {dagbag.py:587} INFO - Filling up the DagBag from /home/airflow/.local/lib/python3.12/site-packages/airflow/example_dags/example_branch_datetime_operator.py
[2025-07-28T15:56:40.752+0000] {processor.py:925} INFO - DAG(s) 'example_branch_datetime_operator', 'example_branch_datetime_operator_2', 'example_branch_datetime_operator_3' retrieved from /home/airflow/.local/lib/python3.12/site-packages/airflow/example_dags/example_branch_datetime_operator.py
[2025-07-28T15:56:40.782+0000] {logging_mixin.py:190} INFO - [2025-07-28T15:56:40.781+0000] {dag.py:3229} INFO - Sync 3 DAGs
[2025-07-28T15:56:40.807+0000] {logging_mixin.py:190} INFO - [2025-07-28T15:56:40.807+0000] {dag.py:4156} INFO - Setting next_dagrun for example_branch_datetime_operator to 2025-07-27 00:00:00+00:00, run_after=2025-07-28 00:00:00+00:00
[2025-07-28T15:56:40.812+0000] {logging_mixin.py:190} INFO - [2025-07-28T15:56:40.812+0000] {dag.py:4156} INFO - Setting next_dagrun for example_branch_datetime_operator_2 to 2025-07-27 00:00:00+00:00, run_after=2025-07-28 00:00:00+00:00
[2025-07-28T15:56:40.813+0000] {logging_mixin.py:190} INFO - [2025-07-28T15:56:40.813+0000] {dag.py:4156} INFO - Setting next_dagrun for example_branch_datetime_operator_3 to 2025-07-27 00:00:00+00:00, run_after=2025-07-28 00:00:00+00:00
[2025-07-28T15:56:40.828+0000] {processor.py:208} INFO - Processing /home/airflow/.local/lib/python3.12/site-packages/airflow/example_dags/example_branch_datetime_operator.py took 0.109 seconds
[2025-07-28T15:57:11.624+0000] {processor.py:186} INFO - Started process (PID=1810) to work on /home/airflow/.local/lib/python3.12/site-packages/airflow/example_dags/example_branch_datetime_operator.py
[2025-07-28T15:57:11.625+0000] {processor.py:914} INFO - Processing file /home/airflow/.local/lib/python3.12/site-packages/airflow/example_dags/example_branch_datetime_operator.py for tasks to queue
[2025-07-28T15:57:11.627+0000] {logging_mixin.py:190} INFO - [2025-07-28T15:57:11.626+0000] {dagbag.py:587} INFO - Filling up the DagBag from /home/airflow/.local/lib/python3.12/site-packages/airflow/example_dags/example_branch_datetime_operator.py
[2025-07-28T15:57:11.635+0000] {processor.py:925} INFO - DAG(s) 'example_branch_datetime_operator_2', 'example_branch_datetime_operator', 'example_branch_datetime_operator_3' retrieved from /home/airflow/.local/lib/python3.12/site-packages/airflow/example_dags/example_branch_datetime_operator.py
[2025-07-28T15:57:11.650+0000] {logging_mixin.py:190} INFO - [2025-07-28T15:57:11.650+0000] {dag.py:3229} INFO - Sync 3 DAGs
[2025-07-28T15:57:11.669+0000] {logging_mixin.py:190} INFO - [2025-07-28T15:57:11.669+0000] {dag.py:4156} INFO - Setting next_dagrun for example_branch_datetime_operator to 2025-07-27 00:00:00+00:00, run_after=2025-07-28 00:00:00+00:00
[2025-07-28T15:57:11.673+0000] {logging_mixin.py:190} INFO - [2025-07-28T15:57:11.673+0000] {dag.py:4156} INFO - Setting next_dagrun for example_branch_datetime_operator_2 to 2025-07-27 00:00:00+00:00, run_after=2025-07-28 00:00:00+00:00
[2025-07-28T15:57:11.675+0000] {logging_mixin.py:190} INFO - [2025-07-28T15:57:11.675+0000] {dag.py:4156} INFO - Setting next_dagrun for example_branch_datetime_operator_3 to 2025-07-27 00:00:00+00:00, run_after=2025-07-28 00:00:00+00:00
[2025-07-28T15:57:11.688+0000] {processor.py:208} INFO - Processing /home/airflow/.local/lib/python3.12/site-packages/airflow/example_dags/example_branch_datetime_operator.py took 0.068 seconds
[2025-07-28T15:57:43.174+0000] {processor.py:186} INFO - Started process (PID=1873) to work on /home/airflow/.local/lib/python3.12/site-packages/airflow/example_dags/example_branch_datetime_operator.py
[2025-07-28T15:57:43.175+0000] {processor.py:914} INFO - Processing file /home/airflow/.local/lib/python3.12/site-packages/airflow/example_dags/example_branch_datetime_operator.py for tasks to queue
[2025-07-28T15:57:43.178+0000] {logging_mixin.py:190} INFO - [2025-07-28T15:57:43.177+0000] {dagbag.py:587} INFO - Filling up the DagBag from /home/airflow/.local/lib/python3.12/site-packages/airflow/example_dags/example_branch_datetime_operator.py
[2025-07-28T15:57:43.191+0000] {processor.py:925} INFO - DAG(s) 'example_branch_datetime_operator', 'example_branch_datetime_operator_3', 'example_branch_datetime_operator_2' retrieved from /home/airflow/.local/lib/python3.12/site-packages/airflow/example_dags/example_branch_datetime_operator.py
[2025-07-28T15:57:43.222+0000] {logging_mixin.py:190} INFO - [2025-07-28T15:57:43.221+0000] {dag.py:3229} INFO - Sync 3 DAGs
[2025-07-28T15:57:43.251+0000] {logging_mixin.py:190} INFO - [2025-07-28T15:57:43.250+0000] {dag.py:4156} INFO - Setting next_dagrun for example_branch_datetime_operator to 2025-07-27 00:00:00+00:00, run_after=2025-07-28 00:00:00+00:00
[2025-07-28T15:57:43.254+0000] {logging_mixin.py:190} INFO - [2025-07-28T15:57:43.254+0000] {dag.py:4156} INFO - Setting next_dagrun for example_branch_datetime_operator_2 to 2025-07-27 00:00:00+00:00, run_after=2025-07-28 00:00:00+00:00
[2025-07-28T15:57:43.255+0000] {logging_mixin.py:190} INFO - [2025-07-28T15:57:43.255+0000] {dag.py:4156} INFO - Setting next_dagrun for example_branch_datetime_operator_3 to 2025-07-27 00:00:00+00:00, run_after=2025-07-28 00:00:00+00:00
[2025-07-28T15:57:43.269+0000] {processor.py:208} INFO - Processing /home/airflow/.local/lib/python3.12/site-packages/airflow/example_dags/example_branch_datetime_operator.py took 0.100 seconds
[2025-07-28T15:58:14.221+0000] {processor.py:186} INFO - Started process (PID=1936) to work on /home/airflow/.local/lib/python3.12/site-packages/airflow/example_dags/example_branch_datetime_operator.py
[2025-07-28T15:58:14.221+0000] {processor.py:914} INFO - Processing file /home/airflow/.local/lib/python3.12/site-packages/airflow/example_dags/example_branch_datetime_operator.py for tasks to queue
[2025-07-28T15:58:14.222+0000] {logging_mixin.py:190} INFO - [2025-07-28T15:58:14.222+0000] {dagbag.py:587} INFO - Filling up the DagBag from /home/airflow/.local/lib/python3.12/site-packages/airflow/example_dags/example_branch_datetime_operator.py
[2025-07-28T15:58:14.230+0000] {processor.py:925} INFO - DAG(s) 'example_branch_datetime_operator', 'example_branch_datetime_operator_3', 'example_branch_datetime_operator_2' retrieved from /home/airflow/.local/lib/python3.12/site-packages/airflow/example_dags/example_branch_datetime_operator.py
[2025-07-28T15:58:14.241+0000] {logging_mixin.py:190} INFO - [2025-07-28T15:58:14.241+0000] {dag.py:3229} INFO - Sync 3 DAGs
[2025-07-28T15:58:14.253+0000] {logging_mixin.py:190} INFO - [2025-07-28T15:58:14.253+0000] {dag.py:4156} INFO - Setting next_dagrun for example_branch_datetime_operator to 2025-07-27 00:00:00+00:00, run_after=2025-07-28 00:00:00+00:00
[2025-07-28T15:58:14.256+0000] {logging_mixin.py:190} INFO - [2025-07-28T15:58:14.256+0000] {dag.py:4156} INFO - Setting next_dagrun for example_branch_datetime_operator_2 to 2025-07-27 00:00:00+00:00, run_after=2025-07-28 00:00:00+00:00
[2025-07-28T15:58:14.257+0000] {logging_mixin.py:190} INFO - [2025-07-28T15:58:14.257+0000] {dag.py:4156} INFO - Setting next_dagrun for example_branch_datetime_operator_3 to 2025-07-27 00:00:00+00:00, run_after=2025-07-28 00:00:00+00:00
[2025-07-28T15:58:14.264+0000] {processor.py:208} INFO - Processing /home/airflow/.local/lib/python3.12/site-packages/airflow/example_dags/example_branch_datetime_operator.py took 0.046 seconds
[2025-07-28T15:58:46.140+0000] {processor.py:186} INFO - Started process (PID=1999) to work on /home/airflow/.local/lib/python3.12/site-packages/airflow/example_dags/example_branch_datetime_operator.py
[2025-07-28T15:58:46.141+0000] {processor.py:914} INFO - Processing file /home/airflow/.local/lib/python3.12/site-packages/airflow/example_dags/example_branch_datetime_operator.py for tasks to queue
[2025-07-28T15:58:46.143+0000] {logging_mixin.py:190} INFO - [2025-07-28T15:58:46.143+0000] {dagbag.py:587} INFO - Filling up the DagBag from /home/airflow/.local/lib/python3.12/site-packages/airflow/example_dags/example_branch_datetime_operator.py
[2025-07-28T15:58:46.151+0000] {processor.py:925} INFO - DAG(s) 'example_branch_datetime_operator_3', 'example_branch_datetime_operator_2', 'example_branch_datetime_operator' retrieved from /home/airflow/.local/lib/python3.12/site-packages/airflow/example_dags/example_branch_datetime_operator.py
[2025-07-28T15:58:46.170+0000] {logging_mixin.py:190} INFO - [2025-07-28T15:58:46.170+0000] {dag.py:3229} INFO - Sync 3 DAGs
[2025-07-28T15:58:46.184+0000] {logging_mixin.py:190} INFO - [2025-07-28T15:58:46.184+0000] {dag.py:4156} INFO - Setting next_dagrun for example_branch_datetime_operator to 2025-07-27 00:00:00+00:00, run_after=2025-07-28 00:00:00+00:00
[2025-07-28T15:58:46.186+0000] {logging_mixin.py:190} INFO - [2025-07-28T15:58:46.186+0000] {dag.py:4156} INFO - Setting next_dagrun for example_branch_datetime_operator_2 to 2025-07-27 00:00:00+00:00, run_after=2025-07-28 00:00:00+00:00
[2025-07-28T15:58:46.187+0000] {logging_mixin.py:190} INFO - [2025-07-28T15:58:46.187+0000] {dag.py:4156} INFO - Setting next_dagrun for example_branch_datetime_operator_3 to 2025-07-27 00:00:00+00:00, run_after=2025-07-28 00:00:00+00:00
[2025-07-28T15:58:46.194+0000] {processor.py:208} INFO - Processing /home/airflow/.local/lib/python3.12/site-packages/airflow/example_dags/example_branch_datetime_operator.py took 0.058 seconds
[2025-07-28T15:59:16.520+0000] {processor.py:186} INFO - Started process (PID=2061) to work on /home/airflow/.local/lib/python3.12/site-packages/airflow/example_dags/example_branch_datetime_operator.py
[2025-07-28T15:59:16.521+0000] {processor.py:914} INFO - Processing file /home/airflow/.local/lib/python3.12/site-packages/airflow/example_dags/example_branch_datetime_operator.py for tasks to queue
[2025-07-28T15:59:16.523+0000] {logging_mixin.py:190} INFO - [2025-07-28T15:59:16.523+0000] {dagbag.py:587} INFO - Filling up the DagBag from /home/airflow/.local/lib/python3.12/site-packages/airflow/example_dags/example_branch_datetime_operator.py
[2025-07-28T15:59:16.532+0000] {processor.py:925} INFO - DAG(s) 'example_branch_datetime_operator_2', 'example_branch_datetime_operator', 'example_branch_datetime_operator_3' retrieved from /home/airflow/.local/lib/python3.12/site-packages/airflow/example_dags/example_branch_datetime_operator.py
[2025-07-28T15:59:16.558+0000] {logging_mixin.py:190} INFO - [2025-07-28T15:59:16.558+0000] {dag.py:3229} INFO - Sync 3 DAGs
[2025-07-28T15:59:16.581+0000] {logging_mixin.py:190} INFO - [2025-07-28T15:59:16.581+0000] {dag.py:4156} INFO - Setting next_dagrun for example_branch_datetime_operator to 2025-07-27 00:00:00+00:00, run_after=2025-07-28 00:00:00+00:00
[2025-07-28T15:59:16.583+0000] {logging_mixin.py:190} INFO - [2025-07-28T15:59:16.583+0000] {dag.py:4156} INFO - Setting next_dagrun for example_branch_datetime_operator_2 to 2025-07-27 00:00:00+00:00, run_after=2025-07-28 00:00:00+00:00
[2025-07-28T15:59:16.585+0000] {logging_mixin.py:190} INFO - [2025-07-28T15:59:16.585+0000] {dag.py:4156} INFO - Setting next_dagrun for example_branch_datetime_operator_3 to 2025-07-27 00:00:00+00:00, run_after=2025-07-28 00:00:00+00:00
[2025-07-28T15:59:16.594+0000] {processor.py:208} INFO - Processing /home/airflow/.local/lib/python3.12/site-packages/airflow/example_dags/example_branch_datetime_operator.py took 0.079 seconds
[2025-07-28T15:59:46.677+0000] {processor.py:186} INFO - Started process (PID=2123) to work on /home/airflow/.local/lib/python3.12/site-packages/airflow/example_dags/example_branch_datetime_operator.py
[2025-07-28T15:59:46.679+0000] {processor.py:914} INFO - Processing file /home/airflow/.local/lib/python3.12/site-packages/airflow/example_dags/example_branch_datetime_operator.py for tasks to queue
[2025-07-28T15:59:46.680+0000] {logging_mixin.py:190} INFO - [2025-07-28T15:59:46.680+0000] {dagbag.py:587} INFO - Filling up the DagBag from /home/airflow/.local/lib/python3.12/site-packages/airflow/example_dags/example_branch_datetime_operator.py
[2025-07-28T15:59:46.688+0000] {processor.py:925} INFO - DAG(s) 'example_branch_datetime_operator_2', 'example_branch_datetime_operator', 'example_branch_datetime_operator_3' retrieved from /home/airflow/.local/lib/python3.12/site-packages/airflow/example_dags/example_branch_datetime_operator.py
[2025-07-28T15:59:46.705+0000] {logging_mixin.py:190} INFO - [2025-07-28T15:59:46.705+0000] {dag.py:3229} INFO - Sync 3 DAGs
[2025-07-28T15:59:46.719+0000] {logging_mixin.py:190} INFO - [2025-07-28T15:59:46.719+0000] {dag.py:4156} INFO - Setting next_dagrun for example_branch_datetime_operator to 2025-07-27 00:00:00+00:00, run_after=2025-07-28 00:00:00+00:00
[2025-07-28T15:59:46.721+0000] {logging_mixin.py:190} INFO - [2025-07-28T15:59:46.721+0000] {dag.py:4156} INFO - Setting next_dagrun for example_branch_datetime_operator_2 to 2025-07-27 00:00:00+00:00, run_after=2025-07-28 00:00:00+00:00
[2025-07-28T15:59:46.722+0000] {logging_mixin.py:190} INFO - [2025-07-28T15:59:46.722+0000] {dag.py:4156} INFO - Setting next_dagrun for example_branch_datetime_operator_3 to 2025-07-27 00:00:00+00:00, run_after=2025-07-28 00:00:00+00:00
[2025-07-28T15:59:46.736+0000] {processor.py:208} INFO - Processing /home/airflow/.local/lib/python3.12/site-packages/airflow/example_dags/example_branch_datetime_operator.py took 0.068 seconds
[2025-07-28T16:00:17.746+0000] {processor.py:186} INFO - Started process (PID=2186) to work on /home/airflow/.local/lib/python3.12/site-packages/airflow/example_dags/example_branch_datetime_operator.py
[2025-07-28T16:00:17.747+0000] {processor.py:914} INFO - Processing file /home/airflow/.local/lib/python3.12/site-packages/airflow/example_dags/example_branch_datetime_operator.py for tasks to queue
[2025-07-28T16:00:17.748+0000] {logging_mixin.py:190} INFO - [2025-07-28T16:00:17.748+0000] {dagbag.py:587} INFO - Filling up the DagBag from /home/airflow/.local/lib/python3.12/site-packages/airflow/example_dags/example_branch_datetime_operator.py
[2025-07-28T16:00:17.754+0000] {processor.py:925} INFO - DAG(s) 'example_branch_datetime_operator_2', 'example_branch_datetime_operator_3', 'example_branch_datetime_operator' retrieved from /home/airflow/.local/lib/python3.12/site-packages/airflow/example_dags/example_branch_datetime_operator.py
[2025-07-28T16:00:17.770+0000] {logging_mixin.py:190} INFO - [2025-07-28T16:00:17.769+0000] {dag.py:3229} INFO - Sync 3 DAGs
[2025-07-28T16:00:17.788+0000] {logging_mixin.py:190} INFO - [2025-07-28T16:00:17.788+0000] {dag.py:4156} INFO - Setting next_dagrun for example_branch_datetime_operator to 2025-07-27 00:00:00+00:00, run_after=2025-07-28 00:00:00+00:00
[2025-07-28T16:00:17.794+0000] {logging_mixin.py:190} INFO - [2025-07-28T16:00:17.794+0000] {dag.py:4156} INFO - Setting next_dagrun for example_branch_datetime_operator_2 to 2025-07-27 00:00:00+00:00, run_after=2025-07-28 00:00:00+00:00
[2025-07-28T16:00:17.797+0000] {logging_mixin.py:190} INFO - [2025-07-28T16:00:17.797+0000] {dag.py:4156} INFO - Setting next_dagrun for example_branch_datetime_operator_3 to 2025-07-27 00:00:00+00:00, run_after=2025-07-28 00:00:00+00:00
[2025-07-28T16:00:17.809+0000] {processor.py:208} INFO - Processing /home/airflow/.local/lib/python3.12/site-packages/airflow/example_dags/example_branch_datetime_operator.py took 0.072 seconds
[2025-07-28T16:00:48.744+0000] {processor.py:186} INFO - Started process (PID=2249) to work on /home/airflow/.local/lib/python3.12/site-packages/airflow/example_dags/example_branch_datetime_operator.py
[2025-07-28T16:00:48.746+0000] {processor.py:914} INFO - Processing file /home/airflow/.local/lib/python3.12/site-packages/airflow/example_dags/example_branch_datetime_operator.py for tasks to queue
[2025-07-28T16:00:48.749+0000] {logging_mixin.py:190} INFO - [2025-07-28T16:00:48.749+0000] {dagbag.py:587} INFO - Filling up the DagBag from /home/airflow/.local/lib/python3.12/site-packages/airflow/example_dags/example_branch_datetime_operator.py
[2025-07-28T16:00:48.762+0000] {processor.py:925} INFO - DAG(s) 'example_branch_datetime_operator_2', 'example_branch_datetime_operator', 'example_branch_datetime_operator_3' retrieved from /home/airflow/.local/lib/python3.12/site-packages/airflow/example_dags/example_branch_datetime_operator.py
[2025-07-28T16:00:48.797+0000] {logging_mixin.py:190} INFO - [2025-07-28T16:00:48.797+0000] {dag.py:3229} INFO - Sync 3 DAGs
[2025-07-28T16:00:48.823+0000] {logging_mixin.py:190} INFO - [2025-07-28T16:00:48.823+0000] {dag.py:4156} INFO - Setting next_dagrun for example_branch_datetime_operator to 2025-07-27 00:00:00+00:00, run_after=2025-07-28 00:00:00+00:00
[2025-07-28T16:00:48.827+0000] {logging_mixin.py:190} INFO - [2025-07-28T16:00:48.827+0000] {dag.py:4156} INFO - Setting next_dagrun for example_branch_datetime_operator_2 to 2025-07-27 00:00:00+00:00, run_after=2025-07-28 00:00:00+00:00
[2025-07-28T16:00:48.829+0000] {logging_mixin.py:190} INFO - [2025-07-28T16:00:48.829+0000] {dag.py:4156} INFO - Setting next_dagrun for example_branch_datetime_operator_3 to 2025-07-27 00:00:00+00:00, run_after=2025-07-28 00:00:00+00:00
[2025-07-28T16:00:48.837+0000] {processor.py:208} INFO - Processing /home/airflow/.local/lib/python3.12/site-packages/airflow/example_dags/example_branch_datetime_operator.py took 0.104 seconds
