[2025-07-28T15:42:54.732+0000] {processor.py:186} INFO - Started process (PID=107) to work on /home/airflow/.local/lib/python3.12/site-packages/airflow/example_dags/example_nested_branch_dag.py
[2025-07-28T15:42:54.735+0000] {processor.py:914} INFO - Processing file /home/airflow/.local/lib/python3.12/site-packages/airflow/example_dags/example_nested_branch_dag.py for tasks to queue
[2025-07-28T15:42:54.737+0000] {logging_mixin.py:190} INFO - [2025-07-28T15:42:54.736+0000] {dagbag.py:587} INFO - Filling up the DagBag from /home/airflow/.local/lib/python3.12/site-packages/airflow/example_dags/example_nested_branch_dag.py
[2025-07-28T15:42:54.743+0000] {processor.py:925} INFO - DAG(s) 'example_nested_branch_dag' retrieved from /home/airflow/.local/lib/python3.12/site-packages/airflow/example_dags/example_nested_branch_dag.py
[2025-07-28T15:42:54.798+0000] {logging_mixin.py:190} INFO - [2025-07-28T15:42:54.798+0000] {override.py:1900} INFO - Created Permission View: can edit on DAG:example_nested_branch_dag
[2025-07-28T15:42:54.803+0000] {logging_mixin.py:190} INFO - [2025-07-28T15:42:54.803+0000] {override.py:1900} INFO - Created Permission View: can read on DAG:example_nested_branch_dag
[2025-07-28T15:42:54.807+0000] {logging_mixin.py:190} INFO - [2025-07-28T15:42:54.807+0000] {override.py:1900} INFO - Created Permission View: can delete on DAG:example_nested_branch_dag
[2025-07-28T15:42:54.811+0000] {logging_mixin.py:190} INFO - [2025-07-28T15:42:54.811+0000] {override.py:1900} INFO - Created Permission View: can read on DAG Run:example_nested_branch_dag
[2025-07-28T15:42:54.814+0000] {logging_mixin.py:190} INFO - [2025-07-28T15:42:54.814+0000] {override.py:1900} INFO - Created Permission View: can delete on DAG Run:example_nested_branch_dag
[2025-07-28T15:42:54.816+0000] {logging_mixin.py:190} INFO - [2025-07-28T15:42:54.816+0000] {override.py:1900} INFO - Created Permission View: can create on DAG Run:example_nested_branch_dag
[2025-07-28T15:42:54.819+0000] {logging_mixin.py:190} INFO - [2025-07-28T15:42:54.818+0000] {override.py:1900} INFO - Created Permission View: menu access on DAG Run:example_nested_branch_dag
[2025-07-28T15:42:54.819+0000] {logging_mixin.py:190} INFO - [2025-07-28T15:42:54.819+0000] {dag.py:3229} INFO - Sync 1 DAGs
[2025-07-28T15:42:54.825+0000] {logging_mixin.py:190} INFO - [2025-07-28T15:42:54.825+0000] {dag.py:3252} INFO - Creating ORM DAG for example_nested_branch_dag
[2025-07-28T15:42:54.832+0000] {logging_mixin.py:190} INFO - [2025-07-28T15:42:54.831+0000] {dag.py:4156} INFO - Setting next_dagrun for example_nested_branch_dag to 2025-07-27 00:00:00+00:00, run_after=2025-07-28 00:00:00+00:00
[2025-07-28T15:42:54.840+0000] {processor.py:208} INFO - Processing /home/airflow/.local/lib/python3.12/site-packages/airflow/example_dags/example_nested_branch_dag.py took 0.111 seconds
[2025-07-28T15:43:25.734+0000] {processor.py:186} INFO - Started process (PID=169) to work on /home/airflow/.local/lib/python3.12/site-packages/airflow/example_dags/example_nested_branch_dag.py
[2025-07-28T15:43:25.738+0000] {processor.py:914} INFO - Processing file /home/airflow/.local/lib/python3.12/site-packages/airflow/example_dags/example_nested_branch_dag.py for tasks to queue
[2025-07-28T15:43:25.742+0000] {logging_mixin.py:190} INFO - [2025-07-28T15:43:25.742+0000] {dagbag.py:587} INFO - Filling up the DagBag from /home/airflow/.local/lib/python3.12/site-packages/airflow/example_dags/example_nested_branch_dag.py
[2025-07-28T15:43:25.749+0000] {processor.py:925} INFO - DAG(s) 'example_nested_branch_dag' retrieved from /home/airflow/.local/lib/python3.12/site-packages/airflow/example_dags/example_nested_branch_dag.py
[2025-07-28T15:43:25.760+0000] {logging_mixin.py:190} INFO - [2025-07-28T15:43:25.760+0000] {dag.py:3229} INFO - Sync 1 DAGs
[2025-07-28T15:43:25.772+0000] {logging_mixin.py:190} INFO - [2025-07-28T15:43:25.772+0000] {dag.py:4156} INFO - Setting next_dagrun for example_nested_branch_dag to 2025-07-27 00:00:00+00:00, run_after=2025-07-28 00:00:00+00:00
[2025-07-28T15:43:25.780+0000] {processor.py:208} INFO - Processing /home/airflow/.local/lib/python3.12/site-packages/airflow/example_dags/example_nested_branch_dag.py took 0.050 seconds
[2025-07-28T15:43:56.708+0000] {processor.py:186} INFO - Started process (PID=231) to work on /home/airflow/.local/lib/python3.12/site-packages/airflow/example_dags/example_nested_branch_dag.py
[2025-07-28T15:43:56.710+0000] {processor.py:914} INFO - Processing file /home/airflow/.local/lib/python3.12/site-packages/airflow/example_dags/example_nested_branch_dag.py for tasks to queue
[2025-07-28T15:43:56.712+0000] {logging_mixin.py:190} INFO - [2025-07-28T15:43:56.712+0000] {dagbag.py:587} INFO - Filling up the DagBag from /home/airflow/.local/lib/python3.12/site-packages/airflow/example_dags/example_nested_branch_dag.py
[2025-07-28T15:43:56.718+0000] {processor.py:925} INFO - DAG(s) 'example_nested_branch_dag' retrieved from /home/airflow/.local/lib/python3.12/site-packages/airflow/example_dags/example_nested_branch_dag.py
[2025-07-28T15:43:56.729+0000] {logging_mixin.py:190} INFO - [2025-07-28T15:43:56.729+0000] {dag.py:3229} INFO - Sync 1 DAGs
[2025-07-28T15:43:56.740+0000] {logging_mixin.py:190} INFO - [2025-07-28T15:43:56.740+0000] {dag.py:4156} INFO - Setting next_dagrun for example_nested_branch_dag to 2025-07-27 00:00:00+00:00, run_after=2025-07-28 00:00:00+00:00
[2025-07-28T15:43:56.751+0000] {processor.py:208} INFO - Processing /home/airflow/.local/lib/python3.12/site-packages/airflow/example_dags/example_nested_branch_dag.py took 0.048 seconds
[2025-07-28T15:44:27.005+0000] {processor.py:186} INFO - Started process (PID=293) to work on /home/airflow/.local/lib/python3.12/site-packages/airflow/example_dags/example_nested_branch_dag.py
[2025-07-28T15:44:27.006+0000] {processor.py:914} INFO - Processing file /home/airflow/.local/lib/python3.12/site-packages/airflow/example_dags/example_nested_branch_dag.py for tasks to queue
[2025-07-28T15:44:27.009+0000] {logging_mixin.py:190} INFO - [2025-07-28T15:44:27.008+0000] {dagbag.py:587} INFO - Filling up the DagBag from /home/airflow/.local/lib/python3.12/site-packages/airflow/example_dags/example_nested_branch_dag.py
[2025-07-28T15:44:27.018+0000] {processor.py:925} INFO - DAG(s) 'example_nested_branch_dag' retrieved from /home/airflow/.local/lib/python3.12/site-packages/airflow/example_dags/example_nested_branch_dag.py
[2025-07-28T15:44:27.033+0000] {logging_mixin.py:190} INFO - [2025-07-28T15:44:27.033+0000] {dag.py:3229} INFO - Sync 1 DAGs
[2025-07-28T15:44:27.044+0000] {logging_mixin.py:190} INFO - [2025-07-28T15:44:27.044+0000] {dag.py:4156} INFO - Setting next_dagrun for example_nested_branch_dag to 2025-07-27 00:00:00+00:00, run_after=2025-07-28 00:00:00+00:00
[2025-07-28T15:44:27.052+0000] {processor.py:208} INFO - Processing /home/airflow/.local/lib/python3.12/site-packages/airflow/example_dags/example_nested_branch_dag.py took 0.051 seconds
[2025-07-28T15:44:57.692+0000] {processor.py:186} INFO - Started process (PID=355) to work on /home/airflow/.local/lib/python3.12/site-packages/airflow/example_dags/example_nested_branch_dag.py
[2025-07-28T15:44:57.693+0000] {processor.py:914} INFO - Processing file /home/airflow/.local/lib/python3.12/site-packages/airflow/example_dags/example_nested_branch_dag.py for tasks to queue
[2025-07-28T15:44:57.697+0000] {logging_mixin.py:190} INFO - [2025-07-28T15:44:57.697+0000] {dagbag.py:587} INFO - Filling up the DagBag from /home/airflow/.local/lib/python3.12/site-packages/airflow/example_dags/example_nested_branch_dag.py
[2025-07-28T15:44:57.708+0000] {processor.py:925} INFO - DAG(s) 'example_nested_branch_dag' retrieved from /home/airflow/.local/lib/python3.12/site-packages/airflow/example_dags/example_nested_branch_dag.py
[2025-07-28T15:44:57.726+0000] {logging_mixin.py:190} INFO - [2025-07-28T15:44:57.726+0000] {dag.py:3229} INFO - Sync 1 DAGs
[2025-07-28T15:44:57.744+0000] {logging_mixin.py:190} INFO - [2025-07-28T15:44:57.744+0000] {dag.py:4156} INFO - Setting next_dagrun for example_nested_branch_dag to 2025-07-27 00:00:00+00:00, run_after=2025-07-28 00:00:00+00:00
[2025-07-28T15:44:57.757+0000] {processor.py:208} INFO - Processing /home/airflow/.local/lib/python3.12/site-packages/airflow/example_dags/example_nested_branch_dag.py took 0.073 seconds
[2025-07-28T15:45:28.690+0000] {processor.py:186} INFO - Started process (PID=417) to work on /home/airflow/.local/lib/python3.12/site-packages/airflow/example_dags/example_nested_branch_dag.py
[2025-07-28T15:45:28.693+0000] {processor.py:914} INFO - Processing file /home/airflow/.local/lib/python3.12/site-packages/airflow/example_dags/example_nested_branch_dag.py for tasks to queue
[2025-07-28T15:45:28.694+0000] {logging_mixin.py:190} INFO - [2025-07-28T15:45:28.694+0000] {dagbag.py:587} INFO - Filling up the DagBag from /home/airflow/.local/lib/python3.12/site-packages/airflow/example_dags/example_nested_branch_dag.py
[2025-07-28T15:45:28.700+0000] {processor.py:925} INFO - DAG(s) 'example_nested_branch_dag' retrieved from /home/airflow/.local/lib/python3.12/site-packages/airflow/example_dags/example_nested_branch_dag.py
[2025-07-28T15:45:28.723+0000] {logging_mixin.py:190} INFO - [2025-07-28T15:45:28.723+0000] {dag.py:3229} INFO - Sync 1 DAGs
[2025-07-28T15:45:28.739+0000] {logging_mixin.py:190} INFO - [2025-07-28T15:45:28.739+0000] {dag.py:4156} INFO - Setting next_dagrun for example_nested_branch_dag to 2025-07-27 00:00:00+00:00, run_after=2025-07-28 00:00:00+00:00
[2025-07-28T15:45:28.748+0000] {processor.py:208} INFO - Processing /home/airflow/.local/lib/python3.12/site-packages/airflow/example_dags/example_nested_branch_dag.py took 0.061 seconds
[2025-07-28T15:45:59.347+0000] {processor.py:186} INFO - Started process (PID=479) to work on /home/airflow/.local/lib/python3.12/site-packages/airflow/example_dags/example_nested_branch_dag.py
[2025-07-28T15:45:59.348+0000] {processor.py:914} INFO - Processing file /home/airflow/.local/lib/python3.12/site-packages/airflow/example_dags/example_nested_branch_dag.py for tasks to queue
[2025-07-28T15:45:59.350+0000] {logging_mixin.py:190} INFO - [2025-07-28T15:45:59.350+0000] {dagbag.py:587} INFO - Filling up the DagBag from /home/airflow/.local/lib/python3.12/site-packages/airflow/example_dags/example_nested_branch_dag.py
[2025-07-28T15:45:59.357+0000] {processor.py:925} INFO - DAG(s) 'example_nested_branch_dag' retrieved from /home/airflow/.local/lib/python3.12/site-packages/airflow/example_dags/example_nested_branch_dag.py
[2025-07-28T15:45:59.370+0000] {logging_mixin.py:190} INFO - [2025-07-28T15:45:59.370+0000] {dag.py:3229} INFO - Sync 1 DAGs
[2025-07-28T15:45:59.382+0000] {logging_mixin.py:190} INFO - [2025-07-28T15:45:59.382+0000] {dag.py:4156} INFO - Setting next_dagrun for example_nested_branch_dag to 2025-07-27 00:00:00+00:00, run_after=2025-07-28 00:00:00+00:00
[2025-07-28T15:45:59.393+0000] {processor.py:208} INFO - Processing /home/airflow/.local/lib/python3.12/site-packages/airflow/example_dags/example_nested_branch_dag.py took 0.049 seconds
[2025-07-28T15:46:29.932+0000] {processor.py:186} INFO - Started process (PID=541) to work on /home/airflow/.local/lib/python3.12/site-packages/airflow/example_dags/example_nested_branch_dag.py
[2025-07-28T15:46:29.935+0000] {processor.py:914} INFO - Processing file /home/airflow/.local/lib/python3.12/site-packages/airflow/example_dags/example_nested_branch_dag.py for tasks to queue
[2025-07-28T15:46:29.937+0000] {logging_mixin.py:190} INFO - [2025-07-28T15:46:29.936+0000] {dagbag.py:587} INFO - Filling up the DagBag from /home/airflow/.local/lib/python3.12/site-packages/airflow/example_dags/example_nested_branch_dag.py
[2025-07-28T15:46:29.946+0000] {processor.py:925} INFO - DAG(s) 'example_nested_branch_dag' retrieved from /home/airflow/.local/lib/python3.12/site-packages/airflow/example_dags/example_nested_branch_dag.py
[2025-07-28T15:46:29.967+0000] {logging_mixin.py:190} INFO - [2025-07-28T15:46:29.967+0000] {dag.py:3229} INFO - Sync 1 DAGs
[2025-07-28T15:46:29.987+0000] {logging_mixin.py:190} INFO - [2025-07-28T15:46:29.987+0000] {dag.py:4156} INFO - Setting next_dagrun for example_nested_branch_dag to 2025-07-27 00:00:00+00:00, run_after=2025-07-28 00:00:00+00:00
[2025-07-28T15:46:29.999+0000] {processor.py:208} INFO - Processing /home/airflow/.local/lib/python3.12/site-packages/airflow/example_dags/example_nested_branch_dag.py took 0.071 seconds
[2025-07-28T15:47:00.363+0000] {processor.py:186} INFO - Started process (PID=603) to work on /home/airflow/.local/lib/python3.12/site-packages/airflow/example_dags/example_nested_branch_dag.py
[2025-07-28T15:47:00.366+0000] {processor.py:914} INFO - Processing file /home/airflow/.local/lib/python3.12/site-packages/airflow/example_dags/example_nested_branch_dag.py for tasks to queue
[2025-07-28T15:47:00.368+0000] {logging_mixin.py:190} INFO - [2025-07-28T15:47:00.367+0000] {dagbag.py:587} INFO - Filling up the DagBag from /home/airflow/.local/lib/python3.12/site-packages/airflow/example_dags/example_nested_branch_dag.py
[2025-07-28T15:47:00.379+0000] {processor.py:925} INFO - DAG(s) 'example_nested_branch_dag' retrieved from /home/airflow/.local/lib/python3.12/site-packages/airflow/example_dags/example_nested_branch_dag.py
[2025-07-28T15:47:00.389+0000] {logging_mixin.py:190} INFO - [2025-07-28T15:47:00.389+0000] {dag.py:3229} INFO - Sync 1 DAGs
[2025-07-28T15:47:00.404+0000] {logging_mixin.py:190} INFO - [2025-07-28T15:47:00.403+0000] {dag.py:4156} INFO - Setting next_dagrun for example_nested_branch_dag to 2025-07-27 00:00:00+00:00, run_after=2025-07-28 00:00:00+00:00
[2025-07-28T15:47:00.412+0000] {processor.py:208} INFO - Processing /home/airflow/.local/lib/python3.12/site-packages/airflow/example_dags/example_nested_branch_dag.py took 0.053 seconds
[2025-07-28T15:47:31.156+0000] {processor.py:186} INFO - Started process (PID=665) to work on /home/airflow/.local/lib/python3.12/site-packages/airflow/example_dags/example_nested_branch_dag.py
[2025-07-28T15:47:31.156+0000] {processor.py:914} INFO - Processing file /home/airflow/.local/lib/python3.12/site-packages/airflow/example_dags/example_nested_branch_dag.py for tasks to queue
[2025-07-28T15:47:31.158+0000] {logging_mixin.py:190} INFO - [2025-07-28T15:47:31.157+0000] {dagbag.py:587} INFO - Filling up the DagBag from /home/airflow/.local/lib/python3.12/site-packages/airflow/example_dags/example_nested_branch_dag.py
[2025-07-28T15:47:31.164+0000] {processor.py:925} INFO - DAG(s) 'example_nested_branch_dag' retrieved from /home/airflow/.local/lib/python3.12/site-packages/airflow/example_dags/example_nested_branch_dag.py
[2025-07-28T15:47:31.184+0000] {logging_mixin.py:190} INFO - [2025-07-28T15:47:31.184+0000] {dag.py:3229} INFO - Sync 1 DAGs
[2025-07-28T15:47:31.200+0000] {logging_mixin.py:190} INFO - [2025-07-28T15:47:31.200+0000] {dag.py:4156} INFO - Setting next_dagrun for example_nested_branch_dag to 2025-07-27 00:00:00+00:00, run_after=2025-07-28 00:00:00+00:00
[2025-07-28T15:47:31.211+0000] {processor.py:208} INFO - Processing /home/airflow/.local/lib/python3.12/site-packages/airflow/example_dags/example_nested_branch_dag.py took 0.059 seconds
[2025-07-28T15:48:01.375+0000] {processor.py:186} INFO - Started process (PID=727) to work on /home/airflow/.local/lib/python3.12/site-packages/airflow/example_dags/example_nested_branch_dag.py
[2025-07-28T15:48:01.378+0000] {processor.py:914} INFO - Processing file /home/airflow/.local/lib/python3.12/site-packages/airflow/example_dags/example_nested_branch_dag.py for tasks to queue
[2025-07-28T15:48:01.380+0000] {logging_mixin.py:190} INFO - [2025-07-28T15:48:01.380+0000] {dagbag.py:587} INFO - Filling up the DagBag from /home/airflow/.local/lib/python3.12/site-packages/airflow/example_dags/example_nested_branch_dag.py
[2025-07-28T15:48:01.387+0000] {processor.py:925} INFO - DAG(s) 'example_nested_branch_dag' retrieved from /home/airflow/.local/lib/python3.12/site-packages/airflow/example_dags/example_nested_branch_dag.py
[2025-07-28T15:48:01.401+0000] {logging_mixin.py:190} INFO - [2025-07-28T15:48:01.401+0000] {dag.py:3229} INFO - Sync 1 DAGs
[2025-07-28T15:48:01.413+0000] {logging_mixin.py:190} INFO - [2025-07-28T15:48:01.413+0000] {dag.py:4156} INFO - Setting next_dagrun for example_nested_branch_dag to 2025-07-27 00:00:00+00:00, run_after=2025-07-28 00:00:00+00:00
[2025-07-28T15:48:01.420+0000] {processor.py:208} INFO - Processing /home/airflow/.local/lib/python3.12/site-packages/airflow/example_dags/example_nested_branch_dag.py took 0.048 seconds
[2025-07-28T15:48:31.689+0000] {processor.py:186} INFO - Started process (PID=789) to work on /home/airflow/.local/lib/python3.12/site-packages/airflow/example_dags/example_nested_branch_dag.py
[2025-07-28T15:48:31.690+0000] {processor.py:914} INFO - Processing file /home/airflow/.local/lib/python3.12/site-packages/airflow/example_dags/example_nested_branch_dag.py for tasks to queue
[2025-07-28T15:48:31.691+0000] {logging_mixin.py:190} INFO - [2025-07-28T15:48:31.690+0000] {dagbag.py:587} INFO - Filling up the DagBag from /home/airflow/.local/lib/python3.12/site-packages/airflow/example_dags/example_nested_branch_dag.py
[2025-07-28T15:48:31.701+0000] {processor.py:925} INFO - DAG(s) 'example_nested_branch_dag' retrieved from /home/airflow/.local/lib/python3.12/site-packages/airflow/example_dags/example_nested_branch_dag.py
[2025-07-28T15:48:31.715+0000] {logging_mixin.py:190} INFO - [2025-07-28T15:48:31.715+0000] {dag.py:3229} INFO - Sync 1 DAGs
[2025-07-28T15:48:31.728+0000] {logging_mixin.py:190} INFO - [2025-07-28T15:48:31.728+0000] {dag.py:4156} INFO - Setting next_dagrun for example_nested_branch_dag to 2025-07-27 00:00:00+00:00, run_after=2025-07-28 00:00:00+00:00
[2025-07-28T15:48:31.742+0000] {processor.py:208} INFO - Processing /home/airflow/.local/lib/python3.12/site-packages/airflow/example_dags/example_nested_branch_dag.py took 0.061 seconds
[2025-07-28T15:49:02.395+0000] {processor.py:186} INFO - Started process (PID=851) to work on /home/airflow/.local/lib/python3.12/site-packages/airflow/example_dags/example_nested_branch_dag.py
[2025-07-28T15:49:02.396+0000] {processor.py:914} INFO - Processing file /home/airflow/.local/lib/python3.12/site-packages/airflow/example_dags/example_nested_branch_dag.py for tasks to queue
[2025-07-28T15:49:02.397+0000] {logging_mixin.py:190} INFO - [2025-07-28T15:49:02.397+0000] {dagbag.py:587} INFO - Filling up the DagBag from /home/airflow/.local/lib/python3.12/site-packages/airflow/example_dags/example_nested_branch_dag.py
[2025-07-28T15:49:02.407+0000] {processor.py:925} INFO - DAG(s) 'example_nested_branch_dag' retrieved from /home/airflow/.local/lib/python3.12/site-packages/airflow/example_dags/example_nested_branch_dag.py
[2025-07-28T15:49:02.420+0000] {logging_mixin.py:190} INFO - [2025-07-28T15:49:02.420+0000] {dag.py:3229} INFO - Sync 1 DAGs
[2025-07-28T15:49:02.433+0000] {logging_mixin.py:190} INFO - [2025-07-28T15:49:02.433+0000] {dag.py:4156} INFO - Setting next_dagrun for example_nested_branch_dag to 2025-07-27 00:00:00+00:00, run_after=2025-07-28 00:00:00+00:00
[2025-07-28T15:49:02.441+0000] {processor.py:208} INFO - Processing /home/airflow/.local/lib/python3.12/site-packages/airflow/example_dags/example_nested_branch_dag.py took 0.049 seconds
[2025-07-28T15:49:32.988+0000] {processor.py:186} INFO - Started process (PID=913) to work on /home/airflow/.local/lib/python3.12/site-packages/airflow/example_dags/example_nested_branch_dag.py
[2025-07-28T15:49:32.988+0000] {processor.py:914} INFO - Processing file /home/airflow/.local/lib/python3.12/site-packages/airflow/example_dags/example_nested_branch_dag.py for tasks to queue
[2025-07-28T15:49:32.990+0000] {logging_mixin.py:190} INFO - [2025-07-28T15:49:32.990+0000] {dagbag.py:587} INFO - Filling up the DagBag from /home/airflow/.local/lib/python3.12/site-packages/airflow/example_dags/example_nested_branch_dag.py
[2025-07-28T15:49:32.996+0000] {processor.py:925} INFO - DAG(s) 'example_nested_branch_dag' retrieved from /home/airflow/.local/lib/python3.12/site-packages/airflow/example_dags/example_nested_branch_dag.py
[2025-07-28T15:49:33.006+0000] {logging_mixin.py:190} INFO - [2025-07-28T15:49:33.006+0000] {dag.py:3229} INFO - Sync 1 DAGs
[2025-07-28T15:49:33.016+0000] {logging_mixin.py:190} INFO - [2025-07-28T15:49:33.016+0000] {dag.py:4156} INFO - Setting next_dagrun for example_nested_branch_dag to 2025-07-27 00:00:00+00:00, run_after=2025-07-28 00:00:00+00:00
[2025-07-28T15:49:33.024+0000] {processor.py:208} INFO - Processing /home/airflow/.local/lib/python3.12/site-packages/airflow/example_dags/example_nested_branch_dag.py took 0.038 seconds
[2025-07-28T15:50:04.301+0000] {processor.py:186} INFO - Started process (PID=975) to work on /home/airflow/.local/lib/python3.12/site-packages/airflow/example_dags/example_nested_branch_dag.py
[2025-07-28T15:50:04.302+0000] {processor.py:914} INFO - Processing file /home/airflow/.local/lib/python3.12/site-packages/airflow/example_dags/example_nested_branch_dag.py for tasks to queue
[2025-07-28T15:50:04.303+0000] {logging_mixin.py:190} INFO - [2025-07-28T15:50:04.303+0000] {dagbag.py:587} INFO - Filling up the DagBag from /home/airflow/.local/lib/python3.12/site-packages/airflow/example_dags/example_nested_branch_dag.py
[2025-07-28T15:50:04.310+0000] {processor.py:925} INFO - DAG(s) 'example_nested_branch_dag' retrieved from /home/airflow/.local/lib/python3.12/site-packages/airflow/example_dags/example_nested_branch_dag.py
[2025-07-28T15:50:04.333+0000] {logging_mixin.py:190} INFO - [2025-07-28T15:50:04.333+0000] {dag.py:3229} INFO - Sync 1 DAGs
[2025-07-28T15:50:04.347+0000] {logging_mixin.py:190} INFO - [2025-07-28T15:50:04.347+0000] {dag.py:4156} INFO - Setting next_dagrun for example_nested_branch_dag to 2025-07-27 00:00:00+00:00, run_after=2025-07-28 00:00:00+00:00
[2025-07-28T15:50:04.356+0000] {processor.py:208} INFO - Processing /home/airflow/.local/lib/python3.12/site-packages/airflow/example_dags/example_nested_branch_dag.py took 0.058 seconds
[2025-07-28T15:50:35.549+0000] {processor.py:186} INFO - Started process (PID=1037) to work on /home/airflow/.local/lib/python3.12/site-packages/airflow/example_dags/example_nested_branch_dag.py
[2025-07-28T15:50:35.551+0000] {processor.py:914} INFO - Processing file /home/airflow/.local/lib/python3.12/site-packages/airflow/example_dags/example_nested_branch_dag.py for tasks to queue
[2025-07-28T15:50:35.553+0000] {logging_mixin.py:190} INFO - [2025-07-28T15:50:35.552+0000] {dagbag.py:587} INFO - Filling up the DagBag from /home/airflow/.local/lib/python3.12/site-packages/airflow/example_dags/example_nested_branch_dag.py
[2025-07-28T15:50:35.561+0000] {processor.py:925} INFO - DAG(s) 'example_nested_branch_dag' retrieved from /home/airflow/.local/lib/python3.12/site-packages/airflow/example_dags/example_nested_branch_dag.py
[2025-07-28T15:50:35.573+0000] {logging_mixin.py:190} INFO - [2025-07-28T15:50:35.573+0000] {dag.py:3229} INFO - Sync 1 DAGs
[2025-07-28T15:50:35.586+0000] {logging_mixin.py:190} INFO - [2025-07-28T15:50:35.586+0000] {dag.py:4156} INFO - Setting next_dagrun for example_nested_branch_dag to 2025-07-27 00:00:00+00:00, run_after=2025-07-28 00:00:00+00:00
[2025-07-28T15:50:35.595+0000] {processor.py:208} INFO - Processing /home/airflow/.local/lib/python3.12/site-packages/airflow/example_dags/example_nested_branch_dag.py took 0.053 seconds
[2025-07-28T15:51:06.937+0000] {processor.py:186} INFO - Started process (PID=1099) to work on /home/airflow/.local/lib/python3.12/site-packages/airflow/example_dags/example_nested_branch_dag.py
[2025-07-28T15:51:06.940+0000] {processor.py:914} INFO - Processing file /home/airflow/.local/lib/python3.12/site-packages/airflow/example_dags/example_nested_branch_dag.py for tasks to queue
[2025-07-28T15:51:06.945+0000] {logging_mixin.py:190} INFO - [2025-07-28T15:51:06.944+0000] {dagbag.py:587} INFO - Filling up the DagBag from /home/airflow/.local/lib/python3.12/site-packages/airflow/example_dags/example_nested_branch_dag.py
[2025-07-28T15:51:06.953+0000] {processor.py:925} INFO - DAG(s) 'example_nested_branch_dag' retrieved from /home/airflow/.local/lib/python3.12/site-packages/airflow/example_dags/example_nested_branch_dag.py
[2025-07-28T15:51:06.974+0000] {logging_mixin.py:190} INFO - [2025-07-28T15:51:06.973+0000] {dag.py:3229} INFO - Sync 1 DAGs
[2025-07-28T15:51:06.992+0000] {logging_mixin.py:190} INFO - [2025-07-28T15:51:06.992+0000] {dag.py:4156} INFO - Setting next_dagrun for example_nested_branch_dag to 2025-07-27 00:00:00+00:00, run_after=2025-07-28 00:00:00+00:00
[2025-07-28T15:51:07.042+0000] {processor.py:208} INFO - Processing /home/airflow/.local/lib/python3.12/site-packages/airflow/example_dags/example_nested_branch_dag.py took 0.112 seconds
[2025-07-28T15:51:37.481+0000] {processor.py:186} INFO - Started process (PID=1161) to work on /home/airflow/.local/lib/python3.12/site-packages/airflow/example_dags/example_nested_branch_dag.py
[2025-07-28T15:51:37.483+0000] {processor.py:914} INFO - Processing file /home/airflow/.local/lib/python3.12/site-packages/airflow/example_dags/example_nested_branch_dag.py for tasks to queue
[2025-07-28T15:51:37.486+0000] {logging_mixin.py:190} INFO - [2025-07-28T15:51:37.486+0000] {dagbag.py:587} INFO - Filling up the DagBag from /home/airflow/.local/lib/python3.12/site-packages/airflow/example_dags/example_nested_branch_dag.py
[2025-07-28T15:51:37.492+0000] {processor.py:925} INFO - DAG(s) 'example_nested_branch_dag' retrieved from /home/airflow/.local/lib/python3.12/site-packages/airflow/example_dags/example_nested_branch_dag.py
[2025-07-28T15:51:37.502+0000] {logging_mixin.py:190} INFO - [2025-07-28T15:51:37.502+0000] {dag.py:3229} INFO - Sync 1 DAGs
[2025-07-28T15:51:37.522+0000] {logging_mixin.py:190} INFO - [2025-07-28T15:51:37.522+0000] {dag.py:4156} INFO - Setting next_dagrun for example_nested_branch_dag to 2025-07-27 00:00:00+00:00, run_after=2025-07-28 00:00:00+00:00
[2025-07-28T15:51:37.542+0000] {processor.py:208} INFO - Processing /home/airflow/.local/lib/python3.12/site-packages/airflow/example_dags/example_nested_branch_dag.py took 0.064 seconds
[2025-07-28T15:52:08.608+0000] {processor.py:186} INFO - Started process (PID=1223) to work on /home/airflow/.local/lib/python3.12/site-packages/airflow/example_dags/example_nested_branch_dag.py
[2025-07-28T15:52:08.609+0000] {processor.py:914} INFO - Processing file /home/airflow/.local/lib/python3.12/site-packages/airflow/example_dags/example_nested_branch_dag.py for tasks to queue
[2025-07-28T15:52:08.611+0000] {logging_mixin.py:190} INFO - [2025-07-28T15:52:08.610+0000] {dagbag.py:587} INFO - Filling up the DagBag from /home/airflow/.local/lib/python3.12/site-packages/airflow/example_dags/example_nested_branch_dag.py
[2025-07-28T15:52:08.617+0000] {processor.py:925} INFO - DAG(s) 'example_nested_branch_dag' retrieved from /home/airflow/.local/lib/python3.12/site-packages/airflow/example_dags/example_nested_branch_dag.py
[2025-07-28T15:52:08.632+0000] {logging_mixin.py:190} INFO - [2025-07-28T15:52:08.632+0000] {dag.py:3229} INFO - Sync 1 DAGs
[2025-07-28T15:52:08.642+0000] {logging_mixin.py:190} INFO - [2025-07-28T15:52:08.642+0000] {dag.py:4156} INFO - Setting next_dagrun for example_nested_branch_dag to 2025-07-27 00:00:00+00:00, run_after=2025-07-28 00:00:00+00:00
[2025-07-28T15:52:08.656+0000] {processor.py:208} INFO - Processing /home/airflow/.local/lib/python3.12/site-packages/airflow/example_dags/example_nested_branch_dag.py took 0.051 seconds
[2025-07-28T15:52:39.640+0000] {processor.py:186} INFO - Started process (PID=1285) to work on /home/airflow/.local/lib/python3.12/site-packages/airflow/example_dags/example_nested_branch_dag.py
[2025-07-28T15:52:39.641+0000] {processor.py:914} INFO - Processing file /home/airflow/.local/lib/python3.12/site-packages/airflow/example_dags/example_nested_branch_dag.py for tasks to queue
[2025-07-28T15:52:39.645+0000] {logging_mixin.py:190} INFO - [2025-07-28T15:52:39.645+0000] {dagbag.py:587} INFO - Filling up the DagBag from /home/airflow/.local/lib/python3.12/site-packages/airflow/example_dags/example_nested_branch_dag.py
[2025-07-28T15:52:39.651+0000] {processor.py:925} INFO - DAG(s) 'example_nested_branch_dag' retrieved from /home/airflow/.local/lib/python3.12/site-packages/airflow/example_dags/example_nested_branch_dag.py
[2025-07-28T15:52:39.665+0000] {logging_mixin.py:190} INFO - [2025-07-28T15:52:39.665+0000] {dag.py:3229} INFO - Sync 1 DAGs
[2025-07-28T15:52:39.681+0000] {logging_mixin.py:190} INFO - [2025-07-28T15:52:39.681+0000] {dag.py:4156} INFO - Setting next_dagrun for example_nested_branch_dag to 2025-07-27 00:00:00+00:00, run_after=2025-07-28 00:00:00+00:00
[2025-07-28T15:52:39.689+0000] {processor.py:208} INFO - Processing /home/airflow/.local/lib/python3.12/site-packages/airflow/example_dags/example_nested_branch_dag.py took 0.054 seconds
[2025-07-28T15:53:10.449+0000] {processor.py:186} INFO - Started process (PID=1347) to work on /home/airflow/.local/lib/python3.12/site-packages/airflow/example_dags/example_nested_branch_dag.py
[2025-07-28T15:53:10.450+0000] {processor.py:914} INFO - Processing file /home/airflow/.local/lib/python3.12/site-packages/airflow/example_dags/example_nested_branch_dag.py for tasks to queue
[2025-07-28T15:53:10.455+0000] {logging_mixin.py:190} INFO - [2025-07-28T15:53:10.455+0000] {dagbag.py:587} INFO - Filling up the DagBag from /home/airflow/.local/lib/python3.12/site-packages/airflow/example_dags/example_nested_branch_dag.py
[2025-07-28T15:53:10.464+0000] {processor.py:925} INFO - DAG(s) 'example_nested_branch_dag' retrieved from /home/airflow/.local/lib/python3.12/site-packages/airflow/example_dags/example_nested_branch_dag.py
[2025-07-28T15:53:10.474+0000] {logging_mixin.py:190} INFO - [2025-07-28T15:53:10.474+0000] {dag.py:3229} INFO - Sync 1 DAGs
[2025-07-28T15:53:10.485+0000] {logging_mixin.py:190} INFO - [2025-07-28T15:53:10.485+0000] {dag.py:4156} INFO - Setting next_dagrun for example_nested_branch_dag to 2025-07-27 00:00:00+00:00, run_after=2025-07-28 00:00:00+00:00
[2025-07-28T15:53:10.492+0000] {processor.py:208} INFO - Processing /home/airflow/.local/lib/python3.12/site-packages/airflow/example_dags/example_nested_branch_dag.py took 0.047 seconds
[2025-07-28T15:53:41.380+0000] {processor.py:186} INFO - Started process (PID=1410) to work on /home/airflow/.local/lib/python3.12/site-packages/airflow/example_dags/example_nested_branch_dag.py
[2025-07-28T15:53:41.381+0000] {processor.py:914} INFO - Processing file /home/airflow/.local/lib/python3.12/site-packages/airflow/example_dags/example_nested_branch_dag.py for tasks to queue
[2025-07-28T15:53:41.383+0000] {logging_mixin.py:190} INFO - [2025-07-28T15:53:41.383+0000] {dagbag.py:587} INFO - Filling up the DagBag from /home/airflow/.local/lib/python3.12/site-packages/airflow/example_dags/example_nested_branch_dag.py
[2025-07-28T15:53:41.390+0000] {processor.py:925} INFO - DAG(s) 'example_nested_branch_dag' retrieved from /home/airflow/.local/lib/python3.12/site-packages/airflow/example_dags/example_nested_branch_dag.py
[2025-07-28T15:53:41.403+0000] {logging_mixin.py:190} INFO - [2025-07-28T15:53:41.403+0000] {dag.py:3229} INFO - Sync 1 DAGs
[2025-07-28T15:53:41.421+0000] {logging_mixin.py:190} INFO - [2025-07-28T15:53:41.420+0000] {dag.py:4156} INFO - Setting next_dagrun for example_nested_branch_dag to 2025-07-27 00:00:00+00:00, run_after=2025-07-28 00:00:00+00:00
[2025-07-28T15:53:41.430+0000] {processor.py:208} INFO - Processing /home/airflow/.local/lib/python3.12/site-packages/airflow/example_dags/example_nested_branch_dag.py took 0.055 seconds
[2025-07-28T15:54:12.337+0000] {processor.py:186} INFO - Started process (PID=1473) to work on /home/airflow/.local/lib/python3.12/site-packages/airflow/example_dags/example_nested_branch_dag.py
[2025-07-28T15:54:12.338+0000] {processor.py:914} INFO - Processing file /home/airflow/.local/lib/python3.12/site-packages/airflow/example_dags/example_nested_branch_dag.py for tasks to queue
[2025-07-28T15:54:12.339+0000] {logging_mixin.py:190} INFO - [2025-07-28T15:54:12.339+0000] {dagbag.py:587} INFO - Filling up the DagBag from /home/airflow/.local/lib/python3.12/site-packages/airflow/example_dags/example_nested_branch_dag.py
[2025-07-28T15:54:12.345+0000] {processor.py:925} INFO - DAG(s) 'example_nested_branch_dag' retrieved from /home/airflow/.local/lib/python3.12/site-packages/airflow/example_dags/example_nested_branch_dag.py
[2025-07-28T15:54:12.355+0000] {logging_mixin.py:190} INFO - [2025-07-28T15:54:12.355+0000] {dag.py:3229} INFO - Sync 1 DAGs
[2025-07-28T15:54:12.365+0000] {logging_mixin.py:190} INFO - [2025-07-28T15:54:12.365+0000] {dag.py:4156} INFO - Setting next_dagrun for example_nested_branch_dag to 2025-07-27 00:00:00+00:00, run_after=2025-07-28 00:00:00+00:00
[2025-07-28T15:54:12.372+0000] {processor.py:208} INFO - Processing /home/airflow/.local/lib/python3.12/site-packages/airflow/example_dags/example_nested_branch_dag.py took 0.038 seconds
[2025-07-28T15:54:43.229+0000] {processor.py:186} INFO - Started process (PID=1536) to work on /home/airflow/.local/lib/python3.12/site-packages/airflow/example_dags/example_nested_branch_dag.py
[2025-07-28T15:54:43.230+0000] {processor.py:914} INFO - Processing file /home/airflow/.local/lib/python3.12/site-packages/airflow/example_dags/example_nested_branch_dag.py for tasks to queue
[2025-07-28T15:54:43.231+0000] {logging_mixin.py:190} INFO - [2025-07-28T15:54:43.231+0000] {dagbag.py:587} INFO - Filling up the DagBag from /home/airflow/.local/lib/python3.12/site-packages/airflow/example_dags/example_nested_branch_dag.py
[2025-07-28T15:54:43.237+0000] {processor.py:925} INFO - DAG(s) 'example_nested_branch_dag' retrieved from /home/airflow/.local/lib/python3.12/site-packages/airflow/example_dags/example_nested_branch_dag.py
[2025-07-28T15:54:43.252+0000] {logging_mixin.py:190} INFO - [2025-07-28T15:54:43.251+0000] {dag.py:3229} INFO - Sync 1 DAGs
[2025-07-28T15:54:43.263+0000] {logging_mixin.py:190} INFO - [2025-07-28T15:54:43.263+0000] {dag.py:4156} INFO - Setting next_dagrun for example_nested_branch_dag to 2025-07-27 00:00:00+00:00, run_after=2025-07-28 00:00:00+00:00
[2025-07-28T15:54:43.272+0000] {processor.py:208} INFO - Processing /home/airflow/.local/lib/python3.12/site-packages/airflow/example_dags/example_nested_branch_dag.py took 0.047 seconds
[2025-07-28T15:55:14.090+0000] {processor.py:186} INFO - Started process (PID=1599) to work on /home/airflow/.local/lib/python3.12/site-packages/airflow/example_dags/example_nested_branch_dag.py
[2025-07-28T15:55:14.090+0000] {processor.py:914} INFO - Processing file /home/airflow/.local/lib/python3.12/site-packages/airflow/example_dags/example_nested_branch_dag.py for tasks to queue
[2025-07-28T15:55:14.094+0000] {logging_mixin.py:190} INFO - [2025-07-28T15:55:14.093+0000] {dagbag.py:587} INFO - Filling up the DagBag from /home/airflow/.local/lib/python3.12/site-packages/airflow/example_dags/example_nested_branch_dag.py
[2025-07-28T15:55:14.101+0000] {processor.py:925} INFO - DAG(s) 'example_nested_branch_dag' retrieved from /home/airflow/.local/lib/python3.12/site-packages/airflow/example_dags/example_nested_branch_dag.py
[2025-07-28T15:55:14.119+0000] {logging_mixin.py:190} INFO - [2025-07-28T15:55:14.119+0000] {dag.py:3229} INFO - Sync 1 DAGs
[2025-07-28T15:55:14.138+0000] {logging_mixin.py:190} INFO - [2025-07-28T15:55:14.137+0000] {dag.py:4156} INFO - Setting next_dagrun for example_nested_branch_dag to 2025-07-27 00:00:00+00:00, run_after=2025-07-28 00:00:00+00:00
[2025-07-28T15:55:14.148+0000] {processor.py:208} INFO - Processing /home/airflow/.local/lib/python3.12/site-packages/airflow/example_dags/example_nested_branch_dag.py took 0.061 seconds
[2025-07-28T15:55:45.048+0000] {processor.py:186} INFO - Started process (PID=1662) to work on /home/airflow/.local/lib/python3.12/site-packages/airflow/example_dags/example_nested_branch_dag.py
[2025-07-28T15:55:45.049+0000] {processor.py:914} INFO - Processing file /home/airflow/.local/lib/python3.12/site-packages/airflow/example_dags/example_nested_branch_dag.py for tasks to queue
[2025-07-28T15:55:45.050+0000] {logging_mixin.py:190} INFO - [2025-07-28T15:55:45.050+0000] {dagbag.py:587} INFO - Filling up the DagBag from /home/airflow/.local/lib/python3.12/site-packages/airflow/example_dags/example_nested_branch_dag.py
[2025-07-28T15:55:45.058+0000] {processor.py:925} INFO - DAG(s) 'example_nested_branch_dag' retrieved from /home/airflow/.local/lib/python3.12/site-packages/airflow/example_dags/example_nested_branch_dag.py
[2025-07-28T15:55:45.068+0000] {logging_mixin.py:190} INFO - [2025-07-28T15:55:45.068+0000] {dag.py:3229} INFO - Sync 1 DAGs
[2025-07-28T15:55:45.080+0000] {logging_mixin.py:190} INFO - [2025-07-28T15:55:45.079+0000] {dag.py:4156} INFO - Setting next_dagrun for example_nested_branch_dag to 2025-07-27 00:00:00+00:00, run_after=2025-07-28 00:00:00+00:00
[2025-07-28T15:55:45.087+0000] {processor.py:208} INFO - Processing /home/airflow/.local/lib/python3.12/site-packages/airflow/example_dags/example_nested_branch_dag.py took 0.042 seconds
[2025-07-28T15:56:33.380+0000] {processor.py:186} INFO - Started process (PID=1732) to work on /home/airflow/.local/lib/python3.12/site-packages/airflow/example_dags/example_nested_branch_dag.py
[2025-07-28T15:56:33.381+0000] {processor.py:914} INFO - Processing file /home/airflow/.local/lib/python3.12/site-packages/airflow/example_dags/example_nested_branch_dag.py for tasks to queue
[2025-07-28T15:56:33.385+0000] {logging_mixin.py:190} INFO - [2025-07-28T15:56:33.385+0000] {dagbag.py:587} INFO - Filling up the DagBag from /home/airflow/.local/lib/python3.12/site-packages/airflow/example_dags/example_nested_branch_dag.py
[2025-07-28T15:56:33.395+0000] {processor.py:925} INFO - DAG(s) 'example_nested_branch_dag' retrieved from /home/airflow/.local/lib/python3.12/site-packages/airflow/example_dags/example_nested_branch_dag.py
[2025-07-28T15:56:33.418+0000] {logging_mixin.py:190} INFO - [2025-07-28T15:56:33.418+0000] {dag.py:3229} INFO - Sync 1 DAGs
[2025-07-28T15:56:33.432+0000] {logging_mixin.py:190} INFO - [2025-07-28T15:56:33.432+0000] {dag.py:4156} INFO - Setting next_dagrun for example_nested_branch_dag to 2025-07-27 00:00:00+00:00, run_after=2025-07-28 00:00:00+00:00
[2025-07-28T15:56:33.446+0000] {processor.py:208} INFO - Processing /home/airflow/.local/lib/python3.12/site-packages/airflow/example_dags/example_nested_branch_dag.py took 0.070 seconds
[2025-07-28T15:57:03.933+0000] {processor.py:186} INFO - Started process (PID=1795) to work on /home/airflow/.local/lib/python3.12/site-packages/airflow/example_dags/example_nested_branch_dag.py
[2025-07-28T15:57:03.934+0000] {processor.py:914} INFO - Processing file /home/airflow/.local/lib/python3.12/site-packages/airflow/example_dags/example_nested_branch_dag.py for tasks to queue
[2025-07-28T15:57:03.935+0000] {logging_mixin.py:190} INFO - [2025-07-28T15:57:03.935+0000] {dagbag.py:587} INFO - Filling up the DagBag from /home/airflow/.local/lib/python3.12/site-packages/airflow/example_dags/example_nested_branch_dag.py
[2025-07-28T15:57:03.946+0000] {processor.py:925} INFO - DAG(s) 'example_nested_branch_dag' retrieved from /home/airflow/.local/lib/python3.12/site-packages/airflow/example_dags/example_nested_branch_dag.py
[2025-07-28T15:57:03.961+0000] {logging_mixin.py:190} INFO - [2025-07-28T15:57:03.961+0000] {dag.py:3229} INFO - Sync 1 DAGs
[2025-07-28T15:57:03.972+0000] {logging_mixin.py:190} INFO - [2025-07-28T15:57:03.972+0000] {dag.py:4156} INFO - Setting next_dagrun for example_nested_branch_dag to 2025-07-27 00:00:00+00:00, run_after=2025-07-28 00:00:00+00:00
[2025-07-28T15:57:03.987+0000] {processor.py:208} INFO - Processing /home/airflow/.local/lib/python3.12/site-packages/airflow/example_dags/example_nested_branch_dag.py took 0.058 seconds
[2025-07-28T15:57:35.781+0000] {processor.py:186} INFO - Started process (PID=1857) to work on /home/airflow/.local/lib/python3.12/site-packages/airflow/example_dags/example_nested_branch_dag.py
[2025-07-28T15:57:35.782+0000] {processor.py:914} INFO - Processing file /home/airflow/.local/lib/python3.12/site-packages/airflow/example_dags/example_nested_branch_dag.py for tasks to queue
[2025-07-28T15:57:35.784+0000] {logging_mixin.py:190} INFO - [2025-07-28T15:57:35.784+0000] {dagbag.py:587} INFO - Filling up the DagBag from /home/airflow/.local/lib/python3.12/site-packages/airflow/example_dags/example_nested_branch_dag.py
[2025-07-28T15:57:35.796+0000] {processor.py:925} INFO - DAG(s) 'example_nested_branch_dag' retrieved from /home/airflow/.local/lib/python3.12/site-packages/airflow/example_dags/example_nested_branch_dag.py
[2025-07-28T15:57:35.814+0000] {logging_mixin.py:190} INFO - [2025-07-28T15:57:35.814+0000] {dag.py:3229} INFO - Sync 1 DAGs
[2025-07-28T15:57:35.827+0000] {logging_mixin.py:190} INFO - [2025-07-28T15:57:35.827+0000] {dag.py:4156} INFO - Setting next_dagrun for example_nested_branch_dag to 2025-07-27 00:00:00+00:00, run_after=2025-07-28 00:00:00+00:00
[2025-07-28T15:57:35.836+0000] {processor.py:208} INFO - Processing /home/airflow/.local/lib/python3.12/site-packages/airflow/example_dags/example_nested_branch_dag.py took 0.060 seconds
[2025-07-28T15:58:06.853+0000] {processor.py:186} INFO - Started process (PID=1920) to work on /home/airflow/.local/lib/python3.12/site-packages/airflow/example_dags/example_nested_branch_dag.py
[2025-07-28T15:58:06.854+0000] {processor.py:914} INFO - Processing file /home/airflow/.local/lib/python3.12/site-packages/airflow/example_dags/example_nested_branch_dag.py for tasks to queue
[2025-07-28T15:58:06.855+0000] {logging_mixin.py:190} INFO - [2025-07-28T15:58:06.855+0000] {dagbag.py:587} INFO - Filling up the DagBag from /home/airflow/.local/lib/python3.12/site-packages/airflow/example_dags/example_nested_branch_dag.py
[2025-07-28T15:58:06.862+0000] {processor.py:925} INFO - DAG(s) 'example_nested_branch_dag' retrieved from /home/airflow/.local/lib/python3.12/site-packages/airflow/example_dags/example_nested_branch_dag.py
[2025-07-28T15:58:06.878+0000] {logging_mixin.py:190} INFO - [2025-07-28T15:58:06.878+0000] {dag.py:3229} INFO - Sync 1 DAGs
[2025-07-28T15:58:06.904+0000] {logging_mixin.py:190} INFO - [2025-07-28T15:58:06.904+0000] {dag.py:4156} INFO - Setting next_dagrun for example_nested_branch_dag to 2025-07-27 00:00:00+00:00, run_after=2025-07-28 00:00:00+00:00
[2025-07-28T15:58:06.934+0000] {processor.py:208} INFO - Processing /home/airflow/.local/lib/python3.12/site-packages/airflow/example_dags/example_nested_branch_dag.py took 0.085 seconds
[2025-07-28T15:58:37.511+0000] {processor.py:186} INFO - Started process (PID=1983) to work on /home/airflow/.local/lib/python3.12/site-packages/airflow/example_dags/example_nested_branch_dag.py
[2025-07-28T15:58:37.513+0000] {processor.py:914} INFO - Processing file /home/airflow/.local/lib/python3.12/site-packages/airflow/example_dags/example_nested_branch_dag.py for tasks to queue
[2025-07-28T15:58:37.517+0000] {logging_mixin.py:190} INFO - [2025-07-28T15:58:37.516+0000] {dagbag.py:587} INFO - Filling up the DagBag from /home/airflow/.local/lib/python3.12/site-packages/airflow/example_dags/example_nested_branch_dag.py
[2025-07-28T15:58:37.529+0000] {processor.py:925} INFO - DAG(s) 'example_nested_branch_dag' retrieved from /home/airflow/.local/lib/python3.12/site-packages/airflow/example_dags/example_nested_branch_dag.py
[2025-07-28T15:58:37.568+0000] {logging_mixin.py:190} INFO - [2025-07-28T15:58:37.567+0000] {dag.py:3229} INFO - Sync 1 DAGs
[2025-07-28T15:58:37.589+0000] {logging_mixin.py:190} INFO - [2025-07-28T15:58:37.589+0000] {dag.py:4156} INFO - Setting next_dagrun for example_nested_branch_dag to 2025-07-27 00:00:00+00:00, run_after=2025-07-28 00:00:00+00:00
[2025-07-28T15:58:37.599+0000] {processor.py:208} INFO - Processing /home/airflow/.local/lib/python3.12/site-packages/airflow/example_dags/example_nested_branch_dag.py took 0.093 seconds
[2025-07-28T15:59:07.886+0000] {processor.py:186} INFO - Started process (PID=2045) to work on /home/airflow/.local/lib/python3.12/site-packages/airflow/example_dags/example_nested_branch_dag.py
[2025-07-28T15:59:07.887+0000] {processor.py:914} INFO - Processing file /home/airflow/.local/lib/python3.12/site-packages/airflow/example_dags/example_nested_branch_dag.py for tasks to queue
[2025-07-28T15:59:07.889+0000] {logging_mixin.py:190} INFO - [2025-07-28T15:59:07.889+0000] {dagbag.py:587} INFO - Filling up the DagBag from /home/airflow/.local/lib/python3.12/site-packages/airflow/example_dags/example_nested_branch_dag.py
[2025-07-28T15:59:07.905+0000] {processor.py:925} INFO - DAG(s) 'example_nested_branch_dag' retrieved from /home/airflow/.local/lib/python3.12/site-packages/airflow/example_dags/example_nested_branch_dag.py
[2025-07-28T15:59:07.945+0000] {logging_mixin.py:190} INFO - [2025-07-28T15:59:07.945+0000] {dag.py:3229} INFO - Sync 1 DAGs
[2025-07-28T15:59:07.979+0000] {logging_mixin.py:190} INFO - [2025-07-28T15:59:07.978+0000] {dag.py:4156} INFO - Setting next_dagrun for example_nested_branch_dag to 2025-07-27 00:00:00+00:00, run_after=2025-07-28 00:00:00+00:00
[2025-07-28T15:59:08.000+0000] {processor.py:208} INFO - Processing /home/airflow/.local/lib/python3.12/site-packages/airflow/example_dags/example_nested_branch_dag.py took 0.118 seconds
[2025-07-28T15:59:38.198+0000] {processor.py:186} INFO - Started process (PID=2107) to work on /home/airflow/.local/lib/python3.12/site-packages/airflow/example_dags/example_nested_branch_dag.py
[2025-07-28T15:59:38.200+0000] {processor.py:914} INFO - Processing file /home/airflow/.local/lib/python3.12/site-packages/airflow/example_dags/example_nested_branch_dag.py for tasks to queue
[2025-07-28T15:59:38.204+0000] {logging_mixin.py:190} INFO - [2025-07-28T15:59:38.203+0000] {dagbag.py:587} INFO - Filling up the DagBag from /home/airflow/.local/lib/python3.12/site-packages/airflow/example_dags/example_nested_branch_dag.py
[2025-07-28T15:59:38.222+0000] {processor.py:925} INFO - DAG(s) 'example_nested_branch_dag' retrieved from /home/airflow/.local/lib/python3.12/site-packages/airflow/example_dags/example_nested_branch_dag.py
[2025-07-28T15:59:38.261+0000] {logging_mixin.py:190} INFO - [2025-07-28T15:59:38.261+0000] {dag.py:3229} INFO - Sync 1 DAGs
[2025-07-28T15:59:38.281+0000] {logging_mixin.py:190} INFO - [2025-07-28T15:59:38.280+0000] {dag.py:4156} INFO - Setting next_dagrun for example_nested_branch_dag to 2025-07-27 00:00:00+00:00, run_after=2025-07-28 00:00:00+00:00
[2025-07-28T15:59:38.294+0000] {processor.py:208} INFO - Processing /home/airflow/.local/lib/python3.12/site-packages/airflow/example_dags/example_nested_branch_dag.py took 0.103 seconds
[2025-07-28T16:00:08.595+0000] {processor.py:186} INFO - Started process (PID=2170) to work on /home/airflow/.local/lib/python3.12/site-packages/airflow/example_dags/example_nested_branch_dag.py
[2025-07-28T16:00:08.602+0000] {processor.py:914} INFO - Processing file /home/airflow/.local/lib/python3.12/site-packages/airflow/example_dags/example_nested_branch_dag.py for tasks to queue
[2025-07-28T16:00:08.604+0000] {logging_mixin.py:190} INFO - [2025-07-28T16:00:08.604+0000] {dagbag.py:587} INFO - Filling up the DagBag from /home/airflow/.local/lib/python3.12/site-packages/airflow/example_dags/example_nested_branch_dag.py
[2025-07-28T16:00:08.612+0000] {processor.py:925} INFO - DAG(s) 'example_nested_branch_dag' retrieved from /home/airflow/.local/lib/python3.12/site-packages/airflow/example_dags/example_nested_branch_dag.py
[2025-07-28T16:00:08.628+0000] {logging_mixin.py:190} INFO - [2025-07-28T16:00:08.628+0000] {dag.py:3229} INFO - Sync 1 DAGs
[2025-07-28T16:00:08.644+0000] {logging_mixin.py:190} INFO - [2025-07-28T16:00:08.643+0000] {dag.py:4156} INFO - Setting next_dagrun for example_nested_branch_dag to 2025-07-27 00:00:00+00:00, run_after=2025-07-28 00:00:00+00:00
[2025-07-28T16:00:08.655+0000] {processor.py:208} INFO - Processing /home/airflow/.local/lib/python3.12/site-packages/airflow/example_dags/example_nested_branch_dag.py took 0.066 seconds
[2025-07-28T16:00:39.560+0000] {processor.py:186} INFO - Started process (PID=2233) to work on /home/airflow/.local/lib/python3.12/site-packages/airflow/example_dags/example_nested_branch_dag.py
[2025-07-28T16:00:39.565+0000] {processor.py:914} INFO - Processing file /home/airflow/.local/lib/python3.12/site-packages/airflow/example_dags/example_nested_branch_dag.py for tasks to queue
[2025-07-28T16:00:39.568+0000] {logging_mixin.py:190} INFO - [2025-07-28T16:00:39.568+0000] {dagbag.py:587} INFO - Filling up the DagBag from /home/airflow/.local/lib/python3.12/site-packages/airflow/example_dags/example_nested_branch_dag.py
[2025-07-28T16:00:39.580+0000] {processor.py:925} INFO - DAG(s) 'example_nested_branch_dag' retrieved from /home/airflow/.local/lib/python3.12/site-packages/airflow/example_dags/example_nested_branch_dag.py
[2025-07-28T16:00:39.606+0000] {logging_mixin.py:190} INFO - [2025-07-28T16:00:39.606+0000] {dag.py:3229} INFO - Sync 1 DAGs
[2025-07-28T16:00:39.621+0000] {logging_mixin.py:190} INFO - [2025-07-28T16:00:39.621+0000] {dag.py:4156} INFO - Setting next_dagrun for example_nested_branch_dag to 2025-07-27 00:00:00+00:00, run_after=2025-07-28 00:00:00+00:00
[2025-07-28T16:00:39.628+0000] {processor.py:208} INFO - Processing /home/airflow/.local/lib/python3.12/site-packages/airflow/example_dags/example_nested_branch_dag.py took 0.074 seconds
