[2025-07-28T15:42:53.661+0000] {processor.py:186} INFO - Started process (PID=93) to work on /home/airflow/.local/lib/python3.12/site-packages/airflow/example_dags/example_task_group_decorator.py
[2025-07-28T15:42:53.662+0000] {processor.py:914} INFO - Processing file /home/airflow/.local/lib/python3.12/site-packages/airflow/example_dags/example_task_group_decorator.py for tasks to queue
[2025-07-28T15:42:53.664+0000] {logging_mixin.py:190} INFO - [2025-07-28T15:42:53.664+0000] {dagbag.py:587} INFO - Filling up the DagBag from /home/airflow/.local/lib/python3.12/site-packages/airflow/example_dags/example_task_group_decorator.py
[2025-07-28T15:42:53.676+0000] {processor.py:925} INFO - DAG(s) 'example_task_group_decorator' retrieved from /home/airflow/.local/lib/python3.12/site-packages/airflow/example_dags/example_task_group_decorator.py
[2025-07-28T15:42:53.734+0000] {logging_mixin.py:190} INFO - [2025-07-28T15:42:53.734+0000] {override.py:1900} INFO - Created Permission View: can edit on DAG:example_task_group_decorator
[2025-07-28T15:42:53.739+0000] {logging_mixin.py:190} INFO - [2025-07-28T15:42:53.739+0000] {override.py:1900} INFO - Created Permission View: can read on DAG:example_task_group_decorator
[2025-07-28T15:42:53.742+0000] {logging_mixin.py:190} INFO - [2025-07-28T15:42:53.742+0000] {override.py:1900} INFO - Created Permission View: can delete on DAG:example_task_group_decorator
[2025-07-28T15:42:53.748+0000] {logging_mixin.py:190} INFO - [2025-07-28T15:42:53.748+0000] {override.py:1900} INFO - Created Permission View: can read on DAG Run:example_task_group_decorator
[2025-07-28T15:42:53.750+0000] {logging_mixin.py:190} INFO - [2025-07-28T15:42:53.750+0000] {override.py:1900} INFO - Created Permission View: can delete on DAG Run:example_task_group_decorator
[2025-07-28T15:42:53.755+0000] {logging_mixin.py:190} INFO - [2025-07-28T15:42:53.754+0000] {override.py:1900} INFO - Created Permission View: can create on DAG Run:example_task_group_decorator
[2025-07-28T15:42:53.760+0000] {logging_mixin.py:190} INFO - [2025-07-28T15:42:53.760+0000] {override.py:1900} INFO - Created Permission View: menu access on DAG Run:example_task_group_decorator
[2025-07-28T15:42:53.760+0000] {logging_mixin.py:190} INFO - [2025-07-28T15:42:53.760+0000] {dag.py:3229} INFO - Sync 1 DAGs
[2025-07-28T15:42:53.767+0000] {logging_mixin.py:190} INFO - [2025-07-28T15:42:53.767+0000] {dag.py:3252} INFO - Creating ORM DAG for example_task_group_decorator
[2025-07-28T15:42:53.767+0000] {logging_mixin.py:190} INFO - [2025-07-28T15:42:53.767+0000] {dag.py:4156} INFO - Setting next_dagrun for example_task_group_decorator to None, run_after=None
[2025-07-28T15:42:53.775+0000] {processor.py:208} INFO - Processing /home/airflow/.local/lib/python3.12/site-packages/airflow/example_dags/example_task_group_decorator.py took 0.118 seconds
[2025-07-28T15:43:24.190+0000] {processor.py:186} INFO - Started process (PID=155) to work on /home/airflow/.local/lib/python3.12/site-packages/airflow/example_dags/example_task_group_decorator.py
[2025-07-28T15:43:24.191+0000] {processor.py:914} INFO - Processing file /home/airflow/.local/lib/python3.12/site-packages/airflow/example_dags/example_task_group_decorator.py for tasks to queue
[2025-07-28T15:43:24.194+0000] {logging_mixin.py:190} INFO - [2025-07-28T15:43:24.194+0000] {dagbag.py:587} INFO - Filling up the DagBag from /home/airflow/.local/lib/python3.12/site-packages/airflow/example_dags/example_task_group_decorator.py
[2025-07-28T15:43:24.201+0000] {processor.py:925} INFO - DAG(s) 'example_task_group_decorator' retrieved from /home/airflow/.local/lib/python3.12/site-packages/airflow/example_dags/example_task_group_decorator.py
[2025-07-28T15:43:24.213+0000] {logging_mixin.py:190} INFO - [2025-07-28T15:43:24.213+0000] {dag.py:3229} INFO - Sync 1 DAGs
[2025-07-28T15:43:24.219+0000] {logging_mixin.py:190} INFO - [2025-07-28T15:43:24.219+0000] {dag.py:4156} INFO - Setting next_dagrun for example_task_group_decorator to None, run_after=None
[2025-07-28T15:43:24.226+0000] {processor.py:208} INFO - Processing /home/airflow/.local/lib/python3.12/site-packages/airflow/example_dags/example_task_group_decorator.py took 0.038 seconds
[2025-07-28T15:43:54.991+0000] {processor.py:186} INFO - Started process (PID=217) to work on /home/airflow/.local/lib/python3.12/site-packages/airflow/example_dags/example_task_group_decorator.py
[2025-07-28T15:43:54.992+0000] {processor.py:914} INFO - Processing file /home/airflow/.local/lib/python3.12/site-packages/airflow/example_dags/example_task_group_decorator.py for tasks to queue
[2025-07-28T15:43:54.994+0000] {logging_mixin.py:190} INFO - [2025-07-28T15:43:54.994+0000] {dagbag.py:587} INFO - Filling up the DagBag from /home/airflow/.local/lib/python3.12/site-packages/airflow/example_dags/example_task_group_decorator.py
[2025-07-28T15:43:55.004+0000] {processor.py:925} INFO - DAG(s) 'example_task_group_decorator' retrieved from /home/airflow/.local/lib/python3.12/site-packages/airflow/example_dags/example_task_group_decorator.py
[2025-07-28T15:43:55.020+0000] {logging_mixin.py:190} INFO - [2025-07-28T15:43:55.020+0000] {dag.py:3229} INFO - Sync 1 DAGs
[2025-07-28T15:43:55.030+0000] {logging_mixin.py:190} INFO - [2025-07-28T15:43:55.030+0000] {dag.py:4156} INFO - Setting next_dagrun for example_task_group_decorator to None, run_after=None
[2025-07-28T15:43:55.038+0000] {processor.py:208} INFO - Processing /home/airflow/.local/lib/python3.12/site-packages/airflow/example_dags/example_task_group_decorator.py took 0.050 seconds
[2025-07-28T15:44:25.507+0000] {processor.py:186} INFO - Started process (PID=279) to work on /home/airflow/.local/lib/python3.12/site-packages/airflow/example_dags/example_task_group_decorator.py
[2025-07-28T15:44:25.508+0000] {processor.py:914} INFO - Processing file /home/airflow/.local/lib/python3.12/site-packages/airflow/example_dags/example_task_group_decorator.py for tasks to queue
[2025-07-28T15:44:25.512+0000] {logging_mixin.py:190} INFO - [2025-07-28T15:44:25.511+0000] {dagbag.py:587} INFO - Filling up the DagBag from /home/airflow/.local/lib/python3.12/site-packages/airflow/example_dags/example_task_group_decorator.py
[2025-07-28T15:44:25.519+0000] {processor.py:925} INFO - DAG(s) 'example_task_group_decorator' retrieved from /home/airflow/.local/lib/python3.12/site-packages/airflow/example_dags/example_task_group_decorator.py
[2025-07-28T15:44:25.531+0000] {logging_mixin.py:190} INFO - [2025-07-28T15:44:25.531+0000] {dag.py:3229} INFO - Sync 1 DAGs
[2025-07-28T15:44:25.537+0000] {logging_mixin.py:190} INFO - [2025-07-28T15:44:25.537+0000] {dag.py:4156} INFO - Setting next_dagrun for example_task_group_decorator to None, run_after=None
[2025-07-28T15:44:25.544+0000] {processor.py:208} INFO - Processing /home/airflow/.local/lib/python3.12/site-packages/airflow/example_dags/example_task_group_decorator.py took 0.040 seconds
[2025-07-28T15:44:56.039+0000] {processor.py:186} INFO - Started process (PID=341) to work on /home/airflow/.local/lib/python3.12/site-packages/airflow/example_dags/example_task_group_decorator.py
[2025-07-28T15:44:56.042+0000] {processor.py:914} INFO - Processing file /home/airflow/.local/lib/python3.12/site-packages/airflow/example_dags/example_task_group_decorator.py for tasks to queue
[2025-07-28T15:44:56.043+0000] {logging_mixin.py:190} INFO - [2025-07-28T15:44:56.043+0000] {dagbag.py:587} INFO - Filling up the DagBag from /home/airflow/.local/lib/python3.12/site-packages/airflow/example_dags/example_task_group_decorator.py
[2025-07-28T15:44:56.050+0000] {processor.py:925} INFO - DAG(s) 'example_task_group_decorator' retrieved from /home/airflow/.local/lib/python3.12/site-packages/airflow/example_dags/example_task_group_decorator.py
[2025-07-28T15:44:56.060+0000] {logging_mixin.py:190} INFO - [2025-07-28T15:44:56.060+0000] {dag.py:3229} INFO - Sync 1 DAGs
[2025-07-28T15:44:56.067+0000] {logging_mixin.py:190} INFO - [2025-07-28T15:44:56.067+0000] {dag.py:4156} INFO - Setting next_dagrun for example_task_group_decorator to None, run_after=None
[2025-07-28T15:44:56.074+0000] {processor.py:208} INFO - Processing /home/airflow/.local/lib/python3.12/site-packages/airflow/example_dags/example_task_group_decorator.py took 0.037 seconds
[2025-07-28T15:45:26.889+0000] {processor.py:186} INFO - Started process (PID=403) to work on /home/airflow/.local/lib/python3.12/site-packages/airflow/example_dags/example_task_group_decorator.py
[2025-07-28T15:45:26.891+0000] {processor.py:914} INFO - Processing file /home/airflow/.local/lib/python3.12/site-packages/airflow/example_dags/example_task_group_decorator.py for tasks to queue
[2025-07-28T15:45:26.894+0000] {logging_mixin.py:190} INFO - [2025-07-28T15:45:26.893+0000] {dagbag.py:587} INFO - Filling up the DagBag from /home/airflow/.local/lib/python3.12/site-packages/airflow/example_dags/example_task_group_decorator.py
[2025-07-28T15:45:26.907+0000] {processor.py:925} INFO - DAG(s) 'example_task_group_decorator' retrieved from /home/airflow/.local/lib/python3.12/site-packages/airflow/example_dags/example_task_group_decorator.py
[2025-07-28T15:45:26.930+0000] {logging_mixin.py:190} INFO - [2025-07-28T15:45:26.930+0000] {dag.py:3229} INFO - Sync 1 DAGs
[2025-07-28T15:45:26.953+0000] {logging_mixin.py:190} INFO - [2025-07-28T15:45:26.953+0000] {dag.py:4156} INFO - Setting next_dagrun for example_task_group_decorator to None, run_after=None
[2025-07-28T15:45:26.978+0000] {processor.py:208} INFO - Processing /home/airflow/.local/lib/python3.12/site-packages/airflow/example_dags/example_task_group_decorator.py took 0.094 seconds
[2025-07-28T15:45:57.775+0000] {processor.py:186} INFO - Started process (PID=465) to work on /home/airflow/.local/lib/python3.12/site-packages/airflow/example_dags/example_task_group_decorator.py
[2025-07-28T15:45:57.776+0000] {processor.py:914} INFO - Processing file /home/airflow/.local/lib/python3.12/site-packages/airflow/example_dags/example_task_group_decorator.py for tasks to queue
[2025-07-28T15:45:57.777+0000] {logging_mixin.py:190} INFO - [2025-07-28T15:45:57.777+0000] {dagbag.py:587} INFO - Filling up the DagBag from /home/airflow/.local/lib/python3.12/site-packages/airflow/example_dags/example_task_group_decorator.py
[2025-07-28T15:45:57.784+0000] {processor.py:925} INFO - DAG(s) 'example_task_group_decorator' retrieved from /home/airflow/.local/lib/python3.12/site-packages/airflow/example_dags/example_task_group_decorator.py
[2025-07-28T15:45:57.802+0000] {logging_mixin.py:190} INFO - [2025-07-28T15:45:57.802+0000] {dag.py:3229} INFO - Sync 1 DAGs
[2025-07-28T15:45:57.810+0000] {logging_mixin.py:190} INFO - [2025-07-28T15:45:57.810+0000] {dag.py:4156} INFO - Setting next_dagrun for example_task_group_decorator to None, run_after=None
[2025-07-28T15:45:57.822+0000] {processor.py:208} INFO - Processing /home/airflow/.local/lib/python3.12/site-packages/airflow/example_dags/example_task_group_decorator.py took 0.050 seconds
[2025-07-28T15:46:28.284+0000] {processor.py:186} INFO - Started process (PID=527) to work on /home/airflow/.local/lib/python3.12/site-packages/airflow/example_dags/example_task_group_decorator.py
[2025-07-28T15:46:28.284+0000] {processor.py:914} INFO - Processing file /home/airflow/.local/lib/python3.12/site-packages/airflow/example_dags/example_task_group_decorator.py for tasks to queue
[2025-07-28T15:46:28.286+0000] {logging_mixin.py:190} INFO - [2025-07-28T15:46:28.286+0000] {dagbag.py:587} INFO - Filling up the DagBag from /home/airflow/.local/lib/python3.12/site-packages/airflow/example_dags/example_task_group_decorator.py
[2025-07-28T15:46:28.295+0000] {processor.py:925} INFO - DAG(s) 'example_task_group_decorator' retrieved from /home/airflow/.local/lib/python3.12/site-packages/airflow/example_dags/example_task_group_decorator.py
[2025-07-28T15:46:28.308+0000] {logging_mixin.py:190} INFO - [2025-07-28T15:46:28.308+0000] {dag.py:3229} INFO - Sync 1 DAGs
[2025-07-28T15:46:28.318+0000] {logging_mixin.py:190} INFO - [2025-07-28T15:46:28.318+0000] {dag.py:4156} INFO - Setting next_dagrun for example_task_group_decorator to None, run_after=None
[2025-07-28T15:46:28.330+0000] {processor.py:208} INFO - Processing /home/airflow/.local/lib/python3.12/site-packages/airflow/example_dags/example_task_group_decorator.py took 0.049 seconds
[2025-07-28T15:46:58.774+0000] {processor.py:186} INFO - Started process (PID=589) to work on /home/airflow/.local/lib/python3.12/site-packages/airflow/example_dags/example_task_group_decorator.py
[2025-07-28T15:46:58.774+0000] {processor.py:914} INFO - Processing file /home/airflow/.local/lib/python3.12/site-packages/airflow/example_dags/example_task_group_decorator.py for tasks to queue
[2025-07-28T15:46:58.776+0000] {logging_mixin.py:190} INFO - [2025-07-28T15:46:58.776+0000] {dagbag.py:587} INFO - Filling up the DagBag from /home/airflow/.local/lib/python3.12/site-packages/airflow/example_dags/example_task_group_decorator.py
[2025-07-28T15:46:58.784+0000] {processor.py:925} INFO - DAG(s) 'example_task_group_decorator' retrieved from /home/airflow/.local/lib/python3.12/site-packages/airflow/example_dags/example_task_group_decorator.py
[2025-07-28T15:46:58.794+0000] {logging_mixin.py:190} INFO - [2025-07-28T15:46:58.794+0000] {dag.py:3229} INFO - Sync 1 DAGs
[2025-07-28T15:46:58.804+0000] {logging_mixin.py:190} INFO - [2025-07-28T15:46:58.803+0000] {dag.py:4156} INFO - Setting next_dagrun for example_task_group_decorator to None, run_after=None
[2025-07-28T15:46:58.812+0000] {processor.py:208} INFO - Processing /home/airflow/.local/lib/python3.12/site-packages/airflow/example_dags/example_task_group_decorator.py took 0.042 seconds
[2025-07-28T15:47:30.450+0000] {processor.py:186} INFO - Started process (PID=651) to work on /home/airflow/.local/lib/python3.12/site-packages/airflow/example_dags/example_task_group_decorator.py
[2025-07-28T15:47:30.451+0000] {processor.py:914} INFO - Processing file /home/airflow/.local/lib/python3.12/site-packages/airflow/example_dags/example_task_group_decorator.py for tasks to queue
[2025-07-28T15:47:30.453+0000] {logging_mixin.py:190} INFO - [2025-07-28T15:47:30.452+0000] {dagbag.py:587} INFO - Filling up the DagBag from /home/airflow/.local/lib/python3.12/site-packages/airflow/example_dags/example_task_group_decorator.py
[2025-07-28T15:47:30.462+0000] {processor.py:925} INFO - DAG(s) 'example_task_group_decorator' retrieved from /home/airflow/.local/lib/python3.12/site-packages/airflow/example_dags/example_task_group_decorator.py
[2025-07-28T15:47:30.495+0000] {logging_mixin.py:190} INFO - [2025-07-28T15:47:30.494+0000] {dag.py:3229} INFO - Sync 1 DAGs
[2025-07-28T15:47:30.515+0000] {logging_mixin.py:190} INFO - [2025-07-28T15:47:30.514+0000] {dag.py:4156} INFO - Setting next_dagrun for example_task_group_decorator to None, run_after=None
[2025-07-28T15:47:30.531+0000] {processor.py:208} INFO - Processing /home/airflow/.local/lib/python3.12/site-packages/airflow/example_dags/example_task_group_decorator.py took 0.084 seconds
[2025-07-28T15:48:00.667+0000] {processor.py:186} INFO - Started process (PID=713) to work on /home/airflow/.local/lib/python3.12/site-packages/airflow/example_dags/example_task_group_decorator.py
[2025-07-28T15:48:00.668+0000] {processor.py:914} INFO - Processing file /home/airflow/.local/lib/python3.12/site-packages/airflow/example_dags/example_task_group_decorator.py for tasks to queue
[2025-07-28T15:48:00.674+0000] {logging_mixin.py:190} INFO - [2025-07-28T15:48:00.674+0000] {dagbag.py:587} INFO - Filling up the DagBag from /home/airflow/.local/lib/python3.12/site-packages/airflow/example_dags/example_task_group_decorator.py
[2025-07-28T15:48:00.693+0000] {processor.py:925} INFO - DAG(s) 'example_task_group_decorator' retrieved from /home/airflow/.local/lib/python3.12/site-packages/airflow/example_dags/example_task_group_decorator.py
[2025-07-28T15:48:00.734+0000] {logging_mixin.py:190} INFO - [2025-07-28T15:48:00.734+0000] {dag.py:3229} INFO - Sync 1 DAGs
[2025-07-28T15:48:00.756+0000] {logging_mixin.py:190} INFO - [2025-07-28T15:48:00.756+0000] {dag.py:4156} INFO - Setting next_dagrun for example_task_group_decorator to None, run_after=None
[2025-07-28T15:48:00.776+0000] {processor.py:208} INFO - Processing /home/airflow/.local/lib/python3.12/site-packages/airflow/example_dags/example_task_group_decorator.py took 0.117 seconds
[2025-07-28T15:48:31.060+0000] {processor.py:186} INFO - Started process (PID=775) to work on /home/airflow/.local/lib/python3.12/site-packages/airflow/example_dags/example_task_group_decorator.py
[2025-07-28T15:48:31.061+0000] {processor.py:914} INFO - Processing file /home/airflow/.local/lib/python3.12/site-packages/airflow/example_dags/example_task_group_decorator.py for tasks to queue
[2025-07-28T15:48:31.063+0000] {logging_mixin.py:190} INFO - [2025-07-28T15:48:31.063+0000] {dagbag.py:587} INFO - Filling up the DagBag from /home/airflow/.local/lib/python3.12/site-packages/airflow/example_dags/example_task_group_decorator.py
[2025-07-28T15:48:31.075+0000] {processor.py:925} INFO - DAG(s) 'example_task_group_decorator' retrieved from /home/airflow/.local/lib/python3.12/site-packages/airflow/example_dags/example_task_group_decorator.py
[2025-07-28T15:48:31.094+0000] {logging_mixin.py:190} INFO - [2025-07-28T15:48:31.094+0000] {dag.py:3229} INFO - Sync 1 DAGs
[2025-07-28T15:48:31.105+0000] {logging_mixin.py:190} INFO - [2025-07-28T15:48:31.105+0000] {dag.py:4156} INFO - Setting next_dagrun for example_task_group_decorator to None, run_after=None
[2025-07-28T15:48:31.113+0000] {processor.py:208} INFO - Processing /home/airflow/.local/lib/python3.12/site-packages/airflow/example_dags/example_task_group_decorator.py took 0.056 seconds
[2025-07-28T15:49:01.883+0000] {processor.py:186} INFO - Started process (PID=837) to work on /home/airflow/.local/lib/python3.12/site-packages/airflow/example_dags/example_task_group_decorator.py
[2025-07-28T15:49:01.883+0000] {processor.py:914} INFO - Processing file /home/airflow/.local/lib/python3.12/site-packages/airflow/example_dags/example_task_group_decorator.py for tasks to queue
[2025-07-28T15:49:01.885+0000] {logging_mixin.py:190} INFO - [2025-07-28T15:49:01.885+0000] {dagbag.py:587} INFO - Filling up the DagBag from /home/airflow/.local/lib/python3.12/site-packages/airflow/example_dags/example_task_group_decorator.py
[2025-07-28T15:49:01.895+0000] {processor.py:925} INFO - DAG(s) 'example_task_group_decorator' retrieved from /home/airflow/.local/lib/python3.12/site-packages/airflow/example_dags/example_task_group_decorator.py
[2025-07-28T15:49:01.908+0000] {logging_mixin.py:190} INFO - [2025-07-28T15:49:01.908+0000] {dag.py:3229} INFO - Sync 1 DAGs
[2025-07-28T15:49:01.915+0000] {logging_mixin.py:190} INFO - [2025-07-28T15:49:01.915+0000] {dag.py:4156} INFO - Setting next_dagrun for example_task_group_decorator to None, run_after=None
[2025-07-28T15:49:01.923+0000] {processor.py:208} INFO - Processing /home/airflow/.local/lib/python3.12/site-packages/airflow/example_dags/example_task_group_decorator.py took 0.044 seconds
[2025-07-28T15:49:32.441+0000] {processor.py:186} INFO - Started process (PID=899) to work on /home/airflow/.local/lib/python3.12/site-packages/airflow/example_dags/example_task_group_decorator.py
[2025-07-28T15:49:32.444+0000] {processor.py:914} INFO - Processing file /home/airflow/.local/lib/python3.12/site-packages/airflow/example_dags/example_task_group_decorator.py for tasks to queue
[2025-07-28T15:49:32.445+0000] {logging_mixin.py:190} INFO - [2025-07-28T15:49:32.445+0000] {dagbag.py:587} INFO - Filling up the DagBag from /home/airflow/.local/lib/python3.12/site-packages/airflow/example_dags/example_task_group_decorator.py
[2025-07-28T15:49:32.452+0000] {processor.py:925} INFO - DAG(s) 'example_task_group_decorator' retrieved from /home/airflow/.local/lib/python3.12/site-packages/airflow/example_dags/example_task_group_decorator.py
[2025-07-28T15:49:32.465+0000] {logging_mixin.py:190} INFO - [2025-07-28T15:49:32.465+0000] {dag.py:3229} INFO - Sync 1 DAGs
[2025-07-28T15:49:32.471+0000] {logging_mixin.py:190} INFO - [2025-07-28T15:49:32.471+0000] {dag.py:4156} INFO - Setting next_dagrun for example_task_group_decorator to None, run_after=None
[2025-07-28T15:49:32.479+0000] {processor.py:208} INFO - Processing /home/airflow/.local/lib/python3.12/site-packages/airflow/example_dags/example_task_group_decorator.py took 0.041 seconds
[2025-07-28T15:50:03.429+0000] {processor.py:186} INFO - Started process (PID=961) to work on /home/airflow/.local/lib/python3.12/site-packages/airflow/example_dags/example_task_group_decorator.py
[2025-07-28T15:50:03.432+0000] {processor.py:914} INFO - Processing file /home/airflow/.local/lib/python3.12/site-packages/airflow/example_dags/example_task_group_decorator.py for tasks to queue
[2025-07-28T15:50:03.436+0000] {logging_mixin.py:190} INFO - [2025-07-28T15:50:03.435+0000] {dagbag.py:587} INFO - Filling up the DagBag from /home/airflow/.local/lib/python3.12/site-packages/airflow/example_dags/example_task_group_decorator.py
[2025-07-28T15:50:03.446+0000] {processor.py:925} INFO - DAG(s) 'example_task_group_decorator' retrieved from /home/airflow/.local/lib/python3.12/site-packages/airflow/example_dags/example_task_group_decorator.py
[2025-07-28T15:50:03.472+0000] {logging_mixin.py:190} INFO - [2025-07-28T15:50:03.472+0000] {dag.py:3229} INFO - Sync 1 DAGs
[2025-07-28T15:50:03.485+0000] {logging_mixin.py:190} INFO - [2025-07-28T15:50:03.484+0000] {dag.py:4156} INFO - Setting next_dagrun for example_task_group_decorator to None, run_after=None
[2025-07-28T15:50:03.497+0000] {processor.py:208} INFO - Processing /home/airflow/.local/lib/python3.12/site-packages/airflow/example_dags/example_task_group_decorator.py took 0.071 seconds
[2025-07-28T15:50:33.725+0000] {processor.py:186} INFO - Started process (PID=1023) to work on /home/airflow/.local/lib/python3.12/site-packages/airflow/example_dags/example_task_group_decorator.py
[2025-07-28T15:50:33.726+0000] {processor.py:914} INFO - Processing file /home/airflow/.local/lib/python3.12/site-packages/airflow/example_dags/example_task_group_decorator.py for tasks to queue
[2025-07-28T15:50:33.728+0000] {logging_mixin.py:190} INFO - [2025-07-28T15:50:33.727+0000] {dagbag.py:587} INFO - Filling up the DagBag from /home/airflow/.local/lib/python3.12/site-packages/airflow/example_dags/example_task_group_decorator.py
[2025-07-28T15:50:33.736+0000] {processor.py:925} INFO - DAG(s) 'example_task_group_decorator' retrieved from /home/airflow/.local/lib/python3.12/site-packages/airflow/example_dags/example_task_group_decorator.py
[2025-07-28T15:50:33.749+0000] {logging_mixin.py:190} INFO - [2025-07-28T15:50:33.749+0000] {dag.py:3229} INFO - Sync 1 DAGs
[2025-07-28T15:50:33.755+0000] {logging_mixin.py:190} INFO - [2025-07-28T15:50:33.755+0000] {dag.py:4156} INFO - Setting next_dagrun for example_task_group_decorator to None, run_after=None
[2025-07-28T15:50:33.763+0000] {processor.py:208} INFO - Processing /home/airflow/.local/lib/python3.12/site-packages/airflow/example_dags/example_task_group_decorator.py took 0.041 seconds
[2025-07-28T15:51:04.818+0000] {processor.py:186} INFO - Started process (PID=1085) to work on /home/airflow/.local/lib/python3.12/site-packages/airflow/example_dags/example_task_group_decorator.py
[2025-07-28T15:51:04.819+0000] {processor.py:914} INFO - Processing file /home/airflow/.local/lib/python3.12/site-packages/airflow/example_dags/example_task_group_decorator.py for tasks to queue
[2025-07-28T15:51:04.822+0000] {logging_mixin.py:190} INFO - [2025-07-28T15:51:04.822+0000] {dagbag.py:587} INFO - Filling up the DagBag from /home/airflow/.local/lib/python3.12/site-packages/airflow/example_dags/example_task_group_decorator.py
[2025-07-28T15:51:04.829+0000] {processor.py:925} INFO - DAG(s) 'example_task_group_decorator' retrieved from /home/airflow/.local/lib/python3.12/site-packages/airflow/example_dags/example_task_group_decorator.py
[2025-07-28T15:51:04.841+0000] {logging_mixin.py:190} INFO - [2025-07-28T15:51:04.841+0000] {dag.py:3229} INFO - Sync 1 DAGs
[2025-07-28T15:51:04.848+0000] {logging_mixin.py:190} INFO - [2025-07-28T15:51:04.848+0000] {dag.py:4156} INFO - Setting next_dagrun for example_task_group_decorator to None, run_after=None
[2025-07-28T15:51:04.862+0000] {processor.py:208} INFO - Processing /home/airflow/.local/lib/python3.12/site-packages/airflow/example_dags/example_task_group_decorator.py took 0.047 seconds
[2025-07-28T15:51:35.739+0000] {processor.py:186} INFO - Started process (PID=1147) to work on /home/airflow/.local/lib/python3.12/site-packages/airflow/example_dags/example_task_group_decorator.py
[2025-07-28T15:51:35.739+0000] {processor.py:914} INFO - Processing file /home/airflow/.local/lib/python3.12/site-packages/airflow/example_dags/example_task_group_decorator.py for tasks to queue
[2025-07-28T15:51:35.741+0000] {logging_mixin.py:190} INFO - [2025-07-28T15:51:35.740+0000] {dagbag.py:587} INFO - Filling up the DagBag from /home/airflow/.local/lib/python3.12/site-packages/airflow/example_dags/example_task_group_decorator.py
[2025-07-28T15:51:35.753+0000] {processor.py:925} INFO - DAG(s) 'example_task_group_decorator' retrieved from /home/airflow/.local/lib/python3.12/site-packages/airflow/example_dags/example_task_group_decorator.py
[2025-07-28T15:51:35.766+0000] {logging_mixin.py:190} INFO - [2025-07-28T15:51:35.766+0000] {dag.py:3229} INFO - Sync 1 DAGs
[2025-07-28T15:51:35.772+0000] {logging_mixin.py:190} INFO - [2025-07-28T15:51:35.772+0000] {dag.py:4156} INFO - Setting next_dagrun for example_task_group_decorator to None, run_after=None
[2025-07-28T15:51:35.782+0000] {processor.py:208} INFO - Processing /home/airflow/.local/lib/python3.12/site-packages/airflow/example_dags/example_task_group_decorator.py took 0.046 seconds
[2025-07-28T15:52:06.901+0000] {processor.py:186} INFO - Started process (PID=1209) to work on /home/airflow/.local/lib/python3.12/site-packages/airflow/example_dags/example_task_group_decorator.py
[2025-07-28T15:52:06.903+0000] {processor.py:914} INFO - Processing file /home/airflow/.local/lib/python3.12/site-packages/airflow/example_dags/example_task_group_decorator.py for tasks to queue
[2025-07-28T15:52:06.905+0000] {logging_mixin.py:190} INFO - [2025-07-28T15:52:06.905+0000] {dagbag.py:587} INFO - Filling up the DagBag from /home/airflow/.local/lib/python3.12/site-packages/airflow/example_dags/example_task_group_decorator.py
[2025-07-28T15:52:06.913+0000] {processor.py:925} INFO - DAG(s) 'example_task_group_decorator' retrieved from /home/airflow/.local/lib/python3.12/site-packages/airflow/example_dags/example_task_group_decorator.py
[2025-07-28T15:52:06.935+0000] {logging_mixin.py:190} INFO - [2025-07-28T15:52:06.935+0000] {dag.py:3229} INFO - Sync 1 DAGs
[2025-07-28T15:52:06.944+0000] {logging_mixin.py:190} INFO - [2025-07-28T15:52:06.944+0000] {dag.py:4156} INFO - Setting next_dagrun for example_task_group_decorator to None, run_after=None
[2025-07-28T15:52:06.952+0000] {processor.py:208} INFO - Processing /home/airflow/.local/lib/python3.12/site-packages/airflow/example_dags/example_task_group_decorator.py took 0.054 seconds
[2025-07-28T15:52:37.959+0000] {processor.py:186} INFO - Started process (PID=1271) to work on /home/airflow/.local/lib/python3.12/site-packages/airflow/example_dags/example_task_group_decorator.py
[2025-07-28T15:52:37.960+0000] {processor.py:914} INFO - Processing file /home/airflow/.local/lib/python3.12/site-packages/airflow/example_dags/example_task_group_decorator.py for tasks to queue
[2025-07-28T15:52:37.961+0000] {logging_mixin.py:190} INFO - [2025-07-28T15:52:37.961+0000] {dagbag.py:587} INFO - Filling up the DagBag from /home/airflow/.local/lib/python3.12/site-packages/airflow/example_dags/example_task_group_decorator.py
[2025-07-28T15:52:37.968+0000] {processor.py:925} INFO - DAG(s) 'example_task_group_decorator' retrieved from /home/airflow/.local/lib/python3.12/site-packages/airflow/example_dags/example_task_group_decorator.py
[2025-07-28T15:52:37.979+0000] {logging_mixin.py:190} INFO - [2025-07-28T15:52:37.979+0000] {dag.py:3229} INFO - Sync 1 DAGs
[2025-07-28T15:52:37.985+0000] {logging_mixin.py:190} INFO - [2025-07-28T15:52:37.985+0000] {dag.py:4156} INFO - Setting next_dagrun for example_task_group_decorator to None, run_after=None
[2025-07-28T15:52:37.993+0000] {processor.py:208} INFO - Processing /home/airflow/.local/lib/python3.12/site-packages/airflow/example_dags/example_task_group_decorator.py took 0.038 seconds
[2025-07-28T15:53:08.889+0000] {processor.py:186} INFO - Started process (PID=1333) to work on /home/airflow/.local/lib/python3.12/site-packages/airflow/example_dags/example_task_group_decorator.py
[2025-07-28T15:53:08.892+0000] {processor.py:914} INFO - Processing file /home/airflow/.local/lib/python3.12/site-packages/airflow/example_dags/example_task_group_decorator.py for tasks to queue
[2025-07-28T15:53:08.893+0000] {logging_mixin.py:190} INFO - [2025-07-28T15:53:08.893+0000] {dagbag.py:587} INFO - Filling up the DagBag from /home/airflow/.local/lib/python3.12/site-packages/airflow/example_dags/example_task_group_decorator.py
[2025-07-28T15:53:08.900+0000] {processor.py:925} INFO - DAG(s) 'example_task_group_decorator' retrieved from /home/airflow/.local/lib/python3.12/site-packages/airflow/example_dags/example_task_group_decorator.py
[2025-07-28T15:53:08.912+0000] {logging_mixin.py:190} INFO - [2025-07-28T15:53:08.912+0000] {dag.py:3229} INFO - Sync 1 DAGs
[2025-07-28T15:53:08.918+0000] {logging_mixin.py:190} INFO - [2025-07-28T15:53:08.918+0000] {dag.py:4156} INFO - Setting next_dagrun for example_task_group_decorator to None, run_after=None
[2025-07-28T15:53:08.925+0000] {processor.py:208} INFO - Processing /home/airflow/.local/lib/python3.12/site-packages/airflow/example_dags/example_task_group_decorator.py took 0.040 seconds
[2025-07-28T15:53:40.054+0000] {processor.py:186} INFO - Started process (PID=1396) to work on /home/airflow/.local/lib/python3.12/site-packages/airflow/example_dags/example_task_group_decorator.py
[2025-07-28T15:53:40.056+0000] {processor.py:914} INFO - Processing file /home/airflow/.local/lib/python3.12/site-packages/airflow/example_dags/example_task_group_decorator.py for tasks to queue
[2025-07-28T15:53:40.057+0000] {logging_mixin.py:190} INFO - [2025-07-28T15:53:40.057+0000] {dagbag.py:587} INFO - Filling up the DagBag from /home/airflow/.local/lib/python3.12/site-packages/airflow/example_dags/example_task_group_decorator.py
[2025-07-28T15:53:40.064+0000] {processor.py:925} INFO - DAG(s) 'example_task_group_decorator' retrieved from /home/airflow/.local/lib/python3.12/site-packages/airflow/example_dags/example_task_group_decorator.py
[2025-07-28T15:53:40.080+0000] {logging_mixin.py:190} INFO - [2025-07-28T15:53:40.080+0000] {dag.py:3229} INFO - Sync 1 DAGs
[2025-07-28T15:53:40.091+0000] {logging_mixin.py:190} INFO - [2025-07-28T15:53:40.091+0000] {dag.py:4156} INFO - Setting next_dagrun for example_task_group_decorator to None, run_after=None
[2025-07-28T15:53:40.102+0000] {processor.py:208} INFO - Processing /home/airflow/.local/lib/python3.12/site-packages/airflow/example_dags/example_task_group_decorator.py took 0.052 seconds
[2025-07-28T15:54:10.855+0000] {processor.py:186} INFO - Started process (PID=1459) to work on /home/airflow/.local/lib/python3.12/site-packages/airflow/example_dags/example_task_group_decorator.py
[2025-07-28T15:54:10.855+0000] {processor.py:914} INFO - Processing file /home/airflow/.local/lib/python3.12/site-packages/airflow/example_dags/example_task_group_decorator.py for tasks to queue
[2025-07-28T15:54:10.857+0000] {logging_mixin.py:190} INFO - [2025-07-28T15:54:10.856+0000] {dagbag.py:587} INFO - Filling up the DagBag from /home/airflow/.local/lib/python3.12/site-packages/airflow/example_dags/example_task_group_decorator.py
[2025-07-28T15:54:10.865+0000] {processor.py:925} INFO - DAG(s) 'example_task_group_decorator' retrieved from /home/airflow/.local/lib/python3.12/site-packages/airflow/example_dags/example_task_group_decorator.py
[2025-07-28T15:54:10.878+0000] {logging_mixin.py:190} INFO - [2025-07-28T15:54:10.877+0000] {dag.py:3229} INFO - Sync 1 DAGs
[2025-07-28T15:54:10.884+0000] {logging_mixin.py:190} INFO - [2025-07-28T15:54:10.884+0000] {dag.py:4156} INFO - Setting next_dagrun for example_task_group_decorator to None, run_after=None
[2025-07-28T15:54:10.891+0000] {processor.py:208} INFO - Processing /home/airflow/.local/lib/python3.12/site-packages/airflow/example_dags/example_task_group_decorator.py took 0.039 seconds
[2025-07-28T15:54:41.704+0000] {processor.py:186} INFO - Started process (PID=1522) to work on /home/airflow/.local/lib/python3.12/site-packages/airflow/example_dags/example_task_group_decorator.py
[2025-07-28T15:54:41.708+0000] {processor.py:914} INFO - Processing file /home/airflow/.local/lib/python3.12/site-packages/airflow/example_dags/example_task_group_decorator.py for tasks to queue
[2025-07-28T15:54:41.713+0000] {logging_mixin.py:190} INFO - [2025-07-28T15:54:41.713+0000] {dagbag.py:587} INFO - Filling up the DagBag from /home/airflow/.local/lib/python3.12/site-packages/airflow/example_dags/example_task_group_decorator.py
[2025-07-28T15:54:41.722+0000] {processor.py:925} INFO - DAG(s) 'example_task_group_decorator' retrieved from /home/airflow/.local/lib/python3.12/site-packages/airflow/example_dags/example_task_group_decorator.py
[2025-07-28T15:54:41.735+0000] {logging_mixin.py:190} INFO - [2025-07-28T15:54:41.735+0000] {dag.py:3229} INFO - Sync 1 DAGs
[2025-07-28T15:54:41.741+0000] {logging_mixin.py:190} INFO - [2025-07-28T15:54:41.741+0000] {dag.py:4156} INFO - Setting next_dagrun for example_task_group_decorator to None, run_after=None
[2025-07-28T15:54:41.749+0000] {processor.py:208} INFO - Processing /home/airflow/.local/lib/python3.12/site-packages/airflow/example_dags/example_task_group_decorator.py took 0.049 seconds
[2025-07-28T15:55:12.392+0000] {processor.py:186} INFO - Started process (PID=1585) to work on /home/airflow/.local/lib/python3.12/site-packages/airflow/example_dags/example_task_group_decorator.py
[2025-07-28T15:55:12.392+0000] {processor.py:914} INFO - Processing file /home/airflow/.local/lib/python3.12/site-packages/airflow/example_dags/example_task_group_decorator.py for tasks to queue
[2025-07-28T15:55:12.394+0000] {logging_mixin.py:190} INFO - [2025-07-28T15:55:12.393+0000] {dagbag.py:587} INFO - Filling up the DagBag from /home/airflow/.local/lib/python3.12/site-packages/airflow/example_dags/example_task_group_decorator.py
[2025-07-28T15:55:12.401+0000] {processor.py:925} INFO - DAG(s) 'example_task_group_decorator' retrieved from /home/airflow/.local/lib/python3.12/site-packages/airflow/example_dags/example_task_group_decorator.py
[2025-07-28T15:55:12.413+0000] {logging_mixin.py:190} INFO - [2025-07-28T15:55:12.413+0000] {dag.py:3229} INFO - Sync 1 DAGs
[2025-07-28T15:55:12.419+0000] {logging_mixin.py:190} INFO - [2025-07-28T15:55:12.419+0000] {dag.py:4156} INFO - Setting next_dagrun for example_task_group_decorator to None, run_after=None
[2025-07-28T15:55:12.425+0000] {processor.py:208} INFO - Processing /home/airflow/.local/lib/python3.12/site-packages/airflow/example_dags/example_task_group_decorator.py took 0.036 seconds
[2025-07-28T15:55:43.423+0000] {processor.py:186} INFO - Started process (PID=1648) to work on /home/airflow/.local/lib/python3.12/site-packages/airflow/example_dags/example_task_group_decorator.py
[2025-07-28T15:55:43.424+0000] {processor.py:914} INFO - Processing file /home/airflow/.local/lib/python3.12/site-packages/airflow/example_dags/example_task_group_decorator.py for tasks to queue
[2025-07-28T15:55:43.425+0000] {logging_mixin.py:190} INFO - [2025-07-28T15:55:43.425+0000] {dagbag.py:587} INFO - Filling up the DagBag from /home/airflow/.local/lib/python3.12/site-packages/airflow/example_dags/example_task_group_decorator.py
[2025-07-28T15:55:43.436+0000] {processor.py:925} INFO - DAG(s) 'example_task_group_decorator' retrieved from /home/airflow/.local/lib/python3.12/site-packages/airflow/example_dags/example_task_group_decorator.py
[2025-07-28T15:55:43.453+0000] {logging_mixin.py:190} INFO - [2025-07-28T15:55:43.453+0000] {dag.py:3229} INFO - Sync 1 DAGs
[2025-07-28T15:55:43.461+0000] {logging_mixin.py:190} INFO - [2025-07-28T15:55:43.461+0000] {dag.py:4156} INFO - Setting next_dagrun for example_task_group_decorator to None, run_after=None
[2025-07-28T15:55:43.471+0000] {processor.py:208} INFO - Processing /home/airflow/.local/lib/python3.12/site-packages/airflow/example_dags/example_task_group_decorator.py took 0.051 seconds
[2025-07-28T15:56:31.684+0000] {processor.py:186} INFO - Started process (PID=1718) to work on /home/airflow/.local/lib/python3.12/site-packages/airflow/example_dags/example_task_group_decorator.py
[2025-07-28T15:56:31.686+0000] {processor.py:914} INFO - Processing file /home/airflow/.local/lib/python3.12/site-packages/airflow/example_dags/example_task_group_decorator.py for tasks to queue
[2025-07-28T15:56:31.688+0000] {logging_mixin.py:190} INFO - [2025-07-28T15:56:31.688+0000] {dagbag.py:587} INFO - Filling up the DagBag from /home/airflow/.local/lib/python3.12/site-packages/airflow/example_dags/example_task_group_decorator.py
[2025-07-28T15:56:31.705+0000] {processor.py:925} INFO - DAG(s) 'example_task_group_decorator' retrieved from /home/airflow/.local/lib/python3.12/site-packages/airflow/example_dags/example_task_group_decorator.py
[2025-07-28T15:56:31.723+0000] {logging_mixin.py:190} INFO - [2025-07-28T15:56:31.723+0000] {dag.py:3229} INFO - Sync 1 DAGs
[2025-07-28T15:56:31.733+0000] {logging_mixin.py:190} INFO - [2025-07-28T15:56:31.733+0000] {dag.py:4156} INFO - Setting next_dagrun for example_task_group_decorator to None, run_after=None
[2025-07-28T15:56:31.742+0000] {processor.py:208} INFO - Processing /home/airflow/.local/lib/python3.12/site-packages/airflow/example_dags/example_task_group_decorator.py took 0.065 seconds
[2025-07-28T15:57:02.303+0000] {processor.py:186} INFO - Started process (PID=1781) to work on /home/airflow/.local/lib/python3.12/site-packages/airflow/example_dags/example_task_group_decorator.py
[2025-07-28T15:57:02.305+0000] {processor.py:914} INFO - Processing file /home/airflow/.local/lib/python3.12/site-packages/airflow/example_dags/example_task_group_decorator.py for tasks to queue
[2025-07-28T15:57:02.310+0000] {logging_mixin.py:190} INFO - [2025-07-28T15:57:02.310+0000] {dagbag.py:587} INFO - Filling up the DagBag from /home/airflow/.local/lib/python3.12/site-packages/airflow/example_dags/example_task_group_decorator.py
[2025-07-28T15:57:02.332+0000] {processor.py:925} INFO - DAG(s) 'example_task_group_decorator' retrieved from /home/airflow/.local/lib/python3.12/site-packages/airflow/example_dags/example_task_group_decorator.py
[2025-07-28T15:57:02.361+0000] {logging_mixin.py:190} INFO - [2025-07-28T15:57:02.360+0000] {dag.py:3229} INFO - Sync 1 DAGs
[2025-07-28T15:57:02.369+0000] {logging_mixin.py:190} INFO - [2025-07-28T15:57:02.369+0000] {dag.py:4156} INFO - Setting next_dagrun for example_task_group_decorator to None, run_after=None
[2025-07-28T15:57:02.385+0000] {processor.py:208} INFO - Processing /home/airflow/.local/lib/python3.12/site-packages/airflow/example_dags/example_task_group_decorator.py took 0.088 seconds
[2025-07-28T15:57:33.390+0000] {processor.py:186} INFO - Started process (PID=1843) to work on /home/airflow/.local/lib/python3.12/site-packages/airflow/example_dags/example_task_group_decorator.py
[2025-07-28T15:57:33.391+0000] {processor.py:914} INFO - Processing file /home/airflow/.local/lib/python3.12/site-packages/airflow/example_dags/example_task_group_decorator.py for tasks to queue
[2025-07-28T15:57:33.392+0000] {logging_mixin.py:190} INFO - [2025-07-28T15:57:33.392+0000] {dagbag.py:587} INFO - Filling up the DagBag from /home/airflow/.local/lib/python3.12/site-packages/airflow/example_dags/example_task_group_decorator.py
[2025-07-28T15:57:33.399+0000] {processor.py:925} INFO - DAG(s) 'example_task_group_decorator' retrieved from /home/airflow/.local/lib/python3.12/site-packages/airflow/example_dags/example_task_group_decorator.py
[2025-07-28T15:57:33.411+0000] {logging_mixin.py:190} INFO - [2025-07-28T15:57:33.411+0000] {dag.py:3229} INFO - Sync 1 DAGs
[2025-07-28T15:57:33.424+0000] {logging_mixin.py:190} INFO - [2025-07-28T15:57:33.424+0000] {dag.py:4156} INFO - Setting next_dagrun for example_task_group_decorator to None, run_after=None
[2025-07-28T15:57:33.433+0000] {processor.py:208} INFO - Processing /home/airflow/.local/lib/python3.12/site-packages/airflow/example_dags/example_task_group_decorator.py took 0.046 seconds
[2025-07-28T15:58:03.839+0000] {processor.py:186} INFO - Started process (PID=1906) to work on /home/airflow/.local/lib/python3.12/site-packages/airflow/example_dags/example_task_group_decorator.py
[2025-07-28T15:58:03.840+0000] {processor.py:914} INFO - Processing file /home/airflow/.local/lib/python3.12/site-packages/airflow/example_dags/example_task_group_decorator.py for tasks to queue
[2025-07-28T15:58:03.843+0000] {logging_mixin.py:190} INFO - [2025-07-28T15:58:03.843+0000] {dagbag.py:587} INFO - Filling up the DagBag from /home/airflow/.local/lib/python3.12/site-packages/airflow/example_dags/example_task_group_decorator.py
[2025-07-28T15:58:03.853+0000] {processor.py:925} INFO - DAG(s) 'example_task_group_decorator' retrieved from /home/airflow/.local/lib/python3.12/site-packages/airflow/example_dags/example_task_group_decorator.py
[2025-07-28T15:58:03.865+0000] {logging_mixin.py:190} INFO - [2025-07-28T15:58:03.865+0000] {dag.py:3229} INFO - Sync 1 DAGs
[2025-07-28T15:58:03.872+0000] {logging_mixin.py:190} INFO - [2025-07-28T15:58:03.872+0000] {dag.py:4156} INFO - Setting next_dagrun for example_task_group_decorator to None, run_after=None
[2025-07-28T15:58:03.879+0000] {processor.py:208} INFO - Processing /home/airflow/.local/lib/python3.12/site-packages/airflow/example_dags/example_task_group_decorator.py took 0.045 seconds
[2025-07-28T15:58:34.618+0000] {processor.py:186} INFO - Started process (PID=1969) to work on /home/airflow/.local/lib/python3.12/site-packages/airflow/example_dags/example_task_group_decorator.py
[2025-07-28T15:58:34.620+0000] {processor.py:914} INFO - Processing file /home/airflow/.local/lib/python3.12/site-packages/airflow/example_dags/example_task_group_decorator.py for tasks to queue
[2025-07-28T15:58:34.621+0000] {logging_mixin.py:190} INFO - [2025-07-28T15:58:34.621+0000] {dagbag.py:587} INFO - Filling up the DagBag from /home/airflow/.local/lib/python3.12/site-packages/airflow/example_dags/example_task_group_decorator.py
[2025-07-28T15:58:34.629+0000] {processor.py:925} INFO - DAG(s) 'example_task_group_decorator' retrieved from /home/airflow/.local/lib/python3.12/site-packages/airflow/example_dags/example_task_group_decorator.py
[2025-07-28T15:58:34.641+0000] {logging_mixin.py:190} INFO - [2025-07-28T15:58:34.641+0000] {dag.py:3229} INFO - Sync 1 DAGs
[2025-07-28T15:58:34.648+0000] {logging_mixin.py:190} INFO - [2025-07-28T15:58:34.648+0000] {dag.py:4156} INFO - Setting next_dagrun for example_task_group_decorator to None, run_after=None
[2025-07-28T15:58:34.655+0000] {processor.py:208} INFO - Processing /home/airflow/.local/lib/python3.12/site-packages/airflow/example_dags/example_task_group_decorator.py took 0.040 seconds
[2025-07-28T15:59:05.940+0000] {processor.py:186} INFO - Started process (PID=2031) to work on /home/airflow/.local/lib/python3.12/site-packages/airflow/example_dags/example_task_group_decorator.py
[2025-07-28T15:59:05.940+0000] {processor.py:914} INFO - Processing file /home/airflow/.local/lib/python3.12/site-packages/airflow/example_dags/example_task_group_decorator.py for tasks to queue
[2025-07-28T15:59:05.942+0000] {logging_mixin.py:190} INFO - [2025-07-28T15:59:05.942+0000] {dagbag.py:587} INFO - Filling up the DagBag from /home/airflow/.local/lib/python3.12/site-packages/airflow/example_dags/example_task_group_decorator.py
[2025-07-28T15:59:05.950+0000] {processor.py:925} INFO - DAG(s) 'example_task_group_decorator' retrieved from /home/airflow/.local/lib/python3.12/site-packages/airflow/example_dags/example_task_group_decorator.py
[2025-07-28T15:59:05.963+0000] {logging_mixin.py:190} INFO - [2025-07-28T15:59:05.963+0000] {dag.py:3229} INFO - Sync 1 DAGs
[2025-07-28T15:59:05.971+0000] {logging_mixin.py:190} INFO - [2025-07-28T15:59:05.971+0000] {dag.py:4156} INFO - Setting next_dagrun for example_task_group_decorator to None, run_after=None
[2025-07-28T15:59:05.980+0000] {processor.py:208} INFO - Processing /home/airflow/.local/lib/python3.12/site-packages/airflow/example_dags/example_task_group_decorator.py took 0.044 seconds
[2025-07-28T15:59:36.442+0000] {processor.py:186} INFO - Started process (PID=2094) to work on /home/airflow/.local/lib/python3.12/site-packages/airflow/example_dags/example_task_group_decorator.py
[2025-07-28T15:59:36.442+0000] {processor.py:914} INFO - Processing file /home/airflow/.local/lib/python3.12/site-packages/airflow/example_dags/example_task_group_decorator.py for tasks to queue
[2025-07-28T15:59:36.443+0000] {logging_mixin.py:190} INFO - [2025-07-28T15:59:36.443+0000] {dagbag.py:587} INFO - Filling up the DagBag from /home/airflow/.local/lib/python3.12/site-packages/airflow/example_dags/example_task_group_decorator.py
[2025-07-28T15:59:36.453+0000] {processor.py:925} INFO - DAG(s) 'example_task_group_decorator' retrieved from /home/airflow/.local/lib/python3.12/site-packages/airflow/example_dags/example_task_group_decorator.py
[2025-07-28T15:59:36.466+0000] {logging_mixin.py:190} INFO - [2025-07-28T15:59:36.466+0000] {dag.py:3229} INFO - Sync 1 DAGs
[2025-07-28T15:59:36.473+0000] {logging_mixin.py:190} INFO - [2025-07-28T15:59:36.473+0000] {dag.py:4156} INFO - Setting next_dagrun for example_task_group_decorator to None, run_after=None
[2025-07-28T15:59:36.482+0000] {processor.py:208} INFO - Processing /home/airflow/.local/lib/python3.12/site-packages/airflow/example_dags/example_task_group_decorator.py took 0.043 seconds
[2025-07-28T16:00:06.771+0000] {processor.py:186} INFO - Started process (PID=2157) to work on /home/airflow/.local/lib/python3.12/site-packages/airflow/example_dags/example_task_group_decorator.py
[2025-07-28T16:00:06.774+0000] {processor.py:914} INFO - Processing file /home/airflow/.local/lib/python3.12/site-packages/airflow/example_dags/example_task_group_decorator.py for tasks to queue
[2025-07-28T16:00:06.777+0000] {logging_mixin.py:190} INFO - [2025-07-28T16:00:06.777+0000] {dagbag.py:587} INFO - Filling up the DagBag from /home/airflow/.local/lib/python3.12/site-packages/airflow/example_dags/example_task_group_decorator.py
[2025-07-28T16:00:06.799+0000] {processor.py:925} INFO - DAG(s) 'example_task_group_decorator' retrieved from /home/airflow/.local/lib/python3.12/site-packages/airflow/example_dags/example_task_group_decorator.py
[2025-07-28T16:00:06.831+0000] {logging_mixin.py:190} INFO - [2025-07-28T16:00:06.830+0000] {dag.py:3229} INFO - Sync 1 DAGs
[2025-07-28T16:00:06.844+0000] {logging_mixin.py:190} INFO - [2025-07-28T16:00:06.843+0000] {dag.py:4156} INFO - Setting next_dagrun for example_task_group_decorator to None, run_after=None
[2025-07-28T16:00:06.859+0000] {processor.py:208} INFO - Processing /home/airflow/.local/lib/python3.12/site-packages/airflow/example_dags/example_task_group_decorator.py took 0.100 seconds
[2025-07-28T16:00:37.839+0000] {processor.py:186} INFO - Started process (PID=2220) to work on /home/airflow/.local/lib/python3.12/site-packages/airflow/example_dags/example_task_group_decorator.py
[2025-07-28T16:00:37.843+0000] {processor.py:914} INFO - Processing file /home/airflow/.local/lib/python3.12/site-packages/airflow/example_dags/example_task_group_decorator.py for tasks to queue
[2025-07-28T16:00:37.846+0000] {logging_mixin.py:190} INFO - [2025-07-28T16:00:37.846+0000] {dagbag.py:587} INFO - Filling up the DagBag from /home/airflow/.local/lib/python3.12/site-packages/airflow/example_dags/example_task_group_decorator.py
[2025-07-28T16:00:37.865+0000] {processor.py:925} INFO - DAG(s) 'example_task_group_decorator' retrieved from /home/airflow/.local/lib/python3.12/site-packages/airflow/example_dags/example_task_group_decorator.py
[2025-07-28T16:00:37.888+0000] {logging_mixin.py:190} INFO - [2025-07-28T16:00:37.888+0000] {dag.py:3229} INFO - Sync 1 DAGs
[2025-07-28T16:00:37.901+0000] {logging_mixin.py:190} INFO - [2025-07-28T16:00:37.901+0000] {dag.py:4156} INFO - Setting next_dagrun for example_task_group_decorator to None, run_after=None
[2025-07-28T16:00:37.912+0000] {processor.py:208} INFO - Processing /home/airflow/.local/lib/python3.12/site-packages/airflow/example_dags/example_task_group_decorator.py took 0.081 seconds
[2025-07-28T16:01:08.546+0000] {processor.py:186} INFO - Started process (PID=2283) to work on /home/airflow/.local/lib/python3.12/site-packages/airflow/example_dags/example_task_group_decorator.py
[2025-07-28T16:01:08.549+0000] {processor.py:914} INFO - Processing file /home/airflow/.local/lib/python3.12/site-packages/airflow/example_dags/example_task_group_decorator.py for tasks to queue
[2025-07-28T16:01:08.553+0000] {logging_mixin.py:190} INFO - [2025-07-28T16:01:08.553+0000] {dagbag.py:587} INFO - Filling up the DagBag from /home/airflow/.local/lib/python3.12/site-packages/airflow/example_dags/example_task_group_decorator.py
[2025-07-28T16:01:08.565+0000] {processor.py:925} INFO - DAG(s) 'example_task_group_decorator' retrieved from /home/airflow/.local/lib/python3.12/site-packages/airflow/example_dags/example_task_group_decorator.py
[2025-07-28T16:01:08.586+0000] {logging_mixin.py:190} INFO - [2025-07-28T16:01:08.586+0000] {dag.py:3229} INFO - Sync 1 DAGs
[2025-07-28T16:01:08.600+0000] {logging_mixin.py:190} INFO - [2025-07-28T16:01:08.600+0000] {dag.py:4156} INFO - Setting next_dagrun for example_task_group_decorator to None, run_after=None
[2025-07-28T16:01:08.611+0000] {processor.py:208} INFO - Processing /home/airflow/.local/lib/python3.12/site-packages/airflow/example_dags/example_task_group_decorator.py took 0.073 seconds
