[2025-07-28T15:42:46.800+0000] {processor.py:186} INFO - Started process (PID=55) to work on /home/airflow/.local/lib/python3.12/site-packages/airflow/example_dags/example_branch_operator.py
[2025-07-28T15:42:46.802+0000] {processor.py:914} INFO - Processing file /home/airflow/.local/lib/python3.12/site-packages/airflow/example_dags/example_branch_operator.py for tasks to queue
[2025-07-28T15:42:46.806+0000] {logging_mixin.py:190} INFO - [2025-07-28T15:42:46.805+0000] {dagbag.py:587} INFO - Filling up the DagBag from /home/airflow/.local/lib/python3.12/site-packages/airflow/example_dags/example_branch_operator.py
[2025-07-28T15:42:46.874+0000] {processor.py:925} INFO - DAG(s) 'example_branch_operator' retrieved from /home/airflow/.local/lib/python3.12/site-packages/airflow/example_dags/example_branch_operator.py
[2025-07-28T15:42:47.110+0000] {logging_mixin.py:190} INFO - [2025-07-28T15:42:47.110+0000] {override.py:1900} INFO - Created Permission View: can edit on DAG:example_branch_operator
[2025-07-28T15:42:47.118+0000] {logging_mixin.py:190} INFO - [2025-07-28T15:42:47.118+0000] {override.py:1900} INFO - Created Permission View: can read on DAG:example_branch_operator
[2025-07-28T15:42:47.122+0000] {logging_mixin.py:190} INFO - [2025-07-28T15:42:47.122+0000] {override.py:1900} INFO - Created Permission View: can delete on DAG:example_branch_operator
[2025-07-28T15:42:47.129+0000] {logging_mixin.py:190} INFO - [2025-07-28T15:42:47.129+0000] {override.py:1900} INFO - Created Permission View: can read on DAG Run:example_branch_operator
[2025-07-28T15:42:47.132+0000] {logging_mixin.py:190} INFO - [2025-07-28T15:42:47.132+0000] {override.py:1900} INFO - Created Permission View: can delete on DAG Run:example_branch_operator
[2025-07-28T15:42:47.135+0000] {logging_mixin.py:190} INFO - [2025-07-28T15:42:47.135+0000] {override.py:1900} INFO - Created Permission View: can create on DAG Run:example_branch_operator
[2025-07-28T15:42:47.138+0000] {logging_mixin.py:190} INFO - [2025-07-28T15:42:47.138+0000] {override.py:1900} INFO - Created Permission View: menu access on DAG Run:example_branch_operator
[2025-07-28T15:42:47.139+0000] {logging_mixin.py:190} INFO - [2025-07-28T15:42:47.139+0000] {dag.py:3229} INFO - Sync 1 DAGs
[2025-07-28T15:42:47.147+0000] {logging_mixin.py:190} INFO - [2025-07-28T15:42:47.147+0000] {dag.py:3252} INFO - Creating ORM DAG for example_branch_operator
[2025-07-28T15:42:47.182+0000] {logging_mixin.py:190} INFO - [2025-07-28T15:42:47.182+0000] {dag.py:4156} INFO - Setting next_dagrun for example_branch_operator to 2025-07-27 00:00:00+00:00, run_after=2025-07-28 00:00:00+00:00
[2025-07-28T15:42:47.235+0000] {processor.py:208} INFO - Processing /home/airflow/.local/lib/python3.12/site-packages/airflow/example_dags/example_branch_operator.py took 0.449 seconds
[2025-07-28T15:43:17.624+0000] {processor.py:186} INFO - Started process (PID=116) to work on /home/airflow/.local/lib/python3.12/site-packages/airflow/example_dags/example_branch_operator.py
[2025-07-28T15:43:17.625+0000] {processor.py:914} INFO - Processing file /home/airflow/.local/lib/python3.12/site-packages/airflow/example_dags/example_branch_operator.py for tasks to queue
[2025-07-28T15:43:17.627+0000] {logging_mixin.py:190} INFO - [2025-07-28T15:43:17.627+0000] {dagbag.py:587} INFO - Filling up the DagBag from /home/airflow/.local/lib/python3.12/site-packages/airflow/example_dags/example_branch_operator.py
[2025-07-28T15:43:17.642+0000] {processor.py:925} INFO - DAG(s) 'example_branch_operator' retrieved from /home/airflow/.local/lib/python3.12/site-packages/airflow/example_dags/example_branch_operator.py
[2025-07-28T15:43:17.654+0000] {logging_mixin.py:190} INFO - [2025-07-28T15:43:17.654+0000] {dag.py:3229} INFO - Sync 1 DAGs
[2025-07-28T15:43:17.665+0000] {logging_mixin.py:190} INFO - [2025-07-28T15:43:17.665+0000] {dag.py:4156} INFO - Setting next_dagrun for example_branch_operator to 2025-07-27 00:00:00+00:00, run_after=2025-07-28 00:00:00+00:00
[2025-07-28T15:43:17.672+0000] {processor.py:208} INFO - Processing /home/airflow/.local/lib/python3.12/site-packages/airflow/example_dags/example_branch_operator.py took 0.051 seconds
[2025-07-28T15:43:48.264+0000] {processor.py:186} INFO - Started process (PID=178) to work on /home/airflow/.local/lib/python3.12/site-packages/airflow/example_dags/example_branch_operator.py
[2025-07-28T15:43:48.265+0000] {processor.py:914} INFO - Processing file /home/airflow/.local/lib/python3.12/site-packages/airflow/example_dags/example_branch_operator.py for tasks to queue
[2025-07-28T15:43:48.266+0000] {logging_mixin.py:190} INFO - [2025-07-28T15:43:48.266+0000] {dagbag.py:587} INFO - Filling up the DagBag from /home/airflow/.local/lib/python3.12/site-packages/airflow/example_dags/example_branch_operator.py
[2025-07-28T15:43:48.279+0000] {processor.py:925} INFO - DAG(s) 'example_branch_operator' retrieved from /home/airflow/.local/lib/python3.12/site-packages/airflow/example_dags/example_branch_operator.py
[2025-07-28T15:43:48.292+0000] {logging_mixin.py:190} INFO - [2025-07-28T15:43:48.292+0000] {dag.py:3229} INFO - Sync 1 DAGs
[2025-07-28T15:43:48.304+0000] {logging_mixin.py:190} INFO - [2025-07-28T15:43:48.303+0000] {dag.py:4156} INFO - Setting next_dagrun for example_branch_operator to 2025-07-27 00:00:00+00:00, run_after=2025-07-28 00:00:00+00:00
[2025-07-28T15:43:48.310+0000] {processor.py:208} INFO - Processing /home/airflow/.local/lib/python3.12/site-packages/airflow/example_dags/example_branch_operator.py took 0.049 seconds
[2025-07-28T15:44:19.199+0000] {processor.py:186} INFO - Started process (PID=246) to work on /home/airflow/.local/lib/python3.12/site-packages/airflow/example_dags/example_branch_operator.py
[2025-07-28T15:44:19.201+0000] {processor.py:914} INFO - Processing file /home/airflow/.local/lib/python3.12/site-packages/airflow/example_dags/example_branch_operator.py for tasks to queue
[2025-07-28T15:44:19.203+0000] {logging_mixin.py:190} INFO - [2025-07-28T15:44:19.203+0000] {dagbag.py:587} INFO - Filling up the DagBag from /home/airflow/.local/lib/python3.12/site-packages/airflow/example_dags/example_branch_operator.py
[2025-07-28T15:44:19.215+0000] {processor.py:925} INFO - DAG(s) 'example_branch_operator' retrieved from /home/airflow/.local/lib/python3.12/site-packages/airflow/example_dags/example_branch_operator.py
[2025-07-28T15:44:19.228+0000] {logging_mixin.py:190} INFO - [2025-07-28T15:44:19.227+0000] {dag.py:3229} INFO - Sync 1 DAGs
[2025-07-28T15:44:19.239+0000] {logging_mixin.py:190} INFO - [2025-07-28T15:44:19.239+0000] {dag.py:4156} INFO - Setting next_dagrun for example_branch_operator to 2025-07-27 00:00:00+00:00, run_after=2025-07-28 00:00:00+00:00
[2025-07-28T15:44:19.247+0000] {processor.py:208} INFO - Processing /home/airflow/.local/lib/python3.12/site-packages/airflow/example_dags/example_branch_operator.py took 0.054 seconds
[2025-07-28T15:44:49.590+0000] {processor.py:186} INFO - Started process (PID=308) to work on /home/airflow/.local/lib/python3.12/site-packages/airflow/example_dags/example_branch_operator.py
[2025-07-28T15:44:49.591+0000] {processor.py:914} INFO - Processing file /home/airflow/.local/lib/python3.12/site-packages/airflow/example_dags/example_branch_operator.py for tasks to queue
[2025-07-28T15:44:49.592+0000] {logging_mixin.py:190} INFO - [2025-07-28T15:44:49.592+0000] {dagbag.py:587} INFO - Filling up the DagBag from /home/airflow/.local/lib/python3.12/site-packages/airflow/example_dags/example_branch_operator.py
[2025-07-28T15:44:49.610+0000] {processor.py:925} INFO - DAG(s) 'example_branch_operator' retrieved from /home/airflow/.local/lib/python3.12/site-packages/airflow/example_dags/example_branch_operator.py
[2025-07-28T15:44:49.624+0000] {logging_mixin.py:190} INFO - [2025-07-28T15:44:49.624+0000] {dag.py:3229} INFO - Sync 1 DAGs
[2025-07-28T15:44:49.637+0000] {logging_mixin.py:190} INFO - [2025-07-28T15:44:49.637+0000] {dag.py:4156} INFO - Setting next_dagrun for example_branch_operator to 2025-07-27 00:00:00+00:00, run_after=2025-07-28 00:00:00+00:00
[2025-07-28T15:44:49.644+0000] {processor.py:208} INFO - Processing /home/airflow/.local/lib/python3.12/site-packages/airflow/example_dags/example_branch_operator.py took 0.058 seconds
[2025-07-28T15:45:20.380+0000] {processor.py:186} INFO - Started process (PID=370) to work on /home/airflow/.local/lib/python3.12/site-packages/airflow/example_dags/example_branch_operator.py
[2025-07-28T15:45:20.381+0000] {processor.py:914} INFO - Processing file /home/airflow/.local/lib/python3.12/site-packages/airflow/example_dags/example_branch_operator.py for tasks to queue
[2025-07-28T15:45:20.383+0000] {logging_mixin.py:190} INFO - [2025-07-28T15:45:20.383+0000] {dagbag.py:587} INFO - Filling up the DagBag from /home/airflow/.local/lib/python3.12/site-packages/airflow/example_dags/example_branch_operator.py
[2025-07-28T15:45:20.394+0000] {processor.py:925} INFO - DAG(s) 'example_branch_operator' retrieved from /home/airflow/.local/lib/python3.12/site-packages/airflow/example_dags/example_branch_operator.py
[2025-07-28T15:45:20.406+0000] {logging_mixin.py:190} INFO - [2025-07-28T15:45:20.406+0000] {dag.py:3229} INFO - Sync 1 DAGs
[2025-07-28T15:45:20.422+0000] {logging_mixin.py:190} INFO - [2025-07-28T15:45:20.421+0000] {dag.py:4156} INFO - Setting next_dagrun for example_branch_operator to 2025-07-27 00:00:00+00:00, run_after=2025-07-28 00:00:00+00:00
[2025-07-28T15:45:20.434+0000] {processor.py:208} INFO - Processing /home/airflow/.local/lib/python3.12/site-packages/airflow/example_dags/example_branch_operator.py took 0.059 seconds
[2025-07-28T15:45:51.362+0000] {processor.py:186} INFO - Started process (PID=432) to work on /home/airflow/.local/lib/python3.12/site-packages/airflow/example_dags/example_branch_operator.py
[2025-07-28T15:45:51.362+0000] {processor.py:914} INFO - Processing file /home/airflow/.local/lib/python3.12/site-packages/airflow/example_dags/example_branch_operator.py for tasks to queue
[2025-07-28T15:45:51.363+0000] {logging_mixin.py:190} INFO - [2025-07-28T15:45:51.363+0000] {dagbag.py:587} INFO - Filling up the DagBag from /home/airflow/.local/lib/python3.12/site-packages/airflow/example_dags/example_branch_operator.py
[2025-07-28T15:45:51.378+0000] {processor.py:925} INFO - DAG(s) 'example_branch_operator' retrieved from /home/airflow/.local/lib/python3.12/site-packages/airflow/example_dags/example_branch_operator.py
[2025-07-28T15:45:51.394+0000] {logging_mixin.py:190} INFO - [2025-07-28T15:45:51.394+0000] {dag.py:3229} INFO - Sync 1 DAGs
[2025-07-28T15:45:51.414+0000] {logging_mixin.py:190} INFO - [2025-07-28T15:45:51.414+0000] {dag.py:4156} INFO - Setting next_dagrun for example_branch_operator to 2025-07-27 00:00:00+00:00, run_after=2025-07-28 00:00:00+00:00
[2025-07-28T15:45:51.421+0000] {processor.py:208} INFO - Processing /home/airflow/.local/lib/python3.12/site-packages/airflow/example_dags/example_branch_operator.py took 0.062 seconds
[2025-07-28T15:46:21.961+0000] {processor.py:186} INFO - Started process (PID=494) to work on /home/airflow/.local/lib/python3.12/site-packages/airflow/example_dags/example_branch_operator.py
[2025-07-28T15:46:21.962+0000] {processor.py:914} INFO - Processing file /home/airflow/.local/lib/python3.12/site-packages/airflow/example_dags/example_branch_operator.py for tasks to queue
[2025-07-28T15:46:21.963+0000] {logging_mixin.py:190} INFO - [2025-07-28T15:46:21.963+0000] {dagbag.py:587} INFO - Filling up the DagBag from /home/airflow/.local/lib/python3.12/site-packages/airflow/example_dags/example_branch_operator.py
[2025-07-28T15:46:21.979+0000] {processor.py:925} INFO - DAG(s) 'example_branch_operator' retrieved from /home/airflow/.local/lib/python3.12/site-packages/airflow/example_dags/example_branch_operator.py
[2025-07-28T15:46:21.992+0000] {logging_mixin.py:190} INFO - [2025-07-28T15:46:21.992+0000] {dag.py:3229} INFO - Sync 1 DAGs
[2025-07-28T15:46:22.004+0000] {logging_mixin.py:190} INFO - [2025-07-28T15:46:22.004+0000] {dag.py:4156} INFO - Setting next_dagrun for example_branch_operator to 2025-07-27 00:00:00+00:00, run_after=2025-07-28 00:00:00+00:00
[2025-07-28T15:46:22.012+0000] {processor.py:208} INFO - Processing /home/airflow/.local/lib/python3.12/site-packages/airflow/example_dags/example_branch_operator.py took 0.053 seconds
[2025-07-28T15:46:52.488+0000] {processor.py:186} INFO - Started process (PID=556) to work on /home/airflow/.local/lib/python3.12/site-packages/airflow/example_dags/example_branch_operator.py
[2025-07-28T15:46:52.489+0000] {processor.py:914} INFO - Processing file /home/airflow/.local/lib/python3.12/site-packages/airflow/example_dags/example_branch_operator.py for tasks to queue
[2025-07-28T15:46:52.490+0000] {logging_mixin.py:190} INFO - [2025-07-28T15:46:52.490+0000] {dagbag.py:587} INFO - Filling up the DagBag from /home/airflow/.local/lib/python3.12/site-packages/airflow/example_dags/example_branch_operator.py
[2025-07-28T15:46:52.499+0000] {processor.py:925} INFO - DAG(s) 'example_branch_operator' retrieved from /home/airflow/.local/lib/python3.12/site-packages/airflow/example_dags/example_branch_operator.py
[2025-07-28T15:46:52.515+0000] {logging_mixin.py:190} INFO - [2025-07-28T15:46:52.515+0000] {dag.py:3229} INFO - Sync 1 DAGs
[2025-07-28T15:46:52.527+0000] {logging_mixin.py:190} INFO - [2025-07-28T15:46:52.527+0000] {dag.py:4156} INFO - Setting next_dagrun for example_branch_operator to 2025-07-27 00:00:00+00:00, run_after=2025-07-28 00:00:00+00:00
[2025-07-28T15:46:52.534+0000] {processor.py:208} INFO - Processing /home/airflow/.local/lib/python3.12/site-packages/airflow/example_dags/example_branch_operator.py took 0.048 seconds
[2025-07-28T15:47:22.920+0000] {processor.py:186} INFO - Started process (PID=618) to work on /home/airflow/.local/lib/python3.12/site-packages/airflow/example_dags/example_branch_operator.py
[2025-07-28T15:47:22.921+0000] {processor.py:914} INFO - Processing file /home/airflow/.local/lib/python3.12/site-packages/airflow/example_dags/example_branch_operator.py for tasks to queue
[2025-07-28T15:47:22.922+0000] {logging_mixin.py:190} INFO - [2025-07-28T15:47:22.921+0000] {dagbag.py:587} INFO - Filling up the DagBag from /home/airflow/.local/lib/python3.12/site-packages/airflow/example_dags/example_branch_operator.py
[2025-07-28T15:47:22.930+0000] {processor.py:925} INFO - DAG(s) 'example_branch_operator' retrieved from /home/airflow/.local/lib/python3.12/site-packages/airflow/example_dags/example_branch_operator.py
[2025-07-28T15:47:22.942+0000] {logging_mixin.py:190} INFO - [2025-07-28T15:47:22.942+0000] {dag.py:3229} INFO - Sync 1 DAGs
[2025-07-28T15:47:22.953+0000] {logging_mixin.py:190} INFO - [2025-07-28T15:47:22.953+0000] {dag.py:4156} INFO - Setting next_dagrun for example_branch_operator to 2025-07-27 00:00:00+00:00, run_after=2025-07-28 00:00:00+00:00
[2025-07-28T15:47:22.959+0000] {processor.py:208} INFO - Processing /home/airflow/.local/lib/python3.12/site-packages/airflow/example_dags/example_branch_operator.py took 0.042 seconds
[2025-07-28T15:47:53.830+0000] {processor.py:186} INFO - Started process (PID=680) to work on /home/airflow/.local/lib/python3.12/site-packages/airflow/example_dags/example_branch_operator.py
[2025-07-28T15:47:53.830+0000] {processor.py:914} INFO - Processing file /home/airflow/.local/lib/python3.12/site-packages/airflow/example_dags/example_branch_operator.py for tasks to queue
[2025-07-28T15:47:53.831+0000] {logging_mixin.py:190} INFO - [2025-07-28T15:47:53.831+0000] {dagbag.py:587} INFO - Filling up the DagBag from /home/airflow/.local/lib/python3.12/site-packages/airflow/example_dags/example_branch_operator.py
[2025-07-28T15:47:53.840+0000] {processor.py:925} INFO - DAG(s) 'example_branch_operator' retrieved from /home/airflow/.local/lib/python3.12/site-packages/airflow/example_dags/example_branch_operator.py
[2025-07-28T15:47:53.851+0000] {logging_mixin.py:190} INFO - [2025-07-28T15:47:53.851+0000] {dag.py:3229} INFO - Sync 1 DAGs
[2025-07-28T15:47:53.862+0000] {logging_mixin.py:190} INFO - [2025-07-28T15:47:53.862+0000] {dag.py:4156} INFO - Setting next_dagrun for example_branch_operator to 2025-07-27 00:00:00+00:00, run_after=2025-07-28 00:00:00+00:00
[2025-07-28T15:47:53.868+0000] {processor.py:208} INFO - Processing /home/airflow/.local/lib/python3.12/site-packages/airflow/example_dags/example_branch_operator.py took 0.044 seconds
[2025-07-28T15:48:24.102+0000] {processor.py:186} INFO - Started process (PID=742) to work on /home/airflow/.local/lib/python3.12/site-packages/airflow/example_dags/example_branch_operator.py
[2025-07-28T15:48:24.103+0000] {processor.py:914} INFO - Processing file /home/airflow/.local/lib/python3.12/site-packages/airflow/example_dags/example_branch_operator.py for tasks to queue
[2025-07-28T15:48:24.105+0000] {logging_mixin.py:190} INFO - [2025-07-28T15:48:24.104+0000] {dagbag.py:587} INFO - Filling up the DagBag from /home/airflow/.local/lib/python3.12/site-packages/airflow/example_dags/example_branch_operator.py
[2025-07-28T15:48:24.115+0000] {processor.py:925} INFO - DAG(s) 'example_branch_operator' retrieved from /home/airflow/.local/lib/python3.12/site-packages/airflow/example_dags/example_branch_operator.py
[2025-07-28T15:48:24.151+0000] {logging_mixin.py:190} INFO - [2025-07-28T15:48:24.151+0000] {dag.py:3229} INFO - Sync 1 DAGs
[2025-07-28T15:48:24.174+0000] {logging_mixin.py:190} INFO - [2025-07-28T15:48:24.173+0000] {dag.py:4156} INFO - Setting next_dagrun for example_branch_operator to 2025-07-27 00:00:00+00:00, run_after=2025-07-28 00:00:00+00:00
[2025-07-28T15:48:24.192+0000] {processor.py:208} INFO - Processing /home/airflow/.local/lib/python3.12/site-packages/airflow/example_dags/example_branch_operator.py took 0.095 seconds
[2025-07-28T15:48:54.377+0000] {processor.py:186} INFO - Started process (PID=804) to work on /home/airflow/.local/lib/python3.12/site-packages/airflow/example_dags/example_branch_operator.py
[2025-07-28T15:48:54.378+0000] {processor.py:914} INFO - Processing file /home/airflow/.local/lib/python3.12/site-packages/airflow/example_dags/example_branch_operator.py for tasks to queue
[2025-07-28T15:48:54.379+0000] {logging_mixin.py:190} INFO - [2025-07-28T15:48:54.379+0000] {dagbag.py:587} INFO - Filling up the DagBag from /home/airflow/.local/lib/python3.12/site-packages/airflow/example_dags/example_branch_operator.py
[2025-07-28T15:48:54.388+0000] {processor.py:925} INFO - DAG(s) 'example_branch_operator' retrieved from /home/airflow/.local/lib/python3.12/site-packages/airflow/example_dags/example_branch_operator.py
[2025-07-28T15:48:54.400+0000] {logging_mixin.py:190} INFO - [2025-07-28T15:48:54.400+0000] {dag.py:3229} INFO - Sync 1 DAGs
[2025-07-28T15:48:54.412+0000] {logging_mixin.py:190} INFO - [2025-07-28T15:48:54.412+0000] {dag.py:4156} INFO - Setting next_dagrun for example_branch_operator to 2025-07-27 00:00:00+00:00, run_after=2025-07-28 00:00:00+00:00
[2025-07-28T15:48:54.420+0000] {processor.py:208} INFO - Processing /home/airflow/.local/lib/python3.12/site-packages/airflow/example_dags/example_branch_operator.py took 0.045 seconds
[2025-07-28T15:49:24.991+0000] {processor.py:186} INFO - Started process (PID=866) to work on /home/airflow/.local/lib/python3.12/site-packages/airflow/example_dags/example_branch_operator.py
[2025-07-28T15:49:24.991+0000] {processor.py:914} INFO - Processing file /home/airflow/.local/lib/python3.12/site-packages/airflow/example_dags/example_branch_operator.py for tasks to queue
[2025-07-28T15:49:24.993+0000] {logging_mixin.py:190} INFO - [2025-07-28T15:49:24.992+0000] {dagbag.py:587} INFO - Filling up the DagBag from /home/airflow/.local/lib/python3.12/site-packages/airflow/example_dags/example_branch_operator.py
[2025-07-28T15:49:25.002+0000] {processor.py:925} INFO - DAG(s) 'example_branch_operator' retrieved from /home/airflow/.local/lib/python3.12/site-packages/airflow/example_dags/example_branch_operator.py
[2025-07-28T15:49:25.015+0000] {logging_mixin.py:190} INFO - [2025-07-28T15:49:25.015+0000] {dag.py:3229} INFO - Sync 1 DAGs
[2025-07-28T15:49:25.026+0000] {logging_mixin.py:190} INFO - [2025-07-28T15:49:25.026+0000] {dag.py:4156} INFO - Setting next_dagrun for example_branch_operator to 2025-07-27 00:00:00+00:00, run_after=2025-07-28 00:00:00+00:00
[2025-07-28T15:49:25.033+0000] {processor.py:208} INFO - Processing /home/airflow/.local/lib/python3.12/site-packages/airflow/example_dags/example_branch_operator.py took 0.044 seconds
[2025-07-28T15:49:55.509+0000] {processor.py:186} INFO - Started process (PID=928) to work on /home/airflow/.local/lib/python3.12/site-packages/airflow/example_dags/example_branch_operator.py
[2025-07-28T15:49:55.509+0000] {processor.py:914} INFO - Processing file /home/airflow/.local/lib/python3.12/site-packages/airflow/example_dags/example_branch_operator.py for tasks to queue
[2025-07-28T15:49:55.510+0000] {logging_mixin.py:190} INFO - [2025-07-28T15:49:55.510+0000] {dagbag.py:587} INFO - Filling up the DagBag from /home/airflow/.local/lib/python3.12/site-packages/airflow/example_dags/example_branch_operator.py
[2025-07-28T15:49:55.519+0000] {processor.py:925} INFO - DAG(s) 'example_branch_operator' retrieved from /home/airflow/.local/lib/python3.12/site-packages/airflow/example_dags/example_branch_operator.py
[2025-07-28T15:49:55.531+0000] {logging_mixin.py:190} INFO - [2025-07-28T15:49:55.531+0000] {dag.py:3229} INFO - Sync 1 DAGs
[2025-07-28T15:49:55.541+0000] {logging_mixin.py:190} INFO - [2025-07-28T15:49:55.541+0000] {dag.py:4156} INFO - Setting next_dagrun for example_branch_operator to 2025-07-27 00:00:00+00:00, run_after=2025-07-28 00:00:00+00:00
[2025-07-28T15:49:55.550+0000] {processor.py:208} INFO - Processing /home/airflow/.local/lib/python3.12/site-packages/airflow/example_dags/example_branch_operator.py took 0.045 seconds
[2025-07-28T15:50:25.985+0000] {processor.py:186} INFO - Started process (PID=990) to work on /home/airflow/.local/lib/python3.12/site-packages/airflow/example_dags/example_branch_operator.py
[2025-07-28T15:50:25.986+0000] {processor.py:914} INFO - Processing file /home/airflow/.local/lib/python3.12/site-packages/airflow/example_dags/example_branch_operator.py for tasks to queue
[2025-07-28T15:50:25.987+0000] {logging_mixin.py:190} INFO - [2025-07-28T15:50:25.987+0000] {dagbag.py:587} INFO - Filling up the DagBag from /home/airflow/.local/lib/python3.12/site-packages/airflow/example_dags/example_branch_operator.py
[2025-07-28T15:50:25.999+0000] {processor.py:925} INFO - DAG(s) 'example_branch_operator' retrieved from /home/airflow/.local/lib/python3.12/site-packages/airflow/example_dags/example_branch_operator.py
[2025-07-28T15:50:26.012+0000] {logging_mixin.py:190} INFO - [2025-07-28T15:50:26.011+0000] {dag.py:3229} INFO - Sync 1 DAGs
[2025-07-28T15:50:26.025+0000] {logging_mixin.py:190} INFO - [2025-07-28T15:50:26.025+0000] {dag.py:4156} INFO - Setting next_dagrun for example_branch_operator to 2025-07-27 00:00:00+00:00, run_after=2025-07-28 00:00:00+00:00
[2025-07-28T15:50:26.033+0000] {processor.py:208} INFO - Processing /home/airflow/.local/lib/python3.12/site-packages/airflow/example_dags/example_branch_operator.py took 0.051 seconds
[2025-07-28T15:50:57.141+0000] {processor.py:186} INFO - Started process (PID=1052) to work on /home/airflow/.local/lib/python3.12/site-packages/airflow/example_dags/example_branch_operator.py
[2025-07-28T15:50:57.142+0000] {processor.py:914} INFO - Processing file /home/airflow/.local/lib/python3.12/site-packages/airflow/example_dags/example_branch_operator.py for tasks to queue
[2025-07-28T15:50:57.143+0000] {logging_mixin.py:190} INFO - [2025-07-28T15:50:57.143+0000] {dagbag.py:587} INFO - Filling up the DagBag from /home/airflow/.local/lib/python3.12/site-packages/airflow/example_dags/example_branch_operator.py
[2025-07-28T15:50:57.152+0000] {processor.py:925} INFO - DAG(s) 'example_branch_operator' retrieved from /home/airflow/.local/lib/python3.12/site-packages/airflow/example_dags/example_branch_operator.py
[2025-07-28T15:50:57.165+0000] {logging_mixin.py:190} INFO - [2025-07-28T15:50:57.164+0000] {dag.py:3229} INFO - Sync 1 DAGs
[2025-07-28T15:50:57.178+0000] {logging_mixin.py:190} INFO - [2025-07-28T15:50:57.178+0000] {dag.py:4156} INFO - Setting next_dagrun for example_branch_operator to 2025-07-27 00:00:00+00:00, run_after=2025-07-28 00:00:00+00:00
[2025-07-28T15:50:57.186+0000] {processor.py:208} INFO - Processing /home/airflow/.local/lib/python3.12/site-packages/airflow/example_dags/example_branch_operator.py took 0.048 seconds
[2025-07-28T15:51:27.743+0000] {processor.py:186} INFO - Started process (PID=1114) to work on /home/airflow/.local/lib/python3.12/site-packages/airflow/example_dags/example_branch_operator.py
[2025-07-28T15:51:27.744+0000] {processor.py:914} INFO - Processing file /home/airflow/.local/lib/python3.12/site-packages/airflow/example_dags/example_branch_operator.py for tasks to queue
[2025-07-28T15:51:27.746+0000] {logging_mixin.py:190} INFO - [2025-07-28T15:51:27.746+0000] {dagbag.py:587} INFO - Filling up the DagBag from /home/airflow/.local/lib/python3.12/site-packages/airflow/example_dags/example_branch_operator.py
[2025-07-28T15:51:27.755+0000] {processor.py:925} INFO - DAG(s) 'example_branch_operator' retrieved from /home/airflow/.local/lib/python3.12/site-packages/airflow/example_dags/example_branch_operator.py
[2025-07-28T15:51:27.767+0000] {logging_mixin.py:190} INFO - [2025-07-28T15:51:27.767+0000] {dag.py:3229} INFO - Sync 1 DAGs
[2025-07-28T15:51:27.784+0000] {logging_mixin.py:190} INFO - [2025-07-28T15:51:27.784+0000] {dag.py:4156} INFO - Setting next_dagrun for example_branch_operator to 2025-07-27 00:00:00+00:00, run_after=2025-07-28 00:00:00+00:00
[2025-07-28T15:51:27.791+0000] {processor.py:208} INFO - Processing /home/airflow/.local/lib/python3.12/site-packages/airflow/example_dags/example_branch_operator.py took 0.051 seconds
[2025-07-28T15:51:58.178+0000] {processor.py:186} INFO - Started process (PID=1176) to work on /home/airflow/.local/lib/python3.12/site-packages/airflow/example_dags/example_branch_operator.py
[2025-07-28T15:51:58.179+0000] {processor.py:914} INFO - Processing file /home/airflow/.local/lib/python3.12/site-packages/airflow/example_dags/example_branch_operator.py for tasks to queue
[2025-07-28T15:51:58.180+0000] {logging_mixin.py:190} INFO - [2025-07-28T15:51:58.180+0000] {dagbag.py:587} INFO - Filling up the DagBag from /home/airflow/.local/lib/python3.12/site-packages/airflow/example_dags/example_branch_operator.py
[2025-07-28T15:51:58.191+0000] {processor.py:925} INFO - DAG(s) 'example_branch_operator' retrieved from /home/airflow/.local/lib/python3.12/site-packages/airflow/example_dags/example_branch_operator.py
[2025-07-28T15:51:58.205+0000] {logging_mixin.py:190} INFO - [2025-07-28T15:51:58.205+0000] {dag.py:3229} INFO - Sync 1 DAGs
[2025-07-28T15:51:58.220+0000] {logging_mixin.py:190} INFO - [2025-07-28T15:51:58.220+0000] {dag.py:4156} INFO - Setting next_dagrun for example_branch_operator to 2025-07-27 00:00:00+00:00, run_after=2025-07-28 00:00:00+00:00
[2025-07-28T15:51:58.229+0000] {processor.py:208} INFO - Processing /home/airflow/.local/lib/python3.12/site-packages/airflow/example_dags/example_branch_operator.py took 0.055 seconds
[2025-07-28T15:52:28.628+0000] {processor.py:186} INFO - Started process (PID=1238) to work on /home/airflow/.local/lib/python3.12/site-packages/airflow/example_dags/example_branch_operator.py
[2025-07-28T15:52:28.630+0000] {processor.py:914} INFO - Processing file /home/airflow/.local/lib/python3.12/site-packages/airflow/example_dags/example_branch_operator.py for tasks to queue
[2025-07-28T15:52:28.633+0000] {logging_mixin.py:190} INFO - [2025-07-28T15:52:28.632+0000] {dagbag.py:587} INFO - Filling up the DagBag from /home/airflow/.local/lib/python3.12/site-packages/airflow/example_dags/example_branch_operator.py
[2025-07-28T15:52:28.658+0000] {processor.py:925} INFO - DAG(s) 'example_branch_operator' retrieved from /home/airflow/.local/lib/python3.12/site-packages/airflow/example_dags/example_branch_operator.py
[2025-07-28T15:52:28.689+0000] {logging_mixin.py:190} INFO - [2025-07-28T15:52:28.689+0000] {dag.py:3229} INFO - Sync 1 DAGs
[2025-07-28T15:52:28.717+0000] {logging_mixin.py:190} INFO - [2025-07-28T15:52:28.716+0000] {dag.py:4156} INFO - Setting next_dagrun for example_branch_operator to 2025-07-27 00:00:00+00:00, run_after=2025-07-28 00:00:00+00:00
[2025-07-28T15:52:28.728+0000] {processor.py:208} INFO - Processing /home/airflow/.local/lib/python3.12/site-packages/airflow/example_dags/example_branch_operator.py took 0.106 seconds
[2025-07-28T15:52:59.379+0000] {processor.py:186} INFO - Started process (PID=1300) to work on /home/airflow/.local/lib/python3.12/site-packages/airflow/example_dags/example_branch_operator.py
[2025-07-28T15:52:59.380+0000] {processor.py:914} INFO - Processing file /home/airflow/.local/lib/python3.12/site-packages/airflow/example_dags/example_branch_operator.py for tasks to queue
[2025-07-28T15:52:59.381+0000] {logging_mixin.py:190} INFO - [2025-07-28T15:52:59.381+0000] {dagbag.py:587} INFO - Filling up the DagBag from /home/airflow/.local/lib/python3.12/site-packages/airflow/example_dags/example_branch_operator.py
[2025-07-28T15:52:59.395+0000] {processor.py:925} INFO - DAG(s) 'example_branch_operator' retrieved from /home/airflow/.local/lib/python3.12/site-packages/airflow/example_dags/example_branch_operator.py
[2025-07-28T15:52:59.410+0000] {logging_mixin.py:190} INFO - [2025-07-28T15:52:59.410+0000] {dag.py:3229} INFO - Sync 1 DAGs
[2025-07-28T15:52:59.436+0000] {logging_mixin.py:190} INFO - [2025-07-28T15:52:59.435+0000] {dag.py:4156} INFO - Setting next_dagrun for example_branch_operator to 2025-07-27 00:00:00+00:00, run_after=2025-07-28 00:00:00+00:00
[2025-07-28T15:52:59.443+0000] {processor.py:208} INFO - Processing /home/airflow/.local/lib/python3.12/site-packages/airflow/example_dags/example_branch_operator.py took 0.069 seconds
[2025-07-28T15:53:30.199+0000] {processor.py:186} INFO - Started process (PID=1363) to work on /home/airflow/.local/lib/python3.12/site-packages/airflow/example_dags/example_branch_operator.py
[2025-07-28T15:53:30.200+0000] {processor.py:914} INFO - Processing file /home/airflow/.local/lib/python3.12/site-packages/airflow/example_dags/example_branch_operator.py for tasks to queue
[2025-07-28T15:53:30.202+0000] {logging_mixin.py:190} INFO - [2025-07-28T15:53:30.202+0000] {dagbag.py:587} INFO - Filling up the DagBag from /home/airflow/.local/lib/python3.12/site-packages/airflow/example_dags/example_branch_operator.py
[2025-07-28T15:53:30.231+0000] {processor.py:925} INFO - DAG(s) 'example_branch_operator' retrieved from /home/airflow/.local/lib/python3.12/site-packages/airflow/example_dags/example_branch_operator.py
[2025-07-28T15:53:30.256+0000] {logging_mixin.py:190} INFO - [2025-07-28T15:53:30.256+0000] {dag.py:3229} INFO - Sync 1 DAGs
[2025-07-28T15:53:30.276+0000] {logging_mixin.py:190} INFO - [2025-07-28T15:53:30.275+0000] {dag.py:4156} INFO - Setting next_dagrun for example_branch_operator to 2025-07-27 00:00:00+00:00, run_after=2025-07-28 00:00:00+00:00
[2025-07-28T15:53:30.285+0000] {processor.py:208} INFO - Processing /home/airflow/.local/lib/python3.12/site-packages/airflow/example_dags/example_branch_operator.py took 0.091 seconds
[2025-07-28T15:54:01.163+0000] {processor.py:186} INFO - Started process (PID=1426) to work on /home/airflow/.local/lib/python3.12/site-packages/airflow/example_dags/example_branch_operator.py
[2025-07-28T15:54:01.164+0000] {processor.py:914} INFO - Processing file /home/airflow/.local/lib/python3.12/site-packages/airflow/example_dags/example_branch_operator.py for tasks to queue
[2025-07-28T15:54:01.165+0000] {logging_mixin.py:190} INFO - [2025-07-28T15:54:01.165+0000] {dagbag.py:587} INFO - Filling up the DagBag from /home/airflow/.local/lib/python3.12/site-packages/airflow/example_dags/example_branch_operator.py
[2025-07-28T15:54:01.177+0000] {processor.py:925} INFO - DAG(s) 'example_branch_operator' retrieved from /home/airflow/.local/lib/python3.12/site-packages/airflow/example_dags/example_branch_operator.py
[2025-07-28T15:54:01.193+0000] {logging_mixin.py:190} INFO - [2025-07-28T15:54:01.193+0000] {dag.py:3229} INFO - Sync 1 DAGs
[2025-07-28T15:54:01.207+0000] {logging_mixin.py:190} INFO - [2025-07-28T15:54:01.207+0000] {dag.py:4156} INFO - Setting next_dagrun for example_branch_operator to 2025-07-27 00:00:00+00:00, run_after=2025-07-28 00:00:00+00:00
[2025-07-28T15:54:01.215+0000] {processor.py:208} INFO - Processing /home/airflow/.local/lib/python3.12/site-packages/airflow/example_dags/example_branch_operator.py took 0.058 seconds
[2025-07-28T15:54:32.085+0000] {processor.py:186} INFO - Started process (PID=1489) to work on /home/airflow/.local/lib/python3.12/site-packages/airflow/example_dags/example_branch_operator.py
[2025-07-28T15:54:32.085+0000] {processor.py:914} INFO - Processing file /home/airflow/.local/lib/python3.12/site-packages/airflow/example_dags/example_branch_operator.py for tasks to queue
[2025-07-28T15:54:32.087+0000] {logging_mixin.py:190} INFO - [2025-07-28T15:54:32.087+0000] {dagbag.py:587} INFO - Filling up the DagBag from /home/airflow/.local/lib/python3.12/site-packages/airflow/example_dags/example_branch_operator.py
[2025-07-28T15:54:32.109+0000] {processor.py:925} INFO - DAG(s) 'example_branch_operator' retrieved from /home/airflow/.local/lib/python3.12/site-packages/airflow/example_dags/example_branch_operator.py
[2025-07-28T15:54:32.125+0000] {logging_mixin.py:190} INFO - [2025-07-28T15:54:32.124+0000] {dag.py:3229} INFO - Sync 1 DAGs
[2025-07-28T15:54:32.138+0000] {logging_mixin.py:190} INFO - [2025-07-28T15:54:32.138+0000] {dag.py:4156} INFO - Setting next_dagrun for example_branch_operator to 2025-07-27 00:00:00+00:00, run_after=2025-07-28 00:00:00+00:00
[2025-07-28T15:54:32.146+0000] {processor.py:208} INFO - Processing /home/airflow/.local/lib/python3.12/site-packages/airflow/example_dags/example_branch_operator.py took 0.064 seconds
[2025-07-28T15:55:02.886+0000] {processor.py:186} INFO - Started process (PID=1552) to work on /home/airflow/.local/lib/python3.12/site-packages/airflow/example_dags/example_branch_operator.py
[2025-07-28T15:55:02.887+0000] {processor.py:914} INFO - Processing file /home/airflow/.local/lib/python3.12/site-packages/airflow/example_dags/example_branch_operator.py for tasks to queue
[2025-07-28T15:55:02.888+0000] {logging_mixin.py:190} INFO - [2025-07-28T15:55:02.888+0000] {dagbag.py:587} INFO - Filling up the DagBag from /home/airflow/.local/lib/python3.12/site-packages/airflow/example_dags/example_branch_operator.py
[2025-07-28T15:55:02.901+0000] {processor.py:925} INFO - DAG(s) 'example_branch_operator' retrieved from /home/airflow/.local/lib/python3.12/site-packages/airflow/example_dags/example_branch_operator.py
[2025-07-28T15:55:02.913+0000] {logging_mixin.py:190} INFO - [2025-07-28T15:55:02.913+0000] {dag.py:3229} INFO - Sync 1 DAGs
[2025-07-28T15:55:02.925+0000] {logging_mixin.py:190} INFO - [2025-07-28T15:55:02.925+0000] {dag.py:4156} INFO - Setting next_dagrun for example_branch_operator to 2025-07-27 00:00:00+00:00, run_after=2025-07-28 00:00:00+00:00
[2025-07-28T15:55:02.932+0000] {processor.py:208} INFO - Processing /home/airflow/.local/lib/python3.12/site-packages/airflow/example_dags/example_branch_operator.py took 0.049 seconds
[2025-07-28T15:55:33.762+0000] {processor.py:186} INFO - Started process (PID=1615) to work on /home/airflow/.local/lib/python3.12/site-packages/airflow/example_dags/example_branch_operator.py
[2025-07-28T15:55:33.763+0000] {processor.py:914} INFO - Processing file /home/airflow/.local/lib/python3.12/site-packages/airflow/example_dags/example_branch_operator.py for tasks to queue
[2025-07-28T15:55:33.764+0000] {logging_mixin.py:190} INFO - [2025-07-28T15:55:33.764+0000] {dagbag.py:587} INFO - Filling up the DagBag from /home/airflow/.local/lib/python3.12/site-packages/airflow/example_dags/example_branch_operator.py
[2025-07-28T15:55:33.776+0000] {processor.py:925} INFO - DAG(s) 'example_branch_operator' retrieved from /home/airflow/.local/lib/python3.12/site-packages/airflow/example_dags/example_branch_operator.py
[2025-07-28T15:55:33.789+0000] {logging_mixin.py:190} INFO - [2025-07-28T15:55:33.789+0000] {dag.py:3229} INFO - Sync 1 DAGs
[2025-07-28T15:55:33.800+0000] {logging_mixin.py:190} INFO - [2025-07-28T15:55:33.800+0000] {dag.py:4156} INFO - Setting next_dagrun for example_branch_operator to 2025-07-27 00:00:00+00:00, run_after=2025-07-28 00:00:00+00:00
[2025-07-28T15:55:33.807+0000] {processor.py:208} INFO - Processing /home/airflow/.local/lib/python3.12/site-packages/airflow/example_dags/example_branch_operator.py took 0.050 seconds
[2025-07-28T15:56:05.113+0000] {processor.py:186} INFO - Started process (PID=1678) to work on /home/airflow/.local/lib/python3.12/site-packages/airflow/example_dags/example_branch_operator.py
[2025-07-28T15:56:05.115+0000] {processor.py:914} INFO - Processing file /home/airflow/.local/lib/python3.12/site-packages/airflow/example_dags/example_branch_operator.py for tasks to queue
[2025-07-28T15:56:05.118+0000] {logging_mixin.py:190} INFO - [2025-07-28T15:56:05.117+0000] {dagbag.py:587} INFO - Filling up the DagBag from /home/airflow/.local/lib/python3.12/site-packages/airflow/example_dags/example_branch_operator.py
[2025-07-28T15:56:05.136+0000] {processor.py:925} INFO - DAG(s) 'example_branch_operator' retrieved from /home/airflow/.local/lib/python3.12/site-packages/airflow/example_dags/example_branch_operator.py
[2025-07-28T15:56:05.166+0000] {logging_mixin.py:190} INFO - [2025-07-28T15:56:05.166+0000] {dag.py:3229} INFO - Sync 1 DAGs
[2025-07-28T15:56:05.193+0000] {logging_mixin.py:190} INFO - [2025-07-28T15:56:05.192+0000] {dag.py:4156} INFO - Setting next_dagrun for example_branch_operator to 2025-07-27 00:00:00+00:00, run_after=2025-07-28 00:00:00+00:00
[2025-07-28T15:56:05.209+0000] {processor.py:208} INFO - Processing /home/airflow/.local/lib/python3.12/site-packages/airflow/example_dags/example_branch_operator.py took 0.105 seconds
[2025-07-28T15:56:35.936+0000] {processor.py:186} INFO - Started process (PID=1741) to work on /home/airflow/.local/lib/python3.12/site-packages/airflow/example_dags/example_branch_operator.py
[2025-07-28T15:56:35.937+0000] {processor.py:914} INFO - Processing file /home/airflow/.local/lib/python3.12/site-packages/airflow/example_dags/example_branch_operator.py for tasks to queue
[2025-07-28T15:56:35.940+0000] {logging_mixin.py:190} INFO - [2025-07-28T15:56:35.939+0000] {dagbag.py:587} INFO - Filling up the DagBag from /home/airflow/.local/lib/python3.12/site-packages/airflow/example_dags/example_branch_operator.py
[2025-07-28T15:56:35.962+0000] {processor.py:925} INFO - DAG(s) 'example_branch_operator' retrieved from /home/airflow/.local/lib/python3.12/site-packages/airflow/example_dags/example_branch_operator.py
[2025-07-28T15:56:35.988+0000] {logging_mixin.py:190} INFO - [2025-07-28T15:56:35.988+0000] {dag.py:3229} INFO - Sync 1 DAGs
[2025-07-28T15:56:36.009+0000] {logging_mixin.py:190} INFO - [2025-07-28T15:56:36.008+0000] {dag.py:4156} INFO - Setting next_dagrun for example_branch_operator to 2025-07-27 00:00:00+00:00, run_after=2025-07-28 00:00:00+00:00
[2025-07-28T15:56:36.023+0000] {processor.py:208} INFO - Processing /home/airflow/.local/lib/python3.12/site-packages/airflow/example_dags/example_branch_operator.py took 0.097 seconds
[2025-07-28T15:57:06.283+0000] {processor.py:186} INFO - Started process (PID=1804) to work on /home/airflow/.local/lib/python3.12/site-packages/airflow/example_dags/example_branch_operator.py
[2025-07-28T15:57:06.284+0000] {processor.py:914} INFO - Processing file /home/airflow/.local/lib/python3.12/site-packages/airflow/example_dags/example_branch_operator.py for tasks to queue
[2025-07-28T15:57:06.285+0000] {logging_mixin.py:190} INFO - [2025-07-28T15:57:06.285+0000] {dagbag.py:587} INFO - Filling up the DagBag from /home/airflow/.local/lib/python3.12/site-packages/airflow/example_dags/example_branch_operator.py
[2025-07-28T15:57:06.298+0000] {processor.py:925} INFO - DAG(s) 'example_branch_operator' retrieved from /home/airflow/.local/lib/python3.12/site-packages/airflow/example_dags/example_branch_operator.py
[2025-07-28T15:57:06.322+0000] {logging_mixin.py:190} INFO - [2025-07-28T15:57:06.322+0000] {dag.py:3229} INFO - Sync 1 DAGs
[2025-07-28T15:57:06.344+0000] {logging_mixin.py:190} INFO - [2025-07-28T15:57:06.344+0000] {dag.py:4156} INFO - Setting next_dagrun for example_branch_operator to 2025-07-27 00:00:00+00:00, run_after=2025-07-28 00:00:00+00:00
[2025-07-28T15:57:06.354+0000] {processor.py:208} INFO - Processing /home/airflow/.local/lib/python3.12/site-packages/airflow/example_dags/example_branch_operator.py took 0.078 seconds
[2025-07-28T15:57:37.240+0000] {processor.py:186} INFO - Started process (PID=1866) to work on /home/airflow/.local/lib/python3.12/site-packages/airflow/example_dags/example_branch_operator.py
[2025-07-28T15:57:37.240+0000] {processor.py:914} INFO - Processing file /home/airflow/.local/lib/python3.12/site-packages/airflow/example_dags/example_branch_operator.py for tasks to queue
[2025-07-28T15:57:37.242+0000] {logging_mixin.py:190} INFO - [2025-07-28T15:57:37.242+0000] {dagbag.py:587} INFO - Filling up the DagBag from /home/airflow/.local/lib/python3.12/site-packages/airflow/example_dags/example_branch_operator.py
[2025-07-28T15:57:37.252+0000] {processor.py:925} INFO - DAG(s) 'example_branch_operator' retrieved from /home/airflow/.local/lib/python3.12/site-packages/airflow/example_dags/example_branch_operator.py
[2025-07-28T15:57:37.270+0000] {logging_mixin.py:190} INFO - [2025-07-28T15:57:37.269+0000] {dag.py:3229} INFO - Sync 1 DAGs
[2025-07-28T15:57:37.283+0000] {logging_mixin.py:190} INFO - [2025-07-28T15:57:37.283+0000] {dag.py:4156} INFO - Setting next_dagrun for example_branch_operator to 2025-07-27 00:00:00+00:00, run_after=2025-07-28 00:00:00+00:00
[2025-07-28T15:57:37.291+0000] {processor.py:208} INFO - Processing /home/airflow/.local/lib/python3.12/site-packages/airflow/example_dags/example_branch_operator.py took 0.055 seconds
[2025-07-28T15:58:08.287+0000] {processor.py:186} INFO - Started process (PID=1929) to work on /home/airflow/.local/lib/python3.12/site-packages/airflow/example_dags/example_branch_operator.py
[2025-07-28T15:58:08.288+0000] {processor.py:914} INFO - Processing file /home/airflow/.local/lib/python3.12/site-packages/airflow/example_dags/example_branch_operator.py for tasks to queue
[2025-07-28T15:58:08.290+0000] {logging_mixin.py:190} INFO - [2025-07-28T15:58:08.290+0000] {dagbag.py:587} INFO - Filling up the DagBag from /home/airflow/.local/lib/python3.12/site-packages/airflow/example_dags/example_branch_operator.py
[2025-07-28T15:58:08.305+0000] {processor.py:925} INFO - DAG(s) 'example_branch_operator' retrieved from /home/airflow/.local/lib/python3.12/site-packages/airflow/example_dags/example_branch_operator.py
[2025-07-28T15:58:08.321+0000] {logging_mixin.py:190} INFO - [2025-07-28T15:58:08.321+0000] {dag.py:3229} INFO - Sync 1 DAGs
[2025-07-28T15:58:08.335+0000] {logging_mixin.py:190} INFO - [2025-07-28T15:58:08.335+0000] {dag.py:4156} INFO - Setting next_dagrun for example_branch_operator to 2025-07-27 00:00:00+00:00, run_after=2025-07-28 00:00:00+00:00
[2025-07-28T15:58:08.350+0000] {processor.py:208} INFO - Processing /home/airflow/.local/lib/python3.12/site-packages/airflow/example_dags/example_branch_operator.py took 0.069 seconds
[2025-07-28T15:58:38.915+0000] {processor.py:186} INFO - Started process (PID=1992) to work on /home/airflow/.local/lib/python3.12/site-packages/airflow/example_dags/example_branch_operator.py
[2025-07-28T15:58:38.916+0000] {processor.py:914} INFO - Processing file /home/airflow/.local/lib/python3.12/site-packages/airflow/example_dags/example_branch_operator.py for tasks to queue
[2025-07-28T15:58:38.919+0000] {logging_mixin.py:190} INFO - [2025-07-28T15:58:38.918+0000] {dagbag.py:587} INFO - Filling up the DagBag from /home/airflow/.local/lib/python3.12/site-packages/airflow/example_dags/example_branch_operator.py
[2025-07-28T15:58:38.939+0000] {processor.py:925} INFO - DAG(s) 'example_branch_operator' retrieved from /home/airflow/.local/lib/python3.12/site-packages/airflow/example_dags/example_branch_operator.py
[2025-07-28T15:58:38.965+0000] {logging_mixin.py:190} INFO - [2025-07-28T15:58:38.965+0000] {dag.py:3229} INFO - Sync 1 DAGs
[2025-07-28T15:58:38.990+0000] {logging_mixin.py:190} INFO - [2025-07-28T15:58:38.989+0000] {dag.py:4156} INFO - Setting next_dagrun for example_branch_operator to 2025-07-27 00:00:00+00:00, run_after=2025-07-28 00:00:00+00:00
[2025-07-28T15:58:39.005+0000] {processor.py:208} INFO - Processing /home/airflow/.local/lib/python3.12/site-packages/airflow/example_dags/example_branch_operator.py took 0.098 seconds
[2025-07-28T15:59:09.827+0000] {processor.py:186} INFO - Started process (PID=2054) to work on /home/airflow/.local/lib/python3.12/site-packages/airflow/example_dags/example_branch_operator.py
[2025-07-28T15:59:09.828+0000] {processor.py:914} INFO - Processing file /home/airflow/.local/lib/python3.12/site-packages/airflow/example_dags/example_branch_operator.py for tasks to queue
[2025-07-28T15:59:09.830+0000] {logging_mixin.py:190} INFO - [2025-07-28T15:59:09.829+0000] {dagbag.py:587} INFO - Filling up the DagBag from /home/airflow/.local/lib/python3.12/site-packages/airflow/example_dags/example_branch_operator.py
[2025-07-28T15:59:09.842+0000] {processor.py:925} INFO - DAG(s) 'example_branch_operator' retrieved from /home/airflow/.local/lib/python3.12/site-packages/airflow/example_dags/example_branch_operator.py
[2025-07-28T15:59:09.870+0000] {logging_mixin.py:190} INFO - [2025-07-28T15:59:09.870+0000] {dag.py:3229} INFO - Sync 1 DAGs
[2025-07-28T15:59:09.887+0000] {logging_mixin.py:190} INFO - [2025-07-28T15:59:09.887+0000] {dag.py:4156} INFO - Setting next_dagrun for example_branch_operator to 2025-07-27 00:00:00+00:00, run_after=2025-07-28 00:00:00+00:00
[2025-07-28T15:59:09.895+0000] {processor.py:208} INFO - Processing /home/airflow/.local/lib/python3.12/site-packages/airflow/example_dags/example_branch_operator.py took 0.073 seconds
[2025-07-28T15:59:40.925+0000] {processor.py:186} INFO - Started process (PID=2117) to work on /home/airflow/.local/lib/python3.12/site-packages/airflow/example_dags/example_branch_operator.py
[2025-07-28T15:59:40.927+0000] {processor.py:914} INFO - Processing file /home/airflow/.local/lib/python3.12/site-packages/airflow/example_dags/example_branch_operator.py for tasks to queue
[2025-07-28T15:59:40.933+0000] {logging_mixin.py:190} INFO - [2025-07-28T15:59:40.932+0000] {dagbag.py:587} INFO - Filling up the DagBag from /home/airflow/.local/lib/python3.12/site-packages/airflow/example_dags/example_branch_operator.py
[2025-07-28T15:59:40.972+0000] {processor.py:925} INFO - DAG(s) 'example_branch_operator' retrieved from /home/airflow/.local/lib/python3.12/site-packages/airflow/example_dags/example_branch_operator.py
[2025-07-28T15:59:41.018+0000] {logging_mixin.py:190} INFO - [2025-07-28T15:59:41.018+0000] {dag.py:3229} INFO - Sync 1 DAGs
[2025-07-28T15:59:41.090+0000] {logging_mixin.py:190} INFO - [2025-07-28T15:59:41.090+0000] {dag.py:4156} INFO - Setting next_dagrun for example_branch_operator to 2025-07-27 00:00:00+00:00, run_after=2025-07-28 00:00:00+00:00
[2025-07-28T15:59:41.128+0000] {processor.py:208} INFO - Processing /home/airflow/.local/lib/python3.12/site-packages/airflow/example_dags/example_branch_operator.py took 0.220 seconds
[2025-07-28T16:00:11.184+0000] {processor.py:186} INFO - Started process (PID=2180) to work on /home/airflow/.local/lib/python3.12/site-packages/airflow/example_dags/example_branch_operator.py
[2025-07-28T16:00:11.185+0000] {processor.py:914} INFO - Processing file /home/airflow/.local/lib/python3.12/site-packages/airflow/example_dags/example_branch_operator.py for tasks to queue
[2025-07-28T16:00:11.186+0000] {logging_mixin.py:190} INFO - [2025-07-28T16:00:11.186+0000] {dagbag.py:587} INFO - Filling up the DagBag from /home/airflow/.local/lib/python3.12/site-packages/airflow/example_dags/example_branch_operator.py
[2025-07-28T16:00:11.195+0000] {processor.py:925} INFO - DAG(s) 'example_branch_operator' retrieved from /home/airflow/.local/lib/python3.12/site-packages/airflow/example_dags/example_branch_operator.py
[2025-07-28T16:00:11.213+0000] {logging_mixin.py:190} INFO - [2025-07-28T16:00:11.212+0000] {dag.py:3229} INFO - Sync 1 DAGs
[2025-07-28T16:00:11.225+0000] {logging_mixin.py:190} INFO - [2025-07-28T16:00:11.225+0000] {dag.py:4156} INFO - Setting next_dagrun for example_branch_operator to 2025-07-27 00:00:00+00:00, run_after=2025-07-28 00:00:00+00:00
[2025-07-28T16:00:11.235+0000] {processor.py:208} INFO - Processing /home/airflow/.local/lib/python3.12/site-packages/airflow/example_dags/example_branch_operator.py took 0.054 seconds
[2025-07-28T16:00:41.900+0000] {processor.py:186} INFO - Started process (PID=2238) to work on /home/airflow/.local/lib/python3.12/site-packages/airflow/example_dags/example_branch_operator.py
[2025-07-28T16:00:41.900+0000] {processor.py:914} INFO - Processing file /home/airflow/.local/lib/python3.12/site-packages/airflow/example_dags/example_branch_operator.py for tasks to queue
[2025-07-28T16:00:41.901+0000] {logging_mixin.py:190} INFO - [2025-07-28T16:00:41.901+0000] {dagbag.py:587} INFO - Filling up the DagBag from /home/airflow/.local/lib/python3.12/site-packages/airflow/example_dags/example_branch_operator.py
[2025-07-28T16:00:41.919+0000] {processor.py:925} INFO - DAG(s) 'example_branch_operator' retrieved from /home/airflow/.local/lib/python3.12/site-packages/airflow/example_dags/example_branch_operator.py
[2025-07-28T16:00:41.936+0000] {logging_mixin.py:190} INFO - [2025-07-28T16:00:41.936+0000] {dag.py:3229} INFO - Sync 1 DAGs
[2025-07-28T16:00:41.950+0000] {logging_mixin.py:190} INFO - [2025-07-28T16:00:41.950+0000] {dag.py:4156} INFO - Setting next_dagrun for example_branch_operator to 2025-07-27 00:00:00+00:00, run_after=2025-07-28 00:00:00+00:00
[2025-07-28T16:00:41.964+0000] {processor.py:208} INFO - Processing /home/airflow/.local/lib/python3.12/site-packages/airflow/example_dags/example_branch_operator.py took 0.068 seconds
