[2025-07-28T15:42:54.628+0000] {processor.py:186} INFO - Started process (PID=105) to work on /home/airflow/.local/lib/python3.12/site-packages/airflow/example_dags/tutorial_taskflow_api.py
[2025-07-28T15:42:54.629+0000] {processor.py:914} INFO - Processing file /home/airflow/.local/lib/python3.12/site-packages/airflow/example_dags/tutorial_taskflow_api.py for tasks to queue
[2025-07-28T15:42:54.630+0000] {logging_mixin.py:190} INFO - [2025-07-28T15:42:54.630+0000] {dagbag.py:587} INFO - Filling up the DagBag from /home/airflow/.local/lib/python3.12/site-packages/airflow/example_dags/tutorial_taskflow_api.py
[2025-07-28T15:42:54.635+0000] {processor.py:925} INFO - DAG(s) 'tutorial_taskflow_api' retrieved from /home/airflow/.local/lib/python3.12/site-packages/airflow/example_dags/tutorial_taskflow_api.py
[2025-07-28T15:42:54.691+0000] {logging_mixin.py:190} INFO - [2025-07-28T15:42:54.690+0000] {override.py:1900} INFO - Created Permission View: can edit on DAG:tutorial_taskflow_api
[2025-07-28T15:42:54.695+0000] {logging_mixin.py:190} INFO - [2025-07-28T15:42:54.695+0000] {override.py:1900} INFO - Created Permission View: can read on DAG:tutorial_taskflow_api
[2025-07-28T15:42:54.697+0000] {logging_mixin.py:190} INFO - [2025-07-28T15:42:54.697+0000] {override.py:1900} INFO - Created Permission View: can delete on DAG:tutorial_taskflow_api
[2025-07-28T15:42:54.699+0000] {logging_mixin.py:190} INFO - [2025-07-28T15:42:54.699+0000] {override.py:1900} INFO - Created Permission View: can read on DAG Run:tutorial_taskflow_api
[2025-07-28T15:42:54.701+0000] {logging_mixin.py:190} INFO - [2025-07-28T15:42:54.701+0000] {override.py:1900} INFO - Created Permission View: can delete on DAG Run:tutorial_taskflow_api
[2025-07-28T15:42:54.703+0000] {logging_mixin.py:190} INFO - [2025-07-28T15:42:54.703+0000] {override.py:1900} INFO - Created Permission View: can create on DAG Run:tutorial_taskflow_api
[2025-07-28T15:42:54.706+0000] {logging_mixin.py:190} INFO - [2025-07-28T15:42:54.706+0000] {override.py:1900} INFO - Created Permission View: menu access on DAG Run:tutorial_taskflow_api
[2025-07-28T15:42:54.706+0000] {logging_mixin.py:190} INFO - [2025-07-28T15:42:54.706+0000] {dag.py:3229} INFO - Sync 1 DAGs
[2025-07-28T15:42:54.712+0000] {logging_mixin.py:190} INFO - [2025-07-28T15:42:54.712+0000] {dag.py:3252} INFO - Creating ORM DAG for tutorial_taskflow_api
[2025-07-28T15:42:54.712+0000] {logging_mixin.py:190} INFO - [2025-07-28T15:42:54.712+0000] {dag.py:4156} INFO - Setting next_dagrun for tutorial_taskflow_api to None, run_after=None
[2025-07-28T15:42:54.718+0000] {processor.py:208} INFO - Processing /home/airflow/.local/lib/python3.12/site-packages/airflow/example_dags/tutorial_taskflow_api.py took 0.093 seconds
[2025-07-28T15:43:25.642+0000] {processor.py:186} INFO - Started process (PID=167) to work on /home/airflow/.local/lib/python3.12/site-packages/airflow/example_dags/tutorial_taskflow_api.py
[2025-07-28T15:43:25.643+0000] {processor.py:914} INFO - Processing file /home/airflow/.local/lib/python3.12/site-packages/airflow/example_dags/tutorial_taskflow_api.py for tasks to queue
[2025-07-28T15:43:25.644+0000] {logging_mixin.py:190} INFO - [2025-07-28T15:43:25.644+0000] {dagbag.py:587} INFO - Filling up the DagBag from /home/airflow/.local/lib/python3.12/site-packages/airflow/example_dags/tutorial_taskflow_api.py
[2025-07-28T15:43:25.649+0000] {processor.py:925} INFO - DAG(s) 'tutorial_taskflow_api' retrieved from /home/airflow/.local/lib/python3.12/site-packages/airflow/example_dags/tutorial_taskflow_api.py
[2025-07-28T15:43:25.668+0000] {logging_mixin.py:190} INFO - [2025-07-28T15:43:25.668+0000] {dag.py:3229} INFO - Sync 1 DAGs
[2025-07-28T15:43:25.683+0000] {logging_mixin.py:190} INFO - [2025-07-28T15:43:25.683+0000] {dag.py:4156} INFO - Setting next_dagrun for tutorial_taskflow_api to None, run_after=None
[2025-07-28T15:43:25.697+0000] {processor.py:208} INFO - Processing /home/airflow/.local/lib/python3.12/site-packages/airflow/example_dags/tutorial_taskflow_api.py took 0.059 seconds
[2025-07-28T15:43:56.621+0000] {processor.py:186} INFO - Started process (PID=229) to work on /home/airflow/.local/lib/python3.12/site-packages/airflow/example_dags/tutorial_taskflow_api.py
[2025-07-28T15:43:56.622+0000] {processor.py:914} INFO - Processing file /home/airflow/.local/lib/python3.12/site-packages/airflow/example_dags/tutorial_taskflow_api.py for tasks to queue
[2025-07-28T15:43:56.624+0000] {logging_mixin.py:190} INFO - [2025-07-28T15:43:56.623+0000] {dagbag.py:587} INFO - Filling up the DagBag from /home/airflow/.local/lib/python3.12/site-packages/airflow/example_dags/tutorial_taskflow_api.py
[2025-07-28T15:43:56.628+0000] {processor.py:925} INFO - DAG(s) 'tutorial_taskflow_api' retrieved from /home/airflow/.local/lib/python3.12/site-packages/airflow/example_dags/tutorial_taskflow_api.py
[2025-07-28T15:43:56.642+0000] {logging_mixin.py:190} INFO - [2025-07-28T15:43:56.642+0000] {dag.py:3229} INFO - Sync 1 DAGs
[2025-07-28T15:43:56.653+0000] {logging_mixin.py:190} INFO - [2025-07-28T15:43:56.653+0000] {dag.py:4156} INFO - Setting next_dagrun for tutorial_taskflow_api to None, run_after=None
[2025-07-28T15:43:56.662+0000] {processor.py:208} INFO - Processing /home/airflow/.local/lib/python3.12/site-packages/airflow/example_dags/tutorial_taskflow_api.py took 0.045 seconds
[2025-07-28T15:44:26.934+0000] {processor.py:186} INFO - Started process (PID=291) to work on /home/airflow/.local/lib/python3.12/site-packages/airflow/example_dags/tutorial_taskflow_api.py
[2025-07-28T15:44:26.934+0000] {processor.py:914} INFO - Processing file /home/airflow/.local/lib/python3.12/site-packages/airflow/example_dags/tutorial_taskflow_api.py for tasks to queue
[2025-07-28T15:44:26.936+0000] {logging_mixin.py:190} INFO - [2025-07-28T15:44:26.936+0000] {dagbag.py:587} INFO - Filling up the DagBag from /home/airflow/.local/lib/python3.12/site-packages/airflow/example_dags/tutorial_taskflow_api.py
[2025-07-28T15:44:26.942+0000] {processor.py:925} INFO - DAG(s) 'tutorial_taskflow_api' retrieved from /home/airflow/.local/lib/python3.12/site-packages/airflow/example_dags/tutorial_taskflow_api.py
[2025-07-28T15:44:26.953+0000] {logging_mixin.py:190} INFO - [2025-07-28T15:44:26.953+0000] {dag.py:3229} INFO - Sync 1 DAGs
[2025-07-28T15:44:26.963+0000] {logging_mixin.py:190} INFO - [2025-07-28T15:44:26.963+0000] {dag.py:4156} INFO - Setting next_dagrun for tutorial_taskflow_api to None, run_after=None
[2025-07-28T15:44:26.978+0000] {processor.py:208} INFO - Processing /home/airflow/.local/lib/python3.12/site-packages/airflow/example_dags/tutorial_taskflow_api.py took 0.049 seconds
[2025-07-28T15:44:57.554+0000] {processor.py:186} INFO - Started process (PID=353) to work on /home/airflow/.local/lib/python3.12/site-packages/airflow/example_dags/tutorial_taskflow_api.py
[2025-07-28T15:44:57.556+0000] {processor.py:914} INFO - Processing file /home/airflow/.local/lib/python3.12/site-packages/airflow/example_dags/tutorial_taskflow_api.py for tasks to queue
[2025-07-28T15:44:57.558+0000] {logging_mixin.py:190} INFO - [2025-07-28T15:44:57.558+0000] {dagbag.py:587} INFO - Filling up the DagBag from /home/airflow/.local/lib/python3.12/site-packages/airflow/example_dags/tutorial_taskflow_api.py
[2025-07-28T15:44:57.571+0000] {processor.py:925} INFO - DAG(s) 'tutorial_taskflow_api' retrieved from /home/airflow/.local/lib/python3.12/site-packages/airflow/example_dags/tutorial_taskflow_api.py
[2025-07-28T15:44:57.599+0000] {logging_mixin.py:190} INFO - [2025-07-28T15:44:57.599+0000] {dag.py:3229} INFO - Sync 1 DAGs
[2025-07-28T15:44:57.621+0000] {logging_mixin.py:190} INFO - [2025-07-28T15:44:57.621+0000] {dag.py:4156} INFO - Setting next_dagrun for tutorial_taskflow_api to None, run_after=None
[2025-07-28T15:44:57.648+0000] {processor.py:208} INFO - Processing /home/airflow/.local/lib/python3.12/site-packages/airflow/example_dags/tutorial_taskflow_api.py took 0.102 seconds
[2025-07-28T15:45:28.587+0000] {processor.py:186} INFO - Started process (PID=415) to work on /home/airflow/.local/lib/python3.12/site-packages/airflow/example_dags/tutorial_taskflow_api.py
[2025-07-28T15:45:28.589+0000] {processor.py:914} INFO - Processing file /home/airflow/.local/lib/python3.12/site-packages/airflow/example_dags/tutorial_taskflow_api.py for tasks to queue
[2025-07-28T15:45:28.591+0000] {logging_mixin.py:190} INFO - [2025-07-28T15:45:28.591+0000] {dagbag.py:587} INFO - Filling up the DagBag from /home/airflow/.local/lib/python3.12/site-packages/airflow/example_dags/tutorial_taskflow_api.py
[2025-07-28T15:45:28.596+0000] {processor.py:925} INFO - DAG(s) 'tutorial_taskflow_api' retrieved from /home/airflow/.local/lib/python3.12/site-packages/airflow/example_dags/tutorial_taskflow_api.py
[2025-07-28T15:45:28.614+0000] {logging_mixin.py:190} INFO - [2025-07-28T15:45:28.614+0000] {dag.py:3229} INFO - Sync 1 DAGs
[2025-07-28T15:45:28.625+0000] {logging_mixin.py:190} INFO - [2025-07-28T15:45:28.624+0000] {dag.py:4156} INFO - Setting next_dagrun for tutorial_taskflow_api to None, run_after=None
[2025-07-28T15:45:28.637+0000] {processor.py:208} INFO - Processing /home/airflow/.local/lib/python3.12/site-packages/airflow/example_dags/tutorial_taskflow_api.py took 0.059 seconds
[2025-07-28T15:45:59.274+0000] {processor.py:186} INFO - Started process (PID=477) to work on /home/airflow/.local/lib/python3.12/site-packages/airflow/example_dags/tutorial_taskflow_api.py
[2025-07-28T15:45:59.275+0000] {processor.py:914} INFO - Processing file /home/airflow/.local/lib/python3.12/site-packages/airflow/example_dags/tutorial_taskflow_api.py for tasks to queue
[2025-07-28T15:45:59.277+0000] {logging_mixin.py:190} INFO - [2025-07-28T15:45:59.277+0000] {dagbag.py:587} INFO - Filling up the DagBag from /home/airflow/.local/lib/python3.12/site-packages/airflow/example_dags/tutorial_taskflow_api.py
[2025-07-28T15:45:59.289+0000] {processor.py:925} INFO - DAG(s) 'tutorial_taskflow_api' retrieved from /home/airflow/.local/lib/python3.12/site-packages/airflow/example_dags/tutorial_taskflow_api.py
[2025-07-28T15:45:59.311+0000] {logging_mixin.py:190} INFO - [2025-07-28T15:45:59.311+0000] {dag.py:3229} INFO - Sync 1 DAGs
[2025-07-28T15:45:59.321+0000] {logging_mixin.py:190} INFO - [2025-07-28T15:45:59.321+0000] {dag.py:4156} INFO - Setting next_dagrun for tutorial_taskflow_api to None, run_after=None
[2025-07-28T15:45:59.331+0000] {processor.py:208} INFO - Processing /home/airflow/.local/lib/python3.12/site-packages/airflow/example_dags/tutorial_taskflow_api.py took 0.062 seconds
[2025-07-28T15:46:29.810+0000] {processor.py:186} INFO - Started process (PID=539) to work on /home/airflow/.local/lib/python3.12/site-packages/airflow/example_dags/tutorial_taskflow_api.py
[2025-07-28T15:46:29.812+0000] {processor.py:914} INFO - Processing file /home/airflow/.local/lib/python3.12/site-packages/airflow/example_dags/tutorial_taskflow_api.py for tasks to queue
[2025-07-28T15:46:29.814+0000] {logging_mixin.py:190} INFO - [2025-07-28T15:46:29.814+0000] {dagbag.py:587} INFO - Filling up the DagBag from /home/airflow/.local/lib/python3.12/site-packages/airflow/example_dags/tutorial_taskflow_api.py
[2025-07-28T15:46:29.820+0000] {processor.py:925} INFO - DAG(s) 'tutorial_taskflow_api' retrieved from /home/airflow/.local/lib/python3.12/site-packages/airflow/example_dags/tutorial_taskflow_api.py
[2025-07-28T15:46:29.835+0000] {logging_mixin.py:190} INFO - [2025-07-28T15:46:29.835+0000] {dag.py:3229} INFO - Sync 1 DAGs
[2025-07-28T15:46:29.843+0000] {logging_mixin.py:190} INFO - [2025-07-28T15:46:29.843+0000] {dag.py:4156} INFO - Setting next_dagrun for tutorial_taskflow_api to None, run_after=None
[2025-07-28T15:46:29.864+0000] {processor.py:208} INFO - Processing /home/airflow/.local/lib/python3.12/site-packages/airflow/example_dags/tutorial_taskflow_api.py took 0.063 seconds
[2025-07-28T15:47:00.265+0000] {processor.py:186} INFO - Started process (PID=601) to work on /home/airflow/.local/lib/python3.12/site-packages/airflow/example_dags/tutorial_taskflow_api.py
[2025-07-28T15:47:00.266+0000] {processor.py:914} INFO - Processing file /home/airflow/.local/lib/python3.12/site-packages/airflow/example_dags/tutorial_taskflow_api.py for tasks to queue
[2025-07-28T15:47:00.269+0000] {logging_mixin.py:190} INFO - [2025-07-28T15:47:00.268+0000] {dagbag.py:587} INFO - Filling up the DagBag from /home/airflow/.local/lib/python3.12/site-packages/airflow/example_dags/tutorial_taskflow_api.py
[2025-07-28T15:47:00.276+0000] {processor.py:925} INFO - DAG(s) 'tutorial_taskflow_api' retrieved from /home/airflow/.local/lib/python3.12/site-packages/airflow/example_dags/tutorial_taskflow_api.py
[2025-07-28T15:47:00.301+0000] {logging_mixin.py:190} INFO - [2025-07-28T15:47:00.301+0000] {dag.py:3229} INFO - Sync 1 DAGs
[2025-07-28T15:47:00.319+0000] {logging_mixin.py:190} INFO - [2025-07-28T15:47:00.318+0000] {dag.py:4156} INFO - Setting next_dagrun for tutorial_taskflow_api to None, run_after=None
[2025-07-28T15:47:00.331+0000] {processor.py:208} INFO - Processing /home/airflow/.local/lib/python3.12/site-packages/airflow/example_dags/tutorial_taskflow_api.py took 0.070 seconds
[2025-07-28T15:47:31.054+0000] {processor.py:186} INFO - Started process (PID=663) to work on /home/airflow/.local/lib/python3.12/site-packages/airflow/example_dags/tutorial_taskflow_api.py
[2025-07-28T15:47:31.054+0000] {processor.py:914} INFO - Processing file /home/airflow/.local/lib/python3.12/site-packages/airflow/example_dags/tutorial_taskflow_api.py for tasks to queue
[2025-07-28T15:47:31.056+0000] {logging_mixin.py:190} INFO - [2025-07-28T15:47:31.056+0000] {dagbag.py:587} INFO - Filling up the DagBag from /home/airflow/.local/lib/python3.12/site-packages/airflow/example_dags/tutorial_taskflow_api.py
[2025-07-28T15:47:31.061+0000] {processor.py:925} INFO - DAG(s) 'tutorial_taskflow_api' retrieved from /home/airflow/.local/lib/python3.12/site-packages/airflow/example_dags/tutorial_taskflow_api.py
[2025-07-28T15:47:31.081+0000] {logging_mixin.py:190} INFO - [2025-07-28T15:47:31.081+0000] {dag.py:3229} INFO - Sync 1 DAGs
[2025-07-28T15:47:31.091+0000] {logging_mixin.py:190} INFO - [2025-07-28T15:47:31.091+0000] {dag.py:4156} INFO - Setting next_dagrun for tutorial_taskflow_api to None, run_after=None
[2025-07-28T15:47:31.101+0000] {processor.py:208} INFO - Processing /home/airflow/.local/lib/python3.12/site-packages/airflow/example_dags/tutorial_taskflow_api.py took 0.051 seconds
[2025-07-28T15:48:01.331+0000] {processor.py:186} INFO - Started process (PID=725) to work on /home/airflow/.local/lib/python3.12/site-packages/airflow/example_dags/tutorial_taskflow_api.py
[2025-07-28T15:48:01.331+0000] {processor.py:914} INFO - Processing file /home/airflow/.local/lib/python3.12/site-packages/airflow/example_dags/tutorial_taskflow_api.py for tasks to queue
[2025-07-28T15:48:01.333+0000] {logging_mixin.py:190} INFO - [2025-07-28T15:48:01.332+0000] {dagbag.py:587} INFO - Filling up the DagBag from /home/airflow/.local/lib/python3.12/site-packages/airflow/example_dags/tutorial_taskflow_api.py
[2025-07-28T15:48:01.337+0000] {processor.py:925} INFO - DAG(s) 'tutorial_taskflow_api' retrieved from /home/airflow/.local/lib/python3.12/site-packages/airflow/example_dags/tutorial_taskflow_api.py
[2025-07-28T15:48:01.345+0000] {logging_mixin.py:190} INFO - [2025-07-28T15:48:01.345+0000] {dag.py:3229} INFO - Sync 1 DAGs
[2025-07-28T15:48:01.352+0000] {logging_mixin.py:190} INFO - [2025-07-28T15:48:01.352+0000] {dag.py:4156} INFO - Setting next_dagrun for tutorial_taskflow_api to None, run_after=None
[2025-07-28T15:48:01.360+0000] {processor.py:208} INFO - Processing /home/airflow/.local/lib/python3.12/site-packages/airflow/example_dags/tutorial_taskflow_api.py took 0.032 seconds
[2025-07-28T15:48:31.578+0000] {processor.py:186} INFO - Started process (PID=787) to work on /home/airflow/.local/lib/python3.12/site-packages/airflow/example_dags/tutorial_taskflow_api.py
[2025-07-28T15:48:31.581+0000] {processor.py:914} INFO - Processing file /home/airflow/.local/lib/python3.12/site-packages/airflow/example_dags/tutorial_taskflow_api.py for tasks to queue
[2025-07-28T15:48:31.583+0000] {logging_mixin.py:190} INFO - [2025-07-28T15:48:31.583+0000] {dagbag.py:587} INFO - Filling up the DagBag from /home/airflow/.local/lib/python3.12/site-packages/airflow/example_dags/tutorial_taskflow_api.py
[2025-07-28T15:48:31.589+0000] {processor.py:925} INFO - DAG(s) 'tutorial_taskflow_api' retrieved from /home/airflow/.local/lib/python3.12/site-packages/airflow/example_dags/tutorial_taskflow_api.py
[2025-07-28T15:48:31.609+0000] {logging_mixin.py:190} INFO - [2025-07-28T15:48:31.609+0000] {dag.py:3229} INFO - Sync 1 DAGs
[2025-07-28T15:48:31.616+0000] {logging_mixin.py:190} INFO - [2025-07-28T15:48:31.616+0000] {dag.py:4156} INFO - Setting next_dagrun for tutorial_taskflow_api to None, run_after=None
[2025-07-28T15:48:31.629+0000] {processor.py:208} INFO - Processing /home/airflow/.local/lib/python3.12/site-packages/airflow/example_dags/tutorial_taskflow_api.py took 0.055 seconds
[2025-07-28T15:49:02.355+0000] {processor.py:186} INFO - Started process (PID=849) to work on /home/airflow/.local/lib/python3.12/site-packages/airflow/example_dags/tutorial_taskflow_api.py
[2025-07-28T15:49:02.356+0000] {processor.py:914} INFO - Processing file /home/airflow/.local/lib/python3.12/site-packages/airflow/example_dags/tutorial_taskflow_api.py for tasks to queue
[2025-07-28T15:49:02.357+0000] {logging_mixin.py:190} INFO - [2025-07-28T15:49:02.356+0000] {dagbag.py:587} INFO - Filling up the DagBag from /home/airflow/.local/lib/python3.12/site-packages/airflow/example_dags/tutorial_taskflow_api.py
[2025-07-28T15:49:02.361+0000] {processor.py:925} INFO - DAG(s) 'tutorial_taskflow_api' retrieved from /home/airflow/.local/lib/python3.12/site-packages/airflow/example_dags/tutorial_taskflow_api.py
[2025-07-28T15:49:02.369+0000] {logging_mixin.py:190} INFO - [2025-07-28T15:49:02.369+0000] {dag.py:3229} INFO - Sync 1 DAGs
[2025-07-28T15:49:02.375+0000] {logging_mixin.py:190} INFO - [2025-07-28T15:49:02.375+0000] {dag.py:4156} INFO - Setting next_dagrun for tutorial_taskflow_api to None, run_after=None
[2025-07-28T15:49:02.382+0000] {processor.py:208} INFO - Processing /home/airflow/.local/lib/python3.12/site-packages/airflow/example_dags/tutorial_taskflow_api.py took 0.030 seconds
[2025-07-28T15:49:32.946+0000] {processor.py:186} INFO - Started process (PID=911) to work on /home/airflow/.local/lib/python3.12/site-packages/airflow/example_dags/tutorial_taskflow_api.py
[2025-07-28T15:49:32.946+0000] {processor.py:914} INFO - Processing file /home/airflow/.local/lib/python3.12/site-packages/airflow/example_dags/tutorial_taskflow_api.py for tasks to queue
[2025-07-28T15:49:32.948+0000] {logging_mixin.py:190} INFO - [2025-07-28T15:49:32.947+0000] {dagbag.py:587} INFO - Filling up the DagBag from /home/airflow/.local/lib/python3.12/site-packages/airflow/example_dags/tutorial_taskflow_api.py
[2025-07-28T15:49:32.952+0000] {processor.py:925} INFO - DAG(s) 'tutorial_taskflow_api' retrieved from /home/airflow/.local/lib/python3.12/site-packages/airflow/example_dags/tutorial_taskflow_api.py
[2025-07-28T15:49:32.961+0000] {logging_mixin.py:190} INFO - [2025-07-28T15:49:32.961+0000] {dag.py:3229} INFO - Sync 1 DAGs
[2025-07-28T15:49:32.968+0000] {logging_mixin.py:190} INFO - [2025-07-28T15:49:32.968+0000] {dag.py:4156} INFO - Setting next_dagrun for tutorial_taskflow_api to None, run_after=None
[2025-07-28T15:49:32.976+0000] {processor.py:208} INFO - Processing /home/airflow/.local/lib/python3.12/site-packages/airflow/example_dags/tutorial_taskflow_api.py took 0.035 seconds
[2025-07-28T15:50:04.232+0000] {processor.py:186} INFO - Started process (PID=973) to work on /home/airflow/.local/lib/python3.12/site-packages/airflow/example_dags/tutorial_taskflow_api.py
[2025-07-28T15:50:04.233+0000] {processor.py:914} INFO - Processing file /home/airflow/.local/lib/python3.12/site-packages/airflow/example_dags/tutorial_taskflow_api.py for tasks to queue
[2025-07-28T15:50:04.234+0000] {logging_mixin.py:190} INFO - [2025-07-28T15:50:04.234+0000] {dagbag.py:587} INFO - Filling up the DagBag from /home/airflow/.local/lib/python3.12/site-packages/airflow/example_dags/tutorial_taskflow_api.py
[2025-07-28T15:50:04.250+0000] {processor.py:925} INFO - DAG(s) 'tutorial_taskflow_api' retrieved from /home/airflow/.local/lib/python3.12/site-packages/airflow/example_dags/tutorial_taskflow_api.py
[2025-07-28T15:50:04.265+0000] {logging_mixin.py:190} INFO - [2025-07-28T15:50:04.265+0000] {dag.py:3229} INFO - Sync 1 DAGs
[2025-07-28T15:50:04.275+0000] {logging_mixin.py:190} INFO - [2025-07-28T15:50:04.275+0000] {dag.py:4156} INFO - Setting next_dagrun for tutorial_taskflow_api to None, run_after=None
[2025-07-28T15:50:04.286+0000] {processor.py:208} INFO - Processing /home/airflow/.local/lib/python3.12/site-packages/airflow/example_dags/tutorial_taskflow_api.py took 0.059 seconds
[2025-07-28T15:50:35.486+0000] {processor.py:186} INFO - Started process (PID=1035) to work on /home/airflow/.local/lib/python3.12/site-packages/airflow/example_dags/tutorial_taskflow_api.py
[2025-07-28T15:50:35.487+0000] {processor.py:914} INFO - Processing file /home/airflow/.local/lib/python3.12/site-packages/airflow/example_dags/tutorial_taskflow_api.py for tasks to queue
[2025-07-28T15:50:35.489+0000] {logging_mixin.py:190} INFO - [2025-07-28T15:50:35.489+0000] {dagbag.py:587} INFO - Filling up the DagBag from /home/airflow/.local/lib/python3.12/site-packages/airflow/example_dags/tutorial_taskflow_api.py
[2025-07-28T15:50:35.495+0000] {processor.py:925} INFO - DAG(s) 'tutorial_taskflow_api' retrieved from /home/airflow/.local/lib/python3.12/site-packages/airflow/example_dags/tutorial_taskflow_api.py
[2025-07-28T15:50:35.510+0000] {logging_mixin.py:190} INFO - [2025-07-28T15:50:35.509+0000] {dag.py:3229} INFO - Sync 1 DAGs
[2025-07-28T15:50:35.518+0000] {logging_mixin.py:190} INFO - [2025-07-28T15:50:35.518+0000] {dag.py:4156} INFO - Setting next_dagrun for tutorial_taskflow_api to None, run_after=None
[2025-07-28T15:50:35.527+0000] {processor.py:208} INFO - Processing /home/airflow/.local/lib/python3.12/site-packages/airflow/example_dags/tutorial_taskflow_api.py took 0.048 seconds
[2025-07-28T15:51:06.825+0000] {processor.py:186} INFO - Started process (PID=1097) to work on /home/airflow/.local/lib/python3.12/site-packages/airflow/example_dags/tutorial_taskflow_api.py
[2025-07-28T15:51:06.827+0000] {processor.py:914} INFO - Processing file /home/airflow/.local/lib/python3.12/site-packages/airflow/example_dags/tutorial_taskflow_api.py for tasks to queue
[2025-07-28T15:51:06.838+0000] {logging_mixin.py:190} INFO - [2025-07-28T15:51:06.838+0000] {dagbag.py:587} INFO - Filling up the DagBag from /home/airflow/.local/lib/python3.12/site-packages/airflow/example_dags/tutorial_taskflow_api.py
[2025-07-28T15:51:06.858+0000] {processor.py:925} INFO - DAG(s) 'tutorial_taskflow_api' retrieved from /home/airflow/.local/lib/python3.12/site-packages/airflow/example_dags/tutorial_taskflow_api.py
[2025-07-28T15:51:06.873+0000] {logging_mixin.py:190} INFO - [2025-07-28T15:51:06.873+0000] {dag.py:3229} INFO - Sync 1 DAGs
[2025-07-28T15:51:06.885+0000] {logging_mixin.py:190} INFO - [2025-07-28T15:51:06.885+0000] {dag.py:4156} INFO - Setting next_dagrun for tutorial_taskflow_api to None, run_after=None
[2025-07-28T15:51:06.903+0000] {processor.py:208} INFO - Processing /home/airflow/.local/lib/python3.12/site-packages/airflow/example_dags/tutorial_taskflow_api.py took 0.085 seconds
[2025-07-28T15:51:37.441+0000] {processor.py:186} INFO - Started process (PID=1159) to work on /home/airflow/.local/lib/python3.12/site-packages/airflow/example_dags/tutorial_taskflow_api.py
[2025-07-28T15:51:37.442+0000] {processor.py:914} INFO - Processing file /home/airflow/.local/lib/python3.12/site-packages/airflow/example_dags/tutorial_taskflow_api.py for tasks to queue
[2025-07-28T15:51:37.443+0000] {logging_mixin.py:190} INFO - [2025-07-28T15:51:37.443+0000] {dagbag.py:587} INFO - Filling up the DagBag from /home/airflow/.local/lib/python3.12/site-packages/airflow/example_dags/tutorial_taskflow_api.py
[2025-07-28T15:51:37.447+0000] {processor.py:925} INFO - DAG(s) 'tutorial_taskflow_api' retrieved from /home/airflow/.local/lib/python3.12/site-packages/airflow/example_dags/tutorial_taskflow_api.py
[2025-07-28T15:51:37.455+0000] {logging_mixin.py:190} INFO - [2025-07-28T15:51:37.455+0000] {dag.py:3229} INFO - Sync 1 DAGs
[2025-07-28T15:51:37.462+0000] {logging_mixin.py:190} INFO - [2025-07-28T15:51:37.462+0000] {dag.py:4156} INFO - Setting next_dagrun for tutorial_taskflow_api to None, run_after=None
[2025-07-28T15:51:37.469+0000] {processor.py:208} INFO - Processing /home/airflow/.local/lib/python3.12/site-packages/airflow/example_dags/tutorial_taskflow_api.py took 0.035 seconds
[2025-07-28T15:52:08.541+0000] {processor.py:186} INFO - Started process (PID=1221) to work on /home/airflow/.local/lib/python3.12/site-packages/airflow/example_dags/tutorial_taskflow_api.py
[2025-07-28T15:52:08.542+0000] {processor.py:914} INFO - Processing file /home/airflow/.local/lib/python3.12/site-packages/airflow/example_dags/tutorial_taskflow_api.py for tasks to queue
[2025-07-28T15:52:08.545+0000] {logging_mixin.py:190} INFO - [2025-07-28T15:52:08.545+0000] {dagbag.py:587} INFO - Filling up the DagBag from /home/airflow/.local/lib/python3.12/site-packages/airflow/example_dags/tutorial_taskflow_api.py
[2025-07-28T15:52:08.550+0000] {processor.py:925} INFO - DAG(s) 'tutorial_taskflow_api' retrieved from /home/airflow/.local/lib/python3.12/site-packages/airflow/example_dags/tutorial_taskflow_api.py
[2025-07-28T15:52:08.570+0000] {logging_mixin.py:190} INFO - [2025-07-28T15:52:08.570+0000] {dag.py:3229} INFO - Sync 1 DAGs
[2025-07-28T15:52:08.579+0000] {logging_mixin.py:190} INFO - [2025-07-28T15:52:08.579+0000] {dag.py:4156} INFO - Setting next_dagrun for tutorial_taskflow_api to None, run_after=None
[2025-07-28T15:52:08.589+0000] {processor.py:208} INFO - Processing /home/airflow/.local/lib/python3.12/site-packages/airflow/example_dags/tutorial_taskflow_api.py took 0.053 seconds
[2025-07-28T15:52:39.578+0000] {processor.py:186} INFO - Started process (PID=1283) to work on /home/airflow/.local/lib/python3.12/site-packages/airflow/example_dags/tutorial_taskflow_api.py
[2025-07-28T15:52:39.580+0000] {processor.py:914} INFO - Processing file /home/airflow/.local/lib/python3.12/site-packages/airflow/example_dags/tutorial_taskflow_api.py for tasks to queue
[2025-07-28T15:52:39.583+0000] {logging_mixin.py:190} INFO - [2025-07-28T15:52:39.583+0000] {dagbag.py:587} INFO - Filling up the DagBag from /home/airflow/.local/lib/python3.12/site-packages/airflow/example_dags/tutorial_taskflow_api.py
[2025-07-28T15:52:39.587+0000] {processor.py:925} INFO - DAG(s) 'tutorial_taskflow_api' retrieved from /home/airflow/.local/lib/python3.12/site-packages/airflow/example_dags/tutorial_taskflow_api.py
[2025-07-28T15:52:39.603+0000] {logging_mixin.py:190} INFO - [2025-07-28T15:52:39.603+0000] {dag.py:3229} INFO - Sync 1 DAGs
[2025-07-28T15:52:39.613+0000] {logging_mixin.py:190} INFO - [2025-07-28T15:52:39.613+0000] {dag.py:4156} INFO - Setting next_dagrun for tutorial_taskflow_api to None, run_after=None
[2025-07-28T15:52:39.621+0000] {processor.py:208} INFO - Processing /home/airflow/.local/lib/python3.12/site-packages/airflow/example_dags/tutorial_taskflow_api.py took 0.046 seconds
[2025-07-28T15:53:10.398+0000] {processor.py:186} INFO - Started process (PID=1345) to work on /home/airflow/.local/lib/python3.12/site-packages/airflow/example_dags/tutorial_taskflow_api.py
[2025-07-28T15:53:10.398+0000] {processor.py:914} INFO - Processing file /home/airflow/.local/lib/python3.12/site-packages/airflow/example_dags/tutorial_taskflow_api.py for tasks to queue
[2025-07-28T15:53:10.401+0000] {logging_mixin.py:190} INFO - [2025-07-28T15:53:10.401+0000] {dagbag.py:587} INFO - Filling up the DagBag from /home/airflow/.local/lib/python3.12/site-packages/airflow/example_dags/tutorial_taskflow_api.py
[2025-07-28T15:53:10.407+0000] {processor.py:925} INFO - DAG(s) 'tutorial_taskflow_api' retrieved from /home/airflow/.local/lib/python3.12/site-packages/airflow/example_dags/tutorial_taskflow_api.py
[2025-07-28T15:53:10.418+0000] {logging_mixin.py:190} INFO - [2025-07-28T15:53:10.418+0000] {dag.py:3229} INFO - Sync 1 DAGs
[2025-07-28T15:53:10.426+0000] {logging_mixin.py:190} INFO - [2025-07-28T15:53:10.425+0000] {dag.py:4156} INFO - Setting next_dagrun for tutorial_taskflow_api to None, run_after=None
[2025-07-28T15:53:10.433+0000] {processor.py:208} INFO - Processing /home/airflow/.local/lib/python3.12/site-packages/airflow/example_dags/tutorial_taskflow_api.py took 0.040 seconds
[2025-07-28T15:53:41.296+0000] {processor.py:186} INFO - Started process (PID=1408) to work on /home/airflow/.local/lib/python3.12/site-packages/airflow/example_dags/tutorial_taskflow_api.py
[2025-07-28T15:53:41.298+0000] {processor.py:914} INFO - Processing file /home/airflow/.local/lib/python3.12/site-packages/airflow/example_dags/tutorial_taskflow_api.py for tasks to queue
[2025-07-28T15:53:41.300+0000] {logging_mixin.py:190} INFO - [2025-07-28T15:53:41.300+0000] {dagbag.py:587} INFO - Filling up the DagBag from /home/airflow/.local/lib/python3.12/site-packages/airflow/example_dags/tutorial_taskflow_api.py
[2025-07-28T15:53:41.308+0000] {processor.py:925} INFO - DAG(s) 'tutorial_taskflow_api' retrieved from /home/airflow/.local/lib/python3.12/site-packages/airflow/example_dags/tutorial_taskflow_api.py
[2025-07-28T15:53:41.331+0000] {logging_mixin.py:190} INFO - [2025-07-28T15:53:41.331+0000] {dag.py:3229} INFO - Sync 1 DAGs
[2025-07-28T15:53:41.348+0000] {logging_mixin.py:190} INFO - [2025-07-28T15:53:41.348+0000] {dag.py:4156} INFO - Setting next_dagrun for tutorial_taskflow_api to None, run_after=None
[2025-07-28T15:53:41.360+0000] {processor.py:208} INFO - Processing /home/airflow/.local/lib/python3.12/site-packages/airflow/example_dags/tutorial_taskflow_api.py took 0.068 seconds
[2025-07-28T15:54:12.268+0000] {processor.py:186} INFO - Started process (PID=1471) to work on /home/airflow/.local/lib/python3.12/site-packages/airflow/example_dags/tutorial_taskflow_api.py
[2025-07-28T15:54:12.269+0000] {processor.py:914} INFO - Processing file /home/airflow/.local/lib/python3.12/site-packages/airflow/example_dags/tutorial_taskflow_api.py for tasks to queue
[2025-07-28T15:54:12.270+0000] {logging_mixin.py:190} INFO - [2025-07-28T15:54:12.270+0000] {dagbag.py:587} INFO - Filling up the DagBag from /home/airflow/.local/lib/python3.12/site-packages/airflow/example_dags/tutorial_taskflow_api.py
[2025-07-28T15:54:12.275+0000] {processor.py:925} INFO - DAG(s) 'tutorial_taskflow_api' retrieved from /home/airflow/.local/lib/python3.12/site-packages/airflow/example_dags/tutorial_taskflow_api.py
[2025-07-28T15:54:12.285+0000] {logging_mixin.py:190} INFO - [2025-07-28T15:54:12.284+0000] {dag.py:3229} INFO - Sync 1 DAGs
[2025-07-28T15:54:12.291+0000] {logging_mixin.py:190} INFO - [2025-07-28T15:54:12.291+0000] {dag.py:4156} INFO - Setting next_dagrun for tutorial_taskflow_api to None, run_after=None
[2025-07-28T15:54:12.300+0000] {processor.py:208} INFO - Processing /home/airflow/.local/lib/python3.12/site-packages/airflow/example_dags/tutorial_taskflow_api.py took 0.035 seconds
[2025-07-28T15:54:43.137+0000] {processor.py:186} INFO - Started process (PID=1534) to work on /home/airflow/.local/lib/python3.12/site-packages/airflow/example_dags/tutorial_taskflow_api.py
[2025-07-28T15:54:43.138+0000] {processor.py:914} INFO - Processing file /home/airflow/.local/lib/python3.12/site-packages/airflow/example_dags/tutorial_taskflow_api.py for tasks to queue
[2025-07-28T15:54:43.139+0000] {logging_mixin.py:190} INFO - [2025-07-28T15:54:43.139+0000] {dagbag.py:587} INFO - Filling up the DagBag from /home/airflow/.local/lib/python3.12/site-packages/airflow/example_dags/tutorial_taskflow_api.py
[2025-07-28T15:54:43.144+0000] {processor.py:925} INFO - DAG(s) 'tutorial_taskflow_api' retrieved from /home/airflow/.local/lib/python3.12/site-packages/airflow/example_dags/tutorial_taskflow_api.py
[2025-07-28T15:54:43.158+0000] {logging_mixin.py:190} INFO - [2025-07-28T15:54:43.158+0000] {dag.py:3229} INFO - Sync 1 DAGs
[2025-07-28T15:54:43.165+0000] {logging_mixin.py:190} INFO - [2025-07-28T15:54:43.165+0000] {dag.py:4156} INFO - Setting next_dagrun for tutorial_taskflow_api to None, run_after=None
[2025-07-28T15:54:43.181+0000] {processor.py:208} INFO - Processing /home/airflow/.local/lib/python3.12/site-packages/airflow/example_dags/tutorial_taskflow_api.py took 0.046 seconds
[2025-07-28T15:55:13.988+0000] {processor.py:186} INFO - Started process (PID=1597) to work on /home/airflow/.local/lib/python3.12/site-packages/airflow/example_dags/tutorial_taskflow_api.py
[2025-07-28T15:55:13.991+0000] {processor.py:914} INFO - Processing file /home/airflow/.local/lib/python3.12/site-packages/airflow/example_dags/tutorial_taskflow_api.py for tasks to queue
[2025-07-28T15:55:13.998+0000] {logging_mixin.py:190} INFO - [2025-07-28T15:55:13.997+0000] {dagbag.py:587} INFO - Filling up the DagBag from /home/airflow/.local/lib/python3.12/site-packages/airflow/example_dags/tutorial_taskflow_api.py
[2025-07-28T15:55:14.007+0000] {processor.py:925} INFO - DAG(s) 'tutorial_taskflow_api' retrieved from /home/airflow/.local/lib/python3.12/site-packages/airflow/example_dags/tutorial_taskflow_api.py
[2025-07-28T15:55:14.026+0000] {logging_mixin.py:190} INFO - [2025-07-28T15:55:14.026+0000] {dag.py:3229} INFO - Sync 1 DAGs
[2025-07-28T15:55:14.036+0000] {logging_mixin.py:190} INFO - [2025-07-28T15:55:14.036+0000] {dag.py:4156} INFO - Setting next_dagrun for tutorial_taskflow_api to None, run_after=None
[2025-07-28T15:55:14.047+0000] {processor.py:208} INFO - Processing /home/airflow/.local/lib/python3.12/site-packages/airflow/example_dags/tutorial_taskflow_api.py took 0.063 seconds
[2025-07-28T15:55:44.957+0000] {processor.py:186} INFO - Started process (PID=1660) to work on /home/airflow/.local/lib/python3.12/site-packages/airflow/example_dags/tutorial_taskflow_api.py
[2025-07-28T15:55:44.957+0000] {processor.py:914} INFO - Processing file /home/airflow/.local/lib/python3.12/site-packages/airflow/example_dags/tutorial_taskflow_api.py for tasks to queue
[2025-07-28T15:55:44.959+0000] {logging_mixin.py:190} INFO - [2025-07-28T15:55:44.959+0000] {dagbag.py:587} INFO - Filling up the DagBag from /home/airflow/.local/lib/python3.12/site-packages/airflow/example_dags/tutorial_taskflow_api.py
[2025-07-28T15:55:44.968+0000] {processor.py:925} INFO - DAG(s) 'tutorial_taskflow_api' retrieved from /home/airflow/.local/lib/python3.12/site-packages/airflow/example_dags/tutorial_taskflow_api.py
[2025-07-28T15:55:44.988+0000] {logging_mixin.py:190} INFO - [2025-07-28T15:55:44.988+0000] {dag.py:3229} INFO - Sync 1 DAGs
[2025-07-28T15:55:44.996+0000] {logging_mixin.py:190} INFO - [2025-07-28T15:55:44.996+0000] {dag.py:4156} INFO - Setting next_dagrun for tutorial_taskflow_api to None, run_after=None
[2025-07-28T15:55:45.007+0000] {processor.py:208} INFO - Processing /home/airflow/.local/lib/python3.12/site-packages/airflow/example_dags/tutorial_taskflow_api.py took 0.055 seconds
[2025-07-28T15:56:33.211+0000] {processor.py:186} INFO - Started process (PID=1730) to work on /home/airflow/.local/lib/python3.12/site-packages/airflow/example_dags/tutorial_taskflow_api.py
[2025-07-28T15:56:33.214+0000] {processor.py:914} INFO - Processing file /home/airflow/.local/lib/python3.12/site-packages/airflow/example_dags/tutorial_taskflow_api.py for tasks to queue
[2025-07-28T15:56:33.218+0000] {logging_mixin.py:190} INFO - [2025-07-28T15:56:33.218+0000] {dagbag.py:587} INFO - Filling up the DagBag from /home/airflow/.local/lib/python3.12/site-packages/airflow/example_dags/tutorial_taskflow_api.py
[2025-07-28T15:56:33.235+0000] {processor.py:925} INFO - DAG(s) 'tutorial_taskflow_api' retrieved from /home/airflow/.local/lib/python3.12/site-packages/airflow/example_dags/tutorial_taskflow_api.py
[2025-07-28T15:56:33.271+0000] {logging_mixin.py:190} INFO - [2025-07-28T15:56:33.271+0000] {dag.py:3229} INFO - Sync 1 DAGs
[2025-07-28T15:56:33.299+0000] {logging_mixin.py:190} INFO - [2025-07-28T15:56:33.299+0000] {dag.py:4156} INFO - Setting next_dagrun for tutorial_taskflow_api to None, run_after=None
[2025-07-28T15:56:33.322+0000] {processor.py:208} INFO - Processing /home/airflow/.local/lib/python3.12/site-packages/airflow/example_dags/tutorial_taskflow_api.py took 0.118 seconds
[2025-07-28T15:57:03.880+0000] {processor.py:186} INFO - Started process (PID=1793) to work on /home/airflow/.local/lib/python3.12/site-packages/airflow/example_dags/tutorial_taskflow_api.py
[2025-07-28T15:57:03.880+0000] {processor.py:914} INFO - Processing file /home/airflow/.local/lib/python3.12/site-packages/airflow/example_dags/tutorial_taskflow_api.py for tasks to queue
[2025-07-28T15:57:03.883+0000] {logging_mixin.py:190} INFO - [2025-07-28T15:57:03.882+0000] {dagbag.py:587} INFO - Filling up the DagBag from /home/airflow/.local/lib/python3.12/site-packages/airflow/example_dags/tutorial_taskflow_api.py
[2025-07-28T15:57:03.888+0000] {processor.py:925} INFO - DAG(s) 'tutorial_taskflow_api' retrieved from /home/airflow/.local/lib/python3.12/site-packages/airflow/example_dags/tutorial_taskflow_api.py
[2025-07-28T15:57:03.903+0000] {logging_mixin.py:190} INFO - [2025-07-28T15:57:03.903+0000] {dag.py:3229} INFO - Sync 1 DAGs
[2025-07-28T15:57:03.910+0000] {logging_mixin.py:190} INFO - [2025-07-28T15:57:03.910+0000] {dag.py:4156} INFO - Setting next_dagrun for tutorial_taskflow_api to None, run_after=None
[2025-07-28T15:57:03.918+0000] {processor.py:208} INFO - Processing /home/airflow/.local/lib/python3.12/site-packages/airflow/example_dags/tutorial_taskflow_api.py took 0.044 seconds
[2025-07-28T15:57:35.546+0000] {processor.py:186} INFO - Started process (PID=1855) to work on /home/airflow/.local/lib/python3.12/site-packages/airflow/example_dags/tutorial_taskflow_api.py
[2025-07-28T15:57:35.548+0000] {processor.py:914} INFO - Processing file /home/airflow/.local/lib/python3.12/site-packages/airflow/example_dags/tutorial_taskflow_api.py for tasks to queue
[2025-07-28T15:57:35.551+0000] {logging_mixin.py:190} INFO - [2025-07-28T15:57:35.551+0000] {dagbag.py:587} INFO - Filling up the DagBag from /home/airflow/.local/lib/python3.12/site-packages/airflow/example_dags/tutorial_taskflow_api.py
[2025-07-28T15:57:35.562+0000] {processor.py:925} INFO - DAG(s) 'tutorial_taskflow_api' retrieved from /home/airflow/.local/lib/python3.12/site-packages/airflow/example_dags/tutorial_taskflow_api.py
[2025-07-28T15:57:35.587+0000] {logging_mixin.py:190} INFO - [2025-07-28T15:57:35.587+0000] {dag.py:3229} INFO - Sync 1 DAGs
[2025-07-28T15:57:35.608+0000] {logging_mixin.py:190} INFO - [2025-07-28T15:57:35.608+0000] {dag.py:4156} INFO - Setting next_dagrun for tutorial_taskflow_api to None, run_after=None
[2025-07-28T15:57:35.629+0000] {processor.py:208} INFO - Processing /home/airflow/.local/lib/python3.12/site-packages/airflow/example_dags/tutorial_taskflow_api.py took 0.091 seconds
[2025-07-28T15:58:05.702+0000] {processor.py:186} INFO - Started process (PID=1917) to work on /home/airflow/.local/lib/python3.12/site-packages/airflow/example_dags/tutorial_taskflow_api.py
[2025-07-28T15:58:05.705+0000] {processor.py:914} INFO - Processing file /home/airflow/.local/lib/python3.12/site-packages/airflow/example_dags/tutorial_taskflow_api.py for tasks to queue
[2025-07-28T15:58:05.706+0000] {logging_mixin.py:190} INFO - [2025-07-28T15:58:05.706+0000] {dagbag.py:587} INFO - Filling up the DagBag from /home/airflow/.local/lib/python3.12/site-packages/airflow/example_dags/tutorial_taskflow_api.py
[2025-07-28T15:58:05.710+0000] {processor.py:925} INFO - DAG(s) 'tutorial_taskflow_api' retrieved from /home/airflow/.local/lib/python3.12/site-packages/airflow/example_dags/tutorial_taskflow_api.py
[2025-07-28T15:58:05.727+0000] {logging_mixin.py:190} INFO - [2025-07-28T15:58:05.727+0000] {dag.py:3229} INFO - Sync 1 DAGs
[2025-07-28T15:58:05.738+0000] {logging_mixin.py:190} INFO - [2025-07-28T15:58:05.738+0000] {dag.py:4156} INFO - Setting next_dagrun for tutorial_taskflow_api to None, run_after=None
[2025-07-28T15:58:05.752+0000] {processor.py:208} INFO - Processing /home/airflow/.local/lib/python3.12/site-packages/airflow/example_dags/tutorial_taskflow_api.py took 0.054 seconds
[2025-07-28T15:58:36.183+0000] {processor.py:186} INFO - Started process (PID=1980) to work on /home/airflow/.local/lib/python3.12/site-packages/airflow/example_dags/tutorial_taskflow_api.py
[2025-07-28T15:58:36.183+0000] {processor.py:914} INFO - Processing file /home/airflow/.local/lib/python3.12/site-packages/airflow/example_dags/tutorial_taskflow_api.py for tasks to queue
[2025-07-28T15:58:36.185+0000] {logging_mixin.py:190} INFO - [2025-07-28T15:58:36.185+0000] {dagbag.py:587} INFO - Filling up the DagBag from /home/airflow/.local/lib/python3.12/site-packages/airflow/example_dags/tutorial_taskflow_api.py
[2025-07-28T15:58:36.190+0000] {processor.py:925} INFO - DAG(s) 'tutorial_taskflow_api' retrieved from /home/airflow/.local/lib/python3.12/site-packages/airflow/example_dags/tutorial_taskflow_api.py
[2025-07-28T15:58:36.202+0000] {logging_mixin.py:190} INFO - [2025-07-28T15:58:36.202+0000] {dag.py:3229} INFO - Sync 1 DAGs
[2025-07-28T15:58:36.209+0000] {logging_mixin.py:190} INFO - [2025-07-28T15:58:36.208+0000] {dag.py:4156} INFO - Setting next_dagrun for tutorial_taskflow_api to None, run_after=None
[2025-07-28T15:58:36.216+0000] {processor.py:208} INFO - Processing /home/airflow/.local/lib/python3.12/site-packages/airflow/example_dags/tutorial_taskflow_api.py took 0.041 seconds
[2025-07-28T15:59:06.594+0000] {processor.py:186} INFO - Started process (PID=2042) to work on /home/airflow/.local/lib/python3.12/site-packages/airflow/example_dags/tutorial_taskflow_api.py
[2025-07-28T15:59:06.597+0000] {processor.py:914} INFO - Processing file /home/airflow/.local/lib/python3.12/site-packages/airflow/example_dags/tutorial_taskflow_api.py for tasks to queue
[2025-07-28T15:59:06.600+0000] {logging_mixin.py:190} INFO - [2025-07-28T15:59:06.599+0000] {dagbag.py:587} INFO - Filling up the DagBag from /home/airflow/.local/lib/python3.12/site-packages/airflow/example_dags/tutorial_taskflow_api.py
[2025-07-28T15:59:06.605+0000] {processor.py:925} INFO - DAG(s) 'tutorial_taskflow_api' retrieved from /home/airflow/.local/lib/python3.12/site-packages/airflow/example_dags/tutorial_taskflow_api.py
[2025-07-28T15:59:06.621+0000] {logging_mixin.py:190} INFO - [2025-07-28T15:59:06.621+0000] {dag.py:3229} INFO - Sync 1 DAGs
[2025-07-28T15:59:06.629+0000] {logging_mixin.py:190} INFO - [2025-07-28T15:59:06.629+0000] {dag.py:4156} INFO - Setting next_dagrun for tutorial_taskflow_api to None, run_after=None
[2025-07-28T15:59:06.637+0000] {processor.py:208} INFO - Processing /home/airflow/.local/lib/python3.12/site-packages/airflow/example_dags/tutorial_taskflow_api.py took 0.058 seconds
[2025-07-28T15:59:36.773+0000] {processor.py:186} INFO - Started process (PID=2105) to work on /home/airflow/.local/lib/python3.12/site-packages/airflow/example_dags/tutorial_taskflow_api.py
[2025-07-28T15:59:36.773+0000] {processor.py:914} INFO - Processing file /home/airflow/.local/lib/python3.12/site-packages/airflow/example_dags/tutorial_taskflow_api.py for tasks to queue
[2025-07-28T15:59:36.774+0000] {logging_mixin.py:190} INFO - [2025-07-28T15:59:36.774+0000] {dagbag.py:587} INFO - Filling up the DagBag from /home/airflow/.local/lib/python3.12/site-packages/airflow/example_dags/tutorial_taskflow_api.py
[2025-07-28T15:59:36.779+0000] {processor.py:925} INFO - DAG(s) 'tutorial_taskflow_api' retrieved from /home/airflow/.local/lib/python3.12/site-packages/airflow/example_dags/tutorial_taskflow_api.py
[2025-07-28T15:59:36.792+0000] {logging_mixin.py:190} INFO - [2025-07-28T15:59:36.792+0000] {dag.py:3229} INFO - Sync 1 DAGs
[2025-07-28T15:59:36.807+0000] {logging_mixin.py:190} INFO - [2025-07-28T15:59:36.807+0000] {dag.py:4156} INFO - Setting next_dagrun for tutorial_taskflow_api to None, run_after=None
[2025-07-28T15:59:36.819+0000] {processor.py:208} INFO - Processing /home/airflow/.local/lib/python3.12/site-packages/airflow/example_dags/tutorial_taskflow_api.py took 0.049 seconds
[2025-07-28T16:00:07.212+0000] {processor.py:186} INFO - Started process (PID=2167) to work on /home/airflow/.local/lib/python3.12/site-packages/airflow/example_dags/tutorial_taskflow_api.py
[2025-07-28T16:00:07.213+0000] {processor.py:914} INFO - Processing file /home/airflow/.local/lib/python3.12/site-packages/airflow/example_dags/tutorial_taskflow_api.py for tasks to queue
[2025-07-28T16:00:07.215+0000] {logging_mixin.py:190} INFO - [2025-07-28T16:00:07.214+0000] {dagbag.py:587} INFO - Filling up the DagBag from /home/airflow/.local/lib/python3.12/site-packages/airflow/example_dags/tutorial_taskflow_api.py
[2025-07-28T16:00:07.221+0000] {processor.py:925} INFO - DAG(s) 'tutorial_taskflow_api' retrieved from /home/airflow/.local/lib/python3.12/site-packages/airflow/example_dags/tutorial_taskflow_api.py
[2025-07-28T16:00:07.241+0000] {logging_mixin.py:190} INFO - [2025-07-28T16:00:07.241+0000] {dag.py:3229} INFO - Sync 1 DAGs
[2025-07-28T16:00:07.247+0000] {logging_mixin.py:190} INFO - [2025-07-28T16:00:07.247+0000] {dag.py:4156} INFO - Setting next_dagrun for tutorial_taskflow_api to None, run_after=None
[2025-07-28T16:00:07.257+0000] {processor.py:208} INFO - Processing /home/airflow/.local/lib/python3.12/site-packages/airflow/example_dags/tutorial_taskflow_api.py took 0.049 seconds
[2025-07-28T16:00:38.467+0000] {processor.py:186} INFO - Started process (PID=2231) to work on /home/airflow/.local/lib/python3.12/site-packages/airflow/example_dags/tutorial_taskflow_api.py
[2025-07-28T16:00:38.469+0000] {processor.py:914} INFO - Processing file /home/airflow/.local/lib/python3.12/site-packages/airflow/example_dags/tutorial_taskflow_api.py for tasks to queue
[2025-07-28T16:00:38.472+0000] {logging_mixin.py:190} INFO - [2025-07-28T16:00:38.472+0000] {dagbag.py:587} INFO - Filling up the DagBag from /home/airflow/.local/lib/python3.12/site-packages/airflow/example_dags/tutorial_taskflow_api.py
[2025-07-28T16:00:38.476+0000] {processor.py:925} INFO - DAG(s) 'tutorial_taskflow_api' retrieved from /home/airflow/.local/lib/python3.12/site-packages/airflow/example_dags/tutorial_taskflow_api.py
[2025-07-28T16:00:38.491+0000] {logging_mixin.py:190} INFO - [2025-07-28T16:00:38.491+0000] {dag.py:3229} INFO - Sync 1 DAGs
[2025-07-28T16:00:38.500+0000] {logging_mixin.py:190} INFO - [2025-07-28T16:00:38.500+0000] {dag.py:4156} INFO - Setting next_dagrun for tutorial_taskflow_api to None, run_after=None
[2025-07-28T16:00:38.509+0000] {processor.py:208} INFO - Processing /home/airflow/.local/lib/python3.12/site-packages/airflow/example_dags/tutorial_taskflow_api.py took 0.048 seconds
