[2025-07-28T15:42:51.923+0000] {processor.py:186} INFO - Started process (PID=78) to work on /home/airflow/.local/lib/python3.12/site-packages/airflow/example_dags/tutorial_objectstorage.py
[2025-07-28T15:42:51.925+0000] {processor.py:914} INFO - Processing file /home/airflow/.local/lib/python3.12/site-packages/airflow/example_dags/tutorial_objectstorage.py for tasks to queue
[2025-07-28T15:42:51.929+0000] {logging_mixin.py:190} INFO - [2025-07-28T15:42:51.928+0000] {dagbag.py:587} INFO - Filling up the DagBag from /home/airflow/.local/lib/python3.12/site-packages/airflow/example_dags/tutorial_objectstorage.py
[2025-07-28T15:42:51.943+0000] {processor.py:925} INFO - DAG(s) 'tutorial_objectstorage' retrieved from /home/airflow/.local/lib/python3.12/site-packages/airflow/example_dags/tutorial_objectstorage.py
[2025-07-28T15:42:52.070+0000] {logging_mixin.py:190} INFO - [2025-07-28T15:42:52.068+0000] {override.py:1900} INFO - Created Permission View: can edit on DAG:tutorial_objectstorage
[2025-07-28T15:42:52.078+0000] {logging_mixin.py:190} INFO - [2025-07-28T15:42:52.078+0000] {override.py:1900} INFO - Created Permission View: can read on DAG:tutorial_objectstorage
[2025-07-28T15:42:52.082+0000] {logging_mixin.py:190} INFO - [2025-07-28T15:42:52.081+0000] {override.py:1900} INFO - Created Permission View: can delete on DAG:tutorial_objectstorage
[2025-07-28T15:42:52.087+0000] {logging_mixin.py:190} INFO - [2025-07-28T15:42:52.087+0000] {override.py:1900} INFO - Created Permission View: can read on DAG Run:tutorial_objectstorage
[2025-07-28T15:42:52.094+0000] {logging_mixin.py:190} INFO - [2025-07-28T15:42:52.093+0000] {override.py:1900} INFO - Created Permission View: can delete on DAG Run:tutorial_objectstorage
[2025-07-28T15:42:52.098+0000] {logging_mixin.py:190} INFO - [2025-07-28T15:42:52.098+0000] {override.py:1900} INFO - Created Permission View: can create on DAG Run:tutorial_objectstorage
[2025-07-28T15:42:52.104+0000] {logging_mixin.py:190} INFO - [2025-07-28T15:42:52.103+0000] {override.py:1900} INFO - Created Permission View: menu access on DAG Run:tutorial_objectstorage
[2025-07-28T15:42:52.104+0000] {logging_mixin.py:190} INFO - [2025-07-28T15:42:52.104+0000] {dag.py:3229} INFO - Sync 1 DAGs
[2025-07-28T15:42:52.127+0000] {logging_mixin.py:190} INFO - [2025-07-28T15:42:52.127+0000] {dag.py:3252} INFO - Creating ORM DAG for tutorial_objectstorage
[2025-07-28T15:42:52.129+0000] {logging_mixin.py:190} INFO - [2025-07-28T15:42:52.128+0000] {dag.py:4156} INFO - Setting next_dagrun for tutorial_objectstorage to None, run_after=None
[2025-07-28T15:42:52.168+0000] {processor.py:208} INFO - Processing /home/airflow/.local/lib/python3.12/site-packages/airflow/example_dags/tutorial_objectstorage.py took 0.253 seconds
[2025-07-28T15:43:22.674+0000] {processor.py:186} INFO - Started process (PID=140) to work on /home/airflow/.local/lib/python3.12/site-packages/airflow/example_dags/tutorial_objectstorage.py
[2025-07-28T15:43:22.675+0000] {processor.py:914} INFO - Processing file /home/airflow/.local/lib/python3.12/site-packages/airflow/example_dags/tutorial_objectstorage.py for tasks to queue
[2025-07-28T15:43:22.676+0000] {logging_mixin.py:190} INFO - [2025-07-28T15:43:22.676+0000] {dagbag.py:587} INFO - Filling up the DagBag from /home/airflow/.local/lib/python3.12/site-packages/airflow/example_dags/tutorial_objectstorage.py
[2025-07-28T15:43:22.684+0000] {processor.py:925} INFO - DAG(s) 'tutorial_objectstorage' retrieved from /home/airflow/.local/lib/python3.12/site-packages/airflow/example_dags/tutorial_objectstorage.py
[2025-07-28T15:43:22.697+0000] {logging_mixin.py:190} INFO - [2025-07-28T15:43:22.697+0000] {dag.py:3229} INFO - Sync 1 DAGs
[2025-07-28T15:43:22.705+0000] {logging_mixin.py:190} INFO - [2025-07-28T15:43:22.705+0000] {dag.py:4156} INFO - Setting next_dagrun for tutorial_objectstorage to None, run_after=None
[2025-07-28T15:43:22.715+0000] {processor.py:208} INFO - Processing /home/airflow/.local/lib/python3.12/site-packages/airflow/example_dags/tutorial_objectstorage.py took 0.046 seconds
[2025-07-28T15:43:53.439+0000] {processor.py:186} INFO - Started process (PID=202) to work on /home/airflow/.local/lib/python3.12/site-packages/airflow/example_dags/tutorial_objectstorage.py
[2025-07-28T15:43:53.439+0000] {processor.py:914} INFO - Processing file /home/airflow/.local/lib/python3.12/site-packages/airflow/example_dags/tutorial_objectstorage.py for tasks to queue
[2025-07-28T15:43:53.441+0000] {logging_mixin.py:190} INFO - [2025-07-28T15:43:53.441+0000] {dagbag.py:587} INFO - Filling up the DagBag from /home/airflow/.local/lib/python3.12/site-packages/airflow/example_dags/tutorial_objectstorage.py
[2025-07-28T15:43:53.449+0000] {processor.py:925} INFO - DAG(s) 'tutorial_objectstorage' retrieved from /home/airflow/.local/lib/python3.12/site-packages/airflow/example_dags/tutorial_objectstorage.py
[2025-07-28T15:43:53.464+0000] {logging_mixin.py:190} INFO - [2025-07-28T15:43:53.463+0000] {dag.py:3229} INFO - Sync 1 DAGs
[2025-07-28T15:43:53.478+0000] {logging_mixin.py:190} INFO - [2025-07-28T15:43:53.478+0000] {dag.py:4156} INFO - Setting next_dagrun for tutorial_objectstorage to None, run_after=None
[2025-07-28T15:43:53.490+0000] {processor.py:208} INFO - Processing /home/airflow/.local/lib/python3.12/site-packages/airflow/example_dags/tutorial_objectstorage.py took 0.055 seconds
[2025-07-28T15:44:24.044+0000] {processor.py:186} INFO - Started process (PID=264) to work on /home/airflow/.local/lib/python3.12/site-packages/airflow/example_dags/tutorial_objectstorage.py
[2025-07-28T15:44:24.045+0000] {processor.py:914} INFO - Processing file /home/airflow/.local/lib/python3.12/site-packages/airflow/example_dags/tutorial_objectstorage.py for tasks to queue
[2025-07-28T15:44:24.046+0000] {logging_mixin.py:190} INFO - [2025-07-28T15:44:24.046+0000] {dagbag.py:587} INFO - Filling up the DagBag from /home/airflow/.local/lib/python3.12/site-packages/airflow/example_dags/tutorial_objectstorage.py
[2025-07-28T15:44:24.051+0000] {processor.py:925} INFO - DAG(s) 'tutorial_objectstorage' retrieved from /home/airflow/.local/lib/python3.12/site-packages/airflow/example_dags/tutorial_objectstorage.py
[2025-07-28T15:44:24.063+0000] {logging_mixin.py:190} INFO - [2025-07-28T15:44:24.063+0000] {dag.py:3229} INFO - Sync 1 DAGs
[2025-07-28T15:44:24.071+0000] {logging_mixin.py:190} INFO - [2025-07-28T15:44:24.071+0000] {dag.py:4156} INFO - Setting next_dagrun for tutorial_objectstorage to None, run_after=None
[2025-07-28T15:44:24.078+0000] {processor.py:208} INFO - Processing /home/airflow/.local/lib/python3.12/site-packages/airflow/example_dags/tutorial_objectstorage.py took 0.037 seconds
[2025-07-28T15:44:54.544+0000] {processor.py:186} INFO - Started process (PID=326) to work on /home/airflow/.local/lib/python3.12/site-packages/airflow/example_dags/tutorial_objectstorage.py
[2025-07-28T15:44:54.545+0000] {processor.py:914} INFO - Processing file /home/airflow/.local/lib/python3.12/site-packages/airflow/example_dags/tutorial_objectstorage.py for tasks to queue
[2025-07-28T15:44:54.546+0000] {logging_mixin.py:190} INFO - [2025-07-28T15:44:54.546+0000] {dagbag.py:587} INFO - Filling up the DagBag from /home/airflow/.local/lib/python3.12/site-packages/airflow/example_dags/tutorial_objectstorage.py
[2025-07-28T15:44:54.552+0000] {processor.py:925} INFO - DAG(s) 'tutorial_objectstorage' retrieved from /home/airflow/.local/lib/python3.12/site-packages/airflow/example_dags/tutorial_objectstorage.py
[2025-07-28T15:44:54.566+0000] {logging_mixin.py:190} INFO - [2025-07-28T15:44:54.566+0000] {dag.py:3229} INFO - Sync 1 DAGs
[2025-07-28T15:44:54.575+0000] {logging_mixin.py:190} INFO - [2025-07-28T15:44:54.575+0000] {dag.py:4156} INFO - Setting next_dagrun for tutorial_objectstorage to None, run_after=None
[2025-07-28T15:44:54.583+0000] {processor.py:208} INFO - Processing /home/airflow/.local/lib/python3.12/site-packages/airflow/example_dags/tutorial_objectstorage.py took 0.043 seconds
[2025-07-28T15:45:25.288+0000] {processor.py:186} INFO - Started process (PID=388) to work on /home/airflow/.local/lib/python3.12/site-packages/airflow/example_dags/tutorial_objectstorage.py
[2025-07-28T15:45:25.289+0000] {processor.py:914} INFO - Processing file /home/airflow/.local/lib/python3.12/site-packages/airflow/example_dags/tutorial_objectstorage.py for tasks to queue
[2025-07-28T15:45:25.291+0000] {logging_mixin.py:190} INFO - [2025-07-28T15:45:25.290+0000] {dagbag.py:587} INFO - Filling up the DagBag from /home/airflow/.local/lib/python3.12/site-packages/airflow/example_dags/tutorial_objectstorage.py
[2025-07-28T15:45:25.306+0000] {processor.py:925} INFO - DAG(s) 'tutorial_objectstorage' retrieved from /home/airflow/.local/lib/python3.12/site-packages/airflow/example_dags/tutorial_objectstorage.py
[2025-07-28T15:45:25.324+0000] {logging_mixin.py:190} INFO - [2025-07-28T15:45:25.323+0000] {dag.py:3229} INFO - Sync 1 DAGs
[2025-07-28T15:45:25.333+0000] {logging_mixin.py:190} INFO - [2025-07-28T15:45:25.333+0000] {dag.py:4156} INFO - Setting next_dagrun for tutorial_objectstorage to None, run_after=None
[2025-07-28T15:45:25.343+0000] {processor.py:208} INFO - Processing /home/airflow/.local/lib/python3.12/site-packages/airflow/example_dags/tutorial_objectstorage.py took 0.058 seconds
[2025-07-28T15:45:56.151+0000] {processor.py:186} INFO - Started process (PID=450) to work on /home/airflow/.local/lib/python3.12/site-packages/airflow/example_dags/tutorial_objectstorage.py
[2025-07-28T15:45:56.152+0000] {processor.py:914} INFO - Processing file /home/airflow/.local/lib/python3.12/site-packages/airflow/example_dags/tutorial_objectstorage.py for tasks to queue
[2025-07-28T15:45:56.154+0000] {logging_mixin.py:190} INFO - [2025-07-28T15:45:56.154+0000] {dagbag.py:587} INFO - Filling up the DagBag from /home/airflow/.local/lib/python3.12/site-packages/airflow/example_dags/tutorial_objectstorage.py
[2025-07-28T15:45:56.159+0000] {processor.py:925} INFO - DAG(s) 'tutorial_objectstorage' retrieved from /home/airflow/.local/lib/python3.12/site-packages/airflow/example_dags/tutorial_objectstorage.py
[2025-07-28T15:45:56.168+0000] {logging_mixin.py:190} INFO - [2025-07-28T15:45:56.168+0000] {dag.py:3229} INFO - Sync 1 DAGs
[2025-07-28T15:45:56.176+0000] {logging_mixin.py:190} INFO - [2025-07-28T15:45:56.176+0000] {dag.py:4156} INFO - Setting next_dagrun for tutorial_objectstorage to None, run_after=None
[2025-07-28T15:45:56.188+0000] {processor.py:208} INFO - Processing /home/airflow/.local/lib/python3.12/site-packages/airflow/example_dags/tutorial_objectstorage.py took 0.040 seconds
[2025-07-28T15:46:26.750+0000] {processor.py:186} INFO - Started process (PID=512) to work on /home/airflow/.local/lib/python3.12/site-packages/airflow/example_dags/tutorial_objectstorage.py
[2025-07-28T15:46:26.751+0000] {processor.py:914} INFO - Processing file /home/airflow/.local/lib/python3.12/site-packages/airflow/example_dags/tutorial_objectstorage.py for tasks to queue
[2025-07-28T15:46:26.753+0000] {logging_mixin.py:190} INFO - [2025-07-28T15:46:26.753+0000] {dagbag.py:587} INFO - Filling up the DagBag from /home/airflow/.local/lib/python3.12/site-packages/airflow/example_dags/tutorial_objectstorage.py
[2025-07-28T15:46:26.759+0000] {processor.py:925} INFO - DAG(s) 'tutorial_objectstorage' retrieved from /home/airflow/.local/lib/python3.12/site-packages/airflow/example_dags/tutorial_objectstorage.py
[2025-07-28T15:46:26.771+0000] {logging_mixin.py:190} INFO - [2025-07-28T15:46:26.771+0000] {dag.py:3229} INFO - Sync 1 DAGs
[2025-07-28T15:46:26.779+0000] {logging_mixin.py:190} INFO - [2025-07-28T15:46:26.779+0000] {dag.py:4156} INFO - Setting next_dagrun for tutorial_objectstorage to None, run_after=None
[2025-07-28T15:46:26.791+0000] {processor.py:208} INFO - Processing /home/airflow/.local/lib/python3.12/site-packages/airflow/example_dags/tutorial_objectstorage.py took 0.045 seconds
[2025-07-28T15:46:57.307+0000] {processor.py:186} INFO - Started process (PID=574) to work on /home/airflow/.local/lib/python3.12/site-packages/airflow/example_dags/tutorial_objectstorage.py
[2025-07-28T15:46:57.308+0000] {processor.py:914} INFO - Processing file /home/airflow/.local/lib/python3.12/site-packages/airflow/example_dags/tutorial_objectstorage.py for tasks to queue
[2025-07-28T15:46:57.312+0000] {logging_mixin.py:190} INFO - [2025-07-28T15:46:57.312+0000] {dagbag.py:587} INFO - Filling up the DagBag from /home/airflow/.local/lib/python3.12/site-packages/airflow/example_dags/tutorial_objectstorage.py
[2025-07-28T15:46:57.317+0000] {processor.py:925} INFO - DAG(s) 'tutorial_objectstorage' retrieved from /home/airflow/.local/lib/python3.12/site-packages/airflow/example_dags/tutorial_objectstorage.py
[2025-07-28T15:46:57.328+0000] {logging_mixin.py:190} INFO - [2025-07-28T15:46:57.327+0000] {dag.py:3229} INFO - Sync 1 DAGs
[2025-07-28T15:46:57.333+0000] {logging_mixin.py:190} INFO - [2025-07-28T15:46:57.333+0000] {dag.py:4156} INFO - Setting next_dagrun for tutorial_objectstorage to None, run_after=None
[2025-07-28T15:46:57.340+0000] {processor.py:208} INFO - Processing /home/airflow/.local/lib/python3.12/site-packages/airflow/example_dags/tutorial_objectstorage.py took 0.036 seconds
[2025-07-28T15:47:28.156+0000] {processor.py:186} INFO - Started process (PID=636) to work on /home/airflow/.local/lib/python3.12/site-packages/airflow/example_dags/tutorial_objectstorage.py
[2025-07-28T15:47:28.159+0000] {processor.py:914} INFO - Processing file /home/airflow/.local/lib/python3.12/site-packages/airflow/example_dags/tutorial_objectstorage.py for tasks to queue
[2025-07-28T15:47:28.162+0000] {logging_mixin.py:190} INFO - [2025-07-28T15:47:28.162+0000] {dagbag.py:587} INFO - Filling up the DagBag from /home/airflow/.local/lib/python3.12/site-packages/airflow/example_dags/tutorial_objectstorage.py
[2025-07-28T15:47:28.178+0000] {processor.py:925} INFO - DAG(s) 'tutorial_objectstorage' retrieved from /home/airflow/.local/lib/python3.12/site-packages/airflow/example_dags/tutorial_objectstorage.py
[2025-07-28T15:47:28.193+0000] {logging_mixin.py:190} INFO - [2025-07-28T15:47:28.193+0000] {dag.py:3229} INFO - Sync 1 DAGs
[2025-07-28T15:47:28.203+0000] {logging_mixin.py:190} INFO - [2025-07-28T15:47:28.202+0000] {dag.py:4156} INFO - Setting next_dagrun for tutorial_objectstorage to None, run_after=None
[2025-07-28T15:47:28.213+0000] {processor.py:208} INFO - Processing /home/airflow/.local/lib/python3.12/site-packages/airflow/example_dags/tutorial_objectstorage.py took 0.070 seconds
[2025-07-28T15:47:58.964+0000] {processor.py:186} INFO - Started process (PID=698) to work on /home/airflow/.local/lib/python3.12/site-packages/airflow/example_dags/tutorial_objectstorage.py
[2025-07-28T15:47:58.965+0000] {processor.py:914} INFO - Processing file /home/airflow/.local/lib/python3.12/site-packages/airflow/example_dags/tutorial_objectstorage.py for tasks to queue
[2025-07-28T15:47:58.966+0000] {logging_mixin.py:190} INFO - [2025-07-28T15:47:58.966+0000] {dagbag.py:587} INFO - Filling up the DagBag from /home/airflow/.local/lib/python3.12/site-packages/airflow/example_dags/tutorial_objectstorage.py
[2025-07-28T15:47:58.972+0000] {processor.py:925} INFO - DAG(s) 'tutorial_objectstorage' retrieved from /home/airflow/.local/lib/python3.12/site-packages/airflow/example_dags/tutorial_objectstorage.py
[2025-07-28T15:47:58.983+0000] {logging_mixin.py:190} INFO - [2025-07-28T15:47:58.983+0000] {dag.py:3229} INFO - Sync 1 DAGs
[2025-07-28T15:47:58.993+0000] {logging_mixin.py:190} INFO - [2025-07-28T15:47:58.993+0000] {dag.py:4156} INFO - Setting next_dagrun for tutorial_objectstorage to None, run_after=None
[2025-07-28T15:47:59.003+0000] {processor.py:208} INFO - Processing /home/airflow/.local/lib/python3.12/site-packages/airflow/example_dags/tutorial_objectstorage.py took 0.044 seconds
[2025-07-28T15:48:29.495+0000] {processor.py:186} INFO - Started process (PID=760) to work on /home/airflow/.local/lib/python3.12/site-packages/airflow/example_dags/tutorial_objectstorage.py
[2025-07-28T15:48:29.496+0000] {processor.py:914} INFO - Processing file /home/airflow/.local/lib/python3.12/site-packages/airflow/example_dags/tutorial_objectstorage.py for tasks to queue
[2025-07-28T15:48:29.498+0000] {logging_mixin.py:190} INFO - [2025-07-28T15:48:29.498+0000] {dagbag.py:587} INFO - Filling up the DagBag from /home/airflow/.local/lib/python3.12/site-packages/airflow/example_dags/tutorial_objectstorage.py
[2025-07-28T15:48:29.503+0000] {processor.py:925} INFO - DAG(s) 'tutorial_objectstorage' retrieved from /home/airflow/.local/lib/python3.12/site-packages/airflow/example_dags/tutorial_objectstorage.py
[2025-07-28T15:48:29.514+0000] {logging_mixin.py:190} INFO - [2025-07-28T15:48:29.514+0000] {dag.py:3229} INFO - Sync 1 DAGs
[2025-07-28T15:48:29.523+0000] {logging_mixin.py:190} INFO - [2025-07-28T15:48:29.523+0000] {dag.py:4156} INFO - Setting next_dagrun for tutorial_objectstorage to None, run_after=None
[2025-07-28T15:48:29.531+0000] {processor.py:208} INFO - Processing /home/airflow/.local/lib/python3.12/site-packages/airflow/example_dags/tutorial_objectstorage.py took 0.041 seconds
[2025-07-28T15:49:00.412+0000] {processor.py:186} INFO - Started process (PID=822) to work on /home/airflow/.local/lib/python3.12/site-packages/airflow/example_dags/tutorial_objectstorage.py
[2025-07-28T15:49:00.414+0000] {processor.py:914} INFO - Processing file /home/airflow/.local/lib/python3.12/site-packages/airflow/example_dags/tutorial_objectstorage.py for tasks to queue
[2025-07-28T15:49:00.416+0000] {logging_mixin.py:190} INFO - [2025-07-28T15:49:00.415+0000] {dagbag.py:587} INFO - Filling up the DagBag from /home/airflow/.local/lib/python3.12/site-packages/airflow/example_dags/tutorial_objectstorage.py
[2025-07-28T15:49:00.427+0000] {processor.py:925} INFO - DAG(s) 'tutorial_objectstorage' retrieved from /home/airflow/.local/lib/python3.12/site-packages/airflow/example_dags/tutorial_objectstorage.py
[2025-07-28T15:49:00.446+0000] {logging_mixin.py:190} INFO - [2025-07-28T15:49:00.446+0000] {dag.py:3229} INFO - Sync 1 DAGs
[2025-07-28T15:49:00.455+0000] {logging_mixin.py:190} INFO - [2025-07-28T15:49:00.455+0000] {dag.py:4156} INFO - Setting next_dagrun for tutorial_objectstorage to None, run_after=None
[2025-07-28T15:49:00.465+0000] {processor.py:208} INFO - Processing /home/airflow/.local/lib/python3.12/site-packages/airflow/example_dags/tutorial_objectstorage.py took 0.060 seconds
[2025-07-28T15:49:30.950+0000] {processor.py:186} INFO - Started process (PID=884) to work on /home/airflow/.local/lib/python3.12/site-packages/airflow/example_dags/tutorial_objectstorage.py
[2025-07-28T15:49:30.950+0000] {processor.py:914} INFO - Processing file /home/airflow/.local/lib/python3.12/site-packages/airflow/example_dags/tutorial_objectstorage.py for tasks to queue
[2025-07-28T15:49:30.952+0000] {logging_mixin.py:190} INFO - [2025-07-28T15:49:30.952+0000] {dagbag.py:587} INFO - Filling up the DagBag from /home/airflow/.local/lib/python3.12/site-packages/airflow/example_dags/tutorial_objectstorage.py
[2025-07-28T15:49:30.959+0000] {processor.py:925} INFO - DAG(s) 'tutorial_objectstorage' retrieved from /home/airflow/.local/lib/python3.12/site-packages/airflow/example_dags/tutorial_objectstorage.py
[2025-07-28T15:49:30.972+0000] {logging_mixin.py:190} INFO - [2025-07-28T15:49:30.972+0000] {dag.py:3229} INFO - Sync 1 DAGs
[2025-07-28T15:49:30.981+0000] {logging_mixin.py:190} INFO - [2025-07-28T15:49:30.981+0000] {dag.py:4156} INFO - Setting next_dagrun for tutorial_objectstorage to None, run_after=None
[2025-07-28T15:49:30.989+0000] {processor.py:208} INFO - Processing /home/airflow/.local/lib/python3.12/site-packages/airflow/example_dags/tutorial_objectstorage.py took 0.043 seconds
[2025-07-28T15:50:01.642+0000] {processor.py:186} INFO - Started process (PID=946) to work on /home/airflow/.local/lib/python3.12/site-packages/airflow/example_dags/tutorial_objectstorage.py
[2025-07-28T15:50:01.643+0000] {processor.py:914} INFO - Processing file /home/airflow/.local/lib/python3.12/site-packages/airflow/example_dags/tutorial_objectstorage.py for tasks to queue
[2025-07-28T15:50:01.647+0000] {logging_mixin.py:190} INFO - [2025-07-28T15:50:01.647+0000] {dagbag.py:587} INFO - Filling up the DagBag from /home/airflow/.local/lib/python3.12/site-packages/airflow/example_dags/tutorial_objectstorage.py
[2025-07-28T15:50:01.655+0000] {processor.py:925} INFO - DAG(s) 'tutorial_objectstorage' retrieved from /home/airflow/.local/lib/python3.12/site-packages/airflow/example_dags/tutorial_objectstorage.py
[2025-07-28T15:50:01.670+0000] {logging_mixin.py:190} INFO - [2025-07-28T15:50:01.670+0000] {dag.py:3229} INFO - Sync 1 DAGs
[2025-07-28T15:50:01.677+0000] {logging_mixin.py:190} INFO - [2025-07-28T15:50:01.677+0000] {dag.py:4156} INFO - Setting next_dagrun for tutorial_objectstorage to None, run_after=None
[2025-07-28T15:50:01.687+0000] {processor.py:208} INFO - Processing /home/airflow/.local/lib/python3.12/site-packages/airflow/example_dags/tutorial_objectstorage.py took 0.048 seconds
[2025-07-28T15:50:31.999+0000] {processor.py:186} INFO - Started process (PID=1008) to work on /home/airflow/.local/lib/python3.12/site-packages/airflow/example_dags/tutorial_objectstorage.py
[2025-07-28T15:50:32.004+0000] {processor.py:914} INFO - Processing file /home/airflow/.local/lib/python3.12/site-packages/airflow/example_dags/tutorial_objectstorage.py for tasks to queue
[2025-07-28T15:50:32.007+0000] {logging_mixin.py:190} INFO - [2025-07-28T15:50:32.006+0000] {dagbag.py:587} INFO - Filling up the DagBag from /home/airflow/.local/lib/python3.12/site-packages/airflow/example_dags/tutorial_objectstorage.py
[2025-07-28T15:50:32.013+0000] {processor.py:925} INFO - DAG(s) 'tutorial_objectstorage' retrieved from /home/airflow/.local/lib/python3.12/site-packages/airflow/example_dags/tutorial_objectstorage.py
[2025-07-28T15:50:32.030+0000] {logging_mixin.py:190} INFO - [2025-07-28T15:50:32.029+0000] {dag.py:3229} INFO - Sync 1 DAGs
[2025-07-28T15:50:32.038+0000] {logging_mixin.py:190} INFO - [2025-07-28T15:50:32.038+0000] {dag.py:4156} INFO - Setting next_dagrun for tutorial_objectstorage to None, run_after=None
[2025-07-28T15:50:32.047+0000] {processor.py:208} INFO - Processing /home/airflow/.local/lib/python3.12/site-packages/airflow/example_dags/tutorial_objectstorage.py took 0.053 seconds
[2025-07-28T15:51:02.070+0000] {processor.py:186} INFO - Started process (PID=1070) to work on /home/airflow/.local/lib/python3.12/site-packages/airflow/example_dags/tutorial_objectstorage.py
[2025-07-28T15:51:02.073+0000] {processor.py:914} INFO - Processing file /home/airflow/.local/lib/python3.12/site-packages/airflow/example_dags/tutorial_objectstorage.py for tasks to queue
[2025-07-28T15:51:02.077+0000] {logging_mixin.py:190} INFO - [2025-07-28T15:51:02.076+0000] {dagbag.py:587} INFO - Filling up the DagBag from /home/airflow/.local/lib/python3.12/site-packages/airflow/example_dags/tutorial_objectstorage.py
[2025-07-28T15:51:02.099+0000] {processor.py:925} INFO - DAG(s) 'tutorial_objectstorage' retrieved from /home/airflow/.local/lib/python3.12/site-packages/airflow/example_dags/tutorial_objectstorage.py
[2025-07-28T15:51:02.125+0000] {logging_mixin.py:190} INFO - [2025-07-28T15:51:02.125+0000] {dag.py:3229} INFO - Sync 1 DAGs
[2025-07-28T15:51:02.137+0000] {logging_mixin.py:190} INFO - [2025-07-28T15:51:02.137+0000] {dag.py:4156} INFO - Setting next_dagrun for tutorial_objectstorage to None, run_after=None
[2025-07-28T15:51:02.149+0000] {processor.py:208} INFO - Processing /home/airflow/.local/lib/python3.12/site-packages/airflow/example_dags/tutorial_objectstorage.py took 0.083 seconds
[2025-07-28T15:51:32.775+0000] {processor.py:186} INFO - Started process (PID=1132) to work on /home/airflow/.local/lib/python3.12/site-packages/airflow/example_dags/tutorial_objectstorage.py
[2025-07-28T15:51:32.776+0000] {processor.py:914} INFO - Processing file /home/airflow/.local/lib/python3.12/site-packages/airflow/example_dags/tutorial_objectstorage.py for tasks to queue
[2025-07-28T15:51:32.778+0000] {logging_mixin.py:190} INFO - [2025-07-28T15:51:32.777+0000] {dagbag.py:587} INFO - Filling up the DagBag from /home/airflow/.local/lib/python3.12/site-packages/airflow/example_dags/tutorial_objectstorage.py
[2025-07-28T15:51:32.784+0000] {processor.py:925} INFO - DAG(s) 'tutorial_objectstorage' retrieved from /home/airflow/.local/lib/python3.12/site-packages/airflow/example_dags/tutorial_objectstorage.py
[2025-07-28T15:51:32.797+0000] {logging_mixin.py:190} INFO - [2025-07-28T15:51:32.797+0000] {dag.py:3229} INFO - Sync 1 DAGs
[2025-07-28T15:51:32.805+0000] {logging_mixin.py:190} INFO - [2025-07-28T15:51:32.805+0000] {dag.py:4156} INFO - Setting next_dagrun for tutorial_objectstorage to None, run_after=None
[2025-07-28T15:51:32.813+0000] {processor.py:208} INFO - Processing /home/airflow/.local/lib/python3.12/site-packages/airflow/example_dags/tutorial_objectstorage.py took 0.045 seconds
[2025-07-28T15:52:03.078+0000] {processor.py:186} INFO - Started process (PID=1194) to work on /home/airflow/.local/lib/python3.12/site-packages/airflow/example_dags/tutorial_objectstorage.py
[2025-07-28T15:52:03.079+0000] {processor.py:914} INFO - Processing file /home/airflow/.local/lib/python3.12/site-packages/airflow/example_dags/tutorial_objectstorage.py for tasks to queue
[2025-07-28T15:52:03.083+0000] {logging_mixin.py:190} INFO - [2025-07-28T15:52:03.083+0000] {dagbag.py:587} INFO - Filling up the DagBag from /home/airflow/.local/lib/python3.12/site-packages/airflow/example_dags/tutorial_objectstorage.py
[2025-07-28T15:52:03.088+0000] {processor.py:925} INFO - DAG(s) 'tutorial_objectstorage' retrieved from /home/airflow/.local/lib/python3.12/site-packages/airflow/example_dags/tutorial_objectstorage.py
[2025-07-28T15:52:03.097+0000] {logging_mixin.py:190} INFO - [2025-07-28T15:52:03.097+0000] {dag.py:3229} INFO - Sync 1 DAGs
[2025-07-28T15:52:03.104+0000] {logging_mixin.py:190} INFO - [2025-07-28T15:52:03.104+0000] {dag.py:4156} INFO - Setting next_dagrun for tutorial_objectstorage to None, run_after=None
[2025-07-28T15:52:03.115+0000] {processor.py:208} INFO - Processing /home/airflow/.local/lib/python3.12/site-packages/airflow/example_dags/tutorial_objectstorage.py took 0.040 seconds
[2025-07-28T15:52:34.154+0000] {processor.py:186} INFO - Started process (PID=1256) to work on /home/airflow/.local/lib/python3.12/site-packages/airflow/example_dags/tutorial_objectstorage.py
[2025-07-28T15:52:34.155+0000] {processor.py:914} INFO - Processing file /home/airflow/.local/lib/python3.12/site-packages/airflow/example_dags/tutorial_objectstorage.py for tasks to queue
[2025-07-28T15:52:34.156+0000] {logging_mixin.py:190} INFO - [2025-07-28T15:52:34.156+0000] {dagbag.py:587} INFO - Filling up the DagBag from /home/airflow/.local/lib/python3.12/site-packages/airflow/example_dags/tutorial_objectstorage.py
[2025-07-28T15:52:34.163+0000] {processor.py:925} INFO - DAG(s) 'tutorial_objectstorage' retrieved from /home/airflow/.local/lib/python3.12/site-packages/airflow/example_dags/tutorial_objectstorage.py
[2025-07-28T15:52:34.174+0000] {logging_mixin.py:190} INFO - [2025-07-28T15:52:34.173+0000] {dag.py:3229} INFO - Sync 1 DAGs
[2025-07-28T15:52:34.186+0000] {logging_mixin.py:190} INFO - [2025-07-28T15:52:34.186+0000] {dag.py:4156} INFO - Setting next_dagrun for tutorial_objectstorage to None, run_after=None
[2025-07-28T15:52:34.199+0000] {processor.py:208} INFO - Processing /home/airflow/.local/lib/python3.12/site-packages/airflow/example_dags/tutorial_objectstorage.py took 0.049 seconds
[2025-07-28T15:53:04.323+0000] {processor.py:186} INFO - Started process (PID=1318) to work on /home/airflow/.local/lib/python3.12/site-packages/airflow/example_dags/tutorial_objectstorage.py
[2025-07-28T15:53:04.324+0000] {processor.py:914} INFO - Processing file /home/airflow/.local/lib/python3.12/site-packages/airflow/example_dags/tutorial_objectstorage.py for tasks to queue
[2025-07-28T15:53:04.325+0000] {logging_mixin.py:190} INFO - [2025-07-28T15:53:04.325+0000] {dagbag.py:587} INFO - Filling up the DagBag from /home/airflow/.local/lib/python3.12/site-packages/airflow/example_dags/tutorial_objectstorage.py
[2025-07-28T15:53:04.332+0000] {processor.py:925} INFO - DAG(s) 'tutorial_objectstorage' retrieved from /home/airflow/.local/lib/python3.12/site-packages/airflow/example_dags/tutorial_objectstorage.py
[2025-07-28T15:53:04.348+0000] {logging_mixin.py:190} INFO - [2025-07-28T15:53:04.348+0000] {dag.py:3229} INFO - Sync 1 DAGs
[2025-07-28T15:53:04.358+0000] {logging_mixin.py:190} INFO - [2025-07-28T15:53:04.358+0000] {dag.py:4156} INFO - Setting next_dagrun for tutorial_objectstorage to None, run_after=None
[2025-07-28T15:53:04.367+0000] {processor.py:208} INFO - Processing /home/airflow/.local/lib/python3.12/site-packages/airflow/example_dags/tutorial_objectstorage.py took 0.047 seconds
[2025-07-28T15:53:35.330+0000] {processor.py:186} INFO - Started process (PID=1381) to work on /home/airflow/.local/lib/python3.12/site-packages/airflow/example_dags/tutorial_objectstorage.py
[2025-07-28T15:53:35.331+0000] {processor.py:914} INFO - Processing file /home/airflow/.local/lib/python3.12/site-packages/airflow/example_dags/tutorial_objectstorage.py for tasks to queue
[2025-07-28T15:53:35.334+0000] {logging_mixin.py:190} INFO - [2025-07-28T15:53:35.334+0000] {dagbag.py:587} INFO - Filling up the DagBag from /home/airflow/.local/lib/python3.12/site-packages/airflow/example_dags/tutorial_objectstorage.py
[2025-07-28T15:53:35.342+0000] {processor.py:925} INFO - DAG(s) 'tutorial_objectstorage' retrieved from /home/airflow/.local/lib/python3.12/site-packages/airflow/example_dags/tutorial_objectstorage.py
[2025-07-28T15:53:35.353+0000] {logging_mixin.py:190} INFO - [2025-07-28T15:53:35.353+0000] {dag.py:3229} INFO - Sync 1 DAGs
[2025-07-28T15:53:35.362+0000] {logging_mixin.py:190} INFO - [2025-07-28T15:53:35.362+0000] {dag.py:4156} INFO - Setting next_dagrun for tutorial_objectstorage to None, run_after=None
[2025-07-28T15:53:35.370+0000] {processor.py:208} INFO - Processing /home/airflow/.local/lib/python3.12/site-packages/airflow/example_dags/tutorial_objectstorage.py took 0.044 seconds
[2025-07-28T15:54:06.120+0000] {processor.py:186} INFO - Started process (PID=1444) to work on /home/airflow/.local/lib/python3.12/site-packages/airflow/example_dags/tutorial_objectstorage.py
[2025-07-28T15:54:06.121+0000] {processor.py:914} INFO - Processing file /home/airflow/.local/lib/python3.12/site-packages/airflow/example_dags/tutorial_objectstorage.py for tasks to queue
[2025-07-28T15:54:06.122+0000] {logging_mixin.py:190} INFO - [2025-07-28T15:54:06.122+0000] {dagbag.py:587} INFO - Filling up the DagBag from /home/airflow/.local/lib/python3.12/site-packages/airflow/example_dags/tutorial_objectstorage.py
[2025-07-28T15:54:06.128+0000] {processor.py:925} INFO - DAG(s) 'tutorial_objectstorage' retrieved from /home/airflow/.local/lib/python3.12/site-packages/airflow/example_dags/tutorial_objectstorage.py
[2025-07-28T15:54:06.140+0000] {logging_mixin.py:190} INFO - [2025-07-28T15:54:06.140+0000] {dag.py:3229} INFO - Sync 1 DAGs
[2025-07-28T15:54:06.147+0000] {logging_mixin.py:190} INFO - [2025-07-28T15:54:06.147+0000] {dag.py:4156} INFO - Setting next_dagrun for tutorial_objectstorage to None, run_after=None
[2025-07-28T15:54:06.155+0000] {processor.py:208} INFO - Processing /home/airflow/.local/lib/python3.12/site-packages/airflow/example_dags/tutorial_objectstorage.py took 0.038 seconds
[2025-07-28T15:54:36.961+0000] {processor.py:186} INFO - Started process (PID=1507) to work on /home/airflow/.local/lib/python3.12/site-packages/airflow/example_dags/tutorial_objectstorage.py
[2025-07-28T15:54:36.962+0000] {processor.py:914} INFO - Processing file /home/airflow/.local/lib/python3.12/site-packages/airflow/example_dags/tutorial_objectstorage.py for tasks to queue
[2025-07-28T15:54:36.965+0000] {logging_mixin.py:190} INFO - [2025-07-28T15:54:36.965+0000] {dagbag.py:587} INFO - Filling up the DagBag from /home/airflow/.local/lib/python3.12/site-packages/airflow/example_dags/tutorial_objectstorage.py
[2025-07-28T15:54:36.971+0000] {processor.py:925} INFO - DAG(s) 'tutorial_objectstorage' retrieved from /home/airflow/.local/lib/python3.12/site-packages/airflow/example_dags/tutorial_objectstorage.py
[2025-07-28T15:54:36.995+0000] {logging_mixin.py:190} INFO - [2025-07-28T15:54:36.994+0000] {dag.py:3229} INFO - Sync 1 DAGs
[2025-07-28T15:54:37.002+0000] {logging_mixin.py:190} INFO - [2025-07-28T15:54:37.002+0000] {dag.py:4156} INFO - Setting next_dagrun for tutorial_objectstorage to None, run_after=None
[2025-07-28T15:54:37.011+0000] {processor.py:208} INFO - Processing /home/airflow/.local/lib/python3.12/site-packages/airflow/example_dags/tutorial_objectstorage.py took 0.053 seconds
[2025-07-28T15:55:09.759+0000] {processor.py:186} INFO - Started process (PID=1570) to work on /home/airflow/.local/lib/python3.12/site-packages/airflow/example_dags/tutorial_objectstorage.py
[2025-07-28T15:55:09.760+0000] {processor.py:914} INFO - Processing file /home/airflow/.local/lib/python3.12/site-packages/airflow/example_dags/tutorial_objectstorage.py for tasks to queue
[2025-07-28T15:55:09.761+0000] {logging_mixin.py:190} INFO - [2025-07-28T15:55:09.760+0000] {dagbag.py:587} INFO - Filling up the DagBag from /home/airflow/.local/lib/python3.12/site-packages/airflow/example_dags/tutorial_objectstorage.py
[2025-07-28T15:55:09.766+0000] {processor.py:925} INFO - DAG(s) 'tutorial_objectstorage' retrieved from /home/airflow/.local/lib/python3.12/site-packages/airflow/example_dags/tutorial_objectstorage.py
[2025-07-28T15:55:09.774+0000] {logging_mixin.py:190} INFO - [2025-07-28T15:55:09.774+0000] {dag.py:3229} INFO - Sync 1 DAGs
[2025-07-28T15:55:09.780+0000] {logging_mixin.py:190} INFO - [2025-07-28T15:55:09.780+0000] {dag.py:4156} INFO - Setting next_dagrun for tutorial_objectstorage to None, run_after=None
[2025-07-28T15:55:09.787+0000] {processor.py:208} INFO - Processing /home/airflow/.local/lib/python3.12/site-packages/airflow/example_dags/tutorial_objectstorage.py took 0.030 seconds
[2025-07-28T15:55:40.755+0000] {processor.py:186} INFO - Started process (PID=1633) to work on /home/airflow/.local/lib/python3.12/site-packages/airflow/example_dags/tutorial_objectstorage.py
[2025-07-28T15:55:40.756+0000] {processor.py:914} INFO - Processing file /home/airflow/.local/lib/python3.12/site-packages/airflow/example_dags/tutorial_objectstorage.py for tasks to queue
[2025-07-28T15:55:40.758+0000] {logging_mixin.py:190} INFO - [2025-07-28T15:55:40.758+0000] {dagbag.py:587} INFO - Filling up the DagBag from /home/airflow/.local/lib/python3.12/site-packages/airflow/example_dags/tutorial_objectstorage.py
[2025-07-28T15:55:40.772+0000] {processor.py:925} INFO - DAG(s) 'tutorial_objectstorage' retrieved from /home/airflow/.local/lib/python3.12/site-packages/airflow/example_dags/tutorial_objectstorage.py
[2025-07-28T15:55:40.791+0000] {logging_mixin.py:190} INFO - [2025-07-28T15:55:40.791+0000] {dag.py:3229} INFO - Sync 1 DAGs
[2025-07-28T15:55:40.803+0000] {logging_mixin.py:190} INFO - [2025-07-28T15:55:40.803+0000] {dag.py:4156} INFO - Setting next_dagrun for tutorial_objectstorage to None, run_after=None
[2025-07-28T15:55:40.814+0000] {processor.py:208} INFO - Processing /home/airflow/.local/lib/python3.12/site-packages/airflow/example_dags/tutorial_objectstorage.py took 0.063 seconds
[2025-07-28T15:56:27.523+0000] {processor.py:186} INFO - Started process (PID=1702) to work on /home/airflow/.local/lib/python3.12/site-packages/airflow/example_dags/tutorial_objectstorage.py
[2025-07-28T15:56:27.537+0000] {processor.py:914} INFO - Processing file /home/airflow/.local/lib/python3.12/site-packages/airflow/example_dags/tutorial_objectstorage.py for tasks to queue
[2025-07-28T15:56:27.549+0000] {logging_mixin.py:190} INFO - [2025-07-28T15:56:27.548+0000] {dagbag.py:587} INFO - Filling up the DagBag from /home/airflow/.local/lib/python3.12/site-packages/airflow/example_dags/tutorial_objectstorage.py
[2025-07-28T15:56:27.580+0000] {processor.py:925} INFO - DAG(s) 'tutorial_objectstorage' retrieved from /home/airflow/.local/lib/python3.12/site-packages/airflow/example_dags/tutorial_objectstorage.py
[2025-07-28T15:56:27.631+0000] {logging_mixin.py:190} INFO - [2025-07-28T15:56:27.631+0000] {dag.py:3229} INFO - Sync 1 DAGs
[2025-07-28T15:56:27.661+0000] {logging_mixin.py:190} INFO - [2025-07-28T15:56:27.660+0000] {dag.py:4156} INFO - Setting next_dagrun for tutorial_objectstorage to None, run_after=None
[2025-07-28T15:56:27.745+0000] {processor.py:208} INFO - Processing /home/airflow/.local/lib/python3.12/site-packages/airflow/example_dags/tutorial_objectstorage.py took 0.265 seconds
[2025-07-28T15:56:58.067+0000] {processor.py:186} INFO - Started process (PID=1765) to work on /home/airflow/.local/lib/python3.12/site-packages/airflow/example_dags/tutorial_objectstorage.py
[2025-07-28T15:56:58.068+0000] {processor.py:914} INFO - Processing file /home/airflow/.local/lib/python3.12/site-packages/airflow/example_dags/tutorial_objectstorage.py for tasks to queue
[2025-07-28T15:56:58.070+0000] {logging_mixin.py:190} INFO - [2025-07-28T15:56:58.070+0000] {dagbag.py:587} INFO - Filling up the DagBag from /home/airflow/.local/lib/python3.12/site-packages/airflow/example_dags/tutorial_objectstorage.py
[2025-07-28T15:56:58.090+0000] {processor.py:925} INFO - DAG(s) 'tutorial_objectstorage' retrieved from /home/airflow/.local/lib/python3.12/site-packages/airflow/example_dags/tutorial_objectstorage.py
[2025-07-28T15:56:58.132+0000] {logging_mixin.py:190} INFO - [2025-07-28T15:56:58.132+0000] {dag.py:3229} INFO - Sync 1 DAGs
[2025-07-28T15:56:58.169+0000] {logging_mixin.py:190} INFO - [2025-07-28T15:56:58.169+0000] {dag.py:4156} INFO - Setting next_dagrun for tutorial_objectstorage to None, run_after=None
[2025-07-28T15:56:58.187+0000] {processor.py:208} INFO - Processing /home/airflow/.local/lib/python3.12/site-packages/airflow/example_dags/tutorial_objectstorage.py took 0.126 seconds
[2025-07-28T15:57:28.242+0000] {processor.py:186} INFO - Started process (PID=1826) to work on /home/airflow/.local/lib/python3.12/site-packages/airflow/example_dags/tutorial_objectstorage.py
[2025-07-28T15:57:28.242+0000] {processor.py:914} INFO - Processing file /home/airflow/.local/lib/python3.12/site-packages/airflow/example_dags/tutorial_objectstorage.py for tasks to queue
[2025-07-28T15:57:28.243+0000] {logging_mixin.py:190} INFO - [2025-07-28T15:57:28.243+0000] {dagbag.py:587} INFO - Filling up the DagBag from /home/airflow/.local/lib/python3.12/site-packages/airflow/example_dags/tutorial_objectstorage.py
[2025-07-28T15:57:28.249+0000] {processor.py:925} INFO - DAG(s) 'tutorial_objectstorage' retrieved from /home/airflow/.local/lib/python3.12/site-packages/airflow/example_dags/tutorial_objectstorage.py
[2025-07-28T15:57:28.259+0000] {logging_mixin.py:190} INFO - [2025-07-28T15:57:28.259+0000] {dag.py:3229} INFO - Sync 1 DAGs
[2025-07-28T15:57:28.266+0000] {logging_mixin.py:190} INFO - [2025-07-28T15:57:28.266+0000] {dag.py:4156} INFO - Setting next_dagrun for tutorial_objectstorage to None, run_after=None
[2025-07-28T15:57:28.276+0000] {processor.py:208} INFO - Processing /home/airflow/.local/lib/python3.12/site-packages/airflow/example_dags/tutorial_objectstorage.py took 0.038 seconds
[2025-07-28T15:57:58.967+0000] {processor.py:186} INFO - Started process (PID=1889) to work on /home/airflow/.local/lib/python3.12/site-packages/airflow/example_dags/tutorial_objectstorage.py
[2025-07-28T15:57:58.967+0000] {processor.py:914} INFO - Processing file /home/airflow/.local/lib/python3.12/site-packages/airflow/example_dags/tutorial_objectstorage.py for tasks to queue
[2025-07-28T15:57:58.968+0000] {logging_mixin.py:190} INFO - [2025-07-28T15:57:58.968+0000] {dagbag.py:587} INFO - Filling up the DagBag from /home/airflow/.local/lib/python3.12/site-packages/airflow/example_dags/tutorial_objectstorage.py
[2025-07-28T15:57:58.974+0000] {processor.py:925} INFO - DAG(s) 'tutorial_objectstorage' retrieved from /home/airflow/.local/lib/python3.12/site-packages/airflow/example_dags/tutorial_objectstorage.py
[2025-07-28T15:57:58.986+0000] {logging_mixin.py:190} INFO - [2025-07-28T15:57:58.986+0000] {dag.py:3229} INFO - Sync 1 DAGs
[2025-07-28T15:57:58.994+0000] {logging_mixin.py:190} INFO - [2025-07-28T15:57:58.994+0000] {dag.py:4156} INFO - Setting next_dagrun for tutorial_objectstorage to None, run_after=None
[2025-07-28T15:57:59.010+0000] {processor.py:208} INFO - Processing /home/airflow/.local/lib/python3.12/site-packages/airflow/example_dags/tutorial_objectstorage.py took 0.046 seconds
[2025-07-28T15:58:29.788+0000] {processor.py:186} INFO - Started process (PID=1952) to work on /home/airflow/.local/lib/python3.12/site-packages/airflow/example_dags/tutorial_objectstorage.py
[2025-07-28T15:58:29.788+0000] {processor.py:914} INFO - Processing file /home/airflow/.local/lib/python3.12/site-packages/airflow/example_dags/tutorial_objectstorage.py for tasks to queue
[2025-07-28T15:58:29.790+0000] {logging_mixin.py:190} INFO - [2025-07-28T15:58:29.789+0000] {dagbag.py:587} INFO - Filling up the DagBag from /home/airflow/.local/lib/python3.12/site-packages/airflow/example_dags/tutorial_objectstorage.py
[2025-07-28T15:58:29.795+0000] {processor.py:925} INFO - DAG(s) 'tutorial_objectstorage' retrieved from /home/airflow/.local/lib/python3.12/site-packages/airflow/example_dags/tutorial_objectstorage.py
[2025-07-28T15:58:29.805+0000] {logging_mixin.py:190} INFO - [2025-07-28T15:58:29.805+0000] {dag.py:3229} INFO - Sync 1 DAGs
[2025-07-28T15:58:29.812+0000] {logging_mixin.py:190} INFO - [2025-07-28T15:58:29.812+0000] {dag.py:4156} INFO - Setting next_dagrun for tutorial_objectstorage to None, run_after=None
[2025-07-28T15:58:29.823+0000] {processor.py:208} INFO - Processing /home/airflow/.local/lib/python3.12/site-packages/airflow/example_dags/tutorial_objectstorage.py took 0.038 seconds
[2025-07-28T15:59:00.105+0000] {processor.py:186} INFO - Started process (PID=2014) to work on /home/airflow/.local/lib/python3.12/site-packages/airflow/example_dags/tutorial_objectstorage.py
[2025-07-28T15:59:00.105+0000] {processor.py:914} INFO - Processing file /home/airflow/.local/lib/python3.12/site-packages/airflow/example_dags/tutorial_objectstorage.py for tasks to queue
[2025-07-28T15:59:00.108+0000] {logging_mixin.py:190} INFO - [2025-07-28T15:59:00.107+0000] {dagbag.py:587} INFO - Filling up the DagBag from /home/airflow/.local/lib/python3.12/site-packages/airflow/example_dags/tutorial_objectstorage.py
[2025-07-28T15:59:00.120+0000] {processor.py:925} INFO - DAG(s) 'tutorial_objectstorage' retrieved from /home/airflow/.local/lib/python3.12/site-packages/airflow/example_dags/tutorial_objectstorage.py
[2025-07-28T15:59:00.145+0000] {logging_mixin.py:190} INFO - [2025-07-28T15:59:00.144+0000] {dag.py:3229} INFO - Sync 1 DAGs
[2025-07-28T15:59:00.152+0000] {logging_mixin.py:190} INFO - [2025-07-28T15:59:00.152+0000] {dag.py:4156} INFO - Setting next_dagrun for tutorial_objectstorage to None, run_after=None
[2025-07-28T15:59:00.160+0000] {processor.py:208} INFO - Processing /home/airflow/.local/lib/python3.12/site-packages/airflow/example_dags/tutorial_objectstorage.py took 0.059 seconds
[2025-07-28T15:59:30.290+0000] {processor.py:186} INFO - Started process (PID=2077) to work on /home/airflow/.local/lib/python3.12/site-packages/airflow/example_dags/tutorial_objectstorage.py
[2025-07-28T15:59:30.291+0000] {processor.py:914} INFO - Processing file /home/airflow/.local/lib/python3.12/site-packages/airflow/example_dags/tutorial_objectstorage.py for tasks to queue
[2025-07-28T15:59:30.292+0000] {logging_mixin.py:190} INFO - [2025-07-28T15:59:30.292+0000] {dagbag.py:587} INFO - Filling up the DagBag from /home/airflow/.local/lib/python3.12/site-packages/airflow/example_dags/tutorial_objectstorage.py
[2025-07-28T15:59:30.303+0000] {processor.py:925} INFO - DAG(s) 'tutorial_objectstorage' retrieved from /home/airflow/.local/lib/python3.12/site-packages/airflow/example_dags/tutorial_objectstorage.py
[2025-07-28T15:59:30.322+0000] {logging_mixin.py:190} INFO - [2025-07-28T15:59:30.322+0000] {dag.py:3229} INFO - Sync 1 DAGs
[2025-07-28T15:59:30.337+0000] {logging_mixin.py:190} INFO - [2025-07-28T15:59:30.337+0000] {dag.py:4156} INFO - Setting next_dagrun for tutorial_objectstorage to None, run_after=None
[2025-07-28T15:59:30.353+0000] {processor.py:208} INFO - Processing /home/airflow/.local/lib/python3.12/site-packages/airflow/example_dags/tutorial_objectstorage.py took 0.068 seconds
[2025-07-28T16:00:00.882+0000] {processor.py:186} INFO - Started process (PID=2140) to work on /home/airflow/.local/lib/python3.12/site-packages/airflow/example_dags/tutorial_objectstorage.py
[2025-07-28T16:00:00.883+0000] {processor.py:914} INFO - Processing file /home/airflow/.local/lib/python3.12/site-packages/airflow/example_dags/tutorial_objectstorage.py for tasks to queue
[2025-07-28T16:00:00.884+0000] {logging_mixin.py:190} INFO - [2025-07-28T16:00:00.884+0000] {dagbag.py:587} INFO - Filling up the DagBag from /home/airflow/.local/lib/python3.12/site-packages/airflow/example_dags/tutorial_objectstorage.py
[2025-07-28T16:00:00.890+0000] {processor.py:925} INFO - DAG(s) 'tutorial_objectstorage' retrieved from /home/airflow/.local/lib/python3.12/site-packages/airflow/example_dags/tutorial_objectstorage.py
[2025-07-28T16:00:00.899+0000] {logging_mixin.py:190} INFO - [2025-07-28T16:00:00.899+0000] {dag.py:3229} INFO - Sync 1 DAGs
[2025-07-28T16:00:00.905+0000] {logging_mixin.py:190} INFO - [2025-07-28T16:00:00.905+0000] {dag.py:4156} INFO - Setting next_dagrun for tutorial_objectstorage to None, run_after=None
[2025-07-28T16:00:00.911+0000] {processor.py:208} INFO - Processing /home/airflow/.local/lib/python3.12/site-packages/airflow/example_dags/tutorial_objectstorage.py took 0.032 seconds
[2025-07-28T16:00:31.799+0000] {processor.py:186} INFO - Started process (PID=2203) to work on /home/airflow/.local/lib/python3.12/site-packages/airflow/example_dags/tutorial_objectstorage.py
[2025-07-28T16:00:31.800+0000] {processor.py:914} INFO - Processing file /home/airflow/.local/lib/python3.12/site-packages/airflow/example_dags/tutorial_objectstorage.py for tasks to queue
[2025-07-28T16:00:31.802+0000] {logging_mixin.py:190} INFO - [2025-07-28T16:00:31.802+0000] {dagbag.py:587} INFO - Filling up the DagBag from /home/airflow/.local/lib/python3.12/site-packages/airflow/example_dags/tutorial_objectstorage.py
[2025-07-28T16:00:31.807+0000] {processor.py:925} INFO - DAG(s) 'tutorial_objectstorage' retrieved from /home/airflow/.local/lib/python3.12/site-packages/airflow/example_dags/tutorial_objectstorage.py
[2025-07-28T16:00:31.822+0000] {logging_mixin.py:190} INFO - [2025-07-28T16:00:31.822+0000] {dag.py:3229} INFO - Sync 1 DAGs
[2025-07-28T16:00:31.828+0000] {logging_mixin.py:190} INFO - [2025-07-28T16:00:31.828+0000] {dag.py:4156} INFO - Setting next_dagrun for tutorial_objectstorage to None, run_after=None
[2025-07-28T16:00:31.835+0000] {processor.py:208} INFO - Processing /home/airflow/.local/lib/python3.12/site-packages/airflow/example_dags/tutorial_objectstorage.py took 0.043 seconds
[2025-07-28T16:01:02.566+0000] {processor.py:186} INFO - Started process (PID=2266) to work on /home/airflow/.local/lib/python3.12/site-packages/airflow/example_dags/tutorial_objectstorage.py
[2025-07-28T16:01:02.568+0000] {processor.py:914} INFO - Processing file /home/airflow/.local/lib/python3.12/site-packages/airflow/example_dags/tutorial_objectstorage.py for tasks to queue
[2025-07-28T16:01:02.569+0000] {logging_mixin.py:190} INFO - [2025-07-28T16:01:02.569+0000] {dagbag.py:587} INFO - Filling up the DagBag from /home/airflow/.local/lib/python3.12/site-packages/airflow/example_dags/tutorial_objectstorage.py
[2025-07-28T16:01:02.575+0000] {processor.py:925} INFO - DAG(s) 'tutorial_objectstorage' retrieved from /home/airflow/.local/lib/python3.12/site-packages/airflow/example_dags/tutorial_objectstorage.py
[2025-07-28T16:01:02.584+0000] {logging_mixin.py:190} INFO - [2025-07-28T16:01:02.584+0000] {dag.py:3229} INFO - Sync 1 DAGs
[2025-07-28T16:01:02.590+0000] {logging_mixin.py:190} INFO - [2025-07-28T16:01:02.590+0000] {dag.py:4156} INFO - Setting next_dagrun for tutorial_objectstorage to None, run_after=None
[2025-07-28T16:01:02.596+0000] {processor.py:208} INFO - Processing /home/airflow/.local/lib/python3.12/site-packages/airflow/example_dags/tutorial_objectstorage.py took 0.033 seconds
