[2025-07-28T15:42:46.883+0000] {processor.py:186} INFO - Started process (PID=56) to work on /home/airflow/.local/lib/python3.12/site-packages/airflow/example_dags/tutorial.py
[2025-07-28T15:42:46.886+0000] {processor.py:914} INFO - Processing file /home/airflow/.local/lib/python3.12/site-packages/airflow/example_dags/tutorial.py for tasks to queue
[2025-07-28T15:42:46.888+0000] {logging_mixin.py:190} INFO - [2025-07-28T15:42:46.888+0000] {dagbag.py:587} INFO - Filling up the DagBag from /home/airflow/.local/lib/python3.12/site-packages/airflow/example_dags/tutorial.py
[2025-07-28T15:42:46.910+0000] {processor.py:925} INFO - DAG(s) 'tutorial' retrieved from /home/airflow/.local/lib/python3.12/site-packages/airflow/example_dags/tutorial.py
[2025-07-28T15:42:47.131+0000] {logging_mixin.py:190} INFO - [2025-07-28T15:42:47.131+0000] {override.py:1900} INFO - Created Permission View: can edit on DAG:tutorial
[2025-07-28T15:42:47.136+0000] {logging_mixin.py:190} INFO - [2025-07-28T15:42:47.136+0000] {override.py:1900} INFO - Created Permission View: can read on DAG:tutorial
[2025-07-28T15:42:47.140+0000] {logging_mixin.py:190} INFO - [2025-07-28T15:42:47.140+0000] {override.py:1900} INFO - Created Permission View: can delete on DAG:tutorial
[2025-07-28T15:42:47.144+0000] {logging_mixin.py:190} INFO - [2025-07-28T15:42:47.144+0000] {override.py:1900} INFO - Created Permission View: can read on DAG Run:tutorial
[2025-07-28T15:42:47.150+0000] {logging_mixin.py:190} INFO - [2025-07-28T15:42:47.149+0000] {override.py:1900} INFO - Created Permission View: can delete on DAG Run:tutorial
[2025-07-28T15:42:47.158+0000] {logging_mixin.py:190} INFO - [2025-07-28T15:42:47.157+0000] {override.py:1900} INFO - Created Permission View: can create on DAG Run:tutorial
[2025-07-28T15:42:47.221+0000] {logging_mixin.py:190} INFO - [2025-07-28T15:42:47.220+0000] {override.py:1900} INFO - Created Permission View: menu access on DAG Run:tutorial
[2025-07-28T15:42:47.228+0000] {logging_mixin.py:190} INFO - [2025-07-28T15:42:47.227+0000] {dag.py:3229} INFO - Sync 1 DAGs
[2025-07-28T15:42:47.264+0000] {logging_mixin.py:190} INFO - [2025-07-28T15:42:47.263+0000] {dag.py:3252} INFO - Creating ORM DAG for tutorial
[2025-07-28T15:42:47.284+0000] {logging_mixin.py:190} INFO - [2025-07-28T15:42:47.284+0000] {dag.py:4156} INFO - Setting next_dagrun for tutorial to 2025-07-27 00:00:00+00:00, run_after=2025-07-28 00:00:00+00:00
[2025-07-28T15:42:47.311+0000] {processor.py:208} INFO - Processing /home/airflow/.local/lib/python3.12/site-packages/airflow/example_dags/tutorial.py took 0.435 seconds
[2025-07-28T15:43:17.684+0000] {processor.py:186} INFO - Started process (PID=117) to work on /home/airflow/.local/lib/python3.12/site-packages/airflow/example_dags/tutorial.py
[2025-07-28T15:43:17.685+0000] {processor.py:914} INFO - Processing file /home/airflow/.local/lib/python3.12/site-packages/airflow/example_dags/tutorial.py for tasks to queue
[2025-07-28T15:43:17.686+0000] {logging_mixin.py:190} INFO - [2025-07-28T15:43:17.686+0000] {dagbag.py:587} INFO - Filling up the DagBag from /home/airflow/.local/lib/python3.12/site-packages/airflow/example_dags/tutorial.py
[2025-07-28T15:43:17.691+0000] {processor.py:925} INFO - DAG(s) 'tutorial' retrieved from /home/airflow/.local/lib/python3.12/site-packages/airflow/example_dags/tutorial.py
[2025-07-28T15:43:17.699+0000] {logging_mixin.py:190} INFO - [2025-07-28T15:43:17.699+0000] {dag.py:3229} INFO - Sync 1 DAGs
[2025-07-28T15:43:17.711+0000] {logging_mixin.py:190} INFO - [2025-07-28T15:43:17.711+0000] {dag.py:4156} INFO - Setting next_dagrun for tutorial to 2025-07-27 00:00:00+00:00, run_after=2025-07-28 00:00:00+00:00
[2025-07-28T15:43:17.718+0000] {processor.py:208} INFO - Processing /home/airflow/.local/lib/python3.12/site-packages/airflow/example_dags/tutorial.py took 0.036 seconds
[2025-07-28T15:43:48.323+0000] {processor.py:186} INFO - Started process (PID=179) to work on /home/airflow/.local/lib/python3.12/site-packages/airflow/example_dags/tutorial.py
[2025-07-28T15:43:48.323+0000] {processor.py:914} INFO - Processing file /home/airflow/.local/lib/python3.12/site-packages/airflow/example_dags/tutorial.py for tasks to queue
[2025-07-28T15:43:48.324+0000] {logging_mixin.py:190} INFO - [2025-07-28T15:43:48.324+0000] {dagbag.py:587} INFO - Filling up the DagBag from /home/airflow/.local/lib/python3.12/site-packages/airflow/example_dags/tutorial.py
[2025-07-28T15:43:48.330+0000] {processor.py:925} INFO - DAG(s) 'tutorial' retrieved from /home/airflow/.local/lib/python3.12/site-packages/airflow/example_dags/tutorial.py
[2025-07-28T15:43:48.341+0000] {logging_mixin.py:190} INFO - [2025-07-28T15:43:48.341+0000] {dag.py:3229} INFO - Sync 1 DAGs
[2025-07-28T15:43:48.357+0000] {logging_mixin.py:190} INFO - [2025-07-28T15:43:48.357+0000] {dag.py:4156} INFO - Setting next_dagrun for tutorial to 2025-07-27 00:00:00+00:00, run_after=2025-07-28 00:00:00+00:00
[2025-07-28T15:43:48.369+0000] {processor.py:208} INFO - Processing /home/airflow/.local/lib/python3.12/site-packages/airflow/example_dags/tutorial.py took 0.050 seconds
[2025-07-28T15:44:19.203+0000] {processor.py:186} INFO - Started process (PID=247) to work on /home/airflow/.local/lib/python3.12/site-packages/airflow/example_dags/tutorial.py
[2025-07-28T15:44:19.203+0000] {processor.py:914} INFO - Processing file /home/airflow/.local/lib/python3.12/site-packages/airflow/example_dags/tutorial.py for tasks to queue
[2025-07-28T15:44:19.205+0000] {logging_mixin.py:190} INFO - [2025-07-28T15:44:19.205+0000] {dagbag.py:587} INFO - Filling up the DagBag from /home/airflow/.local/lib/python3.12/site-packages/airflow/example_dags/tutorial.py
[2025-07-28T15:44:19.210+0000] {processor.py:925} INFO - DAG(s) 'tutorial' retrieved from /home/airflow/.local/lib/python3.12/site-packages/airflow/example_dags/tutorial.py
[2025-07-28T15:44:19.223+0000] {logging_mixin.py:190} INFO - [2025-07-28T15:44:19.223+0000] {dag.py:3229} INFO - Sync 1 DAGs
[2025-07-28T15:44:19.234+0000] {logging_mixin.py:190} INFO - [2025-07-28T15:44:19.234+0000] {dag.py:4156} INFO - Setting next_dagrun for tutorial to 2025-07-27 00:00:00+00:00, run_after=2025-07-28 00:00:00+00:00
[2025-07-28T15:44:19.244+0000] {processor.py:208} INFO - Processing /home/airflow/.local/lib/python3.12/site-packages/airflow/example_dags/tutorial.py took 0.046 seconds
[2025-07-28T15:44:49.656+0000] {processor.py:186} INFO - Started process (PID=309) to work on /home/airflow/.local/lib/python3.12/site-packages/airflow/example_dags/tutorial.py
[2025-07-28T15:44:49.659+0000] {processor.py:914} INFO - Processing file /home/airflow/.local/lib/python3.12/site-packages/airflow/example_dags/tutorial.py for tasks to queue
[2025-07-28T15:44:49.661+0000] {logging_mixin.py:190} INFO - [2025-07-28T15:44:49.660+0000] {dagbag.py:587} INFO - Filling up the DagBag from /home/airflow/.local/lib/python3.12/site-packages/airflow/example_dags/tutorial.py
[2025-07-28T15:44:49.665+0000] {processor.py:925} INFO - DAG(s) 'tutorial' retrieved from /home/airflow/.local/lib/python3.12/site-packages/airflow/example_dags/tutorial.py
[2025-07-28T15:44:49.683+0000] {logging_mixin.py:190} INFO - [2025-07-28T15:44:49.683+0000] {dag.py:3229} INFO - Sync 1 DAGs
[2025-07-28T15:44:49.703+0000] {logging_mixin.py:190} INFO - [2025-07-28T15:44:49.703+0000] {dag.py:4156} INFO - Setting next_dagrun for tutorial to 2025-07-27 00:00:00+00:00, run_after=2025-07-28 00:00:00+00:00
[2025-07-28T15:44:49.712+0000] {processor.py:208} INFO - Processing /home/airflow/.local/lib/python3.12/site-packages/airflow/example_dags/tutorial.py took 0.059 seconds
[2025-07-28T15:45:20.384+0000] {processor.py:186} INFO - Started process (PID=371) to work on /home/airflow/.local/lib/python3.12/site-packages/airflow/example_dags/tutorial.py
[2025-07-28T15:45:20.385+0000] {processor.py:914} INFO - Processing file /home/airflow/.local/lib/python3.12/site-packages/airflow/example_dags/tutorial.py for tasks to queue
[2025-07-28T15:45:20.386+0000] {logging_mixin.py:190} INFO - [2025-07-28T15:45:20.386+0000] {dagbag.py:587} INFO - Filling up the DagBag from /home/airflow/.local/lib/python3.12/site-packages/airflow/example_dags/tutorial.py
[2025-07-28T15:45:20.390+0000] {processor.py:925} INFO - DAG(s) 'tutorial' retrieved from /home/airflow/.local/lib/python3.12/site-packages/airflow/example_dags/tutorial.py
[2025-07-28T15:45:20.401+0000] {logging_mixin.py:190} INFO - [2025-07-28T15:45:20.401+0000] {dag.py:3229} INFO - Sync 1 DAGs
[2025-07-28T15:45:20.417+0000] {logging_mixin.py:190} INFO - [2025-07-28T15:45:20.416+0000] {dag.py:4156} INFO - Setting next_dagrun for tutorial to 2025-07-27 00:00:00+00:00, run_after=2025-07-28 00:00:00+00:00
[2025-07-28T15:45:20.425+0000] {processor.py:208} INFO - Processing /home/airflow/.local/lib/python3.12/site-packages/airflow/example_dags/tutorial.py took 0.045 seconds
[2025-07-28T15:45:51.440+0000] {processor.py:186} INFO - Started process (PID=433) to work on /home/airflow/.local/lib/python3.12/site-packages/airflow/example_dags/tutorial.py
[2025-07-28T15:45:51.441+0000] {processor.py:914} INFO - Processing file /home/airflow/.local/lib/python3.12/site-packages/airflow/example_dags/tutorial.py for tasks to queue
[2025-07-28T15:45:51.444+0000] {logging_mixin.py:190} INFO - [2025-07-28T15:45:51.443+0000] {dagbag.py:587} INFO - Filling up the DagBag from /home/airflow/.local/lib/python3.12/site-packages/airflow/example_dags/tutorial.py
[2025-07-28T15:45:51.450+0000] {processor.py:925} INFO - DAG(s) 'tutorial' retrieved from /home/airflow/.local/lib/python3.12/site-packages/airflow/example_dags/tutorial.py
[2025-07-28T15:45:51.462+0000] {logging_mixin.py:190} INFO - [2025-07-28T15:45:51.461+0000] {dag.py:3229} INFO - Sync 1 DAGs
[2025-07-28T15:45:51.476+0000] {logging_mixin.py:190} INFO - [2025-07-28T15:45:51.476+0000] {dag.py:4156} INFO - Setting next_dagrun for tutorial to 2025-07-27 00:00:00+00:00, run_after=2025-07-28 00:00:00+00:00
[2025-07-28T15:45:51.486+0000] {processor.py:208} INFO - Processing /home/airflow/.local/lib/python3.12/site-packages/airflow/example_dags/tutorial.py took 0.051 seconds
[2025-07-28T15:46:22.028+0000] {processor.py:186} INFO - Started process (PID=495) to work on /home/airflow/.local/lib/python3.12/site-packages/airflow/example_dags/tutorial.py
[2025-07-28T15:46:22.029+0000] {processor.py:914} INFO - Processing file /home/airflow/.local/lib/python3.12/site-packages/airflow/example_dags/tutorial.py for tasks to queue
[2025-07-28T15:46:22.031+0000] {logging_mixin.py:190} INFO - [2025-07-28T15:46:22.031+0000] {dagbag.py:587} INFO - Filling up the DagBag from /home/airflow/.local/lib/python3.12/site-packages/airflow/example_dags/tutorial.py
[2025-07-28T15:46:22.036+0000] {processor.py:925} INFO - DAG(s) 'tutorial' retrieved from /home/airflow/.local/lib/python3.12/site-packages/airflow/example_dags/tutorial.py
[2025-07-28T15:46:22.045+0000] {logging_mixin.py:190} INFO - [2025-07-28T15:46:22.045+0000] {dag.py:3229} INFO - Sync 1 DAGs
[2025-07-28T15:46:22.057+0000] {logging_mixin.py:190} INFO - [2025-07-28T15:46:22.057+0000] {dag.py:4156} INFO - Setting next_dagrun for tutorial to 2025-07-27 00:00:00+00:00, run_after=2025-07-28 00:00:00+00:00
[2025-07-28T15:46:22.064+0000] {processor.py:208} INFO - Processing /home/airflow/.local/lib/python3.12/site-packages/airflow/example_dags/tutorial.py took 0.041 seconds
[2025-07-28T15:46:52.546+0000] {processor.py:186} INFO - Started process (PID=557) to work on /home/airflow/.local/lib/python3.12/site-packages/airflow/example_dags/tutorial.py
[2025-07-28T15:46:52.546+0000] {processor.py:914} INFO - Processing file /home/airflow/.local/lib/python3.12/site-packages/airflow/example_dags/tutorial.py for tasks to queue
[2025-07-28T15:46:52.547+0000] {logging_mixin.py:190} INFO - [2025-07-28T15:46:52.547+0000] {dagbag.py:587} INFO - Filling up the DagBag from /home/airflow/.local/lib/python3.12/site-packages/airflow/example_dags/tutorial.py
[2025-07-28T15:46:52.552+0000] {processor.py:925} INFO - DAG(s) 'tutorial' retrieved from /home/airflow/.local/lib/python3.12/site-packages/airflow/example_dags/tutorial.py
[2025-07-28T15:46:52.562+0000] {logging_mixin.py:190} INFO - [2025-07-28T15:46:52.562+0000] {dag.py:3229} INFO - Sync 1 DAGs
[2025-07-28T15:46:52.573+0000] {logging_mixin.py:190} INFO - [2025-07-28T15:46:52.573+0000] {dag.py:4156} INFO - Setting next_dagrun for tutorial to 2025-07-27 00:00:00+00:00, run_after=2025-07-28 00:00:00+00:00
[2025-07-28T15:46:52.581+0000] {processor.py:208} INFO - Processing /home/airflow/.local/lib/python3.12/site-packages/airflow/example_dags/tutorial.py took 0.038 seconds
[2025-07-28T15:47:22.972+0000] {processor.py:186} INFO - Started process (PID=619) to work on /home/airflow/.local/lib/python3.12/site-packages/airflow/example_dags/tutorial.py
[2025-07-28T15:47:22.973+0000] {processor.py:914} INFO - Processing file /home/airflow/.local/lib/python3.12/site-packages/airflow/example_dags/tutorial.py for tasks to queue
[2025-07-28T15:47:22.975+0000] {logging_mixin.py:190} INFO - [2025-07-28T15:47:22.974+0000] {dagbag.py:587} INFO - Filling up the DagBag from /home/airflow/.local/lib/python3.12/site-packages/airflow/example_dags/tutorial.py
[2025-07-28T15:47:22.979+0000] {processor.py:925} INFO - DAG(s) 'tutorial' retrieved from /home/airflow/.local/lib/python3.12/site-packages/airflow/example_dags/tutorial.py
[2025-07-28T15:47:22.993+0000] {logging_mixin.py:190} INFO - [2025-07-28T15:47:22.993+0000] {dag.py:3229} INFO - Sync 1 DAGs
[2025-07-28T15:47:23.006+0000] {logging_mixin.py:190} INFO - [2025-07-28T15:47:23.005+0000] {dag.py:4156} INFO - Setting next_dagrun for tutorial to 2025-07-27 00:00:00+00:00, run_after=2025-07-28 00:00:00+00:00
[2025-07-28T15:47:23.013+0000] {processor.py:208} INFO - Processing /home/airflow/.local/lib/python3.12/site-packages/airflow/example_dags/tutorial.py took 0.045 seconds
[2025-07-28T15:47:53.885+0000] {processor.py:186} INFO - Started process (PID=681) to work on /home/airflow/.local/lib/python3.12/site-packages/airflow/example_dags/tutorial.py
[2025-07-28T15:47:53.886+0000] {processor.py:914} INFO - Processing file /home/airflow/.local/lib/python3.12/site-packages/airflow/example_dags/tutorial.py for tasks to queue
[2025-07-28T15:47:53.888+0000] {logging_mixin.py:190} INFO - [2025-07-28T15:47:53.888+0000] {dagbag.py:587} INFO - Filling up the DagBag from /home/airflow/.local/lib/python3.12/site-packages/airflow/example_dags/tutorial.py
[2025-07-28T15:47:53.894+0000] {processor.py:925} INFO - DAG(s) 'tutorial' retrieved from /home/airflow/.local/lib/python3.12/site-packages/airflow/example_dags/tutorial.py
[2025-07-28T15:47:53.904+0000] {logging_mixin.py:190} INFO - [2025-07-28T15:47:53.904+0000] {dag.py:3229} INFO - Sync 1 DAGs
[2025-07-28T15:47:53.918+0000] {logging_mixin.py:190} INFO - [2025-07-28T15:47:53.918+0000] {dag.py:4156} INFO - Setting next_dagrun for tutorial to 2025-07-27 00:00:00+00:00, run_after=2025-07-28 00:00:00+00:00
[2025-07-28T15:47:53.926+0000] {processor.py:208} INFO - Processing /home/airflow/.local/lib/python3.12/site-packages/airflow/example_dags/tutorial.py took 0.045 seconds
[2025-07-28T15:48:24.219+0000] {processor.py:186} INFO - Started process (PID=743) to work on /home/airflow/.local/lib/python3.12/site-packages/airflow/example_dags/tutorial.py
[2025-07-28T15:48:24.221+0000] {processor.py:914} INFO - Processing file /home/airflow/.local/lib/python3.12/site-packages/airflow/example_dags/tutorial.py for tasks to queue
[2025-07-28T15:48:24.223+0000] {logging_mixin.py:190} INFO - [2025-07-28T15:48:24.223+0000] {dagbag.py:587} INFO - Filling up the DagBag from /home/airflow/.local/lib/python3.12/site-packages/airflow/example_dags/tutorial.py
[2025-07-28T15:48:24.233+0000] {processor.py:925} INFO - DAG(s) 'tutorial' retrieved from /home/airflow/.local/lib/python3.12/site-packages/airflow/example_dags/tutorial.py
[2025-07-28T15:48:24.286+0000] {logging_mixin.py:190} INFO - [2025-07-28T15:48:24.285+0000] {dag.py:3229} INFO - Sync 1 DAGs
[2025-07-28T15:48:24.353+0000] {logging_mixin.py:190} INFO - [2025-07-28T15:48:24.353+0000] {dag.py:4156} INFO - Setting next_dagrun for tutorial to 2025-07-27 00:00:00+00:00, run_after=2025-07-28 00:00:00+00:00
[2025-07-28T15:48:24.365+0000] {processor.py:208} INFO - Processing /home/airflow/.local/lib/python3.12/site-packages/airflow/example_dags/tutorial.py took 0.158 seconds
[2025-07-28T15:48:54.433+0000] {processor.py:186} INFO - Started process (PID=805) to work on /home/airflow/.local/lib/python3.12/site-packages/airflow/example_dags/tutorial.py
[2025-07-28T15:48:54.435+0000] {processor.py:914} INFO - Processing file /home/airflow/.local/lib/python3.12/site-packages/airflow/example_dags/tutorial.py for tasks to queue
[2025-07-28T15:48:54.436+0000] {logging_mixin.py:190} INFO - [2025-07-28T15:48:54.436+0000] {dagbag.py:587} INFO - Filling up the DagBag from /home/airflow/.local/lib/python3.12/site-packages/airflow/example_dags/tutorial.py
[2025-07-28T15:48:54.440+0000] {processor.py:925} INFO - DAG(s) 'tutorial' retrieved from /home/airflow/.local/lib/python3.12/site-packages/airflow/example_dags/tutorial.py
[2025-07-28T15:48:54.451+0000] {logging_mixin.py:190} INFO - [2025-07-28T15:48:54.451+0000] {dag.py:3229} INFO - Sync 1 DAGs
[2025-07-28T15:48:54.463+0000] {logging_mixin.py:190} INFO - [2025-07-28T15:48:54.463+0000] {dag.py:4156} INFO - Setting next_dagrun for tutorial to 2025-07-27 00:00:00+00:00, run_after=2025-07-28 00:00:00+00:00
[2025-07-28T15:48:54.472+0000] {processor.py:208} INFO - Processing /home/airflow/.local/lib/python3.12/site-packages/airflow/example_dags/tutorial.py took 0.042 seconds
[2025-07-28T15:49:25.048+0000] {processor.py:186} INFO - Started process (PID=867) to work on /home/airflow/.local/lib/python3.12/site-packages/airflow/example_dags/tutorial.py
[2025-07-28T15:49:25.048+0000] {processor.py:914} INFO - Processing file /home/airflow/.local/lib/python3.12/site-packages/airflow/example_dags/tutorial.py for tasks to queue
[2025-07-28T15:49:25.050+0000] {logging_mixin.py:190} INFO - [2025-07-28T15:49:25.050+0000] {dagbag.py:587} INFO - Filling up the DagBag from /home/airflow/.local/lib/python3.12/site-packages/airflow/example_dags/tutorial.py
[2025-07-28T15:49:25.055+0000] {processor.py:925} INFO - DAG(s) 'tutorial' retrieved from /home/airflow/.local/lib/python3.12/site-packages/airflow/example_dags/tutorial.py
[2025-07-28T15:49:25.070+0000] {logging_mixin.py:190} INFO - [2025-07-28T15:49:25.070+0000] {dag.py:3229} INFO - Sync 1 DAGs
[2025-07-28T15:49:25.094+0000] {logging_mixin.py:190} INFO - [2025-07-28T15:49:25.094+0000] {dag.py:4156} INFO - Setting next_dagrun for tutorial to 2025-07-27 00:00:00+00:00, run_after=2025-07-28 00:00:00+00:00
[2025-07-28T15:49:25.108+0000] {processor.py:208} INFO - Processing /home/airflow/.local/lib/python3.12/site-packages/airflow/example_dags/tutorial.py took 0.064 seconds
[2025-07-28T15:49:55.576+0000] {processor.py:186} INFO - Started process (PID=929) to work on /home/airflow/.local/lib/python3.12/site-packages/airflow/example_dags/tutorial.py
[2025-07-28T15:49:55.578+0000] {processor.py:914} INFO - Processing file /home/airflow/.local/lib/python3.12/site-packages/airflow/example_dags/tutorial.py for tasks to queue
[2025-07-28T15:49:55.580+0000] {logging_mixin.py:190} INFO - [2025-07-28T15:49:55.580+0000] {dagbag.py:587} INFO - Filling up the DagBag from /home/airflow/.local/lib/python3.12/site-packages/airflow/example_dags/tutorial.py
[2025-07-28T15:49:55.590+0000] {processor.py:925} INFO - DAG(s) 'tutorial' retrieved from /home/airflow/.local/lib/python3.12/site-packages/airflow/example_dags/tutorial.py
[2025-07-28T15:49:55.619+0000] {logging_mixin.py:190} INFO - [2025-07-28T15:49:55.618+0000] {dag.py:3229} INFO - Sync 1 DAGs
[2025-07-28T15:49:55.645+0000] {logging_mixin.py:190} INFO - [2025-07-28T15:49:55.644+0000] {dag.py:4156} INFO - Setting next_dagrun for tutorial to 2025-07-27 00:00:00+00:00, run_after=2025-07-28 00:00:00+00:00
[2025-07-28T15:49:55.655+0000] {processor.py:208} INFO - Processing /home/airflow/.local/lib/python3.12/site-packages/airflow/example_dags/tutorial.py took 0.087 seconds
[2025-07-28T15:50:26.047+0000] {processor.py:186} INFO - Started process (PID=991) to work on /home/airflow/.local/lib/python3.12/site-packages/airflow/example_dags/tutorial.py
[2025-07-28T15:50:26.050+0000] {processor.py:914} INFO - Processing file /home/airflow/.local/lib/python3.12/site-packages/airflow/example_dags/tutorial.py for tasks to queue
[2025-07-28T15:50:26.052+0000] {logging_mixin.py:190} INFO - [2025-07-28T15:50:26.052+0000] {dagbag.py:587} INFO - Filling up the DagBag from /home/airflow/.local/lib/python3.12/site-packages/airflow/example_dags/tutorial.py
[2025-07-28T15:50:26.061+0000] {processor.py:925} INFO - DAG(s) 'tutorial' retrieved from /home/airflow/.local/lib/python3.12/site-packages/airflow/example_dags/tutorial.py
[2025-07-28T15:50:26.073+0000] {logging_mixin.py:190} INFO - [2025-07-28T15:50:26.073+0000] {dag.py:3229} INFO - Sync 1 DAGs
[2025-07-28T15:50:26.086+0000] {logging_mixin.py:190} INFO - [2025-07-28T15:50:26.086+0000] {dag.py:4156} INFO - Setting next_dagrun for tutorial to 2025-07-27 00:00:00+00:00, run_after=2025-07-28 00:00:00+00:00
[2025-07-28T15:50:26.095+0000] {processor.py:208} INFO - Processing /home/airflow/.local/lib/python3.12/site-packages/airflow/example_dags/tutorial.py took 0.051 seconds
[2025-07-28T15:50:57.200+0000] {processor.py:186} INFO - Started process (PID=1053) to work on /home/airflow/.local/lib/python3.12/site-packages/airflow/example_dags/tutorial.py
[2025-07-28T15:50:57.201+0000] {processor.py:914} INFO - Processing file /home/airflow/.local/lib/python3.12/site-packages/airflow/example_dags/tutorial.py for tasks to queue
[2025-07-28T15:50:57.202+0000] {logging_mixin.py:190} INFO - [2025-07-28T15:50:57.202+0000] {dagbag.py:587} INFO - Filling up the DagBag from /home/airflow/.local/lib/python3.12/site-packages/airflow/example_dags/tutorial.py
[2025-07-28T15:50:57.206+0000] {processor.py:925} INFO - DAG(s) 'tutorial' retrieved from /home/airflow/.local/lib/python3.12/site-packages/airflow/example_dags/tutorial.py
[2025-07-28T15:50:57.220+0000] {logging_mixin.py:190} INFO - [2025-07-28T15:50:57.220+0000] {dag.py:3229} INFO - Sync 1 DAGs
[2025-07-28T15:50:57.234+0000] {logging_mixin.py:190} INFO - [2025-07-28T15:50:57.234+0000] {dag.py:4156} INFO - Setting next_dagrun for tutorial to 2025-07-27 00:00:00+00:00, run_after=2025-07-28 00:00:00+00:00
[2025-07-28T15:50:57.244+0000] {processor.py:208} INFO - Processing /home/airflow/.local/lib/python3.12/site-packages/airflow/example_dags/tutorial.py took 0.047 seconds
[2025-07-28T15:51:27.803+0000] {processor.py:186} INFO - Started process (PID=1115) to work on /home/airflow/.local/lib/python3.12/site-packages/airflow/example_dags/tutorial.py
[2025-07-28T15:51:27.804+0000] {processor.py:914} INFO - Processing file /home/airflow/.local/lib/python3.12/site-packages/airflow/example_dags/tutorial.py for tasks to queue
[2025-07-28T15:51:27.805+0000] {logging_mixin.py:190} INFO - [2025-07-28T15:51:27.805+0000] {dagbag.py:587} INFO - Filling up the DagBag from /home/airflow/.local/lib/python3.12/site-packages/airflow/example_dags/tutorial.py
[2025-07-28T15:51:27.809+0000] {processor.py:925} INFO - DAG(s) 'tutorial' retrieved from /home/airflow/.local/lib/python3.12/site-packages/airflow/example_dags/tutorial.py
[2025-07-28T15:51:27.818+0000] {logging_mixin.py:190} INFO - [2025-07-28T15:51:27.818+0000] {dag.py:3229} INFO - Sync 1 DAGs
[2025-07-28T15:51:27.829+0000] {logging_mixin.py:190} INFO - [2025-07-28T15:51:27.829+0000] {dag.py:4156} INFO - Setting next_dagrun for tutorial to 2025-07-27 00:00:00+00:00, run_after=2025-07-28 00:00:00+00:00
[2025-07-28T15:51:27.837+0000] {processor.py:208} INFO - Processing /home/airflow/.local/lib/python3.12/site-packages/airflow/example_dags/tutorial.py took 0.037 seconds
[2025-07-28T15:51:58.244+0000] {processor.py:186} INFO - Started process (PID=1177) to work on /home/airflow/.local/lib/python3.12/site-packages/airflow/example_dags/tutorial.py
[2025-07-28T15:51:58.245+0000] {processor.py:914} INFO - Processing file /home/airflow/.local/lib/python3.12/site-packages/airflow/example_dags/tutorial.py for tasks to queue
[2025-07-28T15:51:58.246+0000] {logging_mixin.py:190} INFO - [2025-07-28T15:51:58.246+0000] {dagbag.py:587} INFO - Filling up the DagBag from /home/airflow/.local/lib/python3.12/site-packages/airflow/example_dags/tutorial.py
[2025-07-28T15:51:58.251+0000] {processor.py:925} INFO - DAG(s) 'tutorial' retrieved from /home/airflow/.local/lib/python3.12/site-packages/airflow/example_dags/tutorial.py
[2025-07-28T15:51:58.262+0000] {logging_mixin.py:190} INFO - [2025-07-28T15:51:58.262+0000] {dag.py:3229} INFO - Sync 1 DAGs
[2025-07-28T15:51:58.273+0000] {logging_mixin.py:190} INFO - [2025-07-28T15:51:58.273+0000] {dag.py:4156} INFO - Setting next_dagrun for tutorial to 2025-07-27 00:00:00+00:00, run_after=2025-07-28 00:00:00+00:00
[2025-07-28T15:51:58.281+0000] {processor.py:208} INFO - Processing /home/airflow/.local/lib/python3.12/site-packages/airflow/example_dags/tutorial.py took 0.041 seconds
[2025-07-28T15:52:28.748+0000] {processor.py:186} INFO - Started process (PID=1239) to work on /home/airflow/.local/lib/python3.12/site-packages/airflow/example_dags/tutorial.py
[2025-07-28T15:52:28.751+0000] {processor.py:914} INFO - Processing file /home/airflow/.local/lib/python3.12/site-packages/airflow/example_dags/tutorial.py for tasks to queue
[2025-07-28T15:52:28.755+0000] {logging_mixin.py:190} INFO - [2025-07-28T15:52:28.754+0000] {dagbag.py:587} INFO - Filling up the DagBag from /home/airflow/.local/lib/python3.12/site-packages/airflow/example_dags/tutorial.py
[2025-07-28T15:52:28.769+0000] {processor.py:925} INFO - DAG(s) 'tutorial' retrieved from /home/airflow/.local/lib/python3.12/site-packages/airflow/example_dags/tutorial.py
[2025-07-28T15:52:28.821+0000] {logging_mixin.py:190} INFO - [2025-07-28T15:52:28.820+0000] {dag.py:3229} INFO - Sync 1 DAGs
[2025-07-28T15:52:28.955+0000] {logging_mixin.py:190} INFO - [2025-07-28T15:52:28.953+0000] {dag.py:4156} INFO - Setting next_dagrun for tutorial to 2025-07-27 00:00:00+00:00, run_after=2025-07-28 00:00:00+00:00
[2025-07-28T15:52:29.015+0000] {processor.py:208} INFO - Processing /home/airflow/.local/lib/python3.12/site-packages/airflow/example_dags/tutorial.py took 0.273 seconds
[2025-07-28T15:52:59.457+0000] {processor.py:186} INFO - Started process (PID=1301) to work on /home/airflow/.local/lib/python3.12/site-packages/airflow/example_dags/tutorial.py
[2025-07-28T15:52:59.458+0000] {processor.py:914} INFO - Processing file /home/airflow/.local/lib/python3.12/site-packages/airflow/example_dags/tutorial.py for tasks to queue
[2025-07-28T15:52:59.459+0000] {logging_mixin.py:190} INFO - [2025-07-28T15:52:59.459+0000] {dagbag.py:587} INFO - Filling up the DagBag from /home/airflow/.local/lib/python3.12/site-packages/airflow/example_dags/tutorial.py
[2025-07-28T15:52:59.464+0000] {processor.py:925} INFO - DAG(s) 'tutorial' retrieved from /home/airflow/.local/lib/python3.12/site-packages/airflow/example_dags/tutorial.py
[2025-07-28T15:52:59.474+0000] {logging_mixin.py:190} INFO - [2025-07-28T15:52:59.474+0000] {dag.py:3229} INFO - Sync 1 DAGs
[2025-07-28T15:52:59.487+0000] {logging_mixin.py:190} INFO - [2025-07-28T15:52:59.487+0000] {dag.py:4156} INFO - Setting next_dagrun for tutorial to 2025-07-27 00:00:00+00:00, run_after=2025-07-28 00:00:00+00:00
[2025-07-28T15:52:59.497+0000] {processor.py:208} INFO - Processing /home/airflow/.local/lib/python3.12/site-packages/airflow/example_dags/tutorial.py took 0.043 seconds
[2025-07-28T15:53:30.307+0000] {processor.py:186} INFO - Started process (PID=1364) to work on /home/airflow/.local/lib/python3.12/site-packages/airflow/example_dags/tutorial.py
[2025-07-28T15:53:30.308+0000] {processor.py:914} INFO - Processing file /home/airflow/.local/lib/python3.12/site-packages/airflow/example_dags/tutorial.py for tasks to queue
[2025-07-28T15:53:30.310+0000] {logging_mixin.py:190} INFO - [2025-07-28T15:53:30.309+0000] {dagbag.py:587} INFO - Filling up the DagBag from /home/airflow/.local/lib/python3.12/site-packages/airflow/example_dags/tutorial.py
[2025-07-28T15:53:30.318+0000] {processor.py:925} INFO - DAG(s) 'tutorial' retrieved from /home/airflow/.local/lib/python3.12/site-packages/airflow/example_dags/tutorial.py
[2025-07-28T15:53:30.344+0000] {logging_mixin.py:190} INFO - [2025-07-28T15:53:30.344+0000] {dag.py:3229} INFO - Sync 1 DAGs
[2025-07-28T15:53:30.369+0000] {logging_mixin.py:190} INFO - [2025-07-28T15:53:30.367+0000] {dag.py:4156} INFO - Setting next_dagrun for tutorial to 2025-07-27 00:00:00+00:00, run_after=2025-07-28 00:00:00+00:00
[2025-07-28T15:53:30.411+0000] {processor.py:208} INFO - Processing /home/airflow/.local/lib/python3.12/site-packages/airflow/example_dags/tutorial.py took 0.110 seconds
[2025-07-28T15:54:01.231+0000] {processor.py:186} INFO - Started process (PID=1427) to work on /home/airflow/.local/lib/python3.12/site-packages/airflow/example_dags/tutorial.py
[2025-07-28T15:54:01.232+0000] {processor.py:914} INFO - Processing file /home/airflow/.local/lib/python3.12/site-packages/airflow/example_dags/tutorial.py for tasks to queue
[2025-07-28T15:54:01.234+0000] {logging_mixin.py:190} INFO - [2025-07-28T15:54:01.233+0000] {dagbag.py:587} INFO - Filling up the DagBag from /home/airflow/.local/lib/python3.12/site-packages/airflow/example_dags/tutorial.py
[2025-07-28T15:54:01.246+0000] {processor.py:925} INFO - DAG(s) 'tutorial' retrieved from /home/airflow/.local/lib/python3.12/site-packages/airflow/example_dags/tutorial.py
[2025-07-28T15:54:01.269+0000] {logging_mixin.py:190} INFO - [2025-07-28T15:54:01.269+0000] {dag.py:3229} INFO - Sync 1 DAGs
[2025-07-28T15:54:01.284+0000] {logging_mixin.py:190} INFO - [2025-07-28T15:54:01.283+0000] {dag.py:4156} INFO - Setting next_dagrun for tutorial to 2025-07-27 00:00:00+00:00, run_after=2025-07-28 00:00:00+00:00
[2025-07-28T15:54:01.299+0000] {processor.py:208} INFO - Processing /home/airflow/.local/lib/python3.12/site-packages/airflow/example_dags/tutorial.py took 0.071 seconds
[2025-07-28T15:54:32.160+0000] {processor.py:186} INFO - Started process (PID=1490) to work on /home/airflow/.local/lib/python3.12/site-packages/airflow/example_dags/tutorial.py
[2025-07-28T15:54:32.160+0000] {processor.py:914} INFO - Processing file /home/airflow/.local/lib/python3.12/site-packages/airflow/example_dags/tutorial.py for tasks to queue
[2025-07-28T15:54:32.162+0000] {logging_mixin.py:190} INFO - [2025-07-28T15:54:32.161+0000] {dagbag.py:587} INFO - Filling up the DagBag from /home/airflow/.local/lib/python3.12/site-packages/airflow/example_dags/tutorial.py
[2025-07-28T15:54:32.166+0000] {processor.py:925} INFO - DAG(s) 'tutorial' retrieved from /home/airflow/.local/lib/python3.12/site-packages/airflow/example_dags/tutorial.py
[2025-07-28T15:54:32.182+0000] {logging_mixin.py:190} INFO - [2025-07-28T15:54:32.182+0000] {dag.py:3229} INFO - Sync 1 DAGs
[2025-07-28T15:54:32.204+0000] {logging_mixin.py:190} INFO - [2025-07-28T15:54:32.204+0000] {dag.py:4156} INFO - Setting next_dagrun for tutorial to 2025-07-27 00:00:00+00:00, run_after=2025-07-28 00:00:00+00:00
[2025-07-28T15:54:32.216+0000] {processor.py:208} INFO - Processing /home/airflow/.local/lib/python3.12/site-packages/airflow/example_dags/tutorial.py took 0.060 seconds
[2025-07-28T15:55:02.944+0000] {processor.py:186} INFO - Started process (PID=1553) to work on /home/airflow/.local/lib/python3.12/site-packages/airflow/example_dags/tutorial.py
[2025-07-28T15:55:02.945+0000] {processor.py:914} INFO - Processing file /home/airflow/.local/lib/python3.12/site-packages/airflow/example_dags/tutorial.py for tasks to queue
[2025-07-28T15:55:02.947+0000] {logging_mixin.py:190} INFO - [2025-07-28T15:55:02.947+0000] {dagbag.py:587} INFO - Filling up the DagBag from /home/airflow/.local/lib/python3.12/site-packages/airflow/example_dags/tutorial.py
[2025-07-28T15:55:02.953+0000] {processor.py:925} INFO - DAG(s) 'tutorial' retrieved from /home/airflow/.local/lib/python3.12/site-packages/airflow/example_dags/tutorial.py
[2025-07-28T15:55:02.963+0000] {logging_mixin.py:190} INFO - [2025-07-28T15:55:02.963+0000] {dag.py:3229} INFO - Sync 1 DAGs
[2025-07-28T15:55:02.982+0000] {logging_mixin.py:190} INFO - [2025-07-28T15:55:02.982+0000] {dag.py:4156} INFO - Setting next_dagrun for tutorial to 2025-07-27 00:00:00+00:00, run_after=2025-07-28 00:00:00+00:00
[2025-07-28T15:55:02.996+0000] {processor.py:208} INFO - Processing /home/airflow/.local/lib/python3.12/site-packages/airflow/example_dags/tutorial.py took 0.055 seconds
[2025-07-28T15:55:33.822+0000] {processor.py:186} INFO - Started process (PID=1616) to work on /home/airflow/.local/lib/python3.12/site-packages/airflow/example_dags/tutorial.py
[2025-07-28T15:55:33.823+0000] {processor.py:914} INFO - Processing file /home/airflow/.local/lib/python3.12/site-packages/airflow/example_dags/tutorial.py for tasks to queue
[2025-07-28T15:55:33.824+0000] {logging_mixin.py:190} INFO - [2025-07-28T15:55:33.824+0000] {dagbag.py:587} INFO - Filling up the DagBag from /home/airflow/.local/lib/python3.12/site-packages/airflow/example_dags/tutorial.py
[2025-07-28T15:55:33.829+0000] {processor.py:925} INFO - DAG(s) 'tutorial' retrieved from /home/airflow/.local/lib/python3.12/site-packages/airflow/example_dags/tutorial.py
[2025-07-28T15:55:33.838+0000] {logging_mixin.py:190} INFO - [2025-07-28T15:55:33.838+0000] {dag.py:3229} INFO - Sync 1 DAGs
[2025-07-28T15:55:33.849+0000] {logging_mixin.py:190} INFO - [2025-07-28T15:55:33.849+0000] {dag.py:4156} INFO - Setting next_dagrun for tutorial to 2025-07-27 00:00:00+00:00, run_after=2025-07-28 00:00:00+00:00
[2025-07-28T15:55:33.859+0000] {processor.py:208} INFO - Processing /home/airflow/.local/lib/python3.12/site-packages/airflow/example_dags/tutorial.py took 0.040 seconds
[2025-07-28T15:56:05.231+0000] {processor.py:186} INFO - Started process (PID=1679) to work on /home/airflow/.local/lib/python3.12/site-packages/airflow/example_dags/tutorial.py
[2025-07-28T15:56:05.232+0000] {processor.py:914} INFO - Processing file /home/airflow/.local/lib/python3.12/site-packages/airflow/example_dags/tutorial.py for tasks to queue
[2025-07-28T15:56:05.234+0000] {logging_mixin.py:190} INFO - [2025-07-28T15:56:05.233+0000] {dagbag.py:587} INFO - Filling up the DagBag from /home/airflow/.local/lib/python3.12/site-packages/airflow/example_dags/tutorial.py
[2025-07-28T15:56:05.244+0000] {processor.py:925} INFO - DAG(s) 'tutorial' retrieved from /home/airflow/.local/lib/python3.12/site-packages/airflow/example_dags/tutorial.py
[2025-07-28T15:56:05.262+0000] {logging_mixin.py:190} INFO - [2025-07-28T15:56:05.262+0000] {dag.py:3229} INFO - Sync 1 DAGs
[2025-07-28T15:56:05.289+0000] {logging_mixin.py:190} INFO - [2025-07-28T15:56:05.289+0000] {dag.py:4156} INFO - Setting next_dagrun for tutorial to 2025-07-27 00:00:00+00:00, run_after=2025-07-28 00:00:00+00:00
[2025-07-28T15:56:05.323+0000] {processor.py:208} INFO - Processing /home/airflow/.local/lib/python3.12/site-packages/airflow/example_dags/tutorial.py took 0.097 seconds
[2025-07-28T15:56:35.935+0000] {processor.py:186} INFO - Started process (PID=1742) to work on /home/airflow/.local/lib/python3.12/site-packages/airflow/example_dags/tutorial.py
[2025-07-28T15:56:35.936+0000] {processor.py:914} INFO - Processing file /home/airflow/.local/lib/python3.12/site-packages/airflow/example_dags/tutorial.py for tasks to queue
[2025-07-28T15:56:35.942+0000] {logging_mixin.py:190} INFO - [2025-07-28T15:56:35.942+0000] {dagbag.py:587} INFO - Filling up the DagBag from /home/airflow/.local/lib/python3.12/site-packages/airflow/example_dags/tutorial.py
[2025-07-28T15:56:35.950+0000] {processor.py:925} INFO - DAG(s) 'tutorial' retrieved from /home/airflow/.local/lib/python3.12/site-packages/airflow/example_dags/tutorial.py
[2025-07-28T15:56:35.972+0000] {logging_mixin.py:190} INFO - [2025-07-28T15:56:35.972+0000] {dag.py:3229} INFO - Sync 1 DAGs
[2025-07-28T15:56:35.989+0000] {logging_mixin.py:190} INFO - [2025-07-28T15:56:35.989+0000] {dag.py:4156} INFO - Setting next_dagrun for tutorial to 2025-07-27 00:00:00+00:00, run_after=2025-07-28 00:00:00+00:00
[2025-07-28T15:56:36.003+0000] {processor.py:208} INFO - Processing /home/airflow/.local/lib/python3.12/site-packages/airflow/example_dags/tutorial.py took 0.077 seconds
[2025-07-28T15:57:06.287+0000] {processor.py:186} INFO - Started process (PID=1805) to work on /home/airflow/.local/lib/python3.12/site-packages/airflow/example_dags/tutorial.py
[2025-07-28T15:57:06.290+0000] {processor.py:914} INFO - Processing file /home/airflow/.local/lib/python3.12/site-packages/airflow/example_dags/tutorial.py for tasks to queue
[2025-07-28T15:57:06.292+0000] {logging_mixin.py:190} INFO - [2025-07-28T15:57:06.291+0000] {dagbag.py:587} INFO - Filling up the DagBag from /home/airflow/.local/lib/python3.12/site-packages/airflow/example_dags/tutorial.py
[2025-07-28T15:57:06.299+0000] {processor.py:925} INFO - DAG(s) 'tutorial' retrieved from /home/airflow/.local/lib/python3.12/site-packages/airflow/example_dags/tutorial.py
[2025-07-28T15:57:06.319+0000] {logging_mixin.py:190} INFO - [2025-07-28T15:57:06.319+0000] {dag.py:3229} INFO - Sync 1 DAGs
[2025-07-28T15:57:06.344+0000] {logging_mixin.py:190} INFO - [2025-07-28T15:57:06.343+0000] {dag.py:4156} INFO - Setting next_dagrun for tutorial to 2025-07-27 00:00:00+00:00, run_after=2025-07-28 00:00:00+00:00
[2025-07-28T15:57:06.355+0000] {processor.py:208} INFO - Processing /home/airflow/.local/lib/python3.12/site-packages/airflow/example_dags/tutorial.py took 0.071 seconds
[2025-07-28T15:57:37.305+0000] {processor.py:186} INFO - Started process (PID=1867) to work on /home/airflow/.local/lib/python3.12/site-packages/airflow/example_dags/tutorial.py
[2025-07-28T15:57:37.306+0000] {processor.py:914} INFO - Processing file /home/airflow/.local/lib/python3.12/site-packages/airflow/example_dags/tutorial.py for tasks to queue
[2025-07-28T15:57:37.307+0000] {logging_mixin.py:190} INFO - [2025-07-28T15:57:37.307+0000] {dagbag.py:587} INFO - Filling up the DagBag from /home/airflow/.local/lib/python3.12/site-packages/airflow/example_dags/tutorial.py
[2025-07-28T15:57:37.311+0000] {processor.py:925} INFO - DAG(s) 'tutorial' retrieved from /home/airflow/.local/lib/python3.12/site-packages/airflow/example_dags/tutorial.py
[2025-07-28T15:57:37.330+0000] {logging_mixin.py:190} INFO - [2025-07-28T15:57:37.330+0000] {dag.py:3229} INFO - Sync 1 DAGs
[2025-07-28T15:57:37.349+0000] {logging_mixin.py:190} INFO - [2025-07-28T15:57:37.349+0000] {dag.py:4156} INFO - Setting next_dagrun for tutorial to 2025-07-27 00:00:00+00:00, run_after=2025-07-28 00:00:00+00:00
[2025-07-28T15:57:37.369+0000] {processor.py:208} INFO - Processing /home/airflow/.local/lib/python3.12/site-packages/airflow/example_dags/tutorial.py took 0.068 seconds
[2025-07-28T15:58:08.370+0000] {processor.py:186} INFO - Started process (PID=1930) to work on /home/airflow/.local/lib/python3.12/site-packages/airflow/example_dags/tutorial.py
[2025-07-28T15:58:08.371+0000] {processor.py:914} INFO - Processing file /home/airflow/.local/lib/python3.12/site-packages/airflow/example_dags/tutorial.py for tasks to queue
[2025-07-28T15:58:08.374+0000] {logging_mixin.py:190} INFO - [2025-07-28T15:58:08.374+0000] {dagbag.py:587} INFO - Filling up the DagBag from /home/airflow/.local/lib/python3.12/site-packages/airflow/example_dags/tutorial.py
[2025-07-28T15:58:08.383+0000] {processor.py:925} INFO - DAG(s) 'tutorial' retrieved from /home/airflow/.local/lib/python3.12/site-packages/airflow/example_dags/tutorial.py
[2025-07-28T15:58:08.405+0000] {logging_mixin.py:190} INFO - [2025-07-28T15:58:08.405+0000] {dag.py:3229} INFO - Sync 1 DAGs
[2025-07-28T15:58:08.435+0000] {logging_mixin.py:190} INFO - [2025-07-28T15:58:08.434+0000] {dag.py:4156} INFO - Setting next_dagrun for tutorial to 2025-07-27 00:00:00+00:00, run_after=2025-07-28 00:00:00+00:00
[2025-07-28T15:58:08.445+0000] {processor.py:208} INFO - Processing /home/airflow/.local/lib/python3.12/site-packages/airflow/example_dags/tutorial.py took 0.081 seconds
[2025-07-28T15:58:38.923+0000] {processor.py:186} INFO - Started process (PID=1993) to work on /home/airflow/.local/lib/python3.12/site-packages/airflow/example_dags/tutorial.py
[2025-07-28T15:58:38.926+0000] {processor.py:914} INFO - Processing file /home/airflow/.local/lib/python3.12/site-packages/airflow/example_dags/tutorial.py for tasks to queue
[2025-07-28T15:58:38.930+0000] {logging_mixin.py:190} INFO - [2025-07-28T15:58:38.930+0000] {dagbag.py:587} INFO - Filling up the DagBag from /home/airflow/.local/lib/python3.12/site-packages/airflow/example_dags/tutorial.py
[2025-07-28T15:58:38.941+0000] {processor.py:925} INFO - DAG(s) 'tutorial' retrieved from /home/airflow/.local/lib/python3.12/site-packages/airflow/example_dags/tutorial.py
[2025-07-28T15:58:38.970+0000] {logging_mixin.py:190} INFO - [2025-07-28T15:58:38.969+0000] {dag.py:3229} INFO - Sync 1 DAGs
[2025-07-28T15:58:38.993+0000] {logging_mixin.py:190} INFO - [2025-07-28T15:58:38.993+0000] {dag.py:4156} INFO - Setting next_dagrun for tutorial to 2025-07-27 00:00:00+00:00, run_after=2025-07-28 00:00:00+00:00
[2025-07-28T15:58:39.011+0000] {processor.py:208} INFO - Processing /home/airflow/.local/lib/python3.12/site-packages/airflow/example_dags/tutorial.py took 0.097 seconds
[2025-07-28T15:59:09.912+0000] {processor.py:186} INFO - Started process (PID=2055) to work on /home/airflow/.local/lib/python3.12/site-packages/airflow/example_dags/tutorial.py
[2025-07-28T15:59:09.913+0000] {processor.py:914} INFO - Processing file /home/airflow/.local/lib/python3.12/site-packages/airflow/example_dags/tutorial.py for tasks to queue
[2025-07-28T15:59:09.914+0000] {logging_mixin.py:190} INFO - [2025-07-28T15:59:09.914+0000] {dagbag.py:587} INFO - Filling up the DagBag from /home/airflow/.local/lib/python3.12/site-packages/airflow/example_dags/tutorial.py
[2025-07-28T15:59:09.919+0000] {processor.py:925} INFO - DAG(s) 'tutorial' retrieved from /home/airflow/.local/lib/python3.12/site-packages/airflow/example_dags/tutorial.py
[2025-07-28T15:59:09.948+0000] {logging_mixin.py:190} INFO - [2025-07-28T15:59:09.948+0000] {dag.py:3229} INFO - Sync 1 DAGs
[2025-07-28T15:59:09.973+0000] {logging_mixin.py:190} INFO - [2025-07-28T15:59:09.973+0000] {dag.py:4156} INFO - Setting next_dagrun for tutorial to 2025-07-27 00:00:00+00:00, run_after=2025-07-28 00:00:00+00:00
[2025-07-28T15:59:09.989+0000] {processor.py:208} INFO - Processing /home/airflow/.local/lib/python3.12/site-packages/airflow/example_dags/tutorial.py took 0.084 seconds
[2025-07-28T15:59:40.925+0000] {processor.py:186} INFO - Started process (PID=2118) to work on /home/airflow/.local/lib/python3.12/site-packages/airflow/example_dags/tutorial.py
[2025-07-28T15:59:40.927+0000] {processor.py:914} INFO - Processing file /home/airflow/.local/lib/python3.12/site-packages/airflow/example_dags/tutorial.py for tasks to queue
[2025-07-28T15:59:40.933+0000] {logging_mixin.py:190} INFO - [2025-07-28T15:59:40.933+0000] {dagbag.py:587} INFO - Filling up the DagBag from /home/airflow/.local/lib/python3.12/site-packages/airflow/example_dags/tutorial.py
[2025-07-28T15:59:40.954+0000] {processor.py:925} INFO - DAG(s) 'tutorial' retrieved from /home/airflow/.local/lib/python3.12/site-packages/airflow/example_dags/tutorial.py
[2025-07-28T15:59:41.004+0000] {logging_mixin.py:190} INFO - [2025-07-28T15:59:41.004+0000] {dag.py:3229} INFO - Sync 1 DAGs
[2025-07-28T15:59:41.069+0000] {logging_mixin.py:190} INFO - [2025-07-28T15:59:41.069+0000] {dag.py:4156} INFO - Setting next_dagrun for tutorial to 2025-07-27 00:00:00+00:00, run_after=2025-07-28 00:00:00+00:00
[2025-07-28T15:59:41.123+0000] {processor.py:208} INFO - Processing /home/airflow/.local/lib/python3.12/site-packages/airflow/example_dags/tutorial.py took 0.212 seconds
[2025-07-28T16:00:11.186+0000] {processor.py:186} INFO - Started process (PID=2181) to work on /home/airflow/.local/lib/python3.12/site-packages/airflow/example_dags/tutorial.py
[2025-07-28T16:00:11.186+0000] {processor.py:914} INFO - Processing file /home/airflow/.local/lib/python3.12/site-packages/airflow/example_dags/tutorial.py for tasks to queue
[2025-07-28T16:00:11.188+0000] {logging_mixin.py:190} INFO - [2025-07-28T16:00:11.188+0000] {dagbag.py:587} INFO - Filling up the DagBag from /home/airflow/.local/lib/python3.12/site-packages/airflow/example_dags/tutorial.py
[2025-07-28T16:00:11.193+0000] {processor.py:925} INFO - DAG(s) 'tutorial' retrieved from /home/airflow/.local/lib/python3.12/site-packages/airflow/example_dags/tutorial.py
[2025-07-28T16:00:11.209+0000] {logging_mixin.py:190} INFO - [2025-07-28T16:00:11.208+0000] {dag.py:3229} INFO - Sync 1 DAGs
[2025-07-28T16:00:11.222+0000] {logging_mixin.py:190} INFO - [2025-07-28T16:00:11.222+0000] {dag.py:4156} INFO - Setting next_dagrun for tutorial to 2025-07-27 00:00:00+00:00, run_after=2025-07-28 00:00:00+00:00
[2025-07-28T16:00:11.233+0000] {processor.py:208} INFO - Processing /home/airflow/.local/lib/python3.12/site-packages/airflow/example_dags/tutorial.py took 0.050 seconds
[2025-07-28T16:00:41.909+0000] {processor.py:186} INFO - Started process (PID=2239) to work on /home/airflow/.local/lib/python3.12/site-packages/airflow/example_dags/tutorial.py
[2025-07-28T16:00:41.911+0000] {processor.py:914} INFO - Processing file /home/airflow/.local/lib/python3.12/site-packages/airflow/example_dags/tutorial.py for tasks to queue
[2025-07-28T16:00:41.916+0000] {logging_mixin.py:190} INFO - [2025-07-28T16:00:41.916+0000] {dagbag.py:587} INFO - Filling up the DagBag from /home/airflow/.local/lib/python3.12/site-packages/airflow/example_dags/tutorial.py
[2025-07-28T16:00:41.921+0000] {processor.py:925} INFO - DAG(s) 'tutorial' retrieved from /home/airflow/.local/lib/python3.12/site-packages/airflow/example_dags/tutorial.py
[2025-07-28T16:00:41.936+0000] {logging_mixin.py:190} INFO - [2025-07-28T16:00:41.936+0000] {dag.py:3229} INFO - Sync 1 DAGs
[2025-07-28T16:00:41.949+0000] {logging_mixin.py:190} INFO - [2025-07-28T16:00:41.949+0000] {dag.py:4156} INFO - Setting next_dagrun for tutorial to 2025-07-27 00:00:00+00:00, run_after=2025-07-28 00:00:00+00:00
[2025-07-28T16:00:41.964+0000] {processor.py:208} INFO - Processing /home/airflow/.local/lib/python3.12/site-packages/airflow/example_dags/tutorial.py took 0.059 seconds
