[2025-07-29T09:28:57.171+0000] {local_task_job_runner.py:123} INFO - ::group::Pre task execution logs
[2025-07-29T09:28:57.217+0000] {taskinstance.py:2612} INFO - Dependencies all met for dep_context=non-requeueable deps ti=<TaskInstance: dag_json_to_doris.bronze_load_identification manual__2025-07-29T09:28:50.251486+00:00 [queued]>
[2025-07-29T09:28:57.234+0000] {taskinstance.py:2612} INFO - Dependencies all met for dep_context=requeueable deps ti=<TaskInstance: dag_json_to_doris.bronze_load_identification manual__2025-07-29T09:28:50.251486+00:00 [queued]>
[2025-07-29T09:28:57.237+0000] {taskinstance.py:2865} INFO - Starting attempt 1 of 2
[2025-07-29T09:28:57.253+0000] {taskinstance.py:2888} INFO - Executing <Task(BashOperator): bronze_load_identification> on 2025-07-29 09:28:50.251486+00:00
[2025-07-29T09:28:57.269+0000] {warnings.py:112} WARNING - /home/***/.local/lib/python3.12/site-packages/***/task/task_runner/standard_task_runner.py:70: DeprecationWarning: This process (pid=235) is multi-threaded, use of fork() may lead to deadlocks in the child.
  pid = os.fork()

[2025-07-29T09:28:57.280+0000] {standard_task_runner.py:72} INFO - Started process 252 to run task
[2025-07-29T09:28:57.285+0000] {standard_task_runner.py:104} INFO - Running: ['***', 'tasks', 'run', 'dag_json_to_doris', 'bronze_load_identification', 'manual__2025-07-29T09:28:50.251486+00:00', '--job-id', '19', '--raw', '--subdir', 'DAGS_FOLDER/dag_json_to_doris.py', '--cfg-path', '/tmp/tmps2ce4gm6']
[2025-07-29T09:28:57.290+0000] {standard_task_runner.py:105} INFO - Job 19: Subtask bronze_load_identification
[2025-07-29T09:28:57.423+0000] {task_command.py:467} INFO - Running <TaskInstance: dag_json_to_doris.bronze_load_identification manual__2025-07-29T09:28:50.251486+00:00 [running]> on host 30dc85fcdec8
[2025-07-29T09:28:57.603+0000] {abstractoperator.py:778} ERROR - Exception rendering Jinja template for task 'bronze_load_identification', field 'bash_command'. Template: 'bash {{ params.script_path }}/{{ params.task }}_to_bronze.sh'
Traceback (most recent call last):
  File "/home/airflow/.local/lib/python3.12/site-packages/airflow/models/abstractoperator.py", line 770, in _do_render_template_fields
    rendered_content = self.render_template(
                       ^^^^^^^^^^^^^^^^^^^^^
  File "/home/airflow/.local/lib/python3.12/site-packages/airflow/template/templater.py", line 168, in render_template
    template = jinja_env.get_template(value)
               ^^^^^^^^^^^^^^^^^^^^^^^^^^^^^
  File "/home/airflow/.local/lib/python3.12/site-packages/jinja2/environment.py", line 1013, in get_template
    return self._load_template(name, globals)
           ^^^^^^^^^^^^^^^^^^^^^^^^^^^^^^^^^^
  File "/home/airflow/.local/lib/python3.12/site-packages/jinja2/environment.py", line 972, in _load_template
    template = self.loader.load(self, name, self.make_globals(globals))
               ^^^^^^^^^^^^^^^^^^^^^^^^^^^^^^^^^^^^^^^^^^^^^^^^^^^^^^^^
  File "/home/airflow/.local/lib/python3.12/site-packages/jinja2/loaders.py", line 126, in load
    source, filename, uptodate = self.get_source(environment, name)
                                 ^^^^^^^^^^^^^^^^^^^^^^^^^^^^^^^^^^
  File "/home/airflow/.local/lib/python3.12/site-packages/jinja2/loaders.py", line 207, in get_source
    raise TemplateNotFound(template)
jinja2.exceptions.TemplateNotFound: bash {{ params.script_path }}/{{ params.task }}_to_bronze.sh
[2025-07-29T09:28:57.611+0000] {taskinstance.py:3310} ERROR - Task failed with exception
Traceback (most recent call last):
  File "/home/airflow/.local/lib/python3.12/site-packages/airflow/models/taskinstance.py", line 273, in _run_raw_task
    TaskInstance._execute_task_with_callbacks(
  File "/home/airflow/.local/lib/python3.12/site-packages/airflow/models/taskinstance.py", line 3114, in _execute_task_with_callbacks
    task_orig = self.render_templates(context=context, jinja_env=jinja_env)
                ^^^^^^^^^^^^^^^^^^^^^^^^^^^^^^^^^^^^^^^^^^^^^^^^^^^^^^^^^^^
  File "/home/airflow/.local/lib/python3.12/site-packages/airflow/models/taskinstance.py", line 3533, in render_templates
    original_task.render_template_fields(context, jinja_env)
  File "/home/airflow/.local/lib/python3.12/site-packages/airflow/models/baseoperator.py", line 1419, in render_template_fields
    self._do_render_template_fields(self, self.template_fields, context, jinja_env, set())
  File "/home/airflow/.local/lib/python3.12/site-packages/airflow/models/abstractoperator.py", line 770, in _do_render_template_fields
    rendered_content = self.render_template(
                       ^^^^^^^^^^^^^^^^^^^^^
  File "/home/airflow/.local/lib/python3.12/site-packages/airflow/template/templater.py", line 168, in render_template
    template = jinja_env.get_template(value)
               ^^^^^^^^^^^^^^^^^^^^^^^^^^^^^
  File "/home/airflow/.local/lib/python3.12/site-packages/jinja2/environment.py", line 1013, in get_template
    return self._load_template(name, globals)
           ^^^^^^^^^^^^^^^^^^^^^^^^^^^^^^^^^^
  File "/home/airflow/.local/lib/python3.12/site-packages/jinja2/environment.py", line 972, in _load_template
    template = self.loader.load(self, name, self.make_globals(globals))
               ^^^^^^^^^^^^^^^^^^^^^^^^^^^^^^^^^^^^^^^^^^^^^^^^^^^^^^^^
  File "/home/airflow/.local/lib/python3.12/site-packages/jinja2/loaders.py", line 126, in load
    source, filename, uptodate = self.get_source(environment, name)
                                 ^^^^^^^^^^^^^^^^^^^^^^^^^^^^^^^^^^
  File "/home/airflow/.local/lib/python3.12/site-packages/jinja2/loaders.py", line 207, in get_source
    raise TemplateNotFound(template)
jinja2.exceptions.TemplateNotFound: bash {{ params.script_path }}/{{ params.task }}_to_bronze.sh
[2025-07-29T09:28:57.653+0000] {logging_mixin.py:190} INFO - Task instance in failure state
[2025-07-29T09:28:57.655+0000] {logging_mixin.py:190} INFO - Task start:2025-07-29 09:28:57.218580+00:00 end:2025-07-29 09:28:57.652819+00:00 duration:0.434239
[2025-07-29T09:28:57.655+0000] {logging_mixin.py:190} INFO - Task:<Task(BashOperator): bronze_load_identification> dag:<DAG: dag_json_to_doris> dagrun:<DagRun dag_json_to_doris @ 2025-07-29 09:28:50.251486+00:00: manual__2025-07-29T09:28:50.251486+00:00, state:running, queued_at: 2025-07-29 09:28:50.318835+00:00. externally triggered: True>
[2025-07-29T09:28:57.655+0000] {logging_mixin.py:190} INFO - Failure caused by bash {{ params.script_path }}/{{ params.task }}_to_bronze.sh
[2025-07-29T09:28:57.656+0000] {taskinstance.py:1225} INFO - Marking task as UP_FOR_RETRY. dag_id=dag_json_to_doris, task_id=bronze_load_identification, run_id=manual__2025-07-29T09:28:50.251486+00:00, execution_date=20250729T092850, start_date=20250729T092857, end_date=20250729T092857
[2025-07-29T09:28:57.762+0000] {taskinstance.py:340} INFO - ::group::Post task execution logs
[2025-07-29T09:28:57.766+0000] {standard_task_runner.py:124} ERROR - Failed to execute job 19 for task bronze_load_identification (bash {{ params.script_path }}/{{ params.task }}_to_bronze.sh; 252)
Traceback (most recent call last):
  File "/home/airflow/.local/lib/python3.12/site-packages/airflow/task/task_runner/standard_task_runner.py", line 117, in _start_by_fork
    ret = args.func(args, dag=self.dag)
          ^^^^^^^^^^^^^^^^^^^^^^^^^^^^^
  File "/home/airflow/.local/lib/python3.12/site-packages/airflow/cli/cli_config.py", line 49, in command
    return func(*args, **kwargs)
           ^^^^^^^^^^^^^^^^^^^^^
  File "/home/airflow/.local/lib/python3.12/site-packages/airflow/utils/cli.py", line 115, in wrapper
    return f(*args, **kwargs)
           ^^^^^^^^^^^^^^^^^^
  File "/home/airflow/.local/lib/python3.12/site-packages/airflow/cli/commands/task_command.py", line 483, in task_run
    task_return_code = _run_task_by_selected_method(args, _dag, ti)
                       ^^^^^^^^^^^^^^^^^^^^^^^^^^^^^^^^^^^^^^^^^^^^
  File "/home/airflow/.local/lib/python3.12/site-packages/airflow/cli/commands/task_command.py", line 256, in _run_task_by_selected_method
    return _run_raw_task(args, ti)
           ^^^^^^^^^^^^^^^^^^^^^^^
  File "/home/airflow/.local/lib/python3.12/site-packages/airflow/cli/commands/task_command.py", line 341, in _run_raw_task
    return ti._run_raw_task(
           ^^^^^^^^^^^^^^^^^
  File "/home/airflow/.local/lib/python3.12/site-packages/airflow/utils/session.py", line 97, in wrapper
    return func(*args, session=session, **kwargs)
           ^^^^^^^^^^^^^^^^^^^^^^^^^^^^^^^^^^^^^^
  File "/home/airflow/.local/lib/python3.12/site-packages/airflow/models/taskinstance.py", line 3004, in _run_raw_task
    return _run_raw_task(
           ^^^^^^^^^^^^^^
  File "/home/airflow/.local/lib/python3.12/site-packages/airflow/models/taskinstance.py", line 273, in _run_raw_task
    TaskInstance._execute_task_with_callbacks(
  File "/home/airflow/.local/lib/python3.12/site-packages/airflow/models/taskinstance.py", line 3114, in _execute_task_with_callbacks
    task_orig = self.render_templates(context=context, jinja_env=jinja_env)
                ^^^^^^^^^^^^^^^^^^^^^^^^^^^^^^^^^^^^^^^^^^^^^^^^^^^^^^^^^^^
  File "/home/airflow/.local/lib/python3.12/site-packages/airflow/models/taskinstance.py", line 3533, in render_templates
    original_task.render_template_fields(context, jinja_env)
  File "/home/airflow/.local/lib/python3.12/site-packages/airflow/models/baseoperator.py", line 1419, in render_template_fields
    self._do_render_template_fields(self, self.template_fields, context, jinja_env, set())
  File "/home/airflow/.local/lib/python3.12/site-packages/airflow/models/abstractoperator.py", line 770, in _do_render_template_fields
    rendered_content = self.render_template(
                       ^^^^^^^^^^^^^^^^^^^^^
  File "/home/airflow/.local/lib/python3.12/site-packages/airflow/template/templater.py", line 168, in render_template
    template = jinja_env.get_template(value)
               ^^^^^^^^^^^^^^^^^^^^^^^^^^^^^
  File "/home/airflow/.local/lib/python3.12/site-packages/jinja2/environment.py", line 1013, in get_template
    return self._load_template(name, globals)
           ^^^^^^^^^^^^^^^^^^^^^^^^^^^^^^^^^^
  File "/home/airflow/.local/lib/python3.12/site-packages/jinja2/environment.py", line 972, in _load_template
    template = self.loader.load(self, name, self.make_globals(globals))
               ^^^^^^^^^^^^^^^^^^^^^^^^^^^^^^^^^^^^^^^^^^^^^^^^^^^^^^^^
  File "/home/airflow/.local/lib/python3.12/site-packages/jinja2/loaders.py", line 126, in load
    source, filename, uptodate = self.get_source(environment, name)
                                 ^^^^^^^^^^^^^^^^^^^^^^^^^^^^^^^^^^
  File "/home/airflow/.local/lib/python3.12/site-packages/jinja2/loaders.py", line 207, in get_source
    raise TemplateNotFound(template)
jinja2.exceptions.TemplateNotFound: bash {{ params.script_path }}/{{ params.task }}_to_bronze.sh
[2025-07-29T09:28:57.808+0000] {local_task_job_runner.py:266} INFO - Task exited with return code 1
[2025-07-29T09:28:57.850+0000] {local_task_job_runner.py:245} INFO - ::endgroup::
