[2025-07-30T17:08:51.816+0000] {local_task_job_runner.py:123} INFO - ::group::Pre task execution logs
[2025-07-30T17:08:51.873+0000] {taskinstance.py:2612} INFO - Dependencies all met for dep_context=non-requeueable deps ti=<TaskInstance: dag_refined_to_business.read_sql_price_performance_summary manual__2025-07-30T17:08:20.152735+00:00 [queued]>
[2025-07-30T17:08:51.895+0000] {taskinstance.py:2612} INFO - Dependencies all met for dep_context=requeueable deps ti=<TaskInstance: dag_refined_to_business.read_sql_price_performance_summary manual__2025-07-30T17:08:20.152735+00:00 [queued]>
[2025-07-30T17:08:51.896+0000] {taskinstance.py:2865} INFO - Starting attempt 1 of 2
[2025-07-30T17:08:51.942+0000] {taskinstance.py:2888} INFO - Executing <Task(PythonOperator): read_sql_price_performance_summary> on 2025-07-30 17:08:20.152735+00:00
[2025-07-30T17:08:51.993+0000] {warnings.py:112} WARNING - /home/***/.local/lib/python3.12/site-packages/***/task/task_runner/standard_task_runner.py:70: DeprecationWarning: This process (pid=1363) is multi-threaded, use of fork() may lead to deadlocks in the child.
  pid = os.fork()

[2025-07-30T17:08:52.009+0000] {standard_task_runner.py:72} INFO - Started process 1370 to run task
[2025-07-30T17:08:52.018+0000] {standard_task_runner.py:104} INFO - Running: ['***', 'tasks', 'run', 'dag_refined_to_business', 'read_sql_price_performance_summary', 'manual__2025-07-30T17:08:20.152735+00:00', '--job-id', '211', '--raw', '--subdir', 'DAGS_FOLDER/dag_redined_to_business.py', '--cfg-path', '/tmp/tmpl7tus_u5']
[2025-07-30T17:08:52.019+0000] {standard_task_runner.py:105} INFO - Job 211: Subtask read_sql_price_performance_summary
[2025-07-30T17:08:52.197+0000] {task_command.py:467} INFO - Running <TaskInstance: dag_refined_to_business.read_sql_price_performance_summary manual__2025-07-30T17:08:20.152735+00:00 [running]> on host 7609641ebe00
[2025-07-30T17:08:52.326+0000] {taskinstance.py:3131} INFO - Exporting env vars: AIRFLOW_CTX_DAG_OWNER='reza' AIRFLOW_CTX_DAG_ID='dag_refined_to_business' AIRFLOW_CTX_TASK_ID='read_sql_price_performance_summary' AIRFLOW_CTX_EXECUTION_DATE='2025-07-30T17:08:20.152735+00:00' AIRFLOW_CTX_TRY_NUMBER='1' AIRFLOW_CTX_DAG_RUN_ID='manual__2025-07-30T17:08:20.152735+00:00'
[2025-07-30T17:08:52.335+0000] {logging_mixin.py:190} INFO - Task instance is in running state
[2025-07-30T17:08:52.336+0000] {logging_mixin.py:190} INFO -  Previous state of the Task instance: queued
[2025-07-30T17:08:52.337+0000] {logging_mixin.py:190} INFO - Current task name:read_sql_price_performance_summary state:running start_date:2025-07-30 17:08:51.874525+00:00
[2025-07-30T17:08:52.338+0000] {logging_mixin.py:190} INFO - Dag name:dag_refined_to_business and current dag run status:running
[2025-07-30T17:08:52.338+0000] {taskinstance.py:731} INFO - ::endgroup::
[2025-07-30T17:08:52.342+0000] {python.py:240} INFO - Done. Returned value was: INSERT INTO business.price_performance_summary
SELECT
  symbol,
  price_change_24h,
  price_change_pct_24h,
  ath AS all_time_high,
  atl AS all_time_low
FROM refined.coingecko_flat;
[2025-07-30T17:08:52.365+0000] {taskinstance.py:340} INFO - ::group::Post task execution logs
[2025-07-30T17:08:52.367+0000] {taskinstance.py:352} INFO - Marking task as SUCCESS. dag_id=dag_refined_to_business, task_id=read_sql_price_performance_summary, run_id=manual__2025-07-30T17:08:20.152735+00:00, execution_date=20250730T170820, start_date=20250730T170851, end_date=20250730T170852
[2025-07-30T17:08:52.383+0000] {logging_mixin.py:190} INFO - Task instance in success state
[2025-07-30T17:08:52.384+0000] {logging_mixin.py:190} INFO -  Previous state of the Task instance: running
[2025-07-30T17:08:52.384+0000] {logging_mixin.py:190} INFO - Dag name:dag_refined_to_business queued_at:2025-07-30 17:08:20.197823+00:00
[2025-07-30T17:08:52.385+0000] {logging_mixin.py:190} INFO - Task hostname:7609641ebe00 operator:PythonOperator
[2025-07-30T17:08:52.406+0000] {local_task_job_runner.py:266} INFO - Task exited with return code 0
[2025-07-30T17:08:52.436+0000] {local_task_job_runner.py:245} INFO - ::endgroup::
