[2025-07-30T16:36:05.062+0000] {local_task_job_runner.py:123} INFO - ::group::Pre task execution logs
[2025-07-30T16:36:05.070+0000] {taskinstance.py:2612} INFO - Dependencies all met for dep_context=non-requeueable deps ti=<TaskInstance: dag_raw_to_refined.exec_sql_coingecko_flat manual__2025-07-30T16:35:58.724431+00:00 [queued]>
[2025-07-30T16:36:05.073+0000] {taskinstance.py:2612} INFO - Dependencies all met for dep_context=requeueable deps ti=<TaskInstance: dag_raw_to_refined.exec_sql_coingecko_flat manual__2025-07-30T16:35:58.724431+00:00 [queued]>
[2025-07-30T16:36:05.074+0000] {taskinstance.py:2865} INFO - Starting attempt 1 of 2
[2025-07-30T16:36:05.079+0000] {taskinstance.py:2888} INFO - Executing <Task(SQLExecuteQueryOperator): exec_sql_coingecko_flat> on 2025-07-30 16:35:58.724431+00:00
[2025-07-30T16:36:05.090+0000] {warnings.py:112} WARNING - /home/***/.local/lib/python3.12/site-packages/***/task/task_runner/standard_task_runner.py:70: DeprecationWarning: This process (pid=902) is multi-threaded, use of fork() may lead to deadlocks in the child.
  pid = os.fork()

[2025-07-30T16:36:05.091+0000] {standard_task_runner.py:72} INFO - Started process 904 to run task
[2025-07-30T16:36:05.091+0000] {standard_task_runner.py:104} INFO - Running: ['***', 'tasks', 'run', 'dag_raw_to_refined', 'exec_sql_coingecko_flat', 'manual__2025-07-30T16:35:58.724431+00:00', '--job-id', '197', '--raw', '--subdir', 'DAGS_FOLDER/dag_raw_to_refined.py', '--cfg-path', '/tmp/tmpuy2ix_9l']
[2025-07-30T16:36:05.092+0000] {standard_task_runner.py:105} INFO - Job 197: Subtask exec_sql_coingecko_flat
[2025-07-30T16:36:05.133+0000] {task_command.py:467} INFO - Running <TaskInstance: dag_raw_to_refined.exec_sql_coingecko_flat manual__2025-07-30T16:35:58.724431+00:00 [running]> on host 7609641ebe00
[2025-07-30T16:36:05.180+0000] {taskinstance.py:3131} INFO - Exporting env vars: AIRFLOW_CTX_DAG_OWNER='reza' AIRFLOW_CTX_DAG_ID='dag_raw_to_refined' AIRFLOW_CTX_TASK_ID='exec_sql_coingecko_flat' AIRFLOW_CTX_EXECUTION_DATE='2025-07-30T16:35:58.724431+00:00' AIRFLOW_CTX_TRY_NUMBER='1' AIRFLOW_CTX_DAG_RUN_ID='manual__2025-07-30T16:35:58.724431+00:00'
[2025-07-30T16:36:05.181+0000] {logging_mixin.py:190} INFO - Task instance is in running state
[2025-07-30T16:36:05.181+0000] {logging_mixin.py:190} INFO -  Previous state of the Task instance: queued
[2025-07-30T16:36:05.181+0000] {logging_mixin.py:190} INFO - Current task name:exec_sql_coingecko_flat state:running start_date:2025-07-30 16:36:05.070537+00:00
[2025-07-30T16:36:05.181+0000] {logging_mixin.py:190} INFO - Dag name:dag_raw_to_refined and current dag run status:running
[2025-07-30T16:36:05.181+0000] {taskinstance.py:731} INFO - ::endgroup::
[2025-07-30T16:36:05.182+0000] {sql.py:266} INFO - Executing: INSERT INTO refined.coingecko_flat
SELECT
  i.symbol,
  CURRENT_DATE() AS date,
  i.name,
  m.current_price,
  m.market_cap,
  m.market_cap_rank,
  m.total_volume,
  m.high_24h,
  m.low_24h,
  s.circulating_supply,
  s.total_supply,
  s.max_supply,
  p.price_change_24h,
  p.price_change_percentage_24h AS price_change_pct_24h,
  p.ath,
  p.atl,
  md.image AS image_url,
  CAST(md.last_updated AS DATETIME) AS last_updated
FROM raw.identification i
JOIN raw.market_data m ON i.id = m.id
JOIN raw.supply_data s ON i.id = s.id
JOIN raw.price_change p ON i.id = p.id
JOIN raw.metadata md ON i.id = md.id;
[2025-07-30T16:36:05.186+0000] {base.py:84} INFO - Retrieving connection 'mysql_doris_conn'
[2025-07-30T16:36:05.192+0000] {base.py:84} INFO - Retrieving connection 'mysql_doris_conn'
[2025-07-30T16:36:05.232+0000] {sql.py:509} INFO - Running statement: INSERT INTO refined.coingecko_flat
SELECT
  i.symbol,
  CURRENT_DATE() AS date,
  i.name,
  m.current_price,
  m.market_cap,
  m.market_cap_rank,
  m.total_volume,
  m.high_24h,
  m.low_24h,
  s.circulating_supply,
  s.total_supply,
  s.max_supply,
  p.price_change_24h,
  p.price_change_percentage_24h AS price_change_pct_24h,
  p.ath,
  p.atl,
  md.image AS image_url,
  CAST(md.last_updated AS DATETIME) AS last_updated
FROM raw.identification i
JOIN raw.market_data m ON i.id = m.id
JOIN raw.supply_data s ON i.id = s.id
JOIN raw.price_change p ON i.id = p.id
JOIN raw.metadata md ON i.id = md.id;, parameters: None
[2025-07-30T16:36:05.926+0000] {sql.py:518} INFO - Rows affected: 1000
[2025-07-30T16:36:05.989+0000] {taskinstance.py:340} INFO - ::group::Post task execution logs
[2025-07-30T16:36:05.990+0000] {taskinstance.py:352} INFO - Marking task as SUCCESS. dag_id=dag_raw_to_refined, task_id=exec_sql_coingecko_flat, run_id=manual__2025-07-30T16:35:58.724431+00:00, execution_date=20250730T163558, start_date=20250730T163605, end_date=20250730T163605
[2025-07-30T16:36:06.013+0000] {logging_mixin.py:190} INFO - Task instance in success state
[2025-07-30T16:36:06.015+0000] {logging_mixin.py:190} INFO -  Previous state of the Task instance: running
[2025-07-30T16:36:06.015+0000] {logging_mixin.py:190} INFO - Dag name:dag_raw_to_refined queued_at:2025-07-30 16:35:58.850989+00:00
[2025-07-30T16:36:06.016+0000] {logging_mixin.py:190} INFO - Task hostname:7609641ebe00 operator:SQLExecuteQueryOperator
[2025-07-30T16:36:06.095+0000] {local_task_job_runner.py:266} INFO - Task exited with return code 0
[2025-07-30T16:36:06.131+0000] {taskinstance.py:3900} INFO - 0 downstream tasks scheduled from follow-on schedule check
[2025-07-30T16:36:06.132+0000] {local_task_job_runner.py:245} INFO - ::endgroup::
