[2025-07-30T17:08:51.800+0000] {local_task_job_runner.py:123} INFO - ::group::Pre task execution logs
[2025-07-30T17:08:51.849+0000] {taskinstance.py:2612} INFO - Dependencies all met for dep_context=non-requeueable deps ti=<TaskInstance: dag_refined_to_business.read_sql_supply_metrics manual__2025-07-30T17:08:20.152735+00:00 [queued]>
[2025-07-30T17:08:51.859+0000] {taskinstance.py:2612} INFO - Dependencies all met for dep_context=requeueable deps ti=<TaskInstance: dag_refined_to_business.read_sql_supply_metrics manual__2025-07-30T17:08:20.152735+00:00 [queued]>
[2025-07-30T17:08:51.862+0000] {taskinstance.py:2865} INFO - Starting attempt 1 of 2
[2025-07-30T17:08:51.913+0000] {taskinstance.py:2888} INFO - Executing <Task(PythonOperator): read_sql_supply_metrics> on 2025-07-30 17:08:20.152735+00:00
[2025-07-30T17:08:51.985+0000] {warnings.py:112} WARNING - /home/***/.local/lib/python3.12/site-packages/***/task/task_runner/standard_task_runner.py:70: DeprecationWarning: This process (pid=1362) is multi-threaded, use of fork() may lead to deadlocks in the child.
  pid = os.fork()

[2025-07-30T17:08:51.988+0000] {standard_task_runner.py:72} INFO - Started process 1369 to run task
[2025-07-30T17:08:52.003+0000] {standard_task_runner.py:104} INFO - Running: ['***', 'tasks', 'run', 'dag_refined_to_business', 'read_sql_supply_metrics', 'manual__2025-07-30T17:08:20.152735+00:00', '--job-id', '209', '--raw', '--subdir', 'DAGS_FOLDER/dag_redined_to_business.py', '--cfg-path', '/tmp/tmpt6oc7f92']
[2025-07-30T17:08:52.005+0000] {standard_task_runner.py:105} INFO - Job 209: Subtask read_sql_supply_metrics
[2025-07-30T17:08:52.186+0000] {task_command.py:467} INFO - Running <TaskInstance: dag_refined_to_business.read_sql_supply_metrics manual__2025-07-30T17:08:20.152735+00:00 [running]> on host 7609641ebe00
[2025-07-30T17:08:52.294+0000] {taskinstance.py:3131} INFO - Exporting env vars: AIRFLOW_CTX_DAG_OWNER='reza' AIRFLOW_CTX_DAG_ID='dag_refined_to_business' AIRFLOW_CTX_TASK_ID='read_sql_supply_metrics' AIRFLOW_CTX_EXECUTION_DATE='2025-07-30T17:08:20.152735+00:00' AIRFLOW_CTX_TRY_NUMBER='1' AIRFLOW_CTX_DAG_RUN_ID='manual__2025-07-30T17:08:20.152735+00:00'
[2025-07-30T17:08:52.303+0000] {logging_mixin.py:190} INFO - Task instance is in running state
[2025-07-30T17:08:52.304+0000] {logging_mixin.py:190} INFO -  Previous state of the Task instance: queued
[2025-07-30T17:08:52.304+0000] {logging_mixin.py:190} INFO - Current task name:read_sql_supply_metrics state:running start_date:2025-07-30 17:08:51.850135+00:00
[2025-07-30T17:08:52.305+0000] {logging_mixin.py:190} INFO - Dag name:dag_refined_to_business and current dag run status:running
[2025-07-30T17:08:52.305+0000] {taskinstance.py:731} INFO - ::endgroup::
[2025-07-30T17:08:52.315+0000] {python.py:240} INFO - Done. Returned value was: INSERT INTO business.supply_metrics
SELECT
  symbol,
  circulating_supply,
  total_supply,
  max_supply,
  CASE
    WHEN max_supply = 0 THEN NULL
    ELSE (circulating_supply / max_supply) * 100
  END AS supply_utilization_pct
FROM refined.coingecko_flat;

[2025-07-30T17:08:52.345+0000] {taskinstance.py:340} INFO - ::group::Post task execution logs
[2025-07-30T17:08:52.345+0000] {taskinstance.py:352} INFO - Marking task as SUCCESS. dag_id=dag_refined_to_business, task_id=read_sql_supply_metrics, run_id=manual__2025-07-30T17:08:20.152735+00:00, execution_date=20250730T170820, start_date=20250730T170851, end_date=20250730T170852
[2025-07-30T17:08:52.358+0000] {logging_mixin.py:190} INFO - Task instance in success state
[2025-07-30T17:08:52.360+0000] {logging_mixin.py:190} INFO -  Previous state of the Task instance: running
[2025-07-30T17:08:52.361+0000] {logging_mixin.py:190} INFO - Dag name:dag_refined_to_business queued_at:2025-07-30 17:08:20.197823+00:00
[2025-07-30T17:08:52.361+0000] {logging_mixin.py:190} INFO - Task hostname:7609641ebe00 operator:PythonOperator
[2025-07-30T17:08:52.389+0000] {local_task_job_runner.py:266} INFO - Task exited with return code 0
[2025-07-30T17:08:52.443+0000] {taskinstance.py:3900} INFO - 1 downstream tasks scheduled from follow-on schedule check
[2025-07-30T17:08:52.446+0000] {local_task_job_runner.py:245} INFO - ::endgroup::
