[2025-07-30T17:08:51.816+0000] {local_task_job_runner.py:123} INFO - ::group::Pre task execution logs
[2025-07-30T17:08:51.863+0000] {taskinstance.py:2612} INFO - Dependencies all met for dep_context=non-requeueable deps ti=<TaskInstance: dag_refined_to_business.read_sql_asset_profile manual__2025-07-30T17:08:20.152735+00:00 [queued]>
[2025-07-30T17:08:51.884+0000] {taskinstance.py:2612} INFO - Dependencies all met for dep_context=requeueable deps ti=<TaskInstance: dag_refined_to_business.read_sql_asset_profile manual__2025-07-30T17:08:20.152735+00:00 [queued]>
[2025-07-30T17:08:51.885+0000] {taskinstance.py:2865} INFO - Starting attempt 1 of 2
[2025-07-30T17:08:51.929+0000] {taskinstance.py:2888} INFO - Executing <Task(PythonOperator): read_sql_asset_profile> on 2025-07-30 17:08:20.152735+00:00
[2025-07-30T17:08:51.994+0000] {standard_task_runner.py:104} INFO - Running: ['***', 'tasks', 'run', 'dag_refined_to_business', 'read_sql_asset_profile', 'manual__2025-07-30T17:08:20.152735+00:00', '--job-id', '210', '--raw', '--subdir', 'DAGS_FOLDER/dag_redined_to_business.py', '--cfg-path', '/tmp/tmpw3ai0o6b']
[2025-07-30T17:08:51.999+0000] {standard_task_runner.py:105} INFO - Job 210: Subtask read_sql_asset_profile
[2025-07-30T17:08:51.987+0000] {warnings.py:112} WARNING - /home/***/.local/lib/python3.12/site-packages/***/task/task_runner/standard_task_runner.py:70: DeprecationWarning: This process (pid=1364) is multi-threaded, use of fork() may lead to deadlocks in the child.
  pid = os.fork()

[2025-07-30T17:08:52.005+0000] {standard_task_runner.py:72} INFO - Started process 1368 to run task
[2025-07-30T17:08:52.102+0000] {task_command.py:467} INFO - Running <TaskInstance: dag_refined_to_business.read_sql_asset_profile manual__2025-07-30T17:08:20.152735+00:00 [running]> on host 7609641ebe00
[2025-07-30T17:08:52.249+0000] {taskinstance.py:3131} INFO - Exporting env vars: AIRFLOW_CTX_DAG_OWNER='reza' AIRFLOW_CTX_DAG_ID='dag_refined_to_business' AIRFLOW_CTX_TASK_ID='read_sql_asset_profile' AIRFLOW_CTX_EXECUTION_DATE='2025-07-30T17:08:20.152735+00:00' AIRFLOW_CTX_TRY_NUMBER='1' AIRFLOW_CTX_DAG_RUN_ID='manual__2025-07-30T17:08:20.152735+00:00'
[2025-07-30T17:08:52.255+0000] {logging_mixin.py:190} INFO - Task instance is in running state
[2025-07-30T17:08:52.256+0000] {logging_mixin.py:190} INFO -  Previous state of the Task instance: queued
[2025-07-30T17:08:52.257+0000] {logging_mixin.py:190} INFO - Current task name:read_sql_asset_profile state:running start_date:2025-07-30 17:08:51.864397+00:00
[2025-07-30T17:08:52.259+0000] {logging_mixin.py:190} INFO - Dag name:dag_refined_to_business and current dag run status:running
[2025-07-30T17:08:52.260+0000] {taskinstance.py:731} INFO - ::endgroup::
[2025-07-30T17:08:52.265+0000] {python.py:240} INFO - Done. Returned value was: INSERT INTO business.asset_profile
SELECT 
    symbol, 
    name, 
    image_url, 
    last_updated
FROM refined.coingecko_flat;
[2025-07-30T17:08:52.299+0000] {taskinstance.py:340} INFO - ::group::Post task execution logs
[2025-07-30T17:08:52.300+0000] {taskinstance.py:352} INFO - Marking task as SUCCESS. dag_id=dag_refined_to_business, task_id=read_sql_asset_profile, run_id=manual__2025-07-30T17:08:20.152735+00:00, execution_date=20250730T170820, start_date=20250730T170851, end_date=20250730T170852
[2025-07-30T17:08:52.315+0000] {logging_mixin.py:190} INFO - Task instance in success state
[2025-07-30T17:08:52.316+0000] {logging_mixin.py:190} INFO -  Previous state of the Task instance: running
[2025-07-30T17:08:52.316+0000] {logging_mixin.py:190} INFO - Dag name:dag_refined_to_business queued_at:2025-07-30 17:08:20.197823+00:00
[2025-07-30T17:08:52.317+0000] {logging_mixin.py:190} INFO - Task hostname:7609641ebe00 operator:PythonOperator
[2025-07-30T17:08:52.370+0000] {local_task_job_runner.py:266} INFO - Task exited with return code 0
[2025-07-30T17:08:52.413+0000] {taskinstance.py:3900} INFO - 1 downstream tasks scheduled from follow-on schedule check
[2025-07-30T17:08:52.415+0000] {local_task_job_runner.py:245} INFO - ::endgroup::
