[2025-07-30T17:11:07.309+0000] {local_task_job_runner.py:123} INFO - ::group::Pre task execution logs
[2025-07-30T17:11:07.531+0000] {taskinstance.py:2612} INFO - Dependencies all met for dep_context=non-requeueable deps ti=<TaskInstance: dag_refined_to_business.exec_sql_price_performance_summary manual__2025-07-30T17:10:08.290460+00:00 [queued]>
[2025-07-30T17:11:07.592+0000] {taskinstance.py:2612} INFO - Dependencies all met for dep_context=requeueable deps ti=<TaskInstance: dag_refined_to_business.exec_sql_price_performance_summary manual__2025-07-30T17:10:08.290460+00:00 [queued]>
[2025-07-30T17:11:07.596+0000] {taskinstance.py:2865} INFO - Starting attempt 1 of 2
[2025-07-30T17:11:07.702+0000] {taskinstance.py:2888} INFO - Executing <Task(SQLExecuteQueryOperator): exec_sql_price_performance_summary> on 2025-07-30 17:10:08.290460+00:00
[2025-07-30T17:11:07.813+0000] {warnings.py:112} WARNING - /home/***/.local/lib/python3.12/site-packages/***/task/task_runner/standard_task_runner.py:70: DeprecationWarning: This process (pid=1440) is multi-threaded, use of fork() may lead to deadlocks in the child.
  pid = os.fork()

[2025-07-30T17:11:07.831+0000] {standard_task_runner.py:72} INFO - Started process 1448 to run task
[2025-07-30T17:11:07.830+0000] {standard_task_runner.py:104} INFO - Running: ['***', 'tasks', 'run', 'dag_refined_to_business', 'exec_sql_price_performance_summary', 'manual__2025-07-30T17:10:08.290460+00:00', '--job-id', '224', '--raw', '--subdir', 'DAGS_FOLDER/dag_redined_to_business.py', '--cfg-path', '/tmp/tmpl64g3w5x']
[2025-07-30T17:11:07.833+0000] {standard_task_runner.py:105} INFO - Job 224: Subtask exec_sql_price_performance_summary
[2025-07-30T17:11:08.012+0000] {task_command.py:467} INFO - Running <TaskInstance: dag_refined_to_business.exec_sql_price_performance_summary manual__2025-07-30T17:10:08.290460+00:00 [running]> on host 7609641ebe00
[2025-07-30T17:11:08.289+0000] {taskinstance.py:3131} INFO - Exporting env vars: AIRFLOW_CTX_DAG_OWNER='reza' AIRFLOW_CTX_DAG_ID='dag_refined_to_business' AIRFLOW_CTX_TASK_ID='exec_sql_price_performance_summary' AIRFLOW_CTX_EXECUTION_DATE='2025-07-30T17:10:08.290460+00:00' AIRFLOW_CTX_TRY_NUMBER='1' AIRFLOW_CTX_DAG_RUN_ID='manual__2025-07-30T17:10:08.290460+00:00'
[2025-07-30T17:11:08.300+0000] {logging_mixin.py:190} INFO - Task instance is in running state
[2025-07-30T17:11:08.303+0000] {logging_mixin.py:190} INFO -  Previous state of the Task instance: queued
[2025-07-30T17:11:08.304+0000] {logging_mixin.py:190} INFO - Current task name:exec_sql_price_performance_summary state:running start_date:2025-07-30 17:11:07.534756+00:00
[2025-07-30T17:11:08.305+0000] {logging_mixin.py:190} INFO - Dag name:dag_refined_to_business and current dag run status:running
[2025-07-30T17:11:08.306+0000] {taskinstance.py:731} INFO - ::endgroup::
[2025-07-30T17:11:08.309+0000] {sql.py:266} INFO - Executing: INSERT INTO business.price_performance_summary
SELECT
  symbol,
  price_change_24h,
  price_change_pct_24h,
  ath AS all_time_high,
  atl AS all_time_low
FROM refined.coingecko_flat;
[2025-07-30T17:11:08.350+0000] {base.py:84} INFO - Retrieving connection 'mysql_doris_conn'
[2025-07-30T17:11:08.389+0000] {base.py:84} INFO - Retrieving connection 'mysql_doris_conn'
[2025-07-30T17:11:08.844+0000] {sql.py:509} INFO - Running statement: INSERT INTO business.price_performance_summary
SELECT
  symbol,
  price_change_24h,
  price_change_pct_24h,
  ath AS all_time_high,
  atl AS all_time_low
FROM refined.coingecko_flat;, parameters: None
[2025-07-30T17:11:10.212+0000] {sql.py:518} INFO - Rows affected: 1000
[2025-07-30T17:11:10.494+0000] {taskinstance.py:340} INFO - ::group::Post task execution logs
[2025-07-30T17:11:10.512+0000] {taskinstance.py:352} INFO - Marking task as SUCCESS. dag_id=dag_refined_to_business, task_id=exec_sql_price_performance_summary, run_id=manual__2025-07-30T17:10:08.290460+00:00, execution_date=20250730T171008, start_date=20250730T171107, end_date=20250730T171110
[2025-07-30T17:11:10.849+0000] {logging_mixin.py:190} INFO - Task instance in success state
[2025-07-30T17:11:10.864+0000] {logging_mixin.py:190} INFO -  Previous state of the Task instance: running
[2025-07-30T17:11:10.866+0000] {logging_mixin.py:190} INFO - Dag name:dag_refined_to_business queued_at:2025-07-30 17:10:08.350823+00:00
[2025-07-30T17:11:10.867+0000] {logging_mixin.py:190} INFO - Task hostname:7609641ebe00 operator:SQLExecuteQueryOperator
[2025-07-30T17:11:11.090+0000] {local_task_job_runner.py:266} INFO - Task exited with return code 0
[2025-07-30T17:11:11.234+0000] {local_task_job_runner.py:245} INFO - ::endgroup::
