[2025-07-30T16:37:27.418+0000] {local_task_job_runner.py:123} INFO - ::group::Pre task execution logs
[2025-07-30T16:37:27.427+0000] {taskinstance.py:2612} INFO - Dependencies all met for dep_context=non-requeueable deps ti=<TaskInstance: dag_raw_to_refined.read_sql_coingecko_flat manual__2025-07-30T16:37:22.351385+00:00 [queued]>
[2025-07-30T16:37:27.432+0000] {taskinstance.py:2612} INFO - Dependencies all met for dep_context=requeueable deps ti=<TaskInstance: dag_raw_to_refined.read_sql_coingecko_flat manual__2025-07-30T16:37:22.351385+00:00 [queued]>
[2025-07-30T16:37:27.433+0000] {taskinstance.py:2865} INFO - Starting attempt 1 of 2
[2025-07-30T16:37:27.439+0000] {taskinstance.py:2888} INFO - Executing <Task(PythonOperator): read_sql_coingecko_flat> on 2025-07-30 16:37:22.351385+00:00
[2025-07-30T16:37:27.448+0000] {warnings.py:112} WARNING - /home/***/.local/lib/python3.12/site-packages/***/task/task_runner/standard_task_runner.py:70: DeprecationWarning: This process (pid=924) is multi-threaded, use of fork() may lead to deadlocks in the child.
  pid = os.fork()

[2025-07-30T16:37:27.450+0000] {standard_task_runner.py:72} INFO - Started process 926 to run task
[2025-07-30T16:37:27.452+0000] {standard_task_runner.py:104} INFO - Running: ['***', 'tasks', 'run', 'dag_raw_to_refined', 'read_sql_coingecko_flat', 'manual__2025-07-30T16:37:22.351385+00:00', '--job-id', '199', '--raw', '--subdir', 'DAGS_FOLDER/dag_raw_to_refined.py', '--cfg-path', '/tmp/tmpgyjs0bl6']
[2025-07-30T16:37:27.453+0000] {standard_task_runner.py:105} INFO - Job 199: Subtask read_sql_coingecko_flat
[2025-07-30T16:37:27.504+0000] {task_command.py:467} INFO - Running <TaskInstance: dag_raw_to_refined.read_sql_coingecko_flat manual__2025-07-30T16:37:22.351385+00:00 [running]> on host 7609641ebe00
[2025-07-30T16:37:27.552+0000] {taskinstance.py:3131} INFO - Exporting env vars: AIRFLOW_CTX_DAG_OWNER='reza' AIRFLOW_CTX_DAG_ID='dag_raw_to_refined' AIRFLOW_CTX_TASK_ID='read_sql_coingecko_flat' AIRFLOW_CTX_EXECUTION_DATE='2025-07-30T16:37:22.351385+00:00' AIRFLOW_CTX_TRY_NUMBER='1' AIRFLOW_CTX_DAG_RUN_ID='manual__2025-07-30T16:37:22.351385+00:00'
[2025-07-30T16:37:27.554+0000] {logging_mixin.py:190} INFO - Task instance is in running state
[2025-07-30T16:37:27.554+0000] {logging_mixin.py:190} INFO -  Previous state of the Task instance: queued
[2025-07-30T16:37:27.554+0000] {logging_mixin.py:190} INFO - Current task name:read_sql_coingecko_flat state:running start_date:2025-07-30 16:37:27.428148+00:00
[2025-07-30T16:37:27.554+0000] {logging_mixin.py:190} INFO - Dag name:dag_raw_to_refined and current dag run status:running
[2025-07-30T16:37:27.555+0000] {taskinstance.py:731} INFO - ::endgroup::
[2025-07-30T16:37:27.555+0000] {python.py:240} INFO - Done. Returned value was: INSERT INTO refined.coingecko_flat
SELECT
  i.symbol,
  CURRENT_DATE() AS date,
  i.name,
  m.current_price,
  m.market_cap,
  m.market_cap_rank,
  m.total_volume,
  m.high_24h,
  m.low_24h,
  s.circulating_supply,
  s.total_supply,
  s.max_supply,
  p.price_change_24h,
  p.price_change_percentage_24h AS price_change_pct_24h,
  p.ath,
  p.atl,
  md.image AS image_url,
  CAST(md.last_updated AS DATETIME) AS last_updated
FROM raw.identification i
JOIN raw.market_data m ON i.id = m.id
JOIN raw.supply_data s ON i.id = s.id
JOIN raw.price_change p ON i.id = p.id
JOIN raw.metadata md ON i.id = md.id;
[2025-07-30T16:37:27.569+0000] {taskinstance.py:340} INFO - ::group::Post task execution logs
[2025-07-30T16:37:27.569+0000] {taskinstance.py:352} INFO - Marking task as SUCCESS. dag_id=dag_raw_to_refined, task_id=read_sql_coingecko_flat, run_id=manual__2025-07-30T16:37:22.351385+00:00, execution_date=20250730T163722, start_date=20250730T163727, end_date=20250730T163727
[2025-07-30T16:37:27.573+0000] {logging_mixin.py:190} INFO - Task instance in success state
[2025-07-30T16:37:27.573+0000] {logging_mixin.py:190} INFO -  Previous state of the Task instance: running
[2025-07-30T16:37:27.573+0000] {logging_mixin.py:190} INFO - Dag name:dag_raw_to_refined queued_at:2025-07-30 16:37:22.416402+00:00
[2025-07-30T16:37:27.573+0000] {logging_mixin.py:190} INFO - Task hostname:7609641ebe00 operator:PythonOperator
[2025-07-30T16:37:27.592+0000] {local_task_job_runner.py:266} INFO - Task exited with return code 0
[2025-07-30T16:37:27.616+0000] {taskinstance.py:3900} INFO - 1 downstream tasks scheduled from follow-on schedule check
[2025-07-30T16:37:27.617+0000] {local_task_job_runner.py:245} INFO - ::endgroup::
