[2025-07-30T16:36:01.644+0000] {local_task_job_runner.py:123} INFO - ::group::Pre task execution logs
[2025-07-30T16:36:01.652+0000] {taskinstance.py:2612} INFO - Dependencies all met for dep_context=non-requeueable deps ti=<TaskInstance: dag_raw_to_refined.truncate_coingecko_flat manual__2025-07-30T16:35:58.724431+00:00 [queued]>
[2025-07-30T16:36:01.655+0000] {taskinstance.py:2612} INFO - Dependencies all met for dep_context=requeueable deps ti=<TaskInstance: dag_raw_to_refined.truncate_coingecko_flat manual__2025-07-30T16:35:58.724431+00:00 [queued]>
[2025-07-30T16:36:01.655+0000] {taskinstance.py:2865} INFO - Starting attempt 1 of 2
[2025-07-30T16:36:01.662+0000] {taskinstance.py:2888} INFO - Executing <Task(SQLExecuteQueryOperator): truncate_coingecko_flat> on 2025-07-30 16:35:58.724431+00:00
[2025-07-30T16:36:01.675+0000] {warnings.py:112} WARNING - /home/***/.local/lib/python3.12/site-packages/***/task/task_runner/standard_task_runner.py:70: DeprecationWarning: This process (pid=894) is multi-threaded, use of fork() may lead to deadlocks in the child.
  pid = os.fork()

[2025-07-30T16:36:01.677+0000] {standard_task_runner.py:72} INFO - Started process 896 to run task
[2025-07-30T16:36:01.677+0000] {standard_task_runner.py:104} INFO - Running: ['***', 'tasks', 'run', 'dag_raw_to_refined', 'truncate_coingecko_flat', 'manual__2025-07-30T16:35:58.724431+00:00', '--job-id', '195', '--raw', '--subdir', 'DAGS_FOLDER/dag_raw_to_refined.py', '--cfg-path', '/tmp/tmpava1a2cl']
[2025-07-30T16:36:01.678+0000] {standard_task_runner.py:105} INFO - Job 195: Subtask truncate_coingecko_flat
[2025-07-30T16:36:01.716+0000] {task_command.py:467} INFO - Running <TaskInstance: dag_raw_to_refined.truncate_coingecko_flat manual__2025-07-30T16:35:58.724431+00:00 [running]> on host 7609641ebe00
[2025-07-30T16:36:01.756+0000] {taskinstance.py:3131} INFO - Exporting env vars: AIRFLOW_CTX_DAG_OWNER='reza' AIRFLOW_CTX_DAG_ID='dag_raw_to_refined' AIRFLOW_CTX_TASK_ID='truncate_coingecko_flat' AIRFLOW_CTX_EXECUTION_DATE='2025-07-30T16:35:58.724431+00:00' AIRFLOW_CTX_TRY_NUMBER='1' AIRFLOW_CTX_DAG_RUN_ID='manual__2025-07-30T16:35:58.724431+00:00'
[2025-07-30T16:36:01.757+0000] {logging_mixin.py:190} INFO - Task instance is in running state
[2025-07-30T16:36:01.758+0000] {logging_mixin.py:190} INFO -  Previous state of the Task instance: queued
[2025-07-30T16:36:01.758+0000] {logging_mixin.py:190} INFO - Current task name:truncate_coingecko_flat state:running start_date:2025-07-30 16:36:01.652203+00:00
[2025-07-30T16:36:01.758+0000] {logging_mixin.py:190} INFO - Dag name:dag_raw_to_refined and current dag run status:running
[2025-07-30T16:36:01.758+0000] {taskinstance.py:731} INFO - ::endgroup::
[2025-07-30T16:36:01.758+0000] {sql.py:266} INFO - Executing: truncate table refined.coingecko_flat
[2025-07-30T16:36:01.763+0000] {base.py:84} INFO - Retrieving connection 'mysql_doris_conn'
[2025-07-30T16:36:01.768+0000] {base.py:84} INFO - Retrieving connection 'mysql_doris_conn'
[2025-07-30T16:36:01.921+0000] {sql.py:509} INFO - Running statement: truncate table refined.coingecko_flat, parameters: None
[2025-07-30T16:36:01.937+0000] {sql.py:518} INFO - Rows affected: 0
[2025-07-30T16:36:01.961+0000] {taskinstance.py:340} INFO - ::group::Post task execution logs
[2025-07-30T16:36:01.961+0000] {taskinstance.py:352} INFO - Marking task as SUCCESS. dag_id=dag_raw_to_refined, task_id=truncate_coingecko_flat, run_id=manual__2025-07-30T16:35:58.724431+00:00, execution_date=20250730T163558, start_date=20250730T163601, end_date=20250730T163601
[2025-07-30T16:36:01.973+0000] {logging_mixin.py:190} INFO - Task instance in success state
[2025-07-30T16:36:01.974+0000] {logging_mixin.py:190} INFO -  Previous state of the Task instance: running
[2025-07-30T16:36:01.975+0000] {logging_mixin.py:190} INFO - Dag name:dag_raw_to_refined queued_at:2025-07-30 16:35:58.850989+00:00
[2025-07-30T16:36:01.975+0000] {logging_mixin.py:190} INFO - Task hostname:7609641ebe00 operator:SQLExecuteQueryOperator
[2025-07-30T16:36:02.028+0000] {local_task_job_runner.py:266} INFO - Task exited with return code 0
[2025-07-30T16:36:02.096+0000] {taskinstance.py:3900} INFO - 1 downstream tasks scheduled from follow-on schedule check
[2025-07-30T16:36:02.098+0000] {local_task_job_runner.py:245} INFO - ::endgroup::
