[2025-07-30T14:26:59.293+0000] {local_task_job_runner.py:123} INFO - ::group::Pre task execution logs
[2025-07-30T14:26:59.416+0000] {taskinstance.py:2612} INFO - Dependencies all met for dep_context=non-requeueable deps ti=<TaskInstance: dag_json_to_doris.truncate_supply_data manual__2025-07-30T14:13:04.204461+00:00 [queued]>
[2025-07-30T14:26:59.473+0000] {taskinstance.py:2612} INFO - Dependencies all met for dep_context=requeueable deps ti=<TaskInstance: dag_json_to_doris.truncate_supply_data manual__2025-07-30T14:13:04.204461+00:00 [queued]>
[2025-07-30T14:26:59.477+0000] {taskinstance.py:2865} INFO - Starting attempt 2 of 2
[2025-07-30T14:26:59.591+0000] {taskinstance.py:2888} INFO - Executing <Task(SQLExecuteQueryOperator): truncate_supply_data> on 2025-07-30 14:13:04.204461+00:00
[2025-07-30T14:26:59.665+0000] {warnings.py:112} WARNING - /home/***/.local/lib/python3.12/site-packages/***/task/task_runner/standard_task_runner.py:70: DeprecationWarning: This process (pid=67) is multi-threaded, use of fork() may lead to deadlocks in the child.
  pid = os.fork()

[2025-07-30T14:26:59.667+0000] {standard_task_runner.py:104} INFO - Running: ['***', 'tasks', 'run', 'dag_json_to_doris', 'truncate_supply_data', 'manual__2025-07-30T14:13:04.204461+00:00', '--job-id', '123', '--raw', '--subdir', 'DAGS_FOLDER/dag_json_to_doris.py', '--cfg-path', '/tmp/tmp1609l6h7']
[2025-07-30T14:26:59.683+0000] {standard_task_runner.py:105} INFO - Job 123: Subtask truncate_supply_data
[2025-07-30T14:26:59.681+0000] {standard_task_runner.py:72} INFO - Started process 83 to run task
[2025-07-30T14:27:06.294+0000] {task_command.py:467} INFO - Running <TaskInstance: dag_json_to_doris.truncate_supply_data manual__2025-07-30T14:13:04.204461+00:00 [running]> on host 62ffd1c06c18
[2025-07-30T14:27:06.864+0000] {taskinstance.py:3131} INFO - Exporting env vars: AIRFLOW_CTX_DAG_OWNER='reza' AIRFLOW_CTX_DAG_ID='dag_json_to_doris' AIRFLOW_CTX_TASK_ID='truncate_supply_data' AIRFLOW_CTX_EXECUTION_DATE='2025-07-30T14:13:04.204461+00:00' AIRFLOW_CTX_TRY_NUMBER='2' AIRFLOW_CTX_DAG_RUN_ID='manual__2025-07-30T14:13:04.204461+00:00'
[2025-07-30T14:27:06.880+0000] {logging_mixin.py:190} INFO - Task instance is in running state
[2025-07-30T14:27:06.882+0000] {logging_mixin.py:190} INFO -  Previous state of the Task instance: queued
[2025-07-30T14:27:06.883+0000] {logging_mixin.py:190} INFO - Current task name:truncate_supply_data state:running start_date:2025-07-30 14:26:59.417883+00:00
[2025-07-30T14:27:06.884+0000] {logging_mixin.py:190} INFO - Dag name:dag_json_to_doris and current dag run status:running
[2025-07-30T14:27:06.887+0000] {taskinstance.py:731} INFO - ::endgroup::
[2025-07-30T14:27:06.890+0000] {sql.py:266} INFO - Executing: truncate table raw.supply_data
[2025-07-30T14:27:06.941+0000] {base.py:84} INFO - Retrieving connection 'mysql_doris_conn'
[2025-07-30T14:27:07.028+0000] {base.py:84} INFO - Retrieving connection 'mysql_doris_conn'
