[2025-07-30T17:10:20.198+0000] {local_task_job_runner.py:123} INFO - ::group::Pre task execution logs
[2025-07-30T17:10:20.275+0000] {taskinstance.py:2612} INFO - Dependencies all met for dep_context=non-requeueable deps ti=<TaskInstance: dag_refined_to_business.truncate_supply_metrics manual__2025-07-30T17:10:08.290460+00:00 [queued]>
[2025-07-30T17:10:20.298+0000] {taskinstance.py:2612} INFO - Dependencies all met for dep_context=requeueable deps ti=<TaskInstance: dag_refined_to_business.truncate_supply_metrics manual__2025-07-30T17:10:08.290460+00:00 [queued]>
[2025-07-30T17:10:20.300+0000] {taskinstance.py:2865} INFO - Starting attempt 1 of 2
[2025-07-30T17:10:20.369+0000] {taskinstance.py:2888} INFO - Executing <Task(SQLExecuteQueryOperator): truncate_supply_metrics> on 2025-07-30 17:10:08.290460+00:00
[2025-07-30T17:10:20.419+0000] {standard_task_runner.py:104} INFO - Running: ['***', 'tasks', 'run', 'dag_refined_to_business', 'truncate_supply_metrics', 'manual__2025-07-30T17:10:08.290460+00:00', '--job-id', '218', '--raw', '--subdir', 'DAGS_FOLDER/dag_redined_to_business.py', '--cfg-path', '/tmp/tmpk2o4edzt']
[2025-07-30T17:10:20.415+0000] {warnings.py:112} WARNING - /home/***/.local/lib/python3.12/site-packages/***/task/task_runner/standard_task_runner.py:70: DeprecationWarning: This process (pid=1402) is multi-threaded, use of fork() may lead to deadlocks in the child.
  pid = os.fork()

[2025-07-30T17:10:20.428+0000] {standard_task_runner.py:105} INFO - Job 218: Subtask truncate_supply_metrics
[2025-07-30T17:10:20.429+0000] {standard_task_runner.py:72} INFO - Started process 1412 to run task
[2025-07-30T17:10:20.862+0000] {task_command.py:467} INFO - Running <TaskInstance: dag_refined_to_business.truncate_supply_metrics manual__2025-07-30T17:10:08.290460+00:00 [running]> on host 7609641ebe00
[2025-07-30T17:10:21.441+0000] {taskinstance.py:3131} INFO - Exporting env vars: AIRFLOW_CTX_DAG_OWNER='reza' AIRFLOW_CTX_DAG_ID='dag_refined_to_business' AIRFLOW_CTX_TASK_ID='truncate_supply_metrics' AIRFLOW_CTX_EXECUTION_DATE='2025-07-30T17:10:08.290460+00:00' AIRFLOW_CTX_TRY_NUMBER='1' AIRFLOW_CTX_DAG_RUN_ID='manual__2025-07-30T17:10:08.290460+00:00'
[2025-07-30T17:10:21.452+0000] {logging_mixin.py:190} INFO - Task instance is in running state
[2025-07-30T17:10:21.453+0000] {logging_mixin.py:190} INFO -  Previous state of the Task instance: queued
[2025-07-30T17:10:21.454+0000] {logging_mixin.py:190} INFO - Current task name:truncate_supply_metrics state:running start_date:2025-07-30 17:10:20.277311+00:00
[2025-07-30T17:10:21.454+0000] {logging_mixin.py:190} INFO - Dag name:dag_refined_to_business and current dag run status:running
[2025-07-30T17:10:21.455+0000] {taskinstance.py:731} INFO - ::endgroup::
[2025-07-30T17:10:21.457+0000] {sql.py:266} INFO - Executing: truncate table business.supply_metrics
[2025-07-30T17:10:21.503+0000] {base.py:84} INFO - Retrieving connection 'mysql_doris_conn'
[2025-07-30T17:10:21.586+0000] {base.py:84} INFO - Retrieving connection 'mysql_doris_conn'
[2025-07-30T17:10:22.174+0000] {sql.py:509} INFO - Running statement: truncate table business.supply_metrics, parameters: None
[2025-07-30T17:10:22.370+0000] {sql.py:518} INFO - Rows affected: 0
[2025-07-30T17:10:22.648+0000] {taskinstance.py:340} INFO - ::group::Post task execution logs
[2025-07-30T17:10:22.675+0000] {taskinstance.py:352} INFO - Marking task as SUCCESS. dag_id=dag_refined_to_business, task_id=truncate_supply_metrics, run_id=manual__2025-07-30T17:10:08.290460+00:00, execution_date=20250730T171008, start_date=20250730T171020, end_date=20250730T171022
[2025-07-30T17:10:22.875+0000] {logging_mixin.py:190} INFO - Task instance in success state
[2025-07-30T17:10:22.885+0000] {logging_mixin.py:190} INFO -  Previous state of the Task instance: running
[2025-07-30T17:10:22.886+0000] {logging_mixin.py:190} INFO - Dag name:dag_refined_to_business queued_at:2025-07-30 17:10:08.350823+00:00
[2025-07-30T17:10:22.887+0000] {logging_mixin.py:190} INFO - Task hostname:7609641ebe00 operator:SQLExecuteQueryOperator
[2025-07-30T17:10:23.121+0000] {local_task_job_runner.py:266} INFO - Task exited with return code 0
[2025-07-30T17:10:23.374+0000] {taskinstance.py:3900} INFO - 1 downstream tasks scheduled from follow-on schedule check
[2025-07-30T17:10:23.390+0000] {local_task_job_runner.py:245} INFO - ::endgroup::
