[2025-07-30T16:24:38.883+0000] {processor.py:186} INFO - Started process (PID=5375) to work on /opt/airflow/dags/dag_raw_to_refined.py
[2025-07-30T16:24:38.884+0000] {processor.py:914} INFO - Processing file /opt/airflow/dags/dag_raw_to_refined.py for tasks to queue
[2025-07-30T16:24:38.889+0000] {logging_mixin.py:190} INFO - [2025-07-30T16:24:38.888+0000] {dagbag.py:587} INFO - Filling up the DagBag from /opt/airflow/dags/dag_raw_to_refined.py
[2025-07-30T16:24:38.923+0000] {logging_mixin.py:190} INFO - [2025-07-30T16:24:38.920+0000] {dagbag.py:386} ERROR - Failed to import: /opt/airflow/dags/dag_raw_to_refined.py
Traceback (most recent call last):
  File "/home/airflow/.local/lib/python3.12/site-packages/airflow/models/dagbag.py", line 382, in parse
    loader.exec_module(new_module)
  File "<frozen importlib._bootstrap_external>", line 995, in exec_module
  File "<frozen importlib._bootstrap>", line 488, in _call_with_frames_removed
  File "/opt/airflow/dags/dag_raw_to_refined.py", line 17, in <module>
    path_dir = param['path_dir']
               ~~~~~^^^^^^^^^^^^
KeyError: 'path_dir'
[2025-07-30T16:24:38.924+0000] {processor.py:927} WARNING - No viable dags retrieved from /opt/airflow/dags/dag_raw_to_refined.py
[2025-07-30T16:24:38.942+0000] {processor.py:208} INFO - Processing /opt/airflow/dags/dag_raw_to_refined.py took 0.074 seconds
[2025-07-30T16:25:09.932+0000] {processor.py:186} INFO - Started process (PID=5439) to work on /opt/airflow/dags/dag_raw_to_refined.py
[2025-07-30T16:25:09.934+0000] {processor.py:914} INFO - Processing file /opt/airflow/dags/dag_raw_to_refined.py for tasks to queue
[2025-07-30T16:25:09.938+0000] {logging_mixin.py:190} INFO - [2025-07-30T16:25:09.938+0000] {dagbag.py:587} INFO - Filling up the DagBag from /opt/airflow/dags/dag_raw_to_refined.py
[2025-07-30T16:25:09.976+0000] {logging_mixin.py:190} INFO - [2025-07-30T16:25:09.974+0000] {dagbag.py:386} ERROR - Failed to import: /opt/airflow/dags/dag_raw_to_refined.py
Traceback (most recent call last):
  File "/home/airflow/.local/lib/python3.12/site-packages/airflow/models/dagbag.py", line 382, in parse
    loader.exec_module(new_module)
  File "<frozen importlib._bootstrap_external>", line 995, in exec_module
  File "<frozen importlib._bootstrap>", line 488, in _call_with_frames_removed
  File "/opt/airflow/dags/dag_raw_to_refined.py", line 17, in <module>
    path_dir = param['path_dir']
               ~~~~~^^^^^^^^^^^^
KeyError: 'path_dir'
[2025-07-30T16:25:09.976+0000] {processor.py:927} WARNING - No viable dags retrieved from /opt/airflow/dags/dag_raw_to_refined.py
[2025-07-30T16:25:09.986+0000] {processor.py:208} INFO - Processing /opt/airflow/dags/dag_raw_to_refined.py took 0.071 seconds
[2025-07-30T16:25:40.226+0000] {processor.py:186} INFO - Started process (PID=5503) to work on /opt/airflow/dags/dag_raw_to_refined.py
[2025-07-30T16:25:40.227+0000] {processor.py:914} INFO - Processing file /opt/airflow/dags/dag_raw_to_refined.py for tasks to queue
[2025-07-30T16:25:40.234+0000] {logging_mixin.py:190} INFO - [2025-07-30T16:25:40.233+0000] {dagbag.py:587} INFO - Filling up the DagBag from /opt/airflow/dags/dag_raw_to_refined.py
[2025-07-30T16:25:40.265+0000] {logging_mixin.py:190} INFO - [2025-07-30T16:25:40.262+0000] {dagbag.py:386} ERROR - Failed to import: /opt/airflow/dags/dag_raw_to_refined.py
Traceback (most recent call last):
  File "/home/airflow/.local/lib/python3.12/site-packages/airflow/models/dagbag.py", line 382, in parse
    loader.exec_module(new_module)
  File "<frozen importlib._bootstrap_external>", line 995, in exec_module
  File "<frozen importlib._bootstrap>", line 488, in _call_with_frames_removed
  File "/opt/airflow/dags/dag_raw_to_refined.py", line 17, in <module>
    path_dir = param['path_dir']
               ~~~~~^^^^^^^^^^^^
KeyError: 'path_dir'
[2025-07-30T16:25:40.265+0000] {processor.py:927} WARNING - No viable dags retrieved from /opt/airflow/dags/dag_raw_to_refined.py
[2025-07-30T16:25:40.275+0000] {processor.py:208} INFO - Processing /opt/airflow/dags/dag_raw_to_refined.py took 0.060 seconds
[2025-07-30T16:26:11.192+0000] {processor.py:186} INFO - Started process (PID=5567) to work on /opt/airflow/dags/dag_raw_to_refined.py
[2025-07-30T16:26:11.194+0000] {processor.py:914} INFO - Processing file /opt/airflow/dags/dag_raw_to_refined.py for tasks to queue
[2025-07-30T16:26:11.199+0000] {logging_mixin.py:190} INFO - [2025-07-30T16:26:11.198+0000] {dagbag.py:587} INFO - Filling up the DagBag from /opt/airflow/dags/dag_raw_to_refined.py
[2025-07-30T16:26:11.226+0000] {logging_mixin.py:190} INFO - [2025-07-30T16:26:11.224+0000] {dagbag.py:386} ERROR - Failed to import: /opt/airflow/dags/dag_raw_to_refined.py
Traceback (most recent call last):
  File "/home/airflow/.local/lib/python3.12/site-packages/airflow/models/dagbag.py", line 382, in parse
    loader.exec_module(new_module)
  File "<frozen importlib._bootstrap_external>", line 995, in exec_module
  File "<frozen importlib._bootstrap>", line 488, in _call_with_frames_removed
  File "/opt/airflow/dags/dag_raw_to_refined.py", line 17, in <module>
    path_dir = param['path_dir']
               ~~~~~^^^^^^^^^^^^
KeyError: 'path_dir'
[2025-07-30T16:26:11.227+0000] {processor.py:927} WARNING - No viable dags retrieved from /opt/airflow/dags/dag_raw_to_refined.py
[2025-07-30T16:26:11.239+0000] {processor.py:208} INFO - Processing /opt/airflow/dags/dag_raw_to_refined.py took 0.056 seconds
[2025-07-30T16:26:41.567+0000] {processor.py:186} INFO - Started process (PID=5631) to work on /opt/airflow/dags/dag_raw_to_refined.py
[2025-07-30T16:26:41.568+0000] {processor.py:914} INFO - Processing file /opt/airflow/dags/dag_raw_to_refined.py for tasks to queue
[2025-07-30T16:26:41.575+0000] {logging_mixin.py:190} INFO - [2025-07-30T16:26:41.574+0000] {dagbag.py:587} INFO - Filling up the DagBag from /opt/airflow/dags/dag_raw_to_refined.py
[2025-07-30T16:26:41.601+0000] {logging_mixin.py:190} INFO - [2025-07-30T16:26:41.598+0000] {dagbag.py:386} ERROR - Failed to import: /opt/airflow/dags/dag_raw_to_refined.py
Traceback (most recent call last):
  File "/home/airflow/.local/lib/python3.12/site-packages/airflow/models/dagbag.py", line 382, in parse
    loader.exec_module(new_module)
  File "<frozen importlib._bootstrap_external>", line 995, in exec_module
  File "<frozen importlib._bootstrap>", line 488, in _call_with_frames_removed
  File "/opt/airflow/dags/dag_raw_to_refined.py", line 17, in <module>
    path_dir = param['path_dir']
               ~~~~~^^^^^^^^^^^^
KeyError: 'path_dir'
[2025-07-30T16:26:41.601+0000] {processor.py:927} WARNING - No viable dags retrieved from /opt/airflow/dags/dag_raw_to_refined.py
[2025-07-30T16:26:41.610+0000] {processor.py:208} INFO - Processing /opt/airflow/dags/dag_raw_to_refined.py took 0.049 seconds
[2025-07-30T16:27:12.083+0000] {processor.py:186} INFO - Started process (PID=5695) to work on /opt/airflow/dags/dag_raw_to_refined.py
[2025-07-30T16:27:12.086+0000] {processor.py:914} INFO - Processing file /opt/airflow/dags/dag_raw_to_refined.py for tasks to queue
[2025-07-30T16:27:12.093+0000] {logging_mixin.py:190} INFO - [2025-07-30T16:27:12.092+0000] {dagbag.py:587} INFO - Filling up the DagBag from /opt/airflow/dags/dag_raw_to_refined.py
[2025-07-30T16:27:12.145+0000] {processor.py:925} INFO - DAG(s) 'dag_raw_to_refined' retrieved from /opt/airflow/dags/dag_raw_to_refined.py
[2025-07-30T16:27:12.298+0000] {logging_mixin.py:190} INFO - [2025-07-30T16:27:12.297+0000] {override.py:1900} INFO - Created Permission View: can edit on DAG:dag_raw_to_refined
[2025-07-30T16:27:12.304+0000] {logging_mixin.py:190} INFO - [2025-07-30T16:27:12.304+0000] {override.py:1900} INFO - Created Permission View: can read on DAG:dag_raw_to_refined
[2025-07-30T16:27:12.308+0000] {logging_mixin.py:190} INFO - [2025-07-30T16:27:12.308+0000] {override.py:1900} INFO - Created Permission View: can delete on DAG:dag_raw_to_refined
[2025-07-30T16:27:12.333+0000] {logging_mixin.py:190} INFO - [2025-07-30T16:27:12.332+0000] {override.py:1900} INFO - Created Permission View: menu access on DAG Run:dag_raw_to_refined
[2025-07-30T16:27:12.350+0000] {logging_mixin.py:190} INFO - [2025-07-30T16:27:12.350+0000] {override.py:1900} INFO - Created Permission View: can read on DAG Run:dag_raw_to_refined
[2025-07-30T16:27:12.367+0000] {logging_mixin.py:190} INFO - [2025-07-30T16:27:12.367+0000] {override.py:1900} INFO - Created Permission View: can create on DAG Run:dag_raw_to_refined
[2025-07-30T16:27:12.382+0000] {logging_mixin.py:190} INFO - [2025-07-30T16:27:12.381+0000] {override.py:1900} INFO - Created Permission View: can delete on DAG Run:dag_raw_to_refined
[2025-07-30T16:27:12.384+0000] {logging_mixin.py:190} INFO - [2025-07-30T16:27:12.384+0000] {dag.py:3229} INFO - Sync 1 DAGs
[2025-07-30T16:27:12.420+0000] {logging_mixin.py:190} INFO - [2025-07-30T16:27:12.419+0000] {dag.py:3252} INFO - Creating ORM DAG for dag_raw_to_refined
[2025-07-30T16:27:12.423+0000] {logging_mixin.py:190} INFO - [2025-07-30T16:27:12.423+0000] {dag.py:4156} INFO - Setting next_dagrun for dag_raw_to_refined to None, run_after=None
[2025-07-30T16:27:12.518+0000] {processor.py:208} INFO - Processing /opt/airflow/dags/dag_raw_to_refined.py took 0.450 seconds
[2025-07-30T16:27:43.556+0000] {processor.py:186} INFO - Started process (PID=5759) to work on /opt/airflow/dags/dag_raw_to_refined.py
[2025-07-30T16:27:43.557+0000] {processor.py:914} INFO - Processing file /opt/airflow/dags/dag_raw_to_refined.py for tasks to queue
[2025-07-30T16:27:43.561+0000] {logging_mixin.py:190} INFO - [2025-07-30T16:27:43.560+0000] {dagbag.py:587} INFO - Filling up the DagBag from /opt/airflow/dags/dag_raw_to_refined.py
[2025-07-30T16:27:43.587+0000] {processor.py:925} INFO - DAG(s) 'dag_raw_to_refined' retrieved from /opt/airflow/dags/dag_raw_to_refined.py
[2025-07-30T16:27:43.602+0000] {logging_mixin.py:190} INFO - [2025-07-30T16:27:43.602+0000] {dag.py:3229} INFO - Sync 1 DAGs
[2025-07-30T16:27:43.617+0000] {logging_mixin.py:190} INFO - [2025-07-30T16:27:43.617+0000] {dag.py:4156} INFO - Setting next_dagrun for dag_raw_to_refined to None, run_after=None
[2025-07-30T16:27:43.627+0000] {processor.py:208} INFO - Processing /opt/airflow/dags/dag_raw_to_refined.py took 0.078 seconds
[2025-07-30T16:28:13.868+0000] {processor.py:186} INFO - Started process (PID=5823) to work on /opt/airflow/dags/dag_raw_to_refined.py
[2025-07-30T16:28:13.870+0000] {processor.py:914} INFO - Processing file /opt/airflow/dags/dag_raw_to_refined.py for tasks to queue
[2025-07-30T16:28:13.877+0000] {logging_mixin.py:190} INFO - [2025-07-30T16:28:13.876+0000] {dagbag.py:587} INFO - Filling up the DagBag from /opt/airflow/dags/dag_raw_to_refined.py
[2025-07-30T16:28:13.914+0000] {processor.py:925} INFO - DAG(s) 'dag_raw_to_refined' retrieved from /opt/airflow/dags/dag_raw_to_refined.py
[2025-07-30T16:28:13.929+0000] {logging_mixin.py:190} INFO - [2025-07-30T16:28:13.929+0000] {dag.py:3229} INFO - Sync 1 DAGs
[2025-07-30T16:28:13.943+0000] {logging_mixin.py:190} INFO - [2025-07-30T16:28:13.943+0000] {dag.py:4156} INFO - Setting next_dagrun for dag_raw_to_refined to None, run_after=None
[2025-07-30T16:28:13.955+0000] {processor.py:208} INFO - Processing /opt/airflow/dags/dag_raw_to_refined.py took 0.100 seconds
[2025-07-30T16:28:44.738+0000] {processor.py:186} INFO - Started process (PID=5887) to work on /opt/airflow/dags/dag_raw_to_refined.py
[2025-07-30T16:28:44.743+0000] {processor.py:914} INFO - Processing file /opt/airflow/dags/dag_raw_to_refined.py for tasks to queue
[2025-07-30T16:28:44.753+0000] {logging_mixin.py:190} INFO - [2025-07-30T16:28:44.752+0000] {dagbag.py:587} INFO - Filling up the DagBag from /opt/airflow/dags/dag_raw_to_refined.py
[2025-07-30T16:28:44.804+0000] {processor.py:925} INFO - DAG(s) 'dag_raw_to_refined' retrieved from /opt/airflow/dags/dag_raw_to_refined.py
[2025-07-30T16:28:44.823+0000] {logging_mixin.py:190} INFO - [2025-07-30T16:28:44.822+0000] {dag.py:3229} INFO - Sync 1 DAGs
[2025-07-30T16:28:44.959+0000] {logging_mixin.py:190} INFO - [2025-07-30T16:28:44.958+0000] {dag.py:4156} INFO - Setting next_dagrun for dag_raw_to_refined to None, run_after=None
[2025-07-30T16:28:45.002+0000] {processor.py:208} INFO - Processing /opt/airflow/dags/dag_raw_to_refined.py took 0.288 seconds
[2025-07-30T16:29:15.105+0000] {processor.py:186} INFO - Started process (PID=5951) to work on /opt/airflow/dags/dag_raw_to_refined.py
[2025-07-30T16:29:15.108+0000] {processor.py:914} INFO - Processing file /opt/airflow/dags/dag_raw_to_refined.py for tasks to queue
[2025-07-30T16:29:15.112+0000] {logging_mixin.py:190} INFO - [2025-07-30T16:29:15.111+0000] {dagbag.py:587} INFO - Filling up the DagBag from /opt/airflow/dags/dag_raw_to_refined.py
[2025-07-30T16:29:15.152+0000] {processor.py:925} INFO - DAG(s) 'dag_raw_to_refined' retrieved from /opt/airflow/dags/dag_raw_to_refined.py
[2025-07-30T16:29:15.163+0000] {logging_mixin.py:190} INFO - [2025-07-30T16:29:15.163+0000] {dag.py:3229} INFO - Sync 1 DAGs
[2025-07-30T16:29:15.180+0000] {logging_mixin.py:190} INFO - [2025-07-30T16:29:15.179+0000] {dag.py:4156} INFO - Setting next_dagrun for dag_raw_to_refined to None, run_after=None
[2025-07-30T16:29:15.192+0000] {processor.py:208} INFO - Processing /opt/airflow/dags/dag_raw_to_refined.py took 0.101 seconds
[2025-07-30T16:29:45.771+0000] {processor.py:186} INFO - Started process (PID=6015) to work on /opt/airflow/dags/dag_raw_to_refined.py
[2025-07-30T16:29:45.773+0000] {processor.py:914} INFO - Processing file /opt/airflow/dags/dag_raw_to_refined.py for tasks to queue
[2025-07-30T16:29:45.778+0000] {logging_mixin.py:190} INFO - [2025-07-30T16:29:45.777+0000] {dagbag.py:587} INFO - Filling up the DagBag from /opt/airflow/dags/dag_raw_to_refined.py
[2025-07-30T16:29:45.816+0000] {processor.py:925} INFO - DAG(s) 'dag_raw_to_refined' retrieved from /opt/airflow/dags/dag_raw_to_refined.py
[2025-07-30T16:29:45.827+0000] {logging_mixin.py:190} INFO - [2025-07-30T16:29:45.827+0000] {dag.py:3229} INFO - Sync 1 DAGs
[2025-07-30T16:29:45.843+0000] {logging_mixin.py:190} INFO - [2025-07-30T16:29:45.843+0000] {dag.py:4156} INFO - Setting next_dagrun for dag_raw_to_refined to None, run_after=None
[2025-07-30T16:29:45.855+0000] {processor.py:208} INFO - Processing /opt/airflow/dags/dag_raw_to_refined.py took 0.095 seconds
[2025-07-30T16:30:16.783+0000] {processor.py:186} INFO - Started process (PID=6079) to work on /opt/airflow/dags/dag_raw_to_refined.py
[2025-07-30T16:30:16.785+0000] {processor.py:914} INFO - Processing file /opt/airflow/dags/dag_raw_to_refined.py for tasks to queue
[2025-07-30T16:30:16.793+0000] {logging_mixin.py:190} INFO - [2025-07-30T16:30:16.792+0000] {dagbag.py:587} INFO - Filling up the DagBag from /opt/airflow/dags/dag_raw_to_refined.py
[2025-07-30T16:30:16.893+0000] {processor.py:925} INFO - DAG(s) 'dag_raw_to_refined' retrieved from /opt/airflow/dags/dag_raw_to_refined.py
[2025-07-30T16:30:16.952+0000] {logging_mixin.py:190} INFO - [2025-07-30T16:30:16.951+0000] {dag.py:3229} INFO - Sync 1 DAGs
[2025-07-30T16:30:17.002+0000] {logging_mixin.py:190} INFO - [2025-07-30T16:30:17.002+0000] {dag.py:4156} INFO - Setting next_dagrun for dag_raw_to_refined to None, run_after=None
[2025-07-30T16:30:17.037+0000] {processor.py:208} INFO - Processing /opt/airflow/dags/dag_raw_to_refined.py took 0.272 seconds
[2025-07-30T16:30:48.011+0000] {processor.py:186} INFO - Started process (PID=6144) to work on /opt/airflow/dags/dag_raw_to_refined.py
[2025-07-30T16:30:48.015+0000] {processor.py:914} INFO - Processing file /opt/airflow/dags/dag_raw_to_refined.py for tasks to queue
[2025-07-30T16:30:48.031+0000] {logging_mixin.py:190} INFO - [2025-07-30T16:30:48.030+0000] {dagbag.py:587} INFO - Filling up the DagBag from /opt/airflow/dags/dag_raw_to_refined.py
[2025-07-30T16:30:48.134+0000] {processor.py:925} INFO - DAG(s) 'dag_raw_to_refined' retrieved from /opt/airflow/dags/dag_raw_to_refined.py
[2025-07-30T16:30:48.152+0000] {logging_mixin.py:190} INFO - [2025-07-30T16:30:48.151+0000] {dag.py:3229} INFO - Sync 1 DAGs
[2025-07-30T16:30:48.173+0000] {logging_mixin.py:190} INFO - [2025-07-30T16:30:48.173+0000] {dag.py:4156} INFO - Setting next_dagrun for dag_raw_to_refined to None, run_after=None
[2025-07-30T16:30:48.188+0000] {processor.py:208} INFO - Processing /opt/airflow/dags/dag_raw_to_refined.py took 0.203 seconds
[2025-07-30T16:31:18.617+0000] {processor.py:186} INFO - Started process (PID=6208) to work on /opt/airflow/dags/dag_raw_to_refined.py
[2025-07-30T16:31:18.619+0000] {processor.py:914} INFO - Processing file /opt/airflow/dags/dag_raw_to_refined.py for tasks to queue
[2025-07-30T16:31:18.626+0000] {logging_mixin.py:190} INFO - [2025-07-30T16:31:18.626+0000] {dagbag.py:587} INFO - Filling up the DagBag from /opt/airflow/dags/dag_raw_to_refined.py
[2025-07-30T16:31:18.682+0000] {processor.py:925} INFO - DAG(s) 'dag_raw_to_refined' retrieved from /opt/airflow/dags/dag_raw_to_refined.py
[2025-07-30T16:31:18.700+0000] {logging_mixin.py:190} INFO - [2025-07-30T16:31:18.700+0000] {dag.py:3229} INFO - Sync 1 DAGs
[2025-07-30T16:31:18.721+0000] {logging_mixin.py:190} INFO - [2025-07-30T16:31:18.721+0000] {dag.py:4156} INFO - Setting next_dagrun for dag_raw_to_refined to None, run_after=None
[2025-07-30T16:31:18.737+0000] {processor.py:208} INFO - Processing /opt/airflow/dags/dag_raw_to_refined.py took 0.135 seconds
[2025-07-30T16:31:48.942+0000] {processor.py:186} INFO - Started process (PID=6272) to work on /opt/airflow/dags/dag_raw_to_refined.py
[2025-07-30T16:31:48.946+0000] {processor.py:914} INFO - Processing file /opt/airflow/dags/dag_raw_to_refined.py for tasks to queue
[2025-07-30T16:31:48.951+0000] {logging_mixin.py:190} INFO - [2025-07-30T16:31:48.951+0000] {dagbag.py:587} INFO - Filling up the DagBag from /opt/airflow/dags/dag_raw_to_refined.py
[2025-07-30T16:31:49.001+0000] {processor.py:925} INFO - DAG(s) 'dag_raw_to_refined' retrieved from /opt/airflow/dags/dag_raw_to_refined.py
[2025-07-30T16:31:49.013+0000] {logging_mixin.py:190} INFO - [2025-07-30T16:31:49.013+0000] {dag.py:3229} INFO - Sync 1 DAGs
[2025-07-30T16:31:49.033+0000] {logging_mixin.py:190} INFO - [2025-07-30T16:31:49.033+0000] {dag.py:4156} INFO - Setting next_dagrun for dag_raw_to_refined to None, run_after=None
[2025-07-30T16:31:49.046+0000] {processor.py:208} INFO - Processing /opt/airflow/dags/dag_raw_to_refined.py took 0.119 seconds
[2025-07-30T16:32:19.753+0000] {processor.py:186} INFO - Started process (PID=6336) to work on /opt/airflow/dags/dag_raw_to_refined.py
[2025-07-30T16:32:19.759+0000] {processor.py:914} INFO - Processing file /opt/airflow/dags/dag_raw_to_refined.py for tasks to queue
[2025-07-30T16:32:19.764+0000] {logging_mixin.py:190} INFO - [2025-07-30T16:32:19.763+0000] {dagbag.py:587} INFO - Filling up the DagBag from /opt/airflow/dags/dag_raw_to_refined.py
[2025-07-30T16:32:19.802+0000] {processor.py:925} INFO - DAG(s) 'dag_raw_to_refined' retrieved from /opt/airflow/dags/dag_raw_to_refined.py
[2025-07-30T16:32:19.812+0000] {logging_mixin.py:190} INFO - [2025-07-30T16:32:19.812+0000] {dag.py:3229} INFO - Sync 1 DAGs
[2025-07-30T16:32:19.830+0000] {logging_mixin.py:190} INFO - [2025-07-30T16:32:19.830+0000] {dag.py:4156} INFO - Setting next_dagrun for dag_raw_to_refined to None, run_after=None
[2025-07-30T16:32:19.840+0000] {processor.py:208} INFO - Processing /opt/airflow/dags/dag_raw_to_refined.py took 0.102 seconds
[2025-07-30T16:32:50.969+0000] {processor.py:186} INFO - Started process (PID=6399) to work on /opt/airflow/dags/dag_raw_to_refined.py
[2025-07-30T16:32:50.974+0000] {processor.py:914} INFO - Processing file /opt/airflow/dags/dag_raw_to_refined.py for tasks to queue
[2025-07-30T16:32:50.986+0000] {logging_mixin.py:190} INFO - [2025-07-30T16:32:50.984+0000] {dagbag.py:587} INFO - Filling up the DagBag from /opt/airflow/dags/dag_raw_to_refined.py
[2025-07-30T16:32:51.058+0000] {processor.py:925} INFO - DAG(s) 'dag_raw_to_refined' retrieved from /opt/airflow/dags/dag_raw_to_refined.py
[2025-07-30T16:32:51.075+0000] {logging_mixin.py:190} INFO - [2025-07-30T16:32:51.075+0000] {dag.py:3229} INFO - Sync 1 DAGs
[2025-07-30T16:32:51.101+0000] {logging_mixin.py:190} INFO - [2025-07-30T16:32:51.100+0000] {dag.py:4156} INFO - Setting next_dagrun for dag_raw_to_refined to None, run_after=None
[2025-07-30T16:32:51.119+0000] {processor.py:208} INFO - Processing /opt/airflow/dags/dag_raw_to_refined.py took 0.164 seconds
[2025-07-30T16:33:21.806+0000] {processor.py:186} INFO - Started process (PID=6463) to work on /opt/airflow/dags/dag_raw_to_refined.py
[2025-07-30T16:33:21.808+0000] {processor.py:914} INFO - Processing file /opt/airflow/dags/dag_raw_to_refined.py for tasks to queue
[2025-07-30T16:33:21.813+0000] {logging_mixin.py:190} INFO - [2025-07-30T16:33:21.812+0000] {dagbag.py:587} INFO - Filling up the DagBag from /opt/airflow/dags/dag_raw_to_refined.py
[2025-07-30T16:33:21.858+0000] {processor.py:925} INFO - DAG(s) 'dag_raw_to_refined' retrieved from /opt/airflow/dags/dag_raw_to_refined.py
[2025-07-30T16:33:21.869+0000] {logging_mixin.py:190} INFO - [2025-07-30T16:33:21.869+0000] {dag.py:3229} INFO - Sync 1 DAGs
[2025-07-30T16:33:21.889+0000] {logging_mixin.py:190} INFO - [2025-07-30T16:33:21.889+0000] {dag.py:4156} INFO - Setting next_dagrun for dag_raw_to_refined to None, run_after=None
[2025-07-30T16:33:21.900+0000] {processor.py:208} INFO - Processing /opt/airflow/dags/dag_raw_to_refined.py took 0.104 seconds
[2025-07-30T16:33:52.603+0000] {processor.py:186} INFO - Started process (PID=6527) to work on /opt/airflow/dags/dag_raw_to_refined.py
[2025-07-30T16:33:52.608+0000] {processor.py:914} INFO - Processing file /opt/airflow/dags/dag_raw_to_refined.py for tasks to queue
[2025-07-30T16:33:52.613+0000] {logging_mixin.py:190} INFO - [2025-07-30T16:33:52.612+0000] {dagbag.py:587} INFO - Filling up the DagBag from /opt/airflow/dags/dag_raw_to_refined.py
[2025-07-30T16:33:52.659+0000] {processor.py:925} INFO - DAG(s) 'dag_raw_to_refined' retrieved from /opt/airflow/dags/dag_raw_to_refined.py
[2025-07-30T16:33:52.674+0000] {logging_mixin.py:190} INFO - [2025-07-30T16:33:52.674+0000] {dag.py:3229} INFO - Sync 1 DAGs
[2025-07-30T16:33:52.687+0000] {logging_mixin.py:190} INFO - [2025-07-30T16:33:52.687+0000] {dag.py:4156} INFO - Setting next_dagrun for dag_raw_to_refined to None, run_after=None
[2025-07-30T16:33:52.702+0000] {processor.py:208} INFO - Processing /opt/airflow/dags/dag_raw_to_refined.py took 0.116 seconds
[2025-07-30T16:34:23.171+0000] {processor.py:186} INFO - Started process (PID=6591) to work on /opt/airflow/dags/dag_raw_to_refined.py
[2025-07-30T16:34:23.172+0000] {processor.py:914} INFO - Processing file /opt/airflow/dags/dag_raw_to_refined.py for tasks to queue
[2025-07-30T16:34:23.182+0000] {logging_mixin.py:190} INFO - [2025-07-30T16:34:23.182+0000] {dagbag.py:587} INFO - Filling up the DagBag from /opt/airflow/dags/dag_raw_to_refined.py
[2025-07-30T16:34:23.234+0000] {processor.py:925} INFO - DAG(s) 'dag_raw_to_refined' retrieved from /opt/airflow/dags/dag_raw_to_refined.py
[2025-07-30T16:34:23.249+0000] {logging_mixin.py:190} INFO - [2025-07-30T16:34:23.249+0000] {dag.py:3229} INFO - Sync 1 DAGs
[2025-07-30T16:34:23.264+0000] {logging_mixin.py:190} INFO - [2025-07-30T16:34:23.264+0000] {dag.py:4156} INFO - Setting next_dagrun for dag_raw_to_refined to None, run_after=None
[2025-07-30T16:34:23.277+0000] {processor.py:208} INFO - Processing /opt/airflow/dags/dag_raw_to_refined.py took 0.115 seconds
[2025-07-30T16:34:53.820+0000] {processor.py:186} INFO - Started process (PID=6655) to work on /opt/airflow/dags/dag_raw_to_refined.py
[2025-07-30T16:34:53.821+0000] {processor.py:914} INFO - Processing file /opt/airflow/dags/dag_raw_to_refined.py for tasks to queue
[2025-07-30T16:34:53.830+0000] {logging_mixin.py:190} INFO - [2025-07-30T16:34:53.829+0000] {dagbag.py:587} INFO - Filling up the DagBag from /opt/airflow/dags/dag_raw_to_refined.py
[2025-07-30T16:34:53.867+0000] {processor.py:925} INFO - DAG(s) 'dag_raw_to_refined' retrieved from /opt/airflow/dags/dag_raw_to_refined.py
[2025-07-30T16:34:53.880+0000] {logging_mixin.py:190} INFO - [2025-07-30T16:34:53.880+0000] {dag.py:3229} INFO - Sync 1 DAGs
[2025-07-30T16:34:53.894+0000] {logging_mixin.py:190} INFO - [2025-07-30T16:34:53.894+0000] {dag.py:4156} INFO - Setting next_dagrun for dag_raw_to_refined to None, run_after=None
[2025-07-30T16:34:53.906+0000] {processor.py:208} INFO - Processing /opt/airflow/dags/dag_raw_to_refined.py took 0.101 seconds
[2025-07-30T16:35:24.301+0000] {processor.py:186} INFO - Started process (PID=6719) to work on /opt/airflow/dags/dag_raw_to_refined.py
[2025-07-30T16:35:24.303+0000] {processor.py:914} INFO - Processing file /opt/airflow/dags/dag_raw_to_refined.py for tasks to queue
[2025-07-30T16:35:24.318+0000] {logging_mixin.py:190} INFO - [2025-07-30T16:35:24.315+0000] {dagbag.py:587} INFO - Filling up the DagBag from /opt/airflow/dags/dag_raw_to_refined.py
[2025-07-30T16:35:24.538+0000] {processor.py:925} INFO - DAG(s) 'dag_raw_to_refined' retrieved from /opt/airflow/dags/dag_raw_to_refined.py
[2025-07-30T16:35:24.570+0000] {logging_mixin.py:190} INFO - [2025-07-30T16:35:24.570+0000] {dag.py:3229} INFO - Sync 1 DAGs
[2025-07-30T16:35:24.616+0000] {logging_mixin.py:190} INFO - [2025-07-30T16:35:24.616+0000] {dag.py:4156} INFO - Setting next_dagrun for dag_raw_to_refined to None, run_after=None
[2025-07-30T16:35:24.635+0000] {processor.py:208} INFO - Processing /opt/airflow/dags/dag_raw_to_refined.py took 0.348 seconds
[2025-07-30T16:35:55.565+0000] {processor.py:186} INFO - Started process (PID=6783) to work on /opt/airflow/dags/dag_raw_to_refined.py
[2025-07-30T16:35:55.567+0000] {processor.py:914} INFO - Processing file /opt/airflow/dags/dag_raw_to_refined.py for tasks to queue
[2025-07-30T16:35:55.573+0000] {logging_mixin.py:190} INFO - [2025-07-30T16:35:55.572+0000] {dagbag.py:587} INFO - Filling up the DagBag from /opt/airflow/dags/dag_raw_to_refined.py
[2025-07-30T16:35:55.624+0000] {processor.py:925} INFO - DAG(s) 'dag_raw_to_refined' retrieved from /opt/airflow/dags/dag_raw_to_refined.py
[2025-07-30T16:35:55.640+0000] {logging_mixin.py:190} INFO - [2025-07-30T16:35:55.639+0000] {dag.py:3229} INFO - Sync 1 DAGs
[2025-07-30T16:35:55.655+0000] {logging_mixin.py:190} INFO - [2025-07-30T16:35:55.654+0000] {dag.py:4156} INFO - Setting next_dagrun for dag_raw_to_refined to None, run_after=None
[2025-07-30T16:35:55.668+0000] {processor.py:208} INFO - Processing /opt/airflow/dags/dag_raw_to_refined.py took 0.114 seconds
[2025-07-30T16:36:25.740+0000] {processor.py:186} INFO - Started process (PID=6847) to work on /opt/airflow/dags/dag_raw_to_refined.py
[2025-07-30T16:36:25.742+0000] {processor.py:914} INFO - Processing file /opt/airflow/dags/dag_raw_to_refined.py for tasks to queue
[2025-07-30T16:36:25.743+0000] {logging_mixin.py:190} INFO - [2025-07-30T16:36:25.743+0000] {dagbag.py:587} INFO - Filling up the DagBag from /opt/airflow/dags/dag_raw_to_refined.py
[2025-07-30T16:36:25.772+0000] {processor.py:925} INFO - DAG(s) 'dag_raw_to_refined' retrieved from /opt/airflow/dags/dag_raw_to_refined.py
[2025-07-30T16:36:25.788+0000] {logging_mixin.py:190} INFO - [2025-07-30T16:36:25.787+0000] {dag.py:3229} INFO - Sync 1 DAGs
[2025-07-30T16:36:25.803+0000] {logging_mixin.py:190} INFO - [2025-07-30T16:36:25.803+0000] {dag.py:4156} INFO - Setting next_dagrun for dag_raw_to_refined to None, run_after=None
[2025-07-30T16:36:25.817+0000] {processor.py:208} INFO - Processing /opt/airflow/dags/dag_raw_to_refined.py took 0.084 seconds
[2025-07-30T16:36:56.775+0000] {processor.py:186} INFO - Started process (PID=6911) to work on /opt/airflow/dags/dag_raw_to_refined.py
[2025-07-30T16:36:56.776+0000] {processor.py:914} INFO - Processing file /opt/airflow/dags/dag_raw_to_refined.py for tasks to queue
[2025-07-30T16:36:56.788+0000] {logging_mixin.py:190} INFO - [2025-07-30T16:36:56.783+0000] {dagbag.py:587} INFO - Filling up the DagBag from /opt/airflow/dags/dag_raw_to_refined.py
[2025-07-30T16:36:56.842+0000] {processor.py:925} INFO - DAG(s) 'dag_raw_to_refined' retrieved from /opt/airflow/dags/dag_raw_to_refined.py
[2025-07-30T16:36:56.853+0000] {logging_mixin.py:190} INFO - [2025-07-30T16:36:56.853+0000] {dag.py:3229} INFO - Sync 1 DAGs
[2025-07-30T16:36:56.871+0000] {logging_mixin.py:190} INFO - [2025-07-30T16:36:56.870+0000] {dag.py:4156} INFO - Setting next_dagrun for dag_raw_to_refined to None, run_after=None
[2025-07-30T16:36:56.884+0000] {processor.py:208} INFO - Processing /opt/airflow/dags/dag_raw_to_refined.py took 0.132 seconds
[2025-07-30T16:37:27.628+0000] {processor.py:186} INFO - Started process (PID=6975) to work on /opt/airflow/dags/dag_raw_to_refined.py
[2025-07-30T16:37:27.630+0000] {processor.py:914} INFO - Processing file /opt/airflow/dags/dag_raw_to_refined.py for tasks to queue
[2025-07-30T16:37:27.640+0000] {logging_mixin.py:190} INFO - [2025-07-30T16:37:27.640+0000] {dagbag.py:587} INFO - Filling up the DagBag from /opt/airflow/dags/dag_raw_to_refined.py
[2025-07-30T16:37:27.686+0000] {processor.py:925} INFO - DAG(s) 'dag_raw_to_refined' retrieved from /opt/airflow/dags/dag_raw_to_refined.py
[2025-07-30T16:37:27.699+0000] {logging_mixin.py:190} INFO - [2025-07-30T16:37:27.699+0000] {dag.py:3229} INFO - Sync 1 DAGs
[2025-07-30T16:37:27.710+0000] {logging_mixin.py:190} INFO - [2025-07-30T16:37:27.710+0000] {dag.py:4156} INFO - Setting next_dagrun for dag_raw_to_refined to None, run_after=None
[2025-07-30T16:37:27.723+0000] {processor.py:208} INFO - Processing /opt/airflow/dags/dag_raw_to_refined.py took 0.103 seconds
[2025-07-30T16:37:58.058+0000] {processor.py:186} INFO - Started process (PID=7039) to work on /opt/airflow/dags/dag_raw_to_refined.py
[2025-07-30T16:37:58.060+0000] {processor.py:914} INFO - Processing file /opt/airflow/dags/dag_raw_to_refined.py for tasks to queue
[2025-07-30T16:37:58.062+0000] {logging_mixin.py:190} INFO - [2025-07-30T16:37:58.062+0000] {dagbag.py:587} INFO - Filling up the DagBag from /opt/airflow/dags/dag_raw_to_refined.py
[2025-07-30T16:37:58.083+0000] {processor.py:925} INFO - DAG(s) 'dag_raw_to_refined' retrieved from /opt/airflow/dags/dag_raw_to_refined.py
[2025-07-30T16:37:58.092+0000] {logging_mixin.py:190} INFO - [2025-07-30T16:37:58.092+0000] {dag.py:3229} INFO - Sync 1 DAGs
[2025-07-30T16:37:58.107+0000] {logging_mixin.py:190} INFO - [2025-07-30T16:37:58.106+0000] {dag.py:4156} INFO - Setting next_dagrun for dag_raw_to_refined to None, run_after=None
[2025-07-30T16:37:58.117+0000] {processor.py:208} INFO - Processing /opt/airflow/dags/dag_raw_to_refined.py took 0.065 seconds
[2025-07-30T16:38:28.150+0000] {processor.py:186} INFO - Started process (PID=7103) to work on /opt/airflow/dags/dag_raw_to_refined.py
[2025-07-30T16:38:28.152+0000] {processor.py:914} INFO - Processing file /opt/airflow/dags/dag_raw_to_refined.py for tasks to queue
[2025-07-30T16:38:28.154+0000] {logging_mixin.py:190} INFO - [2025-07-30T16:38:28.153+0000] {dagbag.py:587} INFO - Filling up the DagBag from /opt/airflow/dags/dag_raw_to_refined.py
[2025-07-30T16:38:28.172+0000] {processor.py:925} INFO - DAG(s) 'dag_raw_to_refined' retrieved from /opt/airflow/dags/dag_raw_to_refined.py
[2025-07-30T16:38:28.179+0000] {logging_mixin.py:190} INFO - [2025-07-30T16:38:28.179+0000] {dag.py:3229} INFO - Sync 1 DAGs
[2025-07-30T16:38:28.187+0000] {logging_mixin.py:190} INFO - [2025-07-30T16:38:28.187+0000] {dag.py:4156} INFO - Setting next_dagrun for dag_raw_to_refined to None, run_after=None
[2025-07-30T16:38:28.194+0000] {processor.py:208} INFO - Processing /opt/airflow/dags/dag_raw_to_refined.py took 0.048 seconds
[2025-07-30T16:38:58.594+0000] {processor.py:186} INFO - Started process (PID=7161) to work on /opt/airflow/dags/dag_raw_to_refined.py
[2025-07-30T16:38:58.600+0000] {processor.py:914} INFO - Processing file /opt/airflow/dags/dag_raw_to_refined.py for tasks to queue
[2025-07-30T16:38:58.602+0000] {logging_mixin.py:190} INFO - [2025-07-30T16:38:58.602+0000] {dagbag.py:587} INFO - Filling up the DagBag from /opt/airflow/dags/dag_raw_to_refined.py
[2025-07-30T16:38:58.614+0000] {processor.py:925} INFO - DAG(s) 'dag_raw_to_refined' retrieved from /opt/airflow/dags/dag_raw_to_refined.py
[2025-07-30T16:38:58.623+0000] {logging_mixin.py:190} INFO - [2025-07-30T16:38:58.623+0000] {dag.py:3229} INFO - Sync 1 DAGs
[2025-07-30T16:38:58.630+0000] {logging_mixin.py:190} INFO - [2025-07-30T16:38:58.630+0000] {dag.py:4156} INFO - Setting next_dagrun for dag_raw_to_refined to None, run_after=None
[2025-07-30T16:38:58.642+0000] {processor.py:208} INFO - Processing /opt/airflow/dags/dag_raw_to_refined.py took 0.051 seconds
[2025-07-30T16:39:29.082+0000] {processor.py:186} INFO - Started process (PID=7222) to work on /opt/airflow/dags/dag_raw_to_refined.py
[2025-07-30T16:39:29.083+0000] {processor.py:914} INFO - Processing file /opt/airflow/dags/dag_raw_to_refined.py for tasks to queue
[2025-07-30T16:39:29.084+0000] {logging_mixin.py:190} INFO - [2025-07-30T16:39:29.084+0000] {dagbag.py:587} INFO - Filling up the DagBag from /opt/airflow/dags/dag_raw_to_refined.py
[2025-07-30T16:39:29.098+0000] {processor.py:925} INFO - DAG(s) 'dag_raw_to_refined' retrieved from /opt/airflow/dags/dag_raw_to_refined.py
[2025-07-30T16:39:29.109+0000] {logging_mixin.py:190} INFO - [2025-07-30T16:39:29.108+0000] {dag.py:3229} INFO - Sync 1 DAGs
[2025-07-30T16:39:29.116+0000] {logging_mixin.py:190} INFO - [2025-07-30T16:39:29.116+0000] {dag.py:4156} INFO - Setting next_dagrun for dag_raw_to_refined to None, run_after=None
[2025-07-30T16:39:29.123+0000] {processor.py:208} INFO - Processing /opt/airflow/dags/dag_raw_to_refined.py took 0.046 seconds
[2025-07-30T16:39:59.540+0000] {processor.py:186} INFO - Started process (PID=7277) to work on /opt/airflow/dags/dag_raw_to_refined.py
[2025-07-30T16:39:59.542+0000] {processor.py:914} INFO - Processing file /opt/airflow/dags/dag_raw_to_refined.py for tasks to queue
[2025-07-30T16:39:59.553+0000] {logging_mixin.py:190} INFO - [2025-07-30T16:39:59.552+0000] {dagbag.py:587} INFO - Filling up the DagBag from /opt/airflow/dags/dag_raw_to_refined.py
[2025-07-30T16:39:59.637+0000] {processor.py:925} INFO - DAG(s) 'dag_raw_to_refined' retrieved from /opt/airflow/dags/dag_raw_to_refined.py
[2025-07-30T16:39:59.656+0000] {logging_mixin.py:190} INFO - [2025-07-30T16:39:59.656+0000] {dag.py:3229} INFO - Sync 1 DAGs
[2025-07-30T16:39:59.683+0000] {logging_mixin.py:190} INFO - [2025-07-30T16:39:59.683+0000] {dag.py:4156} INFO - Setting next_dagrun for dag_raw_to_refined to None, run_after=None
[2025-07-30T16:39:59.698+0000] {processor.py:208} INFO - Processing /opt/airflow/dags/dag_raw_to_refined.py took 0.181 seconds
[2025-07-30T16:40:29.783+0000] {processor.py:186} INFO - Started process (PID=7341) to work on /opt/airflow/dags/dag_raw_to_refined.py
[2025-07-30T16:40:29.785+0000] {processor.py:914} INFO - Processing file /opt/airflow/dags/dag_raw_to_refined.py for tasks to queue
[2025-07-30T16:40:29.787+0000] {logging_mixin.py:190} INFO - [2025-07-30T16:40:29.787+0000] {dagbag.py:587} INFO - Filling up the DagBag from /opt/airflow/dags/dag_raw_to_refined.py
[2025-07-30T16:40:29.807+0000] {processor.py:925} INFO - DAG(s) 'dag_raw_to_refined' retrieved from /opt/airflow/dags/dag_raw_to_refined.py
[2025-07-30T16:40:29.813+0000] {logging_mixin.py:190} INFO - [2025-07-30T16:40:29.813+0000] {dag.py:3229} INFO - Sync 1 DAGs
[2025-07-30T16:40:29.822+0000] {logging_mixin.py:190} INFO - [2025-07-30T16:40:29.822+0000] {dag.py:4156} INFO - Setting next_dagrun for dag_raw_to_refined to None, run_after=None
[2025-07-30T16:40:29.836+0000] {processor.py:208} INFO - Processing /opt/airflow/dags/dag_raw_to_refined.py took 0.063 seconds
[2025-07-30T16:41:00.745+0000] {processor.py:186} INFO - Started process (PID=7405) to work on /opt/airflow/dags/dag_raw_to_refined.py
[2025-07-30T16:41:00.750+0000] {processor.py:914} INFO - Processing file /opt/airflow/dags/dag_raw_to_refined.py for tasks to queue
[2025-07-30T16:41:00.753+0000] {logging_mixin.py:190} INFO - [2025-07-30T16:41:00.753+0000] {dagbag.py:587} INFO - Filling up the DagBag from /opt/airflow/dags/dag_raw_to_refined.py
[2025-07-30T16:41:00.873+0000] {processor.py:925} INFO - DAG(s) 'dag_raw_to_refined' retrieved from /opt/airflow/dags/dag_raw_to_refined.py
[2025-07-30T16:41:00.917+0000] {logging_mixin.py:190} INFO - [2025-07-30T16:41:00.916+0000] {dag.py:3229} INFO - Sync 1 DAGs
[2025-07-30T16:41:00.944+0000] {logging_mixin.py:190} INFO - [2025-07-30T16:41:00.943+0000] {dag.py:4156} INFO - Setting next_dagrun for dag_raw_to_refined to None, run_after=None
[2025-07-30T16:41:00.980+0000] {processor.py:208} INFO - Processing /opt/airflow/dags/dag_raw_to_refined.py took 0.246 seconds
[2025-07-30T16:41:31.990+0000] {processor.py:186} INFO - Started process (PID=7469) to work on /opt/airflow/dags/dag_raw_to_refined.py
[2025-07-30T16:41:31.992+0000] {processor.py:914} INFO - Processing file /opt/airflow/dags/dag_raw_to_refined.py for tasks to queue
[2025-07-30T16:41:31.995+0000] {logging_mixin.py:190} INFO - [2025-07-30T16:41:31.994+0000] {dagbag.py:587} INFO - Filling up the DagBag from /opt/airflow/dags/dag_raw_to_refined.py
[2025-07-30T16:41:32.052+0000] {processor.py:925} INFO - DAG(s) 'dag_raw_to_refined' retrieved from /opt/airflow/dags/dag_raw_to_refined.py
[2025-07-30T16:41:32.066+0000] {logging_mixin.py:190} INFO - [2025-07-30T16:41:32.066+0000] {dag.py:3229} INFO - Sync 1 DAGs
[2025-07-30T16:41:32.086+0000] {logging_mixin.py:190} INFO - [2025-07-30T16:41:32.086+0000] {dag.py:4156} INFO - Setting next_dagrun for dag_raw_to_refined to None, run_after=None
[2025-07-30T16:41:32.108+0000] {processor.py:208} INFO - Processing /opt/airflow/dags/dag_raw_to_refined.py took 0.133 seconds
[2025-07-30T16:42:02.756+0000] {processor.py:186} INFO - Started process (PID=7533) to work on /opt/airflow/dags/dag_raw_to_refined.py
[2025-07-30T16:42:02.759+0000] {processor.py:914} INFO - Processing file /opt/airflow/dags/dag_raw_to_refined.py for tasks to queue
[2025-07-30T16:42:02.761+0000] {logging_mixin.py:190} INFO - [2025-07-30T16:42:02.761+0000] {dagbag.py:587} INFO - Filling up the DagBag from /opt/airflow/dags/dag_raw_to_refined.py
[2025-07-30T16:42:02.783+0000] {processor.py:925} INFO - DAG(s) 'dag_raw_to_refined' retrieved from /opt/airflow/dags/dag_raw_to_refined.py
[2025-07-30T16:42:02.801+0000] {logging_mixin.py:190} INFO - [2025-07-30T16:42:02.801+0000] {dag.py:3229} INFO - Sync 1 DAGs
[2025-07-30T16:42:02.812+0000] {logging_mixin.py:190} INFO - [2025-07-30T16:42:02.811+0000] {dag.py:4156} INFO - Setting next_dagrun for dag_raw_to_refined to None, run_after=None
[2025-07-30T16:42:02.832+0000] {processor.py:208} INFO - Processing /opt/airflow/dags/dag_raw_to_refined.py took 0.085 seconds
[2025-07-30T16:42:33.267+0000] {processor.py:186} INFO - Started process (PID=7591) to work on /opt/airflow/dags/dag_raw_to_refined.py
[2025-07-30T16:42:33.268+0000] {processor.py:914} INFO - Processing file /opt/airflow/dags/dag_raw_to_refined.py for tasks to queue
[2025-07-30T16:42:33.269+0000] {logging_mixin.py:190} INFO - [2025-07-30T16:42:33.269+0000] {dagbag.py:587} INFO - Filling up the DagBag from /opt/airflow/dags/dag_raw_to_refined.py
[2025-07-30T16:42:33.286+0000] {processor.py:925} INFO - DAG(s) 'dag_raw_to_refined' retrieved from /opt/airflow/dags/dag_raw_to_refined.py
[2025-07-30T16:42:33.292+0000] {logging_mixin.py:190} INFO - [2025-07-30T16:42:33.292+0000] {dag.py:3229} INFO - Sync 1 DAGs
[2025-07-30T16:42:33.299+0000] {logging_mixin.py:190} INFO - [2025-07-30T16:42:33.299+0000] {dag.py:4156} INFO - Setting next_dagrun for dag_raw_to_refined to None, run_after=None
[2025-07-30T16:42:33.307+0000] {processor.py:208} INFO - Processing /opt/airflow/dags/dag_raw_to_refined.py took 0.051 seconds
[2025-07-30T16:43:03.687+0000] {processor.py:186} INFO - Started process (PID=7648) to work on /opt/airflow/dags/dag_raw_to_refined.py
[2025-07-30T16:43:03.690+0000] {processor.py:914} INFO - Processing file /opt/airflow/dags/dag_raw_to_refined.py for tasks to queue
[2025-07-30T16:43:03.700+0000] {logging_mixin.py:190} INFO - [2025-07-30T16:43:03.699+0000] {dagbag.py:587} INFO - Filling up the DagBag from /opt/airflow/dags/dag_raw_to_refined.py
[2025-07-30T16:43:03.775+0000] {processor.py:925} INFO - DAG(s) 'dag_raw_to_refined' retrieved from /opt/airflow/dags/dag_raw_to_refined.py
[2025-07-30T16:43:03.806+0000] {logging_mixin.py:190} INFO - [2025-07-30T16:43:03.806+0000] {dag.py:3229} INFO - Sync 1 DAGs
[2025-07-30T16:43:03.821+0000] {logging_mixin.py:190} INFO - [2025-07-30T16:43:03.821+0000] {dag.py:4156} INFO - Setting next_dagrun for dag_raw_to_refined to None, run_after=None
[2025-07-30T16:43:03.843+0000] {processor.py:208} INFO - Processing /opt/airflow/dags/dag_raw_to_refined.py took 0.181 seconds
[2025-07-30T16:43:34.811+0000] {processor.py:186} INFO - Started process (PID=7712) to work on /opt/airflow/dags/dag_raw_to_refined.py
[2025-07-30T16:43:34.813+0000] {processor.py:914} INFO - Processing file /opt/airflow/dags/dag_raw_to_refined.py for tasks to queue
[2025-07-30T16:43:34.820+0000] {logging_mixin.py:190} INFO - [2025-07-30T16:43:34.819+0000] {dagbag.py:587} INFO - Filling up the DagBag from /opt/airflow/dags/dag_raw_to_refined.py
[2025-07-30T16:43:34.861+0000] {processor.py:925} INFO - DAG(s) 'dag_raw_to_refined' retrieved from /opt/airflow/dags/dag_raw_to_refined.py
[2025-07-30T16:43:34.876+0000] {logging_mixin.py:190} INFO - [2025-07-30T16:43:34.875+0000] {dag.py:3229} INFO - Sync 1 DAGs
[2025-07-30T16:43:34.894+0000] {logging_mixin.py:190} INFO - [2025-07-30T16:43:34.894+0000] {dag.py:4156} INFO - Setting next_dagrun for dag_raw_to_refined to None, run_after=None
[2025-07-30T16:43:34.925+0000] {processor.py:208} INFO - Processing /opt/airflow/dags/dag_raw_to_refined.py took 0.127 seconds
[2025-07-30T16:44:05.213+0000] {processor.py:186} INFO - Started process (PID=7776) to work on /opt/airflow/dags/dag_raw_to_refined.py
[2025-07-30T16:44:05.216+0000] {processor.py:914} INFO - Processing file /opt/airflow/dags/dag_raw_to_refined.py for tasks to queue
[2025-07-30T16:44:05.223+0000] {logging_mixin.py:190} INFO - [2025-07-30T16:44:05.221+0000] {dagbag.py:587} INFO - Filling up the DagBag from /opt/airflow/dags/dag_raw_to_refined.py
[2025-07-30T16:44:05.289+0000] {processor.py:925} INFO - DAG(s) 'dag_raw_to_refined' retrieved from /opt/airflow/dags/dag_raw_to_refined.py
[2025-07-30T16:44:05.305+0000] {logging_mixin.py:190} INFO - [2025-07-30T16:44:05.305+0000] {dag.py:3229} INFO - Sync 1 DAGs
[2025-07-30T16:44:05.325+0000] {logging_mixin.py:190} INFO - [2025-07-30T16:44:05.325+0000] {dag.py:4156} INFO - Setting next_dagrun for dag_raw_to_refined to None, run_after=None
[2025-07-30T16:44:05.348+0000] {processor.py:208} INFO - Processing /opt/airflow/dags/dag_raw_to_refined.py took 0.159 seconds
[2025-07-30T16:44:35.534+0000] {processor.py:186} INFO - Started process (PID=7839) to work on /opt/airflow/dags/dag_raw_to_refined.py
[2025-07-30T16:44:35.538+0000] {processor.py:914} INFO - Processing file /opt/airflow/dags/dag_raw_to_refined.py for tasks to queue
[2025-07-30T16:44:35.542+0000] {logging_mixin.py:190} INFO - [2025-07-30T16:44:35.541+0000] {dagbag.py:587} INFO - Filling up the DagBag from /opt/airflow/dags/dag_raw_to_refined.py
[2025-07-30T16:44:35.614+0000] {processor.py:925} INFO - DAG(s) 'dag_raw_to_refined' retrieved from /opt/airflow/dags/dag_raw_to_refined.py
[2025-07-30T16:44:35.626+0000] {logging_mixin.py:190} INFO - [2025-07-30T16:44:35.626+0000] {dag.py:3229} INFO - Sync 1 DAGs
[2025-07-30T16:44:35.648+0000] {logging_mixin.py:190} INFO - [2025-07-30T16:44:35.647+0000] {dag.py:4156} INFO - Setting next_dagrun for dag_raw_to_refined to None, run_after=None
[2025-07-30T16:44:35.678+0000] {processor.py:208} INFO - Processing /opt/airflow/dags/dag_raw_to_refined.py took 0.160 seconds
[2025-07-30T16:45:05.882+0000] {processor.py:186} INFO - Started process (PID=7903) to work on /opt/airflow/dags/dag_raw_to_refined.py
[2025-07-30T16:45:05.886+0000] {processor.py:914} INFO - Processing file /opt/airflow/dags/dag_raw_to_refined.py for tasks to queue
[2025-07-30T16:45:05.887+0000] {logging_mixin.py:190} INFO - [2025-07-30T16:45:05.887+0000] {dagbag.py:587} INFO - Filling up the DagBag from /opt/airflow/dags/dag_raw_to_refined.py
[2025-07-30T16:45:05.911+0000] {processor.py:925} INFO - DAG(s) 'dag_raw_to_refined' retrieved from /opt/airflow/dags/dag_raw_to_refined.py
[2025-07-30T16:45:05.923+0000] {logging_mixin.py:190} INFO - [2025-07-30T16:45:05.922+0000] {dag.py:3229} INFO - Sync 1 DAGs
[2025-07-30T16:45:05.935+0000] {logging_mixin.py:190} INFO - [2025-07-30T16:45:05.934+0000] {dag.py:4156} INFO - Setting next_dagrun for dag_raw_to_refined to None, run_after=None
[2025-07-30T16:45:05.950+0000] {processor.py:208} INFO - Processing /opt/airflow/dags/dag_raw_to_refined.py took 0.083 seconds
[2025-07-30T16:45:36.990+0000] {processor.py:186} INFO - Started process (PID=7966) to work on /opt/airflow/dags/dag_raw_to_refined.py
[2025-07-30T16:45:36.998+0000] {processor.py:914} INFO - Processing file /opt/airflow/dags/dag_raw_to_refined.py for tasks to queue
[2025-07-30T16:45:37.006+0000] {logging_mixin.py:190} INFO - [2025-07-30T16:45:37.005+0000] {dagbag.py:587} INFO - Filling up the DagBag from /opt/airflow/dags/dag_raw_to_refined.py
[2025-07-30T16:45:37.090+0000] {processor.py:925} INFO - DAG(s) 'dag_raw_to_refined' retrieved from /opt/airflow/dags/dag_raw_to_refined.py
[2025-07-30T16:45:37.112+0000] {logging_mixin.py:190} INFO - [2025-07-30T16:45:37.111+0000] {dag.py:3229} INFO - Sync 1 DAGs
[2025-07-30T16:45:37.141+0000] {logging_mixin.py:190} INFO - [2025-07-30T16:45:37.140+0000] {dag.py:4156} INFO - Setting next_dagrun for dag_raw_to_refined to None, run_after=None
[2025-07-30T16:45:37.168+0000] {processor.py:208} INFO - Processing /opt/airflow/dags/dag_raw_to_refined.py took 0.220 seconds
[2025-07-30T16:46:08.038+0000] {processor.py:186} INFO - Started process (PID=8030) to work on /opt/airflow/dags/dag_raw_to_refined.py
[2025-07-30T16:46:08.043+0000] {processor.py:914} INFO - Processing file /opt/airflow/dags/dag_raw_to_refined.py for tasks to queue
[2025-07-30T16:46:08.050+0000] {logging_mixin.py:190} INFO - [2025-07-30T16:46:08.050+0000] {dagbag.py:587} INFO - Filling up the DagBag from /opt/airflow/dags/dag_raw_to_refined.py
[2025-07-30T16:46:08.113+0000] {processor.py:925} INFO - DAG(s) 'dag_raw_to_refined' retrieved from /opt/airflow/dags/dag_raw_to_refined.py
[2025-07-30T16:46:08.128+0000] {logging_mixin.py:190} INFO - [2025-07-30T16:46:08.128+0000] {dag.py:3229} INFO - Sync 1 DAGs
[2025-07-30T16:46:08.141+0000] {logging_mixin.py:190} INFO - [2025-07-30T16:46:08.140+0000] {dag.py:4156} INFO - Setting next_dagrun for dag_raw_to_refined to None, run_after=None
[2025-07-30T16:46:08.166+0000] {processor.py:208} INFO - Processing /opt/airflow/dags/dag_raw_to_refined.py took 0.155 seconds
[2025-07-30T16:46:39.096+0000] {processor.py:186} INFO - Started process (PID=8094) to work on /opt/airflow/dags/dag_raw_to_refined.py
[2025-07-30T16:46:39.098+0000] {processor.py:914} INFO - Processing file /opt/airflow/dags/dag_raw_to_refined.py for tasks to queue
[2025-07-30T16:46:39.100+0000] {logging_mixin.py:190} INFO - [2025-07-30T16:46:39.100+0000] {dagbag.py:587} INFO - Filling up the DagBag from /opt/airflow/dags/dag_raw_to_refined.py
[2025-07-30T16:46:39.125+0000] {processor.py:925} INFO - DAG(s) 'dag_raw_to_refined' retrieved from /opt/airflow/dags/dag_raw_to_refined.py
[2025-07-30T16:46:39.133+0000] {logging_mixin.py:190} INFO - [2025-07-30T16:46:39.133+0000] {dag.py:3229} INFO - Sync 1 DAGs
[2025-07-30T16:46:39.145+0000] {logging_mixin.py:190} INFO - [2025-07-30T16:46:39.145+0000] {dag.py:4156} INFO - Setting next_dagrun for dag_raw_to_refined to None, run_after=None
[2025-07-30T16:46:39.156+0000] {processor.py:208} INFO - Processing /opt/airflow/dags/dag_raw_to_refined.py took 0.066 seconds
[2025-07-30T16:47:09.482+0000] {processor.py:186} INFO - Started process (PID=8158) to work on /opt/airflow/dags/dag_raw_to_refined.py
[2025-07-30T16:47:09.486+0000] {processor.py:914} INFO - Processing file /opt/airflow/dags/dag_raw_to_refined.py for tasks to queue
[2025-07-30T16:47:09.490+0000] {logging_mixin.py:190} INFO - [2025-07-30T16:47:09.489+0000] {dagbag.py:587} INFO - Filling up the DagBag from /opt/airflow/dags/dag_raw_to_refined.py
[2025-07-30T16:47:09.525+0000] {processor.py:925} INFO - DAG(s) 'dag_raw_to_refined' retrieved from /opt/airflow/dags/dag_raw_to_refined.py
[2025-07-30T16:47:09.540+0000] {logging_mixin.py:190} INFO - [2025-07-30T16:47:09.539+0000] {dag.py:3229} INFO - Sync 1 DAGs
[2025-07-30T16:47:09.555+0000] {logging_mixin.py:190} INFO - [2025-07-30T16:47:09.554+0000] {dag.py:4156} INFO - Setting next_dagrun for dag_raw_to_refined to None, run_after=None
[2025-07-30T16:47:09.569+0000] {processor.py:208} INFO - Processing /opt/airflow/dags/dag_raw_to_refined.py took 0.115 seconds
[2025-07-30T16:47:40.585+0000] {processor.py:186} INFO - Started process (PID=8222) to work on /opt/airflow/dags/dag_raw_to_refined.py
[2025-07-30T16:47:40.606+0000] {processor.py:914} INFO - Processing file /opt/airflow/dags/dag_raw_to_refined.py for tasks to queue
[2025-07-30T16:47:40.617+0000] {logging_mixin.py:190} INFO - [2025-07-30T16:47:40.616+0000] {dagbag.py:587} INFO - Filling up the DagBag from /opt/airflow/dags/dag_raw_to_refined.py
[2025-07-30T16:47:40.695+0000] {processor.py:925} INFO - DAG(s) 'dag_raw_to_refined' retrieved from /opt/airflow/dags/dag_raw_to_refined.py
[2025-07-30T16:47:40.717+0000] {logging_mixin.py:190} INFO - [2025-07-30T16:47:40.717+0000] {dag.py:3229} INFO - Sync 1 DAGs
[2025-07-30T16:47:40.742+0000] {logging_mixin.py:190} INFO - [2025-07-30T16:47:40.742+0000] {dag.py:4156} INFO - Setting next_dagrun for dag_raw_to_refined to None, run_after=None
[2025-07-30T16:47:40.768+0000] {processor.py:208} INFO - Processing /opt/airflow/dags/dag_raw_to_refined.py took 0.262 seconds
[2025-07-30T16:48:11.783+0000] {processor.py:186} INFO - Started process (PID=8291) to work on /opt/airflow/dags/dag_raw_to_refined.py
[2025-07-30T16:48:11.786+0000] {processor.py:914} INFO - Processing file /opt/airflow/dags/dag_raw_to_refined.py for tasks to queue
[2025-07-30T16:48:11.801+0000] {logging_mixin.py:190} INFO - [2025-07-30T16:48:11.801+0000] {dagbag.py:587} INFO - Filling up the DagBag from /opt/airflow/dags/dag_raw_to_refined.py
[2025-07-30T16:48:11.889+0000] {processor.py:925} INFO - DAG(s) 'dag_raw_to_refined' retrieved from /opt/airflow/dags/dag_raw_to_refined.py
[2025-07-30T16:48:11.906+0000] {logging_mixin.py:190} INFO - [2025-07-30T16:48:11.906+0000] {dag.py:3229} INFO - Sync 1 DAGs
[2025-07-30T16:48:11.925+0000] {logging_mixin.py:190} INFO - [2025-07-30T16:48:11.925+0000] {dag.py:4156} INFO - Setting next_dagrun for dag_raw_to_refined to None, run_after=None
[2025-07-30T16:48:11.949+0000] {processor.py:208} INFO - Processing /opt/airflow/dags/dag_raw_to_refined.py took 0.201 seconds
[2025-07-30T16:48:42.563+0000] {processor.py:186} INFO - Started process (PID=8355) to work on /opt/airflow/dags/dag_raw_to_refined.py
[2025-07-30T16:48:42.565+0000] {processor.py:914} INFO - Processing file /opt/airflow/dags/dag_raw_to_refined.py for tasks to queue
[2025-07-30T16:48:42.571+0000] {logging_mixin.py:190} INFO - [2025-07-30T16:48:42.570+0000] {dagbag.py:587} INFO - Filling up the DagBag from /opt/airflow/dags/dag_raw_to_refined.py
[2025-07-30T16:48:42.614+0000] {processor.py:925} INFO - DAG(s) 'dag_raw_to_refined' retrieved from /opt/airflow/dags/dag_raw_to_refined.py
[2025-07-30T16:48:42.624+0000] {logging_mixin.py:190} INFO - [2025-07-30T16:48:42.623+0000] {dag.py:3229} INFO - Sync 1 DAGs
[2025-07-30T16:48:42.642+0000] {logging_mixin.py:190} INFO - [2025-07-30T16:48:42.642+0000] {dag.py:4156} INFO - Setting next_dagrun for dag_raw_to_refined to None, run_after=None
[2025-07-30T16:48:42.654+0000] {processor.py:208} INFO - Processing /opt/airflow/dags/dag_raw_to_refined.py took 0.105 seconds
[2025-07-30T16:49:13.296+0000] {processor.py:186} INFO - Started process (PID=8419) to work on /opt/airflow/dags/dag_raw_to_refined.py
[2025-07-30T16:49:13.298+0000] {processor.py:914} INFO - Processing file /opt/airflow/dags/dag_raw_to_refined.py for tasks to queue
[2025-07-30T16:49:13.305+0000] {logging_mixin.py:190} INFO - [2025-07-30T16:49:13.304+0000] {dagbag.py:587} INFO - Filling up the DagBag from /opt/airflow/dags/dag_raw_to_refined.py
[2025-07-30T16:49:13.354+0000] {processor.py:925} INFO - DAG(s) 'dag_raw_to_refined' retrieved from /opt/airflow/dags/dag_raw_to_refined.py
[2025-07-30T16:49:13.371+0000] {logging_mixin.py:190} INFO - [2025-07-30T16:49:13.370+0000] {dag.py:3229} INFO - Sync 1 DAGs
[2025-07-30T16:49:13.391+0000] {logging_mixin.py:190} INFO - [2025-07-30T16:49:13.391+0000] {dag.py:4156} INFO - Setting next_dagrun for dag_raw_to_refined to None, run_after=None
[2025-07-30T16:49:13.408+0000] {processor.py:208} INFO - Processing /opt/airflow/dags/dag_raw_to_refined.py took 0.126 seconds
[2025-07-30T16:49:44.181+0000] {processor.py:186} INFO - Started process (PID=8483) to work on /opt/airflow/dags/dag_raw_to_refined.py
[2025-07-30T16:49:44.186+0000] {processor.py:914} INFO - Processing file /opt/airflow/dags/dag_raw_to_refined.py for tasks to queue
[2025-07-30T16:49:44.191+0000] {logging_mixin.py:190} INFO - [2025-07-30T16:49:44.190+0000] {dagbag.py:587} INFO - Filling up the DagBag from /opt/airflow/dags/dag_raw_to_refined.py
[2025-07-30T16:49:44.245+0000] {processor.py:925} INFO - DAG(s) 'dag_raw_to_refined' retrieved from /opt/airflow/dags/dag_raw_to_refined.py
[2025-07-30T16:49:44.257+0000] {logging_mixin.py:190} INFO - [2025-07-30T16:49:44.257+0000] {dag.py:3229} INFO - Sync 1 DAGs
[2025-07-30T16:49:44.280+0000] {logging_mixin.py:190} INFO - [2025-07-30T16:49:44.280+0000] {dag.py:4156} INFO - Setting next_dagrun for dag_raw_to_refined to None, run_after=None
[2025-07-30T16:49:44.300+0000] {processor.py:208} INFO - Processing /opt/airflow/dags/dag_raw_to_refined.py took 0.138 seconds
[2025-07-30T16:50:15.169+0000] {processor.py:186} INFO - Started process (PID=8547) to work on /opt/airflow/dags/dag_raw_to_refined.py
[2025-07-30T16:50:15.171+0000] {processor.py:914} INFO - Processing file /opt/airflow/dags/dag_raw_to_refined.py for tasks to queue
[2025-07-30T16:50:15.175+0000] {logging_mixin.py:190} INFO - [2025-07-30T16:50:15.175+0000] {dagbag.py:587} INFO - Filling up the DagBag from /opt/airflow/dags/dag_raw_to_refined.py
[2025-07-30T16:50:15.217+0000] {processor.py:925} INFO - DAG(s) 'dag_raw_to_refined' retrieved from /opt/airflow/dags/dag_raw_to_refined.py
[2025-07-30T16:50:15.227+0000] {logging_mixin.py:190} INFO - [2025-07-30T16:50:15.227+0000] {dag.py:3229} INFO - Sync 1 DAGs
[2025-07-30T16:50:15.243+0000] {logging_mixin.py:190} INFO - [2025-07-30T16:50:15.243+0000] {dag.py:4156} INFO - Setting next_dagrun for dag_raw_to_refined to None, run_after=None
[2025-07-30T16:50:15.260+0000] {processor.py:208} INFO - Processing /opt/airflow/dags/dag_raw_to_refined.py took 0.100 seconds
[2025-07-30T16:50:45.598+0000] {processor.py:186} INFO - Started process (PID=8607) to work on /opt/airflow/dags/dag_raw_to_refined.py
[2025-07-30T16:50:45.600+0000] {processor.py:914} INFO - Processing file /opt/airflow/dags/dag_raw_to_refined.py for tasks to queue
[2025-07-30T16:50:45.602+0000] {logging_mixin.py:190} INFO - [2025-07-30T16:50:45.602+0000] {dagbag.py:587} INFO - Filling up the DagBag from /opt/airflow/dags/dag_raw_to_refined.py
[2025-07-30T16:50:45.632+0000] {processor.py:925} INFO - DAG(s) 'dag_raw_to_refined' retrieved from /opt/airflow/dags/dag_raw_to_refined.py
[2025-07-30T16:50:45.644+0000] {logging_mixin.py:190} INFO - [2025-07-30T16:50:45.644+0000] {dag.py:3229} INFO - Sync 1 DAGs
[2025-07-30T16:50:45.654+0000] {logging_mixin.py:190} INFO - [2025-07-30T16:50:45.654+0000] {dag.py:4156} INFO - Setting next_dagrun for dag_raw_to_refined to None, run_after=None
[2025-07-30T16:50:45.670+0000] {processor.py:208} INFO - Processing /opt/airflow/dags/dag_raw_to_refined.py took 0.080 seconds
[2025-07-30T16:51:16.087+0000] {processor.py:186} INFO - Started process (PID=8669) to work on /opt/airflow/dags/dag_raw_to_refined.py
[2025-07-30T16:51:16.089+0000] {processor.py:914} INFO - Processing file /opt/airflow/dags/dag_raw_to_refined.py for tasks to queue
[2025-07-30T16:51:16.094+0000] {logging_mixin.py:190} INFO - [2025-07-30T16:51:16.094+0000] {dagbag.py:587} INFO - Filling up the DagBag from /opt/airflow/dags/dag_raw_to_refined.py
[2025-07-30T16:51:16.143+0000] {processor.py:925} INFO - DAG(s) 'dag_raw_to_refined' retrieved from /opt/airflow/dags/dag_raw_to_refined.py
[2025-07-30T16:51:16.182+0000] {logging_mixin.py:190} INFO - [2025-07-30T16:51:16.181+0000] {dag.py:3229} INFO - Sync 1 DAGs
[2025-07-30T16:51:16.236+0000] {logging_mixin.py:190} INFO - [2025-07-30T16:51:16.236+0000] {dag.py:4156} INFO - Setting next_dagrun for dag_raw_to_refined to None, run_after=None
[2025-07-30T16:51:16.257+0000] {processor.py:208} INFO - Processing /opt/airflow/dags/dag_raw_to_refined.py took 0.184 seconds
[2025-07-30T16:51:46.702+0000] {processor.py:186} INFO - Started process (PID=8728) to work on /opt/airflow/dags/dag_raw_to_refined.py
[2025-07-30T16:51:46.707+0000] {processor.py:914} INFO - Processing file /opt/airflow/dags/dag_raw_to_refined.py for tasks to queue
[2025-07-30T16:51:46.717+0000] {logging_mixin.py:190} INFO - [2025-07-30T16:51:46.716+0000] {dagbag.py:587} INFO - Filling up the DagBag from /opt/airflow/dags/dag_raw_to_refined.py
[2025-07-30T16:51:46.766+0000] {processor.py:925} INFO - DAG(s) 'dag_raw_to_refined' retrieved from /opt/airflow/dags/dag_raw_to_refined.py
[2025-07-30T16:51:46.778+0000] {logging_mixin.py:190} INFO - [2025-07-30T16:51:46.778+0000] {dag.py:3229} INFO - Sync 1 DAGs
[2025-07-30T16:51:46.796+0000] {logging_mixin.py:190} INFO - [2025-07-30T16:51:46.796+0000] {dag.py:4156} INFO - Setting next_dagrun for dag_raw_to_refined to None, run_after=None
[2025-07-30T16:51:46.811+0000] {processor.py:208} INFO - Processing /opt/airflow/dags/dag_raw_to_refined.py took 0.133 seconds
[2025-07-30T16:52:17.264+0000] {processor.py:186} INFO - Started process (PID=8792) to work on /opt/airflow/dags/dag_raw_to_refined.py
[2025-07-30T16:52:17.267+0000] {processor.py:914} INFO - Processing file /opt/airflow/dags/dag_raw_to_refined.py for tasks to queue
[2025-07-30T16:52:17.273+0000] {logging_mixin.py:190} INFO - [2025-07-30T16:52:17.273+0000] {dagbag.py:587} INFO - Filling up the DagBag from /opt/airflow/dags/dag_raw_to_refined.py
[2025-07-30T16:52:17.352+0000] {processor.py:925} INFO - DAG(s) 'dag_raw_to_refined' retrieved from /opt/airflow/dags/dag_raw_to_refined.py
[2025-07-30T16:52:17.367+0000] {logging_mixin.py:190} INFO - [2025-07-30T16:52:17.366+0000] {dag.py:3229} INFO - Sync 1 DAGs
[2025-07-30T16:52:17.384+0000] {logging_mixin.py:190} INFO - [2025-07-30T16:52:17.384+0000] {dag.py:4156} INFO - Setting next_dagrun for dag_raw_to_refined to None, run_after=None
[2025-07-30T16:52:17.400+0000] {processor.py:208} INFO - Processing /opt/airflow/dags/dag_raw_to_refined.py took 0.147 seconds
[2025-07-30T16:52:47.940+0000] {processor.py:186} INFO - Started process (PID=8856) to work on /opt/airflow/dags/dag_raw_to_refined.py
[2025-07-30T16:52:47.943+0000] {processor.py:914} INFO - Processing file /opt/airflow/dags/dag_raw_to_refined.py for tasks to queue
[2025-07-30T16:52:47.953+0000] {logging_mixin.py:190} INFO - [2025-07-30T16:52:47.952+0000] {dagbag.py:587} INFO - Filling up the DagBag from /opt/airflow/dags/dag_raw_to_refined.py
[2025-07-30T16:52:47.996+0000] {processor.py:925} INFO - DAG(s) 'dag_raw_to_refined' retrieved from /opt/airflow/dags/dag_raw_to_refined.py
[2025-07-30T16:52:48.006+0000] {logging_mixin.py:190} INFO - [2025-07-30T16:52:48.006+0000] {dag.py:3229} INFO - Sync 1 DAGs
[2025-07-30T16:52:48.022+0000] {logging_mixin.py:190} INFO - [2025-07-30T16:52:48.022+0000] {dag.py:4156} INFO - Setting next_dagrun for dag_raw_to_refined to None, run_after=None
[2025-07-30T16:52:48.041+0000] {processor.py:208} INFO - Processing /opt/airflow/dags/dag_raw_to_refined.py took 0.118 seconds
[2025-07-30T16:53:18.974+0000] {processor.py:186} INFO - Started process (PID=8920) to work on /opt/airflow/dags/dag_raw_to_refined.py
[2025-07-30T16:53:18.976+0000] {processor.py:914} INFO - Processing file /opt/airflow/dags/dag_raw_to_refined.py for tasks to queue
[2025-07-30T16:53:18.982+0000] {logging_mixin.py:190} INFO - [2025-07-30T16:53:18.982+0000] {dagbag.py:587} INFO - Filling up the DagBag from /opt/airflow/dags/dag_raw_to_refined.py
[2025-07-30T16:53:19.042+0000] {processor.py:925} INFO - DAG(s) 'dag_raw_to_refined' retrieved from /opt/airflow/dags/dag_raw_to_refined.py
[2025-07-30T16:53:19.057+0000] {logging_mixin.py:190} INFO - [2025-07-30T16:53:19.057+0000] {dag.py:3229} INFO - Sync 1 DAGs
[2025-07-30T16:53:19.078+0000] {logging_mixin.py:190} INFO - [2025-07-30T16:53:19.078+0000] {dag.py:4156} INFO - Setting next_dagrun for dag_raw_to_refined to None, run_after=None
[2025-07-30T16:53:19.100+0000] {processor.py:208} INFO - Processing /opt/airflow/dags/dag_raw_to_refined.py took 0.146 seconds
[2025-07-30T16:53:49.206+0000] {processor.py:186} INFO - Started process (PID=8979) to work on /opt/airflow/dags/dag_raw_to_refined.py
[2025-07-30T16:53:49.208+0000] {processor.py:914} INFO - Processing file /opt/airflow/dags/dag_raw_to_refined.py for tasks to queue
[2025-07-30T16:53:49.209+0000] {logging_mixin.py:190} INFO - [2025-07-30T16:53:49.209+0000] {dagbag.py:587} INFO - Filling up the DagBag from /opt/airflow/dags/dag_raw_to_refined.py
[2025-07-30T16:53:49.233+0000] {processor.py:925} INFO - DAG(s) 'dag_raw_to_refined' retrieved from /opt/airflow/dags/dag_raw_to_refined.py
[2025-07-30T16:53:49.244+0000] {logging_mixin.py:190} INFO - [2025-07-30T16:53:49.244+0000] {dag.py:3229} INFO - Sync 1 DAGs
[2025-07-30T16:53:49.269+0000] {logging_mixin.py:190} INFO - [2025-07-30T16:53:49.269+0000] {dag.py:4156} INFO - Setting next_dagrun for dag_raw_to_refined to None, run_after=None
[2025-07-30T16:53:49.287+0000] {processor.py:208} INFO - Processing /opt/airflow/dags/dag_raw_to_refined.py took 0.088 seconds
[2025-07-30T16:54:20.267+0000] {processor.py:186} INFO - Started process (PID=9040) to work on /opt/airflow/dags/dag_raw_to_refined.py
[2025-07-30T16:54:20.269+0000] {processor.py:914} INFO - Processing file /opt/airflow/dags/dag_raw_to_refined.py for tasks to queue
[2025-07-30T16:54:20.271+0000] {logging_mixin.py:190} INFO - [2025-07-30T16:54:20.270+0000] {dagbag.py:587} INFO - Filling up the DagBag from /opt/airflow/dags/dag_raw_to_refined.py
[2025-07-30T16:54:20.293+0000] {processor.py:925} INFO - DAG(s) 'dag_raw_to_refined' retrieved from /opt/airflow/dags/dag_raw_to_refined.py
[2025-07-30T16:54:20.307+0000] {logging_mixin.py:190} INFO - [2025-07-30T16:54:20.307+0000] {dag.py:3229} INFO - Sync 1 DAGs
[2025-07-30T16:54:20.321+0000] {logging_mixin.py:190} INFO - [2025-07-30T16:54:20.320+0000] {dag.py:4156} INFO - Setting next_dagrun for dag_raw_to_refined to None, run_after=None
[2025-07-30T16:54:20.329+0000] {processor.py:208} INFO - Processing /opt/airflow/dags/dag_raw_to_refined.py took 0.066 seconds
[2025-07-30T16:54:50.605+0000] {processor.py:186} INFO - Started process (PID=9098) to work on /opt/airflow/dags/dag_raw_to_refined.py
[2025-07-30T16:54:50.608+0000] {processor.py:914} INFO - Processing file /opt/airflow/dags/dag_raw_to_refined.py for tasks to queue
[2025-07-30T16:54:50.618+0000] {logging_mixin.py:190} INFO - [2025-07-30T16:54:50.615+0000] {dagbag.py:587} INFO - Filling up the DagBag from /opt/airflow/dags/dag_raw_to_refined.py
[2025-07-30T16:54:50.675+0000] {processor.py:925} INFO - DAG(s) 'dag_raw_to_refined' retrieved from /opt/airflow/dags/dag_raw_to_refined.py
[2025-07-30T16:54:50.688+0000] {logging_mixin.py:190} INFO - [2025-07-30T16:54:50.688+0000] {dag.py:3229} INFO - Sync 1 DAGs
[2025-07-30T16:54:50.702+0000] {logging_mixin.py:190} INFO - [2025-07-30T16:54:50.702+0000] {dag.py:4156} INFO - Setting next_dagrun for dag_raw_to_refined to None, run_after=None
[2025-07-30T16:54:50.722+0000] {processor.py:208} INFO - Processing /opt/airflow/dags/dag_raw_to_refined.py took 0.134 seconds
[2025-07-30T16:55:20.917+0000] {processor.py:186} INFO - Started process (PID=9162) to work on /opt/airflow/dags/dag_raw_to_refined.py
[2025-07-30T16:55:20.921+0000] {processor.py:914} INFO - Processing file /opt/airflow/dags/dag_raw_to_refined.py for tasks to queue
[2025-07-30T16:55:20.932+0000] {logging_mixin.py:190} INFO - [2025-07-30T16:55:20.931+0000] {dagbag.py:587} INFO - Filling up the DagBag from /opt/airflow/dags/dag_raw_to_refined.py
[2025-07-30T16:55:21.008+0000] {processor.py:925} INFO - DAG(s) 'dag_raw_to_refined' retrieved from /opt/airflow/dags/dag_raw_to_refined.py
[2025-07-30T16:55:21.022+0000] {logging_mixin.py:190} INFO - [2025-07-30T16:55:21.021+0000] {dag.py:3229} INFO - Sync 1 DAGs
[2025-07-30T16:55:21.042+0000] {logging_mixin.py:190} INFO - [2025-07-30T16:55:21.042+0000] {dag.py:4156} INFO - Setting next_dagrun for dag_raw_to_refined to None, run_after=None
[2025-07-30T16:55:21.062+0000] {processor.py:208} INFO - Processing /opt/airflow/dags/dag_raw_to_refined.py took 0.166 seconds
[2025-07-30T16:55:51.601+0000] {processor.py:186} INFO - Started process (PID=9226) to work on /opt/airflow/dags/dag_raw_to_refined.py
[2025-07-30T16:55:51.608+0000] {processor.py:914} INFO - Processing file /opt/airflow/dags/dag_raw_to_refined.py for tasks to queue
[2025-07-30T16:55:51.627+0000] {logging_mixin.py:190} INFO - [2025-07-30T16:55:51.626+0000] {dagbag.py:587} INFO - Filling up the DagBag from /opt/airflow/dags/dag_raw_to_refined.py
[2025-07-30T16:55:51.715+0000] {processor.py:925} INFO - DAG(s) 'dag_raw_to_refined' retrieved from /opt/airflow/dags/dag_raw_to_refined.py
[2025-07-30T16:55:51.734+0000] {logging_mixin.py:190} INFO - [2025-07-30T16:55:51.733+0000] {dag.py:3229} INFO - Sync 1 DAGs
[2025-07-30T16:55:51.761+0000] {logging_mixin.py:190} INFO - [2025-07-30T16:55:51.761+0000] {dag.py:4156} INFO - Setting next_dagrun for dag_raw_to_refined to None, run_after=None
[2025-07-30T16:55:51.777+0000] {processor.py:208} INFO - Processing /opt/airflow/dags/dag_raw_to_refined.py took 0.205 seconds
[2025-07-30T16:56:22.096+0000] {processor.py:186} INFO - Started process (PID=9290) to work on /opt/airflow/dags/dag_raw_to_refined.py
[2025-07-30T16:56:22.098+0000] {processor.py:914} INFO - Processing file /opt/airflow/dags/dag_raw_to_refined.py for tasks to queue
[2025-07-30T16:56:22.107+0000] {logging_mixin.py:190} INFO - [2025-07-30T16:56:22.107+0000] {dagbag.py:587} INFO - Filling up the DagBag from /opt/airflow/dags/dag_raw_to_refined.py
[2025-07-30T16:56:22.176+0000] {processor.py:925} INFO - DAG(s) 'dag_raw_to_refined' retrieved from /opt/airflow/dags/dag_raw_to_refined.py
[2025-07-30T16:56:22.190+0000] {logging_mixin.py:190} INFO - [2025-07-30T16:56:22.190+0000] {dag.py:3229} INFO - Sync 1 DAGs
[2025-07-30T16:56:22.209+0000] {logging_mixin.py:190} INFO - [2025-07-30T16:56:22.209+0000] {dag.py:4156} INFO - Setting next_dagrun for dag_raw_to_refined to None, run_after=None
[2025-07-30T16:56:22.228+0000] {processor.py:208} INFO - Processing /opt/airflow/dags/dag_raw_to_refined.py took 0.147 seconds
[2025-07-30T16:56:52.585+0000] {processor.py:186} INFO - Started process (PID=9353) to work on /opt/airflow/dags/dag_raw_to_refined.py
[2025-07-30T16:56:52.589+0000] {processor.py:914} INFO - Processing file /opt/airflow/dags/dag_raw_to_refined.py for tasks to queue
[2025-07-30T16:56:52.594+0000] {logging_mixin.py:190} INFO - [2025-07-30T16:56:52.594+0000] {dagbag.py:587} INFO - Filling up the DagBag from /opt/airflow/dags/dag_raw_to_refined.py
[2025-07-30T16:56:52.668+0000] {processor.py:925} INFO - DAG(s) 'dag_raw_to_refined' retrieved from /opt/airflow/dags/dag_raw_to_refined.py
[2025-07-30T16:56:52.687+0000] {logging_mixin.py:190} INFO - [2025-07-30T16:56:52.687+0000] {dag.py:3229} INFO - Sync 1 DAGs
[2025-07-30T16:56:52.717+0000] {logging_mixin.py:190} INFO - [2025-07-30T16:56:52.717+0000] {dag.py:4156} INFO - Setting next_dagrun for dag_raw_to_refined to None, run_after=None
[2025-07-30T16:56:52.750+0000] {processor.py:208} INFO - Processing /opt/airflow/dags/dag_raw_to_refined.py took 0.179 seconds
[2025-07-30T16:57:22.897+0000] {processor.py:186} INFO - Started process (PID=9417) to work on /opt/airflow/dags/dag_raw_to_refined.py
[2025-07-30T16:57:22.900+0000] {processor.py:914} INFO - Processing file /opt/airflow/dags/dag_raw_to_refined.py for tasks to queue
[2025-07-30T16:57:22.915+0000] {logging_mixin.py:190} INFO - [2025-07-30T16:57:22.914+0000] {dagbag.py:587} INFO - Filling up the DagBag from /opt/airflow/dags/dag_raw_to_refined.py
[2025-07-30T16:57:23.001+0000] {processor.py:925} INFO - DAG(s) 'dag_raw_to_refined' retrieved from /opt/airflow/dags/dag_raw_to_refined.py
[2025-07-30T16:57:23.015+0000] {logging_mixin.py:190} INFO - [2025-07-30T16:57:23.015+0000] {dag.py:3229} INFO - Sync 1 DAGs
[2025-07-30T16:57:23.027+0000] {logging_mixin.py:190} INFO - [2025-07-30T16:57:23.027+0000] {dag.py:4156} INFO - Setting next_dagrun for dag_raw_to_refined to None, run_after=None
[2025-07-30T16:57:23.052+0000] {processor.py:208} INFO - Processing /opt/airflow/dags/dag_raw_to_refined.py took 0.175 seconds
[2025-07-30T16:57:53.210+0000] {processor.py:186} INFO - Started process (PID=9481) to work on /opt/airflow/dags/dag_raw_to_refined.py
[2025-07-30T16:57:53.213+0000] {processor.py:914} INFO - Processing file /opt/airflow/dags/dag_raw_to_refined.py for tasks to queue
[2025-07-30T16:57:53.224+0000] {logging_mixin.py:190} INFO - [2025-07-30T16:57:53.224+0000] {dagbag.py:587} INFO - Filling up the DagBag from /opt/airflow/dags/dag_raw_to_refined.py
[2025-07-30T16:57:53.321+0000] {processor.py:925} INFO - DAG(s) 'dag_raw_to_refined' retrieved from /opt/airflow/dags/dag_raw_to_refined.py
[2025-07-30T16:57:53.337+0000] {logging_mixin.py:190} INFO - [2025-07-30T16:57:53.336+0000] {dag.py:3229} INFO - Sync 1 DAGs
[2025-07-30T16:57:53.354+0000] {logging_mixin.py:190} INFO - [2025-07-30T16:57:53.354+0000] {dag.py:4156} INFO - Setting next_dagrun for dag_raw_to_refined to None, run_after=None
[2025-07-30T16:57:53.374+0000] {processor.py:208} INFO - Processing /opt/airflow/dags/dag_raw_to_refined.py took 0.184 seconds
[2025-07-30T16:58:24.041+0000] {processor.py:186} INFO - Started process (PID=9545) to work on /opt/airflow/dags/dag_raw_to_refined.py
[2025-07-30T16:58:24.043+0000] {processor.py:914} INFO - Processing file /opt/airflow/dags/dag_raw_to_refined.py for tasks to queue
[2025-07-30T16:58:24.047+0000] {logging_mixin.py:190} INFO - [2025-07-30T16:58:24.047+0000] {dagbag.py:587} INFO - Filling up the DagBag from /opt/airflow/dags/dag_raw_to_refined.py
[2025-07-30T16:58:24.083+0000] {processor.py:925} INFO - DAG(s) 'dag_raw_to_refined' retrieved from /opt/airflow/dags/dag_raw_to_refined.py
[2025-07-30T16:58:24.094+0000] {logging_mixin.py:190} INFO - [2025-07-30T16:58:24.094+0000] {dag.py:3229} INFO - Sync 1 DAGs
[2025-07-30T16:58:24.110+0000] {logging_mixin.py:190} INFO - [2025-07-30T16:58:24.110+0000] {dag.py:4156} INFO - Setting next_dagrun for dag_raw_to_refined to None, run_after=None
[2025-07-30T16:58:24.123+0000] {processor.py:208} INFO - Processing /opt/airflow/dags/dag_raw_to_refined.py took 0.102 seconds
[2025-07-30T16:58:54.372+0000] {processor.py:186} INFO - Started process (PID=9609) to work on /opt/airflow/dags/dag_raw_to_refined.py
[2025-07-30T16:58:54.374+0000] {processor.py:914} INFO - Processing file /opt/airflow/dags/dag_raw_to_refined.py for tasks to queue
[2025-07-30T16:58:54.379+0000] {logging_mixin.py:190} INFO - [2025-07-30T16:58:54.379+0000] {dagbag.py:587} INFO - Filling up the DagBag from /opt/airflow/dags/dag_raw_to_refined.py
[2025-07-30T16:58:54.437+0000] {processor.py:925} INFO - DAG(s) 'dag_raw_to_refined' retrieved from /opt/airflow/dags/dag_raw_to_refined.py
[2025-07-30T16:58:54.450+0000] {logging_mixin.py:190} INFO - [2025-07-30T16:58:54.450+0000] {dag.py:3229} INFO - Sync 1 DAGs
[2025-07-30T16:58:54.459+0000] {logging_mixin.py:190} INFO - [2025-07-30T16:58:54.459+0000] {dag.py:4156} INFO - Setting next_dagrun for dag_raw_to_refined to None, run_after=None
[2025-07-30T16:58:54.474+0000] {processor.py:208} INFO - Processing /opt/airflow/dags/dag_raw_to_refined.py took 0.111 seconds
[2025-07-30T16:59:25.466+0000] {processor.py:186} INFO - Started process (PID=9673) to work on /opt/airflow/dags/dag_raw_to_refined.py
[2025-07-30T16:59:25.469+0000] {processor.py:914} INFO - Processing file /opt/airflow/dags/dag_raw_to_refined.py for tasks to queue
[2025-07-30T16:59:25.475+0000] {logging_mixin.py:190} INFO - [2025-07-30T16:59:25.474+0000] {dagbag.py:587} INFO - Filling up the DagBag from /opt/airflow/dags/dag_raw_to_refined.py
[2025-07-30T16:59:25.533+0000] {processor.py:925} INFO - DAG(s) 'dag_raw_to_refined' retrieved from /opt/airflow/dags/dag_raw_to_refined.py
[2025-07-30T16:59:25.545+0000] {logging_mixin.py:190} INFO - [2025-07-30T16:59:25.545+0000] {dag.py:3229} INFO - Sync 1 DAGs
[2025-07-30T16:59:25.557+0000] {logging_mixin.py:190} INFO - [2025-07-30T16:59:25.557+0000] {dag.py:4156} INFO - Setting next_dagrun for dag_raw_to_refined to None, run_after=None
[2025-07-30T16:59:25.574+0000] {processor.py:208} INFO - Processing /opt/airflow/dags/dag_raw_to_refined.py took 0.129 seconds
[2025-07-30T16:59:56.551+0000] {processor.py:186} INFO - Started process (PID=9738) to work on /opt/airflow/dags/dag_raw_to_refined.py
[2025-07-30T16:59:56.553+0000] {processor.py:914} INFO - Processing file /opt/airflow/dags/dag_raw_to_refined.py for tasks to queue
[2025-07-30T16:59:56.557+0000] {logging_mixin.py:190} INFO - [2025-07-30T16:59:56.556+0000] {dagbag.py:587} INFO - Filling up the DagBag from /opt/airflow/dags/dag_raw_to_refined.py
[2025-07-30T16:59:56.645+0000] {processor.py:925} INFO - DAG(s) 'dag_raw_to_refined' retrieved from /opt/airflow/dags/dag_raw_to_refined.py
[2025-07-30T16:59:56.662+0000] {logging_mixin.py:190} INFO - [2025-07-30T16:59:56.662+0000] {dag.py:3229} INFO - Sync 1 DAGs
[2025-07-30T16:59:56.691+0000] {logging_mixin.py:190} INFO - [2025-07-30T16:59:56.691+0000] {dag.py:4156} INFO - Setting next_dagrun for dag_raw_to_refined to None, run_after=None
[2025-07-30T16:59:56.710+0000] {processor.py:208} INFO - Processing /opt/airflow/dags/dag_raw_to_refined.py took 0.179 seconds
[2025-07-30T17:00:27.060+0000] {processor.py:186} INFO - Started process (PID=9804) to work on /opt/airflow/dags/dag_raw_to_refined.py
[2025-07-30T17:00:27.064+0000] {processor.py:914} INFO - Processing file /opt/airflow/dags/dag_raw_to_refined.py for tasks to queue
[2025-07-30T17:00:27.065+0000] {logging_mixin.py:190} INFO - [2025-07-30T17:00:27.065+0000] {dagbag.py:587} INFO - Filling up the DagBag from /opt/airflow/dags/dag_raw_to_refined.py
[2025-07-30T17:00:27.106+0000] {processor.py:925} INFO - DAG(s) 'dag_raw_to_refined' retrieved from /opt/airflow/dags/dag_raw_to_refined.py
[2025-07-30T17:00:27.120+0000] {logging_mixin.py:190} INFO - [2025-07-30T17:00:27.119+0000] {dag.py:3229} INFO - Sync 1 DAGs
[2025-07-30T17:00:27.157+0000] {logging_mixin.py:190} INFO - [2025-07-30T17:00:27.157+0000] {dag.py:4156} INFO - Setting next_dagrun for dag_raw_to_refined to None, run_after=None
[2025-07-30T17:00:27.625+0000] {processor.py:208} INFO - Processing /opt/airflow/dags/dag_raw_to_refined.py took 0.574 seconds
[2025-07-30T17:00:58.449+0000] {processor.py:186} INFO - Started process (PID=9869) to work on /opt/airflow/dags/dag_raw_to_refined.py
[2025-07-30T17:00:58.453+0000] {processor.py:914} INFO - Processing file /opt/airflow/dags/dag_raw_to_refined.py for tasks to queue
[2025-07-30T17:00:58.458+0000] {logging_mixin.py:190} INFO - [2025-07-30T17:00:58.457+0000] {dagbag.py:587} INFO - Filling up the DagBag from /opt/airflow/dags/dag_raw_to_refined.py
[2025-07-30T17:00:58.520+0000] {processor.py:925} INFO - DAG(s) 'dag_raw_to_refined' retrieved from /opt/airflow/dags/dag_raw_to_refined.py
[2025-07-30T17:00:58.542+0000] {logging_mixin.py:190} INFO - [2025-07-30T17:00:58.542+0000] {dag.py:3229} INFO - Sync 1 DAGs
[2025-07-30T17:00:58.561+0000] {logging_mixin.py:190} INFO - [2025-07-30T17:00:58.561+0000] {dag.py:4156} INFO - Setting next_dagrun for dag_raw_to_refined to None, run_after=None
[2025-07-30T17:00:58.580+0000] {processor.py:208} INFO - Processing /opt/airflow/dags/dag_raw_to_refined.py took 0.150 seconds
[2025-07-30T17:01:29.380+0000] {processor.py:186} INFO - Started process (PID=9934) to work on /opt/airflow/dags/dag_raw_to_refined.py
[2025-07-30T17:01:29.382+0000] {processor.py:914} INFO - Processing file /opt/airflow/dags/dag_raw_to_refined.py for tasks to queue
[2025-07-30T17:01:29.383+0000] {logging_mixin.py:190} INFO - [2025-07-30T17:01:29.382+0000] {dagbag.py:587} INFO - Filling up the DagBag from /opt/airflow/dags/dag_raw_to_refined.py
[2025-07-30T17:01:29.404+0000] {processor.py:925} INFO - DAG(s) 'dag_raw_to_refined' retrieved from /opt/airflow/dags/dag_raw_to_refined.py
[2025-07-30T17:01:29.412+0000] {logging_mixin.py:190} INFO - [2025-07-30T17:01:29.412+0000] {dag.py:3229} INFO - Sync 1 DAGs
[2025-07-30T17:01:29.427+0000] {logging_mixin.py:190} INFO - [2025-07-30T17:01:29.427+0000] {dag.py:4156} INFO - Setting next_dagrun for dag_raw_to_refined to None, run_after=None
[2025-07-30T17:01:29.441+0000] {processor.py:208} INFO - Processing /opt/airflow/dags/dag_raw_to_refined.py took 0.073 seconds
[2025-07-30T17:02:00.043+0000] {processor.py:186} INFO - Started process (PID=9999) to work on /opt/airflow/dags/dag_raw_to_refined.py
[2025-07-30T17:02:00.044+0000] {processor.py:914} INFO - Processing file /opt/airflow/dags/dag_raw_to_refined.py for tasks to queue
[2025-07-30T17:02:00.045+0000] {logging_mixin.py:190} INFO - [2025-07-30T17:02:00.045+0000] {dagbag.py:587} INFO - Filling up the DagBag from /opt/airflow/dags/dag_raw_to_refined.py
[2025-07-30T17:02:00.079+0000] {processor.py:925} INFO - DAG(s) 'dag_raw_to_refined' retrieved from /opt/airflow/dags/dag_raw_to_refined.py
[2025-07-30T17:02:00.089+0000] {logging_mixin.py:190} INFO - [2025-07-30T17:02:00.089+0000] {dag.py:3229} INFO - Sync 1 DAGs
[2025-07-30T17:02:00.104+0000] {logging_mixin.py:190} INFO - [2025-07-30T17:02:00.103+0000] {dag.py:4156} INFO - Setting next_dagrun for dag_raw_to_refined to None, run_after=None
[2025-07-30T17:02:00.121+0000] {processor.py:208} INFO - Processing /opt/airflow/dags/dag_raw_to_refined.py took 0.091 seconds
[2025-07-30T17:02:33.232+0000] {processor.py:186} INFO - Started process (PID=10046) to work on /opt/airflow/dags/dag_raw_to_refined.py
[2025-07-30T17:02:33.237+0000] {processor.py:914} INFO - Processing file /opt/airflow/dags/dag_raw_to_refined.py for tasks to queue
[2025-07-30T17:02:33.238+0000] {logging_mixin.py:190} INFO - [2025-07-30T17:02:33.237+0000] {dagbag.py:587} INFO - Filling up the DagBag from /opt/airflow/dags/dag_raw_to_refined.py
[2025-07-30T17:02:33.285+0000] {processor.py:925} INFO - DAG(s) 'dag_raw_to_refined' retrieved from /opt/airflow/dags/dag_raw_to_refined.py
[2025-07-30T17:02:33.302+0000] {logging_mixin.py:190} INFO - [2025-07-30T17:02:33.302+0000] {dag.py:3229} INFO - Sync 1 DAGs
[2025-07-30T17:02:33.320+0000] {logging_mixin.py:190} INFO - [2025-07-30T17:02:33.320+0000] {dag.py:4156} INFO - Setting next_dagrun for dag_raw_to_refined to None, run_after=None
[2025-07-30T17:02:34.395+0000] {processor.py:208} INFO - Processing /opt/airflow/dags/dag_raw_to_refined.py took 1.171 seconds
[2025-07-30T17:03:05.494+0000] {processor.py:186} INFO - Started process (PID=10111) to work on /opt/airflow/dags/dag_raw_to_refined.py
[2025-07-30T17:03:05.498+0000] {processor.py:914} INFO - Processing file /opt/airflow/dags/dag_raw_to_refined.py for tasks to queue
[2025-07-30T17:03:05.501+0000] {logging_mixin.py:190} INFO - [2025-07-30T17:03:05.501+0000] {dagbag.py:587} INFO - Filling up the DagBag from /opt/airflow/dags/dag_raw_to_refined.py
[2025-07-30T17:03:05.548+0000] {processor.py:925} INFO - DAG(s) 'dag_raw_to_refined' retrieved from /opt/airflow/dags/dag_raw_to_refined.py
[2025-07-30T17:03:05.566+0000] {logging_mixin.py:190} INFO - [2025-07-30T17:03:05.566+0000] {dag.py:3229} INFO - Sync 1 DAGs
[2025-07-30T17:03:05.586+0000] {logging_mixin.py:190} INFO - [2025-07-30T17:03:05.586+0000] {dag.py:4156} INFO - Setting next_dagrun for dag_raw_to_refined to None, run_after=None
[2025-07-30T17:03:05.606+0000] {processor.py:208} INFO - Processing /opt/airflow/dags/dag_raw_to_refined.py took 0.129 seconds
[2025-07-30T17:03:36.348+0000] {processor.py:186} INFO - Started process (PID=10176) to work on /opt/airflow/dags/dag_raw_to_refined.py
[2025-07-30T17:03:36.350+0000] {processor.py:914} INFO - Processing file /opt/airflow/dags/dag_raw_to_refined.py for tasks to queue
[2025-07-30T17:03:36.356+0000] {logging_mixin.py:190} INFO - [2025-07-30T17:03:36.354+0000] {dagbag.py:587} INFO - Filling up the DagBag from /opt/airflow/dags/dag_raw_to_refined.py
[2025-07-30T17:03:36.409+0000] {processor.py:925} INFO - DAG(s) 'dag_raw_to_refined' retrieved from /opt/airflow/dags/dag_raw_to_refined.py
[2025-07-30T17:03:37.306+0000] {logging_mixin.py:190} INFO - [2025-07-30T17:03:37.305+0000] {dag.py:3229} INFO - Sync 1 DAGs
[2025-07-30T17:03:37.329+0000] {logging_mixin.py:190} INFO - [2025-07-30T17:03:37.328+0000] {dag.py:4156} INFO - Setting next_dagrun for dag_raw_to_refined to None, run_after=None
[2025-07-30T17:03:37.342+0000] {processor.py:208} INFO - Processing /opt/airflow/dags/dag_raw_to_refined.py took 1.006 seconds
[2025-07-30T17:04:07.812+0000] {processor.py:186} INFO - Started process (PID=10241) to work on /opt/airflow/dags/dag_raw_to_refined.py
[2025-07-30T17:04:07.820+0000] {processor.py:914} INFO - Processing file /opt/airflow/dags/dag_raw_to_refined.py for tasks to queue
[2025-07-30T17:04:07.835+0000] {logging_mixin.py:190} INFO - [2025-07-30T17:04:07.832+0000] {dagbag.py:587} INFO - Filling up the DagBag from /opt/airflow/dags/dag_raw_to_refined.py
[2025-07-30T17:04:07.930+0000] {processor.py:925} INFO - DAG(s) 'dag_raw_to_refined' retrieved from /opt/airflow/dags/dag_raw_to_refined.py
[2025-07-30T17:04:07.965+0000] {logging_mixin.py:190} INFO - [2025-07-30T17:04:07.965+0000] {dag.py:3229} INFO - Sync 1 DAGs
[2025-07-30T17:04:07.995+0000] {logging_mixin.py:190} INFO - [2025-07-30T17:04:07.995+0000] {dag.py:4156} INFO - Setting next_dagrun for dag_raw_to_refined to None, run_after=None
[2025-07-30T17:04:08.021+0000] {processor.py:208} INFO - Processing /opt/airflow/dags/dag_raw_to_refined.py took 0.228 seconds
[2025-07-30T17:04:38.233+0000] {processor.py:186} INFO - Started process (PID=10306) to work on /opt/airflow/dags/dag_raw_to_refined.py
[2025-07-30T17:04:38.239+0000] {processor.py:914} INFO - Processing file /opt/airflow/dags/dag_raw_to_refined.py for tasks to queue
[2025-07-30T17:04:38.243+0000] {logging_mixin.py:190} INFO - [2025-07-30T17:04:38.242+0000] {dagbag.py:587} INFO - Filling up the DagBag from /opt/airflow/dags/dag_raw_to_refined.py
[2025-07-30T17:04:38.322+0000] {processor.py:925} INFO - DAG(s) 'dag_raw_to_refined' retrieved from /opt/airflow/dags/dag_raw_to_refined.py
[2025-07-30T17:04:38.341+0000] {logging_mixin.py:190} INFO - [2025-07-30T17:04:38.341+0000] {dag.py:3229} INFO - Sync 1 DAGs
[2025-07-30T17:04:38.403+0000] {logging_mixin.py:190} INFO - [2025-07-30T17:04:38.402+0000] {dag.py:4156} INFO - Setting next_dagrun for dag_raw_to_refined to None, run_after=None
[2025-07-30T17:04:38.442+0000] {processor.py:208} INFO - Processing /opt/airflow/dags/dag_raw_to_refined.py took 0.247 seconds
[2025-07-30T17:05:08.768+0000] {processor.py:186} INFO - Started process (PID=10376) to work on /opt/airflow/dags/dag_raw_to_refined.py
[2025-07-30T17:05:08.775+0000] {processor.py:914} INFO - Processing file /opt/airflow/dags/dag_raw_to_refined.py for tasks to queue
[2025-07-30T17:05:08.777+0000] {logging_mixin.py:190} INFO - [2025-07-30T17:05:08.776+0000] {dagbag.py:587} INFO - Filling up the DagBag from /opt/airflow/dags/dag_raw_to_refined.py
[2025-07-30T17:05:08.986+0000] {processor.py:925} INFO - DAG(s) 'dag_raw_to_refined' retrieved from /opt/airflow/dags/dag_raw_to_refined.py
[2025-07-30T17:05:09.017+0000] {logging_mixin.py:190} INFO - [2025-07-30T17:05:09.016+0000] {dag.py:3229} INFO - Sync 1 DAGs
[2025-07-30T17:05:09.065+0000] {logging_mixin.py:190} INFO - [2025-07-30T17:05:09.064+0000] {dag.py:4156} INFO - Setting next_dagrun for dag_raw_to_refined to None, run_after=None
[2025-07-30T17:05:09.171+0000] {processor.py:208} INFO - Processing /opt/airflow/dags/dag_raw_to_refined.py took 0.414 seconds
[2025-07-30T17:06:29.659+0000] {processor.py:186} INFO - Started process (PID=10437) to work on /opt/airflow/dags/dag_raw_to_refined.py
[2025-07-30T17:06:29.704+0000] {processor.py:914} INFO - Processing file /opt/airflow/dags/dag_raw_to_refined.py for tasks to queue
[2025-07-30T17:06:29.832+0000] {logging_mixin.py:190} INFO - [2025-07-30T17:06:29.767+0000] {dagbag.py:587} INFO - Filling up the DagBag from /opt/airflow/dags/dag_raw_to_refined.py
[2025-07-30T17:06:31.767+0000] {processor.py:925} INFO - DAG(s) 'dag_raw_to_refined' retrieved from /opt/airflow/dags/dag_raw_to_refined.py
[2025-07-30T17:06:35.532+0000] {logging_mixin.py:190} INFO - [2025-07-30T17:06:35.523+0000] {dag.py:3229} INFO - Sync 1 DAGs
[2025-07-30T17:06:36.195+0000] {logging_mixin.py:190} INFO - [2025-07-30T17:06:36.192+0000] {dag.py:4156} INFO - Setting next_dagrun for dag_raw_to_refined to None, run_after=None
[2025-07-30T17:06:36.441+0000] {processor.py:208} INFO - Processing /opt/airflow/dags/dag_raw_to_refined.py took 7.100 seconds
[2025-07-30T17:07:12.009+0000] {processor.py:186} INFO - Started process (PID=10493) to work on /opt/airflow/dags/dag_raw_to_refined.py
[2025-07-30T17:07:12.012+0000] {processor.py:914} INFO - Processing file /opt/airflow/dags/dag_raw_to_refined.py for tasks to queue
[2025-07-30T17:07:12.013+0000] {logging_mixin.py:190} INFO - [2025-07-30T17:07:12.013+0000] {dagbag.py:587} INFO - Filling up the DagBag from /opt/airflow/dags/dag_raw_to_refined.py
[2025-07-30T17:07:12.072+0000] {processor.py:925} INFO - DAG(s) 'dag_raw_to_refined' retrieved from /opt/airflow/dags/dag_raw_to_refined.py
[2025-07-30T17:07:12.087+0000] {logging_mixin.py:190} INFO - [2025-07-30T17:07:12.087+0000] {dag.py:3229} INFO - Sync 1 DAGs
[2025-07-30T17:07:12.137+0000] {logging_mixin.py:190} INFO - [2025-07-30T17:07:12.137+0000] {dag.py:4156} INFO - Setting next_dagrun for dag_raw_to_refined to None, run_after=None
[2025-07-30T17:07:12.189+0000] {processor.py:208} INFO - Processing /opt/airflow/dags/dag_raw_to_refined.py took 0.187 seconds
[2025-07-30T17:07:42.472+0000] {processor.py:186} INFO - Started process (PID=10555) to work on /opt/airflow/dags/dag_raw_to_refined.py
[2025-07-30T17:07:42.473+0000] {processor.py:914} INFO - Processing file /opt/airflow/dags/dag_raw_to_refined.py for tasks to queue
[2025-07-30T17:07:42.474+0000] {logging_mixin.py:190} INFO - [2025-07-30T17:07:42.474+0000] {dagbag.py:587} INFO - Filling up the DagBag from /opt/airflow/dags/dag_raw_to_refined.py
[2025-07-30T17:07:42.554+0000] {processor.py:925} INFO - DAG(s) 'dag_raw_to_refined' retrieved from /opt/airflow/dags/dag_raw_to_refined.py
[2025-07-30T17:07:42.580+0000] {logging_mixin.py:190} INFO - [2025-07-30T17:07:42.580+0000] {dag.py:3229} INFO - Sync 1 DAGs
[2025-07-30T17:07:42.609+0000] {logging_mixin.py:190} INFO - [2025-07-30T17:07:42.609+0000] {dag.py:4156} INFO - Setting next_dagrun for dag_raw_to_refined to None, run_after=None
[2025-07-30T17:07:42.628+0000] {processor.py:208} INFO - Processing /opt/airflow/dags/dag_raw_to_refined.py took 0.171 seconds
[2025-07-30T17:08:12.733+0000] {processor.py:186} INFO - Started process (PID=10621) to work on /opt/airflow/dags/dag_raw_to_refined.py
[2025-07-30T17:08:12.737+0000] {processor.py:914} INFO - Processing file /opt/airflow/dags/dag_raw_to_refined.py for tasks to queue
[2025-07-30T17:08:12.739+0000] {logging_mixin.py:190} INFO - [2025-07-30T17:08:12.739+0000] {dagbag.py:587} INFO - Filling up the DagBag from /opt/airflow/dags/dag_raw_to_refined.py
[2025-07-30T17:08:12.823+0000] {processor.py:925} INFO - DAG(s) 'dag_raw_to_refined' retrieved from /opt/airflow/dags/dag_raw_to_refined.py
[2025-07-30T17:08:12.850+0000] {logging_mixin.py:190} INFO - [2025-07-30T17:08:12.849+0000] {dag.py:3229} INFO - Sync 1 DAGs
[2025-07-30T17:08:12.876+0000] {logging_mixin.py:190} INFO - [2025-07-30T17:08:12.875+0000] {dag.py:4156} INFO - Setting next_dagrun for dag_raw_to_refined to None, run_after=None
[2025-07-30T17:08:12.891+0000] {processor.py:208} INFO - Processing /opt/airflow/dags/dag_raw_to_refined.py took 0.172 seconds
[2025-07-30T17:08:50.417+0000] {processor.py:186} INFO - Started process (PID=10697) to work on /opt/airflow/dags/dag_raw_to_refined.py
[2025-07-30T17:08:50.424+0000] {processor.py:914} INFO - Processing file /opt/airflow/dags/dag_raw_to_refined.py for tasks to queue
[2025-07-30T17:08:50.428+0000] {logging_mixin.py:190} INFO - [2025-07-30T17:08:50.428+0000] {dagbag.py:587} INFO - Filling up the DagBag from /opt/airflow/dags/dag_raw_to_refined.py
[2025-07-30T17:08:50.651+0000] {processor.py:925} INFO - DAG(s) 'dag_raw_to_refined' retrieved from /opt/airflow/dags/dag_raw_to_refined.py
[2025-07-30T17:08:50.717+0000] {logging_mixin.py:190} INFO - [2025-07-30T17:08:50.717+0000] {dag.py:3229} INFO - Sync 1 DAGs
[2025-07-30T17:08:50.760+0000] {logging_mixin.py:190} INFO - [2025-07-30T17:08:50.760+0000] {dag.py:4156} INFO - Setting next_dagrun for dag_raw_to_refined to None, run_after=None
[2025-07-30T17:08:50.840+0000] {processor.py:208} INFO - Processing /opt/airflow/dags/dag_raw_to_refined.py took 0.467 seconds
[2025-07-30T17:09:21.117+0000] {processor.py:186} INFO - Started process (PID=10767) to work on /opt/airflow/dags/dag_raw_to_refined.py
[2025-07-30T17:09:21.118+0000] {processor.py:914} INFO - Processing file /opt/airflow/dags/dag_raw_to_refined.py for tasks to queue
[2025-07-30T17:09:21.119+0000] {logging_mixin.py:190} INFO - [2025-07-30T17:09:21.119+0000] {dagbag.py:587} INFO - Filling up the DagBag from /opt/airflow/dags/dag_raw_to_refined.py
[2025-07-30T17:09:21.137+0000] {processor.py:925} INFO - DAG(s) 'dag_raw_to_refined' retrieved from /opt/airflow/dags/dag_raw_to_refined.py
[2025-07-30T17:09:21.143+0000] {logging_mixin.py:190} INFO - [2025-07-30T17:09:21.143+0000] {dag.py:3229} INFO - Sync 1 DAGs
[2025-07-30T17:09:21.149+0000] {logging_mixin.py:190} INFO - [2025-07-30T17:09:21.149+0000] {dag.py:4156} INFO - Setting next_dagrun for dag_raw_to_refined to None, run_after=None
[2025-07-30T17:09:21.157+0000] {processor.py:208} INFO - Processing /opt/airflow/dags/dag_raw_to_refined.py took 0.047 seconds
[2025-07-30T17:09:51.992+0000] {processor.py:186} INFO - Started process (PID=10831) to work on /opt/airflow/dags/dag_raw_to_refined.py
[2025-07-30T17:09:51.999+0000] {processor.py:914} INFO - Processing file /opt/airflow/dags/dag_raw_to_refined.py for tasks to queue
[2025-07-30T17:09:52.011+0000] {logging_mixin.py:190} INFO - [2025-07-30T17:09:52.008+0000] {dagbag.py:587} INFO - Filling up the DagBag from /opt/airflow/dags/dag_raw_to_refined.py
[2025-07-30T17:09:52.169+0000] {processor.py:925} INFO - DAG(s) 'dag_raw_to_refined' retrieved from /opt/airflow/dags/dag_raw_to_refined.py
[2025-07-30T17:09:52.230+0000] {logging_mixin.py:190} INFO - [2025-07-30T17:09:52.229+0000] {dag.py:3229} INFO - Sync 1 DAGs
[2025-07-30T17:09:52.443+0000] {logging_mixin.py:190} INFO - [2025-07-30T17:09:52.437+0000] {dag.py:4156} INFO - Setting next_dagrun for dag_raw_to_refined to None, run_after=None
[2025-07-30T17:09:52.574+0000] {processor.py:208} INFO - Processing /opt/airflow/dags/dag_raw_to_refined.py took 0.651 seconds
[2025-07-30T17:10:24.143+0000] {processor.py:186} INFO - Started process (PID=10899) to work on /opt/airflow/dags/dag_raw_to_refined.py
[2025-07-30T17:10:24.154+0000] {processor.py:914} INFO - Processing file /opt/airflow/dags/dag_raw_to_refined.py for tasks to queue
[2025-07-30T17:10:24.158+0000] {logging_mixin.py:190} INFO - [2025-07-30T17:10:24.157+0000] {dagbag.py:587} INFO - Filling up the DagBag from /opt/airflow/dags/dag_raw_to_refined.py
[2025-07-30T17:10:24.291+0000] {processor.py:925} INFO - DAG(s) 'dag_raw_to_refined' retrieved from /opt/airflow/dags/dag_raw_to_refined.py
[2025-07-30T17:10:24.352+0000] {logging_mixin.py:190} INFO - [2025-07-30T17:10:24.350+0000] {dag.py:3229} INFO - Sync 1 DAGs
[2025-07-30T17:10:24.475+0000] {logging_mixin.py:190} INFO - [2025-07-30T17:10:24.475+0000] {dag.py:4156} INFO - Setting next_dagrun for dag_raw_to_refined to None, run_after=None
[2025-07-30T17:10:24.550+0000] {processor.py:208} INFO - Processing /opt/airflow/dags/dag_raw_to_refined.py took 0.456 seconds
[2025-07-30T17:10:57.707+0000] {processor.py:186} INFO - Started process (PID=10957) to work on /opt/airflow/dags/dag_raw_to_refined.py
[2025-07-30T17:10:57.719+0000] {processor.py:914} INFO - Processing file /opt/airflow/dags/dag_raw_to_refined.py for tasks to queue
[2025-07-30T17:10:57.726+0000] {logging_mixin.py:190} INFO - [2025-07-30T17:10:57.725+0000] {dagbag.py:587} INFO - Filling up the DagBag from /opt/airflow/dags/dag_raw_to_refined.py
[2025-07-30T17:10:57.959+0000] {processor.py:925} INFO - DAG(s) 'dag_raw_to_refined' retrieved from /opt/airflow/dags/dag_raw_to_refined.py
[2025-07-30T17:10:58.080+0000] {logging_mixin.py:190} INFO - [2025-07-30T17:10:58.079+0000] {dag.py:3229} INFO - Sync 1 DAGs
[2025-07-30T17:10:58.247+0000] {logging_mixin.py:190} INFO - [2025-07-30T17:10:58.247+0000] {dag.py:4156} INFO - Setting next_dagrun for dag_raw_to_refined to None, run_after=None
[2025-07-30T17:10:58.392+0000] {processor.py:208} INFO - Processing /opt/airflow/dags/dag_raw_to_refined.py took 0.757 seconds
[2025-07-30T17:11:28.854+0000] {processor.py:186} INFO - Started process (PID=11021) to work on /opt/airflow/dags/dag_raw_to_refined.py
[2025-07-30T17:11:28.858+0000] {processor.py:914} INFO - Processing file /opt/airflow/dags/dag_raw_to_refined.py for tasks to queue
[2025-07-30T17:11:28.865+0000] {logging_mixin.py:190} INFO - [2025-07-30T17:11:28.864+0000] {dagbag.py:587} INFO - Filling up the DagBag from /opt/airflow/dags/dag_raw_to_refined.py
[2025-07-30T17:11:29.007+0000] {processor.py:925} INFO - DAG(s) 'dag_raw_to_refined' retrieved from /opt/airflow/dags/dag_raw_to_refined.py
[2025-07-30T17:11:29.027+0000] {logging_mixin.py:190} INFO - [2025-07-30T17:11:29.027+0000] {dag.py:3229} INFO - Sync 1 DAGs
[2025-07-30T17:11:29.053+0000] {logging_mixin.py:190} INFO - [2025-07-30T17:11:29.052+0000] {dag.py:4156} INFO - Setting next_dagrun for dag_raw_to_refined to None, run_after=None
[2025-07-30T17:11:29.071+0000] {processor.py:208} INFO - Processing /opt/airflow/dags/dag_raw_to_refined.py took 0.269 seconds
[2025-07-30T17:11:59.280+0000] {processor.py:186} INFO - Started process (PID=11086) to work on /opt/airflow/dags/dag_raw_to_refined.py
[2025-07-30T17:11:59.282+0000] {processor.py:914} INFO - Processing file /opt/airflow/dags/dag_raw_to_refined.py for tasks to queue
[2025-07-30T17:11:59.284+0000] {logging_mixin.py:190} INFO - [2025-07-30T17:11:59.284+0000] {dagbag.py:587} INFO - Filling up the DagBag from /opt/airflow/dags/dag_raw_to_refined.py
[2025-07-30T17:11:59.346+0000] {processor.py:925} INFO - DAG(s) 'dag_raw_to_refined' retrieved from /opt/airflow/dags/dag_raw_to_refined.py
[2025-07-30T17:11:59.364+0000] {logging_mixin.py:190} INFO - [2025-07-30T17:11:59.364+0000] {dag.py:3229} INFO - Sync 1 DAGs
[2025-07-30T17:11:59.385+0000] {logging_mixin.py:190} INFO - [2025-07-30T17:11:59.384+0000] {dag.py:4156} INFO - Setting next_dagrun for dag_raw_to_refined to None, run_after=None
[2025-07-30T17:11:59.404+0000] {processor.py:208} INFO - Processing /opt/airflow/dags/dag_raw_to_refined.py took 0.143 seconds
[2025-07-30T17:12:29.667+0000] {processor.py:186} INFO - Started process (PID=11151) to work on /opt/airflow/dags/dag_raw_to_refined.py
[2025-07-30T17:12:29.673+0000] {processor.py:914} INFO - Processing file /opt/airflow/dags/dag_raw_to_refined.py for tasks to queue
[2025-07-30T17:12:29.677+0000] {logging_mixin.py:190} INFO - [2025-07-30T17:12:29.676+0000] {dagbag.py:587} INFO - Filling up the DagBag from /opt/airflow/dags/dag_raw_to_refined.py
[2025-07-30T17:12:29.755+0000] {processor.py:925} INFO - DAG(s) 'dag_raw_to_refined' retrieved from /opt/airflow/dags/dag_raw_to_refined.py
[2025-07-30T17:12:29.781+0000] {logging_mixin.py:190} INFO - [2025-07-30T17:12:29.781+0000] {dag.py:3229} INFO - Sync 1 DAGs
[2025-07-30T17:12:29.826+0000] {logging_mixin.py:190} INFO - [2025-07-30T17:12:29.826+0000] {dag.py:4156} INFO - Setting next_dagrun for dag_raw_to_refined to None, run_after=None
[2025-07-30T17:12:29.862+0000] {processor.py:208} INFO - Processing /opt/airflow/dags/dag_raw_to_refined.py took 0.217 seconds
[2025-07-30T17:12:59.960+0000] {processor.py:186} INFO - Started process (PID=11215) to work on /opt/airflow/dags/dag_raw_to_refined.py
[2025-07-30T17:12:59.964+0000] {processor.py:914} INFO - Processing file /opt/airflow/dags/dag_raw_to_refined.py for tasks to queue
[2025-07-30T17:12:59.965+0000] {logging_mixin.py:190} INFO - [2025-07-30T17:12:59.965+0000] {dagbag.py:587} INFO - Filling up the DagBag from /opt/airflow/dags/dag_raw_to_refined.py
[2025-07-30T17:13:00.005+0000] {processor.py:925} INFO - DAG(s) 'dag_raw_to_refined' retrieved from /opt/airflow/dags/dag_raw_to_refined.py
[2025-07-30T17:13:00.028+0000] {logging_mixin.py:190} INFO - [2025-07-30T17:13:00.027+0000] {dag.py:3229} INFO - Sync 1 DAGs
[2025-07-30T17:13:00.067+0000] {logging_mixin.py:190} INFO - [2025-07-30T17:13:00.066+0000] {dag.py:4156} INFO - Setting next_dagrun for dag_raw_to_refined to None, run_after=None
[2025-07-30T17:13:00.103+0000] {processor.py:208} INFO - Processing /opt/airflow/dags/dag_raw_to_refined.py took 0.168 seconds
[2025-07-30T17:13:30.647+0000] {processor.py:186} INFO - Started process (PID=11276) to work on /opt/airflow/dags/dag_raw_to_refined.py
[2025-07-30T17:13:30.649+0000] {processor.py:914} INFO - Processing file /opt/airflow/dags/dag_raw_to_refined.py for tasks to queue
[2025-07-30T17:13:30.653+0000] {logging_mixin.py:190} INFO - [2025-07-30T17:13:30.652+0000] {dagbag.py:587} INFO - Filling up the DagBag from /opt/airflow/dags/dag_raw_to_refined.py
[2025-07-30T17:13:30.748+0000] {processor.py:925} INFO - DAG(s) 'dag_raw_to_refined' retrieved from /opt/airflow/dags/dag_raw_to_refined.py
[2025-07-30T17:13:30.779+0000] {logging_mixin.py:190} INFO - [2025-07-30T17:13:30.778+0000] {dag.py:3229} INFO - Sync 1 DAGs
[2025-07-30T17:13:30.827+0000] {logging_mixin.py:190} INFO - [2025-07-30T17:13:30.826+0000] {dag.py:4156} INFO - Setting next_dagrun for dag_raw_to_refined to None, run_after=None
[2025-07-30T17:13:30.875+0000] {processor.py:208} INFO - Processing /opt/airflow/dags/dag_raw_to_refined.py took 0.243 seconds
