[2025-07-30T17:08:58.893+0000] {local_task_job_runner.py:123} INFO - ::group::Pre task execution logs
[2025-07-30T17:08:58.919+0000] {taskinstance.py:2612} INFO - Dependencies all met for dep_context=non-requeueable deps ti=<TaskInstance: dag_refined_to_business.exec_sql_asset_profile manual__2025-07-30T17:08:20.152735+00:00 [queued]>
[2025-07-30T17:08:58.934+0000] {taskinstance.py:2612} INFO - Dependencies all met for dep_context=requeueable deps ti=<TaskInstance: dag_refined_to_business.exec_sql_asset_profile manual__2025-07-30T17:08:20.152735+00:00 [queued]>
[2025-07-30T17:08:58.934+0000] {taskinstance.py:2865} INFO - Starting attempt 1 of 2
[2025-07-30T17:08:58.948+0000] {taskinstance.py:2888} INFO - Executing <Task(SQLExecuteQueryOperator): exec_sql_asset_profile> on 2025-07-30 17:08:20.152735+00:00
[2025-07-30T17:08:58.992+0000] {warnings.py:112} WARNING - /home/***/.local/lib/python3.12/site-packages/***/task/task_runner/standard_task_runner.py:70: DeprecationWarning: This process (pid=1376) is multi-threaded, use of fork() may lead to deadlocks in the child.
  pid = os.fork()

[2025-07-30T17:08:58.994+0000] {standard_task_runner.py:72} INFO - Started process 1380 to run task
[2025-07-30T17:08:58.995+0000] {standard_task_runner.py:104} INFO - Running: ['***', 'tasks', 'run', 'dag_refined_to_business', 'exec_sql_asset_profile', 'manual__2025-07-30T17:08:20.152735+00:00', '--job-id', '213', '--raw', '--subdir', 'DAGS_FOLDER/dag_redined_to_business.py', '--cfg-path', '/tmp/tmpoz5km_fr']
[2025-07-30T17:08:59.001+0000] {standard_task_runner.py:105} INFO - Job 213: Subtask exec_sql_asset_profile
[2025-07-30T17:08:59.079+0000] {task_command.py:467} INFO - Running <TaskInstance: dag_refined_to_business.exec_sql_asset_profile manual__2025-07-30T17:08:20.152735+00:00 [running]> on host 7609641ebe00
[2025-07-30T17:08:59.185+0000] {taskinstance.py:3131} INFO - Exporting env vars: AIRFLOW_CTX_DAG_OWNER='reza' AIRFLOW_CTX_DAG_ID='dag_refined_to_business' AIRFLOW_CTX_TASK_ID='exec_sql_asset_profile' AIRFLOW_CTX_EXECUTION_DATE='2025-07-30T17:08:20.152735+00:00' AIRFLOW_CTX_TRY_NUMBER='1' AIRFLOW_CTX_DAG_RUN_ID='manual__2025-07-30T17:08:20.152735+00:00'
[2025-07-30T17:08:59.191+0000] {logging_mixin.py:190} INFO - Task instance is in running state
[2025-07-30T17:08:59.192+0000] {logging_mixin.py:190} INFO -  Previous state of the Task instance: queued
[2025-07-30T17:08:59.192+0000] {logging_mixin.py:190} INFO - Current task name:exec_sql_asset_profile state:running start_date:2025-07-30 17:08:58.921182+00:00
[2025-07-30T17:08:59.192+0000] {logging_mixin.py:190} INFO - Dag name:dag_refined_to_business and current dag run status:running
[2025-07-30T17:08:59.193+0000] {taskinstance.py:731} INFO - ::endgroup::
[2025-07-30T17:08:59.193+0000] {sql.py:266} INFO - Executing: INSERT INTO business.asset_profile
SELECT 
    symbol, 
    name, 
    image_url, 
    last_updated
FROM refined.coingecko_flat;
[2025-07-30T17:08:59.210+0000] {base.py:84} INFO - Retrieving connection 'mysql_doris_conn'
[2025-07-30T17:08:59.232+0000] {base.py:84} INFO - Retrieving connection 'mysql_doris_conn'
[2025-07-30T17:08:59.452+0000] {sql.py:509} INFO - Running statement: INSERT INTO business.asset_profile
SELECT 
    symbol, 
    name, 
    image_url, 
    last_updated
FROM refined.coingecko_flat;, parameters: None
[2025-07-30T17:09:00.001+0000] {sql.py:518} INFO - Rows affected: 1000
[2025-07-30T17:09:00.202+0000] {taskinstance.py:340} INFO - ::group::Post task execution logs
[2025-07-30T17:09:00.213+0000] {taskinstance.py:352} INFO - Marking task as SUCCESS. dag_id=dag_refined_to_business, task_id=exec_sql_asset_profile, run_id=manual__2025-07-30T17:08:20.152735+00:00, execution_date=20250730T170820, start_date=20250730T170858, end_date=20250730T170900
[2025-07-30T17:09:00.282+0000] {logging_mixin.py:190} INFO - Task instance in success state
[2025-07-30T17:09:00.283+0000] {logging_mixin.py:190} INFO -  Previous state of the Task instance: running
[2025-07-30T17:09:00.284+0000] {logging_mixin.py:190} INFO - Dag name:dag_refined_to_business queued_at:2025-07-30 17:08:20.197823+00:00
[2025-07-30T17:09:00.286+0000] {logging_mixin.py:190} INFO - Task hostname:7609641ebe00 operator:SQLExecuteQueryOperator
[2025-07-30T17:09:00.344+0000] {local_task_job_runner.py:266} INFO - Task exited with return code 0
[2025-07-30T17:09:00.445+0000] {local_task_job_runner.py:245} INFO - ::endgroup::
