StdoutLogger 2025-07-28 07:40:28,445 Using Java version 17
StdoutLogger 2025-07-28 07:40:28,446 -Xmx4g
StdoutLogger 2025-07-28 07:40:28,492 start time: Mon Jul 28 07:40:28 UTC 2025
StdoutLogger 2025-07-28 07:40:29,343 =====
<?xml version="1.0" encoding="utf-8"?>

<!-- Auto Generated. DO NOT MODIFY IT! -->
<Configuration status="info" packages="org.apache.doris.common">
  <Appenders>
    <Console name="Console" target="SYSTEM_OUT">
      <PatternLayout charset="UTF-8">
        <Pattern><!--REPLACED BY RUNTIME LOG MARKER-->%d{yyyy-MM-dd HH:mm:ss,SSS} %p (%t|%tid) [%C{1}.%M():%L] %m%n</Pattern>
      </PatternLayout>
    </Console>
    <Console name="AuditConsole" target="SYSTEM_OUT">
      <PatternLayout charset="UTF-8">
        <Pattern><!--REPLACED BY AUDIT LOG MARKER-->%d{yyyy-MM-dd HH:mm:ss,SSS} [%c{1}] %m%n</Pattern>
      </PatternLayout>
    </Console>
    <RollingFile name="Sys" fileName="/opt/apache-doris/fe/log/fe.log" filePattern="/opt/apache-doris/fe/log/fe.log.%d{yyyyMMdd}-%i" immediateFlush="false">
      <PatternLayout charset="UTF-8">
        <Pattern><!--REPLACED BY RUNTIME LOG MARKER-->%d{yyyy-MM-dd HH:mm:ss,SSS} %p (%t|%tid) [%C{1}.%M():%L] %m%n</Pattern>
      </PatternLayout>
      <Policies>
        <TimeBasedTriggeringPolicy/>
        <SizeBasedTriggeringPolicy size="1024MB"/>
      </Policies>
      <DefaultRolloverStrategy max="10" fileIndex="max">
        <Delete basePath="/opt/apache-doris/fe/log/" maxDepth="1">
          <IfFileName glob="fe.log.*" />
          <IfLastModified age="7d" />
        </Delete>
      </DefaultRolloverStrategy>
    </RollingFile>
    <RollingFile name="SysWF" fileName="/opt/apache-doris/fe/log/fe.warn.log" filePattern="/opt/apache-doris/fe/log/fe.warn.log.%d{yyyyMMdd}-%i" immediateFlush="false">
      <PatternLayout charset="UTF-8">
        <Pattern><!--REPLACED BY RUNTIME LOG MARKER-->%d{yyyy-MM-dd HH:mm:ss,SSS} %p (%t|%tid) [%C{1}.%M():%L] %m%n</Pattern>
      </PatternLayout>
      <Policies>
        <TimeBasedTriggeringPolicy/>
        <SizeBasedTriggeringPolicy size="1024MB"/>
      </Policies>
      <DefaultRolloverStrategy max="10" fileIndex="max">
        <Delete basePath="/opt/apache-doris/fe/log/" maxDepth="1">
          <IfFileName glob="fe.warn.log.*" />
          <IfLastModified age="7d" />
        </Delete>
      </DefaultRolloverStrategy>
    </RollingFile>
    <RollingFile name="AuditFile" fileName="/opt/apache-doris/fe/log/fe.audit.log" filePattern="/opt/apache-doris/fe/log/fe.audit.log.%d{yyyyMMdd}-%i">
      <PatternLayout charset="UTF-8">
        <Pattern><!--REPLACED BY AUDIT LOG MARKER-->%d{yyyy-MM-dd HH:mm:ss,SSS} [%c{1}] %m%n</Pattern>
      </PatternLayout>
      <Policies>
        <TimeBasedTriggeringPolicy/>
        <SizeBasedTriggeringPolicy size="1024MB"/>
      </Policies>
      <DefaultRolloverStrategy max="90" fileIndex="max">
        <Delete basePath="/opt/apache-doris/fe/log/" maxDepth="1">
          <IfFileName glob="fe.audit.log.*" />
          <IfLastModified age="30d" />
        </Delete>
      </DefaultRolloverStrategy>
    </RollingFile>
  </Appenders>
  <Loggers>
    <AsyncRoot level="INFO" includeLocation="true">
      <AppenderRef ref="Sys"/>

      <AppenderRef ref="SysWF" level="WARN"/>

      <!--REPLACED BY CONSOLE APPENDER-->
    </AsyncRoot>
    <Logger name="audit" level="ERROR" additivity="false">
      <AppenderRef ref="AuditFile"/>

      <!--REPLACED BY AUDIT CONSOLE LOGGER-->
    </Logger>
    <Logger name='audit.slow_query' level='INFO'/><Logger name='audit.query' level='INFO'/><Logger name='audit.load' level='INFO'/><Logger name='audit.stream_load' level='INFO'/>
  </Loggers>
</Configuration>
=====
==============================
StdoutLogger 2025-07-28 07:47:45,450 Using Java version 17
StdoutLogger 2025-07-28 07:47:45,451 -Xmx4g
StdoutLogger 2025-07-28 07:47:45,500 start time: Mon Jul 28 07:47:45 UTC 2025
StdoutLogger 2025-07-28 07:47:46,627 =====
<?xml version="1.0" encoding="utf-8"?>

<!-- Auto Generated. DO NOT MODIFY IT! -->
<Configuration status="info" packages="org.apache.doris.common">
  <Appenders>
    <Console name="Console" target="SYSTEM_OUT">
      <PatternLayout charset="UTF-8">
        <Pattern><!--REPLACED BY RUNTIME LOG MARKER-->%d{yyyy-MM-dd HH:mm:ss,SSS} %p (%t|%tid) [%C{1}.%M():%L] %m%n</Pattern>
      </PatternLayout>
    </Console>
    <Console name="AuditConsole" target="SYSTEM_OUT">
      <PatternLayout charset="UTF-8">
        <Pattern><!--REPLACED BY AUDIT LOG MARKER-->%d{yyyy-MM-dd HH:mm:ss,SSS} [%c{1}] %m%n</Pattern>
      </PatternLayout>
    </Console>
    <RollingFile name="Sys" fileName="/opt/apache-doris/fe/log/fe.log" filePattern="/opt/apache-doris/fe/log/fe.log.%d{yyyyMMdd}-%i" immediateFlush="false">
      <PatternLayout charset="UTF-8">
        <Pattern><!--REPLACED BY RUNTIME LOG MARKER-->%d{yyyy-MM-dd HH:mm:ss,SSS} %p (%t|%tid) [%C{1}.%M():%L] %m%n</Pattern>
      </PatternLayout>
      <Policies>
        <TimeBasedTriggeringPolicy/>
        <SizeBasedTriggeringPolicy size="1024MB"/>
      </Policies>
      <DefaultRolloverStrategy max="10" fileIndex="max">
        <Delete basePath="/opt/apache-doris/fe/log/" maxDepth="1">
          <IfFileName glob="fe.log.*" />
          <IfLastModified age="7d" />
        </Delete>
      </DefaultRolloverStrategy>
    </RollingFile>
    <RollingFile name="SysWF" fileName="/opt/apache-doris/fe/log/fe.warn.log" filePattern="/opt/apache-doris/fe/log/fe.warn.log.%d{yyyyMMdd}-%i" immediateFlush="false">
      <PatternLayout charset="UTF-8">
        <Pattern><!--REPLACED BY RUNTIME LOG MARKER-->%d{yyyy-MM-dd HH:mm:ss,SSS} %p (%t|%tid) [%C{1}.%M():%L] %m%n</Pattern>
      </PatternLayout>
      <Policies>
        <TimeBasedTriggeringPolicy/>
        <SizeBasedTriggeringPolicy size="1024MB"/>
      </Policies>
      <DefaultRolloverStrategy max="10" fileIndex="max">
        <Delete basePath="/opt/apache-doris/fe/log/" maxDepth="1">
          <IfFileName glob="fe.warn.log.*" />
          <IfLastModified age="7d" />
        </Delete>
      </DefaultRolloverStrategy>
    </RollingFile>
    <RollingFile name="AuditFile" fileName="/opt/apache-doris/fe/log/fe.audit.log" filePattern="/opt/apache-doris/fe/log/fe.audit.log.%d{yyyyMMdd}-%i">
      <PatternLayout charset="UTF-8">
        <Pattern><!--REPLACED BY AUDIT LOG MARKER-->%d{yyyy-MM-dd HH:mm:ss,SSS} [%c{1}] %m%n</Pattern>
      </PatternLayout>
      <Policies>
        <TimeBasedTriggeringPolicy/>
        <SizeBasedTriggeringPolicy size="1024MB"/>
      </Policies>
      <DefaultRolloverStrategy max="90" fileIndex="max">
        <Delete basePath="/opt/apache-doris/fe/log/" maxDepth="1">
          <IfFileName glob="fe.audit.log.*" />
          <IfLastModified age="30d" />
        </Delete>
      </DefaultRolloverStrategy>
    </RollingFile>
  </Appenders>
  <Loggers>
    <AsyncRoot level="INFO" includeLocation="true">
      <AppenderRef ref="Sys"/>

      <AppenderRef ref="SysWF" level="WARN"/>

      <!--REPLACED BY CONSOLE APPENDER-->
    </AsyncRoot>
    <Logger name="audit" level="ERROR" additivity="false">
      <AppenderRef ref="AuditFile"/>

      <!--REPLACED BY AUDIT CONSOLE LOGGER-->
    </Logger>
    <Logger name='audit.slow_query' level='INFO'/><Logger name='audit.query' level='INFO'/><Logger name='audit.load' level='INFO'/><Logger name='audit.stream_load' level='INFO'/>
  </Loggers>
</Configuration>
=====
==============================
StdoutLogger 2025-07-28 09:04:46,760 Using Java version 17
StdoutLogger 2025-07-28 09:04:46,762 -Xmx4g
StdoutLogger 2025-07-28 09:04:46,814 start time: Mon Jul 28 09:04:46 UTC 2025
StdoutLogger 2025-07-28 09:04:48,066 =====
<?xml version="1.0" encoding="utf-8"?>

<!-- Auto Generated. DO NOT MODIFY IT! -->
<Configuration status="info" packages="org.apache.doris.common">
  <Appenders>
    <Console name="Console" target="SYSTEM_OUT">
      <PatternLayout charset="UTF-8">
        <Pattern><!--REPLACED BY RUNTIME LOG MARKER-->%d{yyyy-MM-dd HH:mm:ss,SSS} %p (%t|%tid) [%C{1}.%M():%L] %m%n</Pattern>
      </PatternLayout>
    </Console>
    <Console name="AuditConsole" target="SYSTEM_OUT">
      <PatternLayout charset="UTF-8">
        <Pattern><!--REPLACED BY AUDIT LOG MARKER-->%d{yyyy-MM-dd HH:mm:ss,SSS} [%c{1}] %m%n</Pattern>
      </PatternLayout>
    </Console>
    <RollingFile name="Sys" fileName="/opt/apache-doris/fe/log/fe.log" filePattern="/opt/apache-doris/fe/log/fe.log.%d{yyyyMMdd}-%i" immediateFlush="false">
      <PatternLayout charset="UTF-8">
        <Pattern><!--REPLACED BY RUNTIME LOG MARKER-->%d{yyyy-MM-dd HH:mm:ss,SSS} %p (%t|%tid) [%C{1}.%M():%L] %m%n</Pattern>
      </PatternLayout>
      <Policies>
        <TimeBasedTriggeringPolicy/>
        <SizeBasedTriggeringPolicy size="1024MB"/>
      </Policies>
      <DefaultRolloverStrategy max="10" fileIndex="max">
        <Delete basePath="/opt/apache-doris/fe/log/" maxDepth="1">
          <IfFileName glob="fe.log.*" />
          <IfLastModified age="7d" />
        </Delete>
      </DefaultRolloverStrategy>
    </RollingFile>
    <RollingFile name="SysWF" fileName="/opt/apache-doris/fe/log/fe.warn.log" filePattern="/opt/apache-doris/fe/log/fe.warn.log.%d{yyyyMMdd}-%i" immediateFlush="false">
      <PatternLayout charset="UTF-8">
        <Pattern><!--REPLACED BY RUNTIME LOG MARKER-->%d{yyyy-MM-dd HH:mm:ss,SSS} %p (%t|%tid) [%C{1}.%M():%L] %m%n</Pattern>
      </PatternLayout>
      <Policies>
        <TimeBasedTriggeringPolicy/>
        <SizeBasedTriggeringPolicy size="1024MB"/>
      </Policies>
      <DefaultRolloverStrategy max="10" fileIndex="max">
        <Delete basePath="/opt/apache-doris/fe/log/" maxDepth="1">
          <IfFileName glob="fe.warn.log.*" />
          <IfLastModified age="7d" />
        </Delete>
      </DefaultRolloverStrategy>
    </RollingFile>
    <RollingFile name="AuditFile" fileName="/opt/apache-doris/fe/log/fe.audit.log" filePattern="/opt/apache-doris/fe/log/fe.audit.log.%d{yyyyMMdd}-%i">
      <PatternLayout charset="UTF-8">
        <Pattern><!--REPLACED BY AUDIT LOG MARKER-->%d{yyyy-MM-dd HH:mm:ss,SSS} [%c{1}] %m%n</Pattern>
      </PatternLayout>
      <Policies>
        <TimeBasedTriggeringPolicy/>
        <SizeBasedTriggeringPolicy size="1024MB"/>
      </Policies>
      <DefaultRolloverStrategy max="90" fileIndex="max">
        <Delete basePath="/opt/apache-doris/fe/log/" maxDepth="1">
          <IfFileName glob="fe.audit.log.*" />
          <IfLastModified age="30d" />
        </Delete>
      </DefaultRolloverStrategy>
    </RollingFile>
  </Appenders>
  <Loggers>
    <AsyncRoot level="INFO" includeLocation="true">
      <AppenderRef ref="Sys"/>

      <AppenderRef ref="SysWF" level="WARN"/>

      <!--REPLACED BY CONSOLE APPENDER-->
    </AsyncRoot>
    <Logger name="audit" level="ERROR" additivity="false">
      <AppenderRef ref="AuditFile"/>

      <!--REPLACED BY AUDIT CONSOLE LOGGER-->
    </Logger>
    <Logger name='audit.slow_query' level='INFO'/><Logger name='audit.query' level='INFO'/><Logger name='audit.load' level='INFO'/><Logger name='audit.stream_load' level='INFO'/>
  </Loggers>
</Configuration>
=====
==============================
StdoutLogger 2025-07-28 09:07:42,758 Using Java version 17
StdoutLogger 2025-07-28 09:07:42,759 -Xmx4g
StdoutLogger 2025-07-28 09:07:42,808 start time: Mon Jul 28 09:07:42 UTC 2025
StdoutLogger 2025-07-28 09:07:43,871 =====
<?xml version="1.0" encoding="utf-8"?>

<!-- Auto Generated. DO NOT MODIFY IT! -->
<Configuration status="info" packages="org.apache.doris.common">
  <Appenders>
    <Console name="Console" target="SYSTEM_OUT">
      <PatternLayout charset="UTF-8">
        <Pattern><!--REPLACED BY RUNTIME LOG MARKER-->%d{yyyy-MM-dd HH:mm:ss,SSS} %p (%t|%tid) [%C{1}.%M():%L] %m%n</Pattern>
      </PatternLayout>
    </Console>
    <Console name="AuditConsole" target="SYSTEM_OUT">
      <PatternLayout charset="UTF-8">
        <Pattern><!--REPLACED BY AUDIT LOG MARKER-->%d{yyyy-MM-dd HH:mm:ss,SSS} [%c{1}] %m%n</Pattern>
      </PatternLayout>
    </Console>
    <RollingFile name="Sys" fileName="/opt/apache-doris/fe/log/fe.log" filePattern="/opt/apache-doris/fe/log/fe.log.%d{yyyyMMdd}-%i" immediateFlush="false">
      <PatternLayout charset="UTF-8">
        <Pattern><!--REPLACED BY RUNTIME LOG MARKER-->%d{yyyy-MM-dd HH:mm:ss,SSS} %p (%t|%tid) [%C{1}.%M():%L] %m%n</Pattern>
      </PatternLayout>
      <Policies>
        <TimeBasedTriggeringPolicy/>
        <SizeBasedTriggeringPolicy size="1024MB"/>
      </Policies>
      <DefaultRolloverStrategy max="10" fileIndex="max">
        <Delete basePath="/opt/apache-doris/fe/log/" maxDepth="1">
          <IfFileName glob="fe.log.*" />
          <IfLastModified age="7d" />
        </Delete>
      </DefaultRolloverStrategy>
    </RollingFile>
    <RollingFile name="SysWF" fileName="/opt/apache-doris/fe/log/fe.warn.log" filePattern="/opt/apache-doris/fe/log/fe.warn.log.%d{yyyyMMdd}-%i" immediateFlush="false">
      <PatternLayout charset="UTF-8">
        <Pattern><!--REPLACED BY RUNTIME LOG MARKER-->%d{yyyy-MM-dd HH:mm:ss,SSS} %p (%t|%tid) [%C{1}.%M():%L] %m%n</Pattern>
      </PatternLayout>
      <Policies>
        <TimeBasedTriggeringPolicy/>
        <SizeBasedTriggeringPolicy size="1024MB"/>
      </Policies>
      <DefaultRolloverStrategy max="10" fileIndex="max">
        <Delete basePath="/opt/apache-doris/fe/log/" maxDepth="1">
          <IfFileName glob="fe.warn.log.*" />
          <IfLastModified age="7d" />
        </Delete>
      </DefaultRolloverStrategy>
    </RollingFile>
    <RollingFile name="AuditFile" fileName="/opt/apache-doris/fe/log/fe.audit.log" filePattern="/opt/apache-doris/fe/log/fe.audit.log.%d{yyyyMMdd}-%i">
      <PatternLayout charset="UTF-8">
        <Pattern><!--REPLACED BY AUDIT LOG MARKER-->%d{yyyy-MM-dd HH:mm:ss,SSS} [%c{1}] %m%n</Pattern>
      </PatternLayout>
      <Policies>
        <TimeBasedTriggeringPolicy/>
        <SizeBasedTriggeringPolicy size="1024MB"/>
      </Policies>
      <DefaultRolloverStrategy max="90" fileIndex="max">
        <Delete basePath="/opt/apache-doris/fe/log/" maxDepth="1">
          <IfFileName glob="fe.audit.log.*" />
          <IfLastModified age="30d" />
        </Delete>
      </DefaultRolloverStrategy>
    </RollingFile>
  </Appenders>
  <Loggers>
    <AsyncRoot level="INFO" includeLocation="true">
      <AppenderRef ref="Sys"/>

      <AppenderRef ref="SysWF" level="WARN"/>

      <!--REPLACED BY CONSOLE APPENDER-->
    </AsyncRoot>
    <Logger name="audit" level="ERROR" additivity="false">
      <AppenderRef ref="AuditFile"/>

      <!--REPLACED BY AUDIT CONSOLE LOGGER-->
    </Logger>
    <Logger name='audit.slow_query' level='INFO'/><Logger name='audit.query' level='INFO'/><Logger name='audit.load' level='INFO'/><Logger name='audit.stream_load' level='INFO'/>
  </Loggers>
</Configuration>
=====
==============================
StdoutLogger 2025-07-28 11:06:59,043 Using Java version 17
StdoutLogger 2025-07-28 11:06:59,044 -Xmx4g
StdoutLogger 2025-07-28 11:06:59,089 start time: Mon Jul 28 11:06:59 UTC 2025
StdoutLogger 2025-07-28 11:07:00,140 =====
<?xml version="1.0" encoding="utf-8"?>

<!-- Auto Generated. DO NOT MODIFY IT! -->
<Configuration status="info" packages="org.apache.doris.common">
  <Appenders>
    <Console name="Console" target="SYSTEM_OUT">
      <PatternLayout charset="UTF-8">
        <Pattern><!--REPLACED BY RUNTIME LOG MARKER-->%d{yyyy-MM-dd HH:mm:ss,SSS} %p (%t|%tid) [%C{1}.%M():%L] %m%n</Pattern>
      </PatternLayout>
    </Console>
    <Console name="AuditConsole" target="SYSTEM_OUT">
      <PatternLayout charset="UTF-8">
        <Pattern><!--REPLACED BY AUDIT LOG MARKER-->%d{yyyy-MM-dd HH:mm:ss,SSS} [%c{1}] %m%n</Pattern>
      </PatternLayout>
    </Console>
    <RollingFile name="Sys" fileName="/opt/apache-doris/fe/log/fe.log" filePattern="/opt/apache-doris/fe/log/fe.log.%d{yyyyMMdd}-%i" immediateFlush="false">
      <PatternLayout charset="UTF-8">
        <Pattern><!--REPLACED BY RUNTIME LOG MARKER-->%d{yyyy-MM-dd HH:mm:ss,SSS} %p (%t|%tid) [%C{1}.%M():%L] %m%n</Pattern>
      </PatternLayout>
      <Policies>
        <TimeBasedTriggeringPolicy/>
        <SizeBasedTriggeringPolicy size="1024MB"/>
      </Policies>
      <DefaultRolloverStrategy max="10" fileIndex="max">
        <Delete basePath="/opt/apache-doris/fe/log/" maxDepth="1">
          <IfFileName glob="fe.log.*" />
          <IfLastModified age="7d" />
        </Delete>
      </DefaultRolloverStrategy>
    </RollingFile>
    <RollingFile name="SysWF" fileName="/opt/apache-doris/fe/log/fe.warn.log" filePattern="/opt/apache-doris/fe/log/fe.warn.log.%d{yyyyMMdd}-%i" immediateFlush="false">
      <PatternLayout charset="UTF-8">
        <Pattern><!--REPLACED BY RUNTIME LOG MARKER-->%d{yyyy-MM-dd HH:mm:ss,SSS} %p (%t|%tid) [%C{1}.%M():%L] %m%n</Pattern>
      </PatternLayout>
      <Policies>
        <TimeBasedTriggeringPolicy/>
        <SizeBasedTriggeringPolicy size="1024MB"/>
      </Policies>
      <DefaultRolloverStrategy max="10" fileIndex="max">
        <Delete basePath="/opt/apache-doris/fe/log/" maxDepth="1">
          <IfFileName glob="fe.warn.log.*" />
          <IfLastModified age="7d" />
        </Delete>
      </DefaultRolloverStrategy>
    </RollingFile>
    <RollingFile name="AuditFile" fileName="/opt/apache-doris/fe/log/fe.audit.log" filePattern="/opt/apache-doris/fe/log/fe.audit.log.%d{yyyyMMdd}-%i">
      <PatternLayout charset="UTF-8">
        <Pattern><!--REPLACED BY AUDIT LOG MARKER-->%d{yyyy-MM-dd HH:mm:ss,SSS} [%c{1}] %m%n</Pattern>
      </PatternLayout>
      <Policies>
        <TimeBasedTriggeringPolicy/>
        <SizeBasedTriggeringPolicy size="1024MB"/>
      </Policies>
      <DefaultRolloverStrategy max="90" fileIndex="max">
        <Delete basePath="/opt/apache-doris/fe/log/" maxDepth="1">
          <IfFileName glob="fe.audit.log.*" />
          <IfLastModified age="30d" />
        </Delete>
      </DefaultRolloverStrategy>
    </RollingFile>
  </Appenders>
  <Loggers>
    <AsyncRoot level="INFO" includeLocation="true">
      <AppenderRef ref="Sys"/>

      <AppenderRef ref="SysWF" level="WARN"/>

      <!--REPLACED BY CONSOLE APPENDER-->
    </AsyncRoot>
    <Logger name="audit" level="ERROR" additivity="false">
      <AppenderRef ref="AuditFile"/>

      <!--REPLACED BY AUDIT CONSOLE LOGGER-->
    </Logger>
    <Logger name='audit.slow_query' level='INFO'/><Logger name='audit.query' level='INFO'/><Logger name='audit.load' level='INFO'/><Logger name='audit.stream_load' level='INFO'/>
  </Loggers>
</Configuration>
=====
==============================
StdoutLogger 2025-07-28 11:08:33,840 Using Java version 17
StdoutLogger 2025-07-28 11:08:33,842 -Xmx4g
StdoutLogger 2025-07-28 11:08:33,887 start time: Mon Jul 28 11:08:33 UTC 2025
StdoutLogger 2025-07-28 11:08:34,955 =====
<?xml version="1.0" encoding="utf-8"?>

<!-- Auto Generated. DO NOT MODIFY IT! -->
<Configuration status="info" packages="org.apache.doris.common">
  <Appenders>
    <Console name="Console" target="SYSTEM_OUT">
      <PatternLayout charset="UTF-8">
        <Pattern><!--REPLACED BY RUNTIME LOG MARKER-->%d{yyyy-MM-dd HH:mm:ss,SSS} %p (%t|%tid) [%C{1}.%M():%L] %m%n</Pattern>
      </PatternLayout>
    </Console>
    <Console name="AuditConsole" target="SYSTEM_OUT">
      <PatternLayout charset="UTF-8">
        <Pattern><!--REPLACED BY AUDIT LOG MARKER-->%d{yyyy-MM-dd HH:mm:ss,SSS} [%c{1}] %m%n</Pattern>
      </PatternLayout>
    </Console>
    <RollingFile name="Sys" fileName="/opt/apache-doris/fe/log/fe.log" filePattern="/opt/apache-doris/fe/log/fe.log.%d{yyyyMMdd}-%i" immediateFlush="false">
      <PatternLayout charset="UTF-8">
        <Pattern><!--REPLACED BY RUNTIME LOG MARKER-->%d{yyyy-MM-dd HH:mm:ss,SSS} %p (%t|%tid) [%C{1}.%M():%L] %m%n</Pattern>
      </PatternLayout>
      <Policies>
        <TimeBasedTriggeringPolicy/>
        <SizeBasedTriggeringPolicy size="1024MB"/>
      </Policies>
      <DefaultRolloverStrategy max="10" fileIndex="max">
        <Delete basePath="/opt/apache-doris/fe/log/" maxDepth="1">
          <IfFileName glob="fe.log.*" />
          <IfLastModified age="7d" />
        </Delete>
      </DefaultRolloverStrategy>
    </RollingFile>
    <RollingFile name="SysWF" fileName="/opt/apache-doris/fe/log/fe.warn.log" filePattern="/opt/apache-doris/fe/log/fe.warn.log.%d{yyyyMMdd}-%i" immediateFlush="false">
      <PatternLayout charset="UTF-8">
        <Pattern><!--REPLACED BY RUNTIME LOG MARKER-->%d{yyyy-MM-dd HH:mm:ss,SSS} %p (%t|%tid) [%C{1}.%M():%L] %m%n</Pattern>
      </PatternLayout>
      <Policies>
        <TimeBasedTriggeringPolicy/>
        <SizeBasedTriggeringPolicy size="1024MB"/>
      </Policies>
      <DefaultRolloverStrategy max="10" fileIndex="max">
        <Delete basePath="/opt/apache-doris/fe/log/" maxDepth="1">
          <IfFileName glob="fe.warn.log.*" />
          <IfLastModified age="7d" />
        </Delete>
      </DefaultRolloverStrategy>
    </RollingFile>
    <RollingFile name="AuditFile" fileName="/opt/apache-doris/fe/log/fe.audit.log" filePattern="/opt/apache-doris/fe/log/fe.audit.log.%d{yyyyMMdd}-%i">
      <PatternLayout charset="UTF-8">
        <Pattern><!--REPLACED BY AUDIT LOG MARKER-->%d{yyyy-MM-dd HH:mm:ss,SSS} [%c{1}] %m%n</Pattern>
      </PatternLayout>
      <Policies>
        <TimeBasedTriggeringPolicy/>
        <SizeBasedTriggeringPolicy size="1024MB"/>
      </Policies>
      <DefaultRolloverStrategy max="90" fileIndex="max">
        <Delete basePath="/opt/apache-doris/fe/log/" maxDepth="1">
          <IfFileName glob="fe.audit.log.*" />
          <IfLastModified age="30d" />
        </Delete>
      </DefaultRolloverStrategy>
    </RollingFile>
  </Appenders>
  <Loggers>
    <AsyncRoot level="INFO" includeLocation="true">
      <AppenderRef ref="Sys"/>

      <AppenderRef ref="SysWF" level="WARN"/>

      <!--REPLACED BY CONSOLE APPENDER-->
    </AsyncRoot>
    <Logger name="audit" level="ERROR" additivity="false">
      <AppenderRef ref="AuditFile"/>

      <!--REPLACED BY AUDIT CONSOLE LOGGER-->
    </Logger>
    <Logger name='audit.slow_query' level='INFO'/><Logger name='audit.query' level='INFO'/><Logger name='audit.load' level='INFO'/><Logger name='audit.stream_load' level='INFO'/>
  </Loggers>
</Configuration>
=====
==============================
StdoutLogger 2025-07-28 15:55:52,262 Using Java version 17
StdoutLogger 2025-07-28 15:55:52,263 -Xmx4g
StdoutLogger 2025-07-28 15:55:52,318 start time: Mon Jul 28 15:55:52 UTC 2025
StdoutLogger 2025-07-28 15:55:53,378 =====
<?xml version="1.0" encoding="utf-8"?>

<!-- Auto Generated. DO NOT MODIFY IT! -->
<Configuration status="info" packages="org.apache.doris.common">
  <Appenders>
    <Console name="Console" target="SYSTEM_OUT">
      <PatternLayout charset="UTF-8">
        <Pattern><!--REPLACED BY RUNTIME LOG MARKER-->%d{yyyy-MM-dd HH:mm:ss,SSS} %p (%t|%tid) [%C{1}.%M():%L] %m%n</Pattern>
      </PatternLayout>
    </Console>
    <Console name="AuditConsole" target="SYSTEM_OUT">
      <PatternLayout charset="UTF-8">
        <Pattern><!--REPLACED BY AUDIT LOG MARKER-->%d{yyyy-MM-dd HH:mm:ss,SSS} [%c{1}] %m%n</Pattern>
      </PatternLayout>
    </Console>
    <RollingFile name="Sys" fileName="/opt/apache-doris/fe/log/fe.log" filePattern="/opt/apache-doris/fe/log/fe.log.%d{yyyyMMdd}-%i" immediateFlush="false">
      <PatternLayout charset="UTF-8">
        <Pattern><!--REPLACED BY RUNTIME LOG MARKER-->%d{yyyy-MM-dd HH:mm:ss,SSS} %p (%t|%tid) [%C{1}.%M():%L] %m%n</Pattern>
      </PatternLayout>
      <Policies>
        <TimeBasedTriggeringPolicy/>
        <SizeBasedTriggeringPolicy size="1024MB"/>
      </Policies>
      <DefaultRolloverStrategy max="10" fileIndex="max">
        <Delete basePath="/opt/apache-doris/fe/log/" maxDepth="1">
          <IfFileName glob="fe.log.*" />
          <IfLastModified age="7d" />
        </Delete>
      </DefaultRolloverStrategy>
    </RollingFile>
    <RollingFile name="SysWF" fileName="/opt/apache-doris/fe/log/fe.warn.log" filePattern="/opt/apache-doris/fe/log/fe.warn.log.%d{yyyyMMdd}-%i" immediateFlush="false">
      <PatternLayout charset="UTF-8">
        <Pattern><!--REPLACED BY RUNTIME LOG MARKER-->%d{yyyy-MM-dd HH:mm:ss,SSS} %p (%t|%tid) [%C{1}.%M():%L] %m%n</Pattern>
      </PatternLayout>
      <Policies>
        <TimeBasedTriggeringPolicy/>
        <SizeBasedTriggeringPolicy size="1024MB"/>
      </Policies>
      <DefaultRolloverStrategy max="10" fileIndex="max">
        <Delete basePath="/opt/apache-doris/fe/log/" maxDepth="1">
          <IfFileName glob="fe.warn.log.*" />
          <IfLastModified age="7d" />
        </Delete>
      </DefaultRolloverStrategy>
    </RollingFile>
    <RollingFile name="AuditFile" fileName="/opt/apache-doris/fe/log/fe.audit.log" filePattern="/opt/apache-doris/fe/log/fe.audit.log.%d{yyyyMMdd}-%i">
      <PatternLayout charset="UTF-8">
        <Pattern><!--REPLACED BY AUDIT LOG MARKER-->%d{yyyy-MM-dd HH:mm:ss,SSS} [%c{1}] %m%n</Pattern>
      </PatternLayout>
      <Policies>
        <TimeBasedTriggeringPolicy/>
        <SizeBasedTriggeringPolicy size="1024MB"/>
      </Policies>
      <DefaultRolloverStrategy max="90" fileIndex="max">
        <Delete basePath="/opt/apache-doris/fe/log/" maxDepth="1">
          <IfFileName glob="fe.audit.log.*" />
          <IfLastModified age="30d" />
        </Delete>
      </DefaultRolloverStrategy>
    </RollingFile>
  </Appenders>
  <Loggers>
    <AsyncRoot level="INFO" includeLocation="true">
      <AppenderRef ref="Sys"/>

      <AppenderRef ref="SysWF" level="WARN"/>

      <!--REPLACED BY CONSOLE APPENDER-->
    </AsyncRoot>
    <Logger name="audit" level="ERROR" additivity="false">
      <AppenderRef ref="AuditFile"/>

      <!--REPLACED BY AUDIT CONSOLE LOGGER-->
    </Logger>
    <Logger name='audit.slow_query' level='INFO'/><Logger name='audit.query' level='INFO'/><Logger name='audit.load' level='INFO'/><Logger name='audit.stream_load' level='INFO'/>
  </Loggers>
</Configuration>
=====
==============================
StdoutLogger 2025-07-28 15:56:27,562 Using Java version 17
StdoutLogger 2025-07-28 15:56:27,565 -Xmx4g
StdoutLogger 2025-07-28 15:56:27,672 start time: Mon Jul 28 15:56:27 UTC 2025
StdoutLogger 2025-07-28 15:56:32,132 =====
<?xml version="1.0" encoding="utf-8"?>

<!-- Auto Generated. DO NOT MODIFY IT! -->
<Configuration status="info" packages="org.apache.doris.common">
  <Appenders>
    <Console name="Console" target="SYSTEM_OUT">
      <PatternLayout charset="UTF-8">
        <Pattern><!--REPLACED BY RUNTIME LOG MARKER-->%d{yyyy-MM-dd HH:mm:ss,SSS} %p (%t|%tid) [%C{1}.%M():%L] %m%n</Pattern>
      </PatternLayout>
    </Console>
    <Console name="AuditConsole" target="SYSTEM_OUT">
      <PatternLayout charset="UTF-8">
        <Pattern><!--REPLACED BY AUDIT LOG MARKER-->%d{yyyy-MM-dd HH:mm:ss,SSS} [%c{1}] %m%n</Pattern>
      </PatternLayout>
    </Console>
    <RollingFile name="Sys" fileName="/opt/apache-doris/fe/log/fe.log" filePattern="/opt/apache-doris/fe/log/fe.log.%d{yyyyMMdd}-%i" immediateFlush="false">
      <PatternLayout charset="UTF-8">
        <Pattern><!--REPLACED BY RUNTIME LOG MARKER-->%d{yyyy-MM-dd HH:mm:ss,SSS} %p (%t|%tid) [%C{1}.%M():%L] %m%n</Pattern>
      </PatternLayout>
      <Policies>
        <TimeBasedTriggeringPolicy/>
        <SizeBasedTriggeringPolicy size="1024MB"/>
      </Policies>
      <DefaultRolloverStrategy max="10" fileIndex="max">
        <Delete basePath="/opt/apache-doris/fe/log/" maxDepth="1">
          <IfFileName glob="fe.log.*" />
          <IfLastModified age="7d" />
        </Delete>
      </DefaultRolloverStrategy>
    </RollingFile>
    <RollingFile name="SysWF" fileName="/opt/apache-doris/fe/log/fe.warn.log" filePattern="/opt/apache-doris/fe/log/fe.warn.log.%d{yyyyMMdd}-%i" immediateFlush="false">
      <PatternLayout charset="UTF-8">
        <Pattern><!--REPLACED BY RUNTIME LOG MARKER-->%d{yyyy-MM-dd HH:mm:ss,SSS} %p (%t|%tid) [%C{1}.%M():%L] %m%n</Pattern>
      </PatternLayout>
      <Policies>
        <TimeBasedTriggeringPolicy/>
        <SizeBasedTriggeringPolicy size="1024MB"/>
      </Policies>
      <DefaultRolloverStrategy max="10" fileIndex="max">
        <Delete basePath="/opt/apache-doris/fe/log/" maxDepth="1">
          <IfFileName glob="fe.warn.log.*" />
          <IfLastModified age="7d" />
        </Delete>
      </DefaultRolloverStrategy>
    </RollingFile>
    <RollingFile name="AuditFile" fileName="/opt/apache-doris/fe/log/fe.audit.log" filePattern="/opt/apache-doris/fe/log/fe.audit.log.%d{yyyyMMdd}-%i">
      <PatternLayout charset="UTF-8">
        <Pattern><!--REPLACED BY AUDIT LOG MARKER-->%d{yyyy-MM-dd HH:mm:ss,SSS} [%c{1}] %m%n</Pattern>
      </PatternLayout>
      <Policies>
        <TimeBasedTriggeringPolicy/>
        <SizeBasedTriggeringPolicy size="1024MB"/>
      </Policies>
      <DefaultRolloverStrategy max="90" fileIndex="max">
        <Delete basePath="/opt/apache-doris/fe/log/" maxDepth="1">
          <IfFileName glob="fe.audit.log.*" />
          <IfLastModified age="30d" />
        </Delete>
      </DefaultRolloverStrategy>
    </RollingFile>
  </Appenders>
  <Loggers>
    <AsyncRoot level="INFO" includeLocation="true">
      <AppenderRef ref="Sys"/>

      <AppenderRef ref="SysWF" level="WARN"/>

      <!--REPLACED BY CONSOLE APPENDER-->
    </AsyncRoot>
    <Logger name="audit" level="ERROR" additivity="false">
      <AppenderRef ref="AuditFile"/>

      <!--REPLACED BY AUDIT CONSOLE LOGGER-->
    </Logger>
    <Logger name='audit.slow_query' level='INFO'/><Logger name='audit.query' level='INFO'/><Logger name='audit.load' level='INFO'/><Logger name='audit.stream_load' level='INFO'/>
  </Loggers>
</Configuration>
=====
==============================
StdoutLogger 2025-07-28 16:03:32,251 Using Java version 17
StdoutLogger 2025-07-28 16:03:32,253 -Xmx4g
StdoutLogger 2025-07-28 16:03:32,298 start time: Mon Jul 28 16:03:32 UTC 2025
StdoutLogger 2025-07-28 16:03:33,281 =====
<?xml version="1.0" encoding="utf-8"?>

<!-- Auto Generated. DO NOT MODIFY IT! -->
<Configuration status="info" packages="org.apache.doris.common">
  <Appenders>
    <Console name="Console" target="SYSTEM_OUT">
      <PatternLayout charset="UTF-8">
        <Pattern><!--REPLACED BY RUNTIME LOG MARKER-->%d{yyyy-MM-dd HH:mm:ss,SSS} %p (%t|%tid) [%C{1}.%M():%L] %m%n</Pattern>
      </PatternLayout>
    </Console>
    <Console name="AuditConsole" target="SYSTEM_OUT">
      <PatternLayout charset="UTF-8">
        <Pattern><!--REPLACED BY AUDIT LOG MARKER-->%d{yyyy-MM-dd HH:mm:ss,SSS} [%c{1}] %m%n</Pattern>
      </PatternLayout>
    </Console>
    <RollingFile name="Sys" fileName="/opt/apache-doris/fe/log/fe.log" filePattern="/opt/apache-doris/fe/log/fe.log.%d{yyyyMMdd}-%i" immediateFlush="false">
      <PatternLayout charset="UTF-8">
        <Pattern><!--REPLACED BY RUNTIME LOG MARKER-->%d{yyyy-MM-dd HH:mm:ss,SSS} %p (%t|%tid) [%C{1}.%M():%L] %m%n</Pattern>
      </PatternLayout>
      <Policies>
        <TimeBasedTriggeringPolicy/>
        <SizeBasedTriggeringPolicy size="1024MB"/>
      </Policies>
      <DefaultRolloverStrategy max="10" fileIndex="max">
        <Delete basePath="/opt/apache-doris/fe/log/" maxDepth="1">
          <IfFileName glob="fe.log.*" />
          <IfLastModified age="7d" />
        </Delete>
      </DefaultRolloverStrategy>
    </RollingFile>
    <RollingFile name="SysWF" fileName="/opt/apache-doris/fe/log/fe.warn.log" filePattern="/opt/apache-doris/fe/log/fe.warn.log.%d{yyyyMMdd}-%i" immediateFlush="false">
      <PatternLayout charset="UTF-8">
        <Pattern><!--REPLACED BY RUNTIME LOG MARKER-->%d{yyyy-MM-dd HH:mm:ss,SSS} %p (%t|%tid) [%C{1}.%M():%L] %m%n</Pattern>
      </PatternLayout>
      <Policies>
        <TimeBasedTriggeringPolicy/>
        <SizeBasedTriggeringPolicy size="1024MB"/>
      </Policies>
      <DefaultRolloverStrategy max="10" fileIndex="max">
        <Delete basePath="/opt/apache-doris/fe/log/" maxDepth="1">
          <IfFileName glob="fe.warn.log.*" />
          <IfLastModified age="7d" />
        </Delete>
      </DefaultRolloverStrategy>
    </RollingFile>
    <RollingFile name="AuditFile" fileName="/opt/apache-doris/fe/log/fe.audit.log" filePattern="/opt/apache-doris/fe/log/fe.audit.log.%d{yyyyMMdd}-%i">
      <PatternLayout charset="UTF-8">
        <Pattern><!--REPLACED BY AUDIT LOG MARKER-->%d{yyyy-MM-dd HH:mm:ss,SSS} [%c{1}] %m%n</Pattern>
      </PatternLayout>
      <Policies>
        <TimeBasedTriggeringPolicy/>
        <SizeBasedTriggeringPolicy size="1024MB"/>
      </Policies>
      <DefaultRolloverStrategy max="90" fileIndex="max">
        <Delete basePath="/opt/apache-doris/fe/log/" maxDepth="1">
          <IfFileName glob="fe.audit.log.*" />
          <IfLastModified age="30d" />
        </Delete>
      </DefaultRolloverStrategy>
    </RollingFile>
  </Appenders>
  <Loggers>
    <AsyncRoot level="INFO" includeLocation="true">
      <AppenderRef ref="Sys"/>

      <AppenderRef ref="SysWF" level="WARN"/>

      <!--REPLACED BY CONSOLE APPENDER-->
    </AsyncRoot>
    <Logger name="audit" level="ERROR" additivity="false">
      <AppenderRef ref="AuditFile"/>

      <!--REPLACED BY AUDIT CONSOLE LOGGER-->
    </Logger>
    <Logger name='audit.slow_query' level='INFO'/><Logger name='audit.query' level='INFO'/><Logger name='audit.load' level='INFO'/><Logger name='audit.stream_load' level='INFO'/>
  </Loggers>
</Configuration>
=====
==============================
StdoutLogger 2025-07-29 09:11:41,047 Using Java version 17
StdoutLogger 2025-07-29 09:11:41,048 -Xmx4g
StdoutLogger 2025-07-29 09:11:41,113 start time: Tue Jul 29 09:11:41 UTC 2025
StdoutLogger 2025-07-29 09:11:42,630 =====
<?xml version="1.0" encoding="utf-8"?>

<!-- Auto Generated. DO NOT MODIFY IT! -->
<Configuration status="info" packages="org.apache.doris.common">
  <Appenders>
    <Console name="Console" target="SYSTEM_OUT">
      <PatternLayout charset="UTF-8">
        <Pattern><!--REPLACED BY RUNTIME LOG MARKER-->%d{yyyy-MM-dd HH:mm:ss,SSS} %p (%t|%tid) [%C{1}.%M():%L] %m%n</Pattern>
      </PatternLayout>
    </Console>
    <Console name="AuditConsole" target="SYSTEM_OUT">
      <PatternLayout charset="UTF-8">
        <Pattern><!--REPLACED BY AUDIT LOG MARKER-->%d{yyyy-MM-dd HH:mm:ss,SSS} [%c{1}] %m%n</Pattern>
      </PatternLayout>
    </Console>
    <RollingFile name="Sys" fileName="/opt/apache-doris/fe/log/fe.log" filePattern="/opt/apache-doris/fe/log/fe.log.%d{yyyyMMdd}-%i" immediateFlush="false">
      <PatternLayout charset="UTF-8">
        <Pattern><!--REPLACED BY RUNTIME LOG MARKER-->%d{yyyy-MM-dd HH:mm:ss,SSS} %p (%t|%tid) [%C{1}.%M():%L] %m%n</Pattern>
      </PatternLayout>
      <Policies>
        <TimeBasedTriggeringPolicy/>
        <SizeBasedTriggeringPolicy size="1024MB"/>
      </Policies>
      <DefaultRolloverStrategy max="10" fileIndex="max">
        <Delete basePath="/opt/apache-doris/fe/log/" maxDepth="1">
          <IfFileName glob="fe.log.*" />
          <IfLastModified age="7d" />
        </Delete>
      </DefaultRolloverStrategy>
    </RollingFile>
    <RollingFile name="SysWF" fileName="/opt/apache-doris/fe/log/fe.warn.log" filePattern="/opt/apache-doris/fe/log/fe.warn.log.%d{yyyyMMdd}-%i" immediateFlush="false">
      <PatternLayout charset="UTF-8">
        <Pattern><!--REPLACED BY RUNTIME LOG MARKER-->%d{yyyy-MM-dd HH:mm:ss,SSS} %p (%t|%tid) [%C{1}.%M():%L] %m%n</Pattern>
      </PatternLayout>
      <Policies>
        <TimeBasedTriggeringPolicy/>
        <SizeBasedTriggeringPolicy size="1024MB"/>
      </Policies>
      <DefaultRolloverStrategy max="10" fileIndex="max">
        <Delete basePath="/opt/apache-doris/fe/log/" maxDepth="1">
          <IfFileName glob="fe.warn.log.*" />
          <IfLastModified age="7d" />
        </Delete>
      </DefaultRolloverStrategy>
    </RollingFile>
    <RollingFile name="AuditFile" fileName="/opt/apache-doris/fe/log/fe.audit.log" filePattern="/opt/apache-doris/fe/log/fe.audit.log.%d{yyyyMMdd}-%i">
      <PatternLayout charset="UTF-8">
        <Pattern><!--REPLACED BY AUDIT LOG MARKER-->%d{yyyy-MM-dd HH:mm:ss,SSS} [%c{1}] %m%n</Pattern>
      </PatternLayout>
      <Policies>
        <TimeBasedTriggeringPolicy/>
        <SizeBasedTriggeringPolicy size="1024MB"/>
      </Policies>
      <DefaultRolloverStrategy max="90" fileIndex="max">
        <Delete basePath="/opt/apache-doris/fe/log/" maxDepth="1">
          <IfFileName glob="fe.audit.log.*" />
          <IfLastModified age="30d" />
        </Delete>
      </DefaultRolloverStrategy>
    </RollingFile>
  </Appenders>
  <Loggers>
    <AsyncRoot level="INFO" includeLocation="true">
      <AppenderRef ref="Sys"/>

      <AppenderRef ref="SysWF" level="WARN"/>

      <!--REPLACED BY CONSOLE APPENDER-->
    </AsyncRoot>
    <Logger name="audit" level="ERROR" additivity="false">
      <AppenderRef ref="AuditFile"/>

      <!--REPLACED BY AUDIT CONSOLE LOGGER-->
    </Logger>
    <Logger name='audit.slow_query' level='INFO'/><Logger name='audit.query' level='INFO'/><Logger name='audit.load' level='INFO'/><Logger name='audit.stream_load' level='INFO'/>
  </Loggers>
</Configuration>
=====
==============================
StdoutLogger 2025-07-29 09:19:08,261 Using Java version 17
StdoutLogger 2025-07-29 09:19:08,269 -Xmx4g
StdoutLogger 2025-07-29 09:19:08,442 start time: Tue Jul 29 09:19:08 UTC 2025
StdoutLogger 2025-07-29 09:19:12,403 =====
<?xml version="1.0" encoding="utf-8"?>

<!-- Auto Generated. DO NOT MODIFY IT! -->
<Configuration status="info" packages="org.apache.doris.common">
  <Appenders>
    <Console name="Console" target="SYSTEM_OUT">
      <PatternLayout charset="UTF-8">
        <Pattern><!--REPLACED BY RUNTIME LOG MARKER-->%d{yyyy-MM-dd HH:mm:ss,SSS} %p (%t|%tid) [%C{1}.%M():%L] %m%n</Pattern>
      </PatternLayout>
    </Console>
    <Console name="AuditConsole" target="SYSTEM_OUT">
      <PatternLayout charset="UTF-8">
        <Pattern><!--REPLACED BY AUDIT LOG MARKER-->%d{yyyy-MM-dd HH:mm:ss,SSS} [%c{1}] %m%n</Pattern>
      </PatternLayout>
    </Console>
    <RollingFile name="Sys" fileName="/opt/apache-doris/fe/log/fe.log" filePattern="/opt/apache-doris/fe/log/fe.log.%d{yyyyMMdd}-%i" immediateFlush="false">
      <PatternLayout charset="UTF-8">
        <Pattern><!--REPLACED BY RUNTIME LOG MARKER-->%d{yyyy-MM-dd HH:mm:ss,SSS} %p (%t|%tid) [%C{1}.%M():%L] %m%n</Pattern>
      </PatternLayout>
      <Policies>
        <TimeBasedTriggeringPolicy/>
        <SizeBasedTriggeringPolicy size="1024MB"/>
      </Policies>
      <DefaultRolloverStrategy max="10" fileIndex="max">
        <Delete basePath="/opt/apache-doris/fe/log/" maxDepth="1">
          <IfFileName glob="fe.log.*" />
          <IfLastModified age="7d" />
        </Delete>
      </DefaultRolloverStrategy>
    </RollingFile>
    <RollingFile name="SysWF" fileName="/opt/apache-doris/fe/log/fe.warn.log" filePattern="/opt/apache-doris/fe/log/fe.warn.log.%d{yyyyMMdd}-%i" immediateFlush="false">
      <PatternLayout charset="UTF-8">
        <Pattern><!--REPLACED BY RUNTIME LOG MARKER-->%d{yyyy-MM-dd HH:mm:ss,SSS} %p (%t|%tid) [%C{1}.%M():%L] %m%n</Pattern>
      </PatternLayout>
      <Policies>
        <TimeBasedTriggeringPolicy/>
        <SizeBasedTriggeringPolicy size="1024MB"/>
      </Policies>
      <DefaultRolloverStrategy max="10" fileIndex="max">
        <Delete basePath="/opt/apache-doris/fe/log/" maxDepth="1">
          <IfFileName glob="fe.warn.log.*" />
          <IfLastModified age="7d" />
        </Delete>
      </DefaultRolloverStrategy>
    </RollingFile>
    <RollingFile name="AuditFile" fileName="/opt/apache-doris/fe/log/fe.audit.log" filePattern="/opt/apache-doris/fe/log/fe.audit.log.%d{yyyyMMdd}-%i">
      <PatternLayout charset="UTF-8">
        <Pattern><!--REPLACED BY AUDIT LOG MARKER-->%d{yyyy-MM-dd HH:mm:ss,SSS} [%c{1}] %m%n</Pattern>
      </PatternLayout>
      <Policies>
        <TimeBasedTriggeringPolicy/>
        <SizeBasedTriggeringPolicy size="1024MB"/>
      </Policies>
      <DefaultRolloverStrategy max="90" fileIndex="max">
        <Delete basePath="/opt/apache-doris/fe/log/" maxDepth="1">
          <IfFileName glob="fe.audit.log.*" />
          <IfLastModified age="30d" />
        </Delete>
      </DefaultRolloverStrategy>
    </RollingFile>
  </Appenders>
  <Loggers>
    <AsyncRoot level="INFO" includeLocation="true">
      <AppenderRef ref="Sys"/>

      <AppenderRef ref="SysWF" level="WARN"/>

      <!--REPLACED BY CONSOLE APPENDER-->
    </AsyncRoot>
    <Logger name="audit" level="ERROR" additivity="false">
      <AppenderRef ref="AuditFile"/>

      <!--REPLACED BY AUDIT CONSOLE LOGGER-->
    </Logger>
    <Logger name='audit.slow_query' level='INFO'/><Logger name='audit.query' level='INFO'/><Logger name='audit.load' level='INFO'/><Logger name='audit.stream_load' level='INFO'/>
  </Loggers>
</Configuration>
=====
==============================
StdoutLogger 2025-07-30 13:47:43,248 Using Java version 17
StdoutLogger 2025-07-30 13:47:43,259 -Xmx4g
StdoutLogger 2025-07-30 13:47:43,402 start time: Wed Jul 30 13:47:43 UTC 2025
StdoutLogger 2025-07-30 13:49:33,954 =====
<?xml version="1.0" encoding="utf-8"?>

<!-- Auto Generated. DO NOT MODIFY IT! -->
<Configuration status="info" packages="org.apache.doris.common">
  <Appenders>
    <Console name="Console" target="SYSTEM_OUT">
      <PatternLayout charset="UTF-8">
        <Pattern><!--REPLACED BY RUNTIME LOG MARKER-->%d{yyyy-MM-dd HH:mm:ss,SSS} %p (%t|%tid) [%C{1}.%M():%L] %m%n</Pattern>
      </PatternLayout>
    </Console>
    <Console name="AuditConsole" target="SYSTEM_OUT">
      <PatternLayout charset="UTF-8">
        <Pattern><!--REPLACED BY AUDIT LOG MARKER-->%d{yyyy-MM-dd HH:mm:ss,SSS} [%c{1}] %m%n</Pattern>
      </PatternLayout>
    </Console>
    <RollingFile name="Sys" fileName="/opt/apache-doris/fe/log/fe.log" filePattern="/opt/apache-doris/fe/log/fe.log.%d{yyyyMMdd}-%i" immediateFlush="false">
      <PatternLayout charset="UTF-8">
        <Pattern><!--REPLACED BY RUNTIME LOG MARKER-->%d{yyyy-MM-dd HH:mm:ss,SSS} %p (%t|%tid) [%C{1}.%M():%L] %m%n</Pattern>
      </PatternLayout>
      <Policies>
        <TimeBasedTriggeringPolicy/>
        <SizeBasedTriggeringPolicy size="1024MB"/>
      </Policies>
      <DefaultRolloverStrategy max="10" fileIndex="max">
        <Delete basePath="/opt/apache-doris/fe/log/" maxDepth="1">
          <IfFileName glob="fe.log.*" />
          <IfLastModified age="7d" />
        </Delete>
      </DefaultRolloverStrategy>
    </RollingFile>
    <RollingFile name="SysWF" fileName="/opt/apache-doris/fe/log/fe.warn.log" filePattern="/opt/apache-doris/fe/log/fe.warn.log.%d{yyyyMMdd}-%i" immediateFlush="false">
      <PatternLayout charset="UTF-8">
        <Pattern><!--REPLACED BY RUNTIME LOG MARKER-->%d{yyyy-MM-dd HH:mm:ss,SSS} %p (%t|%tid) [%C{1}.%M():%L] %m%n</Pattern>
      </PatternLayout>
      <Policies>
        <TimeBasedTriggeringPolicy/>
        <SizeBasedTriggeringPolicy size="1024MB"/>
      </Policies>
      <DefaultRolloverStrategy max="10" fileIndex="max">
        <Delete basePath="/opt/apache-doris/fe/log/" maxDepth="1">
          <IfFileName glob="fe.warn.log.*" />
          <IfLastModified age="7d" />
        </Delete>
      </DefaultRolloverStrategy>
    </RollingFile>
    <RollingFile name="AuditFile" fileName="/opt/apache-doris/fe/log/fe.audit.log" filePattern="/opt/apache-doris/fe/log/fe.audit.log.%d{yyyyMMdd}-%i">
      <PatternLayout charset="UTF-8">
        <Pattern><!--REPLACED BY AUDIT LOG MARKER-->%d{yyyy-MM-dd HH:mm:ss,SSS} [%c{1}] %m%n</Pattern>
      </PatternLayout>
      <Policies>
        <TimeBasedTriggeringPolicy/>
        <SizeBasedTriggeringPolicy size="1024MB"/>
      </Policies>
      <DefaultRolloverStrategy max="90" fileIndex="max">
        <Delete basePath="/opt/apache-doris/fe/log/" maxDepth="1">
          <IfFileName glob="fe.audit.log.*" />
          <IfLastModified age="30d" />
        </Delete>
      </DefaultRolloverStrategy>
    </RollingFile>
  </Appenders>
  <Loggers>
    <AsyncRoot level="INFO" includeLocation="true">
      <AppenderRef ref="Sys"/>

      <AppenderRef ref="SysWF" level="WARN"/>

      <!--REPLACED BY CONSOLE APPENDER-->
    </AsyncRoot>
    <Logger name="audit" level="ERROR" additivity="false">
      <AppenderRef ref="AuditFile"/>

      <!--REPLACED BY AUDIT CONSOLE LOGGER-->
    </Logger>
    <Logger name='audit.slow_query' level='INFO'/><Logger name='audit.query' level='INFO'/><Logger name='audit.load' level='INFO'/><Logger name='audit.stream_load' level='INFO'/>
  </Loggers>
</Configuration>
=====
==============================
StdoutLogger 2025-07-30 14:18:25,320 Using Java version 17
StdoutLogger 2025-07-30 14:18:25,325 -Xmx4g
StdoutLogger 2025-07-30 14:18:25,370 start time: Wed Jul 30 14:18:25 UTC 2025
StdoutLogger 2025-07-30 14:18:26,481 =====
<?xml version="1.0" encoding="utf-8"?>

<!-- Auto Generated. DO NOT MODIFY IT! -->
<Configuration status="info" packages="org.apache.doris.common">
  <Appenders>
    <Console name="Console" target="SYSTEM_OUT">
      <PatternLayout charset="UTF-8">
        <Pattern><!--REPLACED BY RUNTIME LOG MARKER-->%d{yyyy-MM-dd HH:mm:ss,SSS} %p (%t|%tid) [%C{1}.%M():%L] %m%n</Pattern>
      </PatternLayout>
    </Console>
    <Console name="AuditConsole" target="SYSTEM_OUT">
      <PatternLayout charset="UTF-8">
        <Pattern><!--REPLACED BY AUDIT LOG MARKER-->%d{yyyy-MM-dd HH:mm:ss,SSS} [%c{1}] %m%n</Pattern>
      </PatternLayout>
    </Console>
    <RollingFile name="Sys" fileName="/opt/apache-doris/fe/log/fe.log" filePattern="/opt/apache-doris/fe/log/fe.log.%d{yyyyMMdd}-%i" immediateFlush="false">
      <PatternLayout charset="UTF-8">
        <Pattern><!--REPLACED BY RUNTIME LOG MARKER-->%d{yyyy-MM-dd HH:mm:ss,SSS} %p (%t|%tid) [%C{1}.%M():%L] %m%n</Pattern>
      </PatternLayout>
      <Policies>
        <TimeBasedTriggeringPolicy/>
        <SizeBasedTriggeringPolicy size="1024MB"/>
      </Policies>
      <DefaultRolloverStrategy max="10" fileIndex="max">
        <Delete basePath="/opt/apache-doris/fe/log/" maxDepth="1">
          <IfFileName glob="fe.log.*" />
          <IfLastModified age="7d" />
        </Delete>
      </DefaultRolloverStrategy>
    </RollingFile>
    <RollingFile name="SysWF" fileName="/opt/apache-doris/fe/log/fe.warn.log" filePattern="/opt/apache-doris/fe/log/fe.warn.log.%d{yyyyMMdd}-%i" immediateFlush="false">
      <PatternLayout charset="UTF-8">
        <Pattern><!--REPLACED BY RUNTIME LOG MARKER-->%d{yyyy-MM-dd HH:mm:ss,SSS} %p (%t|%tid) [%C{1}.%M():%L] %m%n</Pattern>
      </PatternLayout>
      <Policies>
        <TimeBasedTriggeringPolicy/>
        <SizeBasedTriggeringPolicy size="1024MB"/>
      </Policies>
      <DefaultRolloverStrategy max="10" fileIndex="max">
        <Delete basePath="/opt/apache-doris/fe/log/" maxDepth="1">
          <IfFileName glob="fe.warn.log.*" />
          <IfLastModified age="7d" />
        </Delete>
      </DefaultRolloverStrategy>
    </RollingFile>
    <RollingFile name="AuditFile" fileName="/opt/apache-doris/fe/log/fe.audit.log" filePattern="/opt/apache-doris/fe/log/fe.audit.log.%d{yyyyMMdd}-%i">
      <PatternLayout charset="UTF-8">
        <Pattern><!--REPLACED BY AUDIT LOG MARKER-->%d{yyyy-MM-dd HH:mm:ss,SSS} [%c{1}] %m%n</Pattern>
      </PatternLayout>
      <Policies>
        <TimeBasedTriggeringPolicy/>
        <SizeBasedTriggeringPolicy size="1024MB"/>
      </Policies>
      <DefaultRolloverStrategy max="90" fileIndex="max">
        <Delete basePath="/opt/apache-doris/fe/log/" maxDepth="1">
          <IfFileName glob="fe.audit.log.*" />
          <IfLastModified age="30d" />
        </Delete>
      </DefaultRolloverStrategy>
    </RollingFile>
  </Appenders>
  <Loggers>
    <AsyncRoot level="INFO" includeLocation="true">
      <AppenderRef ref="Sys"/>

      <AppenderRef ref="SysWF" level="WARN"/>

      <!--REPLACED BY CONSOLE APPENDER-->
    </AsyncRoot>
    <Logger name="audit" level="ERROR" additivity="false">
      <AppenderRef ref="AuditFile"/>

      <!--REPLACED BY AUDIT CONSOLE LOGGER-->
    </Logger>
    <Logger name='audit.slow_query' level='INFO'/><Logger name='audit.query' level='INFO'/><Logger name='audit.load' level='INFO'/><Logger name='audit.stream_load' level='INFO'/>
  </Loggers>
</Configuration>
=====
==============================
StdoutLogger 2025-07-30 14:27:07,591 Using Java version 17
StdoutLogger 2025-07-30 14:27:07,601 -Xmx4g
StdoutLogger 2025-07-30 14:27:07,753 start time: Wed Jul 30 14:27:07 UTC 2025
StdoutLogger 2025-07-30 14:27:17,244 =====
<?xml version="1.0" encoding="utf-8"?>

<!-- Auto Generated. DO NOT MODIFY IT! -->
<Configuration status="info" packages="org.apache.doris.common">
  <Appenders>
    <Console name="Console" target="SYSTEM_OUT">
      <PatternLayout charset="UTF-8">
        <Pattern><!--REPLACED BY RUNTIME LOG MARKER-->%d{yyyy-MM-dd HH:mm:ss,SSS} %p (%t|%tid) [%C{1}.%M():%L] %m%n</Pattern>
      </PatternLayout>
    </Console>
    <Console name="AuditConsole" target="SYSTEM_OUT">
      <PatternLayout charset="UTF-8">
        <Pattern><!--REPLACED BY AUDIT LOG MARKER-->%d{yyyy-MM-dd HH:mm:ss,SSS} [%c{1}] %m%n</Pattern>
      </PatternLayout>
    </Console>
    <RollingFile name="Sys" fileName="/opt/apache-doris/fe/log/fe.log" filePattern="/opt/apache-doris/fe/log/fe.log.%d{yyyyMMdd}-%i" immediateFlush="false">
      <PatternLayout charset="UTF-8">
        <Pattern><!--REPLACED BY RUNTIME LOG MARKER-->%d{yyyy-MM-dd HH:mm:ss,SSS} %p (%t|%tid) [%C{1}.%M():%L] %m%n</Pattern>
      </PatternLayout>
      <Policies>
        <TimeBasedTriggeringPolicy/>
        <SizeBasedTriggeringPolicy size="1024MB"/>
      </Policies>
      <DefaultRolloverStrategy max="10" fileIndex="max">
        <Delete basePath="/opt/apache-doris/fe/log/" maxDepth="1">
          <IfFileName glob="fe.log.*" />
          <IfLastModified age="7d" />
        </Delete>
      </DefaultRolloverStrategy>
    </RollingFile>
    <RollingFile name="SysWF" fileName="/opt/apache-doris/fe/log/fe.warn.log" filePattern="/opt/apache-doris/fe/log/fe.warn.log.%d{yyyyMMdd}-%i" immediateFlush="false">
      <PatternLayout charset="UTF-8">
        <Pattern><!--REPLACED BY RUNTIME LOG MARKER-->%d{yyyy-MM-dd HH:mm:ss,SSS} %p (%t|%tid) [%C{1}.%M():%L] %m%n</Pattern>
      </PatternLayout>
      <Policies>
        <TimeBasedTriggeringPolicy/>
        <SizeBasedTriggeringPolicy size="1024MB"/>
      </Policies>
      <DefaultRolloverStrategy max="10" fileIndex="max">
        <Delete basePath="/opt/apache-doris/fe/log/" maxDepth="1">
          <IfFileName glob="fe.warn.log.*" />
          <IfLastModified age="7d" />
        </Delete>
      </DefaultRolloverStrategy>
    </RollingFile>
    <RollingFile name="AuditFile" fileName="/opt/apache-doris/fe/log/fe.audit.log" filePattern="/opt/apache-doris/fe/log/fe.audit.log.%d{yyyyMMdd}-%i">
      <PatternLayout charset="UTF-8">
        <Pattern><!--REPLACED BY AUDIT LOG MARKER-->%d{yyyy-MM-dd HH:mm:ss,SSS} [%c{1}] %m%n</Pattern>
      </PatternLayout>
      <Policies>
        <TimeBasedTriggeringPolicy/>
        <SizeBasedTriggeringPolicy size="1024MB"/>
      </Policies>
      <DefaultRolloverStrategy max="90" fileIndex="max">
        <Delete basePath="/opt/apache-doris/fe/log/" maxDepth="1">
          <IfFileName glob="fe.audit.log.*" />
          <IfLastModified age="30d" />
        </Delete>
      </DefaultRolloverStrategy>
    </RollingFile>
  </Appenders>
  <Loggers>
    <AsyncRoot level="INFO" includeLocation="true">
      <AppenderRef ref="Sys"/>

      <AppenderRef ref="SysWF" level="WARN"/>

      <!--REPLACED BY CONSOLE APPENDER-->
    </AsyncRoot>
    <Logger name="audit" level="ERROR" additivity="false">
      <AppenderRef ref="AuditFile"/>

      <!--REPLACED BY AUDIT CONSOLE LOGGER-->
    </Logger>
    <Logger name='audit.slow_query' level='INFO'/><Logger name='audit.query' level='INFO'/><Logger name='audit.load' level='INFO'/><Logger name='audit.stream_load' level='INFO'/>
  </Loggers>
</Configuration>
=====
==============================
StdoutLogger 2025-07-30 14:35:56,427 Using Java version 17
StdoutLogger 2025-07-30 14:35:56,438 -Xmx4g
StdoutLogger 2025-07-30 14:35:56,693 start time: Wed Jul 30 14:35:56 UTC 2025
StdoutLogger 2025-07-30 14:36:03,446 =====
<?xml version="1.0" encoding="utf-8"?>

<!-- Auto Generated. DO NOT MODIFY IT! -->
<Configuration status="info" packages="org.apache.doris.common">
  <Appenders>
    <Console name="Console" target="SYSTEM_OUT">
      <PatternLayout charset="UTF-8">
        <Pattern><!--REPLACED BY RUNTIME LOG MARKER-->%d{yyyy-MM-dd HH:mm:ss,SSS} %p (%t|%tid) [%C{1}.%M():%L] %m%n</Pattern>
      </PatternLayout>
    </Console>
    <Console name="AuditConsole" target="SYSTEM_OUT">
      <PatternLayout charset="UTF-8">
        <Pattern><!--REPLACED BY AUDIT LOG MARKER-->%d{yyyy-MM-dd HH:mm:ss,SSS} [%c{1}] %m%n</Pattern>
      </PatternLayout>
    </Console>
    <RollingFile name="Sys" fileName="/opt/apache-doris/fe/log/fe.log" filePattern="/opt/apache-doris/fe/log/fe.log.%d{yyyyMMdd}-%i" immediateFlush="false">
      <PatternLayout charset="UTF-8">
        <Pattern><!--REPLACED BY RUNTIME LOG MARKER-->%d{yyyy-MM-dd HH:mm:ss,SSS} %p (%t|%tid) [%C{1}.%M():%L] %m%n</Pattern>
      </PatternLayout>
      <Policies>
        <TimeBasedTriggeringPolicy/>
        <SizeBasedTriggeringPolicy size="1024MB"/>
      </Policies>
      <DefaultRolloverStrategy max="10" fileIndex="max">
        <Delete basePath="/opt/apache-doris/fe/log/" maxDepth="1">
          <IfFileName glob="fe.log.*" />
          <IfLastModified age="7d" />
        </Delete>
      </DefaultRolloverStrategy>
    </RollingFile>
    <RollingFile name="SysWF" fileName="/opt/apache-doris/fe/log/fe.warn.log" filePattern="/opt/apache-doris/fe/log/fe.warn.log.%d{yyyyMMdd}-%i" immediateFlush="false">
      <PatternLayout charset="UTF-8">
        <Pattern><!--REPLACED BY RUNTIME LOG MARKER-->%d{yyyy-MM-dd HH:mm:ss,SSS} %p (%t|%tid) [%C{1}.%M():%L] %m%n</Pattern>
      </PatternLayout>
      <Policies>
        <TimeBasedTriggeringPolicy/>
        <SizeBasedTriggeringPolicy size="1024MB"/>
      </Policies>
      <DefaultRolloverStrategy max="10" fileIndex="max">
        <Delete basePath="/opt/apache-doris/fe/log/" maxDepth="1">
          <IfFileName glob="fe.warn.log.*" />
          <IfLastModified age="7d" />
        </Delete>
      </DefaultRolloverStrategy>
    </RollingFile>
    <RollingFile name="AuditFile" fileName="/opt/apache-doris/fe/log/fe.audit.log" filePattern="/opt/apache-doris/fe/log/fe.audit.log.%d{yyyyMMdd}-%i">
      <PatternLayout charset="UTF-8">
        <Pattern><!--REPLACED BY AUDIT LOG MARKER-->%d{yyyy-MM-dd HH:mm:ss,SSS} [%c{1}] %m%n</Pattern>
      </PatternLayout>
      <Policies>
        <TimeBasedTriggeringPolicy/>
        <SizeBasedTriggeringPolicy size="1024MB"/>
      </Policies>
      <DefaultRolloverStrategy max="90" fileIndex="max">
        <Delete basePath="/opt/apache-doris/fe/log/" maxDepth="1">
          <IfFileName glob="fe.audit.log.*" />
          <IfLastModified age="30d" />
        </Delete>
      </DefaultRolloverStrategy>
    </RollingFile>
  </Appenders>
  <Loggers>
    <AsyncRoot level="INFO" includeLocation="true">
      <AppenderRef ref="Sys"/>

      <AppenderRef ref="SysWF" level="WARN"/>

      <!--REPLACED BY CONSOLE APPENDER-->
    </AsyncRoot>
    <Logger name="audit" level="ERROR" additivity="false">
      <AppenderRef ref="AuditFile"/>

      <!--REPLACED BY AUDIT CONSOLE LOGGER-->
    </Logger>
    <Logger name='audit.slow_query' level='INFO'/><Logger name='audit.query' level='INFO'/><Logger name='audit.load' level='INFO'/><Logger name='audit.stream_load' level='INFO'/>
  </Loggers>
</Configuration>
=====
==============================
StdoutLogger 2025-07-30 14:37:56,885 Using Java version 17
StdoutLogger 2025-07-30 14:37:56,892 -Xmx4g
StdoutLogger 2025-07-30 14:37:56,969 start time: Wed Jul 30 14:37:56 UTC 2025
StdoutLogger 2025-07-30 14:37:59,480 =====
<?xml version="1.0" encoding="utf-8"?>

<!-- Auto Generated. DO NOT MODIFY IT! -->
<Configuration status="info" packages="org.apache.doris.common">
  <Appenders>
    <Console name="Console" target="SYSTEM_OUT">
      <PatternLayout charset="UTF-8">
        <Pattern><!--REPLACED BY RUNTIME LOG MARKER-->%d{yyyy-MM-dd HH:mm:ss,SSS} %p (%t|%tid) [%C{1}.%M():%L] %m%n</Pattern>
      </PatternLayout>
    </Console>
    <Console name="AuditConsole" target="SYSTEM_OUT">
      <PatternLayout charset="UTF-8">
        <Pattern><!--REPLACED BY AUDIT LOG MARKER-->%d{yyyy-MM-dd HH:mm:ss,SSS} [%c{1}] %m%n</Pattern>
      </PatternLayout>
    </Console>
    <RollingFile name="Sys" fileName="/opt/apache-doris/fe/log/fe.log" filePattern="/opt/apache-doris/fe/log/fe.log.%d{yyyyMMdd}-%i" immediateFlush="false">
      <PatternLayout charset="UTF-8">
        <Pattern><!--REPLACED BY RUNTIME LOG MARKER-->%d{yyyy-MM-dd HH:mm:ss,SSS} %p (%t|%tid) [%C{1}.%M():%L] %m%n</Pattern>
      </PatternLayout>
      <Policies>
        <TimeBasedTriggeringPolicy/>
        <SizeBasedTriggeringPolicy size="1024MB"/>
      </Policies>
      <DefaultRolloverStrategy max="10" fileIndex="max">
        <Delete basePath="/opt/apache-doris/fe/log/" maxDepth="1">
          <IfFileName glob="fe.log.*" />
          <IfLastModified age="7d" />
        </Delete>
      </DefaultRolloverStrategy>
    </RollingFile>
    <RollingFile name="SysWF" fileName="/opt/apache-doris/fe/log/fe.warn.log" filePattern="/opt/apache-doris/fe/log/fe.warn.log.%d{yyyyMMdd}-%i" immediateFlush="false">
      <PatternLayout charset="UTF-8">
        <Pattern><!--REPLACED BY RUNTIME LOG MARKER-->%d{yyyy-MM-dd HH:mm:ss,SSS} %p (%t|%tid) [%C{1}.%M():%L] %m%n</Pattern>
      </PatternLayout>
      <Policies>
        <TimeBasedTriggeringPolicy/>
        <SizeBasedTriggeringPolicy size="1024MB"/>
      </Policies>
      <DefaultRolloverStrategy max="10" fileIndex="max">
        <Delete basePath="/opt/apache-doris/fe/log/" maxDepth="1">
          <IfFileName glob="fe.warn.log.*" />
          <IfLastModified age="7d" />
        </Delete>
      </DefaultRolloverStrategy>
    </RollingFile>
    <RollingFile name="AuditFile" fileName="/opt/apache-doris/fe/log/fe.audit.log" filePattern="/opt/apache-doris/fe/log/fe.audit.log.%d{yyyyMMdd}-%i">
      <PatternLayout charset="UTF-8">
        <Pattern><!--REPLACED BY AUDIT LOG MARKER-->%d{yyyy-MM-dd HH:mm:ss,SSS} [%c{1}] %m%n</Pattern>
      </PatternLayout>
      <Policies>
        <TimeBasedTriggeringPolicy/>
        <SizeBasedTriggeringPolicy size="1024MB"/>
      </Policies>
      <DefaultRolloverStrategy max="90" fileIndex="max">
        <Delete basePath="/opt/apache-doris/fe/log/" maxDepth="1">
          <IfFileName glob="fe.audit.log.*" />
          <IfLastModified age="30d" />
        </Delete>
      </DefaultRolloverStrategy>
    </RollingFile>
  </Appenders>
  <Loggers>
    <AsyncRoot level="INFO" includeLocation="true">
      <AppenderRef ref="Sys"/>

      <AppenderRef ref="SysWF" level="WARN"/>

      <!--REPLACED BY CONSOLE APPENDER-->
    </AsyncRoot>
    <Logger name="audit" level="ERROR" additivity="false">
      <AppenderRef ref="AuditFile"/>

      <!--REPLACED BY AUDIT CONSOLE LOGGER-->
    </Logger>
    <Logger name='audit.slow_query' level='INFO'/><Logger name='audit.query' level='INFO'/><Logger name='audit.load' level='INFO'/><Logger name='audit.stream_load' level='INFO'/>
  </Loggers>
</Configuration>
=====
==============================
StdoutLogger 2025-07-30 17:15:24,576 Using Java version 17
StdoutLogger 2025-07-30 17:15:24,578 -Xmx4g
StdoutLogger 2025-07-30 17:15:24,624 start time: Wed Jul 30 17:15:24 UTC 2025
StdoutLogger 2025-07-30 17:15:27,995 =====
<?xml version="1.0" encoding="utf-8"?>

<!-- Auto Generated. DO NOT MODIFY IT! -->
<Configuration status="info" packages="org.apache.doris.common">
  <Appenders>
    <Console name="Console" target="SYSTEM_OUT">
      <PatternLayout charset="UTF-8">
        <Pattern><!--REPLACED BY RUNTIME LOG MARKER-->%d{yyyy-MM-dd HH:mm:ss,SSS} %p (%t|%tid) [%C{1}.%M():%L] %m%n</Pattern>
      </PatternLayout>
    </Console>
    <Console name="AuditConsole" target="SYSTEM_OUT">
      <PatternLayout charset="UTF-8">
        <Pattern><!--REPLACED BY AUDIT LOG MARKER-->%d{yyyy-MM-dd HH:mm:ss,SSS} [%c{1}] %m%n</Pattern>
      </PatternLayout>
    </Console>
    <RollingFile name="Sys" fileName="/opt/apache-doris/fe/log/fe.log" filePattern="/opt/apache-doris/fe/log/fe.log.%d{yyyyMMdd}-%i" immediateFlush="false">
      <PatternLayout charset="UTF-8">
        <Pattern><!--REPLACED BY RUNTIME LOG MARKER-->%d{yyyy-MM-dd HH:mm:ss,SSS} %p (%t|%tid) [%C{1}.%M():%L] %m%n</Pattern>
      </PatternLayout>
      <Policies>
        <TimeBasedTriggeringPolicy/>
        <SizeBasedTriggeringPolicy size="1024MB"/>
      </Policies>
      <DefaultRolloverStrategy max="10" fileIndex="max">
        <Delete basePath="/opt/apache-doris/fe/log/" maxDepth="1">
          <IfFileName glob="fe.log.*" />
          <IfLastModified age="7d" />
        </Delete>
      </DefaultRolloverStrategy>
    </RollingFile>
    <RollingFile name="SysWF" fileName="/opt/apache-doris/fe/log/fe.warn.log" filePattern="/opt/apache-doris/fe/log/fe.warn.log.%d{yyyyMMdd}-%i" immediateFlush="false">
      <PatternLayout charset="UTF-8">
        <Pattern><!--REPLACED BY RUNTIME LOG MARKER-->%d{yyyy-MM-dd HH:mm:ss,SSS} %p (%t|%tid) [%C{1}.%M():%L] %m%n</Pattern>
      </PatternLayout>
      <Policies>
        <TimeBasedTriggeringPolicy/>
        <SizeBasedTriggeringPolicy size="1024MB"/>
      </Policies>
      <DefaultRolloverStrategy max="10" fileIndex="max">
        <Delete basePath="/opt/apache-doris/fe/log/" maxDepth="1">
          <IfFileName glob="fe.warn.log.*" />
          <IfLastModified age="7d" />
        </Delete>
      </DefaultRolloverStrategy>
    </RollingFile>
    <RollingFile name="AuditFile" fileName="/opt/apache-doris/fe/log/fe.audit.log" filePattern="/opt/apache-doris/fe/log/fe.audit.log.%d{yyyyMMdd}-%i">
      <PatternLayout charset="UTF-8">
        <Pattern><!--REPLACED BY AUDIT LOG MARKER-->%d{yyyy-MM-dd HH:mm:ss,SSS} [%c{1}] %m%n</Pattern>
      </PatternLayout>
      <Policies>
        <TimeBasedTriggeringPolicy/>
        <SizeBasedTriggeringPolicy size="1024MB"/>
      </Policies>
      <DefaultRolloverStrategy max="90" fileIndex="max">
        <Delete basePath="/opt/apache-doris/fe/log/" maxDepth="1">
          <IfFileName glob="fe.audit.log.*" />
          <IfLastModified age="30d" />
        </Delete>
      </DefaultRolloverStrategy>
    </RollingFile>
  </Appenders>
  <Loggers>
    <AsyncRoot level="INFO" includeLocation="true">
      <AppenderRef ref="Sys"/>

      <AppenderRef ref="SysWF" level="WARN"/>

      <!--REPLACED BY CONSOLE APPENDER-->
    </AsyncRoot>
    <Logger name="audit" level="ERROR" additivity="false">
      <AppenderRef ref="AuditFile"/>

      <!--REPLACED BY AUDIT CONSOLE LOGGER-->
    </Logger>
    <Logger name='audit.slow_query' level='INFO'/><Logger name='audit.query' level='INFO'/><Logger name='audit.load' level='INFO'/><Logger name='audit.stream_load' level='INFO'/>
  </Loggers>
</Configuration>
=====
==============================
StdoutLogger 2025-07-31 07:08:21,706 Using Java version 17
StdoutLogger 2025-07-31 07:08:21,708 -Xmx4g
StdoutLogger 2025-07-31 07:08:21,771 start time: Thu Jul 31 07:08:21 UTC 2025
StdoutLogger 2025-07-31 07:08:24,120 =====
<?xml version="1.0" encoding="utf-8"?>

<!-- Auto Generated. DO NOT MODIFY IT! -->
<Configuration status="info" packages="org.apache.doris.common">
  <Appenders>
    <Console name="Console" target="SYSTEM_OUT">
      <PatternLayout charset="UTF-8">
        <Pattern><!--REPLACED BY RUNTIME LOG MARKER-->%d{yyyy-MM-dd HH:mm:ss,SSS} %p (%t|%tid) [%C{1}.%M():%L] %m%n</Pattern>
      </PatternLayout>
    </Console>
    <Console name="AuditConsole" target="SYSTEM_OUT">
      <PatternLayout charset="UTF-8">
        <Pattern><!--REPLACED BY AUDIT LOG MARKER-->%d{yyyy-MM-dd HH:mm:ss,SSS} [%c{1}] %m%n</Pattern>
      </PatternLayout>
    </Console>
    <RollingFile name="Sys" fileName="/opt/apache-doris/fe/log/fe.log" filePattern="/opt/apache-doris/fe/log/fe.log.%d{yyyyMMdd}-%i" immediateFlush="false">
      <PatternLayout charset="UTF-8">
        <Pattern><!--REPLACED BY RUNTIME LOG MARKER-->%d{yyyy-MM-dd HH:mm:ss,SSS} %p (%t|%tid) [%C{1}.%M():%L] %m%n</Pattern>
      </PatternLayout>
      <Policies>
        <TimeBasedTriggeringPolicy/>
        <SizeBasedTriggeringPolicy size="1024MB"/>
      </Policies>
      <DefaultRolloverStrategy max="10" fileIndex="max">
        <Delete basePath="/opt/apache-doris/fe/log/" maxDepth="1">
          <IfFileName glob="fe.log.*" />
          <IfLastModified age="7d" />
        </Delete>
      </DefaultRolloverStrategy>
    </RollingFile>
    <RollingFile name="SysWF" fileName="/opt/apache-doris/fe/log/fe.warn.log" filePattern="/opt/apache-doris/fe/log/fe.warn.log.%d{yyyyMMdd}-%i" immediateFlush="false">
      <PatternLayout charset="UTF-8">
        <Pattern><!--REPLACED BY RUNTIME LOG MARKER-->%d{yyyy-MM-dd HH:mm:ss,SSS} %p (%t|%tid) [%C{1}.%M():%L] %m%n</Pattern>
      </PatternLayout>
      <Policies>
        <TimeBasedTriggeringPolicy/>
        <SizeBasedTriggeringPolicy size="1024MB"/>
      </Policies>
      <DefaultRolloverStrategy max="10" fileIndex="max">
        <Delete basePath="/opt/apache-doris/fe/log/" maxDepth="1">
          <IfFileName glob="fe.warn.log.*" />
          <IfLastModified age="7d" />
        </Delete>
      </DefaultRolloverStrategy>
    </RollingFile>
    <RollingFile name="AuditFile" fileName="/opt/apache-doris/fe/log/fe.audit.log" filePattern="/opt/apache-doris/fe/log/fe.audit.log.%d{yyyyMMdd}-%i">
      <PatternLayout charset="UTF-8">
        <Pattern><!--REPLACED BY AUDIT LOG MARKER-->%d{yyyy-MM-dd HH:mm:ss,SSS} [%c{1}] %m%n</Pattern>
      </PatternLayout>
      <Policies>
        <TimeBasedTriggeringPolicy/>
        <SizeBasedTriggeringPolicy size="1024MB"/>
      </Policies>
      <DefaultRolloverStrategy max="90" fileIndex="max">
        <Delete basePath="/opt/apache-doris/fe/log/" maxDepth="1">
          <IfFileName glob="fe.audit.log.*" />
          <IfLastModified age="30d" />
        </Delete>
      </DefaultRolloverStrategy>
    </RollingFile>
  </Appenders>
  <Loggers>
    <AsyncRoot level="INFO" includeLocation="true">
      <AppenderRef ref="Sys"/>

      <AppenderRef ref="SysWF" level="WARN"/>

      <!--REPLACED BY CONSOLE APPENDER-->
    </AsyncRoot>
    <Logger name="audit" level="ERROR" additivity="false">
      <AppenderRef ref="AuditFile"/>

      <!--REPLACED BY AUDIT CONSOLE LOGGER-->
    </Logger>
    <Logger name='audit.slow_query' level='INFO'/><Logger name='audit.query' level='INFO'/><Logger name='audit.load' level='INFO'/><Logger name='audit.stream_load' level='INFO'/>
  </Loggers>
</Configuration>
=====
==============================
