RuntimeLogger 2025-07-31 07:02:06,875 ERROR (main|15) [LogLog.warn():157] log4j:WARN No appenders could be found for logger (io.netty.util.internal.InternalThreadLocalMap).
RuntimeLogger 2025-07-31 07:02:06,875 ERROR (main|15) [LogLog.warn():157] log4j:WARN Please initialize the log4j system properly.
RuntimeLogger 2025-07-31 07:02:06,875 ERROR (main|15) [LogLog.warn():157] log4j:WARN See http://logging.apache.org/log4j/1.2/faq.html#noconfig for more info.
RuntimeLogger 2025-07-31 07:02:08,848 WARN (UNKNOWN fe_607dc33c_920e_476d_afab_e4483fc2418f(-1)|15) [Env.notifyNewFETypeTransfer():2838] notify new FE type transfer: MASTER
RuntimeLogger 2025-07-31 07:02:09,153 WARN (heartbeat-mgr-pool-0|15) [HeartbeatMgr$BackendHeartbeatHandler.pingOnce():334] backend heartbeat got exception
org.apache.thrift.transport.TTransportException: java.net.ConnectException: Connection refused
	at org.apache.thrift.transport.TSocket.open(TSocket.java:255) ~[libthrift-0.16.0.jar:0.16.0]
	at org.apache.doris.common.GenericPool$ThriftClientFactory.create(GenericPool.java:143) ~[doris-fe.jar:1.2-SNAPSHOT]
	at org.apache.doris.common.GenericPool$ThriftClientFactory.create(GenericPool.java:126) ~[doris-fe.jar:1.2-SNAPSHOT]
	at org.apache.commons.pool2.BaseKeyedPooledObjectFactory.makeObject(BaseKeyedPooledObjectFactory.java:62) ~[commons-pool2-2.2.jar:2.2]
	at org.apache.commons.pool2.impl.GenericKeyedObjectPool.create(GenericKeyedObjectPool.java:1012) ~[commons-pool2-2.2.jar:2.2]
	at org.apache.commons.pool2.impl.GenericKeyedObjectPool.borrowObject(GenericKeyedObjectPool.java:356) ~[commons-pool2-2.2.jar:2.2]
	at org.apache.commons.pool2.impl.GenericKeyedObjectPool.borrowObject(GenericKeyedObjectPool.java:277) ~[commons-pool2-2.2.jar:2.2]
	at org.apache.doris.common.GenericPool.borrowObject(GenericPool.java:95) ~[doris-fe.jar:1.2-SNAPSHOT]
	at org.apache.doris.system.HeartbeatMgr$BackendHeartbeatHandler.pingOnce(HeartbeatMgr.java:270) ~[doris-fe.jar:1.2-SNAPSHOT]
	at org.apache.doris.system.HeartbeatMgr$BackendHeartbeatHandler.call(HeartbeatMgr.java:241) ~[doris-fe.jar:1.2-SNAPSHOT]
	at org.apache.doris.system.HeartbeatMgr$BackendHeartbeatHandler.call(HeartbeatMgr.java:230) ~[doris-fe.jar:1.2-SNAPSHOT]
	at java.util.concurrent.FutureTask.run(FutureTask.java:264) ~[?:?]
	at java.util.concurrent.ThreadPoolExecutor.runWorker(ThreadPoolExecutor.java:1136) ~[?:?]
	at java.util.concurrent.ThreadPoolExecutor$Worker.run(ThreadPoolExecutor.java:635) ~[?:?]
	at java.lang.Thread.run(Thread.java:840) ~[?:?]
Caused by: java.net.ConnectException: Connection refused
	at sun.nio.ch.Net.pollConnect(Native Method) ~[?:?]
	at sun.nio.ch.Net.pollConnectNow(Net.java:672) ~[?:?]
	at sun.nio.ch.NioSocketImpl.timedFinishConnect(NioSocketImpl.java:547) ~[?:?]
	at sun.nio.ch.NioSocketImpl.connect(NioSocketImpl.java:602) ~[?:?]
	at java.net.SocksSocketImpl.connect(SocksSocketImpl.java:327) ~[?:?]
	at java.net.Socket.connect(Socket.java:633) ~[?:?]
	at org.apache.thrift.transport.TSocket.open(TSocket.java:250) ~[libthrift-0.16.0.jar:0.16.0]
	... 14 more
RuntimeLogger 2025-07-31 07:02:09,153 WARN (heartbeat-mgr-pool-0|15) [HeartbeatMgr$BackendHeartbeatHandler.pingOnce():334] backend heartbeat got exception
org.apache.thrift.transport.TTransportException: java.net.ConnectException: Connection refused
	at org.apache.thrift.transport.TSocket.open(TSocket.java:255) ~[libthrift-0.16.0.jar:0.16.0]
	at org.apache.doris.common.GenericPool$ThriftClientFactory.create(GenericPool.java:143) ~[doris-fe.jar:1.2-SNAPSHOT]
	at org.apache.doris.common.GenericPool$ThriftClientFactory.create(GenericPool.java:126) ~[doris-fe.jar:1.2-SNAPSHOT]
	at org.apache.commons.pool2.BaseKeyedPooledObjectFactory.makeObject(BaseKeyedPooledObjectFactory.java:62) ~[commons-pool2-2.2.jar:2.2]
	at org.apache.commons.pool2.impl.GenericKeyedObjectPool.create(GenericKeyedObjectPool.java:1012) ~[commons-pool2-2.2.jar:2.2]
	at org.apache.commons.pool2.impl.GenericKeyedObjectPool.borrowObject(GenericKeyedObjectPool.java:356) ~[commons-pool2-2.2.jar:2.2]
	at org.apache.commons.pool2.impl.GenericKeyedObjectPool.borrowObject(GenericKeyedObjectPool.java:277) ~[commons-pool2-2.2.jar:2.2]
	at org.apache.doris.common.GenericPool.borrowObject(GenericPool.java:95) ~[doris-fe.jar:1.2-SNAPSHOT]
	at org.apache.doris.system.HeartbeatMgr$BackendHeartbeatHandler.pingOnce(HeartbeatMgr.java:270) ~[doris-fe.jar:1.2-SNAPSHOT]
	at org.apache.doris.system.HeartbeatMgr$BackendHeartbeatHandler.call(HeartbeatMgr.java:244) ~[doris-fe.jar:1.2-SNAPSHOT]
	at org.apache.doris.system.HeartbeatMgr$BackendHeartbeatHandler.call(HeartbeatMgr.java:230) ~[doris-fe.jar:1.2-SNAPSHOT]
	at java.util.concurrent.FutureTask.run(FutureTask.java:264) ~[?:?]
	at java.util.concurrent.ThreadPoolExecutor.runWorker(ThreadPoolExecutor.java:1136) ~[?:?]
	at java.util.concurrent.ThreadPoolExecutor$Worker.run(ThreadPoolExecutor.java:635) ~[?:?]
	at java.lang.Thread.run(Thread.java:840) ~[?:?]
Caused by: java.net.ConnectException: Connection refused
	at sun.nio.ch.Net.pollConnect(Native Method) ~[?:?]
	at sun.nio.ch.Net.pollConnectNow(Net.java:672) ~[?:?]
	at sun.nio.ch.NioSocketImpl.timedFinishConnect(NioSocketImpl.java:547) ~[?:?]
	at sun.nio.ch.NioSocketImpl.connect(NioSocketImpl.java:602) ~[?:?]
	at java.net.SocksSocketImpl.connect(SocksSocketImpl.java:327) ~[?:?]
	at java.net.Socket.connect(Socket.java:633) ~[?:?]
	at org.apache.thrift.transport.TSocket.open(TSocket.java:250) ~[libthrift-0.16.0.jar:0.16.0]
	... 14 more
RuntimeLogger 2025-07-31 07:02:09,154 WARN (heartbeat mgr|15) [HeartbeatMgr.runAfterCatalogReady():158] get bad heartbeat response: type: BACKEND, status: BAD, msg: java.net.ConnectException: Connection refused, beId: 1753687783636, beHost: 172.20.80.3, bePort: 0, httpPort: 0, brpcPort: 0, arrowFlightSqlPort: 0
RuntimeLogger 2025-07-31 07:02:09,154 WARN (heartbeat mgr|15) [Backend.handleHbResponse():916] Backend [id=1753687783636, host=172.20.80.3, heartbeatPort=9050, alive=false, lastStartTime=2025-07-30 14:51:36, process epoch=1753887096706, isDecommissioned=false, tags: {location=default}], backendStatus: [lastSuccessReportTabletsTime='null', lastStreamLoadTime=-1, isQueryDisabled=false, isLoadDisabled=false, currentFragmentNum=0, lastFragmentUpdateTime=0] is dead,
RuntimeLogger 2025-07-31 07:02:09,201 WARN (DynamicPartitionScheduler|15) [DynamicPartitionScheduler.executeDynamicPartition():666] has error
org.apache.doris.common.DdlException: errCode = 2, detailMessage = replication num should be less than the number of available backends. replication num is 1, available backend num is 0
	at org.apache.doris.datasource.InternalCatalog.addPartition(InternalCatalog.java:1748) ~[doris-fe.jar:1.2-SNAPSHOT]
	at org.apache.doris.catalog.Env.addPartition(Env.java:3372) ~[doris-fe.jar:1.2-SNAPSHOT]
	at org.apache.doris.clone.DynamicPartitionScheduler.executeDynamicPartition(DynamicPartitionScheduler.java:655) ~[doris-fe.jar:1.2-SNAPSHOT]
	at org.apache.doris.clone.DynamicPartitionScheduler.runAfterCatalogReady(DynamicPartitionScheduler.java:885) ~[doris-fe.jar:1.2-SNAPSHOT]
	at org.apache.doris.common.util.MasterDaemon.runOneCycle(MasterDaemon.java:58) ~[doris-fe.jar:1.2-SNAPSHOT]
	at org.apache.doris.clone.DynamicPartitionScheduler.run(DynamicPartitionScheduler.java:844) ~[doris-fe.jar:1.2-SNAPSHOT]
RuntimeLogger 2025-07-31 07:02:09,882 WARN (STATS_FETCH-0|189) [StmtExecutor.executeInternalQuery():3433] Failed to run internal SQL: OriginStatement{originStmt='SELECT * FROM __internal_schema.column_statistics WHERE part_id is NULL  ORDER BY update_time DESC LIMIT 500000', idx=0}
java.lang.RuntimeException: errCode = 2, detailMessage = tablet 1753689286923 has no queryable replicas. err: replica 1753689286924's backend 1753687783636 does not exist or not alive
	at org.apache.doris.nereids.util.Utils.execWithUncheckedException(Utils.java:84) ~[doris-fe.jar:1.2-SNAPSHOT]
	at org.apache.doris.nereids.glue.translator.PhysicalPlanTranslator.visitPhysicalOlapScan(PhysicalPlanTranslator.java:801) ~[doris-fe.jar:1.2-SNAPSHOT]
	at org.apache.doris.nereids.glue.translator.PhysicalPlanTranslator.visitPhysicalOlapScan(PhysicalPlanTranslator.java:239) ~[doris-fe.jar:1.2-SNAPSHOT]
	at org.apache.doris.nereids.trees.plans.physical.PhysicalOlapScan.accept(PhysicalOlapScan.java:168) ~[doris-fe.jar:1.2-SNAPSHOT]
	at org.apache.doris.nereids.glue.translator.PhysicalPlanTranslator.visitPhysicalFilter(PhysicalPlanTranslator.java:1242) ~[doris-fe.jar:1.2-SNAPSHOT]
	at org.apache.doris.nereids.glue.translator.PhysicalPlanTranslator.visitPhysicalFilter(PhysicalPlanTranslator.java:239) ~[doris-fe.jar:1.2-SNAPSHOT]
	at org.apache.doris.nereids.trees.plans.physical.PhysicalFilter.accept(PhysicalFilter.java:103) ~[doris-fe.jar:1.2-SNAPSHOT]
	at org.apache.doris.nereids.glue.translator.PhysicalPlanTranslator.visitPhysicalProject(PhysicalPlanTranslator.java:1909) ~[doris-fe.jar:1.2-SNAPSHOT]
	at org.apache.doris.nereids.glue.translator.PhysicalPlanTranslator.visitPhysicalProject(PhysicalPlanTranslator.java:239) ~[doris-fe.jar:1.2-SNAPSHOT]
	at org.apache.doris.nereids.trees.plans.physical.PhysicalProject.accept(PhysicalProject.java:136) ~[doris-fe.jar:1.2-SNAPSHOT]
	at org.apache.doris.nereids.glue.translator.PhysicalPlanTranslator.visitPhysicalTopN(PhysicalPlanTranslator.java:2199) ~[doris-fe.jar:1.2-SNAPSHOT]
	at org.apache.doris.nereids.glue.translator.PhysicalPlanTranslator.visitPhysicalTopN(PhysicalPlanTranslator.java:239) ~[doris-fe.jar:1.2-SNAPSHOT]
	at org.apache.doris.nereids.trees.plans.physical.PhysicalTopN.accept(PhysicalTopN.java:108) ~[doris-fe.jar:1.2-SNAPSHOT]
	at org.apache.doris.nereids.glue.translator.PhysicalPlanTranslator.visitPhysicalDistribute(PhysicalPlanTranslator.java:301) ~[doris-fe.jar:1.2-SNAPSHOT]
	at org.apache.doris.nereids.glue.translator.PhysicalPlanTranslator.visitPhysicalDistribute(PhysicalPlanTranslator.java:239) ~[doris-fe.jar:1.2-SNAPSHOT]
	at org.apache.doris.nereids.trees.plans.physical.PhysicalDistribute.accept(PhysicalDistribute.java:87) ~[doris-fe.jar:1.2-SNAPSHOT]
	at org.apache.doris.nereids.glue.translator.PhysicalPlanTranslator.visitPhysicalTopN(PhysicalPlanTranslator.java:2199) ~[doris-fe.jar:1.2-SNAPSHOT]
	at org.apache.doris.nereids.glue.translator.PhysicalPlanTranslator.visitPhysicalTopN(PhysicalPlanTranslator.java:239) ~[doris-fe.jar:1.2-SNAPSHOT]
	at org.apache.doris.nereids.trees.plans.physical.PhysicalTopN.accept(PhysicalTopN.java:108) ~[doris-fe.jar:1.2-SNAPSHOT]
	at org.apache.doris.nereids.glue.translator.PhysicalPlanTranslator.visitPhysicalResultSink(PhysicalPlanTranslator.java:395) ~[doris-fe.jar:1.2-SNAPSHOT]
	at org.apache.doris.nereids.glue.translator.PhysicalPlanTranslator.visitPhysicalResultSink(PhysicalPlanTranslator.java:239) ~[doris-fe.jar:1.2-SNAPSHOT]
	at org.apache.doris.nereids.trees.plans.physical.PhysicalResultSink.accept(PhysicalResultSink.java:72) ~[doris-fe.jar:1.2-SNAPSHOT]
	at org.apache.doris.nereids.glue.translator.PhysicalPlanTranslator.translatePlan(PhysicalPlanTranslator.java:265) ~[doris-fe.jar:1.2-SNAPSHOT]
	at org.apache.doris.nereids.NereidsPlanner.splitFragments(NereidsPlanner.java:441) ~[doris-fe.jar:1.2-SNAPSHOT]
	at org.apache.doris.nereids.NereidsPlanner.distribute(NereidsPlanner.java:527) ~[doris-fe.jar:1.2-SNAPSHOT]
	at org.apache.doris.nereids.NereidsPlanner.lambda$plan$0(NereidsPlanner.java:149) ~[doris-fe.jar:1.2-SNAPSHOT]
	at org.apache.doris.nereids.NereidsPlanner.planWithLock(NereidsPlanner.java:225) ~[doris-fe.jar:1.2-SNAPSHOT]
	at org.apache.doris.nereids.NereidsPlanner.plan(NereidsPlanner.java:145) ~[doris-fe.jar:1.2-SNAPSHOT]
	at org.apache.doris.qe.StmtExecutor.executeInternalQuery(StmtExecutor.java:3431) ~[doris-fe.jar:1.2-SNAPSHOT]
	at org.apache.doris.statistics.util.StatisticsUtil.execStatisticQuery(StatisticsUtil.java:162) ~[doris-fe.jar:1.2-SNAPSHOT]
	at org.apache.doris.statistics.util.StatisticsUtil.execStatisticQuery(StatisticsUtil.java:143) ~[doris-fe.jar:1.2-SNAPSHOT]
	at org.apache.doris.statistics.StatisticsRepository.fetchRecentStatsUpdatedCol(StatisticsRepository.java:409) ~[doris-fe.jar:1.2-SNAPSHOT]
	at org.apache.doris.statistics.StatisticsCache.doPreHeat(StatisticsCache.java:231) ~[doris-fe.jar:1.2-SNAPSHOT]
	at java.util.concurrent.Executors$RunnableAdapter.call(Executors.java:539) ~[?:?]
	at java.util.concurrent.FutureTask.run(FutureTask.java:264) ~[?:?]
	at java.util.concurrent.ThreadPoolExecutor.runWorker(ThreadPoolExecutor.java:1136) ~[?:?]
	at java.util.concurrent.ThreadPoolExecutor$Worker.run(ThreadPoolExecutor.java:635) ~[?:?]
	at java.lang.Thread.run(Thread.java:840) ~[?:?]
Caused by: org.apache.doris.common.UserException: errCode = 2, detailMessage = tablet 1753689286923 has no queryable replicas. err: replica 1753689286924's backend 1753687783636 does not exist or not alive
	at org.apache.doris.planner.OlapScanNode.addScanRangeLocations(OlapScanNode.java:959) ~[doris-fe.jar:1.2-SNAPSHOT]
	at org.apache.doris.planner.OlapScanNode.computeTabletInfo(OlapScanNode.java:1226) ~[doris-fe.jar:1.2-SNAPSHOT]
	at org.apache.doris.planner.OlapScanNode.createScanRangeLocations(OlapScanNode.java:1047) ~[doris-fe.jar:1.2-SNAPSHOT]
	at org.apache.doris.planner.OlapScanNode.init(OlapScanNode.java:575) ~[doris-fe.jar:1.2-SNAPSHOT]
	at org.apache.doris.nereids.util.Utils.execWithUncheckedException(Utils.java:82) ~[doris-fe.jar:1.2-SNAPSHOT]
	... 37 more
RuntimeLogger 2025-07-31 07:02:11,701 WARN (UNKNOWN fe_607dc33c_920e_476d_afab_e4483fc2418f(-1)|189) [QeService.start():58] Help module failed. ignore it.
java.io.IOException: Can not find help zip file: help-resource.zip
	at org.apache.doris.qe.help.HelpModule.setUpModule(HelpModule.java:271) ~[doris-fe.jar:1.2-SNAPSHOT]
	at org.apache.doris.qe.QeService.start(QeService.java:56) ~[doris-fe.jar:1.2-SNAPSHOT]
	at org.apache.doris.DorisFE.start(DorisFE.java:222) ~[doris-fe.jar:1.2-SNAPSHOT]
	at org.apache.doris.DorisFE.main(DorisFE.java:97) ~[doris-fe.jar:1.2-SNAPSHOT]
RuntimeLogger 2025-07-31 07:02:12,639 WARN (mysql-nio-pool-0|189) [StmtExecutor.executeAndSendResult():2075] cancel fragment query_id:5a97290fa9e24c84-b0ead4b34f5e5ea5 cause errCode = 2, detailMessage = No backend available as scan node, please check the status of your backends.[1753687783636: not alive]
RuntimeLogger 2025-07-31 07:02:12,639 WARN (mysql-nio-pool-0|189) [Coordinator.cancel():1296] Cancel execution of query 5a97290fa9e24c84-b0ead4b34f5e5ea5, this is a outside invoke, cancelReason Status [errorCode=INTERNAL_ERROR, errorMsg=cancel fragment query_id:5a97290fa9e24c84-b0ead4b34f5e5ea5 cause errCode = 2, detailMessage = No backend available as scan node, please check the status of your backends.[1753687783636: not alive]]
RuntimeLogger 2025-07-31 07:02:12,639 WARN (mysql-nio-pool-0|189) [ConnectProcessor.handleQueryException():489] Process one query failed because.
org.apache.doris.common.UserException: errCode = 2, detailMessage = No backend available as scan node, please check the status of your backends.[1753687783636: not alive]
	at org.apache.doris.qe.SimpleScheduler.getHost(SimpleScheduler.java:297) ~[doris-fe.jar:1.2-SNAPSHOT]
	at org.apache.doris.qe.Coordinator.computeFragmentHosts(Coordinator.java:1761) ~[doris-fe.jar:1.2-SNAPSHOT]
	at org.apache.doris.qe.Coordinator.computeFragmentExecParams(Coordinator.java:1342) ~[doris-fe.jar:1.2-SNAPSHOT]
	at org.apache.doris.qe.Coordinator.processFragmentAssignmentAndParams(Coordinator.java:617) ~[doris-fe.jar:1.2-SNAPSHOT]
	at org.apache.doris.qe.Coordinator.execInternal(Coordinator.java:714) ~[doris-fe.jar:1.2-SNAPSHOT]
	at org.apache.doris.qe.Coordinator.exec(Coordinator.java:680) ~[doris-fe.jar:1.2-SNAPSHOT]
	at org.apache.doris.qe.StmtExecutor.executeAndSendResult(StmtExecutor.java:1969) ~[doris-fe.jar:1.2-SNAPSHOT]
	at org.apache.doris.qe.StmtExecutor.handleQueryStmt(StmtExecutor.java:1927) ~[doris-fe.jar:1.2-SNAPSHOT]
	at org.apache.doris.qe.StmtExecutor.handleQueryWithRetry(StmtExecutor.java:929) ~[doris-fe.jar:1.2-SNAPSHOT]
	at org.apache.doris.qe.StmtExecutor.executeByNereids(StmtExecutor.java:843) ~[doris-fe.jar:1.2-SNAPSHOT]
	at org.apache.doris.qe.StmtExecutor.execute(StmtExecutor.java:614) ~[doris-fe.jar:1.2-SNAPSHOT]
	at org.apache.doris.qe.StmtExecutor.queryRetry(StmtExecutor.java:576) ~[doris-fe.jar:1.2-SNAPSHOT]
	at org.apache.doris.qe.StmtExecutor.execute(StmtExecutor.java:561) ~[doris-fe.jar:1.2-SNAPSHOT]
	at org.apache.doris.qe.ConnectProcessor.executeQuery(ConnectProcessor.java:350) ~[doris-fe.jar:1.2-SNAPSHOT]
	at org.apache.doris.qe.ConnectProcessor.handleQuery(ConnectProcessor.java:250) ~[doris-fe.jar:1.2-SNAPSHOT]
	at org.apache.doris.qe.MysqlConnectProcessor.handleQuery(MysqlConnectProcessor.java:207) ~[doris-fe.jar:1.2-SNAPSHOT]
	at org.apache.doris.qe.MysqlConnectProcessor.dispatch(MysqlConnectProcessor.java:235) ~[doris-fe.jar:1.2-SNAPSHOT]
	at org.apache.doris.qe.MysqlConnectProcessor.processOnce(MysqlConnectProcessor.java:415) ~[doris-fe.jar:1.2-SNAPSHOT]
	at org.apache.doris.mysql.ReadListener.lambda$handleEvent$0(ReadListener.java:52) ~[doris-fe.jar:1.2-SNAPSHOT]
	at java.util.concurrent.ThreadPoolExecutor.runWorker(ThreadPoolExecutor.java:1136) ~[?:?]
	at java.util.concurrent.ThreadPoolExecutor$Worker.run(ThreadPoolExecutor.java:635) ~[?:?]
	at java.lang.Thread.run(Thread.java:840) ~[?:?]
RuntimeLogger 2025-07-31 07:02:12,639 WARN (mysql-nio-pool-0|189) [ConnectProcessor.handleQuery():254] execute query exception
org.apache.doris.common.UserException: errCode = 2, detailMessage = No backend available as scan node, please check the status of your backends.[1753687783636: not alive]
	at org.apache.doris.qe.SimpleScheduler.getHost(SimpleScheduler.java:297) ~[doris-fe.jar:1.2-SNAPSHOT]
	at org.apache.doris.qe.Coordinator.computeFragmentHosts(Coordinator.java:1761) ~[doris-fe.jar:1.2-SNAPSHOT]
	at org.apache.doris.qe.Coordinator.computeFragmentExecParams(Coordinator.java:1342) ~[doris-fe.jar:1.2-SNAPSHOT]
	at org.apache.doris.qe.Coordinator.processFragmentAssignmentAndParams(Coordinator.java:617) ~[doris-fe.jar:1.2-SNAPSHOT]
	at org.apache.doris.qe.Coordinator.execInternal(Coordinator.java:714) ~[doris-fe.jar:1.2-SNAPSHOT]
	at org.apache.doris.qe.Coordinator.exec(Coordinator.java:680) ~[doris-fe.jar:1.2-SNAPSHOT]
	at org.apache.doris.qe.StmtExecutor.executeAndSendResult(StmtExecutor.java:1969) ~[doris-fe.jar:1.2-SNAPSHOT]
	at org.apache.doris.qe.StmtExecutor.handleQueryStmt(StmtExecutor.java:1927) ~[doris-fe.jar:1.2-SNAPSHOT]
	at org.apache.doris.qe.StmtExecutor.handleQueryWithRetry(StmtExecutor.java:929) ~[doris-fe.jar:1.2-SNAPSHOT]
	at org.apache.doris.qe.StmtExecutor.executeByNereids(StmtExecutor.java:843) ~[doris-fe.jar:1.2-SNAPSHOT]
	at org.apache.doris.qe.StmtExecutor.execute(StmtExecutor.java:614) ~[doris-fe.jar:1.2-SNAPSHOT]
	at org.apache.doris.qe.StmtExecutor.queryRetry(StmtExecutor.java:576) ~[doris-fe.jar:1.2-SNAPSHOT]
	at org.apache.doris.qe.StmtExecutor.execute(StmtExecutor.java:561) ~[doris-fe.jar:1.2-SNAPSHOT]
	at org.apache.doris.qe.ConnectProcessor.executeQuery(ConnectProcessor.java:350) ~[doris-fe.jar:1.2-SNAPSHOT]
	at org.apache.doris.qe.ConnectProcessor.handleQuery(ConnectProcessor.java:250) ~[doris-fe.jar:1.2-SNAPSHOT]
	at org.apache.doris.qe.MysqlConnectProcessor.handleQuery(MysqlConnectProcessor.java:207) ~[doris-fe.jar:1.2-SNAPSHOT]
	at org.apache.doris.qe.MysqlConnectProcessor.dispatch(MysqlConnectProcessor.java:235) ~[doris-fe.jar:1.2-SNAPSHOT]
	at org.apache.doris.qe.MysqlConnectProcessor.processOnce(MysqlConnectProcessor.java:415) ~[doris-fe.jar:1.2-SNAPSHOT]
	at org.apache.doris.mysql.ReadListener.lambda$handleEvent$0(ReadListener.java:52) ~[doris-fe.jar:1.2-SNAPSHOT]
	at java.util.concurrent.ThreadPoolExecutor.runWorker(ThreadPoolExecutor.java:1136) ~[?:?]
	at java.util.concurrent.ThreadPoolExecutor$Worker.run(ThreadPoolExecutor.java:635) ~[?:?]
	at java.lang.Thread.run(Thread.java:840) ~[?:?]
RuntimeLogger 2025-07-31 07:02:12,707 WARN (mysql-nio-pool-0|189) [StmtExecutor.executeAndSendResult():2075] cancel fragment query_id:961db71a5d6744d4-af8a88ce7a1a7a71 cause errCode = 2, detailMessage = No backend available as scan node, please check the status of your backends.[1753687783636: not alive]
RuntimeLogger 2025-07-31 07:02:12,707 WARN (mysql-nio-pool-0|189) [Coordinator.cancel():1296] Cancel execution of query 961db71a5d6744d4-af8a88ce7a1a7a71, this is a outside invoke, cancelReason Status [errorCode=INTERNAL_ERROR, errorMsg=cancel fragment query_id:961db71a5d6744d4-af8a88ce7a1a7a71 cause errCode = 2, detailMessage = No backend available as scan node, please check the status of your backends.[1753687783636: not alive]]
RuntimeLogger 2025-07-31 07:02:12,707 WARN (mysql-nio-pool-0|189) [ConnectProcessor.handleQueryException():489] Process one query failed because.
org.apache.doris.common.UserException: errCode = 2, detailMessage = No backend available as scan node, please check the status of your backends.[1753687783636: not alive]
	at org.apache.doris.qe.SimpleScheduler.getHost(SimpleScheduler.java:297) ~[doris-fe.jar:1.2-SNAPSHOT]
	at org.apache.doris.qe.Coordinator.computeFragmentHosts(Coordinator.java:1761) ~[doris-fe.jar:1.2-SNAPSHOT]
	at org.apache.doris.qe.Coordinator.computeFragmentExecParams(Coordinator.java:1342) ~[doris-fe.jar:1.2-SNAPSHOT]
	at org.apache.doris.qe.Coordinator.processFragmentAssignmentAndParams(Coordinator.java:617) ~[doris-fe.jar:1.2-SNAPSHOT]
	at org.apache.doris.qe.Coordinator.execInternal(Coordinator.java:714) ~[doris-fe.jar:1.2-SNAPSHOT]
	at org.apache.doris.qe.Coordinator.exec(Coordinator.java:680) ~[doris-fe.jar:1.2-SNAPSHOT]
	at org.apache.doris.qe.StmtExecutor.executeAndSendResult(StmtExecutor.java:1969) ~[doris-fe.jar:1.2-SNAPSHOT]
	at org.apache.doris.qe.StmtExecutor.handleQueryStmt(StmtExecutor.java:1927) ~[doris-fe.jar:1.2-SNAPSHOT]
	at org.apache.doris.qe.StmtExecutor.handleQueryWithRetry(StmtExecutor.java:929) ~[doris-fe.jar:1.2-SNAPSHOT]
	at org.apache.doris.qe.StmtExecutor.executeByNereids(StmtExecutor.java:843) ~[doris-fe.jar:1.2-SNAPSHOT]
	at org.apache.doris.qe.StmtExecutor.execute(StmtExecutor.java:614) ~[doris-fe.jar:1.2-SNAPSHOT]
	at org.apache.doris.qe.StmtExecutor.queryRetry(StmtExecutor.java:576) ~[doris-fe.jar:1.2-SNAPSHOT]
	at org.apache.doris.qe.StmtExecutor.execute(StmtExecutor.java:561) ~[doris-fe.jar:1.2-SNAPSHOT]
	at org.apache.doris.qe.ConnectProcessor.executeQuery(ConnectProcessor.java:350) ~[doris-fe.jar:1.2-SNAPSHOT]
	at org.apache.doris.qe.ConnectProcessor.handleQuery(ConnectProcessor.java:250) ~[doris-fe.jar:1.2-SNAPSHOT]
	at org.apache.doris.qe.MysqlConnectProcessor.handleQuery(MysqlConnectProcessor.java:207) ~[doris-fe.jar:1.2-SNAPSHOT]
	at org.apache.doris.qe.MysqlConnectProcessor.dispatch(MysqlConnectProcessor.java:235) ~[doris-fe.jar:1.2-SNAPSHOT]
	at org.apache.doris.qe.MysqlConnectProcessor.processOnce(MysqlConnectProcessor.java:415) ~[doris-fe.jar:1.2-SNAPSHOT]
	at org.apache.doris.mysql.ReadListener.lambda$handleEvent$0(ReadListener.java:52) ~[doris-fe.jar:1.2-SNAPSHOT]
	at java.util.concurrent.ThreadPoolExecutor.runWorker(ThreadPoolExecutor.java:1136) ~[?:?]
	at java.util.concurrent.ThreadPoolExecutor$Worker.run(ThreadPoolExecutor.java:635) ~[?:?]
	at java.lang.Thread.run(Thread.java:840) ~[?:?]
RuntimeLogger 2025-07-31 07:02:12,707 WARN (mysql-nio-pool-0|189) [ConnectProcessor.handleQuery():254] execute query exception
org.apache.doris.common.UserException: errCode = 2, detailMessage = No backend available as scan node, please check the status of your backends.[1753687783636: not alive]
	at org.apache.doris.qe.SimpleScheduler.getHost(SimpleScheduler.java:297) ~[doris-fe.jar:1.2-SNAPSHOT]
	at org.apache.doris.qe.Coordinator.computeFragmentHosts(Coordinator.java:1761) ~[doris-fe.jar:1.2-SNAPSHOT]
	at org.apache.doris.qe.Coordinator.computeFragmentExecParams(Coordinator.java:1342) ~[doris-fe.jar:1.2-SNAPSHOT]
	at org.apache.doris.qe.Coordinator.processFragmentAssignmentAndParams(Coordinator.java:617) ~[doris-fe.jar:1.2-SNAPSHOT]
	at org.apache.doris.qe.Coordinator.execInternal(Coordinator.java:714) ~[doris-fe.jar:1.2-SNAPSHOT]
	at org.apache.doris.qe.Coordinator.exec(Coordinator.java:680) ~[doris-fe.jar:1.2-SNAPSHOT]
	at org.apache.doris.qe.StmtExecutor.executeAndSendResult(StmtExecutor.java:1969) ~[doris-fe.jar:1.2-SNAPSHOT]
	at org.apache.doris.qe.StmtExecutor.handleQueryStmt(StmtExecutor.java:1927) ~[doris-fe.jar:1.2-SNAPSHOT]
	at org.apache.doris.qe.StmtExecutor.handleQueryWithRetry(StmtExecutor.java:929) ~[doris-fe.jar:1.2-SNAPSHOT]
	at org.apache.doris.qe.StmtExecutor.executeByNereids(StmtExecutor.java:843) ~[doris-fe.jar:1.2-SNAPSHOT]
	at org.apache.doris.qe.StmtExecutor.execute(StmtExecutor.java:614) ~[doris-fe.jar:1.2-SNAPSHOT]
	at org.apache.doris.qe.StmtExecutor.queryRetry(StmtExecutor.java:576) ~[doris-fe.jar:1.2-SNAPSHOT]
	at org.apache.doris.qe.StmtExecutor.execute(StmtExecutor.java:561) ~[doris-fe.jar:1.2-SNAPSHOT]
	at org.apache.doris.qe.ConnectProcessor.executeQuery(ConnectProcessor.java:350) ~[doris-fe.jar:1.2-SNAPSHOT]
	at org.apache.doris.qe.ConnectProcessor.handleQuery(ConnectProcessor.java:250) ~[doris-fe.jar:1.2-SNAPSHOT]
	at org.apache.doris.qe.MysqlConnectProcessor.handleQuery(MysqlConnectProcessor.java:207) ~[doris-fe.jar:1.2-SNAPSHOT]
	at org.apache.doris.qe.MysqlConnectProcessor.dispatch(MysqlConnectProcessor.java:235) ~[doris-fe.jar:1.2-SNAPSHOT]
	at org.apache.doris.qe.MysqlConnectProcessor.processOnce(MysqlConnectProcessor.java:415) ~[doris-fe.jar:1.2-SNAPSHOT]
	at org.apache.doris.mysql.ReadListener.lambda$handleEvent$0(ReadListener.java:52) ~[doris-fe.jar:1.2-SNAPSHOT]
	at java.util.concurrent.ThreadPoolExecutor.runWorker(ThreadPoolExecutor.java:1136) ~[?:?]
	at java.util.concurrent.ThreadPoolExecutor$Worker.run(ThreadPoolExecutor.java:635) ~[?:?]
	at java.lang.Thread.run(Thread.java:840) ~[?:?]
RuntimeLogger 2025-07-31 07:02:12,714 WARN (mysql-nio-pool-0|189) [StmtExecutor.executeAndSendResult():2075] cancel fragment query_id:3a79bd150a86413f-b50b34d9d70f4df5 cause errCode = 2, detailMessage = No backend available as scan node, please check the status of your backends.[1753687783636: not alive]
RuntimeLogger 2025-07-31 07:02:12,714 WARN (mysql-nio-pool-0|189) [Coordinator.cancel():1296] Cancel execution of query 3a79bd150a86413f-b50b34d9d70f4df5, this is a outside invoke, cancelReason Status [errorCode=INTERNAL_ERROR, errorMsg=cancel fragment query_id:3a79bd150a86413f-b50b34d9d70f4df5 cause errCode = 2, detailMessage = No backend available as scan node, please check the status of your backends.[1753687783636: not alive]]
RuntimeLogger 2025-07-31 07:02:12,714 WARN (mysql-nio-pool-0|189) [ConnectProcessor.handleQueryException():489] Process one query failed because.
org.apache.doris.common.UserException: errCode = 2, detailMessage = No backend available as scan node, please check the status of your backends.[1753687783636: not alive]
	at org.apache.doris.qe.SimpleScheduler.getHost(SimpleScheduler.java:297) ~[doris-fe.jar:1.2-SNAPSHOT]
	at org.apache.doris.qe.Coordinator.computeFragmentHosts(Coordinator.java:1761) ~[doris-fe.jar:1.2-SNAPSHOT]
	at org.apache.doris.qe.Coordinator.computeFragmentExecParams(Coordinator.java:1342) ~[doris-fe.jar:1.2-SNAPSHOT]
	at org.apache.doris.qe.Coordinator.processFragmentAssignmentAndParams(Coordinator.java:617) ~[doris-fe.jar:1.2-SNAPSHOT]
	at org.apache.doris.qe.Coordinator.execInternal(Coordinator.java:714) ~[doris-fe.jar:1.2-SNAPSHOT]
	at org.apache.doris.qe.Coordinator.exec(Coordinator.java:680) ~[doris-fe.jar:1.2-SNAPSHOT]
	at org.apache.doris.qe.StmtExecutor.executeAndSendResult(StmtExecutor.java:1969) ~[doris-fe.jar:1.2-SNAPSHOT]
	at org.apache.doris.qe.StmtExecutor.handleQueryStmt(StmtExecutor.java:1927) ~[doris-fe.jar:1.2-SNAPSHOT]
	at org.apache.doris.qe.StmtExecutor.handleQueryWithRetry(StmtExecutor.java:929) ~[doris-fe.jar:1.2-SNAPSHOT]
	at org.apache.doris.qe.StmtExecutor.executeByNereids(StmtExecutor.java:843) ~[doris-fe.jar:1.2-SNAPSHOT]
	at org.apache.doris.qe.StmtExecutor.execute(StmtExecutor.java:614) ~[doris-fe.jar:1.2-SNAPSHOT]
	at org.apache.doris.qe.StmtExecutor.queryRetry(StmtExecutor.java:576) ~[doris-fe.jar:1.2-SNAPSHOT]
	at org.apache.doris.qe.StmtExecutor.execute(StmtExecutor.java:561) ~[doris-fe.jar:1.2-SNAPSHOT]
	at org.apache.doris.qe.ConnectProcessor.executeQuery(ConnectProcessor.java:350) ~[doris-fe.jar:1.2-SNAPSHOT]
	at org.apache.doris.qe.ConnectProcessor.handleQuery(ConnectProcessor.java:250) ~[doris-fe.jar:1.2-SNAPSHOT]
	at org.apache.doris.qe.MysqlConnectProcessor.handleQuery(MysqlConnectProcessor.java:207) ~[doris-fe.jar:1.2-SNAPSHOT]
	at org.apache.doris.qe.MysqlConnectProcessor.dispatch(MysqlConnectProcessor.java:235) ~[doris-fe.jar:1.2-SNAPSHOT]
	at org.apache.doris.qe.MysqlConnectProcessor.processOnce(MysqlConnectProcessor.java:415) ~[doris-fe.jar:1.2-SNAPSHOT]
	at org.apache.doris.mysql.ReadListener.lambda$handleEvent$0(ReadListener.java:52) ~[doris-fe.jar:1.2-SNAPSHOT]
	at java.util.concurrent.ThreadPoolExecutor.runWorker(ThreadPoolExecutor.java:1136) ~[?:?]
	at java.util.concurrent.ThreadPoolExecutor$Worker.run(ThreadPoolExecutor.java:635) ~[?:?]
	at java.lang.Thread.run(Thread.java:840) ~[?:?]
RuntimeLogger 2025-07-31 07:02:12,714 WARN (mysql-nio-pool-0|189) [ConnectProcessor.handleQuery():254] execute query exception
org.apache.doris.common.UserException: errCode = 2, detailMessage = No backend available as scan node, please check the status of your backends.[1753687783636: not alive]
	at org.apache.doris.qe.SimpleScheduler.getHost(SimpleScheduler.java:297) ~[doris-fe.jar:1.2-SNAPSHOT]
	at org.apache.doris.qe.Coordinator.computeFragmentHosts(Coordinator.java:1761) ~[doris-fe.jar:1.2-SNAPSHOT]
	at org.apache.doris.qe.Coordinator.computeFragmentExecParams(Coordinator.java:1342) ~[doris-fe.jar:1.2-SNAPSHOT]
	at org.apache.doris.qe.Coordinator.processFragmentAssignmentAndParams(Coordinator.java:617) ~[doris-fe.jar:1.2-SNAPSHOT]
	at org.apache.doris.qe.Coordinator.execInternal(Coordinator.java:714) ~[doris-fe.jar:1.2-SNAPSHOT]
	at org.apache.doris.qe.Coordinator.exec(Coordinator.java:680) ~[doris-fe.jar:1.2-SNAPSHOT]
	at org.apache.doris.qe.StmtExecutor.executeAndSendResult(StmtExecutor.java:1969) ~[doris-fe.jar:1.2-SNAPSHOT]
	at org.apache.doris.qe.StmtExecutor.handleQueryStmt(StmtExecutor.java:1927) ~[doris-fe.jar:1.2-SNAPSHOT]
	at org.apache.doris.qe.StmtExecutor.handleQueryWithRetry(StmtExecutor.java:929) ~[doris-fe.jar:1.2-SNAPSHOT]
	at org.apache.doris.qe.StmtExecutor.executeByNereids(StmtExecutor.java:843) ~[doris-fe.jar:1.2-SNAPSHOT]
	at org.apache.doris.qe.StmtExecutor.execute(StmtExecutor.java:614) ~[doris-fe.jar:1.2-SNAPSHOT]
	at org.apache.doris.qe.StmtExecutor.queryRetry(StmtExecutor.java:576) ~[doris-fe.jar:1.2-SNAPSHOT]
	at org.apache.doris.qe.StmtExecutor.execute(StmtExecutor.java:561) ~[doris-fe.jar:1.2-SNAPSHOT]
	at org.apache.doris.qe.ConnectProcessor.executeQuery(ConnectProcessor.java:350) ~[doris-fe.jar:1.2-SNAPSHOT]
	at org.apache.doris.qe.ConnectProcessor.handleQuery(ConnectProcessor.java:250) ~[doris-fe.jar:1.2-SNAPSHOT]
	at org.apache.doris.qe.MysqlConnectProcessor.handleQuery(MysqlConnectProcessor.java:207) ~[doris-fe.jar:1.2-SNAPSHOT]
	at org.apache.doris.qe.MysqlConnectProcessor.dispatch(MysqlConnectProcessor.java:235) ~[doris-fe.jar:1.2-SNAPSHOT]
	at org.apache.doris.qe.MysqlConnectProcessor.processOnce(MysqlConnectProcessor.java:415) ~[doris-fe.jar:1.2-SNAPSHOT]
	at org.apache.doris.mysql.ReadListener.lambda$handleEvent$0(ReadListener.java:52) ~[doris-fe.jar:1.2-SNAPSHOT]
	at java.util.concurrent.ThreadPoolExecutor.runWorker(ThreadPoolExecutor.java:1136) ~[?:?]
	at java.util.concurrent.ThreadPoolExecutor$Worker.run(ThreadPoolExecutor.java:635) ~[?:?]
	at java.lang.Thread.run(Thread.java:840) ~[?:?]
RuntimeLogger 2025-07-31 07:02:19,575 WARN (heartbeat-mgr-pool-2|189) [HeartbeatMgr$BackendHeartbeatHandler.pingOnce():334] backend heartbeat got exception
org.apache.thrift.transport.TTransportException: java.net.ConnectException: Connection refused
	at org.apache.thrift.transport.TSocket.open(TSocket.java:255) ~[libthrift-0.16.0.jar:0.16.0]
	at org.apache.doris.common.GenericPool$ThriftClientFactory.create(GenericPool.java:143) ~[doris-fe.jar:1.2-SNAPSHOT]
	at org.apache.doris.common.GenericPool$ThriftClientFactory.create(GenericPool.java:126) ~[doris-fe.jar:1.2-SNAPSHOT]
	at org.apache.commons.pool2.BaseKeyedPooledObjectFactory.makeObject(BaseKeyedPooledObjectFactory.java:62) ~[commons-pool2-2.2.jar:2.2]
	at org.apache.commons.pool2.impl.GenericKeyedObjectPool.create(GenericKeyedObjectPool.java:1012) ~[commons-pool2-2.2.jar:2.2]
	at org.apache.commons.pool2.impl.GenericKeyedObjectPool.borrowObject(GenericKeyedObjectPool.java:356) ~[commons-pool2-2.2.jar:2.2]
	at org.apache.commons.pool2.impl.GenericKeyedObjectPool.borrowObject(GenericKeyedObjectPool.java:277) ~[commons-pool2-2.2.jar:2.2]
	at org.apache.doris.common.GenericPool.borrowObject(GenericPool.java:95) ~[doris-fe.jar:1.2-SNAPSHOT]
	at org.apache.doris.system.HeartbeatMgr$BackendHeartbeatHandler.pingOnce(HeartbeatMgr.java:270) ~[doris-fe.jar:1.2-SNAPSHOT]
	at org.apache.doris.system.HeartbeatMgr$BackendHeartbeatHandler.call(HeartbeatMgr.java:241) ~[doris-fe.jar:1.2-SNAPSHOT]
	at org.apache.doris.system.HeartbeatMgr$BackendHeartbeatHandler.call(HeartbeatMgr.java:230) ~[doris-fe.jar:1.2-SNAPSHOT]
	at java.util.concurrent.FutureTask.run(FutureTask.java:264) ~[?:?]
	at java.util.concurrent.ThreadPoolExecutor.runWorker(ThreadPoolExecutor.java:1136) ~[?:?]
	at java.util.concurrent.ThreadPoolExecutor$Worker.run(ThreadPoolExecutor.java:635) ~[?:?]
	at java.lang.Thread.run(Thread.java:840) ~[?:?]
Caused by: java.net.ConnectException: Connection refused
	at sun.nio.ch.Net.pollConnect(Native Method) ~[?:?]
	at sun.nio.ch.Net.pollConnectNow(Net.java:672) ~[?:?]
	at sun.nio.ch.NioSocketImpl.timedFinishConnect(NioSocketImpl.java:547) ~[?:?]
	at sun.nio.ch.NioSocketImpl.connect(NioSocketImpl.java:602) ~[?:?]
	at java.net.SocksSocketImpl.connect(SocksSocketImpl.java:327) ~[?:?]
	at java.net.Socket.connect(Socket.java:633) ~[?:?]
	at org.apache.thrift.transport.TSocket.open(TSocket.java:250) ~[libthrift-0.16.0.jar:0.16.0]
	... 14 more
RuntimeLogger 2025-07-31 07:02:19,640 WARN (heartbeat-mgr-pool-2|189) [HeartbeatMgr$BackendHeartbeatHandler.pingOnce():334] backend heartbeat got exception
org.apache.thrift.transport.TTransportException: java.net.ConnectException: Connection refused
	at org.apache.thrift.transport.TSocket.open(TSocket.java:255) ~[libthrift-0.16.0.jar:0.16.0]
	at org.apache.doris.common.GenericPool$ThriftClientFactory.create(GenericPool.java:143) ~[doris-fe.jar:1.2-SNAPSHOT]
	at org.apache.doris.common.GenericPool$ThriftClientFactory.create(GenericPool.java:126) ~[doris-fe.jar:1.2-SNAPSHOT]
	at org.apache.commons.pool2.BaseKeyedPooledObjectFactory.makeObject(BaseKeyedPooledObjectFactory.java:62) ~[commons-pool2-2.2.jar:2.2]
	at org.apache.commons.pool2.impl.GenericKeyedObjectPool.create(GenericKeyedObjectPool.java:1012) ~[commons-pool2-2.2.jar:2.2]
	at org.apache.commons.pool2.impl.GenericKeyedObjectPool.borrowObject(GenericKeyedObjectPool.java:356) ~[commons-pool2-2.2.jar:2.2]
	at org.apache.commons.pool2.impl.GenericKeyedObjectPool.borrowObject(GenericKeyedObjectPool.java:277) ~[commons-pool2-2.2.jar:2.2]
	at org.apache.doris.common.GenericPool.borrowObject(GenericPool.java:95) ~[doris-fe.jar:1.2-SNAPSHOT]
	at org.apache.doris.system.HeartbeatMgr$BackendHeartbeatHandler.pingOnce(HeartbeatMgr.java:270) ~[doris-fe.jar:1.2-SNAPSHOT]
	at org.apache.doris.system.HeartbeatMgr$BackendHeartbeatHandler.call(HeartbeatMgr.java:244) ~[doris-fe.jar:1.2-SNAPSHOT]
	at org.apache.doris.system.HeartbeatMgr$BackendHeartbeatHandler.call(HeartbeatMgr.java:230) ~[doris-fe.jar:1.2-SNAPSHOT]
	at java.util.concurrent.FutureTask.run(FutureTask.java:264) ~[?:?]
	at java.util.concurrent.ThreadPoolExecutor.runWorker(ThreadPoolExecutor.java:1136) ~[?:?]
	at java.util.concurrent.ThreadPoolExecutor$Worker.run(ThreadPoolExecutor.java:635) ~[?:?]
	at java.lang.Thread.run(Thread.java:840) ~[?:?]
Caused by: java.net.ConnectException: Connection refused
	at sun.nio.ch.Net.pollConnect(Native Method) ~[?:?]
	at sun.nio.ch.Net.pollConnectNow(Net.java:672) ~[?:?]
	at sun.nio.ch.NioSocketImpl.timedFinishConnect(NioSocketImpl.java:547) ~[?:?]
	at sun.nio.ch.NioSocketImpl.connect(NioSocketImpl.java:602) ~[?:?]
	at java.net.SocksSocketImpl.connect(SocksSocketImpl.java:327) ~[?:?]
	at java.net.Socket.connect(Socket.java:633) ~[?:?]
	at org.apache.thrift.transport.TSocket.open(TSocket.java:250) ~[libthrift-0.16.0.jar:0.16.0]
	... 14 more
RuntimeLogger 2025-07-31 07:02:19,786 WARN (heartbeat mgr|189) [HeartbeatMgr.runAfterCatalogReady():158] get bad heartbeat response: type: BACKEND, status: BAD, msg: java.net.ConnectException: Connection refused, beId: 1753687783636, beHost: 172.20.80.3, bePort: 0, httpPort: 0, brpcPort: 0, arrowFlightSqlPort: 0
RuntimeLogger 2025-07-31 07:02:26,326 WARN (STATS_FETCH-0|189) [StmtExecutor.executeInternalQuery():3433] Failed to run internal SQL: OriginStatement{originStmt='SELECT * FROM __internal_schema.column_statistics WHERE part_id is NULL  ORDER BY update_time DESC LIMIT 500000', idx=0}
java.lang.RuntimeException: errCode = 2, detailMessage = tablet 1753689286923 has no queryable replicas. err: replica 1753689286924's backend 1753687783636 does not exist or not alive
	at org.apache.doris.nereids.util.Utils.execWithUncheckedException(Utils.java:84) ~[doris-fe.jar:1.2-SNAPSHOT]
	at org.apache.doris.nereids.glue.translator.PhysicalPlanTranslator.visitPhysicalOlapScan(PhysicalPlanTranslator.java:801) ~[doris-fe.jar:1.2-SNAPSHOT]
	at org.apache.doris.nereids.glue.translator.PhysicalPlanTranslator.visitPhysicalOlapScan(PhysicalPlanTranslator.java:239) ~[doris-fe.jar:1.2-SNAPSHOT]
	at org.apache.doris.nereids.trees.plans.physical.PhysicalOlapScan.accept(PhysicalOlapScan.java:168) ~[doris-fe.jar:1.2-SNAPSHOT]
	at org.apache.doris.nereids.glue.translator.PhysicalPlanTranslator.visitPhysicalFilter(PhysicalPlanTranslator.java:1242) ~[doris-fe.jar:1.2-SNAPSHOT]
	at org.apache.doris.nereids.glue.translator.PhysicalPlanTranslator.visitPhysicalFilter(PhysicalPlanTranslator.java:239) ~[doris-fe.jar:1.2-SNAPSHOT]
	at org.apache.doris.nereids.trees.plans.physical.PhysicalFilter.accept(PhysicalFilter.java:103) ~[doris-fe.jar:1.2-SNAPSHOT]
	at org.apache.doris.nereids.glue.translator.PhysicalPlanTranslator.visitPhysicalProject(PhysicalPlanTranslator.java:1909) ~[doris-fe.jar:1.2-SNAPSHOT]
	at org.apache.doris.nereids.glue.translator.PhysicalPlanTranslator.visitPhysicalProject(PhysicalPlanTranslator.java:239) ~[doris-fe.jar:1.2-SNAPSHOT]
	at org.apache.doris.nereids.trees.plans.physical.PhysicalProject.accept(PhysicalProject.java:136) ~[doris-fe.jar:1.2-SNAPSHOT]
	at org.apache.doris.nereids.glue.translator.PhysicalPlanTranslator.visitPhysicalTopN(PhysicalPlanTranslator.java:2199) ~[doris-fe.jar:1.2-SNAPSHOT]
	at org.apache.doris.nereids.glue.translator.PhysicalPlanTranslator.visitPhysicalTopN(PhysicalPlanTranslator.java:239) ~[doris-fe.jar:1.2-SNAPSHOT]
	at org.apache.doris.nereids.trees.plans.physical.PhysicalTopN.accept(PhysicalTopN.java:108) ~[doris-fe.jar:1.2-SNAPSHOT]
	at org.apache.doris.nereids.glue.translator.PhysicalPlanTranslator.visitPhysicalDistribute(PhysicalPlanTranslator.java:301) ~[doris-fe.jar:1.2-SNAPSHOT]
	at org.apache.doris.nereids.glue.translator.PhysicalPlanTranslator.visitPhysicalDistribute(PhysicalPlanTranslator.java:239) ~[doris-fe.jar:1.2-SNAPSHOT]
	at org.apache.doris.nereids.trees.plans.physical.PhysicalDistribute.accept(PhysicalDistribute.java:87) ~[doris-fe.jar:1.2-SNAPSHOT]
	at org.apache.doris.nereids.glue.translator.PhysicalPlanTranslator.visitPhysicalTopN(PhysicalPlanTranslator.java:2199) ~[doris-fe.jar:1.2-SNAPSHOT]
	at org.apache.doris.nereids.glue.translator.PhysicalPlanTranslator.visitPhysicalTopN(PhysicalPlanTranslator.java:239) ~[doris-fe.jar:1.2-SNAPSHOT]
	at org.apache.doris.nereids.trees.plans.physical.PhysicalTopN.accept(PhysicalTopN.java:108) ~[doris-fe.jar:1.2-SNAPSHOT]
	at org.apache.doris.nereids.glue.translator.PhysicalPlanTranslator.visitPhysicalResultSink(PhysicalPlanTranslator.java:395) ~[doris-fe.jar:1.2-SNAPSHOT]
	at org.apache.doris.nereids.glue.translator.PhysicalPlanTranslator.visitPhysicalResultSink(PhysicalPlanTranslator.java:239) ~[doris-fe.jar:1.2-SNAPSHOT]
	at org.apache.doris.nereids.trees.plans.physical.PhysicalResultSink.accept(PhysicalResultSink.java:72) ~[doris-fe.jar:1.2-SNAPSHOT]
	at org.apache.doris.nereids.glue.translator.PhysicalPlanTranslator.translatePlan(PhysicalPlanTranslator.java:265) ~[doris-fe.jar:1.2-SNAPSHOT]
	at org.apache.doris.nereids.NereidsPlanner.splitFragments(NereidsPlanner.java:441) ~[doris-fe.jar:1.2-SNAPSHOT]
	at org.apache.doris.nereids.NereidsPlanner.distribute(NereidsPlanner.java:527) ~[doris-fe.jar:1.2-SNAPSHOT]
	at org.apache.doris.nereids.NereidsPlanner.lambda$plan$0(NereidsPlanner.java:149) ~[doris-fe.jar:1.2-SNAPSHOT]
	at org.apache.doris.nereids.NereidsPlanner.planWithLock(NereidsPlanner.java:225) ~[doris-fe.jar:1.2-SNAPSHOT]
	at org.apache.doris.nereids.NereidsPlanner.plan(NereidsPlanner.java:145) ~[doris-fe.jar:1.2-SNAPSHOT]
	at org.apache.doris.qe.StmtExecutor.executeInternalQuery(StmtExecutor.java:3431) ~[doris-fe.jar:1.2-SNAPSHOT]
	at org.apache.doris.statistics.util.StatisticsUtil.execStatisticQuery(StatisticsUtil.java:162) ~[doris-fe.jar:1.2-SNAPSHOT]
	at org.apache.doris.statistics.util.StatisticsUtil.execStatisticQuery(StatisticsUtil.java:143) ~[doris-fe.jar:1.2-SNAPSHOT]
	at org.apache.doris.statistics.StatisticsRepository.fetchRecentStatsUpdatedCol(StatisticsRepository.java:409) ~[doris-fe.jar:1.2-SNAPSHOT]
	at org.apache.doris.statistics.StatisticsCache.doPreHeat(StatisticsCache.java:231) ~[doris-fe.jar:1.2-SNAPSHOT]
	at java.util.concurrent.Executors$RunnableAdapter.call(Executors.java:539) ~[?:?]
	at java.util.concurrent.FutureTask.run(FutureTask.java:264) ~[?:?]
	at java.util.concurrent.ThreadPoolExecutor.runWorker(ThreadPoolExecutor.java:1136) ~[?:?]
	at java.util.concurrent.ThreadPoolExecutor$Worker.run(ThreadPoolExecutor.java:635) ~[?:?]
	at java.lang.Thread.run(Thread.java:840) ~[?:?]
Caused by: org.apache.doris.common.UserException: errCode = 2, detailMessage = tablet 1753689286923 has no queryable replicas. err: replica 1753689286924's backend 1753687783636 does not exist or not alive
	at org.apache.doris.planner.OlapScanNode.addScanRangeLocations(OlapScanNode.java:959) ~[doris-fe.jar:1.2-SNAPSHOT]
	at org.apache.doris.planner.OlapScanNode.computeTabletInfo(OlapScanNode.java:1226) ~[doris-fe.jar:1.2-SNAPSHOT]
	at org.apache.doris.planner.OlapScanNode.createScanRangeLocations(OlapScanNode.java:1047) ~[doris-fe.jar:1.2-SNAPSHOT]
	at org.apache.doris.planner.OlapScanNode.init(OlapScanNode.java:575) ~[doris-fe.jar:1.2-SNAPSHOT]
	at org.apache.doris.nereids.util.Utils.execWithUncheckedException(Utils.java:82) ~[doris-fe.jar:1.2-SNAPSHOT]
	... 37 more
RuntimeLogger 2025-07-31 07:02:30,400 WARN (heartbeat-mgr-pool-4|189) [HeartbeatMgr$BackendHeartbeatHandler.pingOnce():334] backend heartbeat got exception
org.apache.thrift.transport.TTransportException: java.net.ConnectException: Connection refused
	at org.apache.thrift.transport.TSocket.open(TSocket.java:255) ~[libthrift-0.16.0.jar:0.16.0]
	at org.apache.doris.common.GenericPool$ThriftClientFactory.create(GenericPool.java:143) ~[doris-fe.jar:1.2-SNAPSHOT]
	at org.apache.doris.common.GenericPool$ThriftClientFactory.create(GenericPool.java:126) ~[doris-fe.jar:1.2-SNAPSHOT]
	at org.apache.commons.pool2.BaseKeyedPooledObjectFactory.makeObject(BaseKeyedPooledObjectFactory.java:62) ~[commons-pool2-2.2.jar:2.2]
	at org.apache.commons.pool2.impl.GenericKeyedObjectPool.create(GenericKeyedObjectPool.java:1012) ~[commons-pool2-2.2.jar:2.2]
	at org.apache.commons.pool2.impl.GenericKeyedObjectPool.borrowObject(GenericKeyedObjectPool.java:356) ~[commons-pool2-2.2.jar:2.2]
	at org.apache.commons.pool2.impl.GenericKeyedObjectPool.borrowObject(GenericKeyedObjectPool.java:277) ~[commons-pool2-2.2.jar:2.2]
	at org.apache.doris.common.GenericPool.borrowObject(GenericPool.java:95) ~[doris-fe.jar:1.2-SNAPSHOT]
	at org.apache.doris.system.HeartbeatMgr$BackendHeartbeatHandler.pingOnce(HeartbeatMgr.java:270) ~[doris-fe.jar:1.2-SNAPSHOT]
	at org.apache.doris.system.HeartbeatMgr$BackendHeartbeatHandler.call(HeartbeatMgr.java:241) ~[doris-fe.jar:1.2-SNAPSHOT]
	at org.apache.doris.system.HeartbeatMgr$BackendHeartbeatHandler.call(HeartbeatMgr.java:230) ~[doris-fe.jar:1.2-SNAPSHOT]
	at java.util.concurrent.FutureTask.run(FutureTask.java:264) ~[?:?]
	at java.util.concurrent.ThreadPoolExecutor.runWorker(ThreadPoolExecutor.java:1136) ~[?:?]
	at java.util.concurrent.ThreadPoolExecutor$Worker.run(ThreadPoolExecutor.java:635) ~[?:?]
	at java.lang.Thread.run(Thread.java:840) ~[?:?]
Caused by: java.net.ConnectException: Connection refused
	at sun.nio.ch.Net.pollConnect(Native Method) ~[?:?]
	at sun.nio.ch.Net.pollConnectNow(Net.java:672) ~[?:?]
	at sun.nio.ch.NioSocketImpl.timedFinishConnect(NioSocketImpl.java:547) ~[?:?]
	at sun.nio.ch.NioSocketImpl.connect(NioSocketImpl.java:602) ~[?:?]
	at java.net.SocksSocketImpl.connect(SocksSocketImpl.java:327) ~[?:?]
	at java.net.Socket.connect(Socket.java:633) ~[?:?]
	at org.apache.thrift.transport.TSocket.open(TSocket.java:250) ~[libthrift-0.16.0.jar:0.16.0]
	... 14 more
RuntimeLogger 2025-07-31 07:02:30,404 WARN (heartbeat-mgr-pool-4|189) [HeartbeatMgr$BackendHeartbeatHandler.pingOnce():334] backend heartbeat got exception
org.apache.thrift.transport.TTransportException: java.net.ConnectException: Connection refused
	at org.apache.thrift.transport.TSocket.open(TSocket.java:255) ~[libthrift-0.16.0.jar:0.16.0]
	at org.apache.doris.common.GenericPool$ThriftClientFactory.create(GenericPool.java:143) ~[doris-fe.jar:1.2-SNAPSHOT]
	at org.apache.doris.common.GenericPool$ThriftClientFactory.create(GenericPool.java:126) ~[doris-fe.jar:1.2-SNAPSHOT]
	at org.apache.commons.pool2.BaseKeyedPooledObjectFactory.makeObject(BaseKeyedPooledObjectFactory.java:62) ~[commons-pool2-2.2.jar:2.2]
	at org.apache.commons.pool2.impl.GenericKeyedObjectPool.create(GenericKeyedObjectPool.java:1012) ~[commons-pool2-2.2.jar:2.2]
	at org.apache.commons.pool2.impl.GenericKeyedObjectPool.borrowObject(GenericKeyedObjectPool.java:356) ~[commons-pool2-2.2.jar:2.2]
	at org.apache.commons.pool2.impl.GenericKeyedObjectPool.borrowObject(GenericKeyedObjectPool.java:277) ~[commons-pool2-2.2.jar:2.2]
	at org.apache.doris.common.GenericPool.borrowObject(GenericPool.java:95) ~[doris-fe.jar:1.2-SNAPSHOT]
	at org.apache.doris.system.HeartbeatMgr$BackendHeartbeatHandler.pingOnce(HeartbeatMgr.java:270) ~[doris-fe.jar:1.2-SNAPSHOT]
	at org.apache.doris.system.HeartbeatMgr$BackendHeartbeatHandler.call(HeartbeatMgr.java:244) ~[doris-fe.jar:1.2-SNAPSHOT]
	at org.apache.doris.system.HeartbeatMgr$BackendHeartbeatHandler.call(HeartbeatMgr.java:230) ~[doris-fe.jar:1.2-SNAPSHOT]
	at java.util.concurrent.FutureTask.run(FutureTask.java:264) ~[?:?]
	at java.util.concurrent.ThreadPoolExecutor.runWorker(ThreadPoolExecutor.java:1136) ~[?:?]
	at java.util.concurrent.ThreadPoolExecutor$Worker.run(ThreadPoolExecutor.java:635) ~[?:?]
	at java.lang.Thread.run(Thread.java:840) ~[?:?]
Caused by: java.net.ConnectException: Connection refused
	at sun.nio.ch.Net.pollConnect(Native Method) ~[?:?]
	at sun.nio.ch.Net.pollConnectNow(Net.java:672) ~[?:?]
	at sun.nio.ch.NioSocketImpl.timedFinishConnect(NioSocketImpl.java:547) ~[?:?]
	at sun.nio.ch.NioSocketImpl.connect(NioSocketImpl.java:602) ~[?:?]
	at java.net.SocksSocketImpl.connect(SocksSocketImpl.java:327) ~[?:?]
	at java.net.Socket.connect(Socket.java:633) ~[?:?]
	at org.apache.thrift.transport.TSocket.open(TSocket.java:250) ~[libthrift-0.16.0.jar:0.16.0]
	... 14 more
RuntimeLogger 2025-07-31 07:02:30,405 WARN (heartbeat mgr|189) [HeartbeatMgr.runAfterCatalogReady():158] get bad heartbeat response: type: BACKEND, status: BAD, msg: java.net.ConnectException: Connection refused, beId: 1753687783636, beHost: 172.20.80.3, bePort: 0, httpPort: 0, brpcPort: 0, arrowFlightSqlPort: 0
RuntimeLogger 2025-07-31 07:02:35,955 WARN (STATS_FETCH-0|189) [StmtExecutor.executeInternalQuery():3433] Failed to run internal SQL: OriginStatement{originStmt='SELECT * FROM __internal_schema.column_statistics WHERE part_id is NULL  ORDER BY update_time DESC LIMIT 500000', idx=0}
java.lang.RuntimeException: errCode = 2, detailMessage = tablet 1753689286923 has no queryable replicas. err: replica 1753689286924's backend 1753687783636 does not exist or not alive
	at org.apache.doris.nereids.util.Utils.execWithUncheckedException(Utils.java:84) ~[doris-fe.jar:1.2-SNAPSHOT]
	at org.apache.doris.nereids.glue.translator.PhysicalPlanTranslator.visitPhysicalOlapScan(PhysicalPlanTranslator.java:801) ~[doris-fe.jar:1.2-SNAPSHOT]
	at org.apache.doris.nereids.glue.translator.PhysicalPlanTranslator.visitPhysicalOlapScan(PhysicalPlanTranslator.java:239) ~[doris-fe.jar:1.2-SNAPSHOT]
	at org.apache.doris.nereids.trees.plans.physical.PhysicalOlapScan.accept(PhysicalOlapScan.java:168) ~[doris-fe.jar:1.2-SNAPSHOT]
	at org.apache.doris.nereids.glue.translator.PhysicalPlanTranslator.visitPhysicalFilter(PhysicalPlanTranslator.java:1242) ~[doris-fe.jar:1.2-SNAPSHOT]
	at org.apache.doris.nereids.glue.translator.PhysicalPlanTranslator.visitPhysicalFilter(PhysicalPlanTranslator.java:239) ~[doris-fe.jar:1.2-SNAPSHOT]
	at org.apache.doris.nereids.trees.plans.physical.PhysicalFilter.accept(PhysicalFilter.java:103) ~[doris-fe.jar:1.2-SNAPSHOT]
	at org.apache.doris.nereids.glue.translator.PhysicalPlanTranslator.visitPhysicalProject(PhysicalPlanTranslator.java:1909) ~[doris-fe.jar:1.2-SNAPSHOT]
	at org.apache.doris.nereids.glue.translator.PhysicalPlanTranslator.visitPhysicalProject(PhysicalPlanTranslator.java:239) ~[doris-fe.jar:1.2-SNAPSHOT]
	at org.apache.doris.nereids.trees.plans.physical.PhysicalProject.accept(PhysicalProject.java:136) ~[doris-fe.jar:1.2-SNAPSHOT]
	at org.apache.doris.nereids.glue.translator.PhysicalPlanTranslator.visitPhysicalTopN(PhysicalPlanTranslator.java:2199) ~[doris-fe.jar:1.2-SNAPSHOT]
	at org.apache.doris.nereids.glue.translator.PhysicalPlanTranslator.visitPhysicalTopN(PhysicalPlanTranslator.java:239) ~[doris-fe.jar:1.2-SNAPSHOT]
	at org.apache.doris.nereids.trees.plans.physical.PhysicalTopN.accept(PhysicalTopN.java:108) ~[doris-fe.jar:1.2-SNAPSHOT]
	at org.apache.doris.nereids.glue.translator.PhysicalPlanTranslator.visitPhysicalDistribute(PhysicalPlanTranslator.java:301) ~[doris-fe.jar:1.2-SNAPSHOT]
	at org.apache.doris.nereids.glue.translator.PhysicalPlanTranslator.visitPhysicalDistribute(PhysicalPlanTranslator.java:239) ~[doris-fe.jar:1.2-SNAPSHOT]
	at org.apache.doris.nereids.trees.plans.physical.PhysicalDistribute.accept(PhysicalDistribute.java:87) ~[doris-fe.jar:1.2-SNAPSHOT]
	at org.apache.doris.nereids.glue.translator.PhysicalPlanTranslator.visitPhysicalTopN(PhysicalPlanTranslator.java:2199) ~[doris-fe.jar:1.2-SNAPSHOT]
	at org.apache.doris.nereids.glue.translator.PhysicalPlanTranslator.visitPhysicalTopN(PhysicalPlanTranslator.java:239) ~[doris-fe.jar:1.2-SNAPSHOT]
	at org.apache.doris.nereids.trees.plans.physical.PhysicalTopN.accept(PhysicalTopN.java:108) ~[doris-fe.jar:1.2-SNAPSHOT]
	at org.apache.doris.nereids.glue.translator.PhysicalPlanTranslator.visitPhysicalResultSink(PhysicalPlanTranslator.java:395) ~[doris-fe.jar:1.2-SNAPSHOT]
	at org.apache.doris.nereids.glue.translator.PhysicalPlanTranslator.visitPhysicalResultSink(PhysicalPlanTranslator.java:239) ~[doris-fe.jar:1.2-SNAPSHOT]
	at org.apache.doris.nereids.trees.plans.physical.PhysicalResultSink.accept(PhysicalResultSink.java:72) ~[doris-fe.jar:1.2-SNAPSHOT]
	at org.apache.doris.nereids.glue.translator.PhysicalPlanTranslator.translatePlan(PhysicalPlanTranslator.java:265) ~[doris-fe.jar:1.2-SNAPSHOT]
	at org.apache.doris.nereids.NereidsPlanner.splitFragments(NereidsPlanner.java:441) ~[doris-fe.jar:1.2-SNAPSHOT]
	at org.apache.doris.nereids.NereidsPlanner.distribute(NereidsPlanner.java:527) ~[doris-fe.jar:1.2-SNAPSHOT]
	at org.apache.doris.nereids.NereidsPlanner.lambda$plan$0(NereidsPlanner.java:149) ~[doris-fe.jar:1.2-SNAPSHOT]
	at org.apache.doris.nereids.NereidsPlanner.planWithLock(NereidsPlanner.java:225) ~[doris-fe.jar:1.2-SNAPSHOT]
	at org.apache.doris.nereids.NereidsPlanner.plan(NereidsPlanner.java:145) ~[doris-fe.jar:1.2-SNAPSHOT]
	at org.apache.doris.qe.StmtExecutor.executeInternalQuery(StmtExecutor.java:3431) ~[doris-fe.jar:1.2-SNAPSHOT]
	at org.apache.doris.statistics.util.StatisticsUtil.execStatisticQuery(StatisticsUtil.java:162) ~[doris-fe.jar:1.2-SNAPSHOT]
	at org.apache.doris.statistics.util.StatisticsUtil.execStatisticQuery(StatisticsUtil.java:143) ~[doris-fe.jar:1.2-SNAPSHOT]
	at org.apache.doris.statistics.StatisticsRepository.fetchRecentStatsUpdatedCol(StatisticsRepository.java:409) ~[doris-fe.jar:1.2-SNAPSHOT]
	at org.apache.doris.statistics.StatisticsCache.doPreHeat(StatisticsCache.java:231) ~[doris-fe.jar:1.2-SNAPSHOT]
	at java.util.concurrent.Executors$RunnableAdapter.call(Executors.java:539) ~[?:?]
	at java.util.concurrent.FutureTask.run(FutureTask.java:264) ~[?:?]
	at java.util.concurrent.ThreadPoolExecutor.runWorker(ThreadPoolExecutor.java:1136) ~[?:?]
	at java.util.concurrent.ThreadPoolExecutor$Worker.run(ThreadPoolExecutor.java:635) ~[?:?]
	at java.lang.Thread.run(Thread.java:840) ~[?:?]
Caused by: org.apache.doris.common.UserException: errCode = 2, detailMessage = tablet 1753689286923 has no queryable replicas. err: replica 1753689286924's backend 1753687783636 does not exist or not alive
	at org.apache.doris.planner.OlapScanNode.addScanRangeLocations(OlapScanNode.java:959) ~[doris-fe.jar:1.2-SNAPSHOT]
	at org.apache.doris.planner.OlapScanNode.computeTabletInfo(OlapScanNode.java:1226) ~[doris-fe.jar:1.2-SNAPSHOT]
	at org.apache.doris.planner.OlapScanNode.createScanRangeLocations(OlapScanNode.java:1047) ~[doris-fe.jar:1.2-SNAPSHOT]
	at org.apache.doris.planner.OlapScanNode.init(OlapScanNode.java:575) ~[doris-fe.jar:1.2-SNAPSHOT]
	at org.apache.doris.nereids.util.Utils.execWithUncheckedException(Utils.java:82) ~[doris-fe.jar:1.2-SNAPSHOT]
	... 37 more
RuntimeLogger 2025-07-31 07:02:40,037 WARN (heartbeat-mgr-pool-6|189) [HeartbeatMgr$BackendHeartbeatHandler.pingOnce():334] backend heartbeat got exception
org.apache.thrift.transport.TTransportException: java.net.ConnectException: Connection refused
	at org.apache.thrift.transport.TSocket.open(TSocket.java:255) ~[libthrift-0.16.0.jar:0.16.0]
	at org.apache.doris.common.GenericPool$ThriftClientFactory.create(GenericPool.java:143) ~[doris-fe.jar:1.2-SNAPSHOT]
	at org.apache.doris.common.GenericPool$ThriftClientFactory.create(GenericPool.java:126) ~[doris-fe.jar:1.2-SNAPSHOT]
	at org.apache.commons.pool2.BaseKeyedPooledObjectFactory.makeObject(BaseKeyedPooledObjectFactory.java:62) ~[commons-pool2-2.2.jar:2.2]
	at org.apache.commons.pool2.impl.GenericKeyedObjectPool.create(GenericKeyedObjectPool.java:1012) ~[commons-pool2-2.2.jar:2.2]
	at org.apache.commons.pool2.impl.GenericKeyedObjectPool.borrowObject(GenericKeyedObjectPool.java:356) ~[commons-pool2-2.2.jar:2.2]
	at org.apache.commons.pool2.impl.GenericKeyedObjectPool.borrowObject(GenericKeyedObjectPool.java:277) ~[commons-pool2-2.2.jar:2.2]
	at org.apache.doris.common.GenericPool.borrowObject(GenericPool.java:95) ~[doris-fe.jar:1.2-SNAPSHOT]
	at org.apache.doris.system.HeartbeatMgr$BackendHeartbeatHandler.pingOnce(HeartbeatMgr.java:270) ~[doris-fe.jar:1.2-SNAPSHOT]
	at org.apache.doris.system.HeartbeatMgr$BackendHeartbeatHandler.call(HeartbeatMgr.java:241) ~[doris-fe.jar:1.2-SNAPSHOT]
	at org.apache.doris.system.HeartbeatMgr$BackendHeartbeatHandler.call(HeartbeatMgr.java:230) ~[doris-fe.jar:1.2-SNAPSHOT]
	at java.util.concurrent.FutureTask.run(FutureTask.java:264) ~[?:?]
	at java.util.concurrent.ThreadPoolExecutor.runWorker(ThreadPoolExecutor.java:1136) ~[?:?]
	at java.util.concurrent.ThreadPoolExecutor$Worker.run(ThreadPoolExecutor.java:635) ~[?:?]
	at java.lang.Thread.run(Thread.java:840) ~[?:?]
Caused by: java.net.ConnectException: Connection refused
	at sun.nio.ch.Net.pollConnect(Native Method) ~[?:?]
	at sun.nio.ch.Net.pollConnectNow(Net.java:672) ~[?:?]
	at sun.nio.ch.NioSocketImpl.timedFinishConnect(NioSocketImpl.java:547) ~[?:?]
	at sun.nio.ch.NioSocketImpl.connect(NioSocketImpl.java:602) ~[?:?]
	at java.net.SocksSocketImpl.connect(SocksSocketImpl.java:327) ~[?:?]
	at java.net.Socket.connect(Socket.java:633) ~[?:?]
	at org.apache.thrift.transport.TSocket.open(TSocket.java:250) ~[libthrift-0.16.0.jar:0.16.0]
	... 14 more
RuntimeLogger 2025-07-31 07:02:40,042 WARN (heartbeat-mgr-pool-6|189) [HeartbeatMgr$BackendHeartbeatHandler.pingOnce():334] backend heartbeat got exception
org.apache.thrift.transport.TTransportException: java.net.ConnectException: Connection refused
	at org.apache.thrift.transport.TSocket.open(TSocket.java:255) ~[libthrift-0.16.0.jar:0.16.0]
	at org.apache.doris.common.GenericPool$ThriftClientFactory.create(GenericPool.java:143) ~[doris-fe.jar:1.2-SNAPSHOT]
	at org.apache.doris.common.GenericPool$ThriftClientFactory.create(GenericPool.java:126) ~[doris-fe.jar:1.2-SNAPSHOT]
	at org.apache.commons.pool2.BaseKeyedPooledObjectFactory.makeObject(BaseKeyedPooledObjectFactory.java:62) ~[commons-pool2-2.2.jar:2.2]
	at org.apache.commons.pool2.impl.GenericKeyedObjectPool.create(GenericKeyedObjectPool.java:1012) ~[commons-pool2-2.2.jar:2.2]
	at org.apache.commons.pool2.impl.GenericKeyedObjectPool.borrowObject(GenericKeyedObjectPool.java:356) ~[commons-pool2-2.2.jar:2.2]
	at org.apache.commons.pool2.impl.GenericKeyedObjectPool.borrowObject(GenericKeyedObjectPool.java:277) ~[commons-pool2-2.2.jar:2.2]
	at org.apache.doris.common.GenericPool.borrowObject(GenericPool.java:95) ~[doris-fe.jar:1.2-SNAPSHOT]
	at org.apache.doris.system.HeartbeatMgr$BackendHeartbeatHandler.pingOnce(HeartbeatMgr.java:270) ~[doris-fe.jar:1.2-SNAPSHOT]
	at org.apache.doris.system.HeartbeatMgr$BackendHeartbeatHandler.call(HeartbeatMgr.java:244) ~[doris-fe.jar:1.2-SNAPSHOT]
	at org.apache.doris.system.HeartbeatMgr$BackendHeartbeatHandler.call(HeartbeatMgr.java:230) ~[doris-fe.jar:1.2-SNAPSHOT]
	at java.util.concurrent.FutureTask.run(FutureTask.java:264) ~[?:?]
	at java.util.concurrent.ThreadPoolExecutor.runWorker(ThreadPoolExecutor.java:1136) ~[?:?]
	at java.util.concurrent.ThreadPoolExecutor$Worker.run(ThreadPoolExecutor.java:635) ~[?:?]
	at java.lang.Thread.run(Thread.java:840) ~[?:?]
Caused by: java.net.ConnectException: Connection refused
	at sun.nio.ch.Net.pollConnect(Native Method) ~[?:?]
	at sun.nio.ch.Net.pollConnectNow(Net.java:672) ~[?:?]
	at sun.nio.ch.NioSocketImpl.timedFinishConnect(NioSocketImpl.java:547) ~[?:?]
	at sun.nio.ch.NioSocketImpl.connect(NioSocketImpl.java:602) ~[?:?]
	at java.net.SocksSocketImpl.connect(SocksSocketImpl.java:327) ~[?:?]
	at java.net.Socket.connect(Socket.java:633) ~[?:?]
	at org.apache.thrift.transport.TSocket.open(TSocket.java:250) ~[libthrift-0.16.0.jar:0.16.0]
	... 14 more
RuntimeLogger 2025-07-31 07:02:40,043 WARN (heartbeat mgr|189) [HeartbeatMgr.runAfterCatalogReady():158] get bad heartbeat response: type: BACKEND, status: BAD, msg: java.net.ConnectException: Connection refused, beId: 1753687783636, beHost: 172.20.80.3, bePort: 0, httpPort: 0, brpcPort: 0, arrowFlightSqlPort: 0
RuntimeLogger 2025-07-31 07:02:45,997 WARN (STATS_FETCH-0|189) [StmtExecutor.executeInternalQuery():3433] Failed to run internal SQL: OriginStatement{originStmt='SELECT * FROM __internal_schema.column_statistics WHERE part_id is NULL  ORDER BY update_time DESC LIMIT 500000', idx=0}
java.lang.RuntimeException: errCode = 2, detailMessage = tablet 1753689286923 has no queryable replicas. err: replica 1753689286924's backend 1753687783636 does not exist or not alive
	at org.apache.doris.nereids.util.Utils.execWithUncheckedException(Utils.java:84) ~[doris-fe.jar:1.2-SNAPSHOT]
	at org.apache.doris.nereids.glue.translator.PhysicalPlanTranslator.visitPhysicalOlapScan(PhysicalPlanTranslator.java:801) ~[doris-fe.jar:1.2-SNAPSHOT]
	at org.apache.doris.nereids.glue.translator.PhysicalPlanTranslator.visitPhysicalOlapScan(PhysicalPlanTranslator.java:239) ~[doris-fe.jar:1.2-SNAPSHOT]
	at org.apache.doris.nereids.trees.plans.physical.PhysicalOlapScan.accept(PhysicalOlapScan.java:168) ~[doris-fe.jar:1.2-SNAPSHOT]
	at org.apache.doris.nereids.glue.translator.PhysicalPlanTranslator.visitPhysicalFilter(PhysicalPlanTranslator.java:1242) ~[doris-fe.jar:1.2-SNAPSHOT]
	at org.apache.doris.nereids.glue.translator.PhysicalPlanTranslator.visitPhysicalFilter(PhysicalPlanTranslator.java:239) ~[doris-fe.jar:1.2-SNAPSHOT]
	at org.apache.doris.nereids.trees.plans.physical.PhysicalFilter.accept(PhysicalFilter.java:103) ~[doris-fe.jar:1.2-SNAPSHOT]
	at org.apache.doris.nereids.glue.translator.PhysicalPlanTranslator.visitPhysicalProject(PhysicalPlanTranslator.java:1909) ~[doris-fe.jar:1.2-SNAPSHOT]
	at org.apache.doris.nereids.glue.translator.PhysicalPlanTranslator.visitPhysicalProject(PhysicalPlanTranslator.java:239) ~[doris-fe.jar:1.2-SNAPSHOT]
	at org.apache.doris.nereids.trees.plans.physical.PhysicalProject.accept(PhysicalProject.java:136) ~[doris-fe.jar:1.2-SNAPSHOT]
	at org.apache.doris.nereids.glue.translator.PhysicalPlanTranslator.visitPhysicalTopN(PhysicalPlanTranslator.java:2199) ~[doris-fe.jar:1.2-SNAPSHOT]
	at org.apache.doris.nereids.glue.translator.PhysicalPlanTranslator.visitPhysicalTopN(PhysicalPlanTranslator.java:239) ~[doris-fe.jar:1.2-SNAPSHOT]
	at org.apache.doris.nereids.trees.plans.physical.PhysicalTopN.accept(PhysicalTopN.java:108) ~[doris-fe.jar:1.2-SNAPSHOT]
	at org.apache.doris.nereids.glue.translator.PhysicalPlanTranslator.visitPhysicalDistribute(PhysicalPlanTranslator.java:301) ~[doris-fe.jar:1.2-SNAPSHOT]
	at org.apache.doris.nereids.glue.translator.PhysicalPlanTranslator.visitPhysicalDistribute(PhysicalPlanTranslator.java:239) ~[doris-fe.jar:1.2-SNAPSHOT]
	at org.apache.doris.nereids.trees.plans.physical.PhysicalDistribute.accept(PhysicalDistribute.java:87) ~[doris-fe.jar:1.2-SNAPSHOT]
	at org.apache.doris.nereids.glue.translator.PhysicalPlanTranslator.visitPhysicalTopN(PhysicalPlanTranslator.java:2199) ~[doris-fe.jar:1.2-SNAPSHOT]
	at org.apache.doris.nereids.glue.translator.PhysicalPlanTranslator.visitPhysicalTopN(PhysicalPlanTranslator.java:239) ~[doris-fe.jar:1.2-SNAPSHOT]
	at org.apache.doris.nereids.trees.plans.physical.PhysicalTopN.accept(PhysicalTopN.java:108) ~[doris-fe.jar:1.2-SNAPSHOT]
	at org.apache.doris.nereids.glue.translator.PhysicalPlanTranslator.visitPhysicalResultSink(PhysicalPlanTranslator.java:395) ~[doris-fe.jar:1.2-SNAPSHOT]
	at org.apache.doris.nereids.glue.translator.PhysicalPlanTranslator.visitPhysicalResultSink(PhysicalPlanTranslator.java:239) ~[doris-fe.jar:1.2-SNAPSHOT]
	at org.apache.doris.nereids.trees.plans.physical.PhysicalResultSink.accept(PhysicalResultSink.java:72) ~[doris-fe.jar:1.2-SNAPSHOT]
	at org.apache.doris.nereids.glue.translator.PhysicalPlanTranslator.translatePlan(PhysicalPlanTranslator.java:265) ~[doris-fe.jar:1.2-SNAPSHOT]
	at org.apache.doris.nereids.NereidsPlanner.splitFragments(NereidsPlanner.java:441) ~[doris-fe.jar:1.2-SNAPSHOT]
	at org.apache.doris.nereids.NereidsPlanner.distribute(NereidsPlanner.java:527) ~[doris-fe.jar:1.2-SNAPSHOT]
	at org.apache.doris.nereids.NereidsPlanner.lambda$plan$0(NereidsPlanner.java:149) ~[doris-fe.jar:1.2-SNAPSHOT]
	at org.apache.doris.nereids.NereidsPlanner.planWithLock(NereidsPlanner.java:225) ~[doris-fe.jar:1.2-SNAPSHOT]
	at org.apache.doris.nereids.NereidsPlanner.plan(NereidsPlanner.java:145) ~[doris-fe.jar:1.2-SNAPSHOT]
	at org.apache.doris.qe.StmtExecutor.executeInternalQuery(StmtExecutor.java:3431) ~[doris-fe.jar:1.2-SNAPSHOT]
	at org.apache.doris.statistics.util.StatisticsUtil.execStatisticQuery(StatisticsUtil.java:162) ~[doris-fe.jar:1.2-SNAPSHOT]
	at org.apache.doris.statistics.util.StatisticsUtil.execStatisticQuery(StatisticsUtil.java:143) ~[doris-fe.jar:1.2-SNAPSHOT]
	at org.apache.doris.statistics.StatisticsRepository.fetchRecentStatsUpdatedCol(StatisticsRepository.java:409) ~[doris-fe.jar:1.2-SNAPSHOT]
	at org.apache.doris.statistics.StatisticsCache.doPreHeat(StatisticsCache.java:231) ~[doris-fe.jar:1.2-SNAPSHOT]
	at java.util.concurrent.Executors$RunnableAdapter.call(Executors.java:539) ~[?:?]
	at java.util.concurrent.FutureTask.run(FutureTask.java:264) ~[?:?]
	at java.util.concurrent.ThreadPoolExecutor.runWorker(ThreadPoolExecutor.java:1136) ~[?:?]
	at java.util.concurrent.ThreadPoolExecutor$Worker.run(ThreadPoolExecutor.java:635) ~[?:?]
	at java.lang.Thread.run(Thread.java:840) ~[?:?]
Caused by: org.apache.doris.common.UserException: errCode = 2, detailMessage = tablet 1753689286923 has no queryable replicas. err: replica 1753689286924's backend 1753687783636 does not exist or not alive
	at org.apache.doris.planner.OlapScanNode.addScanRangeLocations(OlapScanNode.java:959) ~[doris-fe.jar:1.2-SNAPSHOT]
	at org.apache.doris.planner.OlapScanNode.computeTabletInfo(OlapScanNode.java:1226) ~[doris-fe.jar:1.2-SNAPSHOT]
	at org.apache.doris.planner.OlapScanNode.createScanRangeLocations(OlapScanNode.java:1047) ~[doris-fe.jar:1.2-SNAPSHOT]
	at org.apache.doris.planner.OlapScanNode.init(OlapScanNode.java:575) ~[doris-fe.jar:1.2-SNAPSHOT]
	at org.apache.doris.nereids.util.Utils.execWithUncheckedException(Utils.java:82) ~[doris-fe.jar:1.2-SNAPSHOT]
	... 37 more
RuntimeLogger 2025-07-31 07:02:47,784 WARN (qtp914880182-196|189) [RestApiExceptionHandler.unauthorizedHandler():40] unauthorized exception
org.apache.doris.httpv2.exception.UnauthorizedException: Cookie is invalid
	at org.apache.doris.httpv2.controller.BaseController.checkWithCookie(BaseController.java:99) ~[doris-fe.jar:1.2-SNAPSHOT]
	at org.apache.doris.httpv2.controller.BaseController.checkAuthWithCookie(BaseController.java:61) ~[doris-fe.jar:1.2-SNAPSHOT]
	at org.apache.doris.httpv2.interceptor.AuthInterceptor.preHandle(AuthInterceptor.java:49) ~[doris-fe.jar:1.2-SNAPSHOT]
	at org.springframework.web.servlet.HandlerExecutionChain.applyPreHandle(HandlerExecutionChain.java:148) ~[spring-webmvc-5.3.39.jar:5.3.39]
	at org.springframework.web.servlet.DispatcherServlet.doDispatch(DispatcherServlet.java:1067) ~[spring-webmvc-5.3.39.jar:5.3.39]
	at org.springframework.web.servlet.DispatcherServlet.doService(DispatcherServlet.java:965) ~[spring-webmvc-5.3.39.jar:5.3.39]
	at org.springframework.web.servlet.FrameworkServlet.processRequest(FrameworkServlet.java:1006) ~[spring-webmvc-5.3.39.jar:5.3.39]
	at org.springframework.web.servlet.FrameworkServlet.doGet(FrameworkServlet.java:898) ~[spring-webmvc-5.3.39.jar:5.3.39]
	at javax.servlet.http.HttpServlet.service(HttpServlet.java:687) ~[javax.servlet-api-3.1.0.jar:3.1.0]
	at org.springframework.web.servlet.FrameworkServlet.service(FrameworkServlet.java:883) ~[spring-webmvc-5.3.39.jar:5.3.39]
	at javax.servlet.http.HttpServlet.service(HttpServlet.java:790) ~[javax.servlet-api-3.1.0.jar:3.1.0]
	at org.eclipse.jetty.servlet.ServletHolder.handle(ServletHolder.java:799) ~[jetty-servlet-9.4.57.v20241219.jar:9.4.57.v20241219]
	at org.eclipse.jetty.servlet.ServletHandler$ChainEnd.doFilter(ServletHandler.java:1656) ~[jetty-servlet-9.4.57.v20241219.jar:9.4.57.v20241219]
	at org.eclipse.jetty.websocket.server.WebSocketUpgradeFilter.doFilter(WebSocketUpgradeFilter.java:292) ~[websocket-server-9.4.57.v20241219.jar:9.4.57.v20241219]
	at org.eclipse.jetty.servlet.FilterHolder.doFilter(FilterHolder.java:193) ~[jetty-servlet-9.4.57.v20241219.jar:9.4.57.v20241219]
	at org.eclipse.jetty.servlet.ServletHandler$Chain.doFilter(ServletHandler.java:1626) ~[jetty-servlet-9.4.57.v20241219.jar:9.4.57.v20241219]
	at org.apache.doris.httpv2.interceptor.ServletTraceIterceptor.doFilter(ServletTraceIterceptor.java:55) ~[doris-fe.jar:1.2-SNAPSHOT]
	at org.eclipse.jetty.servlet.FilterHolder.doFilter(FilterHolder.java:201) ~[jetty-servlet-9.4.57.v20241219.jar:9.4.57.v20241219]
	at org.eclipse.jetty.servlet.ServletHandler$Chain.doFilter(ServletHandler.java:1626) ~[jetty-servlet-9.4.57.v20241219.jar:9.4.57.v20241219]
	at org.springframework.web.filter.RequestContextFilter.doFilterInternal(RequestContextFilter.java:100) ~[spring-web-5.3.39.jar:5.3.39]
	at org.springframework.web.filter.OncePerRequestFilter.doFilter(OncePerRequestFilter.java:117) ~[spring-web-5.3.39.jar:5.3.39]
	at org.eclipse.jetty.servlet.FilterHolder.doFilter(FilterHolder.java:193) ~[jetty-servlet-9.4.57.v20241219.jar:9.4.57.v20241219]
	at org.eclipse.jetty.servlet.ServletHandler$Chain.doFilter(ServletHandler.java:1626) ~[jetty-servlet-9.4.57.v20241219.jar:9.4.57.v20241219]
	at org.springframework.web.filter.FormContentFilter.doFilterInternal(FormContentFilter.java:93) ~[spring-web-5.3.39.jar:5.3.39]
	at org.springframework.web.filter.OncePerRequestFilter.doFilter(OncePerRequestFilter.java:117) ~[spring-web-5.3.39.jar:5.3.39]
	at org.eclipse.jetty.servlet.FilterHolder.doFilter(FilterHolder.java:193) ~[jetty-servlet-9.4.57.v20241219.jar:9.4.57.v20241219]
	at org.eclipse.jetty.servlet.ServletHandler$Chain.doFilter(ServletHandler.java:1626) ~[jetty-servlet-9.4.57.v20241219.jar:9.4.57.v20241219]
	at org.springframework.web.filter.CharacterEncodingFilter.doFilterInternal(CharacterEncodingFilter.java:201) ~[spring-web-5.3.39.jar:5.3.39]
	at org.springframework.web.filter.OncePerRequestFilter.doFilter(OncePerRequestFilter.java:117) ~[spring-web-5.3.39.jar:5.3.39]
	at org.eclipse.jetty.servlet.FilterHolder.doFilter(FilterHolder.java:193) ~[jetty-servlet-9.4.57.v20241219.jar:9.4.57.v20241219]
	at org.eclipse.jetty.servlet.ServletHandler$Chain.doFilter(ServletHandler.java:1626) ~[jetty-servlet-9.4.57.v20241219.jar:9.4.57.v20241219]
	at org.eclipse.jetty.servlet.ServletHandler.doHandle(ServletHandler.java:552) ~[jetty-servlet-9.4.57.v20241219.jar:9.4.57.v20241219]
	at org.eclipse.jetty.server.handler.ScopedHandler.handle(ScopedHandler.java:143) ~[jetty-server-9.4.57.v20241219.jar:9.4.57.v20241219]
	at org.eclipse.jetty.security.SecurityHandler.handle(SecurityHandler.java:600) ~[jetty-security-9.4.57.v20241219.jar:9.4.57.v20241219]
	at org.eclipse.jetty.server.handler.HandlerWrapper.handle(HandlerWrapper.java:127) ~[jetty-server-9.4.57.v20241219.jar:9.4.57.v20241219]
	at org.eclipse.jetty.server.handler.ScopedHandler.nextHandle(ScopedHandler.java:235) ~[jetty-server-9.4.57.v20241219.jar:9.4.57.v20241219]
	at org.eclipse.jetty.server.session.SessionHandler.doHandle(SessionHandler.java:1624) ~[jetty-server-9.4.57.v20241219.jar:9.4.57.v20241219]
	at org.eclipse.jetty.server.handler.ScopedHandler.nextHandle(ScopedHandler.java:233) ~[jetty-server-9.4.57.v20241219.jar:9.4.57.v20241219]
	at org.eclipse.jetty.server.handler.ContextHandler.doHandle(ContextHandler.java:1440) ~[jetty-server-9.4.57.v20241219.jar:9.4.57.v20241219]
	at org.eclipse.jetty.server.handler.ScopedHandler.nextScope(ScopedHandler.java:188) ~[jetty-server-9.4.57.v20241219.jar:9.4.57.v20241219]
	at org.eclipse.jetty.servlet.ServletHandler.doScope(ServletHandler.java:505) ~[jetty-servlet-9.4.57.v20241219.jar:9.4.57.v20241219]
	at org.eclipse.jetty.server.session.SessionHandler.doScope(SessionHandler.java:1594) ~[jetty-server-9.4.57.v20241219.jar:9.4.57.v20241219]
	at org.eclipse.jetty.server.handler.ScopedHandler.nextScope(ScopedHandler.java:186) ~[jetty-server-9.4.57.v20241219.jar:9.4.57.v20241219]
	at org.eclipse.jetty.server.handler.ContextHandler.doScope(ContextHandler.java:1355) ~[jetty-server-9.4.57.v20241219.jar:9.4.57.v20241219]
	at org.eclipse.jetty.server.handler.ScopedHandler.handle(ScopedHandler.java:141) ~[jetty-server-9.4.57.v20241219.jar:9.4.57.v20241219]
	at org.eclipse.jetty.server.handler.HandlerWrapper.handle(HandlerWrapper.java:127) ~[jetty-server-9.4.57.v20241219.jar:9.4.57.v20241219]
	at org.eclipse.jetty.server.Server.handle(Server.java:516) ~[jetty-server-9.4.57.v20241219.jar:9.4.57.v20241219]
	at org.eclipse.jetty.server.HttpChannel.lambda$handle$1(HttpChannel.java:487) ~[jetty-server-9.4.57.v20241219.jar:9.4.57.v20241219]
	at org.eclipse.jetty.server.HttpChannel.dispatch(HttpChannel.java:732) ~[jetty-server-9.4.57.v20241219.jar:9.4.57.v20241219]
	at org.eclipse.jetty.server.HttpChannel.handle(HttpChannel.java:479) ~[jetty-server-9.4.57.v20241219.jar:9.4.57.v20241219]
	at org.eclipse.jetty.server.HttpConnection.onFillable(HttpConnection.java:277) ~[jetty-server-9.4.57.v20241219.jar:9.4.57.v20241219]
	at org.eclipse.jetty.io.AbstractConnection$ReadCallback.succeeded(AbstractConnection.java:311) ~[jetty-io-9.4.57.v20241219.jar:9.4.57.v20241219]
	at org.eclipse.jetty.io.FillInterest.fillable(FillInterest.java:105) ~[jetty-io-9.4.57.v20241219.jar:9.4.57.v20241219]
	at org.eclipse.jetty.io.ChannelEndPoint$1.run(ChannelEndPoint.java:104) ~[jetty-io-9.4.57.v20241219.jar:9.4.57.v20241219]
	at org.eclipse.jetty.util.thread.strategy.EatWhatYouKill.runTask(EatWhatYouKill.java:338) ~[jetty-util-9.4.57.v20241219.jar:9.4.57.v20241219]
	at org.eclipse.jetty.util.thread.strategy.EatWhatYouKill.doProduce(EatWhatYouKill.java:315) ~[jetty-util-9.4.57.v20241219.jar:9.4.57.v20241219]
	at org.eclipse.jetty.util.thread.strategy.EatWhatYouKill.tryProduce(EatWhatYouKill.java:173) ~[jetty-util-9.4.57.v20241219.jar:9.4.57.v20241219]
	at org.eclipse.jetty.util.thread.strategy.EatWhatYouKill.produce(EatWhatYouKill.java:137) ~[jetty-util-9.4.57.v20241219.jar:9.4.57.v20241219]
	at org.eclipse.jetty.util.thread.QueuedThreadPool.runJob(QueuedThreadPool.java:883) ~[jetty-util-9.4.57.v20241219.jar:9.4.57.v20241219]
	at org.eclipse.jetty.util.thread.QueuedThreadPool$Runner.run(QueuedThreadPool.java:1034) ~[jetty-util-9.4.57.v20241219.jar:9.4.57.v20241219]
	at java.lang.Thread.run(Thread.java:840) ~[?:?]
RuntimeLogger 2025-07-31 07:02:50,069 WARN (heartbeat-mgr-pool-1|189) [HeartbeatMgr$BackendHeartbeatHandler.pingOnce():334] backend heartbeat got exception
org.apache.thrift.transport.TTransportException: java.net.ConnectException: Connection refused
	at org.apache.thrift.transport.TSocket.open(TSocket.java:255) ~[libthrift-0.16.0.jar:0.16.0]
	at org.apache.doris.common.GenericPool$ThriftClientFactory.create(GenericPool.java:143) ~[doris-fe.jar:1.2-SNAPSHOT]
	at org.apache.doris.common.GenericPool$ThriftClientFactory.create(GenericPool.java:126) ~[doris-fe.jar:1.2-SNAPSHOT]
	at org.apache.commons.pool2.BaseKeyedPooledObjectFactory.makeObject(BaseKeyedPooledObjectFactory.java:62) ~[commons-pool2-2.2.jar:2.2]
	at org.apache.commons.pool2.impl.GenericKeyedObjectPool.create(GenericKeyedObjectPool.java:1012) ~[commons-pool2-2.2.jar:2.2]
	at org.apache.commons.pool2.impl.GenericKeyedObjectPool.borrowObject(GenericKeyedObjectPool.java:356) ~[commons-pool2-2.2.jar:2.2]
	at org.apache.commons.pool2.impl.GenericKeyedObjectPool.borrowObject(GenericKeyedObjectPool.java:277) ~[commons-pool2-2.2.jar:2.2]
	at org.apache.doris.common.GenericPool.borrowObject(GenericPool.java:95) ~[doris-fe.jar:1.2-SNAPSHOT]
	at org.apache.doris.system.HeartbeatMgr$BackendHeartbeatHandler.pingOnce(HeartbeatMgr.java:270) ~[doris-fe.jar:1.2-SNAPSHOT]
	at org.apache.doris.system.HeartbeatMgr$BackendHeartbeatHandler.call(HeartbeatMgr.java:241) ~[doris-fe.jar:1.2-SNAPSHOT]
	at org.apache.doris.system.HeartbeatMgr$BackendHeartbeatHandler.call(HeartbeatMgr.java:230) ~[doris-fe.jar:1.2-SNAPSHOT]
	at java.util.concurrent.FutureTask.run(FutureTask.java:264) ~[?:?]
	at java.util.concurrent.ThreadPoolExecutor.runWorker(ThreadPoolExecutor.java:1136) ~[?:?]
	at java.util.concurrent.ThreadPoolExecutor$Worker.run(ThreadPoolExecutor.java:635) ~[?:?]
	at java.lang.Thread.run(Thread.java:840) ~[?:?]
Caused by: java.net.ConnectException: Connection refused
	at sun.nio.ch.Net.pollConnect(Native Method) ~[?:?]
	at sun.nio.ch.Net.pollConnectNow(Net.java:672) ~[?:?]
	at sun.nio.ch.NioSocketImpl.timedFinishConnect(NioSocketImpl.java:547) ~[?:?]
	at sun.nio.ch.NioSocketImpl.connect(NioSocketImpl.java:602) ~[?:?]
	at java.net.SocksSocketImpl.connect(SocksSocketImpl.java:327) ~[?:?]
	at java.net.Socket.connect(Socket.java:633) ~[?:?]
	at org.apache.thrift.transport.TSocket.open(TSocket.java:250) ~[libthrift-0.16.0.jar:0.16.0]
	... 14 more
RuntimeLogger 2025-07-31 07:02:50,070 WARN (heartbeat-mgr-pool-1|189) [HeartbeatMgr$BackendHeartbeatHandler.pingOnce():334] backend heartbeat got exception
org.apache.thrift.transport.TTransportException: java.net.ConnectException: Connection refused
	at org.apache.thrift.transport.TSocket.open(TSocket.java:255) ~[libthrift-0.16.0.jar:0.16.0]
	at org.apache.doris.common.GenericPool$ThriftClientFactory.create(GenericPool.java:143) ~[doris-fe.jar:1.2-SNAPSHOT]
	at org.apache.doris.common.GenericPool$ThriftClientFactory.create(GenericPool.java:126) ~[doris-fe.jar:1.2-SNAPSHOT]
	at org.apache.commons.pool2.BaseKeyedPooledObjectFactory.makeObject(BaseKeyedPooledObjectFactory.java:62) ~[commons-pool2-2.2.jar:2.2]
	at org.apache.commons.pool2.impl.GenericKeyedObjectPool.create(GenericKeyedObjectPool.java:1012) ~[commons-pool2-2.2.jar:2.2]
	at org.apache.commons.pool2.impl.GenericKeyedObjectPool.borrowObject(GenericKeyedObjectPool.java:356) ~[commons-pool2-2.2.jar:2.2]
	at org.apache.commons.pool2.impl.GenericKeyedObjectPool.borrowObject(GenericKeyedObjectPool.java:277) ~[commons-pool2-2.2.jar:2.2]
	at org.apache.doris.common.GenericPool.borrowObject(GenericPool.java:95) ~[doris-fe.jar:1.2-SNAPSHOT]
	at org.apache.doris.system.HeartbeatMgr$BackendHeartbeatHandler.pingOnce(HeartbeatMgr.java:270) ~[doris-fe.jar:1.2-SNAPSHOT]
	at org.apache.doris.system.HeartbeatMgr$BackendHeartbeatHandler.call(HeartbeatMgr.java:244) ~[doris-fe.jar:1.2-SNAPSHOT]
	at org.apache.doris.system.HeartbeatMgr$BackendHeartbeatHandler.call(HeartbeatMgr.java:230) ~[doris-fe.jar:1.2-SNAPSHOT]
	at java.util.concurrent.FutureTask.run(FutureTask.java:264) ~[?:?]
	at java.util.concurrent.ThreadPoolExecutor.runWorker(ThreadPoolExecutor.java:1136) ~[?:?]
	at java.util.concurrent.ThreadPoolExecutor$Worker.run(ThreadPoolExecutor.java:635) ~[?:?]
	at java.lang.Thread.run(Thread.java:840) ~[?:?]
Caused by: java.net.ConnectException: Connection refused
	at sun.nio.ch.Net.pollConnect(Native Method) ~[?:?]
	at sun.nio.ch.Net.pollConnectNow(Net.java:672) ~[?:?]
	at sun.nio.ch.NioSocketImpl.timedFinishConnect(NioSocketImpl.java:547) ~[?:?]
	at sun.nio.ch.NioSocketImpl.connect(NioSocketImpl.java:602) ~[?:?]
	at java.net.SocksSocketImpl.connect(SocksSocketImpl.java:327) ~[?:?]
	at java.net.Socket.connect(Socket.java:633) ~[?:?]
	at org.apache.thrift.transport.TSocket.open(TSocket.java:250) ~[libthrift-0.16.0.jar:0.16.0]
	... 14 more
RuntimeLogger 2025-07-31 07:02:50,071 WARN (heartbeat mgr|189) [HeartbeatMgr.runAfterCatalogReady():158] get bad heartbeat response: type: BACKEND, status: BAD, msg: java.net.ConnectException: Connection refused, beId: 1753687783636, beHost: 172.20.80.3, bePort: 0, httpPort: 0, brpcPort: 0, arrowFlightSqlPort: 0
RuntimeLogger 2025-07-31 07:02:56,058 WARN (STATS_FETCH-0|189) [StmtExecutor.executeInternalQuery():3433] Failed to run internal SQL: OriginStatement{originStmt='SELECT * FROM __internal_schema.column_statistics WHERE part_id is NULL  ORDER BY update_time DESC LIMIT 500000', idx=0}
java.lang.RuntimeException: errCode = 2, detailMessage = tablet 1753689286923 has no queryable replicas. err: replica 1753689286924's backend 1753687783636 does not exist or not alive
	at org.apache.doris.nereids.util.Utils.execWithUncheckedException(Utils.java:84) ~[doris-fe.jar:1.2-SNAPSHOT]
	at org.apache.doris.nereids.glue.translator.PhysicalPlanTranslator.visitPhysicalOlapScan(PhysicalPlanTranslator.java:801) ~[doris-fe.jar:1.2-SNAPSHOT]
	at org.apache.doris.nereids.glue.translator.PhysicalPlanTranslator.visitPhysicalOlapScan(PhysicalPlanTranslator.java:239) ~[doris-fe.jar:1.2-SNAPSHOT]
	at org.apache.doris.nereids.trees.plans.physical.PhysicalOlapScan.accept(PhysicalOlapScan.java:168) ~[doris-fe.jar:1.2-SNAPSHOT]
	at org.apache.doris.nereids.glue.translator.PhysicalPlanTranslator.visitPhysicalFilter(PhysicalPlanTranslator.java:1242) ~[doris-fe.jar:1.2-SNAPSHOT]
	at org.apache.doris.nereids.glue.translator.PhysicalPlanTranslator.visitPhysicalFilter(PhysicalPlanTranslator.java:239) ~[doris-fe.jar:1.2-SNAPSHOT]
	at org.apache.doris.nereids.trees.plans.physical.PhysicalFilter.accept(PhysicalFilter.java:103) ~[doris-fe.jar:1.2-SNAPSHOT]
	at org.apache.doris.nereids.glue.translator.PhysicalPlanTranslator.visitPhysicalProject(PhysicalPlanTranslator.java:1909) ~[doris-fe.jar:1.2-SNAPSHOT]
	at org.apache.doris.nereids.glue.translator.PhysicalPlanTranslator.visitPhysicalProject(PhysicalPlanTranslator.java:239) ~[doris-fe.jar:1.2-SNAPSHOT]
	at org.apache.doris.nereids.trees.plans.physical.PhysicalProject.accept(PhysicalProject.java:136) ~[doris-fe.jar:1.2-SNAPSHOT]
	at org.apache.doris.nereids.glue.translator.PhysicalPlanTranslator.visitPhysicalTopN(PhysicalPlanTranslator.java:2199) ~[doris-fe.jar:1.2-SNAPSHOT]
	at org.apache.doris.nereids.glue.translator.PhysicalPlanTranslator.visitPhysicalTopN(PhysicalPlanTranslator.java:239) ~[doris-fe.jar:1.2-SNAPSHOT]
	at org.apache.doris.nereids.trees.plans.physical.PhysicalTopN.accept(PhysicalTopN.java:108) ~[doris-fe.jar:1.2-SNAPSHOT]
	at org.apache.doris.nereids.glue.translator.PhysicalPlanTranslator.visitPhysicalDistribute(PhysicalPlanTranslator.java:301) ~[doris-fe.jar:1.2-SNAPSHOT]
	at org.apache.doris.nereids.glue.translator.PhysicalPlanTranslator.visitPhysicalDistribute(PhysicalPlanTranslator.java:239) ~[doris-fe.jar:1.2-SNAPSHOT]
	at org.apache.doris.nereids.trees.plans.physical.PhysicalDistribute.accept(PhysicalDistribute.java:87) ~[doris-fe.jar:1.2-SNAPSHOT]
	at org.apache.doris.nereids.glue.translator.PhysicalPlanTranslator.visitPhysicalTopN(PhysicalPlanTranslator.java:2199) ~[doris-fe.jar:1.2-SNAPSHOT]
	at org.apache.doris.nereids.glue.translator.PhysicalPlanTranslator.visitPhysicalTopN(PhysicalPlanTranslator.java:239) ~[doris-fe.jar:1.2-SNAPSHOT]
	at org.apache.doris.nereids.trees.plans.physical.PhysicalTopN.accept(PhysicalTopN.java:108) ~[doris-fe.jar:1.2-SNAPSHOT]
	at org.apache.doris.nereids.glue.translator.PhysicalPlanTranslator.visitPhysicalResultSink(PhysicalPlanTranslator.java:395) ~[doris-fe.jar:1.2-SNAPSHOT]
	at org.apache.doris.nereids.glue.translator.PhysicalPlanTranslator.visitPhysicalResultSink(PhysicalPlanTranslator.java:239) ~[doris-fe.jar:1.2-SNAPSHOT]
	at org.apache.doris.nereids.trees.plans.physical.PhysicalResultSink.accept(PhysicalResultSink.java:72) ~[doris-fe.jar:1.2-SNAPSHOT]
	at org.apache.doris.nereids.glue.translator.PhysicalPlanTranslator.translatePlan(PhysicalPlanTranslator.java:265) ~[doris-fe.jar:1.2-SNAPSHOT]
	at org.apache.doris.nereids.NereidsPlanner.splitFragments(NereidsPlanner.java:441) ~[doris-fe.jar:1.2-SNAPSHOT]
	at org.apache.doris.nereids.NereidsPlanner.distribute(NereidsPlanner.java:527) ~[doris-fe.jar:1.2-SNAPSHOT]
	at org.apache.doris.nereids.NereidsPlanner.lambda$plan$0(NereidsPlanner.java:149) ~[doris-fe.jar:1.2-SNAPSHOT]
	at org.apache.doris.nereids.NereidsPlanner.planWithLock(NereidsPlanner.java:225) ~[doris-fe.jar:1.2-SNAPSHOT]
	at org.apache.doris.nereids.NereidsPlanner.plan(NereidsPlanner.java:145) ~[doris-fe.jar:1.2-SNAPSHOT]
	at org.apache.doris.qe.StmtExecutor.executeInternalQuery(StmtExecutor.java:3431) ~[doris-fe.jar:1.2-SNAPSHOT]
	at org.apache.doris.statistics.util.StatisticsUtil.execStatisticQuery(StatisticsUtil.java:162) ~[doris-fe.jar:1.2-SNAPSHOT]
	at org.apache.doris.statistics.util.StatisticsUtil.execStatisticQuery(StatisticsUtil.java:143) ~[doris-fe.jar:1.2-SNAPSHOT]
	at org.apache.doris.statistics.StatisticsRepository.fetchRecentStatsUpdatedCol(StatisticsRepository.java:409) ~[doris-fe.jar:1.2-SNAPSHOT]
	at org.apache.doris.statistics.StatisticsCache.doPreHeat(StatisticsCache.java:231) ~[doris-fe.jar:1.2-SNAPSHOT]
	at java.util.concurrent.Executors$RunnableAdapter.call(Executors.java:539) ~[?:?]
	at java.util.concurrent.FutureTask.run(FutureTask.java:264) ~[?:?]
	at java.util.concurrent.ThreadPoolExecutor.runWorker(ThreadPoolExecutor.java:1136) ~[?:?]
	at java.util.concurrent.ThreadPoolExecutor$Worker.run(ThreadPoolExecutor.java:635) ~[?:?]
	at java.lang.Thread.run(Thread.java:840) ~[?:?]
Caused by: org.apache.doris.common.UserException: errCode = 2, detailMessage = tablet 1753689286923 has no queryable replicas. err: replica 1753689286924's backend 1753687783636 does not exist or not alive
	at org.apache.doris.planner.OlapScanNode.addScanRangeLocations(OlapScanNode.java:959) ~[doris-fe.jar:1.2-SNAPSHOT]
	at org.apache.doris.planner.OlapScanNode.computeTabletInfo(OlapScanNode.java:1226) ~[doris-fe.jar:1.2-SNAPSHOT]
	at org.apache.doris.planner.OlapScanNode.createScanRangeLocations(OlapScanNode.java:1047) ~[doris-fe.jar:1.2-SNAPSHOT]
	at org.apache.doris.planner.OlapScanNode.init(OlapScanNode.java:575) ~[doris-fe.jar:1.2-SNAPSHOT]
	at org.apache.doris.nereids.util.Utils.execWithUncheckedException(Utils.java:82) ~[doris-fe.jar:1.2-SNAPSHOT]
	... 37 more
RuntimeLogger 2025-07-31 07:03:08,265 WARN (mysql-nio-pool-1|189) [ResultReceiver.cancel():223] ResultReceiver of query 8fbaac2a261a40f9-94e9999b3d7ca8af cancel failed, typically means the future is finished, cancel reason is Status [errorCode=LIMIT_REACH, errorMsg=query reach limit]
RuntimeLogger 2025-07-31 07:03:17,178 WARN (mysql-nio-pool-1|189) [ResultReceiver.cancel():223] ResultReceiver of query cf104fd289a04843-85b36ea82d28c059 cancel failed, typically means the future is finished, cancel reason is Status [errorCode=LIMIT_REACH, errorMsg=query reach limit]
RuntimeLogger 2025-07-31 07:03:23,383 WARN (mysql-nio-pool-1|189) [ResultReceiver.cancel():223] ResultReceiver of query 61a91a5cfd9244d5-afef017f101657b6 cancel failed, typically means the future is finished, cancel reason is Status [errorCode=LIMIT_REACH, errorMsg=query reach limit]
RuntimeLogger 2025-07-31 07:03:25,436 WARN (mysql-nio-pool-1|189) [ResultReceiver.cancel():223] ResultReceiver of query 391cc962147b45c7-b813a7ebaa801146 cancel failed, typically means the future is finished, cancel reason is Status [errorCode=LIMIT_REACH, errorMsg=query reach limit]
RuntimeLogger 2025-07-31 07:03:27,709 WARN (mysql-nio-pool-1|189) [ResultReceiver.cancel():223] ResultReceiver of query 953f2c8268054570-a2a640b3256e0f26 cancel failed, typically means the future is finished, cancel reason is Status [errorCode=LIMIT_REACH, errorMsg=query reach limit]
RuntimeLogger 2025-07-31 07:04:43,280 WARN (mysql-nio-pool-1|189) [ResultReceiver.cancel():223] ResultReceiver of query 91a9dee62c194c8d-a6af354f896a6052 cancel failed, typically means the future is finished, cancel reason is Status [errorCode=LIMIT_REACH, errorMsg=query reach limit]
RuntimeLogger 2025-07-31 07:04:46,704 WARN (mysql-nio-pool-1|189) [ResultReceiver.cancel():223] ResultReceiver of query bd8b5f5fc2e54279-8771e707be4b041b cancel failed, typically means the future is finished, cancel reason is Status [errorCode=LIMIT_REACH, errorMsg=query reach limit]
RuntimeLogger 2025-07-31 07:04:48,447 WARN (mysql-nio-pool-1|189) [ResultReceiver.cancel():223] ResultReceiver of query cc317d4b38ca4342-9aabfc7a5db1bcc8 cancel failed, typically means the future is finished, cancel reason is Status [errorCode=LIMIT_REACH, errorMsg=query reach limit]
RuntimeLogger 2025-07-31 07:08:17,174 ERROR (thrift-server-pool-1|189) [TThreadPoolServer$WorkerProcess.run():260] Thrift Error occurred during processing of message.
org.apache.thrift.transport.TTransportException: java.net.SocketException: Connection reset
	at org.apache.thrift.transport.TIOStreamTransport.read(TIOStreamTransport.java:181) ~[libthrift-0.16.0.jar:0.16.0]
	at org.apache.thrift.transport.TTransport.readAll(TTransport.java:109) ~[libthrift-0.16.0.jar:0.16.0]
	at org.apache.thrift.protocol.TBinaryProtocol.readAll(TBinaryProtocol.java:464) ~[libthrift-0.16.0.jar:0.16.0]
	at org.apache.thrift.protocol.TBinaryProtocol.readI32(TBinaryProtocol.java:362) ~[libthrift-0.16.0.jar:0.16.0]
	at org.apache.thrift.protocol.TBinaryProtocol.readMessageBegin(TBinaryProtocol.java:245) ~[libthrift-0.16.0.jar:0.16.0]
	at org.apache.thrift.TBaseProcessor.process(TBaseProcessor.java:27) ~[libthrift-0.16.0.jar:0.16.0]
	at org.apache.thrift.server.TThreadPoolServer$WorkerProcess.run(TThreadPoolServer.java:250) ~[libthrift-0.16.0.jar:0.16.0]
	at java.util.concurrent.ThreadPoolExecutor.runWorker(ThreadPoolExecutor.java:1136) ~[?:?]
	at java.util.concurrent.ThreadPoolExecutor$Worker.run(ThreadPoolExecutor.java:635) ~[?:?]
	at java.lang.Thread.run(Thread.java:840) ~[?:?]
Caused by: java.net.SocketException: Connection reset
	at sun.nio.ch.NioSocketImpl.implRead(NioSocketImpl.java:328) ~[?:?]
	at sun.nio.ch.NioSocketImpl.read(NioSocketImpl.java:355) ~[?:?]
	at sun.nio.ch.NioSocketImpl$1.read(NioSocketImpl.java:808) ~[?:?]
	at java.net.Socket$SocketInputStream.read(Socket.java:966) ~[?:?]
	at java.io.BufferedInputStream.fill(BufferedInputStream.java:244) ~[?:?]
	at java.io.BufferedInputStream.read1(BufferedInputStream.java:284) ~[?:?]
	at java.io.BufferedInputStream.read(BufferedInputStream.java:343) ~[?:?]
	at org.apache.thrift.transport.TIOStreamTransport.read(TIOStreamTransport.java:177) ~[libthrift-0.16.0.jar:0.16.0]
	... 9 more
RuntimeLogger 2025-07-31 07:08:17,174 ERROR (thrift-server-pool-2|189) [TThreadPoolServer$WorkerProcess.run():260] Thrift Error occurred during processing of message.
org.apache.thrift.transport.TTransportException: java.net.SocketException: Connection reset
	at org.apache.thrift.transport.TIOStreamTransport.read(TIOStreamTransport.java:181) ~[libthrift-0.16.0.jar:0.16.0]
	at org.apache.thrift.transport.TTransport.readAll(TTransport.java:109) ~[libthrift-0.16.0.jar:0.16.0]
	at org.apache.thrift.protocol.TBinaryProtocol.readAll(TBinaryProtocol.java:464) ~[libthrift-0.16.0.jar:0.16.0]
	at org.apache.thrift.protocol.TBinaryProtocol.readI32(TBinaryProtocol.java:362) ~[libthrift-0.16.0.jar:0.16.0]
	at org.apache.thrift.protocol.TBinaryProtocol.readMessageBegin(TBinaryProtocol.java:245) ~[libthrift-0.16.0.jar:0.16.0]
	at org.apache.thrift.TBaseProcessor.process(TBaseProcessor.java:27) ~[libthrift-0.16.0.jar:0.16.0]
	at org.apache.thrift.server.TThreadPoolServer$WorkerProcess.run(TThreadPoolServer.java:250) ~[libthrift-0.16.0.jar:0.16.0]
	at java.util.concurrent.ThreadPoolExecutor.runWorker(ThreadPoolExecutor.java:1136) ~[?:?]
	at java.util.concurrent.ThreadPoolExecutor$Worker.run(ThreadPoolExecutor.java:635) ~[?:?]
	at java.lang.Thread.run(Thread.java:840) ~[?:?]
Caused by: java.net.SocketException: Connection reset
	at sun.nio.ch.NioSocketImpl.implRead(NioSocketImpl.java:328) ~[?:?]
	at sun.nio.ch.NioSocketImpl.read(NioSocketImpl.java:355) ~[?:?]
	at sun.nio.ch.NioSocketImpl$1.read(NioSocketImpl.java:808) ~[?:?]
	at java.net.Socket$SocketInputStream.read(Socket.java:966) ~[?:?]
	at java.io.BufferedInputStream.fill(BufferedInputStream.java:244) ~[?:?]
	at java.io.BufferedInputStream.read1(BufferedInputStream.java:284) ~[?:?]
	at java.io.BufferedInputStream.read(BufferedInputStream.java:343) ~[?:?]
	at org.apache.thrift.transport.TIOStreamTransport.read(TIOStreamTransport.java:177) ~[libthrift-0.16.0.jar:0.16.0]
	... 9 more
RuntimeLogger 2025-07-31 07:08:17,174 ERROR (thrift-server-pool-0|189) [TThreadPoolServer$WorkerProcess.run():260] Thrift Error occurred during processing of message.
org.apache.thrift.transport.TTransportException: java.net.SocketException: Connection reset
	at org.apache.thrift.transport.TIOStreamTransport.read(TIOStreamTransport.java:181) ~[libthrift-0.16.0.jar:0.16.0]
	at org.apache.thrift.transport.TTransport.readAll(TTransport.java:109) ~[libthrift-0.16.0.jar:0.16.0]
	at org.apache.thrift.protocol.TBinaryProtocol.readAll(TBinaryProtocol.java:464) ~[libthrift-0.16.0.jar:0.16.0]
	at org.apache.thrift.protocol.TBinaryProtocol.readI32(TBinaryProtocol.java:362) ~[libthrift-0.16.0.jar:0.16.0]
	at org.apache.thrift.protocol.TBinaryProtocol.readMessageBegin(TBinaryProtocol.java:245) ~[libthrift-0.16.0.jar:0.16.0]
	at org.apache.thrift.TBaseProcessor.process(TBaseProcessor.java:27) ~[libthrift-0.16.0.jar:0.16.0]
	at org.apache.thrift.server.TThreadPoolServer$WorkerProcess.run(TThreadPoolServer.java:250) ~[libthrift-0.16.0.jar:0.16.0]
	at java.util.concurrent.ThreadPoolExecutor.runWorker(ThreadPoolExecutor.java:1136) ~[?:?]
	at java.util.concurrent.ThreadPoolExecutor$Worker.run(ThreadPoolExecutor.java:635) ~[?:?]
	at java.lang.Thread.run(Thread.java:840) ~[?:?]
Caused by: java.net.SocketException: Connection reset
	at sun.nio.ch.NioSocketImpl.implRead(NioSocketImpl.java:328) ~[?:?]
	at sun.nio.ch.NioSocketImpl.read(NioSocketImpl.java:355) ~[?:?]
	at sun.nio.ch.NioSocketImpl$1.read(NioSocketImpl.java:808) ~[?:?]
	at java.net.Socket$SocketInputStream.read(Socket.java:966) ~[?:?]
	at java.io.BufferedInputStream.fill(BufferedInputStream.java:244) ~[?:?]
	at java.io.BufferedInputStream.read1(BufferedInputStream.java:284) ~[?:?]
	at java.io.BufferedInputStream.read(BufferedInputStream.java:343) ~[?:?]
	at org.apache.thrift.transport.TIOStreamTransport.read(TIOStreamTransport.java:177) ~[libthrift-0.16.0.jar:0.16.0]
	... 9 more
2025-07-31 07:08:24,836 ERROR (main|15) [LogLog.warn():157] log4j:WARN No appenders could be found for logger (io.netty.util.internal.InternalThreadLocalMap).
2025-07-31 07:08:24,837 ERROR (main|15) [LogLog.warn():157] log4j:WARN Please initialize the log4j system properly.
2025-07-31 07:08:24,837 ERROR (main|15) [LogLog.warn():157] log4j:WARN See http://logging.apache.org/log4j/1.2/faq.html#noconfig for more info.
2025-07-31 07:08:27,469 WARN (UNKNOWN fe_607dc33c_920e_476d_afab_e4483fc2418f(-1)|15) [Env.notifyNewFETypeTransfer():2838] notify new FE type transfer: MASTER
2025-07-31 07:08:27,482 WARN (stateListener|15) [Backend.handleHbResponse():916] Backend [id=1753687783636, host=172.20.80.3, heartbeatPort=9050, alive=false, lastStartTime=2025-07-30 14:51:36, process epoch=1753887096706, isDecommissioned=false, tags: {location=default}], backendStatus: [lastSuccessReportTabletsTime='null', lastStreamLoadTime=-1, isQueryDisabled=false, isLoadDisabled=false, currentFragmentNum=0, lastFragmentUpdateTime=0] is dead,
2025-07-31 07:08:27,723 ERROR (DynamicPartitionScheduler|15) [SystemInfoService.selectBackendIdsForReplicaCreation():544] failed backend(s) for policy: computeNode=false | query=false | load=false | schedule=true | tags={"location" : "default"} | medium=SSD real medium HDD
2025-07-31 07:08:27,724 WARN (DynamicPartitionScheduler|15) [DynamicPartitionScheduler.executeDynamicPartition():666] has error
org.apache.doris.common.DdlException: errCode = 2, detailMessage = Failed to find enough backend, please check the replication num,replication tag and storage medium and avail capacity of backends or maybe all be on same host. Backends details: backends with tag {"location" : "default"} is [[backendId=1753687783636, host=172.20.80.3, hdd disks count={}, ssd disk count={}]], 
Create failed replications:
replication tag: {"location" : "default"}, replication num: 1, storage medium: HDD
	at org.apache.doris.system.SystemInfoService.selectBackendIdsForReplicaCreation(SystemInfoService.java:559) ~[doris-fe.jar:1.2-SNAPSHOT]
	at org.apache.doris.datasource.InternalCatalog.createTablets(InternalCatalog.java:3415) ~[doris-fe.jar:1.2-SNAPSHOT]
	at org.apache.doris.datasource.InternalCatalog.createPartitionWithIndices(InternalCatalog.java:2146) ~[doris-fe.jar:1.2-SNAPSHOT]
	at org.apache.doris.datasource.InternalCatalog.addPartition(InternalCatalog.java:1782) ~[doris-fe.jar:1.2-SNAPSHOT]
	at org.apache.doris.catalog.Env.addPartition(Env.java:3372) ~[doris-fe.jar:1.2-SNAPSHOT]
	at org.apache.doris.clone.DynamicPartitionScheduler.executeDynamicPartition(DynamicPartitionScheduler.java:655) ~[doris-fe.jar:1.2-SNAPSHOT]
	at org.apache.doris.clone.DynamicPartitionScheduler.runAfterCatalogReady(DynamicPartitionScheduler.java:885) ~[doris-fe.jar:1.2-SNAPSHOT]
	at org.apache.doris.common.util.MasterDaemon.runOneCycle(MasterDaemon.java:58) ~[doris-fe.jar:1.2-SNAPSHOT]
	at org.apache.doris.clone.DynamicPartitionScheduler.run(DynamicPartitionScheduler.java:844) ~[doris-fe.jar:1.2-SNAPSHOT]
