[2025-07-30T14:26:59.397+0000] {local_task_job_runner.py:123} INFO - ::group::Pre task execution logs
[2025-07-30T14:26:59.660+0000] {taskinstance.py:2612} INFO - Dependencies all met for dep_context=non-requeueable deps ti=<TaskInstance: dag_json_to_doris.truncate_price_change manual__2025-07-30T14:13:04.204461+00:00 [queued]>
[2025-07-30T14:26:59.714+0000] {taskinstance.py:2612} INFO - Dependencies all met for dep_context=requeueable deps ti=<TaskInstance: dag_json_to_doris.truncate_price_change manual__2025-07-30T14:13:04.204461+00:00 [queued]>
[2025-07-30T14:26:59.715+0000] {taskinstance.py:2865} INFO - Starting attempt 2 of 2
[2025-07-30T14:26:59.863+0000] {taskinstance.py:2888} INFO - Executing <Task(SQLExecuteQueryOperator): truncate_price_change> on 2025-07-30 14:13:04.204461+00:00
[2025-07-30T14:26:59.909+0000] {warnings.py:112} WARNING - /home/***/.local/lib/python3.12/site-packages/***/task/task_runner/standard_task_runner.py:70: DeprecationWarning: This process (pid=66) is multi-threaded, use of fork() may lead to deadlocks in the child.
  pid = os.fork()

[2025-07-30T14:26:59.928+0000] {standard_task_runner.py:72} INFO - Started process 88 to run task
[2025-07-30T14:26:59.935+0000] {standard_task_runner.py:104} INFO - Running: ['***', 'tasks', 'run', 'dag_json_to_doris', 'truncate_price_change', 'manual__2025-07-30T14:13:04.204461+00:00', '--job-id', '127', '--raw', '--subdir', 'DAGS_FOLDER/dag_json_to_doris.py', '--cfg-path', '/tmp/tmpac3qfdje']
[2025-07-30T14:26:59.943+0000] {standard_task_runner.py:105} INFO - Job 127: Subtask truncate_price_change
[2025-07-30T14:27:06.709+0000] {task_command.py:467} INFO - Running <TaskInstance: dag_json_to_doris.truncate_price_change manual__2025-07-30T14:13:04.204461+00:00 [running]> on host 62ffd1c06c18
[2025-07-30T14:27:07.077+0000] {taskinstance.py:3131} INFO - Exporting env vars: AIRFLOW_CTX_DAG_OWNER='reza' AIRFLOW_CTX_DAG_ID='dag_json_to_doris' AIRFLOW_CTX_TASK_ID='truncate_price_change' AIRFLOW_CTX_EXECUTION_DATE='2025-07-30T14:13:04.204461+00:00' AIRFLOW_CTX_TRY_NUMBER='2' AIRFLOW_CTX_DAG_RUN_ID='manual__2025-07-30T14:13:04.204461+00:00'
[2025-07-30T14:27:07.088+0000] {logging_mixin.py:190} INFO - Task instance is in running state
[2025-07-30T14:27:07.088+0000] {logging_mixin.py:190} INFO -  Previous state of the Task instance: queued
[2025-07-30T14:27:07.089+0000] {logging_mixin.py:190} INFO - Current task name:truncate_price_change state:running start_date:2025-07-30 14:26:59.668483+00:00
[2025-07-30T14:27:07.090+0000] {logging_mixin.py:190} INFO - Dag name:dag_json_to_doris and current dag run status:running
[2025-07-30T14:27:07.091+0000] {taskinstance.py:731} INFO - ::endgroup::
[2025-07-30T14:27:07.093+0000] {sql.py:266} INFO - Executing: truncate table raw.price_change
[2025-07-30T14:27:07.137+0000] {base.py:84} INFO - Retrieving connection 'mysql_doris_conn'
[2025-07-30T14:27:07.191+0000] {base.py:84} INFO - Retrieving connection 'mysql_doris_conn'
