[2025-07-30T17:08:58.900+0000] {local_task_job_runner.py:123} INFO - ::group::Pre task execution logs
[2025-07-30T17:08:58.931+0000] {taskinstance.py:2612} INFO - Dependencies all met for dep_context=non-requeueable deps ti=<TaskInstance: dag_refined_to_business.exec_sql_price_performance_summary manual__2025-07-30T17:08:20.152735+00:00 [queued]>
[2025-07-30T17:08:58.937+0000] {taskinstance.py:2612} INFO - Dependencies all met for dep_context=requeueable deps ti=<TaskInstance: dag_refined_to_business.exec_sql_price_performance_summary manual__2025-07-30T17:08:20.152735+00:00 [queued]>
[2025-07-30T17:08:58.939+0000] {taskinstance.py:2865} INFO - Starting attempt 1 of 2
[2025-07-30T17:08:58.955+0000] {taskinstance.py:2888} INFO - Executing <Task(SQLExecuteQueryOperator): exec_sql_price_performance_summary> on 2025-07-30 17:08:20.152735+00:00
[2025-07-30T17:08:58.995+0000] {warnings.py:112} WARNING - /home/***/.local/lib/python3.12/site-packages/***/task/task_runner/standard_task_runner.py:70: DeprecationWarning: This process (pid=1374) is multi-threaded, use of fork() may lead to deadlocks in the child.
  pid = os.fork()

[2025-07-30T17:08:59.002+0000] {standard_task_runner.py:72} INFO - Started process 1382 to run task
[2025-07-30T17:08:59.002+0000] {standard_task_runner.py:104} INFO - Running: ['***', 'tasks', 'run', 'dag_refined_to_business', 'exec_sql_price_performance_summary', 'manual__2025-07-30T17:08:20.152735+00:00', '--job-id', '214', '--raw', '--subdir', 'DAGS_FOLDER/dag_redined_to_business.py', '--cfg-path', '/tmp/tmps6vil5q8']
[2025-07-30T17:08:59.003+0000] {standard_task_runner.py:105} INFO - Job 214: Subtask exec_sql_price_performance_summary
[2025-07-30T17:08:59.106+0000] {task_command.py:467} INFO - Running <TaskInstance: dag_refined_to_business.exec_sql_price_performance_summary manual__2025-07-30T17:08:20.152735+00:00 [running]> on host 7609641ebe00
[2025-07-30T17:08:59.228+0000] {taskinstance.py:3131} INFO - Exporting env vars: AIRFLOW_CTX_DAG_OWNER='reza' AIRFLOW_CTX_DAG_ID='dag_refined_to_business' AIRFLOW_CTX_TASK_ID='exec_sql_price_performance_summary' AIRFLOW_CTX_EXECUTION_DATE='2025-07-30T17:08:20.152735+00:00' AIRFLOW_CTX_TRY_NUMBER='1' AIRFLOW_CTX_DAG_RUN_ID='manual__2025-07-30T17:08:20.152735+00:00'
[2025-07-30T17:08:59.231+0000] {logging_mixin.py:190} INFO - Task instance is in running state
[2025-07-30T17:08:59.231+0000] {logging_mixin.py:190} INFO -  Previous state of the Task instance: queued
[2025-07-30T17:08:59.232+0000] {logging_mixin.py:190} INFO - Current task name:exec_sql_price_performance_summary state:running start_date:2025-07-30 17:08:58.932513+00:00
[2025-07-30T17:08:59.232+0000] {logging_mixin.py:190} INFO - Dag name:dag_refined_to_business and current dag run status:running
[2025-07-30T17:08:59.233+0000] {taskinstance.py:731} INFO - ::endgroup::
[2025-07-30T17:08:59.238+0000] {sql.py:266} INFO - Executing: INSERT INTO business.price_performance_summary
SELECT
  symbol,
  price_change_24h,
  price_change_pct_24h,
  ath AS all_time_high,
  atl AS all_time_low
FROM refined.coingecko_flat;
[2025-07-30T17:08:59.254+0000] {base.py:84} INFO - Retrieving connection 'mysql_doris_conn'
[2025-07-30T17:08:59.276+0000] {base.py:84} INFO - Retrieving connection 'mysql_doris_conn'
[2025-07-30T17:08:59.450+0000] {sql.py:509} INFO - Running statement: INSERT INTO business.price_performance_summary
SELECT
  symbol,
  price_change_24h,
  price_change_pct_24h,
  ath AS all_time_high,
  atl AS all_time_low
FROM refined.coingecko_flat;, parameters: None
[2025-07-30T17:09:00.002+0000] {sql.py:518} INFO - Rows affected: 1000
[2025-07-30T17:09:00.117+0000] {taskinstance.py:340} INFO - ::group::Post task execution logs
[2025-07-30T17:09:00.118+0000] {taskinstance.py:352} INFO - Marking task as SUCCESS. dag_id=dag_refined_to_business, task_id=exec_sql_price_performance_summary, run_id=manual__2025-07-30T17:08:20.152735+00:00, execution_date=20250730T170820, start_date=20250730T170858, end_date=20250730T170900
[2025-07-30T17:09:00.171+0000] {logging_mixin.py:190} INFO - Task instance in success state
[2025-07-30T17:09:00.175+0000] {logging_mixin.py:190} INFO -  Previous state of the Task instance: running
[2025-07-30T17:09:00.180+0000] {logging_mixin.py:190} INFO - Dag name:dag_refined_to_business queued_at:2025-07-30 17:08:20.197823+00:00
[2025-07-30T17:09:00.181+0000] {logging_mixin.py:190} INFO - Task hostname:7609641ebe00 operator:SQLExecuteQueryOperator
[2025-07-30T17:09:00.313+0000] {local_task_job_runner.py:266} INFO - Task exited with return code 0
[2025-07-30T17:09:00.448+0000] {taskinstance.py:3900} INFO - 0 downstream tasks scheduled from follow-on schedule check
[2025-07-30T17:09:00.450+0000] {local_task_job_runner.py:245} INFO - ::endgroup::
