[2025-07-28T15:52:45.990+0000] {processor.py:186} INFO - Started process (PID=1292) to work on /opt/airflow/dags/dag_json_to_doris.py
[2025-07-28T15:52:45.991+0000] {processor.py:914} INFO - Processing file /opt/airflow/dags/dag_json_to_doris.py for tasks to queue
[2025-07-28T15:52:45.995+0000] {logging_mixin.py:190} INFO - [2025-07-28T15:52:45.994+0000] {dagbag.py:587} INFO - Filling up the DagBag from /opt/airflow/dags/dag_json_to_doris.py
[2025-07-28T15:52:46.042+0000] {logging_mixin.py:190} INFO - [2025-07-28T15:52:46.037+0000] {templater.py:94} ERROR - Failed to resolve template field 'bash_command'
Traceback (most recent call last):
  File "/home/airflow/.local/lib/python3.12/site-packages/airflow/template/templater.py", line 92, in resolve_template_files
    setattr(self, field, env.loader.get_source(env, content)[0])  # type: ignore
                         ^^^^^^^^^^^^^^^^^^^^^^^^^^^^^^^^^^^
  File "/home/airflow/.local/lib/python3.12/site-packages/jinja2/loaders.py", line 207, in get_source
    raise TemplateNotFound(template)
jinja2.exceptions.TemplateNotFound: bash /opt/airflow/dags/script/identification_to_bronze.sh
[2025-07-28T15:52:46.043+0000] {logging_mixin.py:190} INFO - [2025-07-28T15:52:46.043+0000] {templater.py:94} ERROR - Failed to resolve template field 'bash_command'
Traceback (most recent call last):
  File "/home/airflow/.local/lib/python3.12/site-packages/airflow/template/templater.py", line 92, in resolve_template_files
    setattr(self, field, env.loader.get_source(env, content)[0])  # type: ignore
                         ^^^^^^^^^^^^^^^^^^^^^^^^^^^^^^^^^^^
  File "/home/airflow/.local/lib/python3.12/site-packages/jinja2/loaders.py", line 207, in get_source
    raise TemplateNotFound(template)
jinja2.exceptions.TemplateNotFound: bash /opt/airflow/dags/script/market_data_to_bronze.sh
[2025-07-28T15:52:46.043+0000] {logging_mixin.py:190} INFO - [2025-07-28T15:52:46.043+0000] {templater.py:94} ERROR - Failed to resolve template field 'bash_command'
Traceback (most recent call last):
  File "/home/airflow/.local/lib/python3.12/site-packages/airflow/template/templater.py", line 92, in resolve_template_files
    setattr(self, field, env.loader.get_source(env, content)[0])  # type: ignore
                         ^^^^^^^^^^^^^^^^^^^^^^^^^^^^^^^^^^^
  File "/home/airflow/.local/lib/python3.12/site-packages/jinja2/loaders.py", line 207, in get_source
    raise TemplateNotFound(template)
jinja2.exceptions.TemplateNotFound: bash /opt/airflow/dags/script/metadata_to_bronze.sh
[2025-07-28T15:52:46.043+0000] {logging_mixin.py:190} INFO - [2025-07-28T15:52:46.043+0000] {templater.py:94} ERROR - Failed to resolve template field 'bash_command'
Traceback (most recent call last):
  File "/home/airflow/.local/lib/python3.12/site-packages/airflow/template/templater.py", line 92, in resolve_template_files
    setattr(self, field, env.loader.get_source(env, content)[0])  # type: ignore
                         ^^^^^^^^^^^^^^^^^^^^^^^^^^^^^^^^^^^
  File "/home/airflow/.local/lib/python3.12/site-packages/jinja2/loaders.py", line 207, in get_source
    raise TemplateNotFound(template)
jinja2.exceptions.TemplateNotFound: bash /opt/airflow/dags/script/price_change_to_bronze.sh
[2025-07-28T15:52:46.044+0000] {logging_mixin.py:190} INFO - [2025-07-28T15:52:46.043+0000] {templater.py:94} ERROR - Failed to resolve template field 'bash_command'
Traceback (most recent call last):
  File "/home/airflow/.local/lib/python3.12/site-packages/airflow/template/templater.py", line 92, in resolve_template_files
    setattr(self, field, env.loader.get_source(env, content)[0])  # type: ignore
                         ^^^^^^^^^^^^^^^^^^^^^^^^^^^^^^^^^^^
  File "/home/airflow/.local/lib/python3.12/site-packages/jinja2/loaders.py", line 207, in get_source
    raise TemplateNotFound(template)
jinja2.exceptions.TemplateNotFound: bash /opt/airflow/dags/script/supply_data_to_bronze.sh
[2025-07-28T15:52:46.046+0000] {processor.py:925} INFO - DAG(s) 'dag_json_to_doris' retrieved from /opt/airflow/dags/dag_json_to_doris.py
[2025-07-28T15:52:46.133+0000] {logging_mixin.py:190} INFO - [2025-07-28T15:52:46.133+0000] {override.py:1900} INFO - Created Permission View: can edit on DAG:dag_json_to_doris
[2025-07-28T15:52:46.137+0000] {logging_mixin.py:190} INFO - [2025-07-28T15:52:46.137+0000] {override.py:1900} INFO - Created Permission View: can read on DAG:dag_json_to_doris
[2025-07-28T15:52:46.139+0000] {logging_mixin.py:190} INFO - [2025-07-28T15:52:46.139+0000] {override.py:1900} INFO - Created Permission View: can delete on DAG:dag_json_to_doris
[2025-07-28T15:52:46.141+0000] {logging_mixin.py:190} INFO - [2025-07-28T15:52:46.141+0000] {override.py:1900} INFO - Created Permission View: can read on DAG Run:dag_json_to_doris
[2025-07-28T15:52:46.142+0000] {logging_mixin.py:190} INFO - [2025-07-28T15:52:46.142+0000] {override.py:1900} INFO - Created Permission View: can delete on DAG Run:dag_json_to_doris
[2025-07-28T15:52:46.144+0000] {logging_mixin.py:190} INFO - [2025-07-28T15:52:46.144+0000] {override.py:1900} INFO - Created Permission View: can create on DAG Run:dag_json_to_doris
[2025-07-28T15:52:46.146+0000] {logging_mixin.py:190} INFO - [2025-07-28T15:52:46.146+0000] {override.py:1900} INFO - Created Permission View: menu access on DAG Run:dag_json_to_doris
[2025-07-28T15:52:46.147+0000] {logging_mixin.py:190} INFO - [2025-07-28T15:52:46.146+0000] {dag.py:3229} INFO - Sync 1 DAGs
[2025-07-28T15:52:46.153+0000] {logging_mixin.py:190} INFO - [2025-07-28T15:52:46.153+0000] {dag.py:3252} INFO - Creating ORM DAG for dag_json_to_doris
[2025-07-28T15:52:46.154+0000] {logging_mixin.py:190} INFO - [2025-07-28T15:52:46.154+0000] {dag.py:4156} INFO - Setting next_dagrun for dag_json_to_doris to None, run_after=None
[2025-07-28T15:52:46.163+0000] {processor.py:208} INFO - Processing /opt/airflow/dags/dag_json_to_doris.py took 0.180 seconds
[2025-07-28T15:53:16.659+0000] {processor.py:186} INFO - Started process (PID=1354) to work on /opt/airflow/dags/dag_json_to_doris.py
[2025-07-28T15:53:16.661+0000] {processor.py:914} INFO - Processing file /opt/airflow/dags/dag_json_to_doris.py for tasks to queue
[2025-07-28T15:53:16.665+0000] {logging_mixin.py:190} INFO - [2025-07-28T15:53:16.664+0000] {dagbag.py:587} INFO - Filling up the DagBag from /opt/airflow/dags/dag_json_to_doris.py
[2025-07-28T15:53:16.714+0000] {logging_mixin.py:190} INFO - [2025-07-28T15:53:16.712+0000] {templater.py:94} ERROR - Failed to resolve template field 'bash_command'
Traceback (most recent call last):
  File "/home/airflow/.local/lib/python3.12/site-packages/airflow/template/templater.py", line 92, in resolve_template_files
    setattr(self, field, env.loader.get_source(env, content)[0])  # type: ignore
                         ^^^^^^^^^^^^^^^^^^^^^^^^^^^^^^^^^^^
  File "/home/airflow/.local/lib/python3.12/site-packages/jinja2/loaders.py", line 207, in get_source
    raise TemplateNotFound(template)
jinja2.exceptions.TemplateNotFound: bash /opt/airflow/dags/script/identification_to_bronze.sh
[2025-07-28T15:53:16.715+0000] {logging_mixin.py:190} INFO - [2025-07-28T15:53:16.715+0000] {templater.py:94} ERROR - Failed to resolve template field 'bash_command'
Traceback (most recent call last):
  File "/home/airflow/.local/lib/python3.12/site-packages/airflow/template/templater.py", line 92, in resolve_template_files
    setattr(self, field, env.loader.get_source(env, content)[0])  # type: ignore
                         ^^^^^^^^^^^^^^^^^^^^^^^^^^^^^^^^^^^
  File "/home/airflow/.local/lib/python3.12/site-packages/jinja2/loaders.py", line 207, in get_source
    raise TemplateNotFound(template)
jinja2.exceptions.TemplateNotFound: bash /opt/airflow/dags/script/market_data_to_bronze.sh
[2025-07-28T15:53:16.715+0000] {logging_mixin.py:190} INFO - [2025-07-28T15:53:16.715+0000] {templater.py:94} ERROR - Failed to resolve template field 'bash_command'
Traceback (most recent call last):
  File "/home/airflow/.local/lib/python3.12/site-packages/airflow/template/templater.py", line 92, in resolve_template_files
    setattr(self, field, env.loader.get_source(env, content)[0])  # type: ignore
                         ^^^^^^^^^^^^^^^^^^^^^^^^^^^^^^^^^^^
  File "/home/airflow/.local/lib/python3.12/site-packages/jinja2/loaders.py", line 207, in get_source
    raise TemplateNotFound(template)
jinja2.exceptions.TemplateNotFound: bash /opt/airflow/dags/script/metadata_to_bronze.sh
[2025-07-28T15:53:16.715+0000] {logging_mixin.py:190} INFO - [2025-07-28T15:53:16.715+0000] {templater.py:94} ERROR - Failed to resolve template field 'bash_command'
Traceback (most recent call last):
  File "/home/airflow/.local/lib/python3.12/site-packages/airflow/template/templater.py", line 92, in resolve_template_files
    setattr(self, field, env.loader.get_source(env, content)[0])  # type: ignore
                         ^^^^^^^^^^^^^^^^^^^^^^^^^^^^^^^^^^^
  File "/home/airflow/.local/lib/python3.12/site-packages/jinja2/loaders.py", line 207, in get_source
    raise TemplateNotFound(template)
jinja2.exceptions.TemplateNotFound: bash /opt/airflow/dags/script/price_change_to_bronze.sh
[2025-07-28T15:53:16.716+0000] {logging_mixin.py:190} INFO - [2025-07-28T15:53:16.715+0000] {templater.py:94} ERROR - Failed to resolve template field 'bash_command'
Traceback (most recent call last):
  File "/home/airflow/.local/lib/python3.12/site-packages/airflow/template/templater.py", line 92, in resolve_template_files
    setattr(self, field, env.loader.get_source(env, content)[0])  # type: ignore
                         ^^^^^^^^^^^^^^^^^^^^^^^^^^^^^^^^^^^
  File "/home/airflow/.local/lib/python3.12/site-packages/jinja2/loaders.py", line 207, in get_source
    raise TemplateNotFound(template)
jinja2.exceptions.TemplateNotFound: bash /opt/airflow/dags/script/supply_data_to_bronze.sh
[2025-07-28T15:53:16.719+0000] {processor.py:925} INFO - DAG(s) 'dag_json_to_doris' retrieved from /opt/airflow/dags/dag_json_to_doris.py
[2025-07-28T15:53:16.733+0000] {logging_mixin.py:190} INFO - [2025-07-28T15:53:16.733+0000] {dag.py:3229} INFO - Sync 1 DAGs
[2025-07-28T15:53:16.750+0000] {logging_mixin.py:190} INFO - [2025-07-28T15:53:16.750+0000] {dag.py:4156} INFO - Setting next_dagrun for dag_json_to_doris to None, run_after=None
[2025-07-28T15:53:16.762+0000] {processor.py:208} INFO - Processing /opt/airflow/dags/dag_json_to_doris.py took 0.115 seconds
[2025-07-28T15:53:47.751+0000] {processor.py:186} INFO - Started process (PID=1417) to work on /opt/airflow/dags/dag_json_to_doris.py
[2025-07-28T15:53:47.754+0000] {processor.py:914} INFO - Processing file /opt/airflow/dags/dag_json_to_doris.py for tasks to queue
[2025-07-28T15:53:47.759+0000] {logging_mixin.py:190} INFO - [2025-07-28T15:53:47.758+0000] {dagbag.py:587} INFO - Filling up the DagBag from /opt/airflow/dags/dag_json_to_doris.py
[2025-07-28T15:53:47.810+0000] {logging_mixin.py:190} INFO - [2025-07-28T15:53:47.807+0000] {templater.py:94} ERROR - Failed to resolve template field 'bash_command'
Traceback (most recent call last):
  File "/home/airflow/.local/lib/python3.12/site-packages/airflow/template/templater.py", line 92, in resolve_template_files
    setattr(self, field, env.loader.get_source(env, content)[0])  # type: ignore
                         ^^^^^^^^^^^^^^^^^^^^^^^^^^^^^^^^^^^
  File "/home/airflow/.local/lib/python3.12/site-packages/jinja2/loaders.py", line 207, in get_source
    raise TemplateNotFound(template)
jinja2.exceptions.TemplateNotFound: bash /opt/airflow/dags/script/identification_to_bronze.sh
[2025-07-28T15:53:47.810+0000] {logging_mixin.py:190} INFO - [2025-07-28T15:53:47.810+0000] {templater.py:94} ERROR - Failed to resolve template field 'bash_command'
Traceback (most recent call last):
  File "/home/airflow/.local/lib/python3.12/site-packages/airflow/template/templater.py", line 92, in resolve_template_files
    setattr(self, field, env.loader.get_source(env, content)[0])  # type: ignore
                         ^^^^^^^^^^^^^^^^^^^^^^^^^^^^^^^^^^^
  File "/home/airflow/.local/lib/python3.12/site-packages/jinja2/loaders.py", line 207, in get_source
    raise TemplateNotFound(template)
jinja2.exceptions.TemplateNotFound: bash /opt/airflow/dags/script/market_data_to_bronze.sh
[2025-07-28T15:53:47.811+0000] {logging_mixin.py:190} INFO - [2025-07-28T15:53:47.811+0000] {templater.py:94} ERROR - Failed to resolve template field 'bash_command'
Traceback (most recent call last):
  File "/home/airflow/.local/lib/python3.12/site-packages/airflow/template/templater.py", line 92, in resolve_template_files
    setattr(self, field, env.loader.get_source(env, content)[0])  # type: ignore
                         ^^^^^^^^^^^^^^^^^^^^^^^^^^^^^^^^^^^
  File "/home/airflow/.local/lib/python3.12/site-packages/jinja2/loaders.py", line 207, in get_source
    raise TemplateNotFound(template)
jinja2.exceptions.TemplateNotFound: bash /opt/airflow/dags/script/metadata_to_bronze.sh
[2025-07-28T15:53:47.811+0000] {logging_mixin.py:190} INFO - [2025-07-28T15:53:47.811+0000] {templater.py:94} ERROR - Failed to resolve template field 'bash_command'
Traceback (most recent call last):
  File "/home/airflow/.local/lib/python3.12/site-packages/airflow/template/templater.py", line 92, in resolve_template_files
    setattr(self, field, env.loader.get_source(env, content)[0])  # type: ignore
                         ^^^^^^^^^^^^^^^^^^^^^^^^^^^^^^^^^^^
  File "/home/airflow/.local/lib/python3.12/site-packages/jinja2/loaders.py", line 207, in get_source
    raise TemplateNotFound(template)
jinja2.exceptions.TemplateNotFound: bash /opt/airflow/dags/script/price_change_to_bronze.sh
[2025-07-28T15:53:47.811+0000] {logging_mixin.py:190} INFO - [2025-07-28T15:53:47.811+0000] {templater.py:94} ERROR - Failed to resolve template field 'bash_command'
Traceback (most recent call last):
  File "/home/airflow/.local/lib/python3.12/site-packages/airflow/template/templater.py", line 92, in resolve_template_files
    setattr(self, field, env.loader.get_source(env, content)[0])  # type: ignore
                         ^^^^^^^^^^^^^^^^^^^^^^^^^^^^^^^^^^^
  File "/home/airflow/.local/lib/python3.12/site-packages/jinja2/loaders.py", line 207, in get_source
    raise TemplateNotFound(template)
jinja2.exceptions.TemplateNotFound: bash /opt/airflow/dags/script/supply_data_to_bronze.sh
[2025-07-28T15:53:47.814+0000] {processor.py:925} INFO - DAG(s) 'dag_json_to_doris' retrieved from /opt/airflow/dags/dag_json_to_doris.py
[2025-07-28T15:53:47.824+0000] {logging_mixin.py:190} INFO - [2025-07-28T15:53:47.824+0000] {dag.py:3229} INFO - Sync 1 DAGs
[2025-07-28T15:53:47.836+0000] {logging_mixin.py:190} INFO - [2025-07-28T15:53:47.836+0000] {dag.py:4156} INFO - Setting next_dagrun for dag_json_to_doris to None, run_after=None
[2025-07-28T15:53:47.847+0000] {processor.py:208} INFO - Processing /opt/airflow/dags/dag_json_to_doris.py took 0.109 seconds
[2025-07-28T15:54:18.613+0000] {processor.py:186} INFO - Started process (PID=1480) to work on /opt/airflow/dags/dag_json_to_doris.py
[2025-07-28T15:54:18.615+0000] {processor.py:914} INFO - Processing file /opt/airflow/dags/dag_json_to_doris.py for tasks to queue
[2025-07-28T15:54:18.619+0000] {logging_mixin.py:190} INFO - [2025-07-28T15:54:18.619+0000] {dagbag.py:587} INFO - Filling up the DagBag from /opt/airflow/dags/dag_json_to_doris.py
[2025-07-28T15:54:18.667+0000] {logging_mixin.py:190} INFO - [2025-07-28T15:54:18.664+0000] {templater.py:94} ERROR - Failed to resolve template field 'bash_command'
Traceback (most recent call last):
  File "/home/airflow/.local/lib/python3.12/site-packages/airflow/template/templater.py", line 92, in resolve_template_files
    setattr(self, field, env.loader.get_source(env, content)[0])  # type: ignore
                         ^^^^^^^^^^^^^^^^^^^^^^^^^^^^^^^^^^^
  File "/home/airflow/.local/lib/python3.12/site-packages/jinja2/loaders.py", line 207, in get_source
    raise TemplateNotFound(template)
jinja2.exceptions.TemplateNotFound: bash /opt/airflow/dags/script/identification_to_bronze.sh
[2025-07-28T15:54:18.668+0000] {logging_mixin.py:190} INFO - [2025-07-28T15:54:18.668+0000] {templater.py:94} ERROR - Failed to resolve template field 'bash_command'
Traceback (most recent call last):
  File "/home/airflow/.local/lib/python3.12/site-packages/airflow/template/templater.py", line 92, in resolve_template_files
    setattr(self, field, env.loader.get_source(env, content)[0])  # type: ignore
                         ^^^^^^^^^^^^^^^^^^^^^^^^^^^^^^^^^^^
  File "/home/airflow/.local/lib/python3.12/site-packages/jinja2/loaders.py", line 207, in get_source
    raise TemplateNotFound(template)
jinja2.exceptions.TemplateNotFound: bash /opt/airflow/dags/script/market_data_to_bronze.sh
[2025-07-28T15:54:18.668+0000] {logging_mixin.py:190} INFO - [2025-07-28T15:54:18.668+0000] {templater.py:94} ERROR - Failed to resolve template field 'bash_command'
Traceback (most recent call last):
  File "/home/airflow/.local/lib/python3.12/site-packages/airflow/template/templater.py", line 92, in resolve_template_files
    setattr(self, field, env.loader.get_source(env, content)[0])  # type: ignore
                         ^^^^^^^^^^^^^^^^^^^^^^^^^^^^^^^^^^^
  File "/home/airflow/.local/lib/python3.12/site-packages/jinja2/loaders.py", line 207, in get_source
    raise TemplateNotFound(template)
jinja2.exceptions.TemplateNotFound: bash /opt/airflow/dags/script/metadata_to_bronze.sh
[2025-07-28T15:54:18.668+0000] {logging_mixin.py:190} INFO - [2025-07-28T15:54:18.668+0000] {templater.py:94} ERROR - Failed to resolve template field 'bash_command'
Traceback (most recent call last):
  File "/home/airflow/.local/lib/python3.12/site-packages/airflow/template/templater.py", line 92, in resolve_template_files
    setattr(self, field, env.loader.get_source(env, content)[0])  # type: ignore
                         ^^^^^^^^^^^^^^^^^^^^^^^^^^^^^^^^^^^
  File "/home/airflow/.local/lib/python3.12/site-packages/jinja2/loaders.py", line 207, in get_source
    raise TemplateNotFound(template)
jinja2.exceptions.TemplateNotFound: bash /opt/airflow/dags/script/price_change_to_bronze.sh
[2025-07-28T15:54:18.669+0000] {logging_mixin.py:190} INFO - [2025-07-28T15:54:18.669+0000] {templater.py:94} ERROR - Failed to resolve template field 'bash_command'
Traceback (most recent call last):
  File "/home/airflow/.local/lib/python3.12/site-packages/airflow/template/templater.py", line 92, in resolve_template_files
    setattr(self, field, env.loader.get_source(env, content)[0])  # type: ignore
                         ^^^^^^^^^^^^^^^^^^^^^^^^^^^^^^^^^^^
  File "/home/airflow/.local/lib/python3.12/site-packages/jinja2/loaders.py", line 207, in get_source
    raise TemplateNotFound(template)
jinja2.exceptions.TemplateNotFound: bash /opt/airflow/dags/script/supply_data_to_bronze.sh
[2025-07-28T15:54:18.671+0000] {processor.py:925} INFO - DAG(s) 'dag_json_to_doris' retrieved from /opt/airflow/dags/dag_json_to_doris.py
[2025-07-28T15:54:18.680+0000] {logging_mixin.py:190} INFO - [2025-07-28T15:54:18.680+0000] {dag.py:3229} INFO - Sync 1 DAGs
[2025-07-28T15:54:18.694+0000] {logging_mixin.py:190} INFO - [2025-07-28T15:54:18.694+0000] {dag.py:4156} INFO - Setting next_dagrun for dag_json_to_doris to None, run_after=None
[2025-07-28T15:54:18.713+0000] {processor.py:208} INFO - Processing /opt/airflow/dags/dag_json_to_doris.py took 0.110 seconds
[2025-07-28T15:54:49.519+0000] {processor.py:186} INFO - Started process (PID=1543) to work on /opt/airflow/dags/dag_json_to_doris.py
[2025-07-28T15:54:49.521+0000] {processor.py:914} INFO - Processing file /opt/airflow/dags/dag_json_to_doris.py for tasks to queue
[2025-07-28T15:54:49.525+0000] {logging_mixin.py:190} INFO - [2025-07-28T15:54:49.524+0000] {dagbag.py:587} INFO - Filling up the DagBag from /opt/airflow/dags/dag_json_to_doris.py
[2025-07-28T15:54:49.594+0000] {logging_mixin.py:190} INFO - [2025-07-28T15:54:49.575+0000] {templater.py:94} ERROR - Failed to resolve template field 'bash_command'
Traceback (most recent call last):
  File "/home/airflow/.local/lib/python3.12/site-packages/airflow/template/templater.py", line 92, in resolve_template_files
    setattr(self, field, env.loader.get_source(env, content)[0])  # type: ignore
                         ^^^^^^^^^^^^^^^^^^^^^^^^^^^^^^^^^^^
  File "/home/airflow/.local/lib/python3.12/site-packages/jinja2/loaders.py", line 207, in get_source
    raise TemplateNotFound(template)
jinja2.exceptions.TemplateNotFound: bash /opt/airflow/dags/script/identification_to_bronze.sh
[2025-07-28T15:54:49.597+0000] {logging_mixin.py:190} INFO - [2025-07-28T15:54:49.596+0000] {templater.py:94} ERROR - Failed to resolve template field 'bash_command'
Traceback (most recent call last):
  File "/home/airflow/.local/lib/python3.12/site-packages/airflow/template/templater.py", line 92, in resolve_template_files
    setattr(self, field, env.loader.get_source(env, content)[0])  # type: ignore
                         ^^^^^^^^^^^^^^^^^^^^^^^^^^^^^^^^^^^
  File "/home/airflow/.local/lib/python3.12/site-packages/jinja2/loaders.py", line 207, in get_source
    raise TemplateNotFound(template)
jinja2.exceptions.TemplateNotFound: bash /opt/airflow/dags/script/market_data_to_bronze.sh
[2025-07-28T15:54:49.598+0000] {logging_mixin.py:190} INFO - [2025-07-28T15:54:49.597+0000] {templater.py:94} ERROR - Failed to resolve template field 'bash_command'
Traceback (most recent call last):
  File "/home/airflow/.local/lib/python3.12/site-packages/airflow/template/templater.py", line 92, in resolve_template_files
    setattr(self, field, env.loader.get_source(env, content)[0])  # type: ignore
                         ^^^^^^^^^^^^^^^^^^^^^^^^^^^^^^^^^^^
  File "/home/airflow/.local/lib/python3.12/site-packages/jinja2/loaders.py", line 207, in get_source
    raise TemplateNotFound(template)
jinja2.exceptions.TemplateNotFound: bash /opt/airflow/dags/script/metadata_to_bronze.sh
[2025-07-28T15:54:49.598+0000] {logging_mixin.py:190} INFO - [2025-07-28T15:54:49.598+0000] {templater.py:94} ERROR - Failed to resolve template field 'bash_command'
Traceback (most recent call last):
  File "/home/airflow/.local/lib/python3.12/site-packages/airflow/template/templater.py", line 92, in resolve_template_files
    setattr(self, field, env.loader.get_source(env, content)[0])  # type: ignore
                         ^^^^^^^^^^^^^^^^^^^^^^^^^^^^^^^^^^^
  File "/home/airflow/.local/lib/python3.12/site-packages/jinja2/loaders.py", line 207, in get_source
    raise TemplateNotFound(template)
jinja2.exceptions.TemplateNotFound: bash /opt/airflow/dags/script/price_change_to_bronze.sh
[2025-07-28T15:54:49.599+0000] {logging_mixin.py:190} INFO - [2025-07-28T15:54:49.598+0000] {templater.py:94} ERROR - Failed to resolve template field 'bash_command'
Traceback (most recent call last):
  File "/home/airflow/.local/lib/python3.12/site-packages/airflow/template/templater.py", line 92, in resolve_template_files
    setattr(self, field, env.loader.get_source(env, content)[0])  # type: ignore
                         ^^^^^^^^^^^^^^^^^^^^^^^^^^^^^^^^^^^
  File "/home/airflow/.local/lib/python3.12/site-packages/jinja2/loaders.py", line 207, in get_source
    raise TemplateNotFound(template)
jinja2.exceptions.TemplateNotFound: bash /opt/airflow/dags/script/supply_data_to_bronze.sh
[2025-07-28T15:54:49.605+0000] {processor.py:925} INFO - DAG(s) 'dag_json_to_doris' retrieved from /opt/airflow/dags/dag_json_to_doris.py
[2025-07-28T15:54:49.627+0000] {logging_mixin.py:190} INFO - [2025-07-28T15:54:49.627+0000] {dag.py:3229} INFO - Sync 1 DAGs
[2025-07-28T15:54:49.642+0000] {logging_mixin.py:190} INFO - [2025-07-28T15:54:49.642+0000] {dag.py:4156} INFO - Setting next_dagrun for dag_json_to_doris to None, run_after=None
[2025-07-28T15:54:49.665+0000] {processor.py:208} INFO - Processing /opt/airflow/dags/dag_json_to_doris.py took 0.163 seconds
[2025-07-28T15:55:20.391+0000] {processor.py:186} INFO - Started process (PID=1606) to work on /opt/airflow/dags/dag_json_to_doris.py
[2025-07-28T15:55:20.394+0000] {processor.py:914} INFO - Processing file /opt/airflow/dags/dag_json_to_doris.py for tasks to queue
[2025-07-28T15:55:20.397+0000] {logging_mixin.py:190} INFO - [2025-07-28T15:55:20.396+0000] {dagbag.py:587} INFO - Filling up the DagBag from /opt/airflow/dags/dag_json_to_doris.py
[2025-07-28T15:55:20.438+0000] {logging_mixin.py:190} INFO - [2025-07-28T15:55:20.435+0000] {templater.py:94} ERROR - Failed to resolve template field 'bash_command'
Traceback (most recent call last):
  File "/home/airflow/.local/lib/python3.12/site-packages/airflow/template/templater.py", line 92, in resolve_template_files
    setattr(self, field, env.loader.get_source(env, content)[0])  # type: ignore
                         ^^^^^^^^^^^^^^^^^^^^^^^^^^^^^^^^^^^
  File "/home/airflow/.local/lib/python3.12/site-packages/jinja2/loaders.py", line 207, in get_source
    raise TemplateNotFound(template)
jinja2.exceptions.TemplateNotFound: bash /opt/airflow/dags/script/identification_to_bronze.sh
[2025-07-28T15:55:20.439+0000] {logging_mixin.py:190} INFO - [2025-07-28T15:55:20.439+0000] {templater.py:94} ERROR - Failed to resolve template field 'bash_command'
Traceback (most recent call last):
  File "/home/airflow/.local/lib/python3.12/site-packages/airflow/template/templater.py", line 92, in resolve_template_files
    setattr(self, field, env.loader.get_source(env, content)[0])  # type: ignore
                         ^^^^^^^^^^^^^^^^^^^^^^^^^^^^^^^^^^^
  File "/home/airflow/.local/lib/python3.12/site-packages/jinja2/loaders.py", line 207, in get_source
    raise TemplateNotFound(template)
jinja2.exceptions.TemplateNotFound: bash /opt/airflow/dags/script/market_data_to_bronze.sh
[2025-07-28T15:55:20.439+0000] {logging_mixin.py:190} INFO - [2025-07-28T15:55:20.439+0000] {templater.py:94} ERROR - Failed to resolve template field 'bash_command'
Traceback (most recent call last):
  File "/home/airflow/.local/lib/python3.12/site-packages/airflow/template/templater.py", line 92, in resolve_template_files
    setattr(self, field, env.loader.get_source(env, content)[0])  # type: ignore
                         ^^^^^^^^^^^^^^^^^^^^^^^^^^^^^^^^^^^
  File "/home/airflow/.local/lib/python3.12/site-packages/jinja2/loaders.py", line 207, in get_source
    raise TemplateNotFound(template)
jinja2.exceptions.TemplateNotFound: bash /opt/airflow/dags/script/metadata_to_bronze.sh
[2025-07-28T15:55:20.440+0000] {logging_mixin.py:190} INFO - [2025-07-28T15:55:20.439+0000] {templater.py:94} ERROR - Failed to resolve template field 'bash_command'
Traceback (most recent call last):
  File "/home/airflow/.local/lib/python3.12/site-packages/airflow/template/templater.py", line 92, in resolve_template_files
    setattr(self, field, env.loader.get_source(env, content)[0])  # type: ignore
                         ^^^^^^^^^^^^^^^^^^^^^^^^^^^^^^^^^^^
  File "/home/airflow/.local/lib/python3.12/site-packages/jinja2/loaders.py", line 207, in get_source
    raise TemplateNotFound(template)
jinja2.exceptions.TemplateNotFound: bash /opt/airflow/dags/script/price_change_to_bronze.sh
[2025-07-28T15:55:20.440+0000] {logging_mixin.py:190} INFO - [2025-07-28T15:55:20.440+0000] {templater.py:94} ERROR - Failed to resolve template field 'bash_command'
Traceback (most recent call last):
  File "/home/airflow/.local/lib/python3.12/site-packages/airflow/template/templater.py", line 92, in resolve_template_files
    setattr(self, field, env.loader.get_source(env, content)[0])  # type: ignore
                         ^^^^^^^^^^^^^^^^^^^^^^^^^^^^^^^^^^^
  File "/home/airflow/.local/lib/python3.12/site-packages/jinja2/loaders.py", line 207, in get_source
    raise TemplateNotFound(template)
jinja2.exceptions.TemplateNotFound: bash /opt/airflow/dags/script/supply_data_to_bronze.sh
[2025-07-28T15:55:20.443+0000] {processor.py:925} INFO - DAG(s) 'dag_json_to_doris' retrieved from /opt/airflow/dags/dag_json_to_doris.py
[2025-07-28T15:55:20.452+0000] {logging_mixin.py:190} INFO - [2025-07-28T15:55:20.452+0000] {dag.py:3229} INFO - Sync 1 DAGs
[2025-07-28T15:55:20.469+0000] {logging_mixin.py:190} INFO - [2025-07-28T15:55:20.469+0000] {dag.py:4156} INFO - Setting next_dagrun for dag_json_to_doris to None, run_after=None
[2025-07-28T15:55:20.482+0000] {processor.py:208} INFO - Processing /opt/airflow/dags/dag_json_to_doris.py took 0.105 seconds
[2025-07-28T15:55:51.315+0000] {processor.py:186} INFO - Started process (PID=1669) to work on /opt/airflow/dags/dag_json_to_doris.py
[2025-07-28T15:55:51.317+0000] {processor.py:914} INFO - Processing file /opt/airflow/dags/dag_json_to_doris.py for tasks to queue
[2025-07-28T15:55:51.324+0000] {logging_mixin.py:190} INFO - [2025-07-28T15:55:51.323+0000] {dagbag.py:587} INFO - Filling up the DagBag from /opt/airflow/dags/dag_json_to_doris.py
[2025-07-28T15:55:51.371+0000] {logging_mixin.py:190} INFO - [2025-07-28T15:55:51.367+0000] {templater.py:94} ERROR - Failed to resolve template field 'bash_command'
Traceback (most recent call last):
  File "/home/airflow/.local/lib/python3.12/site-packages/airflow/template/templater.py", line 92, in resolve_template_files
    setattr(self, field, env.loader.get_source(env, content)[0])  # type: ignore
                         ^^^^^^^^^^^^^^^^^^^^^^^^^^^^^^^^^^^
  File "/home/airflow/.local/lib/python3.12/site-packages/jinja2/loaders.py", line 207, in get_source
    raise TemplateNotFound(template)
jinja2.exceptions.TemplateNotFound: bash /opt/airflow/dags/script/identification_to_bronze.sh
[2025-07-28T15:55:51.371+0000] {logging_mixin.py:190} INFO - [2025-07-28T15:55:51.371+0000] {templater.py:94} ERROR - Failed to resolve template field 'bash_command'
Traceback (most recent call last):
  File "/home/airflow/.local/lib/python3.12/site-packages/airflow/template/templater.py", line 92, in resolve_template_files
    setattr(self, field, env.loader.get_source(env, content)[0])  # type: ignore
                         ^^^^^^^^^^^^^^^^^^^^^^^^^^^^^^^^^^^
  File "/home/airflow/.local/lib/python3.12/site-packages/jinja2/loaders.py", line 207, in get_source
    raise TemplateNotFound(template)
jinja2.exceptions.TemplateNotFound: bash /opt/airflow/dags/script/market_data_to_bronze.sh
[2025-07-28T15:55:51.372+0000] {logging_mixin.py:190} INFO - [2025-07-28T15:55:51.371+0000] {templater.py:94} ERROR - Failed to resolve template field 'bash_command'
Traceback (most recent call last):
  File "/home/airflow/.local/lib/python3.12/site-packages/airflow/template/templater.py", line 92, in resolve_template_files
    setattr(self, field, env.loader.get_source(env, content)[0])  # type: ignore
                         ^^^^^^^^^^^^^^^^^^^^^^^^^^^^^^^^^^^
  File "/home/airflow/.local/lib/python3.12/site-packages/jinja2/loaders.py", line 207, in get_source
    raise TemplateNotFound(template)
jinja2.exceptions.TemplateNotFound: bash /opt/airflow/dags/script/metadata_to_bronze.sh
[2025-07-28T15:55:51.372+0000] {logging_mixin.py:190} INFO - [2025-07-28T15:55:51.372+0000] {templater.py:94} ERROR - Failed to resolve template field 'bash_command'
Traceback (most recent call last):
  File "/home/airflow/.local/lib/python3.12/site-packages/airflow/template/templater.py", line 92, in resolve_template_files
    setattr(self, field, env.loader.get_source(env, content)[0])  # type: ignore
                         ^^^^^^^^^^^^^^^^^^^^^^^^^^^^^^^^^^^
  File "/home/airflow/.local/lib/python3.12/site-packages/jinja2/loaders.py", line 207, in get_source
    raise TemplateNotFound(template)
jinja2.exceptions.TemplateNotFound: bash /opt/airflow/dags/script/price_change_to_bronze.sh
[2025-07-28T15:55:51.372+0000] {logging_mixin.py:190} INFO - [2025-07-28T15:55:51.372+0000] {templater.py:94} ERROR - Failed to resolve template field 'bash_command'
Traceback (most recent call last):
  File "/home/airflow/.local/lib/python3.12/site-packages/airflow/template/templater.py", line 92, in resolve_template_files
    setattr(self, field, env.loader.get_source(env, content)[0])  # type: ignore
                         ^^^^^^^^^^^^^^^^^^^^^^^^^^^^^^^^^^^
  File "/home/airflow/.local/lib/python3.12/site-packages/jinja2/loaders.py", line 207, in get_source
    raise TemplateNotFound(template)
jinja2.exceptions.TemplateNotFound: bash /opt/airflow/dags/script/supply_data_to_bronze.sh
[2025-07-28T15:55:51.376+0000] {processor.py:925} INFO - DAG(s) 'dag_json_to_doris' retrieved from /opt/airflow/dags/dag_json_to_doris.py
[2025-07-28T15:55:51.390+0000] {logging_mixin.py:190} INFO - [2025-07-28T15:55:51.390+0000] {dag.py:3229} INFO - Sync 1 DAGs
[2025-07-28T15:55:51.403+0000] {logging_mixin.py:190} INFO - [2025-07-28T15:55:51.403+0000] {dag.py:4156} INFO - Setting next_dagrun for dag_json_to_doris to None, run_after=None
[2025-07-28T15:55:51.414+0000] {processor.py:208} INFO - Processing /opt/airflow/dags/dag_json_to_doris.py took 0.113 seconds
[2025-07-28T15:56:30.094+0000] {processor.py:186} INFO - Started process (PID=1711) to work on /opt/airflow/dags/dag_json_to_doris.py
[2025-07-28T15:56:30.100+0000] {processor.py:914} INFO - Processing file /opt/airflow/dags/dag_json_to_doris.py for tasks to queue
[2025-07-28T15:56:30.117+0000] {logging_mixin.py:190} INFO - [2025-07-28T15:56:30.108+0000] {dagbag.py:587} INFO - Filling up the DagBag from /opt/airflow/dags/dag_json_to_doris.py
[2025-07-28T15:56:30.532+0000] {logging_mixin.py:190} INFO - [2025-07-28T15:56:30.526+0000] {templater.py:94} ERROR - Failed to resolve template field 'bash_command'
Traceback (most recent call last):
  File "/home/airflow/.local/lib/python3.12/site-packages/airflow/template/templater.py", line 92, in resolve_template_files
    setattr(self, field, env.loader.get_source(env, content)[0])  # type: ignore
                         ^^^^^^^^^^^^^^^^^^^^^^^^^^^^^^^^^^^
  File "/home/airflow/.local/lib/python3.12/site-packages/jinja2/loaders.py", line 207, in get_source
    raise TemplateNotFound(template)
jinja2.exceptions.TemplateNotFound: bash /opt/airflow/dags/script/identification_to_bronze.sh
[2025-07-28T15:56:30.534+0000] {logging_mixin.py:190} INFO - [2025-07-28T15:56:30.534+0000] {templater.py:94} ERROR - Failed to resolve template field 'bash_command'
Traceback (most recent call last):
  File "/home/airflow/.local/lib/python3.12/site-packages/airflow/template/templater.py", line 92, in resolve_template_files
    setattr(self, field, env.loader.get_source(env, content)[0])  # type: ignore
                         ^^^^^^^^^^^^^^^^^^^^^^^^^^^^^^^^^^^
  File "/home/airflow/.local/lib/python3.12/site-packages/jinja2/loaders.py", line 207, in get_source
    raise TemplateNotFound(template)
jinja2.exceptions.TemplateNotFound: bash /opt/airflow/dags/script/market_data_to_bronze.sh
[2025-07-28T15:56:30.535+0000] {logging_mixin.py:190} INFO - [2025-07-28T15:56:30.535+0000] {templater.py:94} ERROR - Failed to resolve template field 'bash_command'
Traceback (most recent call last):
  File "/home/airflow/.local/lib/python3.12/site-packages/airflow/template/templater.py", line 92, in resolve_template_files
    setattr(self, field, env.loader.get_source(env, content)[0])  # type: ignore
                         ^^^^^^^^^^^^^^^^^^^^^^^^^^^^^^^^^^^
  File "/home/airflow/.local/lib/python3.12/site-packages/jinja2/loaders.py", line 207, in get_source
    raise TemplateNotFound(template)
jinja2.exceptions.TemplateNotFound: bash /opt/airflow/dags/script/metadata_to_bronze.sh
[2025-07-28T15:56:30.537+0000] {logging_mixin.py:190} INFO - [2025-07-28T15:56:30.536+0000] {templater.py:94} ERROR - Failed to resolve template field 'bash_command'
Traceback (most recent call last):
  File "/home/airflow/.local/lib/python3.12/site-packages/airflow/template/templater.py", line 92, in resolve_template_files
    setattr(self, field, env.loader.get_source(env, content)[0])  # type: ignore
                         ^^^^^^^^^^^^^^^^^^^^^^^^^^^^^^^^^^^
  File "/home/airflow/.local/lib/python3.12/site-packages/jinja2/loaders.py", line 207, in get_source
    raise TemplateNotFound(template)
jinja2.exceptions.TemplateNotFound: bash /opt/airflow/dags/script/price_change_to_bronze.sh
[2025-07-28T15:56:30.537+0000] {logging_mixin.py:190} INFO - [2025-07-28T15:56:30.537+0000] {templater.py:94} ERROR - Failed to resolve template field 'bash_command'
Traceback (most recent call last):
  File "/home/airflow/.local/lib/python3.12/site-packages/airflow/template/templater.py", line 92, in resolve_template_files
    setattr(self, field, env.loader.get_source(env, content)[0])  # type: ignore
                         ^^^^^^^^^^^^^^^^^^^^^^^^^^^^^^^^^^^
  File "/home/airflow/.local/lib/python3.12/site-packages/jinja2/loaders.py", line 207, in get_source
    raise TemplateNotFound(template)
jinja2.exceptions.TemplateNotFound: bash /opt/airflow/dags/script/supply_data_to_bronze.sh
[2025-07-28T15:56:30.559+0000] {processor.py:925} INFO - DAG(s) 'dag_json_to_doris' retrieved from /opt/airflow/dags/dag_json_to_doris.py
[2025-07-28T15:56:30.594+0000] {logging_mixin.py:190} INFO - [2025-07-28T15:56:30.593+0000] {dag.py:3229} INFO - Sync 1 DAGs
[2025-07-28T15:56:30.622+0000] {logging_mixin.py:190} INFO - [2025-07-28T15:56:30.621+0000] {dag.py:4156} INFO - Setting next_dagrun for dag_json_to_doris to None, run_after=None
[2025-07-28T15:56:30.647+0000] {processor.py:208} INFO - Processing /opt/airflow/dags/dag_json_to_doris.py took 0.689 seconds
[2025-07-28T15:57:00.812+0000] {processor.py:186} INFO - Started process (PID=1774) to work on /opt/airflow/dags/dag_json_to_doris.py
[2025-07-28T15:57:00.814+0000] {processor.py:914} INFO - Processing file /opt/airflow/dags/dag_json_to_doris.py for tasks to queue
[2025-07-28T15:57:00.815+0000] {logging_mixin.py:190} INFO - [2025-07-28T15:57:00.815+0000] {dagbag.py:587} INFO - Filling up the DagBag from /opt/airflow/dags/dag_json_to_doris.py
[2025-07-28T15:57:00.835+0000] {logging_mixin.py:190} INFO - [2025-07-28T15:57:00.834+0000] {templater.py:94} ERROR - Failed to resolve template field 'bash_command'
Traceback (most recent call last):
  File "/home/airflow/.local/lib/python3.12/site-packages/airflow/template/templater.py", line 92, in resolve_template_files
    setattr(self, field, env.loader.get_source(env, content)[0])  # type: ignore
                         ^^^^^^^^^^^^^^^^^^^^^^^^^^^^^^^^^^^
  File "/home/airflow/.local/lib/python3.12/site-packages/jinja2/loaders.py", line 207, in get_source
    raise TemplateNotFound(template)
jinja2.exceptions.TemplateNotFound: bash /opt/airflow/dags/script/identification_to_bronze.sh
[2025-07-28T15:57:00.835+0000] {logging_mixin.py:190} INFO - [2025-07-28T15:57:00.835+0000] {templater.py:94} ERROR - Failed to resolve template field 'bash_command'
Traceback (most recent call last):
  File "/home/airflow/.local/lib/python3.12/site-packages/airflow/template/templater.py", line 92, in resolve_template_files
    setattr(self, field, env.loader.get_source(env, content)[0])  # type: ignore
                         ^^^^^^^^^^^^^^^^^^^^^^^^^^^^^^^^^^^
  File "/home/airflow/.local/lib/python3.12/site-packages/jinja2/loaders.py", line 207, in get_source
    raise TemplateNotFound(template)
jinja2.exceptions.TemplateNotFound: bash /opt/airflow/dags/script/market_data_to_bronze.sh
[2025-07-28T15:57:00.836+0000] {logging_mixin.py:190} INFO - [2025-07-28T15:57:00.836+0000] {templater.py:94} ERROR - Failed to resolve template field 'bash_command'
Traceback (most recent call last):
  File "/home/airflow/.local/lib/python3.12/site-packages/airflow/template/templater.py", line 92, in resolve_template_files
    setattr(self, field, env.loader.get_source(env, content)[0])  # type: ignore
                         ^^^^^^^^^^^^^^^^^^^^^^^^^^^^^^^^^^^
  File "/home/airflow/.local/lib/python3.12/site-packages/jinja2/loaders.py", line 207, in get_source
    raise TemplateNotFound(template)
jinja2.exceptions.TemplateNotFound: bash /opt/airflow/dags/script/metadata_to_bronze.sh
[2025-07-28T15:57:00.836+0000] {logging_mixin.py:190} INFO - [2025-07-28T15:57:00.836+0000] {templater.py:94} ERROR - Failed to resolve template field 'bash_command'
Traceback (most recent call last):
  File "/home/airflow/.local/lib/python3.12/site-packages/airflow/template/templater.py", line 92, in resolve_template_files
    setattr(self, field, env.loader.get_source(env, content)[0])  # type: ignore
                         ^^^^^^^^^^^^^^^^^^^^^^^^^^^^^^^^^^^
  File "/home/airflow/.local/lib/python3.12/site-packages/jinja2/loaders.py", line 207, in get_source
    raise TemplateNotFound(template)
jinja2.exceptions.TemplateNotFound: bash /opt/airflow/dags/script/price_change_to_bronze.sh
[2025-07-28T15:57:00.836+0000] {logging_mixin.py:190} INFO - [2025-07-28T15:57:00.836+0000] {templater.py:94} ERROR - Failed to resolve template field 'bash_command'
Traceback (most recent call last):
  File "/home/airflow/.local/lib/python3.12/site-packages/airflow/template/templater.py", line 92, in resolve_template_files
    setattr(self, field, env.loader.get_source(env, content)[0])  # type: ignore
                         ^^^^^^^^^^^^^^^^^^^^^^^^^^^^^^^^^^^
  File "/home/airflow/.local/lib/python3.12/site-packages/jinja2/loaders.py", line 207, in get_source
    raise TemplateNotFound(template)
jinja2.exceptions.TemplateNotFound: bash /opt/airflow/dags/script/supply_data_to_bronze.sh
[2025-07-28T15:57:00.838+0000] {processor.py:925} INFO - DAG(s) 'dag_json_to_doris' retrieved from /opt/airflow/dags/dag_json_to_doris.py
[2025-07-28T15:57:00.844+0000] {logging_mixin.py:190} INFO - [2025-07-28T15:57:00.843+0000] {dag.py:3229} INFO - Sync 1 DAGs
[2025-07-28T15:57:00.850+0000] {logging_mixin.py:190} INFO - [2025-07-28T15:57:00.850+0000] {dag.py:4156} INFO - Setting next_dagrun for dag_json_to_doris to None, run_after=None
[2025-07-28T15:57:00.858+0000] {processor.py:208} INFO - Processing /opt/airflow/dags/dag_json_to_doris.py took 0.056 seconds
[2025-07-28T15:57:30.900+0000] {processor.py:186} INFO - Started process (PID=1834) to work on /opt/airflow/dags/dag_json_to_doris.py
[2025-07-28T15:57:30.901+0000] {processor.py:914} INFO - Processing file /opt/airflow/dags/dag_json_to_doris.py for tasks to queue
[2025-07-28T15:57:30.904+0000] {logging_mixin.py:190} INFO - [2025-07-28T15:57:30.904+0000] {dagbag.py:587} INFO - Filling up the DagBag from /opt/airflow/dags/dag_json_to_doris.py
[2025-07-28T15:57:30.943+0000] {logging_mixin.py:190} INFO - [2025-07-28T15:57:30.940+0000] {templater.py:94} ERROR - Failed to resolve template field 'bash_command'
Traceback (most recent call last):
  File "/home/airflow/.local/lib/python3.12/site-packages/airflow/template/templater.py", line 92, in resolve_template_files
    setattr(self, field, env.loader.get_source(env, content)[0])  # type: ignore
                         ^^^^^^^^^^^^^^^^^^^^^^^^^^^^^^^^^^^
  File "/home/airflow/.local/lib/python3.12/site-packages/jinja2/loaders.py", line 207, in get_source
    raise TemplateNotFound(template)
jinja2.exceptions.TemplateNotFound: bash /opt/airflow/dags/script/identification_to_bronze.sh
[2025-07-28T15:57:30.944+0000] {logging_mixin.py:190} INFO - [2025-07-28T15:57:30.944+0000] {templater.py:94} ERROR - Failed to resolve template field 'bash_command'
Traceback (most recent call last):
  File "/home/airflow/.local/lib/python3.12/site-packages/airflow/template/templater.py", line 92, in resolve_template_files
    setattr(self, field, env.loader.get_source(env, content)[0])  # type: ignore
                         ^^^^^^^^^^^^^^^^^^^^^^^^^^^^^^^^^^^
  File "/home/airflow/.local/lib/python3.12/site-packages/jinja2/loaders.py", line 207, in get_source
    raise TemplateNotFound(template)
jinja2.exceptions.TemplateNotFound: bash /opt/airflow/dags/script/market_data_to_bronze.sh
[2025-07-28T15:57:30.944+0000] {logging_mixin.py:190} INFO - [2025-07-28T15:57:30.944+0000] {templater.py:94} ERROR - Failed to resolve template field 'bash_command'
Traceback (most recent call last):
  File "/home/airflow/.local/lib/python3.12/site-packages/airflow/template/templater.py", line 92, in resolve_template_files
    setattr(self, field, env.loader.get_source(env, content)[0])  # type: ignore
                         ^^^^^^^^^^^^^^^^^^^^^^^^^^^^^^^^^^^
  File "/home/airflow/.local/lib/python3.12/site-packages/jinja2/loaders.py", line 207, in get_source
    raise TemplateNotFound(template)
jinja2.exceptions.TemplateNotFound: bash /opt/airflow/dags/script/metadata_to_bronze.sh
[2025-07-28T15:57:30.945+0000] {logging_mixin.py:190} INFO - [2025-07-28T15:57:30.944+0000] {templater.py:94} ERROR - Failed to resolve template field 'bash_command'
Traceback (most recent call last):
  File "/home/airflow/.local/lib/python3.12/site-packages/airflow/template/templater.py", line 92, in resolve_template_files
    setattr(self, field, env.loader.get_source(env, content)[0])  # type: ignore
                         ^^^^^^^^^^^^^^^^^^^^^^^^^^^^^^^^^^^
  File "/home/airflow/.local/lib/python3.12/site-packages/jinja2/loaders.py", line 207, in get_source
    raise TemplateNotFound(template)
jinja2.exceptions.TemplateNotFound: bash /opt/airflow/dags/script/price_change_to_bronze.sh
[2025-07-28T15:57:30.945+0000] {logging_mixin.py:190} INFO - [2025-07-28T15:57:30.945+0000] {templater.py:94} ERROR - Failed to resolve template field 'bash_command'
Traceback (most recent call last):
  File "/home/airflow/.local/lib/python3.12/site-packages/airflow/template/templater.py", line 92, in resolve_template_files
    setattr(self, field, env.loader.get_source(env, content)[0])  # type: ignore
                         ^^^^^^^^^^^^^^^^^^^^^^^^^^^^^^^^^^^
  File "/home/airflow/.local/lib/python3.12/site-packages/jinja2/loaders.py", line 207, in get_source
    raise TemplateNotFound(template)
jinja2.exceptions.TemplateNotFound: bash /opt/airflow/dags/script/supply_data_to_bronze.sh
[2025-07-28T15:57:30.946+0000] {processor.py:925} INFO - DAG(s) 'dag_json_to_doris' retrieved from /opt/airflow/dags/dag_json_to_doris.py
[2025-07-28T15:57:30.953+0000] {logging_mixin.py:190} INFO - [2025-07-28T15:57:30.953+0000] {dag.py:3229} INFO - Sync 1 DAGs
[2025-07-28T15:57:30.961+0000] {logging_mixin.py:190} INFO - [2025-07-28T15:57:30.961+0000] {dag.py:4156} INFO - Setting next_dagrun for dag_json_to_doris to None, run_after=None
[2025-07-28T15:57:30.978+0000] {processor.py:208} INFO - Processing /opt/airflow/dags/dag_json_to_doris.py took 0.092 seconds
[2025-07-28T15:58:01.395+0000] {processor.py:186} INFO - Started process (PID=1897) to work on /opt/airflow/dags/dag_json_to_doris.py
[2025-07-28T15:58:01.396+0000] {processor.py:914} INFO - Processing file /opt/airflow/dags/dag_json_to_doris.py for tasks to queue
[2025-07-28T15:58:01.398+0000] {logging_mixin.py:190} INFO - [2025-07-28T15:58:01.398+0000] {dagbag.py:587} INFO - Filling up the DagBag from /opt/airflow/dags/dag_json_to_doris.py
[2025-07-28T15:58:01.430+0000] {logging_mixin.py:190} INFO - [2025-07-28T15:58:01.428+0000] {templater.py:94} ERROR - Failed to resolve template field 'bash_command'
Traceback (most recent call last):
  File "/home/airflow/.local/lib/python3.12/site-packages/airflow/template/templater.py", line 92, in resolve_template_files
    setattr(self, field, env.loader.get_source(env, content)[0])  # type: ignore
                         ^^^^^^^^^^^^^^^^^^^^^^^^^^^^^^^^^^^
  File "/home/airflow/.local/lib/python3.12/site-packages/jinja2/loaders.py", line 207, in get_source
    raise TemplateNotFound(template)
jinja2.exceptions.TemplateNotFound: bash /opt/airflow/dags/script/identification_to_bronze.sh
[2025-07-28T15:58:01.431+0000] {logging_mixin.py:190} INFO - [2025-07-28T15:58:01.431+0000] {templater.py:94} ERROR - Failed to resolve template field 'bash_command'
Traceback (most recent call last):
  File "/home/airflow/.local/lib/python3.12/site-packages/airflow/template/templater.py", line 92, in resolve_template_files
    setattr(self, field, env.loader.get_source(env, content)[0])  # type: ignore
                         ^^^^^^^^^^^^^^^^^^^^^^^^^^^^^^^^^^^
  File "/home/airflow/.local/lib/python3.12/site-packages/jinja2/loaders.py", line 207, in get_source
    raise TemplateNotFound(template)
jinja2.exceptions.TemplateNotFound: bash /opt/airflow/dags/script/market_data_to_bronze.sh
[2025-07-28T15:58:01.431+0000] {logging_mixin.py:190} INFO - [2025-07-28T15:58:01.431+0000] {templater.py:94} ERROR - Failed to resolve template field 'bash_command'
Traceback (most recent call last):
  File "/home/airflow/.local/lib/python3.12/site-packages/airflow/template/templater.py", line 92, in resolve_template_files
    setattr(self, field, env.loader.get_source(env, content)[0])  # type: ignore
                         ^^^^^^^^^^^^^^^^^^^^^^^^^^^^^^^^^^^
  File "/home/airflow/.local/lib/python3.12/site-packages/jinja2/loaders.py", line 207, in get_source
    raise TemplateNotFound(template)
jinja2.exceptions.TemplateNotFound: bash /opt/airflow/dags/script/metadata_to_bronze.sh
[2025-07-28T15:58:01.432+0000] {logging_mixin.py:190} INFO - [2025-07-28T15:58:01.432+0000] {templater.py:94} ERROR - Failed to resolve template field 'bash_command'
Traceback (most recent call last):
  File "/home/airflow/.local/lib/python3.12/site-packages/airflow/template/templater.py", line 92, in resolve_template_files
    setattr(self, field, env.loader.get_source(env, content)[0])  # type: ignore
                         ^^^^^^^^^^^^^^^^^^^^^^^^^^^^^^^^^^^
  File "/home/airflow/.local/lib/python3.12/site-packages/jinja2/loaders.py", line 207, in get_source
    raise TemplateNotFound(template)
jinja2.exceptions.TemplateNotFound: bash /opt/airflow/dags/script/price_change_to_bronze.sh
[2025-07-28T15:58:01.434+0000] {logging_mixin.py:190} INFO - [2025-07-28T15:58:01.434+0000] {templater.py:94} ERROR - Failed to resolve template field 'bash_command'
Traceback (most recent call last):
  File "/home/airflow/.local/lib/python3.12/site-packages/airflow/template/templater.py", line 92, in resolve_template_files
    setattr(self, field, env.loader.get_source(env, content)[0])  # type: ignore
                         ^^^^^^^^^^^^^^^^^^^^^^^^^^^^^^^^^^^
  File "/home/airflow/.local/lib/python3.12/site-packages/jinja2/loaders.py", line 207, in get_source
    raise TemplateNotFound(template)
jinja2.exceptions.TemplateNotFound: bash /opt/airflow/dags/script/supply_data_to_bronze.sh
[2025-07-28T15:58:01.438+0000] {processor.py:925} INFO - DAG(s) 'dag_json_to_doris' retrieved from /opt/airflow/dags/dag_json_to_doris.py
[2025-07-28T15:58:01.451+0000] {logging_mixin.py:190} INFO - [2025-07-28T15:58:01.451+0000] {dag.py:3229} INFO - Sync 1 DAGs
[2025-07-28T15:58:01.460+0000] {logging_mixin.py:190} INFO - [2025-07-28T15:58:01.460+0000] {dag.py:4156} INFO - Setting next_dagrun for dag_json_to_doris to None, run_after=None
[2025-07-28T15:58:01.468+0000] {processor.py:208} INFO - Processing /opt/airflow/dags/dag_json_to_doris.py took 0.080 seconds
[2025-07-28T15:58:32.157+0000] {processor.py:186} INFO - Started process (PID=1960) to work on /opt/airflow/dags/dag_json_to_doris.py
[2025-07-28T15:58:32.158+0000] {processor.py:914} INFO - Processing file /opt/airflow/dags/dag_json_to_doris.py for tasks to queue
[2025-07-28T15:58:32.160+0000] {logging_mixin.py:190} INFO - [2025-07-28T15:58:32.160+0000] {dagbag.py:587} INFO - Filling up the DagBag from /opt/airflow/dags/dag_json_to_doris.py
[2025-07-28T15:58:32.182+0000] {logging_mixin.py:190} INFO - [2025-07-28T15:58:32.181+0000] {templater.py:94} ERROR - Failed to resolve template field 'bash_command'
Traceback (most recent call last):
  File "/home/airflow/.local/lib/python3.12/site-packages/airflow/template/templater.py", line 92, in resolve_template_files
    setattr(self, field, env.loader.get_source(env, content)[0])  # type: ignore
                         ^^^^^^^^^^^^^^^^^^^^^^^^^^^^^^^^^^^
  File "/home/airflow/.local/lib/python3.12/site-packages/jinja2/loaders.py", line 207, in get_source
    raise TemplateNotFound(template)
jinja2.exceptions.TemplateNotFound: bash /opt/airflow/dags/script/identification_to_bronze.sh
[2025-07-28T15:58:32.185+0000] {logging_mixin.py:190} INFO - [2025-07-28T15:58:32.185+0000] {templater.py:94} ERROR - Failed to resolve template field 'bash_command'
Traceback (most recent call last):
  File "/home/airflow/.local/lib/python3.12/site-packages/airflow/template/templater.py", line 92, in resolve_template_files
    setattr(self, field, env.loader.get_source(env, content)[0])  # type: ignore
                         ^^^^^^^^^^^^^^^^^^^^^^^^^^^^^^^^^^^
  File "/home/airflow/.local/lib/python3.12/site-packages/jinja2/loaders.py", line 207, in get_source
    raise TemplateNotFound(template)
jinja2.exceptions.TemplateNotFound: bash /opt/airflow/dags/script/market_data_to_bronze.sh
[2025-07-28T15:58:32.186+0000] {logging_mixin.py:190} INFO - [2025-07-28T15:58:32.186+0000] {templater.py:94} ERROR - Failed to resolve template field 'bash_command'
Traceback (most recent call last):
  File "/home/airflow/.local/lib/python3.12/site-packages/airflow/template/templater.py", line 92, in resolve_template_files
    setattr(self, field, env.loader.get_source(env, content)[0])  # type: ignore
                         ^^^^^^^^^^^^^^^^^^^^^^^^^^^^^^^^^^^
  File "/home/airflow/.local/lib/python3.12/site-packages/jinja2/loaders.py", line 207, in get_source
    raise TemplateNotFound(template)
jinja2.exceptions.TemplateNotFound: bash /opt/airflow/dags/script/metadata_to_bronze.sh
[2025-07-28T15:58:32.186+0000] {logging_mixin.py:190} INFO - [2025-07-28T15:58:32.186+0000] {templater.py:94} ERROR - Failed to resolve template field 'bash_command'
Traceback (most recent call last):
  File "/home/airflow/.local/lib/python3.12/site-packages/airflow/template/templater.py", line 92, in resolve_template_files
    setattr(self, field, env.loader.get_source(env, content)[0])  # type: ignore
                         ^^^^^^^^^^^^^^^^^^^^^^^^^^^^^^^^^^^
  File "/home/airflow/.local/lib/python3.12/site-packages/jinja2/loaders.py", line 207, in get_source
    raise TemplateNotFound(template)
jinja2.exceptions.TemplateNotFound: bash /opt/airflow/dags/script/price_change_to_bronze.sh
[2025-07-28T15:58:32.186+0000] {logging_mixin.py:190} INFO - [2025-07-28T15:58:32.186+0000] {templater.py:94} ERROR - Failed to resolve template field 'bash_command'
Traceback (most recent call last):
  File "/home/airflow/.local/lib/python3.12/site-packages/airflow/template/templater.py", line 92, in resolve_template_files
    setattr(self, field, env.loader.get_source(env, content)[0])  # type: ignore
                         ^^^^^^^^^^^^^^^^^^^^^^^^^^^^^^^^^^^
  File "/home/airflow/.local/lib/python3.12/site-packages/jinja2/loaders.py", line 207, in get_source
    raise TemplateNotFound(template)
jinja2.exceptions.TemplateNotFound: bash /opt/airflow/dags/script/supply_data_to_bronze.sh
[2025-07-28T15:58:32.188+0000] {processor.py:925} INFO - DAG(s) 'dag_json_to_doris' retrieved from /opt/airflow/dags/dag_json_to_doris.py
[2025-07-28T15:58:32.194+0000] {logging_mixin.py:190} INFO - [2025-07-28T15:58:32.194+0000] {dag.py:3229} INFO - Sync 1 DAGs
[2025-07-28T15:58:32.204+0000] {logging_mixin.py:190} INFO - [2025-07-28T15:58:32.204+0000] {dag.py:4156} INFO - Setting next_dagrun for dag_json_to_doris to None, run_after=None
[2025-07-28T15:58:32.213+0000] {processor.py:208} INFO - Processing /opt/airflow/dags/dag_json_to_doris.py took 0.064 seconds
[2025-07-28T15:59:03.140+0000] {processor.py:186} INFO - Started process (PID=2022) to work on /opt/airflow/dags/dag_json_to_doris.py
[2025-07-28T15:59:03.143+0000] {processor.py:914} INFO - Processing file /opt/airflow/dags/dag_json_to_doris.py for tasks to queue
[2025-07-28T15:59:03.153+0000] {logging_mixin.py:190} INFO - [2025-07-28T15:59:03.152+0000] {dagbag.py:587} INFO - Filling up the DagBag from /opt/airflow/dags/dag_json_to_doris.py
[2025-07-28T15:59:03.214+0000] {logging_mixin.py:190} INFO - [2025-07-28T15:59:03.207+0000] {templater.py:94} ERROR - Failed to resolve template field 'bash_command'
Traceback (most recent call last):
  File "/home/airflow/.local/lib/python3.12/site-packages/airflow/template/templater.py", line 92, in resolve_template_files
    setattr(self, field, env.loader.get_source(env, content)[0])  # type: ignore
                         ^^^^^^^^^^^^^^^^^^^^^^^^^^^^^^^^^^^
  File "/home/airflow/.local/lib/python3.12/site-packages/jinja2/loaders.py", line 207, in get_source
    raise TemplateNotFound(template)
jinja2.exceptions.TemplateNotFound: bash /opt/airflow/dags/script/identification_to_bronze.sh
[2025-07-28T15:59:03.216+0000] {logging_mixin.py:190} INFO - [2025-07-28T15:59:03.215+0000] {templater.py:94} ERROR - Failed to resolve template field 'bash_command'
Traceback (most recent call last):
  File "/home/airflow/.local/lib/python3.12/site-packages/airflow/template/templater.py", line 92, in resolve_template_files
    setattr(self, field, env.loader.get_source(env, content)[0])  # type: ignore
                         ^^^^^^^^^^^^^^^^^^^^^^^^^^^^^^^^^^^
  File "/home/airflow/.local/lib/python3.12/site-packages/jinja2/loaders.py", line 207, in get_source
    raise TemplateNotFound(template)
jinja2.exceptions.TemplateNotFound: bash /opt/airflow/dags/script/market_data_to_bronze.sh
[2025-07-28T15:59:03.216+0000] {logging_mixin.py:190} INFO - [2025-07-28T15:59:03.216+0000] {templater.py:94} ERROR - Failed to resolve template field 'bash_command'
Traceback (most recent call last):
  File "/home/airflow/.local/lib/python3.12/site-packages/airflow/template/templater.py", line 92, in resolve_template_files
    setattr(self, field, env.loader.get_source(env, content)[0])  # type: ignore
                         ^^^^^^^^^^^^^^^^^^^^^^^^^^^^^^^^^^^
  File "/home/airflow/.local/lib/python3.12/site-packages/jinja2/loaders.py", line 207, in get_source
    raise TemplateNotFound(template)
jinja2.exceptions.TemplateNotFound: bash /opt/airflow/dags/script/metadata_to_bronze.sh
[2025-07-28T15:59:03.218+0000] {logging_mixin.py:190} INFO - [2025-07-28T15:59:03.217+0000] {templater.py:94} ERROR - Failed to resolve template field 'bash_command'
Traceback (most recent call last):
  File "/home/airflow/.local/lib/python3.12/site-packages/airflow/template/templater.py", line 92, in resolve_template_files
    setattr(self, field, env.loader.get_source(env, content)[0])  # type: ignore
                         ^^^^^^^^^^^^^^^^^^^^^^^^^^^^^^^^^^^
  File "/home/airflow/.local/lib/python3.12/site-packages/jinja2/loaders.py", line 207, in get_source
    raise TemplateNotFound(template)
jinja2.exceptions.TemplateNotFound: bash /opt/airflow/dags/script/price_change_to_bronze.sh
[2025-07-28T15:59:03.220+0000] {logging_mixin.py:190} INFO - [2025-07-28T15:59:03.219+0000] {templater.py:94} ERROR - Failed to resolve template field 'bash_command'
Traceback (most recent call last):
  File "/home/airflow/.local/lib/python3.12/site-packages/airflow/template/templater.py", line 92, in resolve_template_files
    setattr(self, field, env.loader.get_source(env, content)[0])  # type: ignore
                         ^^^^^^^^^^^^^^^^^^^^^^^^^^^^^^^^^^^
  File "/home/airflow/.local/lib/python3.12/site-packages/jinja2/loaders.py", line 207, in get_source
    raise TemplateNotFound(template)
jinja2.exceptions.TemplateNotFound: bash /opt/airflow/dags/script/supply_data_to_bronze.sh
[2025-07-28T15:59:03.223+0000] {processor.py:925} INFO - DAG(s) 'dag_json_to_doris' retrieved from /opt/airflow/dags/dag_json_to_doris.py
[2025-07-28T15:59:03.242+0000] {logging_mixin.py:190} INFO - [2025-07-28T15:59:03.242+0000] {dag.py:3229} INFO - Sync 1 DAGs
[2025-07-28T15:59:03.255+0000] {logging_mixin.py:190} INFO - [2025-07-28T15:59:03.255+0000] {dag.py:4156} INFO - Setting next_dagrun for dag_json_to_doris to None, run_after=None
[2025-07-28T15:59:03.271+0000] {processor.py:208} INFO - Processing /opt/airflow/dags/dag_json_to_doris.py took 0.149 seconds
[2025-07-28T15:59:33.953+0000] {processor.py:186} INFO - Started process (PID=2085) to work on /opt/airflow/dags/dag_json_to_doris.py
[2025-07-28T15:59:33.954+0000] {processor.py:914} INFO - Processing file /opt/airflow/dags/dag_json_to_doris.py for tasks to queue
[2025-07-28T15:59:33.957+0000] {logging_mixin.py:190} INFO - [2025-07-28T15:59:33.956+0000] {dagbag.py:587} INFO - Filling up the DagBag from /opt/airflow/dags/dag_json_to_doris.py
[2025-07-28T15:59:33.995+0000] {logging_mixin.py:190} INFO - [2025-07-28T15:59:33.991+0000] {templater.py:94} ERROR - Failed to resolve template field 'bash_command'
Traceback (most recent call last):
  File "/home/airflow/.local/lib/python3.12/site-packages/airflow/template/templater.py", line 92, in resolve_template_files
    setattr(self, field, env.loader.get_source(env, content)[0])  # type: ignore
                         ^^^^^^^^^^^^^^^^^^^^^^^^^^^^^^^^^^^
  File "/home/airflow/.local/lib/python3.12/site-packages/jinja2/loaders.py", line 207, in get_source
    raise TemplateNotFound(template)
jinja2.exceptions.TemplateNotFound: bash /opt/airflow/dags/script/identification_to_bronze.sh
[2025-07-28T15:59:33.997+0000] {logging_mixin.py:190} INFO - [2025-07-28T15:59:33.997+0000] {templater.py:94} ERROR - Failed to resolve template field 'bash_command'
Traceback (most recent call last):
  File "/home/airflow/.local/lib/python3.12/site-packages/airflow/template/templater.py", line 92, in resolve_template_files
    setattr(self, field, env.loader.get_source(env, content)[0])  # type: ignore
                         ^^^^^^^^^^^^^^^^^^^^^^^^^^^^^^^^^^^
  File "/home/airflow/.local/lib/python3.12/site-packages/jinja2/loaders.py", line 207, in get_source
    raise TemplateNotFound(template)
jinja2.exceptions.TemplateNotFound: bash /opt/airflow/dags/script/market_data_to_bronze.sh
[2025-07-28T15:59:33.998+0000] {logging_mixin.py:190} INFO - [2025-07-28T15:59:33.997+0000] {templater.py:94} ERROR - Failed to resolve template field 'bash_command'
Traceback (most recent call last):
  File "/home/airflow/.local/lib/python3.12/site-packages/airflow/template/templater.py", line 92, in resolve_template_files
    setattr(self, field, env.loader.get_source(env, content)[0])  # type: ignore
                         ^^^^^^^^^^^^^^^^^^^^^^^^^^^^^^^^^^^
  File "/home/airflow/.local/lib/python3.12/site-packages/jinja2/loaders.py", line 207, in get_source
    raise TemplateNotFound(template)
jinja2.exceptions.TemplateNotFound: bash /opt/airflow/dags/script/metadata_to_bronze.sh
[2025-07-28T15:59:33.998+0000] {logging_mixin.py:190} INFO - [2025-07-28T15:59:33.998+0000] {templater.py:94} ERROR - Failed to resolve template field 'bash_command'
Traceback (most recent call last):
  File "/home/airflow/.local/lib/python3.12/site-packages/airflow/template/templater.py", line 92, in resolve_template_files
    setattr(self, field, env.loader.get_source(env, content)[0])  # type: ignore
                         ^^^^^^^^^^^^^^^^^^^^^^^^^^^^^^^^^^^
  File "/home/airflow/.local/lib/python3.12/site-packages/jinja2/loaders.py", line 207, in get_source
    raise TemplateNotFound(template)
jinja2.exceptions.TemplateNotFound: bash /opt/airflow/dags/script/price_change_to_bronze.sh
[2025-07-28T15:59:33.998+0000] {logging_mixin.py:190} INFO - [2025-07-28T15:59:33.998+0000] {templater.py:94} ERROR - Failed to resolve template field 'bash_command'
Traceback (most recent call last):
  File "/home/airflow/.local/lib/python3.12/site-packages/airflow/template/templater.py", line 92, in resolve_template_files
    setattr(self, field, env.loader.get_source(env, content)[0])  # type: ignore
                         ^^^^^^^^^^^^^^^^^^^^^^^^^^^^^^^^^^^
  File "/home/airflow/.local/lib/python3.12/site-packages/jinja2/loaders.py", line 207, in get_source
    raise TemplateNotFound(template)
jinja2.exceptions.TemplateNotFound: bash /opt/airflow/dags/script/supply_data_to_bronze.sh
[2025-07-28T15:59:34.001+0000] {processor.py:925} INFO - DAG(s) 'dag_json_to_doris' retrieved from /opt/airflow/dags/dag_json_to_doris.py
[2025-07-28T15:59:34.009+0000] {logging_mixin.py:190} INFO - [2025-07-28T15:59:34.009+0000] {dag.py:3229} INFO - Sync 1 DAGs
[2025-07-28T15:59:34.023+0000] {logging_mixin.py:190} INFO - [2025-07-28T15:59:34.023+0000] {dag.py:4156} INFO - Setting next_dagrun for dag_json_to_doris to None, run_after=None
[2025-07-28T15:59:34.036+0000] {processor.py:208} INFO - Processing /opt/airflow/dags/dag_json_to_doris.py took 0.098 seconds
[2025-07-28T16:00:04.129+0000] {processor.py:186} INFO - Started process (PID=2147) to work on /opt/airflow/dags/dag_json_to_doris.py
[2025-07-28T16:00:04.131+0000] {processor.py:914} INFO - Processing file /opt/airflow/dags/dag_json_to_doris.py for tasks to queue
[2025-07-28T16:00:04.134+0000] {logging_mixin.py:190} INFO - [2025-07-28T16:00:04.134+0000] {dagbag.py:587} INFO - Filling up the DagBag from /opt/airflow/dags/dag_json_to_doris.py
[2025-07-28T16:00:04.154+0000] {logging_mixin.py:190} INFO - [2025-07-28T16:00:04.153+0000] {templater.py:94} ERROR - Failed to resolve template field 'bash_command'
Traceback (most recent call last):
  File "/home/airflow/.local/lib/python3.12/site-packages/airflow/template/templater.py", line 92, in resolve_template_files
    setattr(self, field, env.loader.get_source(env, content)[0])  # type: ignore
                         ^^^^^^^^^^^^^^^^^^^^^^^^^^^^^^^^^^^
  File "/home/airflow/.local/lib/python3.12/site-packages/jinja2/loaders.py", line 207, in get_source
    raise TemplateNotFound(template)
jinja2.exceptions.TemplateNotFound: bash /opt/airflow/dags/script/identification_to_bronze.sh
[2025-07-28T16:00:04.155+0000] {logging_mixin.py:190} INFO - [2025-07-28T16:00:04.155+0000] {templater.py:94} ERROR - Failed to resolve template field 'bash_command'
Traceback (most recent call last):
  File "/home/airflow/.local/lib/python3.12/site-packages/airflow/template/templater.py", line 92, in resolve_template_files
    setattr(self, field, env.loader.get_source(env, content)[0])  # type: ignore
                         ^^^^^^^^^^^^^^^^^^^^^^^^^^^^^^^^^^^
  File "/home/airflow/.local/lib/python3.12/site-packages/jinja2/loaders.py", line 207, in get_source
    raise TemplateNotFound(template)
jinja2.exceptions.TemplateNotFound: bash /opt/airflow/dags/script/market_data_to_bronze.sh
[2025-07-28T16:00:04.155+0000] {logging_mixin.py:190} INFO - [2025-07-28T16:00:04.155+0000] {templater.py:94} ERROR - Failed to resolve template field 'bash_command'
Traceback (most recent call last):
  File "/home/airflow/.local/lib/python3.12/site-packages/airflow/template/templater.py", line 92, in resolve_template_files
    setattr(self, field, env.loader.get_source(env, content)[0])  # type: ignore
                         ^^^^^^^^^^^^^^^^^^^^^^^^^^^^^^^^^^^
  File "/home/airflow/.local/lib/python3.12/site-packages/jinja2/loaders.py", line 207, in get_source
    raise TemplateNotFound(template)
jinja2.exceptions.TemplateNotFound: bash /opt/airflow/dags/script/metadata_to_bronze.sh
[2025-07-28T16:00:04.156+0000] {logging_mixin.py:190} INFO - [2025-07-28T16:00:04.155+0000] {templater.py:94} ERROR - Failed to resolve template field 'bash_command'
Traceback (most recent call last):
  File "/home/airflow/.local/lib/python3.12/site-packages/airflow/template/templater.py", line 92, in resolve_template_files
    setattr(self, field, env.loader.get_source(env, content)[0])  # type: ignore
                         ^^^^^^^^^^^^^^^^^^^^^^^^^^^^^^^^^^^
  File "/home/airflow/.local/lib/python3.12/site-packages/jinja2/loaders.py", line 207, in get_source
    raise TemplateNotFound(template)
jinja2.exceptions.TemplateNotFound: bash /opt/airflow/dags/script/price_change_to_bronze.sh
[2025-07-28T16:00:04.156+0000] {logging_mixin.py:190} INFO - [2025-07-28T16:00:04.156+0000] {templater.py:94} ERROR - Failed to resolve template field 'bash_command'
Traceback (most recent call last):
  File "/home/airflow/.local/lib/python3.12/site-packages/airflow/template/templater.py", line 92, in resolve_template_files
    setattr(self, field, env.loader.get_source(env, content)[0])  # type: ignore
                         ^^^^^^^^^^^^^^^^^^^^^^^^^^^^^^^^^^^
  File "/home/airflow/.local/lib/python3.12/site-packages/jinja2/loaders.py", line 207, in get_source
    raise TemplateNotFound(template)
jinja2.exceptions.TemplateNotFound: bash /opt/airflow/dags/script/supply_data_to_bronze.sh
[2025-07-28T16:00:04.157+0000] {processor.py:925} INFO - DAG(s) 'dag_json_to_doris' retrieved from /opt/airflow/dags/dag_json_to_doris.py
[2025-07-28T16:00:04.165+0000] {logging_mixin.py:190} INFO - [2025-07-28T16:00:04.165+0000] {dag.py:3229} INFO - Sync 1 DAGs
[2025-07-28T16:00:04.175+0000] {logging_mixin.py:190} INFO - [2025-07-28T16:00:04.175+0000] {dag.py:4156} INFO - Setting next_dagrun for dag_json_to_doris to None, run_after=None
[2025-07-28T16:00:04.185+0000] {processor.py:208} INFO - Processing /opt/airflow/dags/dag_json_to_doris.py took 0.061 seconds
[2025-07-28T16:00:35.177+0000] {processor.py:186} INFO - Started process (PID=2210) to work on /opt/airflow/dags/dag_json_to_doris.py
[2025-07-28T16:00:35.180+0000] {processor.py:914} INFO - Processing file /opt/airflow/dags/dag_json_to_doris.py for tasks to queue
[2025-07-28T16:00:35.193+0000] {logging_mixin.py:190} INFO - [2025-07-28T16:00:35.192+0000] {dagbag.py:587} INFO - Filling up the DagBag from /opt/airflow/dags/dag_json_to_doris.py
[2025-07-28T16:00:35.245+0000] {logging_mixin.py:190} INFO - [2025-07-28T16:00:35.244+0000] {templater.py:94} ERROR - Failed to resolve template field 'bash_command'
Traceback (most recent call last):
  File "/home/airflow/.local/lib/python3.12/site-packages/airflow/template/templater.py", line 92, in resolve_template_files
    setattr(self, field, env.loader.get_source(env, content)[0])  # type: ignore
                         ^^^^^^^^^^^^^^^^^^^^^^^^^^^^^^^^^^^
  File "/home/airflow/.local/lib/python3.12/site-packages/jinja2/loaders.py", line 207, in get_source
    raise TemplateNotFound(template)
jinja2.exceptions.TemplateNotFound: bash /opt/airflow/dags/script/identification_to_bronze.sh
[2025-07-28T16:00:35.247+0000] {logging_mixin.py:190} INFO - [2025-07-28T16:00:35.246+0000] {templater.py:94} ERROR - Failed to resolve template field 'bash_command'
Traceback (most recent call last):
  File "/home/airflow/.local/lib/python3.12/site-packages/airflow/template/templater.py", line 92, in resolve_template_files
    setattr(self, field, env.loader.get_source(env, content)[0])  # type: ignore
                         ^^^^^^^^^^^^^^^^^^^^^^^^^^^^^^^^^^^
  File "/home/airflow/.local/lib/python3.12/site-packages/jinja2/loaders.py", line 207, in get_source
    raise TemplateNotFound(template)
jinja2.exceptions.TemplateNotFound: bash /opt/airflow/dags/script/market_data_to_bronze.sh
[2025-07-28T16:00:35.250+0000] {logging_mixin.py:190} INFO - [2025-07-28T16:00:35.249+0000] {templater.py:94} ERROR - Failed to resolve template field 'bash_command'
Traceback (most recent call last):
  File "/home/airflow/.local/lib/python3.12/site-packages/airflow/template/templater.py", line 92, in resolve_template_files
    setattr(self, field, env.loader.get_source(env, content)[0])  # type: ignore
                         ^^^^^^^^^^^^^^^^^^^^^^^^^^^^^^^^^^^
  File "/home/airflow/.local/lib/python3.12/site-packages/jinja2/loaders.py", line 207, in get_source
    raise TemplateNotFound(template)
jinja2.exceptions.TemplateNotFound: bash /opt/airflow/dags/script/metadata_to_bronze.sh
[2025-07-28T16:00:35.250+0000] {logging_mixin.py:190} INFO - [2025-07-28T16:00:35.250+0000] {templater.py:94} ERROR - Failed to resolve template field 'bash_command'
Traceback (most recent call last):
  File "/home/airflow/.local/lib/python3.12/site-packages/airflow/template/templater.py", line 92, in resolve_template_files
    setattr(self, field, env.loader.get_source(env, content)[0])  # type: ignore
                         ^^^^^^^^^^^^^^^^^^^^^^^^^^^^^^^^^^^
  File "/home/airflow/.local/lib/python3.12/site-packages/jinja2/loaders.py", line 207, in get_source
    raise TemplateNotFound(template)
jinja2.exceptions.TemplateNotFound: bash /opt/airflow/dags/script/price_change_to_bronze.sh
[2025-07-28T16:00:35.250+0000] {logging_mixin.py:190} INFO - [2025-07-28T16:00:35.250+0000] {templater.py:94} ERROR - Failed to resolve template field 'bash_command'
Traceback (most recent call last):
  File "/home/airflow/.local/lib/python3.12/site-packages/airflow/template/templater.py", line 92, in resolve_template_files
    setattr(self, field, env.loader.get_source(env, content)[0])  # type: ignore
                         ^^^^^^^^^^^^^^^^^^^^^^^^^^^^^^^^^^^
  File "/home/airflow/.local/lib/python3.12/site-packages/jinja2/loaders.py", line 207, in get_source
    raise TemplateNotFound(template)
jinja2.exceptions.TemplateNotFound: bash /opt/airflow/dags/script/supply_data_to_bronze.sh
[2025-07-28T16:00:35.253+0000] {processor.py:925} INFO - DAG(s) 'dag_json_to_doris' retrieved from /opt/airflow/dags/dag_json_to_doris.py
[2025-07-28T16:00:35.262+0000] {logging_mixin.py:190} INFO - [2025-07-28T16:00:35.262+0000] {dag.py:3229} INFO - Sync 1 DAGs
[2025-07-28T16:00:35.275+0000] {logging_mixin.py:190} INFO - [2025-07-28T16:00:35.275+0000] {dag.py:4156} INFO - Setting next_dagrun for dag_json_to_doris to None, run_after=None
[2025-07-28T16:00:35.287+0000] {processor.py:208} INFO - Processing /opt/airflow/dags/dag_json_to_doris.py took 0.125 seconds
[2025-07-28T16:01:05.982+0000] {processor.py:186} INFO - Started process (PID=2273) to work on /opt/airflow/dags/dag_json_to_doris.py
[2025-07-28T16:01:05.984+0000] {processor.py:914} INFO - Processing file /opt/airflow/dags/dag_json_to_doris.py for tasks to queue
[2025-07-28T16:01:05.985+0000] {logging_mixin.py:190} INFO - [2025-07-28T16:01:05.985+0000] {dagbag.py:587} INFO - Filling up the DagBag from /opt/airflow/dags/dag_json_to_doris.py
[2025-07-28T16:01:06.014+0000] {logging_mixin.py:190} INFO - [2025-07-28T16:01:06.013+0000] {templater.py:94} ERROR - Failed to resolve template field 'bash_command'
Traceback (most recent call last):
  File "/home/airflow/.local/lib/python3.12/site-packages/airflow/template/templater.py", line 92, in resolve_template_files
    setattr(self, field, env.loader.get_source(env, content)[0])  # type: ignore
                         ^^^^^^^^^^^^^^^^^^^^^^^^^^^^^^^^^^^
  File "/home/airflow/.local/lib/python3.12/site-packages/jinja2/loaders.py", line 207, in get_source
    raise TemplateNotFound(template)
jinja2.exceptions.TemplateNotFound: bash /opt/airflow/dags/script/identification_to_bronze.sh
[2025-07-28T16:01:06.016+0000] {logging_mixin.py:190} INFO - [2025-07-28T16:01:06.016+0000] {templater.py:94} ERROR - Failed to resolve template field 'bash_command'
Traceback (most recent call last):
  File "/home/airflow/.local/lib/python3.12/site-packages/airflow/template/templater.py", line 92, in resolve_template_files
    setattr(self, field, env.loader.get_source(env, content)[0])  # type: ignore
                         ^^^^^^^^^^^^^^^^^^^^^^^^^^^^^^^^^^^
  File "/home/airflow/.local/lib/python3.12/site-packages/jinja2/loaders.py", line 207, in get_source
    raise TemplateNotFound(template)
jinja2.exceptions.TemplateNotFound: bash /opt/airflow/dags/script/market_data_to_bronze.sh
[2025-07-28T16:01:06.022+0000] {logging_mixin.py:190} INFO - [2025-07-28T16:01:06.022+0000] {templater.py:94} ERROR - Failed to resolve template field 'bash_command'
Traceback (most recent call last):
  File "/home/airflow/.local/lib/python3.12/site-packages/airflow/template/templater.py", line 92, in resolve_template_files
    setattr(self, field, env.loader.get_source(env, content)[0])  # type: ignore
                         ^^^^^^^^^^^^^^^^^^^^^^^^^^^^^^^^^^^
  File "/home/airflow/.local/lib/python3.12/site-packages/jinja2/loaders.py", line 207, in get_source
    raise TemplateNotFound(template)
jinja2.exceptions.TemplateNotFound: bash /opt/airflow/dags/script/metadata_to_bronze.sh
[2025-07-28T16:01:06.022+0000] {logging_mixin.py:190} INFO - [2025-07-28T16:01:06.022+0000] {templater.py:94} ERROR - Failed to resolve template field 'bash_command'
Traceback (most recent call last):
  File "/home/airflow/.local/lib/python3.12/site-packages/airflow/template/templater.py", line 92, in resolve_template_files
    setattr(self, field, env.loader.get_source(env, content)[0])  # type: ignore
                         ^^^^^^^^^^^^^^^^^^^^^^^^^^^^^^^^^^^
  File "/home/airflow/.local/lib/python3.12/site-packages/jinja2/loaders.py", line 207, in get_source
    raise TemplateNotFound(template)
jinja2.exceptions.TemplateNotFound: bash /opt/airflow/dags/script/price_change_to_bronze.sh
[2025-07-28T16:01:06.023+0000] {logging_mixin.py:190} INFO - [2025-07-28T16:01:06.022+0000] {templater.py:94} ERROR - Failed to resolve template field 'bash_command'
Traceback (most recent call last):
  File "/home/airflow/.local/lib/python3.12/site-packages/airflow/template/templater.py", line 92, in resolve_template_files
    setattr(self, field, env.loader.get_source(env, content)[0])  # type: ignore
                         ^^^^^^^^^^^^^^^^^^^^^^^^^^^^^^^^^^^
  File "/home/airflow/.local/lib/python3.12/site-packages/jinja2/loaders.py", line 207, in get_source
    raise TemplateNotFound(template)
jinja2.exceptions.TemplateNotFound: bash /opt/airflow/dags/script/supply_data_to_bronze.sh
[2025-07-28T16:01:06.024+0000] {processor.py:925} INFO - DAG(s) 'dag_json_to_doris' retrieved from /opt/airflow/dags/dag_json_to_doris.py
[2025-07-28T16:01:06.031+0000] {logging_mixin.py:190} INFO - [2025-07-28T16:01:06.031+0000] {dag.py:3229} INFO - Sync 1 DAGs
[2025-07-28T16:01:06.039+0000] {logging_mixin.py:190} INFO - [2025-07-28T16:01:06.039+0000] {dag.py:4156} INFO - Setting next_dagrun for dag_json_to_doris to None, run_after=None
[2025-07-28T16:01:06.049+0000] {processor.py:208} INFO - Processing /opt/airflow/dags/dag_json_to_doris.py took 0.082 seconds
