[2025-07-30T15:29:54.611+0000] {local_task_job_runner.py:123} INFO - ::group::Pre task execution logs
[2025-07-30T15:29:54.619+0000] {taskinstance.py:2612} INFO - Dependencies all met for dep_context=non-requeueable deps ti=<TaskInstance: dag_json_to_doris.task_json_to_doris manual__2025-07-30T15:24:45.550330+00:00 [queued]>
[2025-07-30T15:29:54.624+0000] {taskinstance.py:2612} INFO - Dependencies all met for dep_context=requeueable deps ti=<TaskInstance: dag_json_to_doris.task_json_to_doris manual__2025-07-30T15:24:45.550330+00:00 [queued]>
[2025-07-30T15:29:54.624+0000] {taskinstance.py:2865} INFO - Starting attempt 2 of 2
[2025-07-30T15:29:54.634+0000] {taskinstance.py:2888} INFO - Executing <Task(BashOperator): task_json_to_doris> on 2025-07-30 15:24:45.550330+00:00
[2025-07-30T15:29:54.674+0000] {warnings.py:112} WARNING - /home/***/.local/lib/python3.12/site-packages/***/task/task_runner/standard_task_runner.py:70: DeprecationWarning: This process (pid=152) is multi-threaded, use of fork() may lead to deadlocks in the child.
  pid = os.fork()

[2025-07-30T15:29:54.680+0000] {standard_task_runner.py:72} INFO - Started process 154 to run task
[2025-07-30T15:29:54.686+0000] {standard_task_runner.py:104} INFO - Running: ['***', 'tasks', 'run', 'dag_json_to_doris', 'task_json_to_doris', 'manual__2025-07-30T15:24:45.550330+00:00', '--job-id', '171', '--raw', '--subdir', 'DAGS_FOLDER/dag_json_to_doris.py', '--cfg-path', '/tmp/tmp7bsgsny4']
[2025-07-30T15:29:54.688+0000] {standard_task_runner.py:105} INFO - Job 171: Subtask task_json_to_doris
[2025-07-30T15:29:54.935+0000] {task_command.py:467} INFO - Running <TaskInstance: dag_json_to_doris.task_json_to_doris manual__2025-07-30T15:24:45.550330+00:00 [running]> on host 3fde277b82b4
[2025-07-30T15:29:55.005+0000] {taskinstance.py:3131} INFO - Exporting env vars: AIRFLOW_CTX_DAG_OWNER='reza' AIRFLOW_CTX_DAG_ID='dag_json_to_doris' AIRFLOW_CTX_TASK_ID='task_json_to_doris' AIRFLOW_CTX_EXECUTION_DATE='2025-07-30T15:24:45.550330+00:00' AIRFLOW_CTX_TRY_NUMBER='2' AIRFLOW_CTX_DAG_RUN_ID='manual__2025-07-30T15:24:45.550330+00:00'
[2025-07-30T15:29:55.011+0000] {logging_mixin.py:190} INFO - Task instance is in running state
[2025-07-30T15:29:55.012+0000] {logging_mixin.py:190} INFO -  Previous state of the Task instance: queued
[2025-07-30T15:29:55.012+0000] {logging_mixin.py:190} INFO - Current task name:task_json_to_doris state:running start_date:2025-07-30 15:29:54.619896+00:00
[2025-07-30T15:29:55.012+0000] {logging_mixin.py:190} INFO - Dag name:dag_json_to_doris and current dag run status:running
[2025-07-30T15:29:55.012+0000] {taskinstance.py:731} INFO - ::endgroup::
[2025-07-30T15:29:55.014+0000] {subprocess.py:63} INFO - Tmp dir root location: /tmp
[2025-07-30T15:29:55.015+0000] {subprocess.py:75} INFO - Running command: ['/usr/bin/bash', '-c', 'sh /opt/***/dags/script/json_to_raw.sh ']
[2025-07-30T15:29:55.026+0000] {subprocess.py:86} INFO - Output:
[2025-07-30T15:29:55.040+0000] {subprocess.py:93} INFO - curl: Can't open '/Users/rezaseptian12/DataEngineer/Project/***-doris-reza/coingecko_pipeline/data/files/identification.json'!
[2025-07-30T15:29:55.040+0000] {subprocess.py:93} INFO - curl: try 'curl --help' or 'curl --manual' for more information
[2025-07-30T15:29:55.040+0000] {subprocess.py:93} INFO - curl: (26) Failed to open/read local data from file/application
[2025-07-30T15:29:55.047+0000] {subprocess.py:93} INFO - curl: Can't open '/Users/rezaseptian12/DataEngineer/Project/***-doris-reza/coingecko_pipeline/data/files/market_data.json'!
[2025-07-30T15:29:55.048+0000] {subprocess.py:93} INFO - curl: try 'curl --help' or 'curl --manual' for more information
[2025-07-30T15:29:55.048+0000] {subprocess.py:93} INFO - curl: (26) Failed to open/read local data from file/application
[2025-07-30T15:29:55.051+0000] {subprocess.py:93} INFO - curl: Can't open '/Users/rezaseptian12/DataEngineer/Project/***-doris-reza/coingecko_pipeline/data/files/metadata.json'!
[2025-07-30T15:29:55.051+0000] {subprocess.py:93} INFO - curl: try 'curl --help' or 'curl --manual' for more information
[2025-07-30T15:29:55.051+0000] {subprocess.py:93} INFO - curl: (26) Failed to open/read local data from file/application
[2025-07-30T15:29:55.055+0000] {subprocess.py:93} INFO - curl: Can't open '/Users/rezaseptian12/DataEngineer/Project/***-doris-reza/coingecko_pipeline/data/files/price_change.json'!
[2025-07-30T15:29:55.055+0000] {subprocess.py:93} INFO - curl: try 'curl --help' or 'curl --manual' for more information
[2025-07-30T15:29:55.055+0000] {subprocess.py:93} INFO - curl: (26) Failed to open/read local data from file/application
[2025-07-30T15:29:55.058+0000] {subprocess.py:93} INFO - curl: Can't open '/Users/rezaseptian12/DataEngineer/Project/***-doris-reza/coingecko_pipeline/data/files/supply_data.json'!
[2025-07-30T15:29:55.058+0000] {subprocess.py:93} INFO - curl: try 'curl --help' or 'curl --manual' for more information
[2025-07-30T15:29:55.059+0000] {subprocess.py:93} INFO - curl: (26) Failed to open/read local data from file/application
[2025-07-30T15:29:55.059+0000] {subprocess.py:97} INFO - Command exited with return code 26
[2025-07-30T15:29:55.070+0000] {taskinstance.py:3310} ERROR - Task failed with exception
Traceback (most recent call last):
  File "/home/airflow/.local/lib/python3.12/site-packages/airflow/models/taskinstance.py", line 767, in _execute_task
    result = _execute_callable(context=context, **execute_callable_kwargs)
             ^^^^^^^^^^^^^^^^^^^^^^^^^^^^^^^^^^^^^^^^^^^^^^^^^^^^^^^^^^^^^
  File "/home/airflow/.local/lib/python3.12/site-packages/airflow/models/taskinstance.py", line 733, in _execute_callable
    return ExecutionCallableRunner(
           ^^^^^^^^^^^^^^^^^^^^^^^^
  File "/home/airflow/.local/lib/python3.12/site-packages/airflow/utils/operator_helpers.py", line 252, in run
    return self.func(*args, **kwargs)
           ^^^^^^^^^^^^^^^^^^^^^^^^^^
  File "/home/airflow/.local/lib/python3.12/site-packages/airflow/models/baseoperator.py", line 406, in wrapper
    return func(self, *args, **kwargs)
           ^^^^^^^^^^^^^^^^^^^^^^^^^^^
  File "/home/airflow/.local/lib/python3.12/site-packages/airflow/operators/bash.py", line 249, in execute
    raise AirflowException(
airflow.exceptions.AirflowException: Bash command failed. The command returned a non-zero exit code 26.
[2025-07-30T15:29:55.077+0000] {logging_mixin.py:190} INFO - Task instance in failure state
[2025-07-30T15:29:55.077+0000] {logging_mixin.py:190} INFO - Task start:2025-07-30 15:29:54.619896+00:00 end:2025-07-30 15:29:55.077177+00:00 duration:0.457281
[2025-07-30T15:29:55.078+0000] {logging_mixin.py:190} INFO - Task:<Task(BashOperator): task_json_to_doris> dag:<DAG: dag_json_to_doris> dagrun:<DagRun dag_json_to_doris @ 2025-07-30 15:24:45.550330+00:00: manual__2025-07-30T15:24:45.550330+00:00, state:running, queued_at: 2025-07-30 15:24:45.594071+00:00. externally triggered: True>
[2025-07-30T15:29:55.078+0000] {logging_mixin.py:190} INFO - Failure caused by Bash command failed. The command returned a non-zero exit code 26.
[2025-07-30T15:29:55.078+0000] {taskinstance.py:1225} INFO - Marking task as FAILED. dag_id=dag_json_to_doris, task_id=task_json_to_doris, run_id=manual__2025-07-30T15:24:45.550330+00:00, execution_date=20250730T152445, start_date=20250730T152954, end_date=20250730T152955
[2025-07-30T15:29:55.085+0000] {taskinstance.py:340} INFO - ::group::Post task execution logs
[2025-07-30T15:29:55.085+0000] {standard_task_runner.py:124} ERROR - Failed to execute job 171 for task task_json_to_doris (Bash command failed. The command returned a non-zero exit code 26.; 154)
Traceback (most recent call last):
  File "/home/airflow/.local/lib/python3.12/site-packages/airflow/task/task_runner/standard_task_runner.py", line 117, in _start_by_fork
    ret = args.func(args, dag=self.dag)
          ^^^^^^^^^^^^^^^^^^^^^^^^^^^^^
  File "/home/airflow/.local/lib/python3.12/site-packages/airflow/cli/cli_config.py", line 49, in command
    return func(*args, **kwargs)
           ^^^^^^^^^^^^^^^^^^^^^
  File "/home/airflow/.local/lib/python3.12/site-packages/airflow/utils/cli.py", line 115, in wrapper
    return f(*args, **kwargs)
           ^^^^^^^^^^^^^^^^^^
  File "/home/airflow/.local/lib/python3.12/site-packages/airflow/cli/commands/task_command.py", line 483, in task_run
    task_return_code = _run_task_by_selected_method(args, _dag, ti)
                       ^^^^^^^^^^^^^^^^^^^^^^^^^^^^^^^^^^^^^^^^^^^^
  File "/home/airflow/.local/lib/python3.12/site-packages/airflow/cli/commands/task_command.py", line 256, in _run_task_by_selected_method
    return _run_raw_task(args, ti)
           ^^^^^^^^^^^^^^^^^^^^^^^
  File "/home/airflow/.local/lib/python3.12/site-packages/airflow/cli/commands/task_command.py", line 341, in _run_raw_task
    return ti._run_raw_task(
           ^^^^^^^^^^^^^^^^^
  File "/home/airflow/.local/lib/python3.12/site-packages/airflow/utils/session.py", line 97, in wrapper
    return func(*args, session=session, **kwargs)
           ^^^^^^^^^^^^^^^^^^^^^^^^^^^^^^^^^^^^^^
  File "/home/airflow/.local/lib/python3.12/site-packages/airflow/models/taskinstance.py", line 3004, in _run_raw_task
    return _run_raw_task(
           ^^^^^^^^^^^^^^
  File "/home/airflow/.local/lib/python3.12/site-packages/airflow/models/taskinstance.py", line 273, in _run_raw_task
    TaskInstance._execute_task_with_callbacks(
  File "/home/airflow/.local/lib/python3.12/site-packages/airflow/models/taskinstance.py", line 3158, in _execute_task_with_callbacks
    result = self._execute_task(context, task_orig)
             ^^^^^^^^^^^^^^^^^^^^^^^^^^^^^^^^^^^^^^
  File "/home/airflow/.local/lib/python3.12/site-packages/airflow/models/taskinstance.py", line 3182, in _execute_task
    return _execute_task(self, context, task_orig)
           ^^^^^^^^^^^^^^^^^^^^^^^^^^^^^^^^^^^^^^^
  File "/home/airflow/.local/lib/python3.12/site-packages/airflow/models/taskinstance.py", line 767, in _execute_task
    result = _execute_callable(context=context, **execute_callable_kwargs)
             ^^^^^^^^^^^^^^^^^^^^^^^^^^^^^^^^^^^^^^^^^^^^^^^^^^^^^^^^^^^^^
  File "/home/airflow/.local/lib/python3.12/site-packages/airflow/models/taskinstance.py", line 733, in _execute_callable
    return ExecutionCallableRunner(
           ^^^^^^^^^^^^^^^^^^^^^^^^
  File "/home/airflow/.local/lib/python3.12/site-packages/airflow/utils/operator_helpers.py", line 252, in run
    return self.func(*args, **kwargs)
           ^^^^^^^^^^^^^^^^^^^^^^^^^^
  File "/home/airflow/.local/lib/python3.12/site-packages/airflow/models/baseoperator.py", line 406, in wrapper
    return func(self, *args, **kwargs)
           ^^^^^^^^^^^^^^^^^^^^^^^^^^^
  File "/home/airflow/.local/lib/python3.12/site-packages/airflow/operators/bash.py", line 249, in execute
    raise AirflowException(
airflow.exceptions.AirflowException: Bash command failed. The command returned a non-zero exit code 26.
[2025-07-30T15:29:55.119+0000] {local_task_job_runner.py:266} INFO - Task exited with return code 1
[2025-07-30T15:29:55.133+0000] {taskinstance.py:3900} INFO - 0 downstream tasks scheduled from follow-on schedule check
[2025-07-30T15:29:55.136+0000] {local_task_job_runner.py:245} INFO - ::endgroup::
