[2025-07-30T17:10:54.736+0000] {local_task_job_runner.py:123} INFO - ::group::Pre task execution logs
[2025-07-30T17:10:54.832+0000] {taskinstance.py:2612} INFO - Dependencies all met for dep_context=non-requeueable deps ti=<TaskInstance: dag_refined_to_business.read_sql_asset_profile manual__2025-07-30T17:10:08.290460+00:00 [queued]>
[2025-07-30T17:10:54.849+0000] {taskinstance.py:2612} INFO - Dependencies all met for dep_context=requeueable deps ti=<TaskInstance: dag_refined_to_business.read_sql_asset_profile manual__2025-07-30T17:10:08.290460+00:00 [queued]>
[2025-07-30T17:10:54.850+0000] {taskinstance.py:2865} INFO - Starting attempt 1 of 2
[2025-07-30T17:10:54.927+0000] {taskinstance.py:2888} INFO - Executing <Task(PythonOperator): read_sql_asset_profile> on 2025-07-30 17:10:08.290460+00:00
[2025-07-30T17:10:55.014+0000] {warnings.py:112} WARNING - /home/***/.local/lib/python3.12/site-packages/***/task/task_runner/standard_task_runner.py:70: DeprecationWarning: This process (pid=1420) is multi-threaded, use of fork() may lead to deadlocks in the child.
  pid = os.fork()

[2025-07-30T17:10:55.033+0000] {standard_task_runner.py:72} INFO - Started process 1438 to run task
[2025-07-30T17:10:55.110+0000] {standard_task_runner.py:104} INFO - Running: ['***', 'tasks', 'run', 'dag_refined_to_business', 'read_sql_asset_profile', 'manual__2025-07-30T17:10:08.290460+00:00', '--job-id', '223', '--raw', '--subdir', 'DAGS_FOLDER/dag_redined_to_business.py', '--cfg-path', '/tmp/tmpenwfd9xd']
[2025-07-30T17:10:55.117+0000] {standard_task_runner.py:105} INFO - Job 223: Subtask read_sql_asset_profile
[2025-07-30T17:10:55.334+0000] {task_command.py:467} INFO - Running <TaskInstance: dag_refined_to_business.read_sql_asset_profile manual__2025-07-30T17:10:08.290460+00:00 [running]> on host 7609641ebe00
[2025-07-30T17:10:55.538+0000] {taskinstance.py:3131} INFO - Exporting env vars: AIRFLOW_CTX_DAG_OWNER='reza' AIRFLOW_CTX_DAG_ID='dag_refined_to_business' AIRFLOW_CTX_TASK_ID='read_sql_asset_profile' AIRFLOW_CTX_EXECUTION_DATE='2025-07-30T17:10:08.290460+00:00' AIRFLOW_CTX_TRY_NUMBER='1' AIRFLOW_CTX_DAG_RUN_ID='manual__2025-07-30T17:10:08.290460+00:00'
[2025-07-30T17:10:55.551+0000] {logging_mixin.py:190} INFO - Task instance is in running state
[2025-07-30T17:10:55.553+0000] {logging_mixin.py:190} INFO -  Previous state of the Task instance: queued
[2025-07-30T17:10:55.554+0000] {logging_mixin.py:190} INFO - Current task name:read_sql_asset_profile state:running start_date:2025-07-30 17:10:54.835192+00:00
[2025-07-30T17:10:55.554+0000] {logging_mixin.py:190} INFO - Dag name:dag_refined_to_business and current dag run status:running
[2025-07-30T17:10:55.554+0000] {taskinstance.py:731} INFO - ::endgroup::
[2025-07-30T17:10:55.571+0000] {python.py:240} INFO - Done. Returned value was: INSERT INTO business.asset_profile
SELECT 
    symbol, 
    name, 
    image_url, 
    last_updated
FROM refined.coingecko_flat;
[2025-07-30T17:10:55.647+0000] {taskinstance.py:340} INFO - ::group::Post task execution logs
[2025-07-30T17:10:55.650+0000] {taskinstance.py:352} INFO - Marking task as SUCCESS. dag_id=dag_refined_to_business, task_id=read_sql_asset_profile, run_id=manual__2025-07-30T17:10:08.290460+00:00, execution_date=20250730T171008, start_date=20250730T171054, end_date=20250730T171055
[2025-07-30T17:10:55.708+0000] {logging_mixin.py:190} INFO - Task instance in success state
[2025-07-30T17:10:55.710+0000] {logging_mixin.py:190} INFO -  Previous state of the Task instance: running
[2025-07-30T17:10:55.712+0000] {logging_mixin.py:190} INFO - Dag name:dag_refined_to_business queued_at:2025-07-30 17:10:08.350823+00:00
[2025-07-30T17:10:55.713+0000] {logging_mixin.py:190} INFO - Task hostname:7609641ebe00 operator:PythonOperator
[2025-07-30T17:10:55.809+0000] {local_task_job_runner.py:266} INFO - Task exited with return code 0
[2025-07-30T17:10:55.975+0000] {taskinstance.py:3900} INFO - 1 downstream tasks scheduled from follow-on schedule check
[2025-07-30T17:10:55.981+0000] {local_task_job_runner.py:245} INFO - ::endgroup::
