[2025-07-30T15:45:59.514+0000] {local_task_job_runner.py:123} INFO - ::group::Pre task execution logs
[2025-07-30T15:45:59.565+0000] {taskinstance.py:2612} INFO - Dependencies all met for dep_context=non-requeueable deps ti=<TaskInstance: dag_json_to_doris.truncate_supply_data manual__2025-07-30T15:45:49.325143+00:00 [queued]>
[2025-07-30T15:45:59.601+0000] {taskinstance.py:2612} INFO - Dependencies all met for dep_context=requeueable deps ti=<TaskInstance: dag_json_to_doris.truncate_supply_data manual__2025-07-30T15:45:49.325143+00:00 [queued]>
[2025-07-30T15:45:59.604+0000] {taskinstance.py:2865} INFO - Starting attempt 1 of 2
[2025-07-30T15:45:59.643+0000] {taskinstance.py:2888} INFO - Executing <Task(SQLExecuteQueryOperator): truncate_supply_data> on 2025-07-30 15:45:49.325143+00:00
[2025-07-30T15:45:59.669+0000] {standard_task_runner.py:104} INFO - Running: ['***', 'tasks', 'run', 'dag_json_to_doris', 'truncate_supply_data', 'manual__2025-07-30T15:45:49.325143+00:00', '--job-id', '185', '--raw', '--subdir', 'DAGS_FOLDER/dag_json_to_doris.py', '--cfg-path', '/tmp/tmprb4lvtye']
[2025-07-30T15:45:59.673+0000] {standard_task_runner.py:105} INFO - Job 185: Subtask truncate_supply_data
[2025-07-30T15:45:59.665+0000] {warnings.py:112} WARNING - /home/***/.local/lib/python3.12/site-packages/***/task/task_runner/standard_task_runner.py:70: DeprecationWarning: This process (pid=268) is multi-threaded, use of fork() may lead to deadlocks in the child.
  pid = os.fork()

[2025-07-30T15:45:59.677+0000] {standard_task_runner.py:72} INFO - Started process 280 to run task
[2025-07-30T15:45:59.829+0000] {task_command.py:467} INFO - Running <TaskInstance: dag_json_to_doris.truncate_supply_data manual__2025-07-30T15:45:49.325143+00:00 [running]> on host 7609641ebe00
[2025-07-30T15:46:00.112+0000] {taskinstance.py:3131} INFO - Exporting env vars: AIRFLOW_CTX_DAG_OWNER='reza' AIRFLOW_CTX_DAG_ID='dag_json_to_doris' AIRFLOW_CTX_TASK_ID='truncate_supply_data' AIRFLOW_CTX_EXECUTION_DATE='2025-07-30T15:45:49.325143+00:00' AIRFLOW_CTX_TRY_NUMBER='1' AIRFLOW_CTX_DAG_RUN_ID='manual__2025-07-30T15:45:49.325143+00:00'
[2025-07-30T15:46:00.135+0000] {logging_mixin.py:190} INFO - Task instance is in running state
[2025-07-30T15:46:00.136+0000] {logging_mixin.py:190} INFO -  Previous state of the Task instance: queued
[2025-07-30T15:46:00.137+0000] {logging_mixin.py:190} INFO - Current task name:truncate_supply_data state:running start_date:2025-07-30 15:45:59.571245+00:00
[2025-07-30T15:46:00.138+0000] {logging_mixin.py:190} INFO - Dag name:dag_json_to_doris and current dag run status:running
[2025-07-30T15:46:00.139+0000] {taskinstance.py:731} INFO - ::endgroup::
[2025-07-30T15:46:00.141+0000] {sql.py:266} INFO - Executing: truncate table raw.supply_data
[2025-07-30T15:46:00.190+0000] {base.py:84} INFO - Retrieving connection 'mysql_doris_conn'
[2025-07-30T15:46:00.400+0000] {base.py:84} INFO - Retrieving connection 'mysql_doris_conn'
[2025-07-30T15:46:00.992+0000] {sql.py:509} INFO - Running statement: truncate table raw.supply_data, parameters: None
[2025-07-30T15:46:01.273+0000] {sql.py:518} INFO - Rows affected: 0
[2025-07-30T15:46:01.507+0000] {taskinstance.py:340} INFO - ::group::Post task execution logs
[2025-07-30T15:46:01.518+0000] {taskinstance.py:352} INFO - Marking task as SUCCESS. dag_id=dag_json_to_doris, task_id=truncate_supply_data, run_id=manual__2025-07-30T15:45:49.325143+00:00, execution_date=20250730T154549, start_date=20250730T154559, end_date=20250730T154601
[2025-07-30T15:46:01.576+0000] {logging_mixin.py:190} INFO - Task instance in success state
[2025-07-30T15:46:01.578+0000] {logging_mixin.py:190} INFO -  Previous state of the Task instance: running
[2025-07-30T15:46:01.578+0000] {logging_mixin.py:190} INFO - Dag name:dag_json_to_doris queued_at:2025-07-30 15:45:49.357987+00:00
[2025-07-30T15:46:01.579+0000] {logging_mixin.py:190} INFO - Task hostname:7609641ebe00 operator:SQLExecuteQueryOperator
[2025-07-30T15:46:01.734+0000] {local_task_job_runner.py:266} INFO - Task exited with return code 0
[2025-07-30T15:46:01.990+0000] {local_task_job_runner.py:245} INFO - ::endgroup::
